#
# An unexpected error has been detected by Java Runtime Environment:
#
#  SIGSEGV (0xb) at pc=0x00007fc27b7fe11b, pid=12582, tid=140471574051152
#
# Java VM: Java HotSpot(TM) 64-Bit Server VM (11.3-b02 mixed mode linux-amd64)
# Problematic frame:
# C  [libc.so.6+0x8411b]  memcpy+0x15b
#
# If you would like to submit a bug report, please visit:
#   http://java.sun.com/webapps/bugreport/crash.jsp
#

---------------  T H R E A D  ---------------

Current thread (0x00000000422ba400):  JavaThread "AWT-EventQueue-0" [_thread_in_vm, id=12598, stack(0x00007fc21635b000,0x00007fc21645c000)]

siginfo:si_signo=SIGSEGV: si_errno=0, si_code=2 (SEGV_ACCERR), si_addr=0x00007fc2100e4000

Registers:
RAX=0x00007fc25a8dc518, RBX=0x00007fc2194312a0, RCX=0x0000000000000052, RDX=0x0000000000000e20
RSP=0x00007fc21645a3d8, RBP=0x00007fc21645a460, RSI=0x00007fc2100e4000, RDI=0x00007fc25a8dd0a8
R8 =0x0000000000000ffc, R9 =0x00007fc27b64a5b8, R10=0x00007fc27b64e028, R11=0x0000000000000e20
R12=0x0000000000000e20, R13=0x0000000000000000, R14=0x00000000422bb948, R15=0x00007fc21645a3f0
RIP=0x00007fc27b7fe11b, EFL=0x0000000000010212, CSGSFS=0x0000000000000033, ERR=0x0000000000000004
  TRAPNO=0x000000000000000e

Top of Stack: (sp=0x00007fc21645a3d8)
0x00007fc21645a3d8:   00007fc27b1a6600 00000000422ba5c0
0x00007fc21645a3e8:   00007fc2100e3470 00000000422ba400
0x00007fc21645a3f8:   0000000000000000 00000000422ba400
0x00007fc21645a408:   0000000000000000 00000000422ba400
0x00007fc21645a418:   00007fc21645a558 00000000422ba400
0x00007fc21645a428:   00007fc27b7f4276 00000000422ba400
0x00007fc21645a438:   00000000422bb948 00007fc210038b40
0x00007fc21645a448:   00007fc210038da0 00007fc21645a558
0x00007fc21645a458:   00000000422bb8f0 00000000422ba5c0
0x00007fc21645a468:   00007fc215e40486 00007fc210038cf0
0x00007fc21645a478:   00000000422bb8f8 00000000422bb900
0x00007fc21645a488:   00000000422bb908 00000000422bb910
0x00007fc21645a498:   00007fc21645a4f8 00000000422bb918
0x00007fc21645a4a8:   0000000000000000 0101010100863db8
0x00007fc21645a4b8:   00007fc219e28318 00007fc21645a538
0x00007fc21645a4c8:   0000000000000101 00007fc219e28318
0x00007fc21645a4d8:   00007fc21645a558 00000000422ba400
0x00007fc21645a4e8:   00007fc276c48852 00007fc21986b520
0x00007fc21645a4f8:   00007fc21645a4f8 0000000000000000
0x00007fc21645a508:   00007fc21645a558 00007fc219e28d50
0x00007fc21645a518:   0000000000000000 00007fc219e28318
0x00007fc21645a528:   0000000000000000 00007fc21645a558
0x00007fc21645a538:   00007fc21645a5a0 00007fc276c3d322
0x00007fc21645a548:   0000000000000000 00007fc276c45358
0x00007fc21645a558:   00007fc25a8cd750 00007fc21645a560
0x00007fc21645a568:   00007fc219e26df5 00007fc21645a5e8
0x00007fc21645a578:   00007fc219e28d50 0000000000000000
0x00007fc21645a588:   00007fc219e26e80 00007fc21645a558
0x00007fc21645a598:   00007fc21645a5d8 00007fc21645a630
0x00007fc21645a5a8:   00007fc276c3d322 0000000000000000
0x00007fc21645a5b8:   00007fc25a8daa48 0000000000000000
0x00007fc21645a5c8:   00007fc25a8daa30 00007fc25a8da698 

Instructions: (pc=0x00007fc27b7fe11b)
0x00007fc27b7fe10b:   0f 47 da 4c 89 d9 49 83 e3 f8 48 c1 e9 03 74 05
0x00007fc27b7fe11b:   f3 48 a5 66 90 4c 29 da 48 f7 c2 f8 ff ff ff 75 

Stack: [0x00007fc21635b000,0x00007fc21645c000],  sp=0x00007fc21645a3d8,  free space=1020k
Native frames: (J=compiled Java code, j=interpreted, Vv=VM code, C=native code)
C  [libc.so.6+0x8411b]  memcpy+0x15b

Java frames: (J=compiled Java code, j=interpreted, Vv=VM code)
j  net.epsilony.simpmeshfree.model.geometry.TriangleJni.triangleFun()V+0
j  net.epsilony.simpmeshfree.model.geometry.TriangleJni.complie(Lnet/epsilony/simpmeshfree/model/geometry/GeometryModel;Ljava/lang/String;)V+141
j  net.epsilony.simpmeshfree.model.mechanics.MechanicsModel.generateQuadratureDomainsByTriangle(DDLjava/lang/String;)V+60
j  net.epsilony.simpmeshfree.model.ModelTestFrame.<init>()V+614
j  net.epsilony.simpmeshfree.model.ModelTestFrame$1.run()V+4
j  java.awt.event.InvocationEvent.dispatch()V+47
j  java.awt.EventQueue.dispatchEvent(Ljava/awt/AWTEvent;)V+26
j  java.awt.EventDispatchThread.pumpOneEventForFilters(I)Z+204
j  java.awt.EventDispatchThread.pumpEventsForFilter(ILjava/awt/Conditional;Ljava/awt/EventFilter;)V+30
j  java.awt.EventDispatchThread.pumpEventsForHierarchy(ILjava/awt/Conditional;Ljava/awt/Component;)V+11
j  java.awt.EventDispatchThread.pumpEvents(ILjava/awt/Conditional;)V+4
j  java.awt.EventDispatchThread.pumpEvents(Ljava/awt/Conditional;)V+3
j  java.awt.EventDispatchThread.run()V+9
v  ~StubRoutines::call_stub

---------------  P R O C E S S  ---------------

Java Threads: ( => current thread )
  0x00007fc210025400 JavaThread "Thread-3" [_thread_blocked, id=12601, stack(0x00007fc216061000,0x00007fc216162000)]
  0x00007fc210024400 JavaThread "Thread-2" [_thread_blocked, id=12600, stack(0x00007fc216162000,0x00007fc216263000)]
  0x0000000041e8e000 JavaThread "DestroyJavaVM" [_thread_blocked, id=12583, stack(0x00007fc27aada000,0x00007fc27abdb000)]
=>0x00000000422ba400 JavaThread "AWT-EventQueue-0" [_thread_in_vm, id=12598, stack(0x00007fc21635b000,0x00007fc21645c000)]
  0x00000000422b9400 JavaThread "AWT-Shutdown" [_thread_blocked, id=12597, stack(0x00007fc216562000,0x00007fc216663000)]
  0x0000000042474c00 JavaThread "AWT-XAWT" daemon [_thread_in_native, id=12596, stack(0x00007fc216663000,0x00007fc216764000)]
  0x00000000420f0400 JavaThread "Java2D Disposer" daemon [_thread_blocked, id=12595, stack(0x00007fc216d98000,0x00007fc216e99000)]
  0x0000000041f45800 JavaThread "Low Memory Detector" daemon [_thread_blocked, id=12592, stack(0x00007fc2183cb000,0x00007fc2184cc000)]
  0x0000000041f43000 JavaThread "CompilerThread1" daemon [_thread_in_native, id=12591, stack(0x00007fc2184cc000,0x00007fc2185cd000)]
  0x0000000041f3f000 JavaThread "CompilerThread0" daemon [_thread_blocked, id=12590, stack(0x00007fc2185cd000,0x00007fc2186ce000)]
  0x0000000041f3d000 JavaThread "Signal Dispatcher" daemon [_thread_blocked, id=12589, stack(0x00007fc2186ce000,0x00007fc2187cf000)]
  0x0000000041f1b800 JavaThread "Finalizer" daemon [_thread_blocked, id=12588, stack(0x00007fc21880e000,0x00007fc21890f000)]
  0x0000000041f14800 JavaThread "Reference Handler" daemon [_thread_blocked, id=12587, stack(0x00007fc21890f000,0x00007fc218a10000)]

Other Threads:
  0x0000000041f0f000 VMThread [stack: 0x00007fc218a10000,0x00007fc218b11000] [id=12586]
  0x0000000041f47c00 WatcherThread [stack: 0x00007fc2182ca000,0x00007fc2183cb000] [id=12593]

VM state:not at safepoint (normal execution)

VM Mutex/Monitor currently owned by a thread: None

Heap
 PSYoungGen      total 26368K, used 19801K [0x00007fc259590000, 0x00007fc25b2f0000, 0x00007fc276c30000)
  eden space 22656K, 87% used [0x00007fc259590000,0x00007fc25a8e66e8,0x00007fc25abb0000)
  from space 3712K, 0% used [0x00007fc25af50000,0x00007fc25af50000,0x00007fc25b2f0000)
  to   space 3712K, 0% used [0x00007fc25abb0000,0x00007fc25abb0000,0x00007fc25af50000)
 PSOldGen        total 60288K, used 0K [0x00007fc21e830000, 0x00007fc222310000, 0x00007fc259590000)
  object space 60288K, 0% used [0x00007fc21e830000,0x00007fc21e830000,0x00007fc222310000)
 PSPermGen       total 21248K, used 10243K [0x00007fc219430000, 0x00007fc21a8f0000, 0x00007fc21e830000)
  object space 21248K, 48% used [0x00007fc219430000,0x00007fc219e30da0,0x00007fc21a8f0000)

Dynamic libraries:
40000000-40009000 r-xp 00000000 08:13 3163089                            /usr/lib/jvm/java-6-sun-1.6.0.13/jre/bin/java
40108000-4010a000 rwxp 00008000 08:13 3163089                            /usr/lib/jvm/java-6-sun-1.6.0.13/jre/bin/java
41e86000-42bf0000 rwxp 41e86000 00:00 0                                  [heap]
7fc210000000-7fc2100e4000 rwxp 7fc210000000 00:00 0 
7fc2100e4000-7fc214000000 ---p 7fc2100e4000 00:00 0 
7fc215917000-7fc21592d000 r-xp 00000000 08:13 213005                     /lib/libgcc_s.so.1
7fc21592d000-7fc215b2d000 ---p 00016000 08:13 213005                     /lib/libgcc_s.so.1
7fc215b2d000-7fc215b2e000 r-xp 00016000 08:13 213005                     /lib/libgcc_s.so.1
7fc215b2e000-7fc215b2f000 rwxp 00017000 08:13 213005                     /lib/libgcc_s.so.1
7fc215b2f000-7fc215c20000 r-xp 00000000 08:13 2802601                    /usr/lib/libstdc++.so.6.0.10
7fc215c20000-7fc215e20000 ---p 000f1000 08:13 2802601                    /usr/lib/libstdc++.so.6.0.10
7fc215e20000-7fc215e27000 r-xp 000f1000 08:13 2802601                    /usr/lib/libstdc++.so.6.0.10
7fc215e27000-7fc215e29000 rwxp 000f8000 08:13 2802601                    /usr/lib/libstdc++.so.6.0.10
7fc215e29000-7fc215e3c000 rwxp 7fc215e29000 00:00 0 
7fc215e3c000-7fc215e60000 r-xp 00000000 08:13 1942103                    /usr/lib/TriangleJniAmd64.so
7fc215e60000-7fc21605f000 ---p 00024000 08:13 1942103                    /usr/lib/TriangleJniAmd64.so
7fc21605f000-7fc216060000 r-xp 00023000 08:13 1942103                    /usr/lib/TriangleJniAmd64.so
7fc216060000-7fc216061000 rwxp 00024000 08:13 1942103                    /usr/lib/TriangleJniAmd64.so
7fc216061000-7fc216064000 ---p 7fc216061000 00:00 0 
7fc216064000-7fc216162000 rwxp 7fc216064000 00:00 0 
7fc216162000-7fc216165000 ---p 7fc216162000 00:00 0 
7fc216165000-7fc216263000 rwxp 7fc216165000 00:00 0 
7fc21635b000-7fc21635e000 ---p 7fc21635b000 00:00 0 
7fc21635e000-7fc21645c000 rwxp 7fc21635e000 00:00 0 
7fc21645c000-7fc216465000 r-xs 00000000 08:13 3197464                    /var/cache/fontconfig/945677eb7aeaf62f1d50efc3fb3ec7d8-x86-64.cache-2
7fc216465000-7fc216467000 r-xs 00000000 08:13 3197468                    /var/cache/fontconfig/99e8ed0e538f840c565b6ed5dad60d56-x86-64.cache-2
7fc216467000-7fc21646a000 r-xs 00000000 08:13 3197466                    /var/cache/fontconfig/e383d7ea5fbe662a33d9b44caf393297-x86-64.cache-2
7fc21646a000-7fc21646e000 r-xs 00000000 08:13 3197459                    /var/cache/fontconfig/6eb3985aa4124903f6ff08ba781cd364-x86-64.cache-2
7fc21646e000-7fc216472000 r-xs 00000000 08:13 3196573                    /var/cache/fontconfig/a755afe4a08bf5b97852ceb7400b47bc-x86-64.cache-2
7fc216472000-7fc21647b000 r-xs 00000000 08:13 3197440                    /var/cache/fontconfig/6d41288fd70b0be22e8c3a91e032eec0-x86-64.cache-2
7fc21647b000-7fc216486000 r-xs 00000000 08:13 3197435                    /var/cache/fontconfig/e3de0de479f42330eadf588a55fb5bf4-x86-64.cache-2
7fc216486000-7fc216495000 r-xs 00000000 08:13 3197434                    /var/cache/fontconfig/0f34bcd4b6ee430af32735b75db7f02b-x86-64.cache-2
7fc216495000-7fc21649e000 r-xs 00000000 08:13 3197417                    /var/cache/fontconfig/d52a8644073d54c13679302ca1180695-x86-64.cache-2
7fc216562000-7fc216565000 ---p 7fc216562000 00:00 0 
7fc216565000-7fc216663000 rwxp 7fc216565000 00:00 0 
7fc216663000-7fc216666000 ---p 7fc216663000 00:00 0 
7fc216666000-7fc216764000 rwxp 7fc216666000 00:00 0 
7fc216764000-7fc216769000 r-xp 00000000 08:13 2805390                    /usr/lib/libXfixes.so.3.1.0
7fc216769000-7fc216968000 ---p 00005000 08:13 2805390                    /usr/lib/libXfixes.so.3.1.0
7fc216968000-7fc216969000 rwxp 00004000 08:13 2805390                    /usr/lib/libXfixes.so.3.1.0
7fc216969000-7fc216972000 r-xp 00000000 08:13 2805803                    /usr/lib/libXrender.so.1.3.0
7fc216972000-7fc216b71000 ---p 00009000 08:13 2805803                    /usr/lib/libXrender.so.1.3.0
7fc216b71000-7fc216b72000 r-xp 00008000 08:13 2805803                    /usr/lib/libXrender.so.1.3.0
7fc216b72000-7fc216b73000 rwxp 00009000 08:13 2805803                    /usr/lib/libXrender.so.1.3.0
7fc216b73000-7fc216b7c000 r-xp 00000000 08:13 2805843                    /usr/lib/libXcursor.so.1.0.2
7fc216b7c000-7fc216d7c000 ---p 00009000 08:13 2805843                    /usr/lib/libXcursor.so.1.0.2
7fc216d7c000-7fc216d7d000 rwxp 00009000 08:13 2805843                    /usr/lib/libXcursor.so.1.0.2
7fc216d95000-7fc216d98000 r-xs 000cb000 08:13 3162696                    /usr/lib/jvm/java-6-sun-1.6.0.13/jre/lib/ext/localedata.jar
7fc216d98000-7fc216d9b000 ---p 7fc216d98000 00:00 0 
7fc216d9b000-7fc216e99000 rwxp 7fc216d9b000 00:00 0 
7fc216e99000-7fc216f17000 r-xp 00000000 08:13 3163204                    /usr/lib/jvm/java-6-sun-1.6.0.13/jre/lib/amd64/libfontmanager.so
7fc216f17000-7fc217016000 ---p 0007e000 08:13 3163204                    /usr/lib/jvm/java-6-sun-1.6.0.13/jre/lib/amd64/libfontmanager.so
7fc217016000-7fc21702c000 rwxp 0007d000 08:13 3163204                    /usr/lib/jvm/java-6-sun-1.6.0.13/jre/lib/amd64/libfontmanager.so
7fc21702c000-7fc21703d000 rwxp 7fc21702c000 00:00 0 
7fc21703d000-7fc217042000 r-xp 00000000 08:13 2805384                    /usr/lib/libXdmcp.so.6.0.0
7fc217042000-7fc217241000 ---p 00005000 08:13 2805384                    /usr/lib/libXdmcp.so.6.0.0
7fc217241000-7fc217242000 rwxp 00004000 08:13 2805384                    /usr/lib/libXdmcp.so.6.0.0
7fc217242000-7fc21725d000 r-xp 00000000 08:13 2805386                    /usr/lib/libxcb.so.1.1.0
7fc21725d000-7fc21745c000 ---p 0001b000 08:13 2805386                    /usr/lib/libxcb.so.1.1.0
7fc21745c000-7fc21745d000 r-xp 0001a000 08:13 2805386                    /usr/lib/libxcb.so.1.1.0
7fc21745d000-7fc21745e000 rwxp 0001b000 08:13 2805386                    /usr/lib/libxcb.so.1.1.0
7fc21745e000-7fc217460000 r-xp 00000000 08:13 2805382                    /usr/lib/libXau.so.6.0.0
7fc217460000-7fc21765f000 ---p 00002000 08:13 2805382                    /usr/lib/libXau.so.6.0.0
7fc21765f000-7fc217660000 r-xp 00001000 08:13 2805382                    /usr/lib/libXau.so.6.0.0
7fc217660000-7fc217661000 rwxp 00002000 08:13 2805382                    /usr/lib/libXau.so.6.0.0
7fc217661000-7fc21766a000 r-xp 00000000 08:13 2805586                    /usr/lib/libXi.so.6.0.0
7fc21766a000-7fc21786a000 ---p 00009000 08:13 2805586                    /usr/lib/libXi.so.6.0.0
7fc21786a000-7fc21786b000 r-xp 00009000 08:13 2805586                    /usr/lib/libXi.so.6.0.0
7fc21786b000-7fc21786c000 rwxp 0000a000 08:13 2805586                    /usr/lib/libXi.so.6.0.0
7fc21786c000-7fc217871000 r-xp 00000000 08:13 2806834                    /usr/lib/libXtst.so.6.1.0
7fc217871000-7fc217a71000 ---p 00005000 08:13 2806834                    /usr/lib/libXtst.so.6.1.0
7fc217a71000-7fc217a72000 r-xp 00005000 08:13 2806834                    /usr/lib/libXtst.so.6.1.0
7fc217a72000-7fc217a73000 rwxp 00006000 08:13 2806834                    /usr/lib/libXtst.so.6.1.0
7fc217a73000-7fc217b75000 r-xp 00000000 08:13 2805388                    /usr/lib/libX11.so.6.2.0
7fc217b75000-7fc217d75000 ---p 00102000 08:13 2805388                    /usr/lib/libX11.so.6.2.0
7fc217d75000-7fc217d76000 r-xp 00102000 08:13 2805388                    /usr/lib/libX11.so.6.2.0
7fc217d76000-7fc217d7a000 rwxp 00103000 08:13 2805388                    /usr/lib/libX11.so.6.2.0
7fc217d7a000-7fc217d8b000 r-xp 00000000 08:13 2805394                    /usr/lib/libXext.so.6.4.0
7fc217d8b000-7fc217f8a000 ---p 00011000 08:13 2805394                    /usr/lib/libXext.so.6.4.0
7fc217f8a000-7fc217f8b000 r-xp 00010000 08:13 2805394                    /usr/lib/libXext.so.6.4.0
7fc217f8b000-7fc217f8c000 rwxp 00011000 08:13 2805394                    /usr/lib/libXext.so.6.4.0
7fc217f8d000-7fc217f99000 r-xs 00000000 08:13 3197416                    /var/cache/fontconfig/089dead882dea3570ffc31a9898cfb69-x86-64.cache-2
7fc217f99000-7fc217f9d000 r-xs 00000000 08:13 3197398                    /var/cache/fontconfig/cabbd14511b9e8a55e92af97fb3a0461-x86-64.cache-2
7fc217f9d000-7fc217fa7000 r-xs 00000000 08:13 3195524                    /var/cache/fontconfig/e13b20fdb08344e0e664864cc2ede53d-x86-64.cache-2
7fc217fa7000-7fc217fe8000 r-xp 00000000 08:13 3163194                    /usr/lib/jvm/java-6-sun-1.6.0.13/jre/lib/amd64/xawt/libmawt.so
7fc217fe8000-7fc2180e7000 ---p 00041000 08:13 3163194                    /usr/lib/jvm/java-6-sun-1.6.0.13/jre/lib/amd64/xawt/libmawt.so
7fc2180e7000-7fc2180f3000 rwxp 00040000 08:13 3163194                    /usr/lib/jvm/java-6-sun-1.6.0.13/jre/lib/amd64/xawt/libmawt.so
7fc2180f3000-7fc2180f4000 rwxp 7fc2180f3000 00:00 0 
7fc2180f4000-7fc218186000 r-xp 00000000 08:13 3163239                    /usr/lib/jvm/java-6-sun-1.6.0.13/jre/lib/amd64/libawt.so
7fc218186000-7fc218285000 ---p 00092000 08:13 3163239                    /usr/lib/jvm/java-6-sun-1.6.0.13/jre/lib/amd64/libawt.so
7fc218285000-7fc21829e000 rwxp 00091000 08:13 3163239                    /usr/lib/jvm/java-6-sun-1.6.0.13/jre/lib/amd64/libawt.so
7fc21829e000-7fc2182c3000 rwxp 7fc21829e000 00:00 0 
7fc2182c3000-7fc2182ca000 r-xs 00059000 08:11 1172178                    /home/epsilon/文档/4_java/javaTools/apache-log4j-1.2.15/log4j-1.2.15.jar
7fc2182ca000-7fc2182cb000 ---p 7fc2182ca000 00:00 0 
7fc2182cb000-7fc2183cb000 rwxp 7fc2182cb000 00:00 0 
7fc2183cb000-7fc2183ce000 ---p 7fc2183cb000 00:00 0 
7fc2183ce000-7fc2184cc000 rwxp 7fc2183ce000 00:00 0 
7fc2184cc000-7fc2184cf000 ---p 7fc2184cc000 00:00 0 
7fc2184cf000-7fc2185cd000 rwxp 7fc2184cf000 00:00 0 
7fc2185cd000-7fc2185d0000 ---p 7fc2185cd000 00:00 0 
7fc2185d0000-7fc2186ce000 rwxp 7fc2185d0000 00:00 0 
7fc2186ce000-7fc2186d1000 ---p 7fc2186ce000 00:00 0 
7fc2186d1000-7fc2187cf000 rwxp 7fc2186d1000 00:00 0 
7fc2187cf000-7fc21880e000 r-xp 00000000 08:13 2827839                    /usr/lib/locale/zh_CN.utf8/LC_CTYPE
7fc21880e000-7fc218811000 ---p 7fc21880e000 00:00 0 
7fc218811000-7fc21890f000 rwxp 7fc218811000 00:00 0 
7fc21890f000-7fc218912000 ---p 7fc21890f000 00:00 0 
7fc218912000-7fc218a10000 rwxp 7fc218912000 00:00 0 
7fc218a10000-7fc218a11000 ---p 7fc218a10000 00:00 0 
7fc218a11000-7fc218b86000 rwxp 7fc218a11000 00:00 0 
7fc218b86000-7fc218d18000 r-xs 02f34000 08:13 2942580                    /usr/lib/jvm/java-6-sun-1.6.0.13/jre/lib/rt.jar
7fc218d18000-7fc218d40000 rwxp 7fc218d18000 00:00 0 
7fc218d40000-7fc218d41000 ---p 7fc218d40000 00:00 0 
7fc218d41000-7fc218e41000 rwxp 7fc218d41000 00:00 0 
7fc218e41000-7fc218e42000 ---p 7fc218e41000 00:00 0 
7fc218e42000-7fc218f4d000 rwxp 7fc218e42000 00:00 0 
7fc218f4d000-7fc218f6c000 rwxp 7fc218f4d000 00:00 0 
7fc218f6c000-7fc218f8a000 rwxp 7fc218f6c000 00:00 0 
7fc218f8a000-7fc219143000 rwxp 7fc218f8a000 00:00 0 
7fc219143000-7fc21914e000 rwxp 7fc219143000 00:00 0 
7fc21914e000-7fc21916d000 rwxp 7fc21914e000 00:00 0 
7fc21916d000-7fc21918b000 rwxp 7fc21916d000 00:00 0 
7fc21918b000-7fc219343000 rwxp 7fc21918b000 00:00 0 
7fc219343000-7fc219353000 rwxp 7fc219343000 00:00 0 
7fc219353000-7fc21942f000 rwxp 7fc219353000 00:00 0 
7fc21942f000-7fc21a8f0000 rwxp 7fc21942f000 00:00 0 
7fc21a8f0000-7fc21e830000 rwxp 7fc21a8f0000 00:00 0 
7fc21e830000-7fc222310000 rwxp 7fc21e830000 00:00 0 
7fc222310000-7fc259590000 rwxp 7fc222310000 00:00 0 
7fc259590000-7fc25b2f0000 rwxp 7fc259590000 00:00 0 
7fc25b2f0000-7fc276c30000 rwxp 7fc25b2f0000 00:00 0 
7fc276c32000-7fc276c3a000 r-xs 0004b000 08:11 162661                     /home/epsilon/文档/4_java/javaTools/commons-math-1.2/commons-math-1.2.jar
7fc276c3a000-7fc276eaa000 rwxp 7fc276c3a000 00:00 0 
7fc276eaa000-7fc279c3a000 rwxp 7fc276eaa000 00:00 0 
7fc279c3a000-7fc279c48000 r-xp 00000000 08:13 3163206                    /usr/lib/jvm/java-6-sun-1.6.0.13/jre/lib/amd64/libzip.so
7fc279c48000-7fc279d4a000 ---p 0000e000 08:13 3163206                    /usr/lib/jvm/java-6-sun-1.6.0.13/jre/lib/amd64/libzip.so
7fc279d4a000-7fc279d4d000 rwxp 00010000 08:13 3163206                    /usr/lib/jvm/java-6-sun-1.6.0.13/jre/lib/amd64/libzip.so
7fc279d4d000-7fc279d4e000 rwxp 7fc279d4d000 00:00 0 
7fc279d4e000-7fc279d77000 r-xp 00000000 08:13 3163219                    /usr/lib/jvm/java-6-sun-1.6.0.13/jre/lib/amd64/libjava.so
7fc279d77000-7fc279e76000 ---p 00029000 08:13 3163219                    /usr/lib/jvm/java-6-sun-1.6.0.13/jre/lib/amd64/libjava.so
7fc279e76000-7fc279e7d000 rwxp 00028000 08:13 3163219                    /usr/lib/jvm/java-6-sun-1.6.0.13/jre/lib/amd64/libjava.so
7fc279e7d000-7fc279e8a000 r-xp 00000000 08:13 3163201                    /usr/lib/jvm/java-6-sun-1.6.0.13/jre/lib/amd64/libverify.so
7fc279e8a000-7fc279f89000 ---p 0000d000 08:13 3163201                    /usr/lib/jvm/java-6-sun-1.6.0.13/jre/lib/amd64/libverify.so
7fc279f89000-7fc279f8c000 rwxp 0000c000 08:13 3163201                    /usr/lib/jvm/java-6-sun-1.6.0.13/jre/lib/amd64/libverify.so
7fc279f8c000-7fc279f98000 r-xp 00000000 08:13 213021                     /lib/libnss_files-2.9.so
7fc279f98000-7fc27a197000 ---p 0000c000 08:13 213021                     /lib/libnss_files-2.9.so
7fc27a197000-7fc27a198000 r-xp 0000b000 08:13 213021                     /lib/libnss_files-2.9.so
7fc27a198000-7fc27a199000 rwxp 0000c000 08:13 213021                     /lib/libnss_files-2.9.so
7fc27a199000-7fc27a1a3000 r-xp 00000000 08:13 213023                     /lib/libnss_nis-2.9.so
7fc27a1a3000-7fc27a3a2000 ---p 0000a000 08:13 213023                     /lib/libnss_nis-2.9.so
7fc27a3a2000-7fc27a3a3000 r-xp 00009000 08:13 213023                     /lib/libnss_nis-2.9.so
7fc27a3a3000-7fc27a3a4000 rwxp 0000a000 08:13 213023                     /lib/libnss_nis-2.9.so
7fc27a3a4000-7fc27a3ac000 r-xp 00000000 08:13 213019                     /lib/libnss_compat-2.9.so
7fc27a3ac000-7fc27a5ab000 ---p 00008000 08:13 213019                     /lib/libnss_compat-2.9.so
7fc27a5ab000-7fc27a5ac000 r-xp 00007000 08:13 213019                     /lib/libnss_compat-2.9.so
7fc27a5ac000-7fc27a5ad000 rwxp 00008000 08:13 213019                     /lib/libnss_compat-2.9.so
7fc27a5ad000-7fc27a5c3000 r-xp 00000000 08:13 213018                     /lib/libnsl-2.9.so
7fc27a5c3000-7fc27a7c3000 ---p 00016000 08:13 213018                     /lib/libnsl-2.9.so
7fc27a7c3000-7fc27a7c4000 r-xp 00016000 08:13 213018                     /lib/libnsl-2.9.so
7fc27a7c4000-7fc27a7c5000 rwxp 00017000 08:13 213018                     /lib/libnsl-2.9.so
7fc27a7c5000-7fc27a7c7000 rwxp 7fc27a7c5000 00:00 0 
7fc27a7c7000-7fc27a7ce000 r-xp 00000000 08:13 3163208                    /usr/lib/jvm/java-6-sun-1.6.0.13/jre/lib/amd64/native_threads/libhpi.so
7fc27a7ce000-7fc27a8cf000 ---p 00007000 08:13 3163208                    /usr/lib/jvm/java-6-sun-1.6.0.13/jre/lib/amd64/native_threads/libhpi.so
7fc27a8cf000-7fc27a8d1000 rwxp 00008000 08:13 3163208                    /usr/lib/jvm/java-6-sun-1.6.0.13/jre/lib/amd64/native_threads/libhpi.so
7fc27a8d1000-7fc27a8d2000 rwxp 7fc27a8d1000 00:00 0 
7fc27a8d2000-7fc27a8d9000 r-xp 00000000 08:13 213028                     /lib/librt-2.9.so
7fc27a8d9000-7fc27aad8000 ---p 00007000 08:13 213028                     /lib/librt-2.9.so
7fc27aad8000-7fc27aad9000 r-xp 00006000 08:13 213028                     /lib/librt-2.9.so
7fc27aad9000-7fc27aada000 rwxp 00007000 08:13 213028                     /lib/librt-2.9.so
7fc27aada000-7fc27aadd000 ---p 7fc27aada000 00:00 0 
7fc27aadd000-7fc27abdb000 rwxp 7fc27aadd000 00:00 0 
7fc27abdb000-7fc27ac5f000 r-xp 00000000 08:13 213016                     /lib/libm-2.9.so
7fc27ac5f000-7fc27ae5e000 ---p 00084000 08:13 213016                     /lib/libm-2.9.so
7fc27ae5e000-7fc27ae5f000 r-xp 00083000 08:13 213016                     /lib/libm-2.9.so
7fc27ae5f000-7fc27ae60000 rwxp 00084000 08:13 213016                     /lib/libm-2.9.so
7fc27ae60000-7fc27b4ed000 r-xp 00000000 08:13 3163226                    /usr/lib/jvm/java-6-sun-1.6.0.13/jre/lib/amd64/server/libjvm.so
7fc27b4ed000-7fc27b5ec000 ---p 0068d000 08:13 3163226                    /usr/lib/jvm/java-6-sun-1.6.0.13/jre/lib/amd64/server/libjvm.so
7fc27b5ec000-7fc27b73d000 rwxp 0068c000 08:13 3163226                    /usr/lib/jvm/java-6-sun-1.6.0.13/jre/lib/amd64/server/libjvm.so
7fc27b73d000-7fc27b77a000 rwxp 7fc27b73d000 00:00 0 
7fc27b77a000-7fc27b8e2000 r-xp 00000000 08:13 213012                     /lib/libc-2.9.so
7fc27b8e2000-7fc27bae2000 ---p 00168000 08:13 213012                     /lib/libc-2.9.so
7fc27bae2000-7fc27bae6000 r-xp 00168000 08:13 213012                     /lib/libc-2.9.so
7fc27bae6000-7fc27bae7000 rwxp 0016c000 08:13 213012                     /lib/libc-2.9.so
7fc27bae7000-7fc27baec000 rwxp 7fc27bae7000 00:00 0 
7fc27baec000-7fc27baee000 r-xp 00000000 08:13 213015                     /lib/libdl-2.9.so
7fc27baee000-7fc27bcee000 ---p 00002000 08:13 213015                     /lib/libdl-2.9.so
7fc27bcee000-7fc27bcef000 r-xp 00002000 08:13 213015                     /lib/libdl-2.9.so
7fc27bcef000-7fc27bcf0000 rwxp 00003000 08:13 213015                     /lib/libdl-2.9.so
7fc27bcf0000-7fc27bd07000 r-xp 00000000 08:13 213026                     /lib/libpthread-2.9.so
7fc27bd07000-7fc27bf06000 ---p 00017000 08:13 213026                     /lib/libpthread-2.9.so
7fc27bf06000-7fc27bf07000 r-xp 00016000 08:13 213026                     /lib/libpthread-2.9.so
7fc27bf07000-7fc27bf08000 rwxp 00017000 08:13 213026                     /lib/libpthread-2.9.so
7fc27bf08000-7fc27bf0c000 rwxp 7fc27bf08000 00:00 0 
7fc27bf0c000-7fc27bf2c000 r-xp 00000000 08:13 213006                     /lib/ld-2.9.so
7fc27bf2c000-7fc27bf2f000 r-xs 00000000 08:13 3197439                    /var/cache/fontconfig/de156ccd2eddbdc19d37a45b8b2aac9c-x86-64.cache-2
7fc27bf2f000-7fc27bf32000 r-xs 00000000 08:13 3197433                    /var/cache/fontconfig/ddd4086aec35a5275babba44bb759c3c-x86-64.cache-2
7fc27bf32000-7fc27bf40000 r-xs 000ba000 08:11 422677                     /home/epsilon/文档/4_java/javaTools/mtj.jar
7fc27bf40000-7fc27bf4a000 rwxp 7fc27bf40000 00:00 0 
7fc27bf4a000-7fc27c000000 rwxp 7fc27bf4a000 00:00 0 
7fc27c000000-7fc27c002000 rwxp 7fc27c000000 00:00 0 
7fc27c002000-7fc27c009000 r-xp 00000000 08:13 3163192                    /usr/lib/jvm/java-6-sun-1.6.0.13/jre/lib/amd64/jli/libjli.so
7fc27c009000-7fc27c10a000 ---p 00007000 08:13 3163192                    /usr/lib/jvm/java-6-sun-1.6.0.13/jre/lib/amd64/jli/libjli.so
7fc27c10a000-7fc27c10c000 rwxp 00008000 08:13 3163192                    /usr/lib/jvm/java-6-sun-1.6.0.13/jre/lib/amd64/jli/libjli.so
7fc27c10c000-7fc27c10d000 rwxp 7fc27c10c000 00:00 0 
7fc27c10e000-7fc27c10f000 r-xs 00000000 08:13 3197445                    /var/cache/fontconfig/4c73fe0c47614734b17d736dbde7580a-x86-64.cache-2
7fc27c10f000-7fc27c110000 r-xs 00000000 08:13 3197424                    /var/cache/fontconfig/4794a0821666d79190d59a36cb4f44b5-x86-64.cache-2
7fc27c110000-7fc27c113000 r-xs 00000000 08:13 3196574                    /var/cache/fontconfig/7ef2298fde41cc6eeb7af42e48b7d293-x86-64.cache-2
7fc27c113000-7fc27c117000 r-xs 00042000 08:11 181747                     /home/epsilon/NetBeansProjects/EpsilonUtils/trunk/dist/EpsilonYUtil.jar
7fc27c117000-7fc27c11e000 r-xs 00000000 08:13 2803699                    /usr/lib/gconv/gconv-modules.cache
7fc27c11e000-7fc27c126000 rwxs 00000000 08:13 376960                     /tmp/hsperfdata_epsilon/12582
7fc27c126000-7fc27c127000 rwxp 7fc27c126000 00:00 0 
7fc27c127000-7fc27c128000 r-xp 7fc27c127000 00:00 0 
7fc27c128000-7fc27c12b000 rwxp 7fc27c128000 00:00 0 
7fc27c12b000-7fc27c12c000 r-xp 0001f000 08:13 213006                     /lib/ld-2.9.so
7fc27c12c000-7fc27c12d000 rwxp 00020000 08:13 213006                     /lib/ld-2.9.so
7fff84117000-7fff8412c000 rwxp 7ffffffea000 00:00 0                      [stack]
7fff841fe000-7fff841ff000 r-xp 7fff841fe000 00:00 0                      [vdso]
ffffffffff600000-ffffffffff601000 r-xp 00000000 00:00 0                  [vsyscall]

VM Arguments:
jvm_args: -Dawt.useSystemAAFontSettings=on 
java_command: net.epsilony.simpmeshfree.model.ModelTestFrame
Launcher Type: SUN_STANDARD

Environment Variables:
_JAVA_OPTIONS=-Dawt.useSystemAAFontSettings=on
PATH=/usr/local/sbin:/usr/local/bin:/usr/sbin:/usr/bin:/sbin:/bin:/usr/games
USERNAME=epsilon
LD_LIBRARY_PATH=/usr/lib/jvm/java-6-sun-1.6.0.13/jre/lib/amd64/server:/usr/lib/jvm/java-6-sun-1.6.0.13/jre/lib/amd64:/usr/lib/jvm/java-6-sun-1.6.0.13/jre/../lib/amd64
SHELL=/bin/bash
DISPLAY=:0.0

Signal Handlers:
SIGSEGV: [libjvm.so+0x5fcd20], sa_mask[0]=0x7ffbfeff, sa_flags=0x10000004
SIGBUS: [libjvm.so+0x5fcd20], sa_mask[0]=0x7ffbfeff, sa_flags=0x10000004
SIGFPE: [libjvm.so+0x4e0eb0], sa_mask[0]=0x7ffbfeff, sa_flags=0x10000004
SIGPIPE: [libjvm.so+0x4e0eb0], sa_mask[0]=0x7ffbfeff, sa_flags=0x10000004
SIGXFSZ: [libjvm.so+0x4e0eb0], sa_mask[0]=0x7ffbfeff, sa_flags=0x10000004
SIGILL: [libjvm.so+0x4e0eb0], sa_mask[0]=0x7ffbfeff, sa_flags=0x10000004
SIGUSR1: SIG_DFL, sa_mask[0]=0x00000000, sa_flags=0x00000000
SIGUSR2: [libjvm.so+0x4e35d0], sa_mask[0]=0x00000004, sa_flags=0x10000004
SIGHUP: [libjvm.so+0x4e3320], sa_mask[0]=0x7ffbfeff, sa_flags=0x10000004
SIGINT: SIG_IGN, sa_mask[0]=0x00000000, sa_flags=0x00000000
SIGTERM: [libjvm.so+0x4e3320], sa_mask[0]=0x7ffbfeff, sa_flags=0x10000004
SIGQUIT: [libjvm.so+0x4e3320], sa_mask[0]=0x7ffbfeff, sa_flags=0x10000004


---------------  S Y S T E M  ---------------

OS:5.0

uname:Linux 2.6.28-12-generic #43-Ubuntu SMP Fri May 1 19:31:32 UTC 2009 x86_64
libc:glibc 2.9 NPTL 2.9 
rlimit: STACK 8192k, CORE 0k, NPROC infinity, NOFILE 1024, AS infinity
load average:0.59 0.29 0.27

CPU:total 2 (2 cores per cpu, 1 threads per core) family 16 model 2 stepping 3, cmov, cx8, fxsr, mmx, sse, sse2, sse3, mmxext, 3dnow, 3dnowext, sse4a

Memory: 4k page, physical 5780180k(3096864k free), swap 3903752k(3865604k free)

vm_info: Java HotSpot(TM) 64-Bit Server VM (11.3-b02) for linux-amd64 JRE (1.6.0_13-b03), built on Mar  9 2009 11:08:22 by "java_re" with gcc 3.2.2 (SuSE Linux)

time: Mon May 18 12:16:14 2009
elapsed time: 0 seconds

