#
# An unexpected error has been detected by Java Runtime Environment:
#
#  SIGSEGV (0xb) at pc=0x00007f798124c11b, pid=25466, tid=140158068316496
#
# Java VM: Java HotSpot(TM) 64-Bit Server VM (11.3-b02 mixed mode linux-amd64)
# Problematic frame:
# C  [libc.so.6+0x8411b]  memcpy+0x15b
#
# If you would like to submit a bug report, please visit:
#   http://java.sun.com/webapps/bugreport/crash.jsp
#

---------------  T H R E A D  ---------------

Current thread (0x00007f7918091400):  JavaThread "AWT-EventQueue-0" [_thread_in_vm, id=25481, stack(0x00007f7917cfd000,0x00007f7917dfe000)]

siginfo:si_signo=SIGSEGV: si_errno=0, si_code=2 (SEGV_ACCERR), si_addr=0x00007f79184cb000

Registers:
RAX=0x00007f795f80e868, RBX=0x00007f791ee812a0, RCX=0x0000000000000092, RDX=0x0000000000001d00
RSP=0x00007f7917dfc1b8, RBP=0x00007f7917dfc240, RSI=0x00007f79184cb000, RDI=0x00007f795f8100d8
R8 =0x0000000000000ffc, R9 =0x00007f79810985b8, R10=0x00007f798109c028, R11=0x0000000000001d00
R12=0x0000000000001d00, R13=0x0000000000000000, R14=0x00000000409c7ef8, R15=0x00007f7917dfc1d0
RIP=0x00007f798124c11b, EFL=0x0000000000010216, CSGSFS=0x0000000000000033, ERR=0x0000000000000004
  TRAPNO=0x000000000000000e

Top of Stack: (sp=0x00007f7917dfc1b8)
0x00007f7917dfc1b8:   00007f7980bf4600 00007f79180915c0
0x00007f7917dfc1c8:   00007f79184c9790 00007f7918091400
0x00007f7917dfc1d8:   0000000000000000 00007f7918091400
0x00007f7917dfc1e8:   0000000000000000 00007f7918091400
0x00007f7917dfc1f8:   00007f7917dfc338 00007f7918091400
0x00007f7917dfc208:   00007f7981242276 00007f7918091400
0x00007f7917dfc218:   00000000409c7ef8 00007f791806cb30
0x00007f7917dfc228:   00007f791806ca80 00007f7917dfc338
0x00007f7917dfc238:   00000000409c7ea0 00007f79180915c0
0x00007f7917dfc248:   00007f79178da486 00007f791806c9d0
0x00007f7917dfc258:   00000000409c7ea8 00000000409c7eb0
0x00007f7917dfc268:   00000000409c7eb8 00000000409c7ec0
0x00007f7917dfc278:   00007f7918091848 00000000409c7ec8
0x00007f7917dfc288:   00007f7918091890 0101010100091400
0x00007f7917dfc298:   00007f791f8788f8 00007f7917dfc318
0x00007f7917dfc2a8:   0000000000000101 00007f791f8788f8
0x00007f7917dfc2b8:   00007f7917dfc338 00007f7918091400
0x00007f7917dfc2c8:   00007f797c696852 00007f7918091400
0x00007f7917dfc2d8:   00007f7917dfc2d8 00007f791f8788f8
0x00007f7917dfc2e8:   00007f7917dfc338 00007f791f879330
0x00007f7917dfc2f8:   0000000000000000 00007f791f8788f8
0x00007f7917dfc308:   0000000000000000 00007f7917dfc338
0x00007f7917dfc318:   00007f7917dfc380 00007f797c68b322
0x00007f7917dfc328:   0000000000000000 00007f797c693358
0x00007f7917dfc338:   00007f795f7f35a8 00007f7917dfc340
0x00007f7917dfc348:   00007f791f8773d5 00007f7917dfc3c8
0x00007f7917dfc358:   00007f791f879330 0000000000000000
0x00007f7917dfc368:   00007f791f877460 00007f7917dfc338
0x00007f7917dfc378:   00007f7917dfc3b8 00007f7917dfc410
0x00007f7917dfc388:   00007f797c68b322 0000000000000000
0x00007f7917dfc398:   00007f795f80b4e0 0000000000000000
0x00007f7917dfc3a8:   00007f795f80b4c8 00007f795f80b130 

Instructions: (pc=0x00007f798124c11b)
0x00007f798124c10b:   0f 47 da 4c 89 d9 49 83 e3 f8 48 c1 e9 03 74 05
0x00007f798124c11b:   f3 48 a5 66 90 4c 29 da 48 f7 c2 f8 ff ff ff 75 

Stack: [0x00007f7917cfd000,0x00007f7917dfe000],  sp=0x00007f7917dfc1b8,  free space=1020k
Native frames: (J=compiled Java code, j=interpreted, Vv=VM code, C=native code)
C  [libc.so.6+0x8411b]  memcpy+0x15b

Java frames: (J=compiled Java code, j=interpreted, Vv=VM code)
j  net.epsilony.simpmeshfree.model.geometry.TriangleJni.triangleFun()V+0
j  net.epsilony.simpmeshfree.model.geometry.TriangleJni.complie(Lnet/epsilony/simpmeshfree/model/geometry/GeometryModel;Ljava/lang/String;)V+141
j  net.epsilony.simpmeshfree.model.mechanics.MechanicsModel.generateNodesByTriangle(DDLjava/lang/String;ZZ)V+110
j  net.epsilony.simpmeshfree.model.ModelTestFrame.<init>()V+599
j  net.epsilony.simpmeshfree.model.ModelTestFrame$1.run()V+4
j  java.awt.event.InvocationEvent.dispatch()V+47
j  java.awt.EventQueue.dispatchEvent(Ljava/awt/AWTEvent;)V+26
j  java.awt.EventDispatchThread.pumpOneEventForFilters(I)Z+204
j  java.awt.EventDispatchThread.pumpEventsForFilter(ILjava/awt/Conditional;Ljava/awt/EventFilter;)V+30
j  java.awt.EventDispatchThread.pumpEventsForHierarchy(ILjava/awt/Conditional;Ljava/awt/Component;)V+11
j  java.awt.EventDispatchThread.pumpEvents(ILjava/awt/Conditional;)V+4
j  java.awt.EventDispatchThread.pumpEvents(Ljava/awt/Conditional;)V+3
j  java.awt.EventDispatchThread.run()V+9
v  ~StubRoutines::call_stub

---------------  P R O C E S S  ---------------

Java Threads: ( => current thread )
  0x00007f7918013400 JavaThread "Thread-3" [_thread_blocked, id=25483, stack(0x00007f7917afb000,0x00007f7917bfc000)]
  0x00007f7918012c00 JavaThread "Thread-2" [_thread_blocked, id=25482, stack(0x00007f7917bfc000,0x00007f7917cfd000)]
  0x00007f7918092400 JavaThread "DestroyJavaVM" [_thread_blocked, id=25467, stack(0x00007f7980528000,0x00007f7980629000)]
=>0x00007f7918091400 JavaThread "AWT-EventQueue-0" [_thread_in_vm, id=25481, stack(0x00007f7917cfd000,0x00007f7917dfe000)]
  0x00007f7918090400 JavaThread "AWT-Shutdown" [_thread_blocked, id=25480, stack(0x00007f7917dfe000,0x00007f7917eff000)]
  0x00007f791808fc00 JavaThread "AWT-XAWT" daemon [_thread_in_native, id=25479, stack(0x00007f7917eff000,0x00007f7918000000)]
  0x00007f791802b800 JavaThread "Java2D Disposer" daemon [_thread_blocked, id=25478, stack(0x00007f791c7e8000,0x00007f791c8e9000)]
  0x0000000040840800 JavaThread "Low Memory Detector" daemon [_thread_blocked, id=25476, stack(0x00007f791de1b000,0x00007f791df1c000)]
  0x000000004083e000 JavaThread "CompilerThread1" daemon [_thread_blocked, id=25475, stack(0x00007f791df1c000,0x00007f791e01d000)]
  0x000000004083a000 JavaThread "CompilerThread0" daemon [_thread_in_native, id=25474, stack(0x00007f791e01d000,0x00007f791e11e000)]
  0x0000000040838000 JavaThread "Signal Dispatcher" daemon [_thread_blocked, id=25473, stack(0x00007f791e11e000,0x00007f791e21f000)]
  0x0000000040816800 JavaThread "Finalizer" daemon [_thread_blocked, id=25472, stack(0x00007f791e25e000,0x00007f791e35f000)]
  0x000000004080f800 JavaThread "Reference Handler" daemon [_thread_blocked, id=25471, stack(0x00007f791e35f000,0x00007f791e460000)]

Other Threads:
  0x000000004080a000 VMThread [stack: 0x00007f791e460000,0x00007f791e561000] [id=25470]
  0x0000000040842c00 WatcherThread [stack: 0x00007f791dd1a000,0x00007f791de1b000] [id=25477]

VM state:not at safepoint (normal execution)

VM Mutex/Monitor currently owned by a thread: None

Heap
 PSYoungGen      total 26368K, used 19801K [0x00007f795efe0000, 0x00007f7960d40000, 0x00007f797c680000)
  eden space 22656K, 87% used [0x00007f795efe0000,0x00007f7960336530,0x00007f7960600000)
  from space 3712K, 0% used [0x00007f79609a0000,0x00007f79609a0000,0x00007f7960d40000)
  to   space 3712K, 0% used [0x00007f7960600000,0x00007f7960600000,0x00007f79609a0000)
 PSOldGen        total 60288K, used 0K [0x00007f7924280000, 0x00007f7927d60000, 0x00007f795efe0000)
  object space 60288K, 0% used [0x00007f7924280000,0x00007f7924280000,0x00007f7927d60000)
 PSPermGen       total 21248K, used 10220K [0x00007f791ee80000, 0x00007f7920340000, 0x00007f7924280000)
  object space 21248K, 48% used [0x00007f791ee80000,0x00007f791f87b240,0x00007f7920340000)

Dynamic libraries:
40000000-40009000 r-xp 00000000 08:13 3163089                            /usr/lib/jvm/java-6-sun-1.6.0.13/jre/bin/java
40108000-4010a000 rwxp 00008000 08:13 3163089                            /usr/lib/jvm/java-6-sun-1.6.0.13/jre/bin/java
40781000-4152b000 rwxp 40781000 00:00 0                                  [heap]
7f79173b1000-7f79173c7000 r-xp 00000000 08:13 213005                     /lib/libgcc_s.so.1
7f79173c7000-7f79175c7000 ---p 00016000 08:13 213005                     /lib/libgcc_s.so.1
7f79175c7000-7f79175c8000 r-xp 00016000 08:13 213005                     /lib/libgcc_s.so.1
7f79175c8000-7f79175c9000 rwxp 00017000 08:13 213005                     /lib/libgcc_s.so.1
7f79175c9000-7f79176ba000 r-xp 00000000 08:13 2802601                    /usr/lib/libstdc++.so.6.0.10
7f79176ba000-7f79178ba000 ---p 000f1000 08:13 2802601                    /usr/lib/libstdc++.so.6.0.10
7f79178ba000-7f79178c1000 r-xp 000f1000 08:13 2802601                    /usr/lib/libstdc++.so.6.0.10
7f79178c1000-7f79178c3000 rwxp 000f8000 08:13 2802601                    /usr/lib/libstdc++.so.6.0.10
7f79178c3000-7f79178d6000 rwxp 7f79178c3000 00:00 0 
7f79178d6000-7f79178fa000 r-xp 00000000 08:13 1942103                    /usr/lib/TriangleJniAmd64.so
7f79178fa000-7f7917af9000 ---p 00024000 08:13 1942103                    /usr/lib/TriangleJniAmd64.so
7f7917af9000-7f7917afa000 r-xp 00023000 08:13 1942103                    /usr/lib/TriangleJniAmd64.so
7f7917afa000-7f7917afb000 rwxp 00024000 08:13 1942103                    /usr/lib/TriangleJniAmd64.so
7f7917afb000-7f7917afe000 ---p 7f7917afb000 00:00 0 
7f7917afe000-7f7917bfc000 rwxp 7f7917afe000 00:00 0 
7f7917bfc000-7f7917bff000 ---p 7f7917bfc000 00:00 0 
7f7917bff000-7f7917cfd000 rwxp 7f7917bff000 00:00 0 
7f7917cfd000-7f7917d00000 ---p 7f7917cfd000 00:00 0 
7f7917d00000-7f7917dfe000 rwxp 7f7917d00000 00:00 0 
7f7917dfe000-7f7917e01000 ---p 7f7917dfe000 00:00 0 
7f7917e01000-7f7917eff000 rwxp 7f7917e01000 00:00 0 
7f7917eff000-7f7917f02000 ---p 7f7917eff000 00:00 0 
7f7917f02000-7f7918000000 rwxp 7f7917f02000 00:00 0 
7f7918000000-7f79184cb000 rwxp 7f7918000000 00:00 0 
7f79184cb000-7f791c000000 ---p 7f79184cb000 00:00 0 
7f791c0ce000-7f791c0d7000 r-xs 00000000 08:13 3197464                    /var/cache/fontconfig/945677eb7aeaf62f1d50efc3fb3ec7d8-x86-64.cache-2
7f791c0d7000-7f791c0d9000 r-xs 00000000 08:13 3197468                    /var/cache/fontconfig/99e8ed0e538f840c565b6ed5dad60d56-x86-64.cache-2
7f791c0d9000-7f791c0dc000 r-xs 00000000 08:13 3197466                    /var/cache/fontconfig/e383d7ea5fbe662a33d9b44caf393297-x86-64.cache-2
7f791c0dc000-7f791c0e0000 r-xs 00000000 08:13 3197459                    /var/cache/fontconfig/6eb3985aa4124903f6ff08ba781cd364-x86-64.cache-2
7f791c0e0000-7f791c0e1000 r-xs 00000000 08:13 3197445                    /var/cache/fontconfig/4c73fe0c47614734b17d736dbde7580a-x86-64.cache-2
7f791c0e1000-7f791c0e5000 r-xs 00000000 08:13 3196573                    /var/cache/fontconfig/a755afe4a08bf5b97852ceb7400b47bc-x86-64.cache-2
7f791c0e5000-7f791c0ee000 r-xs 00000000 08:13 3197440                    /var/cache/fontconfig/6d41288fd70b0be22e8c3a91e032eec0-x86-64.cache-2
7f791c0ee000-7f791c0f1000 r-xs 00000000 08:13 3197439                    /var/cache/fontconfig/de156ccd2eddbdc19d37a45b8b2aac9c-x86-64.cache-2
7f791c0f1000-7f791c0fc000 r-xs 00000000 08:13 3197435                    /var/cache/fontconfig/e3de0de479f42330eadf588a55fb5bf4-x86-64.cache-2
7f791c0fc000-7f791c10b000 r-xs 00000000 08:13 3197434                    /var/cache/fontconfig/0f34bcd4b6ee430af32735b75db7f02b-x86-64.cache-2
7f791c10b000-7f791c10e000 r-xs 00000000 08:13 3197433                    /var/cache/fontconfig/ddd4086aec35a5275babba44bb759c3c-x86-64.cache-2
7f791c10e000-7f791c10f000 r-xs 00000000 08:13 3197424                    /var/cache/fontconfig/4794a0821666d79190d59a36cb4f44b5-x86-64.cache-2
7f791c10f000-7f791c118000 r-xs 00000000 08:13 3197417                    /var/cache/fontconfig/d52a8644073d54c13679302ca1180695-x86-64.cache-2
7f791c1b4000-7f791c1b9000 r-xp 00000000 08:13 2805390                    /usr/lib/libXfixes.so.3.1.0
7f791c1b9000-7f791c3b8000 ---p 00005000 08:13 2805390                    /usr/lib/libXfixes.so.3.1.0
7f791c3b8000-7f791c3b9000 rwxp 00004000 08:13 2805390                    /usr/lib/libXfixes.so.3.1.0
7f791c3b9000-7f791c3c2000 r-xp 00000000 08:13 2805803                    /usr/lib/libXrender.so.1.3.0
7f791c3c2000-7f791c5c1000 ---p 00009000 08:13 2805803                    /usr/lib/libXrender.so.1.3.0
7f791c5c1000-7f791c5c2000 r-xp 00008000 08:13 2805803                    /usr/lib/libXrender.so.1.3.0
7f791c5c2000-7f791c5c3000 rwxp 00009000 08:13 2805803                    /usr/lib/libXrender.so.1.3.0
7f791c5c3000-7f791c5cc000 r-xp 00000000 08:13 2805843                    /usr/lib/libXcursor.so.1.0.2
7f791c5cc000-7f791c7cc000 ---p 00009000 08:13 2805843                    /usr/lib/libXcursor.so.1.0.2
7f791c7cc000-7f791c7cd000 rwxp 00009000 08:13 2805843                    /usr/lib/libXcursor.so.1.0.2
7f791c7e8000-7f791c7eb000 ---p 7f791c7e8000 00:00 0 
7f791c7eb000-7f791c8e9000 rwxp 7f791c7eb000 00:00 0 
7f791c8e9000-7f791c967000 r-xp 00000000 08:13 3163204                    /usr/lib/jvm/java-6-sun-1.6.0.13/jre/lib/amd64/libfontmanager.so
7f791c967000-7f791ca66000 ---p 0007e000 08:13 3163204                    /usr/lib/jvm/java-6-sun-1.6.0.13/jre/lib/amd64/libfontmanager.so
7f791ca66000-7f791ca7c000 rwxp 0007d000 08:13 3163204                    /usr/lib/jvm/java-6-sun-1.6.0.13/jre/lib/amd64/libfontmanager.so
7f791ca7c000-7f791ca8d000 rwxp 7f791ca7c000 00:00 0 
7f791ca8d000-7f791ca92000 r-xp 00000000 08:13 2805384                    /usr/lib/libXdmcp.so.6.0.0
7f791ca92000-7f791cc91000 ---p 00005000 08:13 2805384                    /usr/lib/libXdmcp.so.6.0.0
7f791cc91000-7f791cc92000 rwxp 00004000 08:13 2805384                    /usr/lib/libXdmcp.so.6.0.0
7f791cc92000-7f791ccad000 r-xp 00000000 08:13 2805386                    /usr/lib/libxcb.so.1.1.0
7f791ccad000-7f791ceac000 ---p 0001b000 08:13 2805386                    /usr/lib/libxcb.so.1.1.0
7f791ceac000-7f791cead000 r-xp 0001a000 08:13 2805386                    /usr/lib/libxcb.so.1.1.0
7f791cead000-7f791ceae000 rwxp 0001b000 08:13 2805386                    /usr/lib/libxcb.so.1.1.0
7f791ceae000-7f791ceb0000 r-xp 00000000 08:13 2805382                    /usr/lib/libXau.so.6.0.0
7f791ceb0000-7f791d0af000 ---p 00002000 08:13 2805382                    /usr/lib/libXau.so.6.0.0
7f791d0af000-7f791d0b0000 r-xp 00001000 08:13 2805382                    /usr/lib/libXau.so.6.0.0
7f791d0b0000-7f791d0b1000 rwxp 00002000 08:13 2805382                    /usr/lib/libXau.so.6.0.0
7f791d0b1000-7f791d0ba000 r-xp 00000000 08:13 2805586                    /usr/lib/libXi.so.6.0.0
7f791d0ba000-7f791d2ba000 ---p 00009000 08:13 2805586                    /usr/lib/libXi.so.6.0.0
7f791d2ba000-7f791d2bb000 r-xp 00009000 08:13 2805586                    /usr/lib/libXi.so.6.0.0
7f791d2bb000-7f791d2bc000 rwxp 0000a000 08:13 2805586                    /usr/lib/libXi.so.6.0.0
7f791d2bc000-7f791d2c1000 r-xp 00000000 08:13 2806834                    /usr/lib/libXtst.so.6.1.0
7f791d2c1000-7f791d4c1000 ---p 00005000 08:13 2806834                    /usr/lib/libXtst.so.6.1.0
7f791d4c1000-7f791d4c2000 r-xp 00005000 08:13 2806834                    /usr/lib/libXtst.so.6.1.0
7f791d4c2000-7f791d4c3000 rwxp 00006000 08:13 2806834                    /usr/lib/libXtst.so.6.1.0
7f791d4c3000-7f791d5c5000 r-xp 00000000 08:13 2805388                    /usr/lib/libX11.so.6.2.0
7f791d5c5000-7f791d7c5000 ---p 00102000 08:13 2805388                    /usr/lib/libX11.so.6.2.0
7f791d7c5000-7f791d7c6000 r-xp 00102000 08:13 2805388                    /usr/lib/libX11.so.6.2.0
7f791d7c6000-7f791d7ca000 rwxp 00103000 08:13 2805388                    /usr/lib/libX11.so.6.2.0
7f791d7ca000-7f791d7db000 r-xp 00000000 08:13 2805394                    /usr/lib/libXext.so.6.4.0
7f791d7db000-7f791d9da000 ---p 00011000 08:13 2805394                    /usr/lib/libXext.so.6.4.0
7f791d9da000-7f791d9db000 r-xp 00010000 08:13 2805394                    /usr/lib/libXext.so.6.4.0
7f791d9db000-7f791d9dc000 rwxp 00011000 08:13 2805394                    /usr/lib/libXext.so.6.4.0
7f791d9dd000-7f791d9e9000 r-xs 00000000 08:13 3197416                    /var/cache/fontconfig/089dead882dea3570ffc31a9898cfb69-x86-64.cache-2
7f791d9e9000-7f791d9ed000 r-xs 00000000 08:13 3197398                    /var/cache/fontconfig/cabbd14511b9e8a55e92af97fb3a0461-x86-64.cache-2
7f791d9ed000-7f791d9f7000 r-xs 00000000 08:13 3195524                    /var/cache/fontconfig/e13b20fdb08344e0e664864cc2ede53d-x86-64.cache-2
7f791d9f7000-7f791da38000 r-xp 00000000 08:13 3163194                    /usr/lib/jvm/java-6-sun-1.6.0.13/jre/lib/amd64/xawt/libmawt.so
7f791da38000-7f791db37000 ---p 00041000 08:13 3163194                    /usr/lib/jvm/java-6-sun-1.6.0.13/jre/lib/amd64/xawt/libmawt.so
7f791db37000-7f791db43000 rwxp 00040000 08:13 3163194                    /usr/lib/jvm/java-6-sun-1.6.0.13/jre/lib/amd64/xawt/libmawt.so
7f791db43000-7f791db44000 rwxp 7f791db43000 00:00 0 
7f791db44000-7f791dbd6000 r-xp 00000000 08:13 3163239                    /usr/lib/jvm/java-6-sun-1.6.0.13/jre/lib/amd64/libawt.so
7f791dbd6000-7f791dcd5000 ---p 00092000 08:13 3163239                    /usr/lib/jvm/java-6-sun-1.6.0.13/jre/lib/amd64/libawt.so
7f791dcd5000-7f791dcee000 rwxp 00091000 08:13 3163239                    /usr/lib/jvm/java-6-sun-1.6.0.13/jre/lib/amd64/libawt.so
7f791dcee000-7f791dd13000 rwxp 7f791dcee000 00:00 0 
7f791dd13000-7f791dd1a000 r-xs 00059000 08:11 1172178                    /home/epsilon/文档/4_java/javaTools/apache-log4j-1.2.15/log4j-1.2.15.jar
7f791dd1a000-7f791dd1b000 ---p 7f791dd1a000 00:00 0 
7f791dd1b000-7f791de1b000 rwxp 7f791dd1b000 00:00 0 
7f791de1b000-7f791de1e000 ---p 7f791de1b000 00:00 0 
7f791de1e000-7f791df1c000 rwxp 7f791de1e000 00:00 0 
7f791df1c000-7f791df1f000 ---p 7f791df1c000 00:00 0 
7f791df1f000-7f791e01d000 rwxp 7f791df1f000 00:00 0 
7f791e01d000-7f791e020000 ---p 7f791e01d000 00:00 0 
7f791e020000-7f791e11e000 rwxp 7f791e020000 00:00 0 
7f791e11e000-7f791e121000 ---p 7f791e11e000 00:00 0 
7f791e121000-7f791e21f000 rwxp 7f791e121000 00:00 0 
7f791e21f000-7f791e25e000 r-xp 00000000 08:13 2827839                    /usr/lib/locale/zh_CN.utf8/LC_CTYPE
7f791e25e000-7f791e261000 ---p 7f791e25e000 00:00 0 
7f791e261000-7f791e35f000 rwxp 7f791e261000 00:00 0 
7f791e35f000-7f791e362000 ---p 7f791e35f000 00:00 0 
7f791e362000-7f791e460000 rwxp 7f791e362000 00:00 0 
7f791e460000-7f791e461000 ---p 7f791e460000 00:00 0 
7f791e461000-7f791e5d6000 rwxp 7f791e461000 00:00 0 
7f791e5d6000-7f791e768000 r-xs 02f34000 08:13 2942580                    /usr/lib/jvm/java-6-sun-1.6.0.13/jre/lib/rt.jar
7f791e768000-7f791e790000 rwxp 7f791e768000 00:00 0 
7f791e790000-7f791e791000 ---p 7f791e790000 00:00 0 
7f791e791000-7f791e891000 rwxp 7f791e791000 00:00 0 
7f791e891000-7f791e892000 ---p 7f791e891000 00:00 0 
7f791e892000-7f791e99d000 rwxp 7f791e892000 00:00 0 
7f791e99d000-7f791e9bc000 rwxp 7f791e99d000 00:00 0 
7f791e9bc000-7f791e9da000 rwxp 7f791e9bc000 00:00 0 
7f791e9da000-7f791eb93000 rwxp 7f791e9da000 00:00 0 
7f791eb93000-7f791eb9e000 rwxp 7f791eb93000 00:00 0 
7f791eb9e000-7f791ebbd000 rwxp 7f791eb9e000 00:00 0 
7f791ebbd000-7f791ebdb000 rwxp 7f791ebbd000 00:00 0 
7f791ebdb000-7f791ed93000 rwxp 7f791ebdb000 00:00 0 
7f791ed93000-7f791eda3000 rwxp 7f791ed93000 00:00 0 
7f791eda3000-7f791ee7f000 rwxp 7f791eda3000 00:00 0 
7f791ee7f000-7f7920340000 rwxp 7f791ee7f000 00:00 0 
7f7920340000-7f7924280000 rwxp 7f7920340000 00:00 0 
7f7924280000-7f7927d60000 rwxp 7f7924280000 00:00 0 
7f7927d60000-7f795efe0000 rwxp 7f7927d60000 00:00 0 
7f795efe0000-7f7960d40000 rwxp 7f795efe0000 00:00 0 
7f7960d40000-7f797c680000 rwxp 7f7960d40000 00:00 0 
7f797c680000-7f797c688000 r-xs 0004b000 08:11 162661                     /home/epsilon/文档/4_java/javaTools/commons-math-1.2/commons-math-1.2.jar
7f797c688000-7f797c8f8000 rwxp 7f797c688000 00:00 0 
7f797c8f8000-7f797f688000 rwxp 7f797c8f8000 00:00 0 
7f797f688000-7f797f696000 r-xp 00000000 08:13 3163206                    /usr/lib/jvm/java-6-sun-1.6.0.13/jre/lib/amd64/libzip.so
7f797f696000-7f797f798000 ---p 0000e000 08:13 3163206                    /usr/lib/jvm/java-6-sun-1.6.0.13/jre/lib/amd64/libzip.so
7f797f798000-7f797f79b000 rwxp 00010000 08:13 3163206                    /usr/lib/jvm/java-6-sun-1.6.0.13/jre/lib/amd64/libzip.so
7f797f79b000-7f797f79c000 rwxp 7f797f79b000 00:00 0 
7f797f79c000-7f797f7c5000 r-xp 00000000 08:13 3163219                    /usr/lib/jvm/java-6-sun-1.6.0.13/jre/lib/amd64/libjava.so
7f797f7c5000-7f797f8c4000 ---p 00029000 08:13 3163219                    /usr/lib/jvm/java-6-sun-1.6.0.13/jre/lib/amd64/libjava.so
7f797f8c4000-7f797f8cb000 rwxp 00028000 08:13 3163219                    /usr/lib/jvm/java-6-sun-1.6.0.13/jre/lib/amd64/libjava.so
7f797f8cb000-7f797f8d8000 r-xp 00000000 08:13 3163201                    /usr/lib/jvm/java-6-sun-1.6.0.13/jre/lib/amd64/libverify.so
7f797f8d8000-7f797f9d7000 ---p 0000d000 08:13 3163201                    /usr/lib/jvm/java-6-sun-1.6.0.13/jre/lib/amd64/libverify.so
7f797f9d7000-7f797f9da000 rwxp 0000c000 08:13 3163201                    /usr/lib/jvm/java-6-sun-1.6.0.13/jre/lib/amd64/libverify.so
7f797f9da000-7f797f9e6000 r-xp 00000000 08:13 213021                     /lib/libnss_files-2.9.so
7f797f9e6000-7f797fbe5000 ---p 0000c000 08:13 213021                     /lib/libnss_files-2.9.so
7f797fbe5000-7f797fbe6000 r-xp 0000b000 08:13 213021                     /lib/libnss_files-2.9.so
7f797fbe6000-7f797fbe7000 rwxp 0000c000 08:13 213021                     /lib/libnss_files-2.9.so
7f797fbe7000-7f797fbf1000 r-xp 00000000 08:13 213023                     /lib/libnss_nis-2.9.so
7f797fbf1000-7f797fdf0000 ---p 0000a000 08:13 213023                     /lib/libnss_nis-2.9.so
7f797fdf0000-7f797fdf1000 r-xp 00009000 08:13 213023                     /lib/libnss_nis-2.9.so
7f797fdf1000-7f797fdf2000 rwxp 0000a000 08:13 213023                     /lib/libnss_nis-2.9.so
7f797fdf2000-7f797fdfa000 r-xp 00000000 08:13 213019                     /lib/libnss_compat-2.9.so
7f797fdfa000-7f797fff9000 ---p 00008000 08:13 213019                     /lib/libnss_compat-2.9.so
7f797fff9000-7f797fffa000 r-xp 00007000 08:13 213019                     /lib/libnss_compat-2.9.so
7f797fffa000-7f797fffb000 rwxp 00008000 08:13 213019                     /lib/libnss_compat-2.9.so
7f797fffb000-7f7980011000 r-xp 00000000 08:13 213018                     /lib/libnsl-2.9.so
7f7980011000-7f7980211000 ---p 00016000 08:13 213018                     /lib/libnsl-2.9.so
7f7980211000-7f7980212000 r-xp 00016000 08:13 213018                     /lib/libnsl-2.9.so
7f7980212000-7f7980213000 rwxp 00017000 08:13 213018                     /lib/libnsl-2.9.so
7f7980213000-7f7980215000 rwxp 7f7980213000 00:00 0 
7f7980215000-7f798021c000 r-xp 00000000 08:13 3163208                    /usr/lib/jvm/java-6-sun-1.6.0.13/jre/lib/amd64/native_threads/libhpi.so
7f798021c000-7f798031d000 ---p 00007000 08:13 3163208                    /usr/lib/jvm/java-6-sun-1.6.0.13/jre/lib/amd64/native_threads/libhpi.so
7f798031d000-7f798031f000 rwxp 00008000 08:13 3163208                    /usr/lib/jvm/java-6-sun-1.6.0.13/jre/lib/amd64/native_threads/libhpi.so
7f798031f000-7f7980320000 rwxp 7f798031f000 00:00 0 
7f7980320000-7f7980327000 r-xp 00000000 08:13 213028                     /lib/librt-2.9.so
7f7980327000-7f7980526000 ---p 00007000 08:13 213028                     /lib/librt-2.9.so
7f7980526000-7f7980527000 r-xp 00006000 08:13 213028                     /lib/librt-2.9.so
7f7980527000-7f7980528000 rwxp 00007000 08:13 213028                     /lib/librt-2.9.so
7f7980528000-7f798052b000 ---p 7f7980528000 00:00 0 
7f798052b000-7f7980629000 rwxp 7f798052b000 00:00 0 
7f7980629000-7f79806ad000 r-xp 00000000 08:13 213016                     /lib/libm-2.9.so
7f79806ad000-7f79808ac000 ---p 00084000 08:13 213016                     /lib/libm-2.9.so
7f79808ac000-7f79808ad000 r-xp 00083000 08:13 213016                     /lib/libm-2.9.so
7f79808ad000-7f79808ae000 rwxp 00084000 08:13 213016                     /lib/libm-2.9.so
7f79808ae000-7f7980f3b000 r-xp 00000000 08:13 3163226                    /usr/lib/jvm/java-6-sun-1.6.0.13/jre/lib/amd64/server/libjvm.so
7f7980f3b000-7f798103a000 ---p 0068d000 08:13 3163226                    /usr/lib/jvm/java-6-sun-1.6.0.13/jre/lib/amd64/server/libjvm.so
7f798103a000-7f798118b000 rwxp 0068c000 08:13 3163226                    /usr/lib/jvm/java-6-sun-1.6.0.13/jre/lib/amd64/server/libjvm.so
7f798118b000-7f79811c8000 rwxp 7f798118b000 00:00 0 
7f79811c8000-7f7981330000 r-xp 00000000 08:13 213012                     /lib/libc-2.9.so
7f7981330000-7f7981530000 ---p 00168000 08:13 213012                     /lib/libc-2.9.so
7f7981530000-7f7981534000 r-xp 00168000 08:13 213012                     /lib/libc-2.9.so
7f7981534000-7f7981535000 rwxp 0016c000 08:13 213012                     /lib/libc-2.9.so
7f7981535000-7f798153a000 rwxp 7f7981535000 00:00 0 
7f798153a000-7f798153c000 r-xp 00000000 08:13 213015                     /lib/libdl-2.9.so
7f798153c000-7f798173c000 ---p 00002000 08:13 213015                     /lib/libdl-2.9.so
7f798173c000-7f798173d000 r-xp 00002000 08:13 213015                     /lib/libdl-2.9.so
7f798173d000-7f798173e000 rwxp 00003000 08:13 213015                     /lib/libdl-2.9.so
7f798173e000-7f7981755000 r-xp 00000000 08:13 213026                     /lib/libpthread-2.9.so
7f7981755000-7f7981954000 ---p 00017000 08:13 213026                     /lib/libpthread-2.9.so
7f7981954000-7f7981955000 r-xp 00016000 08:13 213026                     /lib/libpthread-2.9.so
7f7981955000-7f7981956000 rwxp 00017000 08:13 213026                     /lib/libpthread-2.9.so
7f7981956000-7f798195a000 rwxp 7f7981956000 00:00 0 
7f798195a000-7f798197a000 r-xp 00000000 08:13 213006                     /lib/ld-2.9.so
7f7981980000-7f798198e000 r-xs 000ba000 08:11 422677                     /home/epsilon/文档/4_java/javaTools/mtj.jar
7f798198e000-7f7981998000 rwxp 7f798198e000 00:00 0 
7f7981998000-7f7981a4e000 rwxp 7f7981998000 00:00 0 
7f7981a4e000-7f7981a50000 rwxp 7f7981a4e000 00:00 0 
7f7981a50000-7f7981a57000 r-xp 00000000 08:13 3163192                    /usr/lib/jvm/java-6-sun-1.6.0.13/jre/lib/amd64/jli/libjli.so
7f7981a57000-7f7981b58000 ---p 00007000 08:13 3163192                    /usr/lib/jvm/java-6-sun-1.6.0.13/jre/lib/amd64/jli/libjli.so
7f7981b58000-7f7981b5a000 rwxp 00008000 08:13 3163192                    /usr/lib/jvm/java-6-sun-1.6.0.13/jre/lib/amd64/jli/libjli.so
7f7981b5a000-7f7981b5b000 rwxp 7f7981b5a000 00:00 0 
7f7981b5b000-7f7981b5e000 r-xs 000cb000 08:13 3162696                    /usr/lib/jvm/java-6-sun-1.6.0.13/jre/lib/ext/localedata.jar
7f7981b5e000-7f7981b61000 r-xs 00000000 08:13 3196574                    /var/cache/fontconfig/7ef2298fde41cc6eeb7af42e48b7d293-x86-64.cache-2
7f7981b61000-7f7981b65000 r-xs 00042000 08:11 181746                     /home/epsilon/NetBeansProjects/EpsilonUtils/trunk/dist/EpsilonYUtil.jar
7f7981b65000-7f7981b6c000 r-xs 00000000 08:13 2803699                    /usr/lib/gconv/gconv-modules.cache
7f7981b6c000-7f7981b74000 rwxs 00000000 08:13 377150                     /tmp/hsperfdata_epsilon/25466
7f7981b74000-7f7981b75000 rwxp 7f7981b74000 00:00 0 
7f7981b75000-7f7981b76000 r-xp 7f7981b75000 00:00 0 
7f7981b76000-7f7981b79000 rwxp 7f7981b76000 00:00 0 
7f7981b79000-7f7981b7a000 r-xp 0001f000 08:13 213006                     /lib/ld-2.9.so
7f7981b7a000-7f7981b7b000 rwxp 00020000 08:13 213006                     /lib/ld-2.9.so
7fff89b66000-7fff89b7b000 rwxp 7ffffffea000 00:00 0                      [stack]
7fff89bff000-7fff89c00000 r-xp 7fff89bff000 00:00 0                      [vdso]
ffffffffff600000-ffffffffff601000 r-xp 00000000 00:00 0                  [vsyscall]

VM Arguments:
jvm_args: -Dawt.useSystemAAFontSettings=on 
java_command: net.epsilony.simpmeshfree.model.ModelTestFrame
Launcher Type: SUN_STANDARD

Environment Variables:
_JAVA_OPTIONS=-Dawt.useSystemAAFontSettings=on
PATH=/usr/local/sbin:/usr/local/bin:/usr/sbin:/usr/bin:/sbin:/bin:/usr/games
USERNAME=epsilon
LD_LIBRARY_PATH=/usr/lib/jvm/java-6-sun-1.6.0.13/jre/lib/amd64/server:/usr/lib/jvm/java-6-sun-1.6.0.13/jre/lib/amd64:/usr/lib/jvm/java-6-sun-1.6.0.13/jre/../lib/amd64
SHELL=/bin/bash
DISPLAY=:0.0

Signal Handlers:
SIGSEGV: [libjvm.so+0x5fcd20], sa_mask[0]=0x7ffbfeff, sa_flags=0x10000004
SIGBUS: [libjvm.so+0x5fcd20], sa_mask[0]=0x7ffbfeff, sa_flags=0x10000004
SIGFPE: [libjvm.so+0x4e0eb0], sa_mask[0]=0x7ffbfeff, sa_flags=0x10000004
SIGPIPE: [libjvm.so+0x4e0eb0], sa_mask[0]=0x7ffbfeff, sa_flags=0x10000004
SIGXFSZ: [libjvm.so+0x4e0eb0], sa_mask[0]=0x7ffbfeff, sa_flags=0x10000004
SIGILL: [libjvm.so+0x4e0eb0], sa_mask[0]=0x7ffbfeff, sa_flags=0x10000004
SIGUSR1: SIG_DFL, sa_mask[0]=0x00000000, sa_flags=0x00000000
SIGUSR2: [libjvm.so+0x4e35d0], sa_mask[0]=0x00000004, sa_flags=0x10000004
SIGHUP: [libjvm.so+0x4e3320], sa_mask[0]=0x7ffbfeff, sa_flags=0x10000004
SIGINT: SIG_IGN, sa_mask[0]=0x00000000, sa_flags=0x00000000
SIGTERM: [libjvm.so+0x4e3320], sa_mask[0]=0x7ffbfeff, sa_flags=0x10000004
SIGQUIT: [libjvm.so+0x4e3320], sa_mask[0]=0x7ffbfeff, sa_flags=0x10000004


---------------  S Y S T E M  ---------------

OS:5.0

uname:Linux 2.6.28-12-generic #43-Ubuntu SMP Fri May 1 19:31:32 UTC 2009 x86_64
libc:glibc 2.9 NPTL 2.9 
rlimit: STACK 8192k, CORE 0k, NPROC infinity, NOFILE 1024, AS infinity
load average:0.56 0.90 0.87

CPU:total 2 (2 cores per cpu, 1 threads per core) family 16 model 2 stepping 3, cmov, cx8, fxsr, mmx, sse, sse2, sse3, mmxext, 3dnow, 3dnowext, sse4a

Memory: 4k page, physical 5780180k(2200932k free), swap 3903752k(3865604k free)

vm_info: Java HotSpot(TM) 64-Bit Server VM (11.3-b02) for linux-amd64 JRE (1.6.0_13-b03), built on Mar  9 2009 11:08:22 by "java_re" with gcc 3.2.2 (SuSE Linux)

time: Mon May 18 15:32:26 2009
elapsed time: 0 seconds

