#
# An unexpected error has been detected by Java Runtime Environment:
#
#  SIGSEGV (0xb) at pc=0x00007f33701a111b, pid=10064, tid=139857135401296
#
# Java VM: Java HotSpot(TM) 64-Bit Server VM (11.3-b02 mixed mode linux-amd64)
# Problematic frame:
# C  [libc.so.6+0x8411b]  memcpy+0x15b
#
# If you would like to submit a bug report, please visit:
#   http://java.sun.com/webapps/bugreport/crash.jsp
#

---------------  T H R E A D  ---------------

Current thread (0x0000000041095400):  JavaThread "AWT-EventQueue-0" [_thread_in_vm, id=10079, stack(0x00007f3306cff000,0x00007f3306e00000)]

siginfo:si_signo=SIGSEGV: si_errno=0, si_code=2 (SEGV_ACCERR), si_addr=0x00007f330829b000

Registers:
RAX=0x00007f334e7de5f8, RBX=0x00007f330ddd12a0, RCX=0x0000000000000220, RDX=0x0000000000006e80
RSP=0x00007f3306dfe2b8, RBP=0x00007f3306dfe340, RSI=0x00007f330829b000, RDI=0x00007f334e7e4378
R8 =0x0000000000000ffc, R9 =0x00007f336ffed5b8, R10=0x00007f336fff1028, R11=0x0000000000006e80
R12=0x0000000000006e80, R13=0x0000000000000000, R14=0x0000000041096be8, R15=0x00007f3306dfe2d0
RIP=0x00007f33701a111b, EFL=0x0000000000010212, CSGSFS=0x0000000000000033, ERR=0x0000000000000004
  TRAPNO=0x000000000000000e

Top of Stack: (sp=0x00007f3306dfe2b8)
0x00007f3306dfe2b8:   00007f336fb49600 00000000410955c0
0x00007f3306dfe2c8:   00007f3308295280 0000000041095400
0x00007f3306dfe2d8:   0000000000000000 0000000041095400
0x00007f3306dfe2e8:   0000000000000000 0000000041095400
0x00007f3306dfe2f8:   00007f3306dfe438 0000000041095400
0x00007f3306dfe308:   00007f3370197276 0000000041095400
0x00007f3306dfe318:   0000000041096be8 00007f3308158bb0
0x00007f3306dfe328:   00007f33080e7510 00007f3306dfe438
0x00007f3306dfe338:   0000000041096b90 00000000410955c0
0x00007f3306dfe348:   00007f33068dc486 00007f3308158b00
0x00007f3306dfe358:   0000000041096b98 0000000041096ba0
0x00007f3306dfe368:   0000000041096ba8 0000000041096bb0
0x00007f3306dfe378:   0000000041095af8 0000000041096bb8
0x00007f3306dfe388:   0000000041095b40 0101010100095400
0x00007f3306dfe398:   00007f330e7c8848 00007f3306dfe418
0x00007f3306dfe3a8:   0000000000000101 00007f330e7c8848
0x00007f3306dfe3b8:   00007f3306dfe438 0000000041095400
0x00007f3306dfe3c8:   00007f336b5eb852 0000000041095400
0x00007f3306dfe3d8:   00007f3306dfe3d8 00007f330e7c8848
0x00007f3306dfe3e8:   00007f3306dfe438 00007f330e7c9280
0x00007f3306dfe3f8:   0000000000000000 00007f330e7c8848
0x00007f3306dfe408:   0000000000000000 00007f3306dfe438
0x00007f3306dfe418:   00007f3306dfe480 00007f336b5e0322
0x00007f3306dfe428:   0000000000000000 00007f336b5e8358
0x00007f3306dfe438:   00007f334e7abfd8 00007f3306dfe440
0x00007f3306dfe448:   00007f330e7c7325 00007f3306dfe4c8
0x00007f3306dfe458:   00007f330e7c9280 0000000000000000
0x00007f3306dfe468:   00007f330e7c73b0 00007f3306dfe438
0x00007f3306dfe478:   00007f3306dfe4b8 00007f3306dfe510
0x00007f3306dfe488:   00007f336b5e0322 0000000000000000
0x00007f3306dfe498:   00007f334e7d3b80 0000000000000000
0x00007f3306dfe4a8:   00007f334e7d3b68 00007f334e7d37d0 

Instructions: (pc=0x00007f33701a111b)
0x00007f33701a110b:   0f 47 da 4c 89 d9 49 83 e3 f8 48 c1 e9 03 74 05
0x00007f33701a111b:   f3 48 a5 66 90 4c 29 da 48 f7 c2 f8 ff ff ff 75 

Stack: [0x00007f3306cff000,0x00007f3306e00000],  sp=0x00007f3306dfe2b8,  free space=1020k
Native frames: (J=compiled Java code, j=interpreted, Vv=VM code, C=native code)
C  [libc.so.6+0x8411b]  memcpy+0x15b

Java frames: (J=compiled Java code, j=interpreted, Vv=VM code)
j  net.epsilony.simpmeshfree.model.geometry.TriangleJni.triangleFun()V+0
j  net.epsilony.simpmeshfree.model.geometry.TriangleJni.complie(Lnet/epsilony/simpmeshfree/model/geometry/GeometryModel;Ljava/lang/String;)V+141
j  net.epsilony.simpmeshfree.model.mechanics.MechanicsModel.generateNodesByTriangle(DDLjava/lang/String;ZZ)V+110
j  net.epsilony.simpmeshfree.model.ModelTestFrame.<init>()V+557
j  net.epsilony.simpmeshfree.model.ModelTestFrame$2.run()V+4
j  java.awt.event.InvocationEvent.dispatch()V+47
j  java.awt.EventQueue.dispatchEvent(Ljava/awt/AWTEvent;)V+26
j  java.awt.EventDispatchThread.pumpOneEventForFilters(I)Z+204
j  java.awt.EventDispatchThread.pumpEventsForFilter(ILjava/awt/Conditional;Ljava/awt/EventFilter;)V+30
j  java.awt.EventDispatchThread.pumpEventsForHierarchy(ILjava/awt/Conditional;Ljava/awt/Component;)V+11
j  java.awt.EventDispatchThread.pumpEvents(ILjava/awt/Conditional;)V+4
j  java.awt.EventDispatchThread.pumpEvents(Ljava/awt/Conditional;)V+3
j  java.awt.EventDispatchThread.run()V+9
v  ~StubRoutines::call_stub

---------------  P R O C E S S  ---------------

Java Threads: ( => current thread )
  0x00007f330808f400 JavaThread "Thread-3" [_thread_blocked, id=10081, stack(0x00007f3306afd000,0x00007f3306bfe000)]
  0x00007f3308053800 JavaThread "Thread-2" [_thread_blocked, id=10080, stack(0x00007f3306bfe000,0x00007f3306cff000)]
  0x0000000040d9a000 JavaThread "DestroyJavaVM" [_thread_blocked, id=10065, stack(0x00007f336f47d000,0x00007f336f57e000)]
=>0x0000000041095400 JavaThread "AWT-EventQueue-0" [_thread_in_vm, id=10079, stack(0x00007f3306cff000,0x00007f3306e00000)]
  0x000000004108ec00 JavaThread "AWT-Shutdown" [_thread_blocked, id=10078, stack(0x00007f3306f01000,0x00007f3307002000)]
  0x000000004108dc00 JavaThread "AWT-XAWT" daemon [_thread_in_native, id=10077, stack(0x00007f3307002000,0x00007f3307103000)]
  0x00007f330809fc00 JavaThread "Java2D Disposer" daemon [_thread_blocked, id=10076, stack(0x00007f330c001000,0x00007f330c102000)]
  0x00007f3308005c00 JavaThread "Low Memory Detector" daemon [_thread_blocked, id=10074, stack(0x00007f330ce65000,0x00007f330cf66000)]
  0x00007f3308002c00 JavaThread "CompilerThread1" daemon [_thread_in_native, id=10073, stack(0x00007f330cf66000,0x00007f330d067000)]
  0x00007f3308000c00 JavaThread "CompilerThread0" daemon [_thread_in_native, id=10072, stack(0x00007f330d067000,0x00007f330d168000)]
  0x0000000040e49000 JavaThread "Signal Dispatcher" daemon [_thread_blocked, id=10071, stack(0x00007f330d168000,0x00007f330d269000)]
  0x0000000040e27800 JavaThread "Finalizer" daemon [_thread_blocked, id=10070, stack(0x00007f3307eff000,0x00007f3308000000)]
  0x0000000040e20800 JavaThread "Reference Handler" daemon [_thread_blocked, id=10069, stack(0x00007f330d2af000,0x00007f330d3b0000)]

Other Threads:
  0x0000000040e1b000 VMThread [stack: 0x00007f330d3b0000,0x00007f330d4b1000] [id=10068]
  0x00007f3308010400 WatcherThread [stack: 0x00007f330cd64000,0x00007f330ce65000] [id=10075]

VM state:not at safepoint (normal execution)

VM Mutex/Monitor currently owned by a thread: None

Heap
 PSYoungGen      total 26368K, used 19329K [0x00007f334df30000, 0x00007f334fc90000, 0x00007f336b5d0000)
  eden space 22656K, 85% used [0x00007f334df30000,0x00007f334f210618,0x00007f334f550000)
  from space 3712K, 0% used [0x00007f334f8f0000,0x00007f334f8f0000,0x00007f334fc90000)
  to   space 3712K, 0% used [0x00007f334f550000,0x00007f334f550000,0x00007f334f8f0000)
 PSOldGen        total 60288K, used 0K [0x00007f33131d0000, 0x00007f3316cb0000, 0x00007f334df30000)
  object space 60288K, 0% used [0x00007f33131d0000,0x00007f33131d0000,0x00007f3316cb0000)
 PSPermGen       total 21248K, used 10220K [0x00007f330ddd0000, 0x00007f330f290000, 0x00007f33131d0000)
  object space 21248K, 48% used [0x00007f330ddd0000,0x00007f330e7cb300,0x00007f330f290000)

Dynamic libraries:
40000000-40009000 r-xp 00000000 08:13 3163089                            /usr/lib/jvm/java-6-sun-1.6.0.13/jre/bin/java
40108000-4010a000 rwxp 00008000 08:13 3163089                            /usr/lib/jvm/java-6-sun-1.6.0.13/jre/bin/java
40d92000-41350000 rwxp 40d92000 00:00 0                                  [heap]
7f33063b3000-7f33063c9000 r-xp 00000000 08:13 213005                     /lib/libgcc_s.so.1
7f33063c9000-7f33065c9000 ---p 00016000 08:13 213005                     /lib/libgcc_s.so.1
7f33065c9000-7f33065ca000 r-xp 00016000 08:13 213005                     /lib/libgcc_s.so.1
7f33065ca000-7f33065cb000 rwxp 00017000 08:13 213005                     /lib/libgcc_s.so.1
7f33065cb000-7f33066bc000 r-xp 00000000 08:13 2802601                    /usr/lib/libstdc++.so.6.0.10
7f33066bc000-7f33068bc000 ---p 000f1000 08:13 2802601                    /usr/lib/libstdc++.so.6.0.10
7f33068bc000-7f33068c3000 r-xp 000f1000 08:13 2802601                    /usr/lib/libstdc++.so.6.0.10
7f33068c3000-7f33068c5000 rwxp 000f8000 08:13 2802601                    /usr/lib/libstdc++.so.6.0.10
7f33068c5000-7f33068d8000 rwxp 7f33068c5000 00:00 0 
7f33068d8000-7f33068fc000 r-xp 00000000 08:13 1942103                    /usr/lib/TriangleJniAmd64.so
7f33068fc000-7f3306afb000 ---p 00024000 08:13 1942103                    /usr/lib/TriangleJniAmd64.so
7f3306afb000-7f3306afc000 r-xp 00023000 08:13 1942103                    /usr/lib/TriangleJniAmd64.so
7f3306afc000-7f3306afd000 rwxp 00024000 08:13 1942103                    /usr/lib/TriangleJniAmd64.so
7f3306afd000-7f3306b00000 ---p 7f3306afd000 00:00 0 
7f3306b00000-7f3306bfe000 rwxp 7f3306b00000 00:00 0 
7f3306bfe000-7f3306c01000 ---p 7f3306bfe000 00:00 0 
7f3306c01000-7f3306cff000 rwxp 7f3306c01000 00:00 0 
7f3306cff000-7f3306d02000 ---p 7f3306cff000 00:00 0 
7f3306d02000-7f3306e00000 rwxp 7f3306d02000 00:00 0 
7f3306e00000-7f3306e09000 r-xs 00000000 08:13 3197464                    /var/cache/fontconfig/945677eb7aeaf62f1d50efc3fb3ec7d8-x86-64.cache-2
7f3306e09000-7f3306e0b000 r-xs 00000000 08:13 3197468                    /var/cache/fontconfig/99e8ed0e538f840c565b6ed5dad60d56-x86-64.cache-2
7f3306e0b000-7f3306e0e000 r-xs 00000000 08:13 3197466                    /var/cache/fontconfig/e383d7ea5fbe662a33d9b44caf393297-x86-64.cache-2
7f3306e0e000-7f3306e12000 r-xs 00000000 08:13 3197459                    /var/cache/fontconfig/6eb3985aa4124903f6ff08ba781cd364-x86-64.cache-2
7f3306e12000-7f3306e13000 r-xs 00000000 08:13 3197445                    /var/cache/fontconfig/4c73fe0c47614734b17d736dbde7580a-x86-64.cache-2
7f3306e13000-7f3306e17000 r-xs 00000000 08:13 3196573                    /var/cache/fontconfig/a755afe4a08bf5b97852ceb7400b47bc-x86-64.cache-2
7f3306e17000-7f3306e20000 r-xs 00000000 08:13 3197440                    /var/cache/fontconfig/6d41288fd70b0be22e8c3a91e032eec0-x86-64.cache-2
7f3306e20000-7f3306e23000 r-xs 00000000 08:13 3197439                    /var/cache/fontconfig/de156ccd2eddbdc19d37a45b8b2aac9c-x86-64.cache-2
7f3306e23000-7f3306e2e000 r-xs 00000000 08:13 3197435                    /var/cache/fontconfig/e3de0de479f42330eadf588a55fb5bf4-x86-64.cache-2
7f3306e2e000-7f3306e3d000 r-xs 00000000 08:13 3197434                    /var/cache/fontconfig/0f34bcd4b6ee430af32735b75db7f02b-x86-64.cache-2
7f3306f01000-7f3306f04000 ---p 7f3306f01000 00:00 0 
7f3306f04000-7f3307002000 rwxp 7f3306f04000 00:00 0 
7f3307002000-7f3307005000 ---p 7f3307002000 00:00 0 
7f3307005000-7f3307103000 rwxp 7f3307005000 00:00 0 
7f3307103000-7f3307108000 r-xp 00000000 08:13 2805390                    /usr/lib/libXfixes.so.3.1.0
7f3307108000-7f3307307000 ---p 00005000 08:13 2805390                    /usr/lib/libXfixes.so.3.1.0
7f3307307000-7f3307308000 rwxp 00004000 08:13 2805390                    /usr/lib/libXfixes.so.3.1.0
7f3307308000-7f3307311000 r-xp 00000000 08:13 2805803                    /usr/lib/libXrender.so.1.3.0
7f3307311000-7f3307510000 ---p 00009000 08:13 2805803                    /usr/lib/libXrender.so.1.3.0
7f3307510000-7f3307511000 r-xp 00008000 08:13 2805803                    /usr/lib/libXrender.so.1.3.0
7f3307511000-7f3307512000 rwxp 00009000 08:13 2805803                    /usr/lib/libXrender.so.1.3.0
7f3307512000-7f330751b000 r-xp 00000000 08:13 2805843                    /usr/lib/libXcursor.so.1.0.2
7f330751b000-7f330771b000 ---p 00009000 08:13 2805843                    /usr/lib/libXcursor.so.1.0.2
7f330771b000-7f330771c000 rwxp 00009000 08:13 2805843                    /usr/lib/libXcursor.so.1.0.2
7f3307734000-7f3307737000 r-xs 000cb000 08:13 3162696                    /usr/lib/jvm/java-6-sun-1.6.0.13/jre/lib/ext/localedata.jar
7f3307737000-7f33077b5000 r-xp 00000000 08:13 3163204                    /usr/lib/jvm/java-6-sun-1.6.0.13/jre/lib/amd64/libfontmanager.so
7f33077b5000-7f33078b4000 ---p 0007e000 08:13 3163204                    /usr/lib/jvm/java-6-sun-1.6.0.13/jre/lib/amd64/libfontmanager.so
7f33078b4000-7f33078ca000 rwxp 0007d000 08:13 3163204                    /usr/lib/jvm/java-6-sun-1.6.0.13/jre/lib/amd64/libfontmanager.so
7f33078ca000-7f33078db000 rwxp 7f33078ca000 00:00 0 
7f33078db000-7f33078e0000 r-xp 00000000 08:13 2805384                    /usr/lib/libXdmcp.so.6.0.0
7f33078e0000-7f3307adf000 ---p 00005000 08:13 2805384                    /usr/lib/libXdmcp.so.6.0.0
7f3307adf000-7f3307ae0000 rwxp 00004000 08:13 2805384                    /usr/lib/libXdmcp.so.6.0.0
7f3307ae0000-7f3307afb000 r-xp 00000000 08:13 2805386                    /usr/lib/libxcb.so.1.1.0
7f3307afb000-7f3307cfa000 ---p 0001b000 08:13 2805386                    /usr/lib/libxcb.so.1.1.0
7f3307cfa000-7f3307cfb000 r-xp 0001a000 08:13 2805386                    /usr/lib/libxcb.so.1.1.0
7f3307cfb000-7f3307cfc000 rwxp 0001b000 08:13 2805386                    /usr/lib/libxcb.so.1.1.0
7f3307cfc000-7f3307cfe000 r-xp 00000000 08:13 2805382                    /usr/lib/libXau.so.6.0.0
7f3307cfe000-7f3307efd000 ---p 00002000 08:13 2805382                    /usr/lib/libXau.so.6.0.0
7f3307efd000-7f3307efe000 r-xp 00001000 08:13 2805382                    /usr/lib/libXau.so.6.0.0
7f3307efe000-7f3307eff000 rwxp 00002000 08:13 2805382                    /usr/lib/libXau.so.6.0.0
7f3307eff000-7f3307f02000 ---p 7f3307eff000 00:00 0 
7f3307f02000-7f3308000000 rwxp 7f3307f02000 00:00 0 
7f3308000000-7f330829b000 rwxp 7f3308000000 00:00 0 
7f330829b000-7f330c000000 ---p 7f330829b000 00:00 0 
7f330c001000-7f330c004000 ---p 7f330c001000 00:00 0 
7f330c004000-7f330c102000 rwxp 7f330c004000 00:00 0 
7f330c102000-7f330c10b000 r-xp 00000000 08:13 2805586                    /usr/lib/libXi.so.6.0.0
7f330c10b000-7f330c30b000 ---p 00009000 08:13 2805586                    /usr/lib/libXi.so.6.0.0
7f330c30b000-7f330c30c000 r-xp 00009000 08:13 2805586                    /usr/lib/libXi.so.6.0.0
7f330c30c000-7f330c30d000 rwxp 0000a000 08:13 2805586                    /usr/lib/libXi.so.6.0.0
7f330c30d000-7f330c312000 r-xp 00000000 08:13 2806834                    /usr/lib/libXtst.so.6.1.0
7f330c312000-7f330c512000 ---p 00005000 08:13 2806834                    /usr/lib/libXtst.so.6.1.0
7f330c512000-7f330c513000 r-xp 00005000 08:13 2806834                    /usr/lib/libXtst.so.6.1.0
7f330c513000-7f330c514000 rwxp 00006000 08:13 2806834                    /usr/lib/libXtst.so.6.1.0
7f330c514000-7f330c616000 r-xp 00000000 08:13 2805388                    /usr/lib/libX11.so.6.2.0
7f330c616000-7f330c816000 ---p 00102000 08:13 2805388                    /usr/lib/libX11.so.6.2.0
7f330c816000-7f330c817000 r-xp 00102000 08:13 2805388                    /usr/lib/libX11.so.6.2.0
7f330c817000-7f330c81b000 rwxp 00103000 08:13 2805388                    /usr/lib/libX11.so.6.2.0
7f330c81b000-7f330c82c000 r-xp 00000000 08:13 2805394                    /usr/lib/libXext.so.6.4.0
7f330c82c000-7f330ca2b000 ---p 00011000 08:13 2805394                    /usr/lib/libXext.so.6.4.0
7f330ca2b000-7f330ca2c000 r-xp 00010000 08:13 2805394                    /usr/lib/libXext.so.6.4.0
7f330ca2c000-7f330ca2d000 rwxp 00011000 08:13 2805394                    /usr/lib/libXext.so.6.4.0
7f330ca2e000-7f330ca2f000 r-xs 00000000 08:13 3197424                    /var/cache/fontconfig/4794a0821666d79190d59a36cb4f44b5-x86-64.cache-2
7f330ca2f000-7f330ca38000 r-xs 00000000 08:13 3197417                    /var/cache/fontconfig/d52a8644073d54c13679302ca1180695-x86-64.cache-2
7f330ca38000-7f330ca44000 r-xs 00000000 08:13 3197416                    /var/cache/fontconfig/089dead882dea3570ffc31a9898cfb69-x86-64.cache-2
7f330ca44000-7f330ca48000 r-xs 00000000 08:13 3197398                    /var/cache/fontconfig/cabbd14511b9e8a55e92af97fb3a0461-x86-64.cache-2
7f330ca48000-7f330ca89000 r-xp 00000000 08:13 3163194                    /usr/lib/jvm/java-6-sun-1.6.0.13/jre/lib/amd64/xawt/libmawt.so
7f330ca89000-7f330cb88000 ---p 00041000 08:13 3163194                    /usr/lib/jvm/java-6-sun-1.6.0.13/jre/lib/amd64/xawt/libmawt.so
7f330cb88000-7f330cb94000 rwxp 00040000 08:13 3163194                    /usr/lib/jvm/java-6-sun-1.6.0.13/jre/lib/amd64/xawt/libmawt.so
7f330cb94000-7f330cb95000 rwxp 7f330cb94000 00:00 0 
7f330cb95000-7f330cc27000 r-xp 00000000 08:13 3163239                    /usr/lib/jvm/java-6-sun-1.6.0.13/jre/lib/amd64/libawt.so
7f330cc27000-7f330cd26000 ---p 00092000 08:13 3163239                    /usr/lib/jvm/java-6-sun-1.6.0.13/jre/lib/amd64/libawt.so
7f330cd26000-7f330cd3f000 rwxp 00091000 08:13 3163239                    /usr/lib/jvm/java-6-sun-1.6.0.13/jre/lib/amd64/libawt.so
7f330cd3f000-7f330cd64000 rwxp 7f330cd3f000 00:00 0 
7f330cd64000-7f330cd65000 ---p 7f330cd64000 00:00 0 
7f330cd65000-7f330ce65000 rwxp 7f330cd65000 00:00 0 
7f330ce65000-7f330ce68000 ---p 7f330ce65000 00:00 0 
7f330ce68000-7f330cf66000 rwxp 7f330ce68000 00:00 0 
7f330cf66000-7f330cf69000 ---p 7f330cf66000 00:00 0 
7f330cf69000-7f330d067000 rwxp 7f330cf69000 00:00 0 
7f330d067000-7f330d06a000 ---p 7f330d067000 00:00 0 
7f330d06a000-7f330d168000 rwxp 7f330d06a000 00:00 0 
7f330d168000-7f330d16b000 ---p 7f330d168000 00:00 0 
7f330d16b000-7f330d269000 rwxp 7f330d16b000 00:00 0 
7f330d269000-7f330d270000 r-xs 00000000 08:13 2803699                    /usr/lib/gconv/gconv-modules.cache
7f330d270000-7f330d2af000 r-xp 00000000 08:13 2827839                    /usr/lib/locale/zh_CN.utf8/LC_CTYPE
7f330d2af000-7f330d2b2000 ---p 7f330d2af000 00:00 0 
7f330d2b2000-7f330d3b0000 rwxp 7f330d2b2000 00:00 0 
7f330d3b0000-7f330d3b1000 ---p 7f330d3b0000 00:00 0 
7f330d3b1000-7f330d526000 rwxp 7f330d3b1000 00:00 0 
7f330d526000-7f330d6b8000 r-xs 02f34000 08:13 2942580                    /usr/lib/jvm/java-6-sun-1.6.0.13/jre/lib/rt.jar
7f330d6b8000-7f330d6e0000 rwxp 7f330d6b8000 00:00 0 
7f330d6e0000-7f330d6e1000 ---p 7f330d6e0000 00:00 0 
7f330d6e1000-7f330d7e1000 rwxp 7f330d6e1000 00:00 0 
7f330d7e1000-7f330d7e2000 ---p 7f330d7e1000 00:00 0 
7f330d7e2000-7f330d8ed000 rwxp 7f330d7e2000 00:00 0 
7f330d8ed000-7f330d90c000 rwxp 7f330d8ed000 00:00 0 
7f330d90c000-7f330d92a000 rwxp 7f330d90c000 00:00 0 
7f330d92a000-7f330dae3000 rwxp 7f330d92a000 00:00 0 
7f330dae3000-7f330daee000 rwxp 7f330dae3000 00:00 0 
7f330daee000-7f330db0d000 rwxp 7f330daee000 00:00 0 
7f330db0d000-7f330db2b000 rwxp 7f330db0d000 00:00 0 
7f330db2b000-7f330dce3000 rwxp 7f330db2b000 00:00 0 
7f330dce3000-7f330dcf3000 rwxp 7f330dce3000 00:00 0 
7f330dcf3000-7f330ddcf000 rwxp 7f330dcf3000 00:00 0 
7f330ddcf000-7f330f290000 rwxp 7f330ddcf000 00:00 0 
7f330f290000-7f33131d0000 rwxp 7f330f290000 00:00 0 
7f33131d0000-7f3316cb0000 rwxp 7f33131d0000 00:00 0 
7f3316cb0000-7f334df30000 rwxp 7f3316cb0000 00:00 0 
7f334df30000-7f334fc90000 rwxp 7f334df30000 00:00 0 
7f334fc90000-7f336b5d0000 rwxp 7f334fc90000 00:00 0 
7f336b5d0000-7f336b5d3000 r-xs 00000000 08:13 3197433                    /var/cache/fontconfig/ddd4086aec35a5275babba44bb759c3c-x86-64.cache-2
7f336b5d3000-7f336b5dd000 r-xs 00000000 08:13 3195524                    /var/cache/fontconfig/e13b20fdb08344e0e664864cc2ede53d-x86-64.cache-2
7f336b5dd000-7f336b84d000 rwxp 7f336b5dd000 00:00 0 
7f336b84d000-7f336e5dd000 rwxp 7f336b84d000 00:00 0 
7f336e5dd000-7f336e5eb000 r-xp 00000000 08:13 3163206                    /usr/lib/jvm/java-6-sun-1.6.0.13/jre/lib/amd64/libzip.so
7f336e5eb000-7f336e6ed000 ---p 0000e000 08:13 3163206                    /usr/lib/jvm/java-6-sun-1.6.0.13/jre/lib/amd64/libzip.so
7f336e6ed000-7f336e6f0000 rwxp 00010000 08:13 3163206                    /usr/lib/jvm/java-6-sun-1.6.0.13/jre/lib/amd64/libzip.so
7f336e6f0000-7f336e6f1000 rwxp 7f336e6f0000 00:00 0 
7f336e6f1000-7f336e71a000 r-xp 00000000 08:13 3163219                    /usr/lib/jvm/java-6-sun-1.6.0.13/jre/lib/amd64/libjava.so
7f336e71a000-7f336e819000 ---p 00029000 08:13 3163219                    /usr/lib/jvm/java-6-sun-1.6.0.13/jre/lib/amd64/libjava.so
7f336e819000-7f336e820000 rwxp 00028000 08:13 3163219                    /usr/lib/jvm/java-6-sun-1.6.0.13/jre/lib/amd64/libjava.so
7f336e820000-7f336e82d000 r-xp 00000000 08:13 3163201                    /usr/lib/jvm/java-6-sun-1.6.0.13/jre/lib/amd64/libverify.so
7f336e82d000-7f336e92c000 ---p 0000d000 08:13 3163201                    /usr/lib/jvm/java-6-sun-1.6.0.13/jre/lib/amd64/libverify.so
7f336e92c000-7f336e92f000 rwxp 0000c000 08:13 3163201                    /usr/lib/jvm/java-6-sun-1.6.0.13/jre/lib/amd64/libverify.so
7f336e92f000-7f336e93b000 r-xp 00000000 08:13 213021                     /lib/libnss_files-2.9.so
7f336e93b000-7f336eb3a000 ---p 0000c000 08:13 213021                     /lib/libnss_files-2.9.so
7f336eb3a000-7f336eb3b000 r-xp 0000b000 08:13 213021                     /lib/libnss_files-2.9.so
7f336eb3b000-7f336eb3c000 rwxp 0000c000 08:13 213021                     /lib/libnss_files-2.9.so
7f336eb3c000-7f336eb46000 r-xp 00000000 08:13 213023                     /lib/libnss_nis-2.9.so
7f336eb46000-7f336ed45000 ---p 0000a000 08:13 213023                     /lib/libnss_nis-2.9.so
7f336ed45000-7f336ed46000 r-xp 00009000 08:13 213023                     /lib/libnss_nis-2.9.so
7f336ed46000-7f336ed47000 rwxp 0000a000 08:13 213023                     /lib/libnss_nis-2.9.so
7f336ed47000-7f336ed4f000 r-xp 00000000 08:13 213019                     /lib/libnss_compat-2.9.so
7f336ed4f000-7f336ef4e000 ---p 00008000 08:13 213019                     /lib/libnss_compat-2.9.so
7f336ef4e000-7f336ef4f000 r-xp 00007000 08:13 213019                     /lib/libnss_compat-2.9.so
7f336ef4f000-7f336ef50000 rwxp 00008000 08:13 213019                     /lib/libnss_compat-2.9.so
7f336ef50000-7f336ef66000 r-xp 00000000 08:13 213018                     /lib/libnsl-2.9.so
7f336ef66000-7f336f166000 ---p 00016000 08:13 213018                     /lib/libnsl-2.9.so
7f336f166000-7f336f167000 r-xp 00016000 08:13 213018                     /lib/libnsl-2.9.so
7f336f167000-7f336f168000 rwxp 00017000 08:13 213018                     /lib/libnsl-2.9.so
7f336f168000-7f336f16a000 rwxp 7f336f168000 00:00 0 
7f336f16a000-7f336f171000 r-xp 00000000 08:13 3163208                    /usr/lib/jvm/java-6-sun-1.6.0.13/jre/lib/amd64/native_threads/libhpi.so
7f336f171000-7f336f272000 ---p 00007000 08:13 3163208                    /usr/lib/jvm/java-6-sun-1.6.0.13/jre/lib/amd64/native_threads/libhpi.so
7f336f272000-7f336f274000 rwxp 00008000 08:13 3163208                    /usr/lib/jvm/java-6-sun-1.6.0.13/jre/lib/amd64/native_threads/libhpi.so
7f336f274000-7f336f275000 rwxp 7f336f274000 00:00 0 
7f336f275000-7f336f27c000 r-xp 00000000 08:13 213028                     /lib/librt-2.9.so
7f336f27c000-7f336f47b000 ---p 00007000 08:13 213028                     /lib/librt-2.9.so
7f336f47b000-7f336f47c000 r-xp 00006000 08:13 213028                     /lib/librt-2.9.so
7f336f47c000-7f336f47d000 rwxp 00007000 08:13 213028                     /lib/librt-2.9.so
7f336f47d000-7f336f480000 ---p 7f336f47d000 00:00 0 
7f336f480000-7f336f57e000 rwxp 7f336f480000 00:00 0 
7f336f57e000-7f336f602000 r-xp 00000000 08:13 213016                     /lib/libm-2.9.so
7f336f602000-7f336f801000 ---p 00084000 08:13 213016                     /lib/libm-2.9.so
7f336f801000-7f336f802000 r-xp 00083000 08:13 213016                     /lib/libm-2.9.so
7f336f802000-7f336f803000 rwxp 00084000 08:13 213016                     /lib/libm-2.9.so
7f336f803000-7f336fe90000 r-xp 00000000 08:13 3163226                    /usr/lib/jvm/java-6-sun-1.6.0.13/jre/lib/amd64/server/libjvm.so
7f336fe90000-7f336ff8f000 ---p 0068d000 08:13 3163226                    /usr/lib/jvm/java-6-sun-1.6.0.13/jre/lib/amd64/server/libjvm.so
7f336ff8f000-7f33700e0000 rwxp 0068c000 08:13 3163226                    /usr/lib/jvm/java-6-sun-1.6.0.13/jre/lib/amd64/server/libjvm.so
7f33700e0000-7f337011d000 rwxp 7f33700e0000 00:00 0 
7f337011d000-7f3370285000 r-xp 00000000 08:13 213012                     /lib/libc-2.9.so
7f3370285000-7f3370485000 ---p 00168000 08:13 213012                     /lib/libc-2.9.so
7f3370485000-7f3370489000 r-xp 00168000 08:13 213012                     /lib/libc-2.9.so
7f3370489000-7f337048a000 rwxp 0016c000 08:13 213012                     /lib/libc-2.9.so
7f337048a000-7f337048f000 rwxp 7f337048a000 00:00 0 
7f337048f000-7f3370491000 r-xp 00000000 08:13 213015                     /lib/libdl-2.9.so
7f3370491000-7f3370691000 ---p 00002000 08:13 213015                     /lib/libdl-2.9.so
7f3370691000-7f3370692000 r-xp 00002000 08:13 213015                     /lib/libdl-2.9.so
7f3370692000-7f3370693000 rwxp 00003000 08:13 213015                     /lib/libdl-2.9.so
7f3370693000-7f33706aa000 r-xp 00000000 08:13 213026                     /lib/libpthread-2.9.so
7f33706aa000-7f33708a9000 ---p 00017000 08:13 213026                     /lib/libpthread-2.9.so
7f33708a9000-7f33708aa000 r-xp 00016000 08:13 213026                     /lib/libpthread-2.9.so
7f33708aa000-7f33708ab000 rwxp 00017000 08:13 213026                     /lib/libpthread-2.9.so
7f33708ab000-7f33708af000 rwxp 7f33708ab000 00:00 0 
7f33708af000-7f33708cf000 r-xp 00000000 08:13 213006                     /lib/ld-2.9.so
7f33708d0000-7f33708d7000 r-xs 00059000 08:11 1172178                    /home/epsilon/文档/4_java/javaTools/apache-log4j-1.2.15/log4j-1.2.15.jar
7f33708d7000-7f33708df000 r-xs 0004b000 08:11 162661                     /home/epsilon/文档/4_java/javaTools/commons-math-1.2/commons-math-1.2.jar
7f33708df000-7f33708e3000 r-xs 00042000 08:11 181746                     /home/epsilon/NetBeansProjects/EpsilonUtils/trunk/dist/EpsilonYUtil.jar
7f33708e3000-7f33708ed000 rwxp 7f33708e3000 00:00 0 
7f33708ed000-7f33709a3000 rwxp 7f33708ed000 00:00 0 
7f33709a3000-7f33709a5000 rwxp 7f33709a3000 00:00 0 
7f33709a5000-7f33709ac000 r-xp 00000000 08:13 3163192                    /usr/lib/jvm/java-6-sun-1.6.0.13/jre/lib/amd64/jli/libjli.so
7f33709ac000-7f3370aad000 ---p 00007000 08:13 3163192                    /usr/lib/jvm/java-6-sun-1.6.0.13/jre/lib/amd64/jli/libjli.so
7f3370aad000-7f3370aaf000 rwxp 00008000 08:13 3163192                    /usr/lib/jvm/java-6-sun-1.6.0.13/jre/lib/amd64/jli/libjli.so
7f3370aaf000-7f3370ab0000 rwxp 7f3370aaf000 00:00 0 
7f3370ab0000-7f3370ab3000 r-xs 00000000 08:13 3196574                    /var/cache/fontconfig/7ef2298fde41cc6eeb7af42e48b7d293-x86-64.cache-2
7f3370ab3000-7f3370ac1000 r-xs 000ba000 08:11 422677                     /home/epsilon/文档/4_java/javaTools/mtj.jar
7f3370ac1000-7f3370ac9000 rwxs 00000000 08:13 377148                     /tmp/hsperfdata_epsilon/10064
7f3370ac9000-7f3370aca000 rwxp 7f3370ac9000 00:00 0 
7f3370aca000-7f3370acb000 r-xp 7f3370aca000 00:00 0 
7f3370acb000-7f3370ace000 rwxp 7f3370acb000 00:00 0 
7f3370ace000-7f3370acf000 r-xp 0001f000 08:13 213006                     /lib/ld-2.9.so
7f3370acf000-7f3370ad0000 rwxp 00020000 08:13 213006                     /lib/ld-2.9.so
7fff78aba000-7fff78acf000 rwxp 7ffffffea000 00:00 0                      [stack]
7fff78bfe000-7fff78bff000 r-xp 7fff78bfe000 00:00 0                      [vdso]
ffffffffff600000-ffffffffff601000 r-xp 00000000 00:00 0                  [vsyscall]

VM Arguments:
jvm_args: -Dawt.useSystemAAFontSettings=on 
java_command: net.epsilony.simpmeshfree.model.ModelTestFrame
Launcher Type: SUN_STANDARD

Environment Variables:
_JAVA_OPTIONS=-Dawt.useSystemAAFontSettings=on
PATH=/usr/local/sbin:/usr/local/bin:/usr/sbin:/usr/bin:/sbin:/bin:/usr/games
USERNAME=epsilon
LD_LIBRARY_PATH=/usr/lib/jvm/java-6-sun-1.6.0.13/jre/lib/amd64/server:/usr/lib/jvm/java-6-sun-1.6.0.13/jre/lib/amd64:/usr/lib/jvm/java-6-sun-1.6.0.13/jre/../lib/amd64
SHELL=/bin/bash
DISPLAY=:0.0

Signal Handlers:
SIGSEGV: [libjvm.so+0x5fcd20], sa_mask[0]=0x7ffbfeff, sa_flags=0x10000004
SIGBUS: [libjvm.so+0x5fcd20], sa_mask[0]=0x7ffbfeff, sa_flags=0x10000004
SIGFPE: [libjvm.so+0x4e0eb0], sa_mask[0]=0x7ffbfeff, sa_flags=0x10000004
SIGPIPE: [libjvm.so+0x4e0eb0], sa_mask[0]=0x7ffbfeff, sa_flags=0x10000004
SIGXFSZ: [libjvm.so+0x4e0eb0], sa_mask[0]=0x7ffbfeff, sa_flags=0x10000004
SIGILL: [libjvm.so+0x4e0eb0], sa_mask[0]=0x7ffbfeff, sa_flags=0x10000004
SIGUSR1: SIG_DFL, sa_mask[0]=0x00000000, sa_flags=0x00000000
SIGUSR2: [libjvm.so+0x4e35d0], sa_mask[0]=0x00000004, sa_flags=0x10000004
SIGHUP: [libjvm.so+0x4e3320], sa_mask[0]=0x7ffbfeff, sa_flags=0x10000004
SIGINT: SIG_IGN, sa_mask[0]=0x00000000, sa_flags=0x00000000
SIGTERM: [libjvm.so+0x4e3320], sa_mask[0]=0x7ffbfeff, sa_flags=0x10000004
SIGQUIT: [libjvm.so+0x4e3320], sa_mask[0]=0x7ffbfeff, sa_flags=0x10000004


---------------  S Y S T E M  ---------------

OS:5.0

uname:Linux 2.6.28-12-generic #43-Ubuntu SMP Fri May 1 19:31:32 UTC 2009 x86_64
libc:glibc 2.9 NPTL 2.9 
rlimit: STACK 8192k, CORE 0k, NPROC infinity, NOFILE 1024, AS infinity
load average:0.47 0.36 0.19

CPU:total 2 (2 cores per cpu, 1 threads per core) family 16 model 2 stepping 3, cmov, cx8, fxsr, mmx, sse, sse2, sse3, mmxext, 3dnow, 3dnowext, sse4a

Memory: 4k page, physical 5780180k(2870792k free), swap 3903752k(3851972k free)

vm_info: Java HotSpot(TM) 64-Bit Server VM (11.3-b02) for linux-amd64 JRE (1.6.0_13-b03), built on Mar  9 2009 11:08:22 by "java_re" with gcc 3.2.2 (SuSE Linux)

time: Mon May 18 19:57:21 2009
elapsed time: 0 seconds

