#
# An unexpected error has been detected by Java Runtime Environment:
#
#  SIGSEGV (0xb) at pc=0x00007f481017911b, pid=24094, tid=139945718892880
#
# Java VM: Java HotSpot(TM) 64-Bit Server VM (11.3-b02 mixed mode linux-amd64)
# Problematic frame:
# C  [libc.so.6+0x8411b]  memcpy+0x15b
#
# If you would like to submit a bug report, please visit:
#   http://java.sun.com/webapps/bugreport/crash.jsp
#

---------------  T H R E A D  ---------------

Current thread (0x00007f47a005c800):  JavaThread "AWT-EventQueue-0" [_thread_in_vm, id=24109, stack(0x00007f47a6ccc000,0x00007f47a6dcd000)]

siginfo:si_signo=SIGSEGV: si_errno=0, si_code=2 (SEGV_ACCERR), si_addr=0x00007f47a010f000

Registers:
RAX=0x00007f47ef25c568, RBX=0x00007f47addb12a0, RCX=0x0000000000000040, RDX=0x0000000000000e20
RSP=0x00007f47a6dcb3d8, RBP=0x00007f47a6dcb460, RSI=0x00007f47a010f000, RDI=0x00007f47ef25d188
R8 =0x0000000000000ffc, R9 =0x00007f480ffc55b8, R10=0x00007f480ffc9028, R11=0x0000000000000e20
R12=0x0000000000000e20, R13=0x0000000000000000, R14=0x000000004214a178, R15=0x00007f47a6dcb3f0
RIP=0x00007f481017911b, EFL=0x0000000000010212, CSGSFS=0x0000000000000033, ERR=0x0000000000000004
  TRAPNO=0x000000000000000e

Top of Stack: (sp=0x00007f47a6dcb3d8)
0x00007f47a6dcb3d8:   00007f480fb21600 00007f47a005c9c0
0x00007f47a6dcb3e8:   00007f47a010e3e0 00007f47a005c800
0x00007f47a6dcb3f8:   0000000000000000 00007f47a005c800
0x00007f47a6dcb408:   0000000000000000 00007f47a005c800
0x00007f47a6dcb418:   00007f47a6dcb558 00007f47a005c800
0x00007f47a6dcb428:   00007f481016f276 00007f47a005c800
0x00007f47a6dcb438:   000000004214a178 00007f47a0064500
0x00007f47a6dcb448:   00007f47a002c240 00007f47a6dcb558
0x00007f47a6dcb458:   000000004214a120 00007f47a005c9c0
0x00007f47a6dcb468:   00007f47a68a9486 00007f47a0024370
0x00007f47a6dcb478:   000000004214a128 000000004214a130
0x00007f47a6dcb488:   000000004214a138 000000004214a140
0x00007f47a6dcb498:   00007f47a6dcb4f8 000000004214a148
0x00007f47a6dcb4a8:   0000000000000000 01010101001e3d98
0x00007f47a6dcb4b8:   00007f47ae7a8ab8 00007f47a6dcb538
0x00007f47a6dcb4c8:   0000000000000101 00007f47ae7a8ab8
0x00007f47a6dcb4d8:   00007f47a6dcb558 00007f47a005c800
0x00007f47a6dcb4e8:   00007f480b5c3852 00007f47ae1eb500
0x00007f47a6dcb4f8:   00007f47a6dcb4f8 0000000000000000
0x00007f47a6dcb508:   00007f47a6dcb558 00007f47ae7a94f0
0x00007f47a6dcb518:   0000000000000000 00007f47ae7a8ab8
0x00007f47a6dcb528:   0000000000000000 00007f47a6dcb558
0x00007f47a6dcb538:   00007f47a6dcb5a0 00007f480b5b8322
0x00007f47a6dcb548:   0000000000000000 00007f480b5c0358
0x00007f47a6dcb558:   00007f47ef24d7a0 00007f47a6dcb560
0x00007f47a6dcb568:   00007f47ae7a7595 00007f47a6dcb5e8
0x00007f47a6dcb578:   00007f47ae7a94f0 0000000000000000
0x00007f47a6dcb588:   00007f47ae7a7620 00007f47a6dcb558
0x00007f47a6dcb598:   00007f47a6dcb5d8 00007f47a6dcb630
0x00007f47a6dcb5a8:   00007f480b5b8322 0000000000000000
0x00007f47a6dcb5b8:   00007f47ef25aa98 0000000000000000
0x00007f47a6dcb5c8:   00007f47ef25aa80 00007f47ef25a6e8 

Instructions: (pc=0x00007f481017911b)
0x00007f481017910b:   0f 47 da 4c 89 d9 49 83 e3 f8 48 c1 e9 03 74 05
0x00007f481017911b:   f3 48 a5 66 90 4c 29 da 48 f7 c2 f8 ff ff ff 75 

Stack: [0x00007f47a6ccc000,0x00007f47a6dcd000],  sp=0x00007f47a6dcb3d8,  free space=1020k
Native frames: (J=compiled Java code, j=interpreted, Vv=VM code, C=native code)
C  [libc.so.6+0x8411b]  memcpy+0x15b

Java frames: (J=compiled Java code, j=interpreted, Vv=VM code)
j  net.epsilony.simpmeshfree.model.geometry.TriangleJni.triangleFun()V+0
j  net.epsilony.simpmeshfree.model.geometry.TriangleJni.complie(Lnet/epsilony/simpmeshfree/model/geometry/GeometryModel;Ljava/lang/String;)V+141
j  net.epsilony.simpmeshfree.model.mechanics.MechanicsModel.generateQuadratureDomainsByTriangle(DDLjava/lang/String;)V+60
j  net.epsilony.simpmeshfree.model.ModelTestFrame.<init>()V+614
j  net.epsilony.simpmeshfree.model.ModelTestFrame$1.run()V+4
j  java.awt.event.InvocationEvent.dispatch()V+47
j  java.awt.EventQueue.dispatchEvent(Ljava/awt/AWTEvent;)V+26
j  java.awt.EventDispatchThread.pumpOneEventForFilters(I)Z+204
j  java.awt.EventDispatchThread.pumpEventsForFilter(ILjava/awt/Conditional;Ljava/awt/EventFilter;)V+30
j  java.awt.EventDispatchThread.pumpEventsForHierarchy(ILjava/awt/Conditional;Ljava/awt/Component;)V+11
j  java.awt.EventDispatchThread.pumpEvents(ILjava/awt/Conditional;)V+4
j  java.awt.EventDispatchThread.pumpEvents(Ljava/awt/Conditional;)V+3
j  java.awt.EventDispatchThread.run()V+9
v  ~StubRoutines::call_stub

---------------  P R O C E S S  ---------------

Java Threads: ( => current thread )
  0x00007f47a0062400 JavaThread "Thread-3" [_thread_blocked, id=24111, stack(0x00007f47a6aca000,0x00007f47a6bcb000)]
  0x00007f47a0061400 JavaThread "Thread-2" [_thread_blocked, id=24110, stack(0x00007f47a6bcb000,0x00007f47a6ccc000)]
  0x00007f47a005dc00 JavaThread "DestroyJavaVM" [_thread_blocked, id=24095, stack(0x00007f480f455000,0x00007f480f556000)]
=>0x00007f47a005c800 JavaThread "AWT-EventQueue-0" [_thread_in_vm, id=24109, stack(0x00007f47a6ccc000,0x00007f47a6dcd000)]
  0x00007f47a005bc00 JavaThread "AWT-Shutdown" [_thread_blocked, id=24108, stack(0x00007f47a6e9a000,0x00007f47a6f9b000)]
  0x00007f47a005b000 JavaThread "AWT-XAWT" daemon [_thread_in_native, id=24107, stack(0x00007f47a6f9b000,0x00007f47a709c000)]
  0x00007f47a8096800 JavaThread "Java2D Disposer" daemon [_thread_blocked, id=24106, stack(0x00007f47a76d0000,0x00007f47a77d1000)]
  0x0000000041ff1000 JavaThread "Low Memory Detector" daemon [_thread_blocked, id=24104, stack(0x00007f47acd4b000,0x00007f47ace4c000)]
  0x0000000041fee000 JavaThread "CompilerThread1" daemon [_thread_in_native, id=24103, stack(0x00007f47ace4c000,0x00007f47acf4d000)]
  0x0000000041fec000 JavaThread "CompilerThread0" daemon [_thread_blocked, id=24102, stack(0x00007f47acf4d000,0x00007f47ad04e000)]
  0x0000000041fea000 JavaThread "Signal Dispatcher" daemon [_thread_blocked, id=24101, stack(0x00007f47ad04e000,0x00007f47ad14f000)]
  0x0000000041fc8c00 JavaThread "Finalizer" daemon [_thread_blocked, id=24100, stack(0x00007f47ad18e000,0x00007f47ad28f000)]
  0x0000000041fc1800 JavaThread "Reference Handler" daemon [_thread_blocked, id=24099, stack(0x00007f47ad28f000,0x00007f47ad390000)]

Other Threads:
  0x0000000041fbc000 VMThread [stack: 0x00007f47ad390000,0x00007f47ad491000] [id=24098]
  0x0000000041ff3000 WatcherThread [stack: 0x00007f47acc4a000,0x00007f47acd4b000] [id=24105]

VM state:not at safepoint (normal execution)

VM Mutex/Monitor currently owned by a thread: None

Heap
 PSYoungGen      total 26368K, used 19801K [0x00007f47edf10000, 0x00007f47efc70000, 0x00007f480b5b0000)
  eden space 22656K, 87% used [0x00007f47edf10000,0x00007f47ef266738,0x00007f47ef530000)
  from space 3712K, 0% used [0x00007f47ef8d0000,0x00007f47ef8d0000,0x00007f47efc70000)
  to   space 3712K, 0% used [0x00007f47ef530000,0x00007f47ef530000,0x00007f47ef8d0000)
 PSOldGen        total 60288K, used 0K [0x00007f47b31b0000, 0x00007f47b6c90000, 0x00007f47edf10000)
  object space 60288K, 0% used [0x00007f47b31b0000,0x00007f47b31b0000,0x00007f47b6c90000)
 PSPermGen       total 21248K, used 10245K [0x00007f47addb0000, 0x00007f47af270000, 0x00007f47b31b0000)
  object space 21248K, 48% used [0x00007f47addb0000,0x00007f47ae7b1590,0x00007f47af270000)

Dynamic libraries:
40000000-40009000 r-xp 00000000 08:13 3163089                            /usr/lib/jvm/java-6-sun-1.6.0.13/jre/bin/java
40108000-4010a000 rwxp 00008000 08:13 3163089                            /usr/lib/jvm/java-6-sun-1.6.0.13/jre/bin/java
41f33000-42e23000 rwxp 41f33000 00:00 0                                  [heap]
7f47a0000000-7f47a010f000 rwxp 7f47a0000000 00:00 0 
7f47a010f000-7f47a4000000 ---p 7f47a010f000 00:00 0 
7f47a6380000-7f47a6396000 r-xp 00000000 08:13 213005                     /lib/libgcc_s.so.1
7f47a6396000-7f47a6596000 ---p 00016000 08:13 213005                     /lib/libgcc_s.so.1
7f47a6596000-7f47a6597000 r-xp 00016000 08:13 213005                     /lib/libgcc_s.so.1
7f47a6597000-7f47a6598000 rwxp 00017000 08:13 213005                     /lib/libgcc_s.so.1
7f47a6598000-7f47a6689000 r-xp 00000000 08:13 2802601                    /usr/lib/libstdc++.so.6.0.10
7f47a6689000-7f47a6889000 ---p 000f1000 08:13 2802601                    /usr/lib/libstdc++.so.6.0.10
7f47a6889000-7f47a6890000 r-xp 000f1000 08:13 2802601                    /usr/lib/libstdc++.so.6.0.10
7f47a6890000-7f47a6892000 rwxp 000f8000 08:13 2802601                    /usr/lib/libstdc++.so.6.0.10
7f47a6892000-7f47a68a5000 rwxp 7f47a6892000 00:00 0 
7f47a68a5000-7f47a68c9000 r-xp 00000000 08:13 1942103                    /usr/lib/TriangleJniAmd64.so
7f47a68c9000-7f47a6ac8000 ---p 00024000 08:13 1942103                    /usr/lib/TriangleJniAmd64.so
7f47a6ac8000-7f47a6ac9000 r-xp 00023000 08:13 1942103                    /usr/lib/TriangleJniAmd64.so
7f47a6ac9000-7f47a6aca000 rwxp 00024000 08:13 1942103                    /usr/lib/TriangleJniAmd64.so
7f47a6aca000-7f47a6acd000 ---p 7f47a6aca000 00:00 0 
7f47a6acd000-7f47a6bcb000 rwxp 7f47a6acd000 00:00 0 
7f47a6bcb000-7f47a6bce000 ---p 7f47a6bcb000 00:00 0 
7f47a6bce000-7f47a6ccc000 rwxp 7f47a6bce000 00:00 0 
7f47a6ccc000-7f47a6ccf000 ---p 7f47a6ccc000 00:00 0 
7f47a6ccf000-7f47a6dcd000 rwxp 7f47a6ccf000 00:00 0 
7f47a6dcd000-7f47a6dd6000 r-xs 00000000 08:13 3197464                    /var/cache/fontconfig/945677eb7aeaf62f1d50efc3fb3ec7d8-x86-64.cache-2
7f47a6e9a000-7f47a6e9d000 ---p 7f47a6e9a000 00:00 0 
7f47a6e9d000-7f47a6f9b000 rwxp 7f47a6e9d000 00:00 0 
7f47a6f9b000-7f47a6f9e000 ---p 7f47a6f9b000 00:00 0 
7f47a6f9e000-7f47a709c000 rwxp 7f47a6f9e000 00:00 0 
7f47a709c000-7f47a70a1000 r-xp 00000000 08:13 2805390                    /usr/lib/libXfixes.so.3.1.0
7f47a70a1000-7f47a72a0000 ---p 00005000 08:13 2805390                    /usr/lib/libXfixes.so.3.1.0
7f47a72a0000-7f47a72a1000 rwxp 00004000 08:13 2805390                    /usr/lib/libXfixes.so.3.1.0
7f47a72a1000-7f47a72aa000 r-xp 00000000 08:13 2805803                    /usr/lib/libXrender.so.1.3.0
7f47a72aa000-7f47a74a9000 ---p 00009000 08:13 2805803                    /usr/lib/libXrender.so.1.3.0
7f47a74a9000-7f47a74aa000 r-xp 00008000 08:13 2805803                    /usr/lib/libXrender.so.1.3.0
7f47a74aa000-7f47a74ab000 rwxp 00009000 08:13 2805803                    /usr/lib/libXrender.so.1.3.0
7f47a74ab000-7f47a74b4000 r-xp 00000000 08:13 2805843                    /usr/lib/libXcursor.so.1.0.2
7f47a74b4000-7f47a76b4000 ---p 00009000 08:13 2805843                    /usr/lib/libXcursor.so.1.0.2
7f47a76b4000-7f47a76b5000 rwxp 00009000 08:13 2805843                    /usr/lib/libXcursor.so.1.0.2
7f47a76d0000-7f47a76d3000 ---p 7f47a76d0000 00:00 0 
7f47a76d3000-7f47a77d1000 rwxp 7f47a76d3000 00:00 0 
7f47a77d1000-7f47a77d6000 r-xp 00000000 08:13 2805384                    /usr/lib/libXdmcp.so.6.0.0
7f47a77d6000-7f47a79d5000 ---p 00005000 08:13 2805384                    /usr/lib/libXdmcp.so.6.0.0
7f47a79d5000-7f47a79d6000 rwxp 00004000 08:13 2805384                    /usr/lib/libXdmcp.so.6.0.0
7f47a79d6000-7f47a79f1000 r-xp 00000000 08:13 2805386                    /usr/lib/libxcb.so.1.1.0
7f47a79f1000-7f47a7bf0000 ---p 0001b000 08:13 2805386                    /usr/lib/libxcb.so.1.1.0
7f47a7bf0000-7f47a7bf1000 r-xp 0001a000 08:13 2805386                    /usr/lib/libxcb.so.1.1.0
7f47a7bf1000-7f47a7bf2000 rwxp 0001b000 08:13 2805386                    /usr/lib/libxcb.so.1.1.0
7f47a7bf2000-7f47a7bf4000 r-xp 00000000 08:13 2805382                    /usr/lib/libXau.so.6.0.0
7f47a7bf4000-7f47a7df3000 ---p 00002000 08:13 2805382                    /usr/lib/libXau.so.6.0.0
7f47a7df3000-7f47a7df4000 r-xp 00001000 08:13 2805382                    /usr/lib/libXau.so.6.0.0
7f47a7df4000-7f47a7df5000 rwxp 00002000 08:13 2805382                    /usr/lib/libXau.so.6.0.0
7f47a7df5000-7f47a7dfe000 r-xp 00000000 08:13 2805586                    /usr/lib/libXi.so.6.0.0
7f47a7dfe000-7f47a7ffe000 ---p 00009000 08:13 2805586                    /usr/lib/libXi.so.6.0.0
7f47a7ffe000-7f47a7fff000 r-xp 00009000 08:13 2805586                    /usr/lib/libXi.so.6.0.0
7f47a7fff000-7f47a8000000 rwxp 0000a000 08:13 2805586                    /usr/lib/libXi.so.6.0.0
7f47a8000000-7f47a847e000 rwxp 7f47a8000000 00:00 0 
7f47a847e000-7f47ac000000 ---p 7f47a847e000 00:00 0 
7f47ac001000-7f47ac004000 r-xs 00000000 08:13 3197466                    /var/cache/fontconfig/e383d7ea5fbe662a33d9b44caf393297-x86-64.cache-2
7f47ac004000-7f47ac008000 r-xs 00000000 08:13 3197459                    /var/cache/fontconfig/6eb3985aa4124903f6ff08ba781cd364-x86-64.cache-2
7f47ac008000-7f47ac009000 r-xs 00000000 08:13 3197445                    /var/cache/fontconfig/4c73fe0c47614734b17d736dbde7580a-x86-64.cache-2
7f47ac009000-7f47ac00d000 r-xs 00000000 08:13 3196573                    /var/cache/fontconfig/a755afe4a08bf5b97852ceb7400b47bc-x86-64.cache-2
7f47ac00d000-7f47ac016000 r-xs 00000000 08:13 3197440                    /var/cache/fontconfig/6d41288fd70b0be22e8c3a91e032eec0-x86-64.cache-2
7f47ac016000-7f47ac019000 r-xs 00000000 08:13 3197439                    /var/cache/fontconfig/de156ccd2eddbdc19d37a45b8b2aac9c-x86-64.cache-2
7f47ac019000-7f47ac024000 r-xs 00000000 08:13 3197435                    /var/cache/fontconfig/e3de0de479f42330eadf588a55fb5bf4-x86-64.cache-2
7f47ac024000-7f47ac033000 r-xs 00000000 08:13 3197434                    /var/cache/fontconfig/0f34bcd4b6ee430af32735b75db7f02b-x86-64.cache-2
7f47ac033000-7f47ac036000 r-xs 00000000 08:13 3197433                    /var/cache/fontconfig/ddd4086aec35a5275babba44bb759c3c-x86-64.cache-2
7f47ac036000-7f47ac037000 r-xs 00000000 08:13 3197424                    /var/cache/fontconfig/4794a0821666d79190d59a36cb4f44b5-x86-64.cache-2
7f47ac037000-7f47ac040000 r-xs 00000000 08:13 3197417                    /var/cache/fontconfig/d52a8644073d54c13679302ca1180695-x86-64.cache-2
7f47ac040000-7f47ac0be000 r-xp 00000000 08:13 3163204                    /usr/lib/jvm/java-6-sun-1.6.0.13/jre/lib/amd64/libfontmanager.so
7f47ac0be000-7f47ac1bd000 ---p 0007e000 08:13 3163204                    /usr/lib/jvm/java-6-sun-1.6.0.13/jre/lib/amd64/libfontmanager.so
7f47ac1bd000-7f47ac1d3000 rwxp 0007d000 08:13 3163204                    /usr/lib/jvm/java-6-sun-1.6.0.13/jre/lib/amd64/libfontmanager.so
7f47ac1d3000-7f47ac1e4000 rwxp 7f47ac1d3000 00:00 0 
7f47ac1e4000-7f47ac1e9000 r-xp 00000000 08:13 2806834                    /usr/lib/libXtst.so.6.1.0
7f47ac1e9000-7f47ac3e9000 ---p 00005000 08:13 2806834                    /usr/lib/libXtst.so.6.1.0
7f47ac3e9000-7f47ac3ea000 r-xp 00005000 08:13 2806834                    /usr/lib/libXtst.so.6.1.0
7f47ac3ea000-7f47ac3eb000 rwxp 00006000 08:13 2806834                    /usr/lib/libXtst.so.6.1.0
7f47ac3eb000-7f47ac4ed000 r-xp 00000000 08:13 2805388                    /usr/lib/libX11.so.6.2.0
7f47ac4ed000-7f47ac6ed000 ---p 00102000 08:13 2805388                    /usr/lib/libX11.so.6.2.0
7f47ac6ed000-7f47ac6ee000 r-xp 00102000 08:13 2805388                    /usr/lib/libX11.so.6.2.0
7f47ac6ee000-7f47ac6f2000 rwxp 00103000 08:13 2805388                    /usr/lib/libX11.so.6.2.0
7f47ac6f2000-7f47ac703000 r-xp 00000000 08:13 2805394                    /usr/lib/libXext.so.6.4.0
7f47ac703000-7f47ac902000 ---p 00011000 08:13 2805394                    /usr/lib/libXext.so.6.4.0
7f47ac902000-7f47ac903000 r-xp 00010000 08:13 2805394                    /usr/lib/libXext.so.6.4.0
7f47ac903000-7f47ac904000 rwxp 00011000 08:13 2805394                    /usr/lib/libXext.so.6.4.0
7f47ac905000-7f47ac911000 r-xs 00000000 08:13 3197416                    /var/cache/fontconfig/089dead882dea3570ffc31a9898cfb69-x86-64.cache-2
7f47ac911000-7f47ac915000 r-xs 00000000 08:13 3197398                    /var/cache/fontconfig/cabbd14511b9e8a55e92af97fb3a0461-x86-64.cache-2
7f47ac915000-7f47ac91f000 r-xs 00000000 08:13 3195524                    /var/cache/fontconfig/e13b20fdb08344e0e664864cc2ede53d-x86-64.cache-2
7f47ac91f000-7f47ac960000 r-xp 00000000 08:13 3163194                    /usr/lib/jvm/java-6-sun-1.6.0.13/jre/lib/amd64/xawt/libmawt.so
7f47ac960000-7f47aca5f000 ---p 00041000 08:13 3163194                    /usr/lib/jvm/java-6-sun-1.6.0.13/jre/lib/amd64/xawt/libmawt.so
7f47aca5f000-7f47aca6b000 rwxp 00040000 08:13 3163194                    /usr/lib/jvm/java-6-sun-1.6.0.13/jre/lib/amd64/xawt/libmawt.so
7f47aca6b000-7f47aca6c000 rwxp 7f47aca6b000 00:00 0 
7f47aca6c000-7f47acafe000 r-xp 00000000 08:13 3163239                    /usr/lib/jvm/java-6-sun-1.6.0.13/jre/lib/amd64/libawt.so
7f47acafe000-7f47acbfd000 ---p 00092000 08:13 3163239                    /usr/lib/jvm/java-6-sun-1.6.0.13/jre/lib/amd64/libawt.so
7f47acbfd000-7f47acc16000 rwxp 00091000 08:13 3163239                    /usr/lib/jvm/java-6-sun-1.6.0.13/jre/lib/amd64/libawt.so
7f47acc16000-7f47acc3b000 rwxp 7f47acc16000 00:00 0 
7f47acc3b000-7f47acc42000 r-xs 00059000 08:11 1172178                    /home/epsilon/文档/4_java/javaTools/apache-log4j-1.2.15/log4j-1.2.15.jar
7f47acc42000-7f47acc4a000 r-xs 0004b000 08:11 162661                     /home/epsilon/文档/4_java/javaTools/commons-math-1.2/commons-math-1.2.jar
7f47acc4a000-7f47acc4b000 ---p 7f47acc4a000 00:00 0 
7f47acc4b000-7f47acd4b000 rwxp 7f47acc4b000 00:00 0 
7f47acd4b000-7f47acd4e000 ---p 7f47acd4b000 00:00 0 
7f47acd4e000-7f47ace4c000 rwxp 7f47acd4e000 00:00 0 
7f47ace4c000-7f47ace4f000 ---p 7f47ace4c000 00:00 0 
7f47ace4f000-7f47acf4d000 rwxp 7f47ace4f000 00:00 0 
7f47acf4d000-7f47acf50000 ---p 7f47acf4d000 00:00 0 
7f47acf50000-7f47ad04e000 rwxp 7f47acf50000 00:00 0 
7f47ad04e000-7f47ad051000 ---p 7f47ad04e000 00:00 0 
7f47ad051000-7f47ad14f000 rwxp 7f47ad051000 00:00 0 
7f47ad14f000-7f47ad18e000 r-xp 00000000 08:13 2827839                    /usr/lib/locale/zh_CN.utf8/LC_CTYPE
7f47ad18e000-7f47ad191000 ---p 7f47ad18e000 00:00 0 
7f47ad191000-7f47ad28f000 rwxp 7f47ad191000 00:00 0 
7f47ad28f000-7f47ad292000 ---p 7f47ad28f000 00:00 0 
7f47ad292000-7f47ad390000 rwxp 7f47ad292000 00:00 0 
7f47ad390000-7f47ad391000 ---p 7f47ad390000 00:00 0 
7f47ad391000-7f47ad506000 rwxp 7f47ad391000 00:00 0 
7f47ad506000-7f47ad698000 r-xs 02f34000 08:13 2942580                    /usr/lib/jvm/java-6-sun-1.6.0.13/jre/lib/rt.jar
7f47ad698000-7f47ad6c0000 rwxp 7f47ad698000 00:00 0 
7f47ad6c0000-7f47ad6c1000 ---p 7f47ad6c0000 00:00 0 
7f47ad6c1000-7f47ad7c1000 rwxp 7f47ad6c1000 00:00 0 
7f47ad7c1000-7f47ad7c2000 ---p 7f47ad7c1000 00:00 0 
7f47ad7c2000-7f47ad8cd000 rwxp 7f47ad7c2000 00:00 0 
7f47ad8cd000-7f47ad8ec000 rwxp 7f47ad8cd000 00:00 0 
7f47ad8ec000-7f47ad90a000 rwxp 7f47ad8ec000 00:00 0 
7f47ad90a000-7f47adac3000 rwxp 7f47ad90a000 00:00 0 
7f47adac3000-7f47adace000 rwxp 7f47adac3000 00:00 0 
7f47adace000-7f47adaed000 rwxp 7f47adace000 00:00 0 
7f47adaed000-7f47adb0b000 rwxp 7f47adaed000 00:00 0 
7f47adb0b000-7f47adcc3000 rwxp 7f47adb0b000 00:00 0 
7f47adcc3000-7f47adcd3000 rwxp 7f47adcc3000 00:00 0 
7f47adcd3000-7f47addaf000 rwxp 7f47adcd3000 00:00 0 
7f47addaf000-7f47af270000 rwxp 7f47addaf000 00:00 0 
7f47af270000-7f47b31b0000 rwxp 7f47af270000 00:00 0 
7f47b31b0000-7f47b6c90000 rwxp 7f47b31b0000 00:00 0 
7f47b6c90000-7f47edf10000 rwxp 7f47b6c90000 00:00 0 
7f47edf10000-7f47efc70000 rwxp 7f47edf10000 00:00 0 
7f47efc70000-7f480b5b0000 rwxp 7f47efc70000 00:00 0 
7f480b5b5000-7f480b825000 rwxp 7f480b5b5000 00:00 0 
7f480b825000-7f480e5b5000 rwxp 7f480b825000 00:00 0 
7f480e5b5000-7f480e5c3000 r-xp 00000000 08:13 3163206                    /usr/lib/jvm/java-6-sun-1.6.0.13/jre/lib/amd64/libzip.so
7f480e5c3000-7f480e6c5000 ---p 0000e000 08:13 3163206                    /usr/lib/jvm/java-6-sun-1.6.0.13/jre/lib/amd64/libzip.so
7f480e6c5000-7f480e6c8000 rwxp 00010000 08:13 3163206                    /usr/lib/jvm/java-6-sun-1.6.0.13/jre/lib/amd64/libzip.so
7f480e6c8000-7f480e6c9000 rwxp 7f480e6c8000 00:00 0 
7f480e6c9000-7f480e6f2000 r-xp 00000000 08:13 3163219                    /usr/lib/jvm/java-6-sun-1.6.0.13/jre/lib/amd64/libjava.so
7f480e6f2000-7f480e7f1000 ---p 00029000 08:13 3163219                    /usr/lib/jvm/java-6-sun-1.6.0.13/jre/lib/amd64/libjava.so
7f480e7f1000-7f480e7f8000 rwxp 00028000 08:13 3163219                    /usr/lib/jvm/java-6-sun-1.6.0.13/jre/lib/amd64/libjava.so
7f480e7f8000-7f480e805000 r-xp 00000000 08:13 3163201                    /usr/lib/jvm/java-6-sun-1.6.0.13/jre/lib/amd64/libverify.so
7f480e805000-7f480e904000 ---p 0000d000 08:13 3163201                    /usr/lib/jvm/java-6-sun-1.6.0.13/jre/lib/amd64/libverify.so
7f480e904000-7f480e907000 rwxp 0000c000 08:13 3163201                    /usr/lib/jvm/java-6-sun-1.6.0.13/jre/lib/amd64/libverify.so
7f480e907000-7f480e913000 r-xp 00000000 08:13 213021                     /lib/libnss_files-2.9.so
7f480e913000-7f480eb12000 ---p 0000c000 08:13 213021                     /lib/libnss_files-2.9.so
7f480eb12000-7f480eb13000 r-xp 0000b000 08:13 213021                     /lib/libnss_files-2.9.so
7f480eb13000-7f480eb14000 rwxp 0000c000 08:13 213021                     /lib/libnss_files-2.9.so
7f480eb14000-7f480eb1e000 r-xp 00000000 08:13 213023                     /lib/libnss_nis-2.9.so
7f480eb1e000-7f480ed1d000 ---p 0000a000 08:13 213023                     /lib/libnss_nis-2.9.so
7f480ed1d000-7f480ed1e000 r-xp 00009000 08:13 213023                     /lib/libnss_nis-2.9.so
7f480ed1e000-7f480ed1f000 rwxp 0000a000 08:13 213023                     /lib/libnss_nis-2.9.so
7f480ed1f000-7f480ed27000 r-xp 00000000 08:13 213019                     /lib/libnss_compat-2.9.so
7f480ed27000-7f480ef26000 ---p 00008000 08:13 213019                     /lib/libnss_compat-2.9.so
7f480ef26000-7f480ef27000 r-xp 00007000 08:13 213019                     /lib/libnss_compat-2.9.so
7f480ef27000-7f480ef28000 rwxp 00008000 08:13 213019                     /lib/libnss_compat-2.9.so
7f480ef28000-7f480ef3e000 r-xp 00000000 08:13 213018                     /lib/libnsl-2.9.so
7f480ef3e000-7f480f13e000 ---p 00016000 08:13 213018                     /lib/libnsl-2.9.so
7f480f13e000-7f480f13f000 r-xp 00016000 08:13 213018                     /lib/libnsl-2.9.so
7f480f13f000-7f480f140000 rwxp 00017000 08:13 213018                     /lib/libnsl-2.9.so
7f480f140000-7f480f142000 rwxp 7f480f140000 00:00 0 
7f480f142000-7f480f149000 r-xp 00000000 08:13 3163208                    /usr/lib/jvm/java-6-sun-1.6.0.13/jre/lib/amd64/native_threads/libhpi.so
7f480f149000-7f480f24a000 ---p 00007000 08:13 3163208                    /usr/lib/jvm/java-6-sun-1.6.0.13/jre/lib/amd64/native_threads/libhpi.so
7f480f24a000-7f480f24c000 rwxp 00008000 08:13 3163208                    /usr/lib/jvm/java-6-sun-1.6.0.13/jre/lib/amd64/native_threads/libhpi.so
7f480f24c000-7f480f24d000 rwxp 7f480f24c000 00:00 0 
7f480f24d000-7f480f254000 r-xp 00000000 08:13 213028                     /lib/librt-2.9.so
7f480f254000-7f480f453000 ---p 00007000 08:13 213028                     /lib/librt-2.9.so
7f480f453000-7f480f454000 r-xp 00006000 08:13 213028                     /lib/librt-2.9.so
7f480f454000-7f480f455000 rwxp 00007000 08:13 213028                     /lib/librt-2.9.so
7f480f455000-7f480f458000 ---p 7f480f455000 00:00 0 
7f480f458000-7f480f556000 rwxp 7f480f458000 00:00 0 
7f480f556000-7f480f5da000 r-xp 00000000 08:13 213016                     /lib/libm-2.9.so
7f480f5da000-7f480f7d9000 ---p 00084000 08:13 213016                     /lib/libm-2.9.so
7f480f7d9000-7f480f7da000 r-xp 00083000 08:13 213016                     /lib/libm-2.9.so
7f480f7da000-7f480f7db000 rwxp 00084000 08:13 213016                     /lib/libm-2.9.so
7f480f7db000-7f480fe68000 r-xp 00000000 08:13 3163226                    /usr/lib/jvm/java-6-sun-1.6.0.13/jre/lib/amd64/server/libjvm.so
7f480fe68000-7f480ff67000 ---p 0068d000 08:13 3163226                    /usr/lib/jvm/java-6-sun-1.6.0.13/jre/lib/amd64/server/libjvm.so
7f480ff67000-7f48100b8000 rwxp 0068c000 08:13 3163226                    /usr/lib/jvm/java-6-sun-1.6.0.13/jre/lib/amd64/server/libjvm.so
7f48100b8000-7f48100f5000 rwxp 7f48100b8000 00:00 0 
7f48100f5000-7f481025d000 r-xp 00000000 08:13 213012                     /lib/libc-2.9.so
7f481025d000-7f481045d000 ---p 00168000 08:13 213012                     /lib/libc-2.9.so
7f481045d000-7f4810461000 r-xp 00168000 08:13 213012                     /lib/libc-2.9.so
7f4810461000-7f4810462000 rwxp 0016c000 08:13 213012                     /lib/libc-2.9.so
7f4810462000-7f4810467000 rwxp 7f4810462000 00:00 0 
7f4810467000-7f4810469000 r-xp 00000000 08:13 213015                     /lib/libdl-2.9.so
7f4810469000-7f4810669000 ---p 00002000 08:13 213015                     /lib/libdl-2.9.so
7f4810669000-7f481066a000 r-xp 00002000 08:13 213015                     /lib/libdl-2.9.so
7f481066a000-7f481066b000 rwxp 00003000 08:13 213015                     /lib/libdl-2.9.so
7f481066b000-7f4810682000 r-xp 00000000 08:13 213026                     /lib/libpthread-2.9.so
7f4810682000-7f4810881000 ---p 00017000 08:13 213026                     /lib/libpthread-2.9.so
7f4810881000-7f4810882000 r-xp 00016000 08:13 213026                     /lib/libpthread-2.9.so
7f4810882000-7f4810883000 rwxp 00017000 08:13 213026                     /lib/libpthread-2.9.so
7f4810883000-7f4810887000 rwxp 7f4810883000 00:00 0 
7f4810887000-7f48108a7000 r-xp 00000000 08:13 213006                     /lib/ld-2.9.so
7f48108aa000-7f48108ad000 r-xs 000cb000 08:13 3162696                    /usr/lib/jvm/java-6-sun-1.6.0.13/jre/lib/ext/localedata.jar
7f48108ad000-7f48108bb000 r-xs 000ba000 08:11 422677                     /home/epsilon/文档/4_java/javaTools/mtj.jar
7f48108bb000-7f48108c5000 rwxp 7f48108bb000 00:00 0 
7f48108c5000-7f481097b000 rwxp 7f48108c5000 00:00 0 
7f481097b000-7f481097d000 rwxp 7f481097b000 00:00 0 
7f481097d000-7f4810984000 r-xp 00000000 08:13 3163192                    /usr/lib/jvm/java-6-sun-1.6.0.13/jre/lib/amd64/jli/libjli.so
7f4810984000-7f4810a85000 ---p 00007000 08:13 3163192                    /usr/lib/jvm/java-6-sun-1.6.0.13/jre/lib/amd64/jli/libjli.so
7f4810a85000-7f4810a87000 rwxp 00008000 08:13 3163192                    /usr/lib/jvm/java-6-sun-1.6.0.13/jre/lib/amd64/jli/libjli.so
7f4810a87000-7f4810a88000 rwxp 7f4810a87000 00:00 0 
7f4810a89000-7f4810a8b000 r-xs 00000000 08:13 3197468                    /var/cache/fontconfig/99e8ed0e538f840c565b6ed5dad60d56-x86-64.cache-2
7f4810a8b000-7f4810a8e000 r-xs 00000000 08:13 3196574                    /var/cache/fontconfig/7ef2298fde41cc6eeb7af42e48b7d293-x86-64.cache-2
7f4810a8e000-7f4810a92000 r-xs 00042000 08:11 181746                     /home/epsilon/NetBeansProjects/EpsilonUtils/trunk/dist/EpsilonYUtil.jar
7f4810a92000-7f4810a99000 r-xs 00000000 08:13 2803699                    /usr/lib/gconv/gconv-modules.cache
7f4810a99000-7f4810aa1000 rwxs 00000000 08:13 377143                     /tmp/hsperfdata_epsilon/24094
7f4810aa1000-7f4810aa2000 rwxp 7f4810aa1000 00:00 0 
7f4810aa2000-7f4810aa3000 r-xp 7f4810aa2000 00:00 0 
7f4810aa3000-7f4810aa6000 rwxp 7f4810aa3000 00:00 0 
7f4810aa6000-7f4810aa7000 r-xp 0001f000 08:13 213006                     /lib/ld-2.9.so
7f4810aa7000-7f4810aa8000 rwxp 00020000 08:13 213006                     /lib/ld-2.9.so
7fff18a92000-7fff18aa7000 rwxp 7ffffffea000 00:00 0                      [stack]
7fff18bff000-7fff18c00000 r-xp 7fff18bff000 00:00 0                      [vdso]
ffffffffff600000-ffffffffff601000 r-xp 00000000 00:00 0                  [vsyscall]

VM Arguments:
jvm_args: -Dawt.useSystemAAFontSettings=on 
java_command: net.epsilony.simpmeshfree.model.ModelTestFrame
Launcher Type: SUN_STANDARD

Environment Variables:
_JAVA_OPTIONS=-Dawt.useSystemAAFontSettings=on
PATH=/usr/local/sbin:/usr/local/bin:/usr/sbin:/usr/bin:/sbin:/bin:/usr/games
USERNAME=epsilon
LD_LIBRARY_PATH=/usr/lib/jvm/java-6-sun-1.6.0.13/jre/lib/amd64/server:/usr/lib/jvm/java-6-sun-1.6.0.13/jre/lib/amd64:/usr/lib/jvm/java-6-sun-1.6.0.13/jre/../lib/amd64
SHELL=/bin/bash
DISPLAY=:0.0

Signal Handlers:
SIGSEGV: [libjvm.so+0x5fcd20], sa_mask[0]=0x7ffbfeff, sa_flags=0x10000004
SIGBUS: [libjvm.so+0x5fcd20], sa_mask[0]=0x7ffbfeff, sa_flags=0x10000004
SIGFPE: [libjvm.so+0x4e0eb0], sa_mask[0]=0x7ffbfeff, sa_flags=0x10000004
SIGPIPE: [libjvm.so+0x4e0eb0], sa_mask[0]=0x7ffbfeff, sa_flags=0x10000004
SIGXFSZ: [libjvm.so+0x4e0eb0], sa_mask[0]=0x7ffbfeff, sa_flags=0x10000004
SIGILL: [libjvm.so+0x4e0eb0], sa_mask[0]=0x7ffbfeff, sa_flags=0x10000004
SIGUSR1: SIG_DFL, sa_mask[0]=0x00000000, sa_flags=0x00000000
SIGUSR2: [libjvm.so+0x4e35d0], sa_mask[0]=0x00000004, sa_flags=0x10000004
SIGHUP: [libjvm.so+0x4e3320], sa_mask[0]=0x7ffbfeff, sa_flags=0x10000004
SIGINT: SIG_IGN, sa_mask[0]=0x00000000, sa_flags=0x00000000
SIGTERM: [libjvm.so+0x4e3320], sa_mask[0]=0x7ffbfeff, sa_flags=0x10000004
SIGQUIT: [libjvm.so+0x4e3320], sa_mask[0]=0x7ffbfeff, sa_flags=0x10000004


---------------  S Y S T E M  ---------------

OS:5.0

uname:Linux 2.6.28-12-generic #43-Ubuntu SMP Fri May 1 19:31:32 UTC 2009 x86_64
libc:glibc 2.9 NPTL 2.9 
rlimit: STACK 8192k, CORE 0k, NPROC infinity, NOFILE 1024, AS infinity
load average:0.60 0.77 0.70

CPU:total 2 (2 cores per cpu, 1 threads per core) family 16 model 2 stepping 3, cmov, cx8, fxsr, mmx, sse, sse2, sse3, mmxext, 3dnow, 3dnowext, sse4a

Memory: 4k page, physical 5780180k(2290808k free), swap 3903752k(3865604k free)

vm_info: Java HotSpot(TM) 64-Bit Server VM (11.3-b02) for linux-amd64 JRE (1.6.0_13-b03), built on Mar  9 2009 11:08:22 by "java_re" with gcc 3.2.2 (SuSE Linux)

time: Mon May 18 15:18:00 2009
elapsed time: 0 seconds

