#
# An unexpected error has been detected by Java Runtime Environment:
#
#  SIGSEGV (0xb) at pc=0x00007f7798c6c11b, pid=10112, tid=140149875693904
#
# Java VM: Java HotSpot(TM) 64-Bit Server VM (11.3-b02 mixed mode linux-amd64)
# Problematic frame:
# C  [libc.so.6+0x8411b]  memcpy+0x15b
#
# If you would like to submit a bug report, please visit:
#   http://java.sun.com/webapps/bugreport/crash.jsp
#

---------------  T H R E A D  ---------------

Current thread (0x00007f773005f400):  JavaThread "AWT-EventQueue-0" [_thread_in_vm, id=10127, stack(0x00007f772f7e5000,0x00007f772f8e6000)]

siginfo:si_signo=SIGSEGV: si_errno=0, si_code=2 (SEGV_ACCERR), si_addr=0x00007f7730158000

Registers:
RAX=0x00007f77772ae618, RBX=0x00007f77368a12a0, RCX=0x0000000000000336, RDX=0x0000000000006e80
RSP=0x00007f772f8e42b8, RBP=0x00007f772f8e4340, RSI=0x00007f7730158000, RDI=0x00007f77772b3ae8
R8 =0x0000000000000ffc, R9 =0x00007f7798ab85b8, R10=0x00007f7798abc028, R11=0x0000000000006e80
R12=0x0000000000006e80, R13=0x0000000000000000, R14=0x0000000042055f98, R15=0x00007f772f8e42d0
RIP=0x00007f7798c6c11b, EFL=0x0000000000010212, CSGSFS=0x0000000000000033, ERR=0x0000000000000004
  TRAPNO=0x000000000000000e

Top of Stack: (sp=0x00007f772f8e42b8)
0x00007f772f8e42b8:   00007f7798614600 00007f773005f5c0
0x00007f772f8e42c8:   00007f7730152b30 00007f773005f400
0x00007f772f8e42d8:   0000000000000000 00007f773005f400
0x00007f772f8e42e8:   0000000000000000 00007f773005f400
0x00007f772f8e42f8:   00007f772f8e4438 00007f773005f400
0x00007f772f8e4308:   00007f7798c62276 00007f773005f400
0x00007f772f8e4318:   0000000042055f98 00007f77300326f0
0x00007f772f8e4328:   00007f7730032640 00007f772f8e4438
0x00007f772f8e4338:   0000000042055f40 00007f773005f5c0
0x00007f772f8e4348:   00007f772f2ca486 00007f7730032590
0x00007f772f8e4358:   0000000042055f48 0000000042055f50
0x00007f772f8e4368:   0000000042055f58 0000000042055f60
0x00007f772f8e4378:   00007f773005f838 0000000042055f68
0x00007f772f8e4388:   00007f773005f880 010101010005f400
0x00007f772f8e4398:   00007f7737298780 00007f772f8e4418
0x00007f772f8e43a8:   0000000000000101 00007f7737298780
0x00007f772f8e43b8:   00007f772f8e4438 00007f773005f400
0x00007f772f8e43c8:   00007f77940b6852 00007f773005f400
0x00007f772f8e43d8:   00007f772f8e43d8 00007f7737298780
0x00007f772f8e43e8:   00007f772f8e4438 00007f77372991b8
0x00007f772f8e43f8:   0000000000000000 00007f7737298780
0x00007f772f8e4408:   0000000000000000 00007f772f8e4438
0x00007f772f8e4418:   00007f772f8e4480 00007f77940ab322
0x00007f772f8e4428:   0000000000000000 00007f77940b3358
0x00007f772f8e4438:   00007f777727bfe8 00007f772f8e4440
0x00007f772f8e4448:   00007f773729725d 00007f772f8e44c8
0x00007f772f8e4458:   00007f77372991b8 0000000000000000
0x00007f772f8e4468:   00007f77372972e8 00007f772f8e4438
0x00007f772f8e4478:   00007f772f8e44b8 00007f772f8e4510
0x00007f772f8e4488:   00007f77940ab322 0000000000000000
0x00007f772f8e4498:   00007f77772a3ba0 0000000000000000
0x00007f772f8e44a8:   00007f77772a3b88 00007f77772a37f0 

Instructions: (pc=0x00007f7798c6c11b)
0x00007f7798c6c10b:   0f 47 da 4c 89 d9 49 83 e3 f8 48 c1 e9 03 74 05
0x00007f7798c6c11b:   f3 48 a5 66 90 4c 29 da 48 f7 c2 f8 ff ff ff 75 

Stack: [0x00007f772f7e5000,0x00007f772f8e6000],  sp=0x00007f772f8e42b8,  free space=1020k
Native frames: (J=compiled Java code, j=interpreted, Vv=VM code, C=native code)
C  [libc.so.6+0x8411b]  memcpy+0x15b

Java frames: (J=compiled Java code, j=interpreted, Vv=VM code)
j  net.epsilony.simpmeshfree.model.geometry.TriangleJni.triangleFun()V+0
j  net.epsilony.simpmeshfree.model.geometry.TriangleJni.complie(Lnet/epsilony/simpmeshfree/model/geometry/GeometryModel;Ljava/lang/String;)V+141
j  net.epsilony.simpmeshfree.model.mechanics.MechanicsModel.generateNodesByTriangle(DDLjava/lang/String;ZZ)V+110
j  net.epsilony.simpmeshfree.model.ModelTestFrame.<init>()V+557
j  net.epsilony.simpmeshfree.model.ModelTestFrame$2.run()V+4
j  java.awt.event.InvocationEvent.dispatch()V+47
j  java.awt.EventQueue.dispatchEvent(Ljava/awt/AWTEvent;)V+26
j  java.awt.EventDispatchThread.pumpOneEventForFilters(I)Z+204
j  java.awt.EventDispatchThread.pumpEventsForFilter(ILjava/awt/Conditional;Ljava/awt/EventFilter;)V+30
j  java.awt.EventDispatchThread.pumpEventsForHierarchy(ILjava/awt/Conditional;Ljava/awt/Component;)V+11
j  java.awt.EventDispatchThread.pumpEvents(ILjava/awt/Conditional;)V+4
j  java.awt.EventDispatchThread.pumpEvents(Ljava/awt/Conditional;)V+3
j  java.awt.EventDispatchThread.run()V+9
v  ~StubRoutines::call_stub

---------------  P R O C E S S  ---------------

Java Threads: ( => current thread )
  0x00007f7730061c00 JavaThread "Thread-3" [_thread_blocked, id=10129, stack(0x00007f772f4eb000,0x00007f772f5ec000)]
  0x00007f7730060c00 JavaThread "Thread-2" [_thread_blocked, id=10128, stack(0x00007f772f5ec000,0x00007f772f6ed000)]
  0x00007f7730060400 JavaThread "DestroyJavaVM" [_thread_blocked, id=10113, stack(0x00007f7797f48000,0x00007f7798049000)]
=>0x00007f773005f400 JavaThread "AWT-EventQueue-0" [_thread_in_vm, id=10127, stack(0x00007f772f7e5000,0x00007f772f8e6000)]
  0x00007f773005e400 JavaThread "AWT-Shutdown" [_thread_blocked, id=10126, stack(0x00007f772f8e6000,0x00007f772f9e7000)]
  0x00007f773005dc00 JavaThread "AWT-XAWT" daemon [_thread_in_native, id=10125, stack(0x00007f77340c5000,0x00007f77341c6000)]
  0x0000000042203c00 JavaThread "Java2D Disposer" daemon [_thread_blocked, id=10124, stack(0x00007f7734208000,0x00007f7734309000)]
  0x0000000042067800 JavaThread "Low Memory Detector" daemon [_thread_blocked, id=10122, stack(0x00007f773583b000,0x00007f773593c000)]
  0x0000000042065000 JavaThread "CompilerThread1" daemon [_thread_blocked, id=10121, stack(0x00007f773593c000,0x00007f7735a3d000)]
  0x0000000042061000 JavaThread "CompilerThread0" daemon [_thread_in_native, id=10120, stack(0x00007f7735a3d000,0x00007f7735b3e000)]
  0x000000004205f000 JavaThread "Signal Dispatcher" daemon [_thread_blocked, id=10119, stack(0x00007f7735b3e000,0x00007f7735c3f000)]
  0x000000004203d800 JavaThread "Finalizer" daemon [_thread_blocked, id=10118, stack(0x00007f7735c7e000,0x00007f7735d7f000)]
  0x0000000042036800 JavaThread "Reference Handler" daemon [_thread_blocked, id=10117, stack(0x00007f7735d7f000,0x00007f7735e80000)]

Other Threads:
  0x0000000042031000 VMThread [stack: 0x00007f7735e80000,0x00007f7735f81000] [id=10116]
  0x0000000042069c00 WatcherThread [stack: 0x00007f773573a000,0x00007f773583b000] [id=10123]

VM state:not at safepoint (normal execution)

VM Mutex/Monitor currently owned by a thread: None

Heap
 PSYoungGen      total 26368K, used 19329K [0x00007f7776a00000, 0x00007f7778760000, 0x00007f77940a0000)
  eden space 22656K, 85% used [0x00007f7776a00000,0x00007f7777ce0618,0x00007f7778020000)
  from space 3712K, 0% used [0x00007f77783c0000,0x00007f77783c0000,0x00007f7778760000)
  to   space 3712K, 0% used [0x00007f7778020000,0x00007f7778020000,0x00007f77783c0000)
 PSOldGen        total 60288K, used 0K [0x00007f773bca0000, 0x00007f773f780000, 0x00007f7776a00000)
  object space 60288K, 0% used [0x00007f773bca0000,0x00007f773bca0000,0x00007f773f780000)
 PSPermGen       total 21248K, used 10220K [0x00007f77368a0000, 0x00007f7737d60000, 0x00007f773bca0000)
  object space 21248K, 48% used [0x00007f77368a0000,0x00007f773729b238,0x00007f7737d60000)

Dynamic libraries:
40000000-40009000 r-xp 00000000 08:13 3163089                            /usr/lib/jvm/java-6-sun-1.6.0.13/jre/bin/java
40108000-4010a000 rwxp 00008000 08:13 3163089                            /usr/lib/jvm/java-6-sun-1.6.0.13/jre/bin/java
41fa8000-42b73000 rwxp 41fa8000 00:00 0                                  [heap]
7f772eda1000-7f772edb7000 r-xp 00000000 08:13 213005                     /lib/libgcc_s.so.1
7f772edb7000-7f772efb7000 ---p 00016000 08:13 213005                     /lib/libgcc_s.so.1
7f772efb7000-7f772efb8000 r-xp 00016000 08:13 213005                     /lib/libgcc_s.so.1
7f772efb8000-7f772efb9000 rwxp 00017000 08:13 213005                     /lib/libgcc_s.so.1
7f772efb9000-7f772f0aa000 r-xp 00000000 08:13 2802601                    /usr/lib/libstdc++.so.6.0.10
7f772f0aa000-7f772f2aa000 ---p 000f1000 08:13 2802601                    /usr/lib/libstdc++.so.6.0.10
7f772f2aa000-7f772f2b1000 r-xp 000f1000 08:13 2802601                    /usr/lib/libstdc++.so.6.0.10
7f772f2b1000-7f772f2b3000 rwxp 000f8000 08:13 2802601                    /usr/lib/libstdc++.so.6.0.10
7f772f2b3000-7f772f2c6000 rwxp 7f772f2b3000 00:00 0 
7f772f2c6000-7f772f2ea000 r-xp 00000000 08:13 1942103                    /usr/lib/TriangleJniAmd64.so
7f772f2ea000-7f772f4e9000 ---p 00024000 08:13 1942103                    /usr/lib/TriangleJniAmd64.so
7f772f4e9000-7f772f4ea000 r-xp 00023000 08:13 1942103                    /usr/lib/TriangleJniAmd64.so
7f772f4ea000-7f772f4eb000 rwxp 00024000 08:13 1942103                    /usr/lib/TriangleJniAmd64.so
7f772f4eb000-7f772f4ee000 ---p 7f772f4eb000 00:00 0 
7f772f4ee000-7f772f5ec000 rwxp 7f772f4ee000 00:00 0 
7f772f5ec000-7f772f5ef000 ---p 7f772f5ec000 00:00 0 
7f772f5ef000-7f772f6ed000 rwxp 7f772f5ef000 00:00 0 
7f772f7e5000-7f772f7e8000 ---p 7f772f7e5000 00:00 0 
7f772f7e8000-7f772f8e6000 rwxp 7f772f7e8000 00:00 0 
7f772f8e6000-7f772f8e9000 ---p 7f772f8e6000 00:00 0 
7f772f8e9000-7f772f9e7000 rwxp 7f772f8e9000 00:00 0 
7f772f9e7000-7f772f9ec000 r-xp 00000000 08:13 2805390                    /usr/lib/libXfixes.so.3.1.0
7f772f9ec000-7f772fbeb000 ---p 00005000 08:13 2805390                    /usr/lib/libXfixes.so.3.1.0
7f772fbeb000-7f772fbec000 rwxp 00004000 08:13 2805390                    /usr/lib/libXfixes.so.3.1.0
7f772fbec000-7f772fbf5000 r-xp 00000000 08:13 2805803                    /usr/lib/libXrender.so.1.3.0
7f772fbf5000-7f772fdf4000 ---p 00009000 08:13 2805803                    /usr/lib/libXrender.so.1.3.0
7f772fdf4000-7f772fdf5000 r-xp 00008000 08:13 2805803                    /usr/lib/libXrender.so.1.3.0
7f772fdf5000-7f772fdf6000 rwxp 00009000 08:13 2805803                    /usr/lib/libXrender.so.1.3.0
7f772fdf6000-7f772fdff000 r-xp 00000000 08:13 2805843                    /usr/lib/libXcursor.so.1.0.2
7f772fdff000-7f772ffff000 ---p 00009000 08:13 2805843                    /usr/lib/libXcursor.so.1.0.2
7f772ffff000-7f7730000000 rwxp 00009000 08:13 2805843                    /usr/lib/libXcursor.so.1.0.2
7f7730000000-7f7730158000 rwxp 7f7730000000 00:00 0 
7f7730158000-7f7734000000 ---p 7f7730158000 00:00 0 
7f77340c2000-7f77340c5000 r-xs 000cb000 08:13 3162696                    /usr/lib/jvm/java-6-sun-1.6.0.13/jre/lib/ext/localedata.jar
7f77340c5000-7f77340c8000 ---p 7f77340c5000 00:00 0 
7f77340c8000-7f77341c6000 rwxp 7f77340c8000 00:00 0 
7f77341c6000-7f77341cf000 r-xs 00000000 08:13 3197464                    /var/cache/fontconfig/945677eb7aeaf62f1d50efc3fb3ec7d8-x86-64.cache-2
7f77341cf000-7f77341d1000 r-xs 00000000 08:13 3197468                    /var/cache/fontconfig/99e8ed0e538f840c565b6ed5dad60d56-x86-64.cache-2
7f77341d1000-7f77341d4000 r-xs 00000000 08:13 3197466                    /var/cache/fontconfig/e383d7ea5fbe662a33d9b44caf393297-x86-64.cache-2
7f77341d4000-7f77341d8000 r-xs 00000000 08:13 3197459                    /var/cache/fontconfig/6eb3985aa4124903f6ff08ba781cd364-x86-64.cache-2
7f77341d8000-7f77341dc000 r-xs 00000000 08:13 3196573                    /var/cache/fontconfig/a755afe4a08bf5b97852ceb7400b47bc-x86-64.cache-2
7f77341dc000-7f77341e5000 r-xs 00000000 08:13 3197440                    /var/cache/fontconfig/6d41288fd70b0be22e8c3a91e032eec0-x86-64.cache-2
7f77341e5000-7f77341f0000 r-xs 00000000 08:13 3197435                    /var/cache/fontconfig/e3de0de479f42330eadf588a55fb5bf4-x86-64.cache-2
7f77341f0000-7f77341ff000 r-xs 00000000 08:13 3197434                    /var/cache/fontconfig/0f34bcd4b6ee430af32735b75db7f02b-x86-64.cache-2
7f77341ff000-7f7734208000 r-xs 00000000 08:13 3197417                    /var/cache/fontconfig/d52a8644073d54c13679302ca1180695-x86-64.cache-2
7f7734208000-7f773420b000 ---p 7f7734208000 00:00 0 
7f773420b000-7f7734309000 rwxp 7f773420b000 00:00 0 
7f7734309000-7f7734387000 r-xp 00000000 08:13 3163204                    /usr/lib/jvm/java-6-sun-1.6.0.13/jre/lib/amd64/libfontmanager.so
7f7734387000-7f7734486000 ---p 0007e000 08:13 3163204                    /usr/lib/jvm/java-6-sun-1.6.0.13/jre/lib/amd64/libfontmanager.so
7f7734486000-7f773449c000 rwxp 0007d000 08:13 3163204                    /usr/lib/jvm/java-6-sun-1.6.0.13/jre/lib/amd64/libfontmanager.so
7f773449c000-7f77344ad000 rwxp 7f773449c000 00:00 0 
7f77344ad000-7f77344b2000 r-xp 00000000 08:13 2805384                    /usr/lib/libXdmcp.so.6.0.0
7f77344b2000-7f77346b1000 ---p 00005000 08:13 2805384                    /usr/lib/libXdmcp.so.6.0.0
7f77346b1000-7f77346b2000 rwxp 00004000 08:13 2805384                    /usr/lib/libXdmcp.so.6.0.0
7f77346b2000-7f77346cd000 r-xp 00000000 08:13 2805386                    /usr/lib/libxcb.so.1.1.0
7f77346cd000-7f77348cc000 ---p 0001b000 08:13 2805386                    /usr/lib/libxcb.so.1.1.0
7f77348cc000-7f77348cd000 r-xp 0001a000 08:13 2805386                    /usr/lib/libxcb.so.1.1.0
7f77348cd000-7f77348ce000 rwxp 0001b000 08:13 2805386                    /usr/lib/libxcb.so.1.1.0
7f77348ce000-7f77348d0000 r-xp 00000000 08:13 2805382                    /usr/lib/libXau.so.6.0.0
7f77348d0000-7f7734acf000 ---p 00002000 08:13 2805382                    /usr/lib/libXau.so.6.0.0
7f7734acf000-7f7734ad0000 r-xp 00001000 08:13 2805382                    /usr/lib/libXau.so.6.0.0
7f7734ad0000-7f7734ad1000 rwxp 00002000 08:13 2805382                    /usr/lib/libXau.so.6.0.0
7f7734ad1000-7f7734ada000 r-xp 00000000 08:13 2805586                    /usr/lib/libXi.so.6.0.0
7f7734ada000-7f7734cda000 ---p 00009000 08:13 2805586                    /usr/lib/libXi.so.6.0.0
7f7734cda000-7f7734cdb000 r-xp 00009000 08:13 2805586                    /usr/lib/libXi.so.6.0.0
7f7734cdb000-7f7734cdc000 rwxp 0000a000 08:13 2805586                    /usr/lib/libXi.so.6.0.0
7f7734cdc000-7f7734ce1000 r-xp 00000000 08:13 2806834                    /usr/lib/libXtst.so.6.1.0
7f7734ce1000-7f7734ee1000 ---p 00005000 08:13 2806834                    /usr/lib/libXtst.so.6.1.0
7f7734ee1000-7f7734ee2000 r-xp 00005000 08:13 2806834                    /usr/lib/libXtst.so.6.1.0
7f7734ee2000-7f7734ee3000 rwxp 00006000 08:13 2806834                    /usr/lib/libXtst.so.6.1.0
7f7734ee3000-7f7734fe5000 r-xp 00000000 08:13 2805388                    /usr/lib/libX11.so.6.2.0
7f7734fe5000-7f77351e5000 ---p 00102000 08:13 2805388                    /usr/lib/libX11.so.6.2.0
7f77351e5000-7f77351e6000 r-xp 00102000 08:13 2805388                    /usr/lib/libX11.so.6.2.0
7f77351e6000-7f77351ea000 rwxp 00103000 08:13 2805388                    /usr/lib/libX11.so.6.2.0
7f77351ea000-7f77351fb000 r-xp 00000000 08:13 2805394                    /usr/lib/libXext.so.6.4.0
7f77351fb000-7f77353fa000 ---p 00011000 08:13 2805394                    /usr/lib/libXext.so.6.4.0
7f77353fa000-7f77353fb000 r-xp 00010000 08:13 2805394                    /usr/lib/libXext.so.6.4.0
7f77353fb000-7f77353fc000 rwxp 00011000 08:13 2805394                    /usr/lib/libXext.so.6.4.0
7f77353fd000-7f7735409000 r-xs 00000000 08:13 3197416                    /var/cache/fontconfig/089dead882dea3570ffc31a9898cfb69-x86-64.cache-2
7f7735409000-7f773540d000 r-xs 00000000 08:13 3197398                    /var/cache/fontconfig/cabbd14511b9e8a55e92af97fb3a0461-x86-64.cache-2
7f773540d000-7f7735417000 r-xs 00000000 08:13 3195524                    /var/cache/fontconfig/e13b20fdb08344e0e664864cc2ede53d-x86-64.cache-2
7f7735417000-7f7735458000 r-xp 00000000 08:13 3163194                    /usr/lib/jvm/java-6-sun-1.6.0.13/jre/lib/amd64/xawt/libmawt.so
7f7735458000-7f7735557000 ---p 00041000 08:13 3163194                    /usr/lib/jvm/java-6-sun-1.6.0.13/jre/lib/amd64/xawt/libmawt.so
7f7735557000-7f7735563000 rwxp 00040000 08:13 3163194                    /usr/lib/jvm/java-6-sun-1.6.0.13/jre/lib/amd64/xawt/libmawt.so
7f7735563000-7f7735564000 rwxp 7f7735563000 00:00 0 
7f7735564000-7f77355f6000 r-xp 00000000 08:13 3163239                    /usr/lib/jvm/java-6-sun-1.6.0.13/jre/lib/amd64/libawt.so
7f77355f6000-7f77356f5000 ---p 00092000 08:13 3163239                    /usr/lib/jvm/java-6-sun-1.6.0.13/jre/lib/amd64/libawt.so
7f77356f5000-7f773570e000 rwxp 00091000 08:13 3163239                    /usr/lib/jvm/java-6-sun-1.6.0.13/jre/lib/amd64/libawt.so
7f773570e000-7f7735733000 rwxp 7f773570e000 00:00 0 
7f7735733000-7f773573a000 r-xs 00059000 08:11 1172178                    /home/epsilon/文档/4_java/javaTools/apache-log4j-1.2.15/log4j-1.2.15.jar
7f773573a000-7f773573b000 ---p 7f773573a000 00:00 0 
7f773573b000-7f773583b000 rwxp 7f773573b000 00:00 0 
7f773583b000-7f773583e000 ---p 7f773583b000 00:00 0 
7f773583e000-7f773593c000 rwxp 7f773583e000 00:00 0 
7f773593c000-7f773593f000 ---p 7f773593c000 00:00 0 
7f773593f000-7f7735a3d000 rwxp 7f773593f000 00:00 0 
7f7735a3d000-7f7735a40000 ---p 7f7735a3d000 00:00 0 
7f7735a40000-7f7735b3e000 rwxp 7f7735a40000 00:00 0 
7f7735b3e000-7f7735b41000 ---p 7f7735b3e000 00:00 0 
7f7735b41000-7f7735c3f000 rwxp 7f7735b41000 00:00 0 
7f7735c3f000-7f7735c7e000 r-xp 00000000 08:13 2827839                    /usr/lib/locale/zh_CN.utf8/LC_CTYPE
7f7735c7e000-7f7735c81000 ---p 7f7735c7e000 00:00 0 
7f7735c81000-7f7735d7f000 rwxp 7f7735c81000 00:00 0 
7f7735d7f000-7f7735d82000 ---p 7f7735d7f000 00:00 0 
7f7735d82000-7f7735e80000 rwxp 7f7735d82000 00:00 0 
7f7735e80000-7f7735e81000 ---p 7f7735e80000 00:00 0 
7f7735e81000-7f7735ff6000 rwxp 7f7735e81000 00:00 0 
7f7735ff6000-7f7736188000 r-xs 02f34000 08:13 2942580                    /usr/lib/jvm/java-6-sun-1.6.0.13/jre/lib/rt.jar
7f7736188000-7f77361b0000 rwxp 7f7736188000 00:00 0 
7f77361b0000-7f77361b1000 ---p 7f77361b0000 00:00 0 
7f77361b1000-7f77362b1000 rwxp 7f77361b1000 00:00 0 
7f77362b1000-7f77362b2000 ---p 7f77362b1000 00:00 0 
7f77362b2000-7f77363bd000 rwxp 7f77362b2000 00:00 0 
7f77363bd000-7f77363dc000 rwxp 7f77363bd000 00:00 0 
7f77363dc000-7f77363fa000 rwxp 7f77363dc000 00:00 0 
7f77363fa000-7f77365b3000 rwxp 7f77363fa000 00:00 0 
7f77365b3000-7f77365be000 rwxp 7f77365b3000 00:00 0 
7f77365be000-7f77365dd000 rwxp 7f77365be000 00:00 0 
7f77365dd000-7f77365fb000 rwxp 7f77365dd000 00:00 0 
7f77365fb000-7f77367b3000 rwxp 7f77365fb000 00:00 0 
7f77367b3000-7f77367c3000 rwxp 7f77367b3000 00:00 0 
7f77367c3000-7f773689f000 rwxp 7f77367c3000 00:00 0 
7f773689f000-7f7737d60000 rwxp 7f773689f000 00:00 0 
7f7737d60000-7f773bca0000 rwxp 7f7737d60000 00:00 0 
7f773bca0000-7f773f780000 rwxp 7f773bca0000 00:00 0 
7f773f780000-7f7776a00000 rwxp 7f773f780000 00:00 0 
7f7776a00000-7f7778760000 rwxp 7f7776a00000 00:00 0 
7f7778760000-7f77940a0000 rwxp 7f7778760000 00:00 0 
7f77940a0000-7f77940a8000 r-xs 0004b000 08:11 162661                     /home/epsilon/文档/4_java/javaTools/commons-math-1.2/commons-math-1.2.jar
7f77940a8000-7f7794318000 rwxp 7f77940a8000 00:00 0 
7f7794318000-7f77970a8000 rwxp 7f7794318000 00:00 0 
7f77970a8000-7f77970b6000 r-xp 00000000 08:13 3163206                    /usr/lib/jvm/java-6-sun-1.6.0.13/jre/lib/amd64/libzip.so
7f77970b6000-7f77971b8000 ---p 0000e000 08:13 3163206                    /usr/lib/jvm/java-6-sun-1.6.0.13/jre/lib/amd64/libzip.so
7f77971b8000-7f77971bb000 rwxp 00010000 08:13 3163206                    /usr/lib/jvm/java-6-sun-1.6.0.13/jre/lib/amd64/libzip.so
7f77971bb000-7f77971bc000 rwxp 7f77971bb000 00:00 0 
7f77971bc000-7f77971e5000 r-xp 00000000 08:13 3163219                    /usr/lib/jvm/java-6-sun-1.6.0.13/jre/lib/amd64/libjava.so
7f77971e5000-7f77972e4000 ---p 00029000 08:13 3163219                    /usr/lib/jvm/java-6-sun-1.6.0.13/jre/lib/amd64/libjava.so
7f77972e4000-7f77972eb000 rwxp 00028000 08:13 3163219                    /usr/lib/jvm/java-6-sun-1.6.0.13/jre/lib/amd64/libjava.so
7f77972eb000-7f77972f8000 r-xp 00000000 08:13 3163201                    /usr/lib/jvm/java-6-sun-1.6.0.13/jre/lib/amd64/libverify.so
7f77972f8000-7f77973f7000 ---p 0000d000 08:13 3163201                    /usr/lib/jvm/java-6-sun-1.6.0.13/jre/lib/amd64/libverify.so
7f77973f7000-7f77973fa000 rwxp 0000c000 08:13 3163201                    /usr/lib/jvm/java-6-sun-1.6.0.13/jre/lib/amd64/libverify.so
7f77973fa000-7f7797406000 r-xp 00000000 08:13 213021                     /lib/libnss_files-2.9.so
7f7797406000-7f7797605000 ---p 0000c000 08:13 213021                     /lib/libnss_files-2.9.so
7f7797605000-7f7797606000 r-xp 0000b000 08:13 213021                     /lib/libnss_files-2.9.so
7f7797606000-7f7797607000 rwxp 0000c000 08:13 213021                     /lib/libnss_files-2.9.so
7f7797607000-7f7797611000 r-xp 00000000 08:13 213023                     /lib/libnss_nis-2.9.so
7f7797611000-7f7797810000 ---p 0000a000 08:13 213023                     /lib/libnss_nis-2.9.so
7f7797810000-7f7797811000 r-xp 00009000 08:13 213023                     /lib/libnss_nis-2.9.so
7f7797811000-7f7797812000 rwxp 0000a000 08:13 213023                     /lib/libnss_nis-2.9.so
7f7797812000-7f779781a000 r-xp 00000000 08:13 213019                     /lib/libnss_compat-2.9.so
7f779781a000-7f7797a19000 ---p 00008000 08:13 213019                     /lib/libnss_compat-2.9.so
7f7797a19000-7f7797a1a000 r-xp 00007000 08:13 213019                     /lib/libnss_compat-2.9.so
7f7797a1a000-7f7797a1b000 rwxp 00008000 08:13 213019                     /lib/libnss_compat-2.9.so
7f7797a1b000-7f7797a31000 r-xp 00000000 08:13 213018                     /lib/libnsl-2.9.so
7f7797a31000-7f7797c31000 ---p 00016000 08:13 213018                     /lib/libnsl-2.9.so
7f7797c31000-7f7797c32000 r-xp 00016000 08:13 213018                     /lib/libnsl-2.9.so
7f7797c32000-7f7797c33000 rwxp 00017000 08:13 213018                     /lib/libnsl-2.9.so
7f7797c33000-7f7797c35000 rwxp 7f7797c33000 00:00 0 
7f7797c35000-7f7797c3c000 r-xp 00000000 08:13 3163208                    /usr/lib/jvm/java-6-sun-1.6.0.13/jre/lib/amd64/native_threads/libhpi.so
7f7797c3c000-7f7797d3d000 ---p 00007000 08:13 3163208                    /usr/lib/jvm/java-6-sun-1.6.0.13/jre/lib/amd64/native_threads/libhpi.so
7f7797d3d000-7f7797d3f000 rwxp 00008000 08:13 3163208                    /usr/lib/jvm/java-6-sun-1.6.0.13/jre/lib/amd64/native_threads/libhpi.so
7f7797d3f000-7f7797d40000 rwxp 7f7797d3f000 00:00 0 
7f7797d40000-7f7797d47000 r-xp 00000000 08:13 213028                     /lib/librt-2.9.so
7f7797d47000-7f7797f46000 ---p 00007000 08:13 213028                     /lib/librt-2.9.so
7f7797f46000-7f7797f47000 r-xp 00006000 08:13 213028                     /lib/librt-2.9.so
7f7797f47000-7f7797f48000 rwxp 00007000 08:13 213028                     /lib/librt-2.9.so
7f7797f48000-7f7797f4b000 ---p 7f7797f48000 00:00 0 
7f7797f4b000-7f7798049000 rwxp 7f7797f4b000 00:00 0 
7f7798049000-7f77980cd000 r-xp 00000000 08:13 213016                     /lib/libm-2.9.so
7f77980cd000-7f77982cc000 ---p 00084000 08:13 213016                     /lib/libm-2.9.so
7f77982cc000-7f77982cd000 r-xp 00083000 08:13 213016                     /lib/libm-2.9.so
7f77982cd000-7f77982ce000 rwxp 00084000 08:13 213016                     /lib/libm-2.9.so
7f77982ce000-7f779895b000 r-xp 00000000 08:13 3163226                    /usr/lib/jvm/java-6-sun-1.6.0.13/jre/lib/amd64/server/libjvm.so
7f779895b000-7f7798a5a000 ---p 0068d000 08:13 3163226                    /usr/lib/jvm/java-6-sun-1.6.0.13/jre/lib/amd64/server/libjvm.so
7f7798a5a000-7f7798bab000 rwxp 0068c000 08:13 3163226                    /usr/lib/jvm/java-6-sun-1.6.0.13/jre/lib/amd64/server/libjvm.so
7f7798bab000-7f7798be8000 rwxp 7f7798bab000 00:00 0 
7f7798be8000-7f7798d50000 r-xp 00000000 08:13 213012                     /lib/libc-2.9.so
7f7798d50000-7f7798f50000 ---p 00168000 08:13 213012                     /lib/libc-2.9.so
7f7798f50000-7f7798f54000 r-xp 00168000 08:13 213012                     /lib/libc-2.9.so
7f7798f54000-7f7798f55000 rwxp 0016c000 08:13 213012                     /lib/libc-2.9.so
7f7798f55000-7f7798f5a000 rwxp 7f7798f55000 00:00 0 
7f7798f5a000-7f7798f5c000 r-xp 00000000 08:13 213015                     /lib/libdl-2.9.so
7f7798f5c000-7f779915c000 ---p 00002000 08:13 213015                     /lib/libdl-2.9.so
7f779915c000-7f779915d000 r-xp 00002000 08:13 213015                     /lib/libdl-2.9.so
7f779915d000-7f779915e000 rwxp 00003000 08:13 213015                     /lib/libdl-2.9.so
7f779915e000-7f7799175000 r-xp 00000000 08:13 213026                     /lib/libpthread-2.9.so
7f7799175000-7f7799374000 ---p 00017000 08:13 213026                     /lib/libpthread-2.9.so
7f7799374000-7f7799375000 r-xp 00016000 08:13 213026                     /lib/libpthread-2.9.so
7f7799375000-7f7799376000 rwxp 00017000 08:13 213026                     /lib/libpthread-2.9.so
7f7799376000-7f779937a000 rwxp 7f7799376000 00:00 0 
7f779937a000-7f779939a000 r-xp 00000000 08:13 213006                     /lib/ld-2.9.so
7f779939a000-7f779939d000 r-xs 00000000 08:13 3197439                    /var/cache/fontconfig/de156ccd2eddbdc19d37a45b8b2aac9c-x86-64.cache-2
7f779939d000-7f77993a0000 r-xs 00000000 08:13 3197433                    /var/cache/fontconfig/ddd4086aec35a5275babba44bb759c3c-x86-64.cache-2
7f77993a0000-7f77993ae000 r-xs 000ba000 08:11 422677                     /home/epsilon/文档/4_java/javaTools/mtj.jar
7f77993ae000-7f77993b8000 rwxp 7f77993ae000 00:00 0 
7f77993b8000-7f779946e000 rwxp 7f77993b8000 00:00 0 
7f779946e000-7f7799470000 rwxp 7f779946e000 00:00 0 
7f7799470000-7f7799477000 r-xp 00000000 08:13 3163192                    /usr/lib/jvm/java-6-sun-1.6.0.13/jre/lib/amd64/jli/libjli.so
7f7799477000-7f7799578000 ---p 00007000 08:13 3163192                    /usr/lib/jvm/java-6-sun-1.6.0.13/jre/lib/amd64/jli/libjli.so
7f7799578000-7f779957a000 rwxp 00008000 08:13 3163192                    /usr/lib/jvm/java-6-sun-1.6.0.13/jre/lib/amd64/jli/libjli.so
7f779957a000-7f779957b000 rwxp 7f779957a000 00:00 0 
7f779957c000-7f779957d000 r-xs 00000000 08:13 3197445                    /var/cache/fontconfig/4c73fe0c47614734b17d736dbde7580a-x86-64.cache-2
7f779957d000-7f779957e000 r-xs 00000000 08:13 3197424                    /var/cache/fontconfig/4794a0821666d79190d59a36cb4f44b5-x86-64.cache-2
7f779957e000-7f7799581000 r-xs 00000000 08:13 3196574                    /var/cache/fontconfig/7ef2298fde41cc6eeb7af42e48b7d293-x86-64.cache-2
7f7799581000-7f7799585000 r-xs 00042000 08:11 181746                     /home/epsilon/NetBeansProjects/EpsilonUtils/trunk/dist/EpsilonYUtil.jar
7f7799585000-7f779958c000 r-xs 00000000 08:13 2803699                    /usr/lib/gconv/gconv-modules.cache
7f779958c000-7f7799594000 rwxs 00000000 08:13 377150                     /tmp/hsperfdata_epsilon/10112
7f7799594000-7f7799595000 rwxp 7f7799594000 00:00 0 
7f7799595000-7f7799596000 r-xp 7f7799595000 00:00 0 
7f7799596000-7f7799599000 rwxp 7f7799596000 00:00 0 
7f7799599000-7f779959a000 r-xp 0001f000 08:13 213006                     /lib/ld-2.9.so
7f779959a000-7f779959b000 rwxp 00020000 08:13 213006                     /lib/ld-2.9.so
7fffa1586000-7fffa159b000 rwxp 7ffffffea000 00:00 0                      [stack]
7fffa15ff000-7fffa1600000 r-xp 7fffa15ff000 00:00 0                      [vdso]
ffffffffff600000-ffffffffff601000 r-xp 00000000 00:00 0                  [vsyscall]

VM Arguments:
jvm_args: -Dawt.useSystemAAFontSettings=on 
java_command: net.epsilony.simpmeshfree.model.ModelTestFrame
Launcher Type: SUN_STANDARD

Environment Variables:
_JAVA_OPTIONS=-Dawt.useSystemAAFontSettings=on
PATH=/usr/local/sbin:/usr/local/bin:/usr/sbin:/usr/bin:/sbin:/bin:/usr/games
USERNAME=epsilon
LD_LIBRARY_PATH=/usr/lib/jvm/java-6-sun-1.6.0.13/jre/lib/amd64/server:/usr/lib/jvm/java-6-sun-1.6.0.13/jre/lib/amd64:/usr/lib/jvm/java-6-sun-1.6.0.13/jre/../lib/amd64
SHELL=/bin/bash
DISPLAY=:0.0

Signal Handlers:
SIGSEGV: [libjvm.so+0x5fcd20], sa_mask[0]=0x7ffbfeff, sa_flags=0x10000004
SIGBUS: [libjvm.so+0x5fcd20], sa_mask[0]=0x7ffbfeff, sa_flags=0x10000004
SIGFPE: [libjvm.so+0x4e0eb0], sa_mask[0]=0x7ffbfeff, sa_flags=0x10000004
SIGPIPE: [libjvm.so+0x4e0eb0], sa_mask[0]=0x7ffbfeff, sa_flags=0x10000004
SIGXFSZ: [libjvm.so+0x4e0eb0], sa_mask[0]=0x7ffbfeff, sa_flags=0x10000004
SIGILL: [libjvm.so+0x4e0eb0], sa_mask[0]=0x7ffbfeff, sa_flags=0x10000004
SIGUSR1: SIG_DFL, sa_mask[0]=0x00000000, sa_flags=0x00000000
SIGUSR2: [libjvm.so+0x4e35d0], sa_mask[0]=0x00000004, sa_flags=0x10000004
SIGHUP: [libjvm.so+0x4e3320], sa_mask[0]=0x7ffbfeff, sa_flags=0x10000004
SIGINT: SIG_IGN, sa_mask[0]=0x00000000, sa_flags=0x00000000
SIGTERM: [libjvm.so+0x4e3320], sa_mask[0]=0x7ffbfeff, sa_flags=0x10000004
SIGQUIT: [libjvm.so+0x4e3320], sa_mask[0]=0x7ffbfeff, sa_flags=0x10000004


---------------  S Y S T E M  ---------------

OS:5.0

uname:Linux 2.6.28-12-generic #43-Ubuntu SMP Fri May 1 19:31:32 UTC 2009 x86_64
libc:glibc 2.9 NPTL 2.9 
rlimit: STACK 8192k, CORE 0k, NPROC infinity, NOFILE 1024, AS infinity
load average:0.48 0.38 0.20

CPU:total 2 (2 cores per cpu, 1 threads per core) family 16 model 2 stepping 3, cmov, cx8, fxsr, mmx, sse, sse2, sse3, mmxext, 3dnow, 3dnowext, sse4a

Memory: 4k page, physical 5780180k(2871940k free), swap 3903752k(3851972k free)

vm_info: Java HotSpot(TM) 64-Bit Server VM (11.3-b02) for linux-amd64 JRE (1.6.0_13-b03), built on Mar  9 2009 11:08:22 by "java_re" with gcc 3.2.2 (SuSE Linux)

time: Mon May 18 19:57:55 2009
elapsed time: 0 seconds

