#
# An unexpected error has been detected by Java Runtime Environment:
#
#  SIGSEGV (0xb) at pc=0x00007fbaeb78911b, pid=8621, tid=140439026436432
#
# Java VM: Java HotSpot(TM) 64-Bit Server VM (11.3-b02 mixed mode linux-amd64)
# Problematic frame:
# C  [libc.so.6+0x8411b]  memcpy+0x15b
#
# If you would like to submit a bug report, please visit:
#   http://java.sun.com/webapps/bugreport/crash.jsp
#

---------------  T H R E A D  ---------------

Current thread (0x00007fba840bb000):  JavaThread "AWT-EventQueue-0" [_thread_in_vm, id=8636, stack(0x00007fba82388000,0x00007fba82489000)]

siginfo:si_signo=SIGSEGV: si_errno=0, si_code=2 (SEGV_ACCERR), si_addr=0x00007fba84166000

Registers:
RAX=0x00007fbac9ce6390, RBX=0x00007fba893c12a0, RCX=0x00000000000000e4, RDX=0x0000000000001d00
RSP=0x00007fba82487538, RBP=0x00007fba824875c0, RSI=0x00007fba84166000, RDI=0x00007fbac9ce7970
R8 =0x0000000000000ffc, R9 =0x00007fbaeb5d55b8, R10=0x00007fbaeb5d9028, R11=0x0000000000001d00
R12=0x0000000000001d00, R13=0x0000000000000000, R14=0x00000000406c3d18, R15=0x00007fba82487550
RIP=0x00007fbaeb78911b, EFL=0x0000000000010216, CSGSFS=0x0000000000000033, ERR=0x0000000000000004
  TRAPNO=0x000000000000000e

Top of Stack: (sp=0x00007fba82487538)
0x00007fba82487538:   00007fbaeb131600 00007fba840bb1c0
0x00007fba82487548:   00007fba84164a20 00007fba840bb000
0x00007fba82487558:   0000000000000000 00007fba840bb000
0x00007fba82487568:   0000000000000000 00007fba840bb000
0x00007fba82487578:   00007fba824876c0 00007fba840bb000
0x00007fba82487588:   00007fbaeb77f276 00007fba840bb000
0x00007fba82487598:   00000000406c3d18 00007fba840ea6f0
0x00007fba824875a8:   00007fba840952b0 00007fba824876c0
0x00007fba824875b8:   00000000406c3cc0 00007fba840bb1c0
0x00007fba824875c8:   00007fba81f65486 00007fba8402e360
0x00007fba824875d8:   00000000406c3cc8 00000000406c3cd0
0x00007fba824875e8:   00000000406c3cd8 00000000406c3ce0
0x00007fba824875f8:   00007fba840bb6d8 00000000406c3ce8
0x00007fba82487608:   00007fba840bb720 01010101000bb000
0x00007fba82487618:   00007fba89db8700 00007fba824876a0
0x00007fba82487628:   0000000000000101 00007fba89db8700
0x00007fba82487638:   00007fba824876c0 00007fba840bb000
0x00007fba82487648:   00007fbae6bd3852 00007fba840bb000
0x00007fba82487658:   00007fba897f5c50 00007fba82487660
0x00007fba82487668:   00007fba89db8700 00007fba824876c0
0x00007fba82487678:   00007fba89db9138 0000000000000000
0x00007fba82487688:   00007fba89db8700 0000000000000000
0x00007fba82487698:   00007fba824876c0 00007fba82487708
0x00007fba824876a8:   00007fbae6bc8322 0000000000000000
0x00007fba824876b8:   00007fbae6bd0358 00007fbac9ccb0d0
0x00007fba824876c8:   00007fba824876c8 00007fba89db71dd
0x00007fba824876d8:   00007fba82487750 00007fba89db9138
0x00007fba824876e8:   0000000000000000 00007fba89db7268
0x00007fba824876f8:   00007fba824876c0 00007fba82487740
0x00007fba82487708:   00007fba82487798 00007fbae6bc8322
0x00007fba82487718:   0000000000000000 00007fbac9ce3008
0x00007fba82487728:   0000000000000000 00007fbac9ce2ff0 

Instructions: (pc=0x00007fbaeb78911b)
0x00007fbaeb78910b:   0f 47 da 4c 89 d9 49 83 e3 f8 48 c1 e9 03 74 05
0x00007fbaeb78911b:   f3 48 a5 66 90 4c 29 da 48 f7 c2 f8 ff ff ff 75 

Stack: [0x00007fba82388000,0x00007fba82489000],  sp=0x00007fba82487538,  free space=1021k
Native frames: (J=compiled Java code, j=interpreted, Vv=VM code, C=native code)
C  [libc.so.6+0x8411b]  memcpy+0x15b

Java frames: (J=compiled Java code, j=interpreted, Vv=VM code)
j  net.epsilony.simpmeshfree.model.geometry.TriangleJni.triangleFun()V+0
j  net.epsilony.simpmeshfree.model.geometry.TriangleJni.complie(Lnet/epsilony/simpmeshfree/model/geometry/GeometryModel;Ljava/lang/String;)V+141
j  net.epsilony.simpmeshfree.model.mechanics.MechanicsModel.generateNodesByTriangle(DDLjava/lang/String;ZZ)V+110
j  net.epsilony.simpmeshfree.model.ModelTestFrame.<init>()V+599
j  net.epsilony.simpmeshfree.model.ModelTestFrame$1.run()V+4
j  java.awt.event.InvocationEvent.dispatch()V+47
j  java.awt.EventQueue.dispatchEvent(Ljava/awt/AWTEvent;)V+26
j  java.awt.EventDispatchThread.pumpOneEventForFilters(I)Z+204
j  java.awt.EventDispatchThread.pumpEventsForFilter(ILjava/awt/Conditional;Ljava/awt/EventFilter;)V+30
j  java.awt.EventDispatchThread.pumpEventsForHierarchy(ILjava/awt/Conditional;Ljava/awt/Component;)V+11
j  java.awt.EventDispatchThread.pumpEvents(ILjava/awt/Conditional;)V+4
j  java.awt.EventDispatchThread.pumpEvents(Ljava/awt/Conditional;)V+3
j  java.awt.EventDispatchThread.run()V+9
v  ~StubRoutines::call_stub

---------------  P R O C E S S  ---------------

Java Threads: ( => current thread )
  0x00007fba84038c00 JavaThread "Thread-3" [_thread_blocked, id=8638, stack(0x00007fba82186000,0x00007fba82287000)]
  0x00007fba840dd800 JavaThread "Thread-2" [_thread_blocked, id=8637, stack(0x00007fba82287000,0x00007fba82388000)]
  0x00007fba840bc400 JavaThread "DestroyJavaVM" [_thread_blocked, id=8622, stack(0x00007fbaeaa65000,0x00007fbaeab66000)]
=>0x00007fba840bb000 JavaThread "AWT-EventQueue-0" [_thread_in_vm, id=8636, stack(0x00007fba82388000,0x00007fba82489000)]
  0x00007fba840ba400 JavaThread "AWT-Shutdown" [_thread_blocked, id=8635, stack(0x00007fba82489000,0x00007fba8258a000)]
  0x00007fba840b9800 JavaThread "AWT-XAWT" daemon [_thread_in_native, id=8634, stack(0x00007fba8258a000,0x00007fba8268b000)]
  0x00007fba84051c00 JavaThread "Java2D Disposer" daemon [_thread_blocked, id=8633, stack(0x00007fba82cbf000,0x00007fba82dc0000)]
  0x00000000406d5800 JavaThread "Low Memory Detector" daemon [_thread_blocked, id=8631, stack(0x00007fba8835b000,0x00007fba8845c000)]
  0x00000000406d3000 JavaThread "CompilerThread1" daemon [_thread_blocked, id=8630, stack(0x00007fba8845c000,0x00007fba8855d000)]
  0x00000000406cf000 JavaThread "CompilerThread0" daemon [_thread_blocked, id=8629, stack(0x00007fba8855d000,0x00007fba8865e000)]
  0x00000000406cd000 JavaThread "Signal Dispatcher" daemon [_thread_blocked, id=8628, stack(0x00007fba8865e000,0x00007fba8875f000)]
  0x00000000406ab800 JavaThread "Finalizer" daemon [_thread_blocked, id=8627, stack(0x00007fba8879e000,0x00007fba8889f000)]
  0x00000000406a4800 JavaThread "Reference Handler" daemon [_thread_blocked, id=8626, stack(0x00007fba8889f000,0x00007fba889a0000)]

Other Threads:
  0x000000004069f000 VMThread [stack: 0x00007fba889a0000,0x00007fba88aa1000] [id=8625]
  0x00000000406d7c00 WatcherThread [stack: 0x00007fba8825a000,0x00007fba8835b000] [id=8632]

VM state:not at safepoint (normal execution)

VM Mutex/Monitor currently owned by a thread: None

Heap
 PSYoungGen      total 26368K, used 18895K [0x00007fbac9520000, 0x00007fbacb280000, 0x00007fbae6bc0000)
  eden space 22656K, 83% used [0x00007fbac9520000,0x00007fbaca793cd8,0x00007fbacab40000)
  from space 3712K, 0% used [0x00007fbacaee0000,0x00007fbacaee0000,0x00007fbacb280000)
  to   space 3712K, 0% used [0x00007fbacab40000,0x00007fbacab40000,0x00007fbacaee0000)
 PSOldGen        total 60288K, used 0K [0x00007fba8e7c0000, 0x00007fba922a0000, 0x00007fbac9520000)
  object space 60288K, 0% used [0x00007fba8e7c0000,0x00007fba8e7c0000,0x00007fba922a0000)
 PSPermGen       total 21248K, used 10220K [0x00007fba893c0000, 0x00007fba8a880000, 0x00007fba8e7c0000)
  object space 21248K, 48% used [0x00007fba893c0000,0x00007fba89dbb0c8,0x00007fba8a880000)

Dynamic libraries:
40000000-40009000 r-xp 00000000 08:13 3163089                            /usr/lib/jvm/java-6-sun-1.6.0.13/jre/bin/java
40108000-4010a000 rwxp 00008000 08:13 3163089                            /usr/lib/jvm/java-6-sun-1.6.0.13/jre/bin/java
40616000-40cf4000 rwxp 40616000 00:00 0                                  [heap]
7fba81a3c000-7fba81a52000 r-xp 00000000 08:13 213005                     /lib/libgcc_s.so.1
7fba81a52000-7fba81c52000 ---p 00016000 08:13 213005                     /lib/libgcc_s.so.1
7fba81c52000-7fba81c53000 r-xp 00016000 08:13 213005                     /lib/libgcc_s.so.1
7fba81c53000-7fba81c54000 rwxp 00017000 08:13 213005                     /lib/libgcc_s.so.1
7fba81c54000-7fba81d45000 r-xp 00000000 08:13 2802601                    /usr/lib/libstdc++.so.6.0.10
7fba81d45000-7fba81f45000 ---p 000f1000 08:13 2802601                    /usr/lib/libstdc++.so.6.0.10
7fba81f45000-7fba81f4c000 r-xp 000f1000 08:13 2802601                    /usr/lib/libstdc++.so.6.0.10
7fba81f4c000-7fba81f4e000 rwxp 000f8000 08:13 2802601                    /usr/lib/libstdc++.so.6.0.10
7fba81f4e000-7fba81f61000 rwxp 7fba81f4e000 00:00 0 
7fba81f61000-7fba81f85000 r-xp 00000000 08:13 1942103                    /usr/lib/TriangleJniAmd64.so
7fba81f85000-7fba82184000 ---p 00024000 08:13 1942103                    /usr/lib/TriangleJniAmd64.so
7fba82184000-7fba82185000 r-xp 00023000 08:13 1942103                    /usr/lib/TriangleJniAmd64.so
7fba82185000-7fba82186000 rwxp 00024000 08:13 1942103                    /usr/lib/TriangleJniAmd64.so
7fba82186000-7fba82189000 ---p 7fba82186000 00:00 0 
7fba82189000-7fba82287000 rwxp 7fba82189000 00:00 0 
7fba82287000-7fba8228a000 ---p 7fba82287000 00:00 0 
7fba8228a000-7fba82388000 rwxp 7fba8228a000 00:00 0 
7fba82388000-7fba8238b000 ---p 7fba82388000 00:00 0 
7fba8238b000-7fba82489000 rwxp 7fba8238b000 00:00 0 
7fba82489000-7fba8248c000 ---p 7fba82489000 00:00 0 
7fba8248c000-7fba8258a000 rwxp 7fba8248c000 00:00 0 
7fba8258a000-7fba8258d000 ---p 7fba8258a000 00:00 0 
7fba8258d000-7fba8268b000 rwxp 7fba8258d000 00:00 0 
7fba8268b000-7fba82690000 r-xp 00000000 08:13 2805390                    /usr/lib/libXfixes.so.3.1.0
7fba82690000-7fba8288f000 ---p 00005000 08:13 2805390                    /usr/lib/libXfixes.so.3.1.0
7fba8288f000-7fba82890000 rwxp 00004000 08:13 2805390                    /usr/lib/libXfixes.so.3.1.0
7fba82890000-7fba82899000 r-xp 00000000 08:13 2805803                    /usr/lib/libXrender.so.1.3.0
7fba82899000-7fba82a98000 ---p 00009000 08:13 2805803                    /usr/lib/libXrender.so.1.3.0
7fba82a98000-7fba82a99000 r-xp 00008000 08:13 2805803                    /usr/lib/libXrender.so.1.3.0
7fba82a99000-7fba82a9a000 rwxp 00009000 08:13 2805803                    /usr/lib/libXrender.so.1.3.0
7fba82a9a000-7fba82aa3000 r-xp 00000000 08:13 2805843                    /usr/lib/libXcursor.so.1.0.2
7fba82aa3000-7fba82ca3000 ---p 00009000 08:13 2805843                    /usr/lib/libXcursor.so.1.0.2
7fba82ca3000-7fba82ca4000 rwxp 00009000 08:13 2805843                    /usr/lib/libXcursor.so.1.0.2
7fba82cbf000-7fba82cc2000 ---p 7fba82cbf000 00:00 0 
7fba82cc2000-7fba82dc0000 rwxp 7fba82cc2000 00:00 0 
7fba82dc0000-7fba82e3e000 r-xp 00000000 08:13 3163204                    /usr/lib/jvm/java-6-sun-1.6.0.13/jre/lib/amd64/libfontmanager.so
7fba82e3e000-7fba82f3d000 ---p 0007e000 08:13 3163204                    /usr/lib/jvm/java-6-sun-1.6.0.13/jre/lib/amd64/libfontmanager.so
7fba82f3d000-7fba82f53000 rwxp 0007d000 08:13 3163204                    /usr/lib/jvm/java-6-sun-1.6.0.13/jre/lib/amd64/libfontmanager.so
7fba82f53000-7fba82f64000 rwxp 7fba82f53000 00:00 0 
7fba82f64000-7fba82f69000 r-xp 00000000 08:13 2805384                    /usr/lib/libXdmcp.so.6.0.0
7fba82f69000-7fba83168000 ---p 00005000 08:13 2805384                    /usr/lib/libXdmcp.so.6.0.0
7fba83168000-7fba83169000 rwxp 00004000 08:13 2805384                    /usr/lib/libXdmcp.so.6.0.0
7fba83169000-7fba83184000 r-xp 00000000 08:13 2805386                    /usr/lib/libxcb.so.1.1.0
7fba83184000-7fba83383000 ---p 0001b000 08:13 2805386                    /usr/lib/libxcb.so.1.1.0
7fba83383000-7fba83384000 r-xp 0001a000 08:13 2805386                    /usr/lib/libxcb.so.1.1.0
7fba83384000-7fba83385000 rwxp 0001b000 08:13 2805386                    /usr/lib/libxcb.so.1.1.0
7fba83385000-7fba83387000 r-xp 00000000 08:13 2805382                    /usr/lib/libXau.so.6.0.0
7fba83387000-7fba83586000 ---p 00002000 08:13 2805382                    /usr/lib/libXau.so.6.0.0
7fba83586000-7fba83587000 r-xp 00001000 08:13 2805382                    /usr/lib/libXau.so.6.0.0
7fba83587000-7fba83588000 rwxp 00002000 08:13 2805382                    /usr/lib/libXau.so.6.0.0
7fba83588000-7fba83591000 r-xp 00000000 08:13 2805586                    /usr/lib/libXi.so.6.0.0
7fba83591000-7fba83791000 ---p 00009000 08:13 2805586                    /usr/lib/libXi.so.6.0.0
7fba83791000-7fba83792000 r-xp 00009000 08:13 2805586                    /usr/lib/libXi.so.6.0.0
7fba83792000-7fba83793000 rwxp 0000a000 08:13 2805586                    /usr/lib/libXi.so.6.0.0
7fba83793000-7fba83798000 r-xp 00000000 08:13 2806834                    /usr/lib/libXtst.so.6.1.0
7fba83798000-7fba83998000 ---p 00005000 08:13 2806834                    /usr/lib/libXtst.so.6.1.0
7fba83998000-7fba83999000 r-xp 00005000 08:13 2806834                    /usr/lib/libXtst.so.6.1.0
7fba83999000-7fba8399a000 rwxp 00006000 08:13 2806834                    /usr/lib/libXtst.so.6.1.0
7fba8399a000-7fba83a9c000 r-xp 00000000 08:13 2805388                    /usr/lib/libX11.so.6.2.0
7fba83a9c000-7fba83c9c000 ---p 00102000 08:13 2805388                    /usr/lib/libX11.so.6.2.0
7fba83c9c000-7fba83c9d000 r-xp 00102000 08:13 2805388                    /usr/lib/libX11.so.6.2.0
7fba83c9d000-7fba83ca1000 rwxp 00103000 08:13 2805388                    /usr/lib/libX11.so.6.2.0
7fba83ca1000-7fba83cb2000 r-xp 00000000 08:13 2805394                    /usr/lib/libXext.so.6.4.0
7fba83cb2000-7fba83eb1000 ---p 00011000 08:13 2805394                    /usr/lib/libXext.so.6.4.0
7fba83eb1000-7fba83eb2000 r-xp 00010000 08:13 2805394                    /usr/lib/libXext.so.6.4.0
7fba83eb2000-7fba83eb3000 rwxp 00011000 08:13 2805394                    /usr/lib/libXext.so.6.4.0
7fba83eb3000-7fba83ef4000 r-xp 00000000 08:13 3163194                    /usr/lib/jvm/java-6-sun-1.6.0.13/jre/lib/amd64/xawt/libmawt.so
7fba83ef4000-7fba83ff3000 ---p 00041000 08:13 3163194                    /usr/lib/jvm/java-6-sun-1.6.0.13/jre/lib/amd64/xawt/libmawt.so
7fba83ff3000-7fba83fff000 rwxp 00040000 08:13 3163194                    /usr/lib/jvm/java-6-sun-1.6.0.13/jre/lib/amd64/xawt/libmawt.so
7fba83fff000-7fba84000000 rwxp 7fba83fff000 00:00 0 
7fba84000000-7fba84166000 rwxp 7fba84000000 00:00 0 
7fba84166000-7fba88000000 ---p 7fba84166000 00:00 0 
7fba88018000-7fba88021000 r-xs 00000000 08:13 3197464                    /var/cache/fontconfig/945677eb7aeaf62f1d50efc3fb3ec7d8-x86-64.cache-2
7fba88021000-7fba88023000 r-xs 00000000 08:13 3197468                    /var/cache/fontconfig/99e8ed0e538f840c565b6ed5dad60d56-x86-64.cache-2
7fba88023000-7fba88026000 r-xs 00000000 08:13 3197466                    /var/cache/fontconfig/e383d7ea5fbe662a33d9b44caf393297-x86-64.cache-2
7fba88026000-7fba8802a000 r-xs 00000000 08:13 3197459                    /var/cache/fontconfig/6eb3985aa4124903f6ff08ba781cd364-x86-64.cache-2
7fba8802a000-7fba8802b000 r-xs 00000000 08:13 3197445                    /var/cache/fontconfig/4c73fe0c47614734b17d736dbde7580a-x86-64.cache-2
7fba8802b000-7fba8802f000 r-xs 00000000 08:13 3196573                    /var/cache/fontconfig/a755afe4a08bf5b97852ceb7400b47bc-x86-64.cache-2
7fba8802f000-7fba88038000 r-xs 00000000 08:13 3197440                    /var/cache/fontconfig/6d41288fd70b0be22e8c3a91e032eec0-x86-64.cache-2
7fba88038000-7fba8803b000 r-xs 00000000 08:13 3197439                    /var/cache/fontconfig/de156ccd2eddbdc19d37a45b8b2aac9c-x86-64.cache-2
7fba8803b000-7fba88046000 r-xs 00000000 08:13 3197435                    /var/cache/fontconfig/e3de0de479f42330eadf588a55fb5bf4-x86-64.cache-2
7fba88046000-7fba88055000 r-xs 00000000 08:13 3197434                    /var/cache/fontconfig/0f34bcd4b6ee430af32735b75db7f02b-x86-64.cache-2
7fba88055000-7fba88058000 r-xs 00000000 08:13 3197433                    /var/cache/fontconfig/ddd4086aec35a5275babba44bb759c3c-x86-64.cache-2
7fba88058000-7fba88059000 r-xs 00000000 08:13 3197424                    /var/cache/fontconfig/4794a0821666d79190d59a36cb4f44b5-x86-64.cache-2
7fba88059000-7fba88062000 r-xs 00000000 08:13 3197417                    /var/cache/fontconfig/d52a8644073d54c13679302ca1180695-x86-64.cache-2
7fba88062000-7fba8806e000 r-xs 00000000 08:13 3197416                    /var/cache/fontconfig/089dead882dea3570ffc31a9898cfb69-x86-64.cache-2
7fba8806e000-7fba88072000 r-xs 00000000 08:13 3197398                    /var/cache/fontconfig/cabbd14511b9e8a55e92af97fb3a0461-x86-64.cache-2
7fba88072000-7fba8807c000 r-xs 00000000 08:13 3195524                    /var/cache/fontconfig/e13b20fdb08344e0e664864cc2ede53d-x86-64.cache-2
7fba8807c000-7fba8810e000 r-xp 00000000 08:13 3163239                    /usr/lib/jvm/java-6-sun-1.6.0.13/jre/lib/amd64/libawt.so
7fba8810e000-7fba8820d000 ---p 00092000 08:13 3163239                    /usr/lib/jvm/java-6-sun-1.6.0.13/jre/lib/amd64/libawt.so
7fba8820d000-7fba88226000 rwxp 00091000 08:13 3163239                    /usr/lib/jvm/java-6-sun-1.6.0.13/jre/lib/amd64/libawt.so
7fba88226000-7fba8824b000 rwxp 7fba88226000 00:00 0 
7fba8824b000-7fba88252000 r-xs 00059000 08:11 1172178                    /home/epsilon/文档/4_java/javaTools/apache-log4j-1.2.15/log4j-1.2.15.jar
7fba88252000-7fba8825a000 r-xs 0004b000 08:11 162661                     /home/epsilon/文档/4_java/javaTools/commons-math-1.2/commons-math-1.2.jar
7fba8825a000-7fba8825b000 ---p 7fba8825a000 00:00 0 
7fba8825b000-7fba8835b000 rwxp 7fba8825b000 00:00 0 
7fba8835b000-7fba8835e000 ---p 7fba8835b000 00:00 0 
7fba8835e000-7fba8845c000 rwxp 7fba8835e000 00:00 0 
7fba8845c000-7fba8845f000 ---p 7fba8845c000 00:00 0 
7fba8845f000-7fba8855d000 rwxp 7fba8845f000 00:00 0 
7fba8855d000-7fba88560000 ---p 7fba8855d000 00:00 0 
7fba88560000-7fba8865e000 rwxp 7fba88560000 00:00 0 
7fba8865e000-7fba88661000 ---p 7fba8865e000 00:00 0 
7fba88661000-7fba8875f000 rwxp 7fba88661000 00:00 0 
7fba8875f000-7fba8879e000 r-xp 00000000 08:13 2827839                    /usr/lib/locale/zh_CN.utf8/LC_CTYPE
7fba8879e000-7fba887a1000 ---p 7fba8879e000 00:00 0 
7fba887a1000-7fba8889f000 rwxp 7fba887a1000 00:00 0 
7fba8889f000-7fba888a2000 ---p 7fba8889f000 00:00 0 
7fba888a2000-7fba889a0000 rwxp 7fba888a2000 00:00 0 
7fba889a0000-7fba889a1000 ---p 7fba889a0000 00:00 0 
7fba889a1000-7fba88b16000 rwxp 7fba889a1000 00:00 0 
7fba88b16000-7fba88ca8000 r-xs 02f34000 08:13 2942580                    /usr/lib/jvm/java-6-sun-1.6.0.13/jre/lib/rt.jar
7fba88ca8000-7fba88cd0000 rwxp 7fba88ca8000 00:00 0 
7fba88cd0000-7fba88cd1000 ---p 7fba88cd0000 00:00 0 
7fba88cd1000-7fba88dd1000 rwxp 7fba88cd1000 00:00 0 
7fba88dd1000-7fba88dd2000 ---p 7fba88dd1000 00:00 0 
7fba88dd2000-7fba88edd000 rwxp 7fba88dd2000 00:00 0 
7fba88edd000-7fba88efc000 rwxp 7fba88edd000 00:00 0 
7fba88efc000-7fba88f1a000 rwxp 7fba88efc000 00:00 0 
7fba88f1a000-7fba890d3000 rwxp 7fba88f1a000 00:00 0 
7fba890d3000-7fba890de000 rwxp 7fba890d3000 00:00 0 
7fba890de000-7fba890fd000 rwxp 7fba890de000 00:00 0 
7fba890fd000-7fba8911b000 rwxp 7fba890fd000 00:00 0 
7fba8911b000-7fba892d3000 rwxp 7fba8911b000 00:00 0 
7fba892d3000-7fba892e3000 rwxp 7fba892d3000 00:00 0 
7fba892e3000-7fba893bf000 rwxp 7fba892e3000 00:00 0 
7fba893bf000-7fba8a880000 rwxp 7fba893bf000 00:00 0 
7fba8a880000-7fba8e7c0000 rwxp 7fba8a880000 00:00 0 
7fba8e7c0000-7fba922a0000 rwxp 7fba8e7c0000 00:00 0 
7fba922a0000-7fbac9520000 rwxp 7fba922a0000 00:00 0 
7fbac9520000-7fbacb280000 rwxp 7fbac9520000 00:00 0 
7fbacb280000-7fbae6bc0000 rwxp 7fbacb280000 00:00 0 
7fbae6bc5000-7fbae6e35000 rwxp 7fbae6bc5000 00:00 0 
7fbae6e35000-7fbae9bc5000 rwxp 7fbae6e35000 00:00 0 
7fbae9bc5000-7fbae9bd3000 r-xp 00000000 08:13 3163206                    /usr/lib/jvm/java-6-sun-1.6.0.13/jre/lib/amd64/libzip.so
7fbae9bd3000-7fbae9cd5000 ---p 0000e000 08:13 3163206                    /usr/lib/jvm/java-6-sun-1.6.0.13/jre/lib/amd64/libzip.so
7fbae9cd5000-7fbae9cd8000 rwxp 00010000 08:13 3163206                    /usr/lib/jvm/java-6-sun-1.6.0.13/jre/lib/amd64/libzip.so
7fbae9cd8000-7fbae9cd9000 rwxp 7fbae9cd8000 00:00 0 
7fbae9cd9000-7fbae9d02000 r-xp 00000000 08:13 3163219                    /usr/lib/jvm/java-6-sun-1.6.0.13/jre/lib/amd64/libjava.so
7fbae9d02000-7fbae9e01000 ---p 00029000 08:13 3163219                    /usr/lib/jvm/java-6-sun-1.6.0.13/jre/lib/amd64/libjava.so
7fbae9e01000-7fbae9e08000 rwxp 00028000 08:13 3163219                    /usr/lib/jvm/java-6-sun-1.6.0.13/jre/lib/amd64/libjava.so
7fbae9e08000-7fbae9e15000 r-xp 00000000 08:13 3163201                    /usr/lib/jvm/java-6-sun-1.6.0.13/jre/lib/amd64/libverify.so
7fbae9e15000-7fbae9f14000 ---p 0000d000 08:13 3163201                    /usr/lib/jvm/java-6-sun-1.6.0.13/jre/lib/amd64/libverify.so
7fbae9f14000-7fbae9f17000 rwxp 0000c000 08:13 3163201                    /usr/lib/jvm/java-6-sun-1.6.0.13/jre/lib/amd64/libverify.so
7fbae9f17000-7fbae9f23000 r-xp 00000000 08:13 213021                     /lib/libnss_files-2.9.so
7fbae9f23000-7fbaea122000 ---p 0000c000 08:13 213021                     /lib/libnss_files-2.9.so
7fbaea122000-7fbaea123000 r-xp 0000b000 08:13 213021                     /lib/libnss_files-2.9.so
7fbaea123000-7fbaea124000 rwxp 0000c000 08:13 213021                     /lib/libnss_files-2.9.so
7fbaea124000-7fbaea12e000 r-xp 00000000 08:13 213023                     /lib/libnss_nis-2.9.so
7fbaea12e000-7fbaea32d000 ---p 0000a000 08:13 213023                     /lib/libnss_nis-2.9.so
7fbaea32d000-7fbaea32e000 r-xp 00009000 08:13 213023                     /lib/libnss_nis-2.9.so
7fbaea32e000-7fbaea32f000 rwxp 0000a000 08:13 213023                     /lib/libnss_nis-2.9.so
7fbaea32f000-7fbaea337000 r-xp 00000000 08:13 213019                     /lib/libnss_compat-2.9.so
7fbaea337000-7fbaea536000 ---p 00008000 08:13 213019                     /lib/libnss_compat-2.9.so
7fbaea536000-7fbaea537000 r-xp 00007000 08:13 213019                     /lib/libnss_compat-2.9.so
7fbaea537000-7fbaea538000 rwxp 00008000 08:13 213019                     /lib/libnss_compat-2.9.so
7fbaea538000-7fbaea54e000 r-xp 00000000 08:13 213018                     /lib/libnsl-2.9.so
7fbaea54e000-7fbaea74e000 ---p 00016000 08:13 213018                     /lib/libnsl-2.9.so
7fbaea74e000-7fbaea74f000 r-xp 00016000 08:13 213018                     /lib/libnsl-2.9.so
7fbaea74f000-7fbaea750000 rwxp 00017000 08:13 213018                     /lib/libnsl-2.9.so
7fbaea750000-7fbaea752000 rwxp 7fbaea750000 00:00 0 
7fbaea752000-7fbaea759000 r-xp 00000000 08:13 3163208                    /usr/lib/jvm/java-6-sun-1.6.0.13/jre/lib/amd64/native_threads/libhpi.so
7fbaea759000-7fbaea85a000 ---p 00007000 08:13 3163208                    /usr/lib/jvm/java-6-sun-1.6.0.13/jre/lib/amd64/native_threads/libhpi.so
7fbaea85a000-7fbaea85c000 rwxp 00008000 08:13 3163208                    /usr/lib/jvm/java-6-sun-1.6.0.13/jre/lib/amd64/native_threads/libhpi.so
7fbaea85c000-7fbaea85d000 rwxp 7fbaea85c000 00:00 0 
7fbaea85d000-7fbaea864000 r-xp 00000000 08:13 213028                     /lib/librt-2.9.so
7fbaea864000-7fbaeaa63000 ---p 00007000 08:13 213028                     /lib/librt-2.9.so
7fbaeaa63000-7fbaeaa64000 r-xp 00006000 08:13 213028                     /lib/librt-2.9.so
7fbaeaa64000-7fbaeaa65000 rwxp 00007000 08:13 213028                     /lib/librt-2.9.so
7fbaeaa65000-7fbaeaa68000 ---p 7fbaeaa65000 00:00 0 
7fbaeaa68000-7fbaeab66000 rwxp 7fbaeaa68000 00:00 0 
7fbaeab66000-7fbaeabea000 r-xp 00000000 08:13 213016                     /lib/libm-2.9.so
7fbaeabea000-7fbaeade9000 ---p 00084000 08:13 213016                     /lib/libm-2.9.so
7fbaeade9000-7fbaeadea000 r-xp 00083000 08:13 213016                     /lib/libm-2.9.so
7fbaeadea000-7fbaeadeb000 rwxp 00084000 08:13 213016                     /lib/libm-2.9.so
7fbaeadeb000-7fbaeb478000 r-xp 00000000 08:13 3163226                    /usr/lib/jvm/java-6-sun-1.6.0.13/jre/lib/amd64/server/libjvm.so
7fbaeb478000-7fbaeb577000 ---p 0068d000 08:13 3163226                    /usr/lib/jvm/java-6-sun-1.6.0.13/jre/lib/amd64/server/libjvm.so
7fbaeb577000-7fbaeb6c8000 rwxp 0068c000 08:13 3163226                    /usr/lib/jvm/java-6-sun-1.6.0.13/jre/lib/amd64/server/libjvm.so
7fbaeb6c8000-7fbaeb705000 rwxp 7fbaeb6c8000 00:00 0 
7fbaeb705000-7fbaeb86d000 r-xp 00000000 08:13 213012                     /lib/libc-2.9.so
7fbaeb86d000-7fbaeba6d000 ---p 00168000 08:13 213012                     /lib/libc-2.9.so
7fbaeba6d000-7fbaeba71000 r-xp 00168000 08:13 213012                     /lib/libc-2.9.so
7fbaeba71000-7fbaeba72000 rwxp 0016c000 08:13 213012                     /lib/libc-2.9.so
7fbaeba72000-7fbaeba77000 rwxp 7fbaeba72000 00:00 0 
7fbaeba77000-7fbaeba79000 r-xp 00000000 08:13 213015                     /lib/libdl-2.9.so
7fbaeba79000-7fbaebc79000 ---p 00002000 08:13 213015                     /lib/libdl-2.9.so
7fbaebc79000-7fbaebc7a000 r-xp 00002000 08:13 213015                     /lib/libdl-2.9.so
7fbaebc7a000-7fbaebc7b000 rwxp 00003000 08:13 213015                     /lib/libdl-2.9.so
7fbaebc7b000-7fbaebc92000 r-xp 00000000 08:13 213026                     /lib/libpthread-2.9.so
7fbaebc92000-7fbaebe91000 ---p 00017000 08:13 213026                     /lib/libpthread-2.9.so
7fbaebe91000-7fbaebe92000 r-xp 00016000 08:13 213026                     /lib/libpthread-2.9.so
7fbaebe92000-7fbaebe93000 rwxp 00017000 08:13 213026                     /lib/libpthread-2.9.so
7fbaebe93000-7fbaebe97000 rwxp 7fbaebe93000 00:00 0 
7fbaebe97000-7fbaebeb7000 r-xp 00000000 08:13 213006                     /lib/ld-2.9.so
7fbaebebd000-7fbaebecb000 r-xs 000ba000 08:11 422677                     /home/epsilon/文档/4_java/javaTools/mtj.jar
7fbaebecb000-7fbaebed5000 rwxp 7fbaebecb000 00:00 0 
7fbaebed5000-7fbaebf8b000 rwxp 7fbaebed5000 00:00 0 
7fbaebf8b000-7fbaebf8d000 rwxp 7fbaebf8b000 00:00 0 
7fbaebf8d000-7fbaebf94000 r-xp 00000000 08:13 3163192                    /usr/lib/jvm/java-6-sun-1.6.0.13/jre/lib/amd64/jli/libjli.so
7fbaebf94000-7fbaec095000 ---p 00007000 08:13 3163192                    /usr/lib/jvm/java-6-sun-1.6.0.13/jre/lib/amd64/jli/libjli.so
7fbaec095000-7fbaec097000 rwxp 00008000 08:13 3163192                    /usr/lib/jvm/java-6-sun-1.6.0.13/jre/lib/amd64/jli/libjli.so
7fbaec097000-7fbaec098000 rwxp 7fbaec097000 00:00 0 
7fbaec098000-7fbaec09b000 r-xs 000cb000 08:13 3162696                    /usr/lib/jvm/java-6-sun-1.6.0.13/jre/lib/ext/localedata.jar
7fbaec09b000-7fbaec09e000 r-xs 00000000 08:13 3196574                    /var/cache/fontconfig/7ef2298fde41cc6eeb7af42e48b7d293-x86-64.cache-2
7fbaec09e000-7fbaec0a2000 r-xs 00042000 08:11 181747                     /home/epsilon/NetBeansProjects/EpsilonUtils/trunk/dist/EpsilonYUtil.jar
7fbaec0a2000-7fbaec0a9000 r-xs 00000000 08:13 2803699                    /usr/lib/gconv/gconv-modules.cache
7fbaec0a9000-7fbaec0b1000 rwxs 00000000 08:13 377142                     /tmp/hsperfdata_epsilon/8621
7fbaec0b1000-7fbaec0b2000 rwxp 7fbaec0b1000 00:00 0 
7fbaec0b2000-7fbaec0b3000 r-xp 7fbaec0b2000 00:00 0 
7fbaec0b3000-7fbaec0b6000 rwxp 7fbaec0b3000 00:00 0 
7fbaec0b6000-7fbaec0b7000 r-xp 0001f000 08:13 213006                     /lib/ld-2.9.so
7fbaec0b7000-7fbaec0b8000 rwxp 00020000 08:13 213006                     /lib/ld-2.9.so
7ffff40a2000-7ffff40b7000 rwxp 7ffffffea000 00:00 0                      [stack]
7ffff41fe000-7ffff41ff000 r-xp 7ffff41fe000 00:00 0                      [vdso]
ffffffffff600000-ffffffffff601000 r-xp 00000000 00:00 0                  [vsyscall]

VM Arguments:
jvm_args: -Dawt.useSystemAAFontSettings=on 
java_command: net.epsilony.simpmeshfree.model.ModelTestFrame
Launcher Type: SUN_STANDARD

Environment Variables:
_JAVA_OPTIONS=-Dawt.useSystemAAFontSettings=on
PATH=/usr/local/sbin:/usr/local/bin:/usr/sbin:/usr/bin:/sbin:/bin:/usr/games
USERNAME=epsilon
LD_LIBRARY_PATH=/usr/lib/jvm/java-6-sun-1.6.0.13/jre/lib/amd64/server:/usr/lib/jvm/java-6-sun-1.6.0.13/jre/lib/amd64:/usr/lib/jvm/java-6-sun-1.6.0.13/jre/../lib/amd64
SHELL=/bin/bash
DISPLAY=:0.0

Signal Handlers:
SIGSEGV: [libjvm.so+0x5fcd20], sa_mask[0]=0x7ffbfeff, sa_flags=0x10000004
SIGBUS: [libjvm.so+0x5fcd20], sa_mask[0]=0x7ffbfeff, sa_flags=0x10000004
SIGFPE: [libjvm.so+0x4e0eb0], sa_mask[0]=0x7ffbfeff, sa_flags=0x10000004
SIGPIPE: [libjvm.so+0x4e0eb0], sa_mask[0]=0x7ffbfeff, sa_flags=0x10000004
SIGXFSZ: [libjvm.so+0x4e0eb0], sa_mask[0]=0x7ffbfeff, sa_flags=0x10000004
SIGILL: [libjvm.so+0x4e0eb0], sa_mask[0]=0x7ffbfeff, sa_flags=0x10000004
SIGUSR1: SIG_DFL, sa_mask[0]=0x00000000, sa_flags=0x00000000
SIGUSR2: [libjvm.so+0x4e35d0], sa_mask[0]=0x00000004, sa_flags=0x10000004
SIGHUP: [libjvm.so+0x4e3320], sa_mask[0]=0x7ffbfeff, sa_flags=0x10000004
SIGINT: SIG_IGN, sa_mask[0]=0x00000000, sa_flags=0x00000000
SIGTERM: [libjvm.so+0x4e3320], sa_mask[0]=0x7ffbfeff, sa_flags=0x10000004
SIGQUIT: [libjvm.so+0x4e3320], sa_mask[0]=0x7ffbfeff, sa_flags=0x10000004


---------------  S Y S T E M  ---------------

OS:5.0

uname:Linux 2.6.28-12-generic #43-Ubuntu SMP Fri May 1 19:31:32 UTC 2009 x86_64
libc:glibc 2.9 NPTL 2.9 
rlimit: STACK 8192k, CORE 0k, NPROC infinity, NOFILE 1024, AS infinity
load average:0.70 0.59 0.46

CPU:total 2 (2 cores per cpu, 1 threads per core) family 16 model 2 stepping 3, cmov, cx8, fxsr, mmx, sse, sse2, sse3, mmxext, 3dnow, 3dnowext, sse4a

Memory: 4k page, physical 5780180k(2877968k free), swap 3903752k(3865604k free)

vm_info: Java HotSpot(TM) 64-Bit Server VM (11.3-b02) for linux-amd64 JRE (1.6.0_13-b03), built on Mar  9 2009 11:08:22 by "java_re" with gcc 3.2.2 (SuSE Linux)

time: Mon May 18 11:18:37 2009
elapsed time: 0 seconds

