#
# An unexpected error has been detected by Java Runtime Environment:
#
#  SIGSEGV (0xb) at pc=0x00007faaa3e0811b, pid=11855, tid=140369172216144
#
# Java VM: Java HotSpot(TM) 64-Bit Server VM (11.3-b02 mixed mode linux-amd64)
# Problematic frame:
# C  [libc.so.6+0x8411b]  memcpy+0x15b
#
# If you would like to submit a bug report, please visit:
#   http://java.sun.com/webapps/bugreport/crash.jsp
#

---------------  T H R E A D  ---------------

Current thread (0x00007faa3806b400):  JavaThread "AWT-EventQueue-0" [_thread_in_vm, id=11873, stack(0x00007faa3e95b000,0x00007faa3ea5c000)]

siginfo:si_signo=SIGSEGV: si_errno=0, si_code=2 (SEGV_ACCERR), si_addr=0x00007faa380e9000

Registers:
RAX=0x00007faa823663f0, RBX=0x00007faa41a412a0, RCX=0x000000000000003a, RDX=0x0000000000001d00
RSP=0x00007faa3ea5a438, RBP=0x00007faa3ea5a4c0, RSI=0x00007faa380e9000, RDI=0x00007faa82367f20
R8 =0x0000000000000ffc, R9 =0x00007faaa3c545b8, R10=0x00007faaa3c58028, R11=0x0000000000001d00
R12=0x0000000000001d00, R13=0x0000000000000000, R14=0x000000004196f2f8, R15=0x00007faa3ea5a450
RIP=0x00007faaa3e0811b, EFL=0x0000000000010216, CSGSFS=0x0000000000000033, ERR=0x0000000000000004
  TRAPNO=0x000000000000000e

Top of Stack: (sp=0x00007faa3ea5a438)
0x00007faa3ea5a438:   00007faaa37b0600 00007faa3806b5c0
0x00007faa3ea5a448:   00007faa380e74d0 00007faa3806b400
0x00007faa3ea5a458:   0000000000000000 00007faa3806b400
0x00007faa3ea5a468:   0000000000000000 00007faa3806b400
0x00007faa3ea5a478:   00007faa3ea5a5c0 00007faa3806b400
0x00007faa3ea5a488:   00007faaa3dfe276 00007faa3806b400
0x00007faa3ea5a498:   000000004196f2f8 00007faa38013080
0x00007faa3ea5a4a8:   00007faa38012fd0 00007faa3ea5a5c0
0x00007faa3ea5a4b8:   000000004196f2a0 00007faa3806b5c0
0x00007faa3ea5a4c8:   00007faa3e538486 00007faa38012f20
0x00007faa3ea5a4d8:   000000004196f2a8 000000004196f2b0
0x00007faa3ea5a4e8:   000000004196f2b8 000000004196f2c0
0x00007faa3ea5a4f8:   0000000041757128 000000004196f2c8
0x00007faa3ea5a508:   0000000041757170 010101010006b400
0x00007faa3ea5a518:   00007faa42438860 00007faa3ea5a5a0
0x00007faa3ea5a528:   0000000000000101 00007faa42438860
0x00007faa3ea5a538:   00007faa3ea5a5c0 00007faa3806b400
0x00007faa3ea5a548:   00007faa9f252852 00007faa3806b400
0x00007faa3ea5a558:   00007faa41e75c70 00007faa3ea5a560
0x00007faa3ea5a568:   00007faa42438860 00007faa3ea5a5c0
0x00007faa3ea5a578:   00007faa42439298 0000000000000000
0x00007faa3ea5a588:   00007faa42438860 0000000000000000
0x00007faa3ea5a598:   00007faa3ea5a5c0 00007faa3ea5a608
0x00007faa3ea5a5a8:   00007faa9f247322 0000000000000000
0x00007faa3ea5a5b8:   00007faa9f24f358 00007faa8234b130
0x00007faa3ea5a5c8:   00007faa3ea5a5c8 00007faa4243733d
0x00007faa3ea5a5d8:   00007faa3ea5a650 00007faa42439298
0x00007faa3ea5a5e8:   0000000000000000 00007faa424373c8
0x00007faa3ea5a5f8:   00007faa3ea5a5c0 00007faa3ea5a640
0x00007faa3ea5a608:   00007faa3ea5a698 00007faa9f247322
0x00007faa3ea5a618:   0000000000000000 00007faa82363068
0x00007faa3ea5a628:   0000000000000000 00007faa82363050 

Instructions: (pc=0x00007faaa3e0811b)
0x00007faaa3e0810b:   0f 47 da 4c 89 d9 49 83 e3 f8 48 c1 e9 03 74 05
0x00007faaa3e0811b:   f3 48 a5 66 90 4c 29 da 48 f7 c2 f8 ff ff ff 75 

Stack: [0x00007faa3e95b000,0x00007faa3ea5c000],  sp=0x00007faa3ea5a438,  free space=1021k
Native frames: (J=compiled Java code, j=interpreted, Vv=VM code, C=native code)
C  [libc.so.6+0x8411b]  memcpy+0x15b

Java frames: (J=compiled Java code, j=interpreted, Vv=VM code)
j  net.epsilony.simpmeshfree.model.geometry.TriangleJni.triangleFun()V+0
j  net.epsilony.simpmeshfree.model.geometry.TriangleJni.complie(Lnet/epsilony/simpmeshfree/model/geometry/GeometryModel;Ljava/lang/String;)V+141
j  net.epsilony.simpmeshfree.model.mechanics.MechanicsModel.generateNodesByTriangle(DDLjava/lang/String;ZZ)V+110
j  net.epsilony.simpmeshfree.model.ModelTestFrame.<init>()V+599
j  net.epsilony.simpmeshfree.model.ModelTestFrame$1.run()V+4
j  java.awt.event.InvocationEvent.dispatch()V+47
j  java.awt.EventQueue.dispatchEvent(Ljava/awt/AWTEvent;)V+26
j  java.awt.EventDispatchThread.pumpOneEventForFilters(I)Z+204
j  java.awt.EventDispatchThread.pumpEventsForFilter(ILjava/awt/Conditional;Ljava/awt/EventFilter;)V+30
j  java.awt.EventDispatchThread.pumpEventsForHierarchy(ILjava/awt/Conditional;Ljava/awt/Component;)V+11
j  java.awt.EventDispatchThread.pumpEvents(ILjava/awt/Conditional;)V+4
j  java.awt.EventDispatchThread.pumpEvents(Ljava/awt/Conditional;)V+3
j  java.awt.EventDispatchThread.run()V+9
v  ~StubRoutines::call_stub

---------------  P R O C E S S  ---------------

Java Threads: ( => current thread )
  0x00007faa38086c00 JavaThread "Thread-3" [_thread_blocked, id=11878, stack(0x00007faa3e759000,0x00007faa3e85a000)]
  0x00007faa3806d800 JavaThread "Thread-2" [_thread_blocked, id=11877, stack(0x00007faa3e85a000,0x00007faa3e95b000)]
  0x00007faa3800c800 JavaThread "DestroyJavaVM" [_thread_blocked, id=11856, stack(0x00007faaa30e4000,0x00007faaa31e5000)]
=>0x00007faa3806b400 JavaThread "AWT-EventQueue-0" [_thread_in_vm, id=11873, stack(0x00007faa3e95b000,0x00007faa3ea5c000)]
  0x00007faa3806a800 JavaThread "AWT-Shutdown" [_thread_blocked, id=11872, stack(0x00007faa3eb6a000,0x00007faa3ec6b000)]
  0x00007faa38069c00 JavaThread "AWT-XAWT" daemon [_thread_in_native, id=11871, stack(0x00007faa3ec6b000,0x00007faa3ed6c000)]
  0x00007faa38007c00 JavaThread "Java2D Disposer" daemon [_thread_blocked, id=11870, stack(0x00007faa3f3a0000,0x00007faa3f4a1000)]
  0x000000004171d800 JavaThread "Low Memory Detector" daemon [_thread_blocked, id=11867, stack(0x00007faa409db000,0x00007faa40adc000)]
  0x000000004171b000 JavaThread "CompilerThread1" daemon [_thread_blocked, id=11866, stack(0x00007faa40adc000,0x00007faa40bdd000)]
  0x0000000041717000 JavaThread "CompilerThread0" daemon [_thread_in_native, id=11865, stack(0x00007faa40bdd000,0x00007faa40cde000)]
  0x0000000041715000 JavaThread "Signal Dispatcher" daemon [_thread_blocked, id=11864, stack(0x00007faa40cde000,0x00007faa40ddf000)]
  0x00000000416f3800 JavaThread "Finalizer" daemon [_thread_blocked, id=11862, stack(0x00007faa40e1e000,0x00007faa40f1f000)]
  0x00000000416ec800 JavaThread "Reference Handler" daemon [_thread_blocked, id=11861, stack(0x00007faa40f1f000,0x00007faa41020000)]

Other Threads:
  0x00000000416e7000 VMThread [stack: 0x00007faa41020000,0x00007faa41121000] [id=11860]
  0x000000004171fc00 WatcherThread [stack: 0x00007faa408da000,0x00007faa409db000] [id=11868]

VM state:not at safepoint (normal execution)

VM Mutex/Monitor currently owned by a thread: None

Heap
 PSYoungGen      total 26368K, used 19348K [0x00007faa81ba0000, 0x00007faa83900000, 0x00007faa9f240000)
  eden space 22656K, 85% used [0x00007faa81ba0000,0x00007faa82e851a0,0x00007faa831c0000)
  from space 3712K, 0% used [0x00007faa83560000,0x00007faa83560000,0x00007faa83900000)
  to   space 3712K, 0% used [0x00007faa831c0000,0x00007faa831c0000,0x00007faa83560000)
 PSOldGen        total 60288K, used 0K [0x00007faa46e40000, 0x00007faa4a920000, 0x00007faa81ba0000)
  object space 60288K, 0% used [0x00007faa46e40000,0x00007faa46e40000,0x00007faa4a920000)
 PSPermGen       total 21248K, used 10220K [0x00007faa41a40000, 0x00007faa42f00000, 0x00007faa46e40000)
  object space 21248K, 48% used [0x00007faa41a40000,0x00007faa4243b1a8,0x00007faa42f00000)

Dynamic libraries:
40000000-40009000 r-xp 00000000 08:13 3163089                            /usr/lib/jvm/java-6-sun-1.6.0.13/jre/bin/java
40108000-4010a000 rwxp 00008000 08:13 3163089                            /usr/lib/jvm/java-6-sun-1.6.0.13/jre/bin/java
4165e000-41cbd000 rwxp 4165e000 00:00 0                                  [heap]
7faa38000000-7faa380e9000 rwxp 7faa38000000 00:00 0 
7faa380e9000-7faa3c000000 ---p 7faa380e9000 00:00 0 
7faa3e00f000-7faa3e025000 r-xp 00000000 08:13 213005                     /lib/libgcc_s.so.1
7faa3e025000-7faa3e225000 ---p 00016000 08:13 213005                     /lib/libgcc_s.so.1
7faa3e225000-7faa3e226000 r-xp 00016000 08:13 213005                     /lib/libgcc_s.so.1
7faa3e226000-7faa3e227000 rwxp 00017000 08:13 213005                     /lib/libgcc_s.so.1
7faa3e227000-7faa3e318000 r-xp 00000000 08:13 2802601                    /usr/lib/libstdc++.so.6.0.10
7faa3e318000-7faa3e518000 ---p 000f1000 08:13 2802601                    /usr/lib/libstdc++.so.6.0.10
7faa3e518000-7faa3e51f000 r-xp 000f1000 08:13 2802601                    /usr/lib/libstdc++.so.6.0.10
7faa3e51f000-7faa3e521000 rwxp 000f8000 08:13 2802601                    /usr/lib/libstdc++.so.6.0.10
7faa3e521000-7faa3e534000 rwxp 7faa3e521000 00:00 0 
7faa3e534000-7faa3e558000 r-xp 00000000 08:13 1942103                    /usr/lib/TriangleJniAmd64.so
7faa3e558000-7faa3e757000 ---p 00024000 08:13 1942103                    /usr/lib/TriangleJniAmd64.so
7faa3e757000-7faa3e758000 r-xp 00023000 08:13 1942103                    /usr/lib/TriangleJniAmd64.so
7faa3e758000-7faa3e759000 rwxp 00024000 08:13 1942103                    /usr/lib/TriangleJniAmd64.so
7faa3e759000-7faa3e75c000 ---p 7faa3e759000 00:00 0 
7faa3e75c000-7faa3e85a000 rwxp 7faa3e75c000 00:00 0 
7faa3e85a000-7faa3e85d000 ---p 7faa3e85a000 00:00 0 
7faa3e85d000-7faa3e95b000 rwxp 7faa3e85d000 00:00 0 
7faa3e95b000-7faa3e95e000 ---p 7faa3e95b000 00:00 0 
7faa3e95e000-7faa3ea5c000 rwxp 7faa3e95e000 00:00 0 
7faa3ea5c000-7faa3ea65000 r-xs 00000000 08:13 3197464                    /var/cache/fontconfig/945677eb7aeaf62f1d50efc3fb3ec7d8-x86-64.cache-2
7faa3ea65000-7faa3ea67000 r-xs 00000000 08:13 3197468                    /var/cache/fontconfig/99e8ed0e538f840c565b6ed5dad60d56-x86-64.cache-2
7faa3ea67000-7faa3ea6a000 r-xs 00000000 08:13 3197466                    /var/cache/fontconfig/e383d7ea5fbe662a33d9b44caf393297-x86-64.cache-2
7faa3ea6a000-7faa3ea6e000 r-xs 00000000 08:13 3197459                    /var/cache/fontconfig/6eb3985aa4124903f6ff08ba781cd364-x86-64.cache-2
7faa3ea6e000-7faa3ea6f000 r-xs 00000000 08:13 3197445                    /var/cache/fontconfig/4c73fe0c47614734b17d736dbde7580a-x86-64.cache-2
7faa3ea6f000-7faa3ea73000 r-xs 00000000 08:13 3196573                    /var/cache/fontconfig/a755afe4a08bf5b97852ceb7400b47bc-x86-64.cache-2
7faa3ea73000-7faa3ea7c000 r-xs 00000000 08:13 3197440                    /var/cache/fontconfig/6d41288fd70b0be22e8c3a91e032eec0-x86-64.cache-2
7faa3ea7c000-7faa3ea7f000 r-xs 00000000 08:13 3197439                    /var/cache/fontconfig/de156ccd2eddbdc19d37a45b8b2aac9c-x86-64.cache-2
7faa3ea7f000-7faa3ea8a000 r-xs 00000000 08:13 3197435                    /var/cache/fontconfig/e3de0de479f42330eadf588a55fb5bf4-x86-64.cache-2
7faa3ea8a000-7faa3ea99000 r-xs 00000000 08:13 3197434                    /var/cache/fontconfig/0f34bcd4b6ee430af32735b75db7f02b-x86-64.cache-2
7faa3ea99000-7faa3ea9c000 r-xs 00000000 08:13 3197433                    /var/cache/fontconfig/ddd4086aec35a5275babba44bb759c3c-x86-64.cache-2
7faa3ea9c000-7faa3ea9d000 r-xs 00000000 08:13 3197424                    /var/cache/fontconfig/4794a0821666d79190d59a36cb4f44b5-x86-64.cache-2
7faa3ea9d000-7faa3eaa6000 r-xs 00000000 08:13 3197417                    /var/cache/fontconfig/d52a8644073d54c13679302ca1180695-x86-64.cache-2
7faa3eb6a000-7faa3eb6d000 ---p 7faa3eb6a000 00:00 0 
7faa3eb6d000-7faa3ec6b000 rwxp 7faa3eb6d000 00:00 0 
7faa3ec6b000-7faa3ec6e000 ---p 7faa3ec6b000 00:00 0 
7faa3ec6e000-7faa3ed6c000 rwxp 7faa3ec6e000 00:00 0 
7faa3ed6c000-7faa3ed71000 r-xp 00000000 08:13 2805390                    /usr/lib/libXfixes.so.3.1.0
7faa3ed71000-7faa3ef70000 ---p 00005000 08:13 2805390                    /usr/lib/libXfixes.so.3.1.0
7faa3ef70000-7faa3ef71000 rwxp 00004000 08:13 2805390                    /usr/lib/libXfixes.so.3.1.0
7faa3ef71000-7faa3ef7a000 r-xp 00000000 08:13 2805803                    /usr/lib/libXrender.so.1.3.0
7faa3ef7a000-7faa3f179000 ---p 00009000 08:13 2805803                    /usr/lib/libXrender.so.1.3.0
7faa3f179000-7faa3f17a000 r-xp 00008000 08:13 2805803                    /usr/lib/libXrender.so.1.3.0
7faa3f17a000-7faa3f17b000 rwxp 00009000 08:13 2805803                    /usr/lib/libXrender.so.1.3.0
7faa3f17b000-7faa3f184000 r-xp 00000000 08:13 2805843                    /usr/lib/libXcursor.so.1.0.2
7faa3f184000-7faa3f384000 ---p 00009000 08:13 2805843                    /usr/lib/libXcursor.so.1.0.2
7faa3f384000-7faa3f385000 rwxp 00009000 08:13 2805843                    /usr/lib/libXcursor.so.1.0.2
7faa3f3a0000-7faa3f3a3000 ---p 7faa3f3a0000 00:00 0 
7faa3f3a3000-7faa3f4a1000 rwxp 7faa3f3a3000 00:00 0 
7faa3f4a1000-7faa3f51f000 r-xp 00000000 08:13 3163204                    /usr/lib/jvm/java-6-sun-1.6.0.13/jre/lib/amd64/libfontmanager.so
7faa3f51f000-7faa3f61e000 ---p 0007e000 08:13 3163204                    /usr/lib/jvm/java-6-sun-1.6.0.13/jre/lib/amd64/libfontmanager.so
7faa3f61e000-7faa3f634000 rwxp 0007d000 08:13 3163204                    /usr/lib/jvm/java-6-sun-1.6.0.13/jre/lib/amd64/libfontmanager.so
7faa3f634000-7faa3f645000 rwxp 7faa3f634000 00:00 0 
7faa3f645000-7faa3f64a000 r-xp 00000000 08:13 2805384                    /usr/lib/libXdmcp.so.6.0.0
7faa3f64a000-7faa3f849000 ---p 00005000 08:13 2805384                    /usr/lib/libXdmcp.so.6.0.0
7faa3f849000-7faa3f84a000 rwxp 00004000 08:13 2805384                    /usr/lib/libXdmcp.so.6.0.0
7faa3f84a000-7faa3f865000 r-xp 00000000 08:13 2805386                    /usr/lib/libxcb.so.1.1.0
7faa3f865000-7faa3fa64000 ---p 0001b000 08:13 2805386                    /usr/lib/libxcb.so.1.1.0
7faa3fa64000-7faa3fa65000 r-xp 0001a000 08:13 2805386                    /usr/lib/libxcb.so.1.1.0
7faa3fa65000-7faa3fa66000 rwxp 0001b000 08:13 2805386                    /usr/lib/libxcb.so.1.1.0
7faa3fa66000-7faa3fa68000 r-xp 00000000 08:13 2805382                    /usr/lib/libXau.so.6.0.0
7faa3fa68000-7faa3fc67000 ---p 00002000 08:13 2805382                    /usr/lib/libXau.so.6.0.0
7faa3fc67000-7faa3fc68000 r-xp 00001000 08:13 2805382                    /usr/lib/libXau.so.6.0.0
7faa3fc68000-7faa3fc69000 rwxp 00002000 08:13 2805382                    /usr/lib/libXau.so.6.0.0
7faa3fc69000-7faa3fc72000 r-xp 00000000 08:13 2805586                    /usr/lib/libXi.so.6.0.0
7faa3fc72000-7faa3fe72000 ---p 00009000 08:13 2805586                    /usr/lib/libXi.so.6.0.0
7faa3fe72000-7faa3fe73000 r-xp 00009000 08:13 2805586                    /usr/lib/libXi.so.6.0.0
7faa3fe73000-7faa3fe74000 rwxp 0000a000 08:13 2805586                    /usr/lib/libXi.so.6.0.0
7faa3fe74000-7faa3fe79000 r-xp 00000000 08:13 2806834                    /usr/lib/libXtst.so.6.1.0
7faa3fe79000-7faa40079000 ---p 00005000 08:13 2806834                    /usr/lib/libXtst.so.6.1.0
7faa40079000-7faa4007a000 r-xp 00005000 08:13 2806834                    /usr/lib/libXtst.so.6.1.0
7faa4007a000-7faa4007b000 rwxp 00006000 08:13 2806834                    /usr/lib/libXtst.so.6.1.0
7faa4007b000-7faa4017d000 r-xp 00000000 08:13 2805388                    /usr/lib/libX11.so.6.2.0
7faa4017d000-7faa4037d000 ---p 00102000 08:13 2805388                    /usr/lib/libX11.so.6.2.0
7faa4037d000-7faa4037e000 r-xp 00102000 08:13 2805388                    /usr/lib/libX11.so.6.2.0
7faa4037e000-7faa40382000 rwxp 00103000 08:13 2805388                    /usr/lib/libX11.so.6.2.0
7faa40382000-7faa40393000 r-xp 00000000 08:13 2805394                    /usr/lib/libXext.so.6.4.0
7faa40393000-7faa40592000 ---p 00011000 08:13 2805394                    /usr/lib/libXext.so.6.4.0
7faa40592000-7faa40593000 r-xp 00010000 08:13 2805394                    /usr/lib/libXext.so.6.4.0
7faa40593000-7faa40594000 rwxp 00011000 08:13 2805394                    /usr/lib/libXext.so.6.4.0
7faa40595000-7faa405a1000 r-xs 00000000 08:13 3197416                    /var/cache/fontconfig/089dead882dea3570ffc31a9898cfb69-x86-64.cache-2
7faa405a1000-7faa405a5000 r-xs 00000000 08:13 3197398                    /var/cache/fontconfig/cabbd14511b9e8a55e92af97fb3a0461-x86-64.cache-2
7faa405a5000-7faa405af000 r-xs 00000000 08:13 3195524                    /var/cache/fontconfig/e13b20fdb08344e0e664864cc2ede53d-x86-64.cache-2
7faa405af000-7faa405f0000 r-xp 00000000 08:13 3163194                    /usr/lib/jvm/java-6-sun-1.6.0.13/jre/lib/amd64/xawt/libmawt.so
7faa405f0000-7faa406ef000 ---p 00041000 08:13 3163194                    /usr/lib/jvm/java-6-sun-1.6.0.13/jre/lib/amd64/xawt/libmawt.so
7faa406ef000-7faa406fb000 rwxp 00040000 08:13 3163194                    /usr/lib/jvm/java-6-sun-1.6.0.13/jre/lib/amd64/xawt/libmawt.so
7faa406fb000-7faa406fc000 rwxp 7faa406fb000 00:00 0 
7faa406fc000-7faa4078e000 r-xp 00000000 08:13 3163239                    /usr/lib/jvm/java-6-sun-1.6.0.13/jre/lib/amd64/libawt.so
7faa4078e000-7faa4088d000 ---p 00092000 08:13 3163239                    /usr/lib/jvm/java-6-sun-1.6.0.13/jre/lib/amd64/libawt.so
7faa4088d000-7faa408a6000 rwxp 00091000 08:13 3163239                    /usr/lib/jvm/java-6-sun-1.6.0.13/jre/lib/amd64/libawt.so
7faa408a6000-7faa408cb000 rwxp 7faa408a6000 00:00 0 
7faa408cb000-7faa408d2000 r-xs 00059000 08:11 1172178                    /home/epsilon/文档/4_java/javaTools/apache-log4j-1.2.15/log4j-1.2.15.jar
7faa408d2000-7faa408da000 r-xs 0004b000 08:11 162661                     /home/epsilon/文档/4_java/javaTools/commons-math-1.2/commons-math-1.2.jar
7faa408da000-7faa408db000 ---p 7faa408da000 00:00 0 
7faa408db000-7faa409db000 rwxp 7faa408db000 00:00 0 
7faa409db000-7faa409de000 ---p 7faa409db000 00:00 0 
7faa409de000-7faa40adc000 rwxp 7faa409de000 00:00 0 
7faa40adc000-7faa40adf000 ---p 7faa40adc000 00:00 0 
7faa40adf000-7faa40bdd000 rwxp 7faa40adf000 00:00 0 
7faa40bdd000-7faa40be0000 ---p 7faa40bdd000 00:00 0 
7faa40be0000-7faa40cde000 rwxp 7faa40be0000 00:00 0 
7faa40cde000-7faa40ce1000 ---p 7faa40cde000 00:00 0 
7faa40ce1000-7faa40ddf000 rwxp 7faa40ce1000 00:00 0 
7faa40ddf000-7faa40e1e000 r-xp 00000000 08:13 2827839                    /usr/lib/locale/zh_CN.utf8/LC_CTYPE
7faa40e1e000-7faa40e21000 ---p 7faa40e1e000 00:00 0 
7faa40e21000-7faa40f1f000 rwxp 7faa40e21000 00:00 0 
7faa40f1f000-7faa40f22000 ---p 7faa40f1f000 00:00 0 
7faa40f22000-7faa41020000 rwxp 7faa40f22000 00:00 0 
7faa41020000-7faa41021000 ---p 7faa41020000 00:00 0 
7faa41021000-7faa41196000 rwxp 7faa41021000 00:00 0 
7faa41196000-7faa41328000 r-xs 02f34000 08:13 2942580                    /usr/lib/jvm/java-6-sun-1.6.0.13/jre/lib/rt.jar
7faa41328000-7faa41350000 rwxp 7faa41328000 00:00 0 
7faa41350000-7faa41351000 ---p 7faa41350000 00:00 0 
7faa41351000-7faa41451000 rwxp 7faa41351000 00:00 0 
7faa41451000-7faa41452000 ---p 7faa41451000 00:00 0 
7faa41452000-7faa4155d000 rwxp 7faa41452000 00:00 0 
7faa4155d000-7faa4157c000 rwxp 7faa4155d000 00:00 0 
7faa4157c000-7faa4159a000 rwxp 7faa4157c000 00:00 0 
7faa4159a000-7faa41753000 rwxp 7faa4159a000 00:00 0 
7faa41753000-7faa4175e000 rwxp 7faa41753000 00:00 0 
7faa4175e000-7faa4177d000 rwxp 7faa4175e000 00:00 0 
7faa4177d000-7faa4179b000 rwxp 7faa4177d000 00:00 0 
7faa4179b000-7faa41953000 rwxp 7faa4179b000 00:00 0 
7faa41953000-7faa41963000 rwxp 7faa41953000 00:00 0 
7faa41963000-7faa41a3f000 rwxp 7faa41963000 00:00 0 
7faa41a3f000-7faa42f00000 rwxp 7faa41a3f000 00:00 0 
7faa42f00000-7faa46e40000 rwxp 7faa42f00000 00:00 0 
7faa46e40000-7faa4a920000 rwxp 7faa46e40000 00:00 0 
7faa4a920000-7faa81ba0000 rwxp 7faa4a920000 00:00 0 
7faa81ba0000-7faa83900000 rwxp 7faa81ba0000 00:00 0 
7faa83900000-7faa9f240000 rwxp 7faa83900000 00:00 0 
7faa9f244000-7faa9f4b4000 rwxp 7faa9f244000 00:00 0 
7faa9f4b4000-7faaa2244000 rwxp 7faa9f4b4000 00:00 0 
7faaa2244000-7faaa2252000 r-xp 00000000 08:13 3163206                    /usr/lib/jvm/java-6-sun-1.6.0.13/jre/lib/amd64/libzip.so
7faaa2252000-7faaa2354000 ---p 0000e000 08:13 3163206                    /usr/lib/jvm/java-6-sun-1.6.0.13/jre/lib/amd64/libzip.so
7faaa2354000-7faaa2357000 rwxp 00010000 08:13 3163206                    /usr/lib/jvm/java-6-sun-1.6.0.13/jre/lib/amd64/libzip.so
7faaa2357000-7faaa2358000 rwxp 7faaa2357000 00:00 0 
7faaa2358000-7faaa2381000 r-xp 00000000 08:13 3163219                    /usr/lib/jvm/java-6-sun-1.6.0.13/jre/lib/amd64/libjava.so
7faaa2381000-7faaa2480000 ---p 00029000 08:13 3163219                    /usr/lib/jvm/java-6-sun-1.6.0.13/jre/lib/amd64/libjava.so
7faaa2480000-7faaa2487000 rwxp 00028000 08:13 3163219                    /usr/lib/jvm/java-6-sun-1.6.0.13/jre/lib/amd64/libjava.so
7faaa2487000-7faaa2494000 r-xp 00000000 08:13 3163201                    /usr/lib/jvm/java-6-sun-1.6.0.13/jre/lib/amd64/libverify.so
7faaa2494000-7faaa2593000 ---p 0000d000 08:13 3163201                    /usr/lib/jvm/java-6-sun-1.6.0.13/jre/lib/amd64/libverify.so
7faaa2593000-7faaa2596000 rwxp 0000c000 08:13 3163201                    /usr/lib/jvm/java-6-sun-1.6.0.13/jre/lib/amd64/libverify.so
7faaa2596000-7faaa25a2000 r-xp 00000000 08:13 213021                     /lib/libnss_files-2.9.so
7faaa25a2000-7faaa27a1000 ---p 0000c000 08:13 213021                     /lib/libnss_files-2.9.so
7faaa27a1000-7faaa27a2000 r-xp 0000b000 08:13 213021                     /lib/libnss_files-2.9.so
7faaa27a2000-7faaa27a3000 rwxp 0000c000 08:13 213021                     /lib/libnss_files-2.9.so
7faaa27a3000-7faaa27ad000 r-xp 00000000 08:13 213023                     /lib/libnss_nis-2.9.so
7faaa27ad000-7faaa29ac000 ---p 0000a000 08:13 213023                     /lib/libnss_nis-2.9.so
7faaa29ac000-7faaa29ad000 r-xp 00009000 08:13 213023                     /lib/libnss_nis-2.9.so
7faaa29ad000-7faaa29ae000 rwxp 0000a000 08:13 213023                     /lib/libnss_nis-2.9.so
7faaa29ae000-7faaa29b6000 r-xp 00000000 08:13 213019                     /lib/libnss_compat-2.9.so
7faaa29b6000-7faaa2bb5000 ---p 00008000 08:13 213019                     /lib/libnss_compat-2.9.so
7faaa2bb5000-7faaa2bb6000 r-xp 00007000 08:13 213019                     /lib/libnss_compat-2.9.so
7faaa2bb6000-7faaa2bb7000 rwxp 00008000 08:13 213019                     /lib/libnss_compat-2.9.so
7faaa2bb7000-7faaa2bcd000 r-xp 00000000 08:13 213018                     /lib/libnsl-2.9.so
7faaa2bcd000-7faaa2dcd000 ---p 00016000 08:13 213018                     /lib/libnsl-2.9.so
7faaa2dcd000-7faaa2dce000 r-xp 00016000 08:13 213018                     /lib/libnsl-2.9.so
7faaa2dce000-7faaa2dcf000 rwxp 00017000 08:13 213018                     /lib/libnsl-2.9.so
7faaa2dcf000-7faaa2dd1000 rwxp 7faaa2dcf000 00:00 0 
7faaa2dd1000-7faaa2dd8000 r-xp 00000000 08:13 3163208                    /usr/lib/jvm/java-6-sun-1.6.0.13/jre/lib/amd64/native_threads/libhpi.so
7faaa2dd8000-7faaa2ed9000 ---p 00007000 08:13 3163208                    /usr/lib/jvm/java-6-sun-1.6.0.13/jre/lib/amd64/native_threads/libhpi.so
7faaa2ed9000-7faaa2edb000 rwxp 00008000 08:13 3163208                    /usr/lib/jvm/java-6-sun-1.6.0.13/jre/lib/amd64/native_threads/libhpi.so
7faaa2edb000-7faaa2edc000 rwxp 7faaa2edb000 00:00 0 
7faaa2edc000-7faaa2ee3000 r-xp 00000000 08:13 213028                     /lib/librt-2.9.so
7faaa2ee3000-7faaa30e2000 ---p 00007000 08:13 213028                     /lib/librt-2.9.so
7faaa30e2000-7faaa30e3000 r-xp 00006000 08:13 213028                     /lib/librt-2.9.so
7faaa30e3000-7faaa30e4000 rwxp 00007000 08:13 213028                     /lib/librt-2.9.so
7faaa30e4000-7faaa30e7000 ---p 7faaa30e4000 00:00 0 
7faaa30e7000-7faaa31e5000 rwxp 7faaa30e7000 00:00 0 
7faaa31e5000-7faaa3269000 r-xp 00000000 08:13 213016                     /lib/libm-2.9.so
7faaa3269000-7faaa3468000 ---p 00084000 08:13 213016                     /lib/libm-2.9.so
7faaa3468000-7faaa3469000 r-xp 00083000 08:13 213016                     /lib/libm-2.9.so
7faaa3469000-7faaa346a000 rwxp 00084000 08:13 213016                     /lib/libm-2.9.so
7faaa346a000-7faaa3af7000 r-xp 00000000 08:13 3163226                    /usr/lib/jvm/java-6-sun-1.6.0.13/jre/lib/amd64/server/libjvm.so
7faaa3af7000-7faaa3bf6000 ---p 0068d000 08:13 3163226                    /usr/lib/jvm/java-6-sun-1.6.0.13/jre/lib/amd64/server/libjvm.so
7faaa3bf6000-7faaa3d47000 rwxp 0068c000 08:13 3163226                    /usr/lib/jvm/java-6-sun-1.6.0.13/jre/lib/amd64/server/libjvm.so
7faaa3d47000-7faaa3d84000 rwxp 7faaa3d47000 00:00 0 
7faaa3d84000-7faaa3eec000 r-xp 00000000 08:13 213012                     /lib/libc-2.9.so
7faaa3eec000-7faaa40ec000 ---p 00168000 08:13 213012                     /lib/libc-2.9.so
7faaa40ec000-7faaa40f0000 r-xp 00168000 08:13 213012                     /lib/libc-2.9.so
7faaa40f0000-7faaa40f1000 rwxp 0016c000 08:13 213012                     /lib/libc-2.9.so
7faaa40f1000-7faaa40f6000 rwxp 7faaa40f1000 00:00 0 
7faaa40f6000-7faaa40f8000 r-xp 00000000 08:13 213015                     /lib/libdl-2.9.so
7faaa40f8000-7faaa42f8000 ---p 00002000 08:13 213015                     /lib/libdl-2.9.so
7faaa42f8000-7faaa42f9000 r-xp 00002000 08:13 213015                     /lib/libdl-2.9.so
7faaa42f9000-7faaa42fa000 rwxp 00003000 08:13 213015                     /lib/libdl-2.9.so
7faaa42fa000-7faaa4311000 r-xp 00000000 08:13 213026                     /lib/libpthread-2.9.so
7faaa4311000-7faaa4510000 ---p 00017000 08:13 213026                     /lib/libpthread-2.9.so
7faaa4510000-7faaa4511000 r-xp 00016000 08:13 213026                     /lib/libpthread-2.9.so
7faaa4511000-7faaa4512000 rwxp 00017000 08:13 213026                     /lib/libpthread-2.9.so
7faaa4512000-7faaa4516000 rwxp 7faaa4512000 00:00 0 
7faaa4516000-7faaa4536000 r-xp 00000000 08:13 213006                     /lib/ld-2.9.so
7faaa453c000-7faaa454a000 r-xs 000ba000 08:11 422677                     /home/epsilon/文档/4_java/javaTools/mtj.jar
7faaa454a000-7faaa4554000 rwxp 7faaa454a000 00:00 0 
7faaa4554000-7faaa460a000 rwxp 7faaa4554000 00:00 0 
7faaa460a000-7faaa460c000 rwxp 7faaa460a000 00:00 0 
7faaa460c000-7faaa4613000 r-xp 00000000 08:13 3163192                    /usr/lib/jvm/java-6-sun-1.6.0.13/jre/lib/amd64/jli/libjli.so
7faaa4613000-7faaa4714000 ---p 00007000 08:13 3163192                    /usr/lib/jvm/java-6-sun-1.6.0.13/jre/lib/amd64/jli/libjli.so
7faaa4714000-7faaa4716000 rwxp 00008000 08:13 3163192                    /usr/lib/jvm/java-6-sun-1.6.0.13/jre/lib/amd64/jli/libjli.so
7faaa4716000-7faaa4717000 rwxp 7faaa4716000 00:00 0 
7faaa4717000-7faaa471a000 r-xs 000cb000 08:13 3162696                    /usr/lib/jvm/java-6-sun-1.6.0.13/jre/lib/ext/localedata.jar
7faaa471a000-7faaa471d000 r-xs 00000000 08:13 3196574                    /var/cache/fontconfig/7ef2298fde41cc6eeb7af42e48b7d293-x86-64.cache-2
7faaa471d000-7faaa4721000 r-xs 00042000 08:11 181747                     /home/epsilon/NetBeansProjects/EpsilonUtils/trunk/dist/EpsilonYUtil.jar
7faaa4721000-7faaa4728000 r-xs 00000000 08:13 2803699                    /usr/lib/gconv/gconv-modules.cache
7faaa4728000-7faaa4730000 rwxs 00000000 08:13 377148                     /tmp/hsperfdata_epsilon/11855
7faaa4730000-7faaa4731000 rwxp 7faaa4730000 00:00 0 
7faaa4731000-7faaa4732000 r-xp 7faaa4731000 00:00 0 
7faaa4732000-7faaa4735000 rwxp 7faaa4732000 00:00 0 
7faaa4735000-7faaa4736000 r-xp 0001f000 08:13 213006                     /lib/ld-2.9.so
7faaa4736000-7faaa4737000 rwxp 00020000 08:13 213006                     /lib/ld-2.9.so
7fffac721000-7fffac736000 rwxp 7ffffffea000 00:00 0                      [stack]
7fffac7fe000-7fffac7ff000 r-xp 7fffac7fe000 00:00 0                      [vdso]
ffffffffff600000-ffffffffff601000 r-xp 00000000 00:00 0                  [vsyscall]

VM Arguments:
jvm_args: -Dawt.useSystemAAFontSettings=on 
java_command: net.epsilony.simpmeshfree.model.ModelTestFrame
Launcher Type: SUN_STANDARD

Environment Variables:
_JAVA_OPTIONS=-Dawt.useSystemAAFontSettings=on
PATH=/usr/local/sbin:/usr/local/bin:/usr/sbin:/usr/bin:/sbin:/bin:/usr/games
USERNAME=epsilon
LD_LIBRARY_PATH=/usr/lib/jvm/java-6-sun-1.6.0.13/jre/lib/amd64/server:/usr/lib/jvm/java-6-sun-1.6.0.13/jre/lib/amd64:/usr/lib/jvm/java-6-sun-1.6.0.13/jre/../lib/amd64
SHELL=/bin/bash
DISPLAY=:0.0

Signal Handlers:
SIGSEGV: [libjvm.so+0x5fcd20], sa_mask[0]=0x7ffbfeff, sa_flags=0x10000004
SIGBUS: [libjvm.so+0x5fcd20], sa_mask[0]=0x7ffbfeff, sa_flags=0x10000004
SIGFPE: [libjvm.so+0x4e0eb0], sa_mask[0]=0x7ffbfeff, sa_flags=0x10000004
SIGPIPE: [libjvm.so+0x4e0eb0], sa_mask[0]=0x7ffbfeff, sa_flags=0x10000004
SIGXFSZ: [libjvm.so+0x4e0eb0], sa_mask[0]=0x7ffbfeff, sa_flags=0x10000004
SIGILL: [libjvm.so+0x4e0eb0], sa_mask[0]=0x7ffbfeff, sa_flags=0x10000004
SIGUSR1: SIG_DFL, sa_mask[0]=0x00000000, sa_flags=0x00000000
SIGUSR2: [libjvm.so+0x4e35d0], sa_mask[0]=0x00000004, sa_flags=0x10000004
SIGHUP: [libjvm.so+0x4e3320], sa_mask[0]=0x7ffbfeff, sa_flags=0x10000004
SIGINT: SIG_IGN, sa_mask[0]=0x00000000, sa_flags=0x00000000
SIGTERM: [libjvm.so+0x4e3320], sa_mask[0]=0x7ffbfeff, sa_flags=0x10000004
SIGQUIT: [libjvm.so+0x4e3320], sa_mask[0]=0x7ffbfeff, sa_flags=0x10000004


---------------  S Y S T E M  ---------------

OS:5.0

uname:Linux 2.6.28-12-generic #43-Ubuntu SMP Fri May 1 19:31:32 UTC 2009 x86_64
libc:glibc 2.9 NPTL 2.9 
rlimit: STACK 8192k, CORE 0k, NPROC infinity, NOFILE 1024, AS infinity
load average:0.19 0.27 0.33

CPU:total 2 (2 cores per cpu, 1 threads per core) family 16 model 2 stepping 3, cmov, cx8, fxsr, mmx, sse, sse2, sse3, mmxext, 3dnow, 3dnowext, sse4a

Memory: 4k page, physical 5780180k(3099532k free), swap 3903752k(3865604k free)

vm_info: Java HotSpot(TM) 64-Bit Server VM (11.3-b02) for linux-amd64 JRE (1.6.0_13-b03), built on Mar  9 2009 11:08:22 by "java_re" with gcc 3.2.2 (SuSE Linux)

time: Mon May 18 12:03:55 2009
elapsed time: 0 seconds

