#
# An unexpected error has been detected by Java Runtime Environment:
#
#  SIGSEGV (0xb) at pc=0x00007f487f54211b, pid=12232, tid=139947585182032
#
# Java VM: Java HotSpot(TM) 64-Bit Server VM (11.3-b02 mixed mode linux-amd64)
# Problematic frame:
# C  [libc.so.6+0x8411b]  memcpy+0x15b
#
# If you would like to submit a bug report, please visit:
#   http://java.sun.com/webapps/bugreport/crash.jsp
#

---------------  T H R E A D  ---------------

Current thread (0x00007f481805b800):  JavaThread "AWT-EventQueue-0" [_thread_in_vm, id=12247, stack(0x00007f48160a1000,0x00007f48161a2000)]

siginfo:si_signo=SIGSEGV: si_errno=0, si_code=2 (SEGV_ACCERR), si_addr=0x00007f481815b000

Registers:
RAX=0x00007f485db7e618, RBX=0x00007f481d1712a0, RCX=0x00000000000001e2, RDX=0x0000000000006e80
RSP=0x00007f48161a02b8, RBP=0x00007f48161a0340, RSI=0x00007f481815b000, RDI=0x00007f485db84588
R8 =0x0000000000000ffc, R9 =0x00007f487f38e5b8, R10=0x00007f487f392028, R11=0x0000000000006e80
R12=0x0000000000006e80, R13=0x0000000000000000, R14=0x0000000041a69738, R15=0x00007f48161a02d0
RIP=0x00007f487f54211b, EFL=0x0000000000010212, CSGSFS=0x0000000000000033, ERR=0x0000000000000004
  TRAPNO=0x000000000000000e

Top of Stack: (sp=0x00007f48161a02b8)
0x00007f48161a02b8:   00007f487eeea600 00007f481805b9c0
0x00007f48161a02c8:   00007f4818155090 00007f481805b800
0x00007f48161a02d8:   0000000000000000 00007f481805b800
0x00007f48161a02e8:   0000000000000000 00007f481805b800
0x00007f48161a02f8:   00007f48161a0438 00007f481805b800
0x00007f48161a0308:   00007f487f538276 00007f481805b800
0x00007f48161a0318:   0000000041a69738 00007f4818015610
0x00007f48161a0328:   00007f4818015560 00007f48161a0438
0x00007f48161a0338:   0000000041a696e0 00007f481805b9c0
0x00007f48161a0348:   00007f4815c7e486 00007f48180154b0
0x00007f48161a0358:   0000000041a696e8 0000000041a696f0
0x00007f48161a0368:   0000000041a696f8 0000000041a69700
0x00007f48161a0378:   000000004197be98 0000000041a69708
0x00007f48161a0388:   000000004197bee0 010101010005b800
0x00007f48161a0398:   00007f481db68840 00007f48161a0418
0x00007f48161a03a8:   0000000000000101 00007f481db68840
0x00007f48161a03b8:   00007f48161a0438 00007f481805b800
0x00007f48161a03c8:   00007f487a98c852 00007f481805b800
0x00007f48161a03d8:   00007f48161a03d8 00007f481db68840
0x00007f48161a03e8:   00007f48161a0438 00007f481db69278
0x00007f48161a03f8:   0000000000000000 00007f481db68840
0x00007f48161a0408:   0000000000000000 00007f48161a0438
0x00007f48161a0418:   00007f48161a0480 00007f487a981322
0x00007f48161a0428:   0000000000000000 00007f487a989358
0x00007f48161a0438:   00007f485db4bfe8 00007f48161a0440
0x00007f48161a0448:   00007f481db6731d 00007f48161a04c8
0x00007f48161a0458:   00007f481db69278 0000000000000000
0x00007f48161a0468:   00007f481db673a8 00007f48161a0438
0x00007f48161a0478:   00007f48161a04b8 00007f48161a0510
0x00007f48161a0488:   00007f487a981322 0000000000000000
0x00007f48161a0498:   00007f485db73ba0 0000000000000000
0x00007f48161a04a8:   00007f485db73b88 00007f485db737f0 

Instructions: (pc=0x00007f487f54211b)
0x00007f487f54210b:   0f 47 da 4c 89 d9 49 83 e3 f8 48 c1 e9 03 74 05
0x00007f487f54211b:   f3 48 a5 66 90 4c 29 da 48 f7 c2 f8 ff ff ff 75 

Stack: [0x00007f48160a1000,0x00007f48161a2000],  sp=0x00007f48161a02b8,  free space=1020k
Native frames: (J=compiled Java code, j=interpreted, Vv=VM code, C=native code)
C  [libc.so.6+0x8411b]  memcpy+0x15b

Java frames: (J=compiled Java code, j=interpreted, Vv=VM code)
j  net.epsilony.simpmeshfree.model.geometry.TriangleJni.triangleFun()V+0
j  net.epsilony.simpmeshfree.model.geometry.TriangleJni.complie(Lnet/epsilony/simpmeshfree/model/geometry/GeometryModel;Ljava/lang/String;)V+141
j  net.epsilony.simpmeshfree.model.mechanics.MechanicsModel.generateNodesByTriangle(DDLjava/lang/String;ZZ)V+110
j  net.epsilony.simpmeshfree.model.ModelTestFrame.<init>()V+557
j  net.epsilony.simpmeshfree.model.ModelTestFrame$2.run()V+4
j  java.awt.event.InvocationEvent.dispatch()V+47
j  java.awt.EventQueue.dispatchEvent(Ljava/awt/AWTEvent;)V+26
j  java.awt.EventDispatchThread.pumpOneEventForFilters(I)Z+204
j  java.awt.EventDispatchThread.pumpEventsForFilter(ILjava/awt/Conditional;Ljava/awt/EventFilter;)V+30
j  java.awt.EventDispatchThread.pumpEventsForHierarchy(ILjava/awt/Conditional;Ljava/awt/Component;)V+11
j  java.awt.EventDispatchThread.pumpEvents(ILjava/awt/Conditional;)V+4
j  java.awt.EventDispatchThread.pumpEvents(Ljava/awt/Conditional;)V+3
j  java.awt.EventDispatchThread.run()V+9
v  ~StubRoutines::call_stub

---------------  P R O C E S S  ---------------

Java Threads: ( => current thread )
  0x00007f4818068c00 JavaThread "Thread-3" [_thread_blocked, id=12250, stack(0x00007f4815e9f000,0x00007f4815fa0000)]
  0x00007f4818065000 JavaThread "Thread-2" [_thread_blocked, id=12249, stack(0x00007f4815fa0000,0x00007f48160a1000)]
  0x00007f481805c400 JavaThread "DestroyJavaVM" [_thread_blocked, id=12233, stack(0x00007f487e81e000,0x00007f487e91f000)]
=>0x00007f481805b800 JavaThread "AWT-EventQueue-0" [_thread_in_vm, id=12247, stack(0x00007f48160a1000,0x00007f48161a2000)]
  0x00007f481805a800 JavaThread "AWT-Shutdown" [_thread_blocked, id=12246, stack(0x00007f481629f000,0x00007f48163a0000)]
  0x00007f4818059800 JavaThread "AWT-XAWT" daemon [_thread_in_native, id=12245, stack(0x00007f48163a0000,0x00007f48164a1000)]
  0x0000000041ade800 JavaThread "Java2D Disposer" daemon [_thread_blocked, id=12244, stack(0x00007f4816ad5000,0x00007f4816bd6000)]
  0x0000000041942800 JavaThread "Low Memory Detector" daemon [_thread_blocked, id=12242, stack(0x00007f481c10b000,0x00007f481c20c000)]
  0x000000004193fc00 JavaThread "CompilerThread1" daemon [_thread_blocked, id=12241, stack(0x00007f481c20c000,0x00007f481c30d000)]
  0x000000004193bc00 JavaThread "CompilerThread0" daemon [_thread_blocked, id=12240, stack(0x00007f481c30d000,0x00007f481c40e000)]
  0x000000004193a000 JavaThread "Signal Dispatcher" daemon [_thread_blocked, id=12239, stack(0x00007f481c40e000,0x00007f481c50f000)]
  0x0000000041913400 JavaThread "Finalizer" daemon [_thread_blocked, id=12238, stack(0x00007f481c54e000,0x00007f481c64f000)]
  0x0000000041911800 JavaThread "Reference Handler" daemon [_thread_blocked, id=12237, stack(0x00007f481c64f000,0x00007f481c750000)]

Other Threads:
  0x000000004190c000 VMThread [stack: 0x00007f481c750000,0x00007f481c851000] [id=12236]
  0x0000000041944c00 WatcherThread [stack: 0x00007f481c00a000,0x00007f481c10b000] [id=12243]

VM state:not at safepoint (normal execution)

VM Mutex/Monitor currently owned by a thread: None

Heap
 PSYoungGen      total 26368K, used 19329K [0x00007f485d2d0000, 0x00007f485f030000, 0x00007f487a970000)
  eden space 22656K, 85% used [0x00007f485d2d0000,0x00007f485e5b0618,0x00007f485e8f0000)
  from space 3712K, 0% used [0x00007f485ec90000,0x00007f485ec90000,0x00007f485f030000)
  to   space 3712K, 0% used [0x00007f485e8f0000,0x00007f485e8f0000,0x00007f485ec90000)
 PSOldGen        total 60288K, used 0K [0x00007f4822570000, 0x00007f4826050000, 0x00007f485d2d0000)
  object space 60288K, 0% used [0x00007f4822570000,0x00007f4822570000,0x00007f4826050000)
 PSPermGen       total 21248K, used 10220K [0x00007f481d170000, 0x00007f481e630000, 0x00007f4822570000)
  object space 21248K, 48% used [0x00007f481d170000,0x00007f481db6b2f8,0x00007f481e630000)

Dynamic libraries:
40000000-40009000 r-xp 00000000 08:13 3163089                            /usr/lib/jvm/java-6-sun-1.6.0.13/jre/bin/java
40108000-4010a000 rwxp 00008000 08:13 3163089                            /usr/lib/jvm/java-6-sun-1.6.0.13/jre/bin/java
41883000-41f7b000 rwxp 41883000 00:00 0                                  [heap]
7f4815755000-7f481576b000 r-xp 00000000 08:13 213005                     /lib/libgcc_s.so.1
7f481576b000-7f481596b000 ---p 00016000 08:13 213005                     /lib/libgcc_s.so.1
7f481596b000-7f481596c000 r-xp 00016000 08:13 213005                     /lib/libgcc_s.so.1
7f481596c000-7f481596d000 rwxp 00017000 08:13 213005                     /lib/libgcc_s.so.1
7f481596d000-7f4815a5e000 r-xp 00000000 08:13 2802601                    /usr/lib/libstdc++.so.6.0.10
7f4815a5e000-7f4815c5e000 ---p 000f1000 08:13 2802601                    /usr/lib/libstdc++.so.6.0.10
7f4815c5e000-7f4815c65000 r-xp 000f1000 08:13 2802601                    /usr/lib/libstdc++.so.6.0.10
7f4815c65000-7f4815c67000 rwxp 000f8000 08:13 2802601                    /usr/lib/libstdc++.so.6.0.10
7f4815c67000-7f4815c7a000 rwxp 7f4815c67000 00:00 0 
7f4815c7a000-7f4815c9e000 r-xp 00000000 08:13 1942103                    /usr/lib/TriangleJniAmd64.so
7f4815c9e000-7f4815e9d000 ---p 00024000 08:13 1942103                    /usr/lib/TriangleJniAmd64.so
7f4815e9d000-7f4815e9e000 r-xp 00023000 08:13 1942103                    /usr/lib/TriangleJniAmd64.so
7f4815e9e000-7f4815e9f000 rwxp 00024000 08:13 1942103                    /usr/lib/TriangleJniAmd64.so
7f4815e9f000-7f4815ea2000 ---p 7f4815e9f000 00:00 0 
7f4815ea2000-7f4815fa0000 rwxp 7f4815ea2000 00:00 0 
7f4815fa0000-7f4815fa3000 ---p 7f4815fa0000 00:00 0 
7f4815fa3000-7f48160a1000 rwxp 7f4815fa3000 00:00 0 
7f48160a1000-7f48160a4000 ---p 7f48160a1000 00:00 0 
7f48160a4000-7f48161a2000 rwxp 7f48160a4000 00:00 0 
7f48161a2000-7f48161ab000 r-xs 00000000 08:13 3197464                    /var/cache/fontconfig/945677eb7aeaf62f1d50efc3fb3ec7d8-x86-64.cache-2
7f48161ab000-7f48161af000 r-xs 00000000 08:13 3196573                    /var/cache/fontconfig/a755afe4a08bf5b97852ceb7400b47bc-x86-64.cache-2
7f48161af000-7f48161b8000 r-xs 00000000 08:13 3197440                    /var/cache/fontconfig/6d41288fd70b0be22e8c3a91e032eec0-x86-64.cache-2
7f48161b8000-7f48161c3000 r-xs 00000000 08:13 3197435                    /var/cache/fontconfig/e3de0de479f42330eadf588a55fb5bf4-x86-64.cache-2
7f48161c3000-7f48161d2000 r-xs 00000000 08:13 3197434                    /var/cache/fontconfig/0f34bcd4b6ee430af32735b75db7f02b-x86-64.cache-2
7f48161d2000-7f48161db000 r-xs 00000000 08:13 3197417                    /var/cache/fontconfig/d52a8644073d54c13679302ca1180695-x86-64.cache-2
7f481629f000-7f48162a2000 ---p 7f481629f000 00:00 0 
7f48162a2000-7f48163a0000 rwxp 7f48162a2000 00:00 0 
7f48163a0000-7f48163a3000 ---p 7f48163a0000 00:00 0 
7f48163a3000-7f48164a1000 rwxp 7f48163a3000 00:00 0 
7f48164a1000-7f48164a6000 r-xp 00000000 08:13 2805390                    /usr/lib/libXfixes.so.3.1.0
7f48164a6000-7f48166a5000 ---p 00005000 08:13 2805390                    /usr/lib/libXfixes.so.3.1.0
7f48166a5000-7f48166a6000 rwxp 00004000 08:13 2805390                    /usr/lib/libXfixes.so.3.1.0
7f48166a6000-7f48166af000 r-xp 00000000 08:13 2805803                    /usr/lib/libXrender.so.1.3.0
7f48166af000-7f48168ae000 ---p 00009000 08:13 2805803                    /usr/lib/libXrender.so.1.3.0
7f48168ae000-7f48168af000 r-xp 00008000 08:13 2805803                    /usr/lib/libXrender.so.1.3.0
7f48168af000-7f48168b0000 rwxp 00009000 08:13 2805803                    /usr/lib/libXrender.so.1.3.0
7f48168b0000-7f48168b9000 r-xp 00000000 08:13 2805843                    /usr/lib/libXcursor.so.1.0.2
7f48168b9000-7f4816ab9000 ---p 00009000 08:13 2805843                    /usr/lib/libXcursor.so.1.0.2
7f4816ab9000-7f4816aba000 rwxp 00009000 08:13 2805843                    /usr/lib/libXcursor.so.1.0.2
7f4816ad2000-7f4816ad5000 r-xs 000cb000 08:13 3162696                    /usr/lib/jvm/java-6-sun-1.6.0.13/jre/lib/ext/localedata.jar
7f4816ad5000-7f4816ad8000 ---p 7f4816ad5000 00:00 0 
7f4816ad8000-7f4816bd6000 rwxp 7f4816ad8000 00:00 0 
7f4816bd6000-7f4816c54000 r-xp 00000000 08:13 3163204                    /usr/lib/jvm/java-6-sun-1.6.0.13/jre/lib/amd64/libfontmanager.so
7f4816c54000-7f4816d53000 ---p 0007e000 08:13 3163204                    /usr/lib/jvm/java-6-sun-1.6.0.13/jre/lib/amd64/libfontmanager.so
7f4816d53000-7f4816d69000 rwxp 0007d000 08:13 3163204                    /usr/lib/jvm/java-6-sun-1.6.0.13/jre/lib/amd64/libfontmanager.so
7f4816d69000-7f4816d7a000 rwxp 7f4816d69000 00:00 0 
7f4816d7a000-7f4816d7f000 r-xp 00000000 08:13 2805384                    /usr/lib/libXdmcp.so.6.0.0
7f4816d7f000-7f4816f7e000 ---p 00005000 08:13 2805384                    /usr/lib/libXdmcp.so.6.0.0
7f4816f7e000-7f4816f7f000 rwxp 00004000 08:13 2805384                    /usr/lib/libXdmcp.so.6.0.0
7f4816f7f000-7f4816f9a000 r-xp 00000000 08:13 2805386                    /usr/lib/libxcb.so.1.1.0
7f4816f9a000-7f4817199000 ---p 0001b000 08:13 2805386                    /usr/lib/libxcb.so.1.1.0
7f4817199000-7f481719a000 r-xp 0001a000 08:13 2805386                    /usr/lib/libxcb.so.1.1.0
7f481719a000-7f481719b000 rwxp 0001b000 08:13 2805386                    /usr/lib/libxcb.so.1.1.0
7f481719b000-7f481719d000 r-xp 00000000 08:13 2805382                    /usr/lib/libXau.so.6.0.0
7f481719d000-7f481739c000 ---p 00002000 08:13 2805382                    /usr/lib/libXau.so.6.0.0
7f481739c000-7f481739d000 r-xp 00001000 08:13 2805382                    /usr/lib/libXau.so.6.0.0
7f481739d000-7f481739e000 rwxp 00002000 08:13 2805382                    /usr/lib/libXau.so.6.0.0
7f481739e000-7f48173a7000 r-xp 00000000 08:13 2805586                    /usr/lib/libXi.so.6.0.0
7f48173a7000-7f48175a7000 ---p 00009000 08:13 2805586                    /usr/lib/libXi.so.6.0.0
7f48175a7000-7f48175a8000 r-xp 00009000 08:13 2805586                    /usr/lib/libXi.so.6.0.0
7f48175a8000-7f48175a9000 rwxp 0000a000 08:13 2805586                    /usr/lib/libXi.so.6.0.0
7f48175a9000-7f48175ae000 r-xp 00000000 08:13 2806834                    /usr/lib/libXtst.so.6.1.0
7f48175ae000-7f48177ae000 ---p 00005000 08:13 2806834                    /usr/lib/libXtst.so.6.1.0
7f48177ae000-7f48177af000 r-xp 00005000 08:13 2806834                    /usr/lib/libXtst.so.6.1.0
7f48177af000-7f48177b0000 rwxp 00006000 08:13 2806834                    /usr/lib/libXtst.so.6.1.0
7f48177b0000-7f48178b2000 r-xp 00000000 08:13 2805388                    /usr/lib/libX11.so.6.2.0
7f48178b2000-7f4817ab2000 ---p 00102000 08:13 2805388                    /usr/lib/libX11.so.6.2.0
7f4817ab2000-7f4817ab3000 r-xp 00102000 08:13 2805388                    /usr/lib/libX11.so.6.2.0
7f4817ab3000-7f4817ab7000 rwxp 00103000 08:13 2805388                    /usr/lib/libX11.so.6.2.0
7f4817ab7000-7f4817ac8000 r-xp 00000000 08:13 2805394                    /usr/lib/libXext.so.6.4.0
7f4817ac8000-7f4817cc7000 ---p 00011000 08:13 2805394                    /usr/lib/libXext.so.6.4.0
7f4817cc7000-7f4817cc8000 r-xp 00010000 08:13 2805394                    /usr/lib/libXext.so.6.4.0
7f4817cc8000-7f4817cc9000 rwxp 00011000 08:13 2805394                    /usr/lib/libXext.so.6.4.0
7f4817cca000-7f4817cd6000 r-xs 00000000 08:13 3197416                    /var/cache/fontconfig/089dead882dea3570ffc31a9898cfb69-x86-64.cache-2
7f4817cd6000-7f4817cda000 r-xs 00000000 08:13 3197398                    /var/cache/fontconfig/cabbd14511b9e8a55e92af97fb3a0461-x86-64.cache-2
7f4817cda000-7f4817ce4000 r-xs 00000000 08:13 3195524                    /var/cache/fontconfig/e13b20fdb08344e0e664864cc2ede53d-x86-64.cache-2
7f4817ce4000-7f4817d25000 r-xp 00000000 08:13 3163194                    /usr/lib/jvm/java-6-sun-1.6.0.13/jre/lib/amd64/xawt/libmawt.so
7f4817d25000-7f4817e24000 ---p 00041000 08:13 3163194                    /usr/lib/jvm/java-6-sun-1.6.0.13/jre/lib/amd64/xawt/libmawt.so
7f4817e24000-7f4817e30000 rwxp 00040000 08:13 3163194                    /usr/lib/jvm/java-6-sun-1.6.0.13/jre/lib/amd64/xawt/libmawt.so
7f4817e30000-7f4817e31000 rwxp 7f4817e30000 00:00 0 
7f4817e31000-7f4817ec3000 r-xp 00000000 08:13 3163239                    /usr/lib/jvm/java-6-sun-1.6.0.13/jre/lib/amd64/libawt.so
7f4817ec3000-7f4817fc2000 ---p 00092000 08:13 3163239                    /usr/lib/jvm/java-6-sun-1.6.0.13/jre/lib/amd64/libawt.so
7f4817fc2000-7f4817fdb000 rwxp 00091000 08:13 3163239                    /usr/lib/jvm/java-6-sun-1.6.0.13/jre/lib/amd64/libawt.so
7f4817fdb000-7f4818000000 rwxp 7f4817fdb000 00:00 0 
7f4818000000-7f481815b000 rwxp 7f4818000000 00:00 0 
7f481815b000-7f481c000000 ---p 7f481815b000 00:00 0 
7f481c000000-7f481c003000 r-xs 00000000 08:13 3197466                    /var/cache/fontconfig/e383d7ea5fbe662a33d9b44caf393297-x86-64.cache-2
7f481c003000-7f481c00a000 r-xs 00059000 08:11 1172178                    /home/epsilon/文档/4_java/javaTools/apache-log4j-1.2.15/log4j-1.2.15.jar
7f481c00a000-7f481c00b000 ---p 7f481c00a000 00:00 0 
7f481c00b000-7f481c10b000 rwxp 7f481c00b000 00:00 0 
7f481c10b000-7f481c10e000 ---p 7f481c10b000 00:00 0 
7f481c10e000-7f481c20c000 rwxp 7f481c10e000 00:00 0 
7f481c20c000-7f481c20f000 ---p 7f481c20c000 00:00 0 
7f481c20f000-7f481c30d000 rwxp 7f481c20f000 00:00 0 
7f481c30d000-7f481c310000 ---p 7f481c30d000 00:00 0 
7f481c310000-7f481c40e000 rwxp 7f481c310000 00:00 0 
7f481c40e000-7f481c411000 ---p 7f481c40e000 00:00 0 
7f481c411000-7f481c50f000 rwxp 7f481c411000 00:00 0 
7f481c50f000-7f481c54e000 r-xp 00000000 08:13 2827839                    /usr/lib/locale/zh_CN.utf8/LC_CTYPE
7f481c54e000-7f481c551000 ---p 7f481c54e000 00:00 0 
7f481c551000-7f481c64f000 rwxp 7f481c551000 00:00 0 
7f481c64f000-7f481c652000 ---p 7f481c64f000 00:00 0 
7f481c652000-7f481c750000 rwxp 7f481c652000 00:00 0 
7f481c750000-7f481c751000 ---p 7f481c750000 00:00 0 
7f481c751000-7f481c8c6000 rwxp 7f481c751000 00:00 0 
7f481c8c6000-7f481ca58000 r-xs 02f34000 08:13 2942580                    /usr/lib/jvm/java-6-sun-1.6.0.13/jre/lib/rt.jar
7f481ca58000-7f481ca80000 rwxp 7f481ca58000 00:00 0 
7f481ca80000-7f481ca81000 ---p 7f481ca80000 00:00 0 
7f481ca81000-7f481cb81000 rwxp 7f481ca81000 00:00 0 
7f481cb81000-7f481cb82000 ---p 7f481cb81000 00:00 0 
7f481cb82000-7f481cc8d000 rwxp 7f481cb82000 00:00 0 
7f481cc8d000-7f481ccac000 rwxp 7f481cc8d000 00:00 0 
7f481ccac000-7f481ccca000 rwxp 7f481ccac000 00:00 0 
7f481ccca000-7f481ce83000 rwxp 7f481ccca000 00:00 0 
7f481ce83000-7f481ce8e000 rwxp 7f481ce83000 00:00 0 
7f481ce8e000-7f481cead000 rwxp 7f481ce8e000 00:00 0 
7f481cead000-7f481cecb000 rwxp 7f481cead000 00:00 0 
7f481cecb000-7f481d083000 rwxp 7f481cecb000 00:00 0 
7f481d083000-7f481d093000 rwxp 7f481d083000 00:00 0 
7f481d093000-7f481d16f000 rwxp 7f481d093000 00:00 0 
7f481d16f000-7f481e630000 rwxp 7f481d16f000 00:00 0 
7f481e630000-7f4822570000 rwxp 7f481e630000 00:00 0 
7f4822570000-7f4826050000 rwxp 7f4822570000 00:00 0 
7f4826050000-7f485d2d0000 rwxp 7f4826050000 00:00 0 
7f485d2d0000-7f485f030000 rwxp 7f485d2d0000 00:00 0 
7f485f030000-7f487a970000 rwxp 7f485f030000 00:00 0 
7f487a970000-7f487a972000 r-xs 00000000 08:13 3197468                    /var/cache/fontconfig/99e8ed0e538f840c565b6ed5dad60d56-x86-64.cache-2
7f487a972000-7f487a976000 r-xs 00000000 08:13 3197459                    /var/cache/fontconfig/6eb3985aa4124903f6ff08ba781cd364-x86-64.cache-2
7f487a976000-7f487a97e000 r-xs 0004b000 08:11 162661                     /home/epsilon/文档/4_java/javaTools/commons-math-1.2/commons-math-1.2.jar
7f487a97e000-7f487abee000 rwxp 7f487a97e000 00:00 0 
7f487abee000-7f487d97e000 rwxp 7f487abee000 00:00 0 
7f487d97e000-7f487d98c000 r-xp 00000000 08:13 3163206                    /usr/lib/jvm/java-6-sun-1.6.0.13/jre/lib/amd64/libzip.so
7f487d98c000-7f487da8e000 ---p 0000e000 08:13 3163206                    /usr/lib/jvm/java-6-sun-1.6.0.13/jre/lib/amd64/libzip.so
7f487da8e000-7f487da91000 rwxp 00010000 08:13 3163206                    /usr/lib/jvm/java-6-sun-1.6.0.13/jre/lib/amd64/libzip.so
7f487da91000-7f487da92000 rwxp 7f487da91000 00:00 0 
7f487da92000-7f487dabb000 r-xp 00000000 08:13 3163219                    /usr/lib/jvm/java-6-sun-1.6.0.13/jre/lib/amd64/libjava.so
7f487dabb000-7f487dbba000 ---p 00029000 08:13 3163219                    /usr/lib/jvm/java-6-sun-1.6.0.13/jre/lib/amd64/libjava.so
7f487dbba000-7f487dbc1000 rwxp 00028000 08:13 3163219                    /usr/lib/jvm/java-6-sun-1.6.0.13/jre/lib/amd64/libjava.so
7f487dbc1000-7f487dbce000 r-xp 00000000 08:13 3163201                    /usr/lib/jvm/java-6-sun-1.6.0.13/jre/lib/amd64/libverify.so
7f487dbce000-7f487dccd000 ---p 0000d000 08:13 3163201                    /usr/lib/jvm/java-6-sun-1.6.0.13/jre/lib/amd64/libverify.so
7f487dccd000-7f487dcd0000 rwxp 0000c000 08:13 3163201                    /usr/lib/jvm/java-6-sun-1.6.0.13/jre/lib/amd64/libverify.so
7f487dcd0000-7f487dcdc000 r-xp 00000000 08:13 213021                     /lib/libnss_files-2.9.so
7f487dcdc000-7f487dedb000 ---p 0000c000 08:13 213021                     /lib/libnss_files-2.9.so
7f487dedb000-7f487dedc000 r-xp 0000b000 08:13 213021                     /lib/libnss_files-2.9.so
7f487dedc000-7f487dedd000 rwxp 0000c000 08:13 213021                     /lib/libnss_files-2.9.so
7f487dedd000-7f487dee7000 r-xp 00000000 08:13 213023                     /lib/libnss_nis-2.9.so
7f487dee7000-7f487e0e6000 ---p 0000a000 08:13 213023                     /lib/libnss_nis-2.9.so
7f487e0e6000-7f487e0e7000 r-xp 00009000 08:13 213023                     /lib/libnss_nis-2.9.so
7f487e0e7000-7f487e0e8000 rwxp 0000a000 08:13 213023                     /lib/libnss_nis-2.9.so
7f487e0e8000-7f487e0f0000 r-xp 00000000 08:13 213019                     /lib/libnss_compat-2.9.so
7f487e0f0000-7f487e2ef000 ---p 00008000 08:13 213019                     /lib/libnss_compat-2.9.so
7f487e2ef000-7f487e2f0000 r-xp 00007000 08:13 213019                     /lib/libnss_compat-2.9.so
7f487e2f0000-7f487e2f1000 rwxp 00008000 08:13 213019                     /lib/libnss_compat-2.9.so
7f487e2f1000-7f487e307000 r-xp 00000000 08:13 213018                     /lib/libnsl-2.9.so
7f487e307000-7f487e507000 ---p 00016000 08:13 213018                     /lib/libnsl-2.9.so
7f487e507000-7f487e508000 r-xp 00016000 08:13 213018                     /lib/libnsl-2.9.so
7f487e508000-7f487e509000 rwxp 00017000 08:13 213018                     /lib/libnsl-2.9.so
7f487e509000-7f487e50b000 rwxp 7f487e509000 00:00 0 
7f487e50b000-7f487e512000 r-xp 00000000 08:13 3163208                    /usr/lib/jvm/java-6-sun-1.6.0.13/jre/lib/amd64/native_threads/libhpi.so
7f487e512000-7f487e613000 ---p 00007000 08:13 3163208                    /usr/lib/jvm/java-6-sun-1.6.0.13/jre/lib/amd64/native_threads/libhpi.so
7f487e613000-7f487e615000 rwxp 00008000 08:13 3163208                    /usr/lib/jvm/java-6-sun-1.6.0.13/jre/lib/amd64/native_threads/libhpi.so
7f487e615000-7f487e616000 rwxp 7f487e615000 00:00 0 
7f487e616000-7f487e61d000 r-xp 00000000 08:13 213028                     /lib/librt-2.9.so
7f487e61d000-7f487e81c000 ---p 00007000 08:13 213028                     /lib/librt-2.9.so
7f487e81c000-7f487e81d000 r-xp 00006000 08:13 213028                     /lib/librt-2.9.so
7f487e81d000-7f487e81e000 rwxp 00007000 08:13 213028                     /lib/librt-2.9.so
7f487e81e000-7f487e821000 ---p 7f487e81e000 00:00 0 
7f487e821000-7f487e91f000 rwxp 7f487e821000 00:00 0 
7f487e91f000-7f487e9a3000 r-xp 00000000 08:13 213016                     /lib/libm-2.9.so
7f487e9a3000-7f487eba2000 ---p 00084000 08:13 213016                     /lib/libm-2.9.so
7f487eba2000-7f487eba3000 r-xp 00083000 08:13 213016                     /lib/libm-2.9.so
7f487eba3000-7f487eba4000 rwxp 00084000 08:13 213016                     /lib/libm-2.9.so
7f487eba4000-7f487f231000 r-xp 00000000 08:13 3163226                    /usr/lib/jvm/java-6-sun-1.6.0.13/jre/lib/amd64/server/libjvm.so
7f487f231000-7f487f330000 ---p 0068d000 08:13 3163226                    /usr/lib/jvm/java-6-sun-1.6.0.13/jre/lib/amd64/server/libjvm.so
7f487f330000-7f487f481000 rwxp 0068c000 08:13 3163226                    /usr/lib/jvm/java-6-sun-1.6.0.13/jre/lib/amd64/server/libjvm.so
7f487f481000-7f487f4be000 rwxp 7f487f481000 00:00 0 
7f487f4be000-7f487f626000 r-xp 00000000 08:13 213012                     /lib/libc-2.9.so
7f487f626000-7f487f826000 ---p 00168000 08:13 213012                     /lib/libc-2.9.so
7f487f826000-7f487f82a000 r-xp 00168000 08:13 213012                     /lib/libc-2.9.so
7f487f82a000-7f487f82b000 rwxp 0016c000 08:13 213012                     /lib/libc-2.9.so
7f487f82b000-7f487f830000 rwxp 7f487f82b000 00:00 0 
7f487f830000-7f487f832000 r-xp 00000000 08:13 213015                     /lib/libdl-2.9.so
7f487f832000-7f487fa32000 ---p 00002000 08:13 213015                     /lib/libdl-2.9.so
7f487fa32000-7f487fa33000 r-xp 00002000 08:13 213015                     /lib/libdl-2.9.so
7f487fa33000-7f487fa34000 rwxp 00003000 08:13 213015                     /lib/libdl-2.9.so
7f487fa34000-7f487fa4b000 r-xp 00000000 08:13 213026                     /lib/libpthread-2.9.so
7f487fa4b000-7f487fc4a000 ---p 00017000 08:13 213026                     /lib/libpthread-2.9.so
7f487fc4a000-7f487fc4b000 r-xp 00016000 08:13 213026                     /lib/libpthread-2.9.so
7f487fc4b000-7f487fc4c000 rwxp 00017000 08:13 213026                     /lib/libpthread-2.9.so
7f487fc4c000-7f487fc50000 rwxp 7f487fc4c000 00:00 0 
7f487fc50000-7f487fc70000 r-xp 00000000 08:13 213006                     /lib/ld-2.9.so
7f487fc70000-7f487fc73000 r-xs 00000000 08:13 3197439                    /var/cache/fontconfig/de156ccd2eddbdc19d37a45b8b2aac9c-x86-64.cache-2
7f487fc73000-7f487fc76000 r-xs 00000000 08:13 3197433                    /var/cache/fontconfig/ddd4086aec35a5275babba44bb759c3c-x86-64.cache-2
7f487fc76000-7f487fc84000 r-xs 000ba000 08:11 422677                     /home/epsilon/文档/4_java/javaTools/mtj.jar
7f487fc84000-7f487fc8e000 rwxp 7f487fc84000 00:00 0 
7f487fc8e000-7f487fd44000 rwxp 7f487fc8e000 00:00 0 
7f487fd44000-7f487fd46000 rwxp 7f487fd44000 00:00 0 
7f487fd46000-7f487fd4d000 r-xp 00000000 08:13 3163192                    /usr/lib/jvm/java-6-sun-1.6.0.13/jre/lib/amd64/jli/libjli.so
7f487fd4d000-7f487fe4e000 ---p 00007000 08:13 3163192                    /usr/lib/jvm/java-6-sun-1.6.0.13/jre/lib/amd64/jli/libjli.so
7f487fe4e000-7f487fe50000 rwxp 00008000 08:13 3163192                    /usr/lib/jvm/java-6-sun-1.6.0.13/jre/lib/amd64/jli/libjli.so
7f487fe50000-7f487fe51000 rwxp 7f487fe50000 00:00 0 
7f487fe52000-7f487fe53000 r-xs 00000000 08:13 3197445                    /var/cache/fontconfig/4c73fe0c47614734b17d736dbde7580a-x86-64.cache-2
7f487fe53000-7f487fe54000 r-xs 00000000 08:13 3197424                    /var/cache/fontconfig/4794a0821666d79190d59a36cb4f44b5-x86-64.cache-2
7f487fe54000-7f487fe57000 r-xs 00000000 08:13 3196574                    /var/cache/fontconfig/7ef2298fde41cc6eeb7af42e48b7d293-x86-64.cache-2
7f487fe57000-7f487fe5b000 r-xs 00042000 08:11 181746                     /home/epsilon/NetBeansProjects/EpsilonUtils/trunk/dist/EpsilonYUtil.jar
7f487fe5b000-7f487fe62000 r-xs 00000000 08:13 2803699                    /usr/lib/gconv/gconv-modules.cache
7f487fe62000-7f487fe6a000 rwxs 00000000 08:13 377158                     /tmp/hsperfdata_epsilon/12232
7f487fe6a000-7f487fe6b000 rwxp 7f487fe6a000 00:00 0 
7f487fe6b000-7f487fe6c000 r-xp 7f487fe6b000 00:00 0 
7f487fe6c000-7f487fe6f000 rwxp 7f487fe6c000 00:00 0 
7f487fe6f000-7f487fe70000 r-xp 0001f000 08:13 213006                     /lib/ld-2.9.so
7f487fe70000-7f487fe71000 rwxp 00020000 08:13 213006                     /lib/ld-2.9.so
7fff87e5c000-7fff87e71000 rwxp 7ffffffea000 00:00 0                      [stack]
7fff87fff000-7fff88000000 r-xp 7fff87fff000 00:00 0                      [vdso]
ffffffffff600000-ffffffffff601000 r-xp 00000000 00:00 0                  [vsyscall]

VM Arguments:
jvm_args: -Dawt.useSystemAAFontSettings=on 
java_command: net.epsilony.simpmeshfree.model.ModelTestFrame
Launcher Type: SUN_STANDARD

Environment Variables:
_JAVA_OPTIONS=-Dawt.useSystemAAFontSettings=on
PATH=/usr/local/sbin:/usr/local/bin:/usr/sbin:/usr/bin:/sbin:/bin:/usr/games
USERNAME=epsilon
LD_LIBRARY_PATH=/usr/lib/jvm/java-6-sun-1.6.0.13/jre/lib/amd64/server:/usr/lib/jvm/java-6-sun-1.6.0.13/jre/lib/amd64:/usr/lib/jvm/java-6-sun-1.6.0.13/jre/../lib/amd64
SHELL=/bin/bash
DISPLAY=:0.0

Signal Handlers:
SIGSEGV: [libjvm.so+0x5fcd20], sa_mask[0]=0x7ffbfeff, sa_flags=0x10000004
SIGBUS: [libjvm.so+0x5fcd20], sa_mask[0]=0x7ffbfeff, sa_flags=0x10000004
SIGFPE: [libjvm.so+0x4e0eb0], sa_mask[0]=0x7ffbfeff, sa_flags=0x10000004
SIGPIPE: [libjvm.so+0x4e0eb0], sa_mask[0]=0x7ffbfeff, sa_flags=0x10000004
SIGXFSZ: [libjvm.so+0x4e0eb0], sa_mask[0]=0x7ffbfeff, sa_flags=0x10000004
SIGILL: [libjvm.so+0x4e0eb0], sa_mask[0]=0x7ffbfeff, sa_flags=0x10000004
SIGUSR1: SIG_DFL, sa_mask[0]=0x00000000, sa_flags=0x00000000
SIGUSR2: [libjvm.so+0x4e35d0], sa_mask[0]=0x00000004, sa_flags=0x10000004
SIGHUP: [libjvm.so+0x4e3320], sa_mask[0]=0x7ffbfeff, sa_flags=0x10000004
SIGINT: SIG_IGN, sa_mask[0]=0x00000000, sa_flags=0x00000000
SIGTERM: [libjvm.so+0x4e3320], sa_mask[0]=0x7ffbfeff, sa_flags=0x10000004
SIGQUIT: [libjvm.so+0x4e3320], sa_mask[0]=0x7ffbfeff, sa_flags=0x10000004


---------------  S Y S T E M  ---------------

OS:5.0

uname:Linux 2.6.28-12-generic #43-Ubuntu SMP Fri May 1 19:31:32 UTC 2009 x86_64
libc:glibc 2.9 NPTL 2.9 
rlimit: STACK 8192k, CORE 0k, NPROC infinity, NOFILE 1024, AS infinity
load average:0.40 0.21 0.13

CPU:total 2 (2 cores per cpu, 1 threads per core) family 16 model 2 stepping 3, cmov, cx8, fxsr, mmx, sse, sse2, sse3, mmxext, 3dnow, 3dnowext, sse4a

Memory: 4k page, physical 5780180k(2567900k free), swap 3903752k(3851980k free)

vm_info: Java HotSpot(TM) 64-Bit Server VM (11.3-b02) for linux-amd64 JRE (1.6.0_13-b03), built on Mar  9 2009 11:08:22 by "java_re" with gcc 3.2.2 (SuSE Linux)

time: Mon May 18 20:26:37 2009
elapsed time: 0 seconds

