#
# An unexpected error has been detected by Java Runtime Environment:
#
#  SIGSEGV (0xb) at pc=0x00007f50ef77b11b, pid=14004, tid=139983893375312
#
# Java VM: Java HotSpot(TM) 64-Bit Server VM (11.3-b02 mixed mode linux-amd64)
# Problematic frame:
# C  [libc.so.6+0x8411b]  memcpy+0x15b
#
# If you would like to submit a bug report, please visit:
#   http://java.sun.com/webapps/bugreport/crash.jsp
#

---------------  T H R E A D  ---------------

Current thread (0x0000000041033c00):  JavaThread "AWT-EventQueue-0" [_thread_in_vm, id=14021, stack(0x00007f508a2d2000,0x00007f508a3d3000)]

siginfo:si_signo=SIGSEGV: si_errno=0, si_code=2 (SEGV_ACCERR), si_addr=0x00007f5084158000

Registers:
RAX=0x00007f50cddafe20, RBX=0x00007f508d3b12a0, RCX=0x0000000000000006, RDX=0x0000000000001d00
RSP=0x00007f508a3d14b8, RBP=0x00007f508a3d1540, RSI=0x00007f5084158000, RDI=0x00007f50cddb1af0
R8 =0x0000000000000ffc, R9 =0x00007f50ef5c75b8, R10=0x00007f50ef5cb028, R11=0x0000000000001d00
R12=0x0000000000001d00, R13=0x0000000000000000, R14=0x00000000410352d8, R15=0x00007f508a3d14d0
RIP=0x00007f50ef77b11b, EFL=0x0000000000010216, CSGSFS=0x0000000000000033, ERR=0x0000000000000004
  TRAPNO=0x000000000000000e

Top of Stack: (sp=0x00007f508a3d14b8)
0x00007f508a3d14b8:   00007f50ef123600 0000000041033dc0
0x00007f508a3d14c8:   00007f5084156330 0000000041033c00
0x00007f508a3d14d8:   0000000000000000 0000000041033c00
0x00007f508a3d14e8:   0000000000000000 0000000041033c00
0x00007f508a3d14f8:   00007f508a3d1638 0000000041033c00
0x00007f508a3d1508:   00007f50ef771276 0000000041033c00
0x00007f508a3d1518:   00000000410352d8 00007f5084077e10
0x00007f508a3d1528:   00007f5084037880 00007f508a3d1638
0x00007f508a3d1538:   0000000041035280 0000000041033dc0
0x00007f508a3d1548:   00007f5089eaf486 00007f50840377d0
0x00007f508a3d1558:   0000000041035288 0000000041035290
0x00007f508a3d1568:   0000000041035298 00000000410352a0
0x00007f508a3d1578:   00000000410341f8 00000000410352a8
0x00007f508a3d1588:   0000000041034240 0101010100033c00
0x00007f508a3d1598:   00007f508dda83e8 00007f508a3d1618
0x00007f508a3d15a8:   0000000000000101 00007f508dda83e8
0x00007f508a3d15b8:   00007f508a3d1638 0000000041033c00
0x00007f508a3d15c8:   00007f50eabc5852 0000000041033c00
0x00007f508a3d15d8:   00007f508a3d15d8 00007f508dda83e8
0x00007f508a3d15e8:   00007f508a3d1638 00007f508dda8e20
0x00007f508a3d15f8:   0000000000000000 00007f508dda83e8
0x00007f508a3d1608:   0000000000000000 00007f508a3d1638
0x00007f508a3d1618:   00007f508a3d1680 00007f50eabba322
0x00007f508a3d1628:   0000000000000000 00007f50eabc2358
0x00007f508a3d1638:   00007f50cdd94b60 00007f508a3d1640
0x00007f508a3d1648:   00007f508dda6ec5 00007f508a3d16c8
0x00007f508a3d1658:   00007f508dda8e20 0000000000000000
0x00007f508a3d1668:   00007f508dda6f50 00007f508a3d1638
0x00007f508a3d1678:   00007f508a3d16b8 00007f508a3d1710
0x00007f508a3d1688:   00007f50eabba322 0000000000000000
0x00007f508a3d1698:   00007f50cddaca98 0000000000000000
0x00007f508a3d16a8:   00007f50cddaca80 00007f50cddac6e8 

Instructions: (pc=0x00007f50ef77b11b)
0x00007f50ef77b10b:   0f 47 da 4c 89 d9 49 83 e3 f8 48 c1 e9 03 74 05
0x00007f50ef77b11b:   f3 48 a5 66 90 4c 29 da 48 f7 c2 f8 ff ff ff 75 

Stack: [0x00007f508a2d2000,0x00007f508a3d3000],  sp=0x00007f508a3d14b8,  free space=1021k
Native frames: (J=compiled Java code, j=interpreted, Vv=VM code, C=native code)
C  [libc.so.6+0x8411b]  memcpy+0x15b

Java frames: (J=compiled Java code, j=interpreted, Vv=VM code)
j  net.epsilony.simpmeshfree.model.geometry.TriangleJni.triangleFun()V+0
j  net.epsilony.simpmeshfree.model.geometry.TriangleJni.complie(Lnet/epsilony/simpmeshfree/model/geometry/GeometryModel;Ljava/lang/String;)V+141
j  net.epsilony.simpmeshfree.model.mechanics.MechanicsModel.generateNodesByTriangle(DDLjava/lang/String;ZZ)V+110
j  net.epsilony.simpmeshfree.model.ModelTestFrame.<init>()V+599
j  net.epsilony.simpmeshfree.model.ModelTestFrame$1.run()V+4
j  java.awt.event.InvocationEvent.dispatch()V+47
j  java.awt.EventQueue.dispatchEvent(Ljava/awt/AWTEvent;)V+26
j  java.awt.EventDispatchThread.pumpOneEventForFilters(I)Z+204
j  java.awt.EventDispatchThread.pumpEventsForFilter(ILjava/awt/Conditional;Ljava/awt/EventFilter;)V+30
j  java.awt.EventDispatchThread.pumpEventsForHierarchy(ILjava/awt/Conditional;Ljava/awt/Component;)V+11
j  java.awt.EventDispatchThread.pumpEvents(ILjava/awt/Conditional;)V+4
j  java.awt.EventDispatchThread.pumpEvents(Ljava/awt/Conditional;)V+3
j  java.awt.EventDispatchThread.run()V+9
v  ~StubRoutines::call_stub

---------------  P R O C E S S  ---------------

Java Threads: ( => current thread )
  0x00007f5084022000 JavaThread "Thread-3" [_thread_blocked, id=14025, stack(0x00007f508a0d0000,0x00007f508a1d1000)]
  0x00007f508403dc00 JavaThread "Thread-2" [_thread_blocked, id=14024, stack(0x00007f508a1d1000,0x00007f508a2d2000)]
  0x0000000040c3e000 JavaThread "DestroyJavaVM" [_thread_blocked, id=14005, stack(0x00007f50eea57000,0x00007f50eeb58000)]
=>0x0000000041033c00 JavaThread "AWT-EventQueue-0" [_thread_in_vm, id=14021, stack(0x00007f508a2d2000,0x00007f508a3d3000)]
  0x0000000041033400 JavaThread "AWT-Shutdown" [_thread_blocked, id=14020, stack(0x00007f508a4e1000,0x00007f508a5e2000)]
  0x0000000041033000 JavaThread "AWT-XAWT" daemon [_thread_in_native, id=14019, stack(0x00007f508a5e2000,0x00007f508a6e3000)]
  0x0000000040ea0400 JavaThread "Java2D Disposer" daemon [_thread_blocked, id=14018, stack(0x00007f508ad17000,0x00007f508ae18000)]
  0x0000000040cf5800 JavaThread "Low Memory Detector" daemon [_thread_blocked, id=14014, stack(0x00007f508c34b000,0x00007f508c44c000)]
  0x0000000040cf3000 JavaThread "CompilerThread1" daemon [_thread_blocked, id=14013, stack(0x00007f508c44c000,0x00007f508c54d000)]
  0x0000000040cef000 JavaThread "CompilerThread0" daemon [_thread_in_native, id=14012, stack(0x00007f508c54d000,0x00007f508c64e000)]
  0x0000000040ced000 JavaThread "Signal Dispatcher" daemon [_thread_blocked, id=14011, stack(0x00007f508c64e000,0x00007f508c74f000)]
  0x0000000040ccbc00 JavaThread "Finalizer" daemon [_thread_blocked, id=14010, stack(0x00007f508c78e000,0x00007f508c88f000)]
  0x0000000040cc4800 JavaThread "Reference Handler" daemon [_thread_blocked, id=14009, stack(0x00007f508c88f000,0x00007f508c990000)]

Other Threads:
  0x0000000040cbf000 VMThread [stack: 0x00007f508c990000,0x00007f508ca91000] [id=14008]
  0x0000000040cf7c00 WatcherThread [stack: 0x00007f508c24a000,0x00007f508c34b000] [id=14015]

VM state:not at safepoint (normal execution)

VM Mutex/Monitor currently owned by a thread: None

Heap
 PSYoungGen      total 26368K, used 19348K [0x00007f50cd510000, 0x00007f50cf270000, 0x00007f50eabb0000)
  eden space 22656K, 85% used [0x00007f50cd510000,0x00007f50ce7f51e0,0x00007f50ceb30000)
  from space 3712K, 0% used [0x00007f50ceed0000,0x00007f50ceed0000,0x00007f50cf270000)
  to   space 3712K, 0% used [0x00007f50ceb30000,0x00007f50ceb30000,0x00007f50ceed0000)
 PSOldGen        total 60288K, used 0K [0x00007f50927b0000, 0x00007f5096290000, 0x00007f50cd510000)
  object space 60288K, 0% used [0x00007f50927b0000,0x00007f50927b0000,0x00007f5096290000)
 PSPermGen       total 21248K, used 10219K [0x00007f508d3b0000, 0x00007f508e870000, 0x00007f50927b0000)
  object space 21248K, 48% used [0x00007f508d3b0000,0x00007f508ddaad30,0x00007f508e870000)

Dynamic libraries:
40000000-40009000 r-xp 00000000 08:13 3163089                            /usr/lib/jvm/java-6-sun-1.6.0.13/jre/bin/java
40108000-4010a000 rwxp 00008000 08:13 3163089                            /usr/lib/jvm/java-6-sun-1.6.0.13/jre/bin/java
40c36000-41a8d000 rwxp 40c36000 00:00 0                                  [heap]
7f5084000000-7f5084158000 rwxp 7f5084000000 00:00 0 
7f5084158000-7f5088000000 ---p 7f5084158000 00:00 0 
7f5089986000-7f508999c000 r-xp 00000000 08:13 213005                     /lib/libgcc_s.so.1
7f508999c000-7f5089b9c000 ---p 00016000 08:13 213005                     /lib/libgcc_s.so.1
7f5089b9c000-7f5089b9d000 r-xp 00016000 08:13 213005                     /lib/libgcc_s.so.1
7f5089b9d000-7f5089b9e000 rwxp 00017000 08:13 213005                     /lib/libgcc_s.so.1
7f5089b9e000-7f5089c8f000 r-xp 00000000 08:13 2802601                    /usr/lib/libstdc++.so.6.0.10
7f5089c8f000-7f5089e8f000 ---p 000f1000 08:13 2802601                    /usr/lib/libstdc++.so.6.0.10
7f5089e8f000-7f5089e96000 r-xp 000f1000 08:13 2802601                    /usr/lib/libstdc++.so.6.0.10
7f5089e96000-7f5089e98000 rwxp 000f8000 08:13 2802601                    /usr/lib/libstdc++.so.6.0.10
7f5089e98000-7f5089eab000 rwxp 7f5089e98000 00:00 0 
7f5089eab000-7f5089ecf000 r-xp 00000000 08:13 1942103                    /usr/lib/TriangleJniAmd64.so
7f5089ecf000-7f508a0ce000 ---p 00024000 08:13 1942103                    /usr/lib/TriangleJniAmd64.so
7f508a0ce000-7f508a0cf000 r-xp 00023000 08:13 1942103                    /usr/lib/TriangleJniAmd64.so
7f508a0cf000-7f508a0d0000 rwxp 00024000 08:13 1942103                    /usr/lib/TriangleJniAmd64.so
7f508a0d0000-7f508a0d3000 ---p 7f508a0d0000 00:00 0 
7f508a0d3000-7f508a1d1000 rwxp 7f508a0d3000 00:00 0 
7f508a1d1000-7f508a1d4000 ---p 7f508a1d1000 00:00 0 
7f508a1d4000-7f508a2d2000 rwxp 7f508a1d4000 00:00 0 
7f508a2d2000-7f508a2d5000 ---p 7f508a2d2000 00:00 0 
7f508a2d5000-7f508a3d3000 rwxp 7f508a2d5000 00:00 0 
7f508a3d3000-7f508a3dc000 r-xs 00000000 08:13 3197464                    /var/cache/fontconfig/945677eb7aeaf62f1d50efc3fb3ec7d8-x86-64.cache-2
7f508a3dc000-7f508a3de000 r-xs 00000000 08:13 3197468                    /var/cache/fontconfig/99e8ed0e538f840c565b6ed5dad60d56-x86-64.cache-2
7f508a3de000-7f508a3e1000 r-xs 00000000 08:13 3197466                    /var/cache/fontconfig/e383d7ea5fbe662a33d9b44caf393297-x86-64.cache-2
7f508a3e1000-7f508a3e5000 r-xs 00000000 08:13 3197459                    /var/cache/fontconfig/6eb3985aa4124903f6ff08ba781cd364-x86-64.cache-2
7f508a3e5000-7f508a3e6000 r-xs 00000000 08:13 3197445                    /var/cache/fontconfig/4c73fe0c47614734b17d736dbde7580a-x86-64.cache-2
7f508a3e6000-7f508a3ea000 r-xs 00000000 08:13 3196573                    /var/cache/fontconfig/a755afe4a08bf5b97852ceb7400b47bc-x86-64.cache-2
7f508a3ea000-7f508a3f3000 r-xs 00000000 08:13 3197440                    /var/cache/fontconfig/6d41288fd70b0be22e8c3a91e032eec0-x86-64.cache-2
7f508a3f3000-7f508a3f6000 r-xs 00000000 08:13 3197439                    /var/cache/fontconfig/de156ccd2eddbdc19d37a45b8b2aac9c-x86-64.cache-2
7f508a3f6000-7f508a401000 r-xs 00000000 08:13 3197435                    /var/cache/fontconfig/e3de0de479f42330eadf588a55fb5bf4-x86-64.cache-2
7f508a401000-7f508a410000 r-xs 00000000 08:13 3197434                    /var/cache/fontconfig/0f34bcd4b6ee430af32735b75db7f02b-x86-64.cache-2
7f508a410000-7f508a413000 r-xs 00000000 08:13 3197433                    /var/cache/fontconfig/ddd4086aec35a5275babba44bb759c3c-x86-64.cache-2
7f508a413000-7f508a414000 r-xs 00000000 08:13 3197424                    /var/cache/fontconfig/4794a0821666d79190d59a36cb4f44b5-x86-64.cache-2
7f508a414000-7f508a41d000 r-xs 00000000 08:13 3197417                    /var/cache/fontconfig/d52a8644073d54c13679302ca1180695-x86-64.cache-2
7f508a4e1000-7f508a4e4000 ---p 7f508a4e1000 00:00 0 
7f508a4e4000-7f508a5e2000 rwxp 7f508a4e4000 00:00 0 
7f508a5e2000-7f508a5e5000 ---p 7f508a5e2000 00:00 0 
7f508a5e5000-7f508a6e3000 rwxp 7f508a5e5000 00:00 0 
7f508a6e3000-7f508a6e8000 r-xp 00000000 08:13 2805390                    /usr/lib/libXfixes.so.3.1.0
7f508a6e8000-7f508a8e7000 ---p 00005000 08:13 2805390                    /usr/lib/libXfixes.so.3.1.0
7f508a8e7000-7f508a8e8000 rwxp 00004000 08:13 2805390                    /usr/lib/libXfixes.so.3.1.0
7f508a8e8000-7f508a8f1000 r-xp 00000000 08:13 2805803                    /usr/lib/libXrender.so.1.3.0
7f508a8f1000-7f508aaf0000 ---p 00009000 08:13 2805803                    /usr/lib/libXrender.so.1.3.0
7f508aaf0000-7f508aaf1000 r-xp 00008000 08:13 2805803                    /usr/lib/libXrender.so.1.3.0
7f508aaf1000-7f508aaf2000 rwxp 00009000 08:13 2805803                    /usr/lib/libXrender.so.1.3.0
7f508aaf2000-7f508aafb000 r-xp 00000000 08:13 2805843                    /usr/lib/libXcursor.so.1.0.2
7f508aafb000-7f508acfb000 ---p 00009000 08:13 2805843                    /usr/lib/libXcursor.so.1.0.2
7f508acfb000-7f508acfc000 rwxp 00009000 08:13 2805843                    /usr/lib/libXcursor.so.1.0.2
7f508ad17000-7f508ad1a000 ---p 7f508ad17000 00:00 0 
7f508ad1a000-7f508ae18000 rwxp 7f508ad1a000 00:00 0 
7f508ae18000-7f508ae96000 r-xp 00000000 08:13 3163204                    /usr/lib/jvm/java-6-sun-1.6.0.13/jre/lib/amd64/libfontmanager.so
7f508ae96000-7f508af95000 ---p 0007e000 08:13 3163204                    /usr/lib/jvm/java-6-sun-1.6.0.13/jre/lib/amd64/libfontmanager.so
7f508af95000-7f508afab000 rwxp 0007d000 08:13 3163204                    /usr/lib/jvm/java-6-sun-1.6.0.13/jre/lib/amd64/libfontmanager.so
7f508afab000-7f508afbc000 rwxp 7f508afab000 00:00 0 
7f508afbc000-7f508afc1000 r-xp 00000000 08:13 2805384                    /usr/lib/libXdmcp.so.6.0.0
7f508afc1000-7f508b1c0000 ---p 00005000 08:13 2805384                    /usr/lib/libXdmcp.so.6.0.0
7f508b1c0000-7f508b1c1000 rwxp 00004000 08:13 2805384                    /usr/lib/libXdmcp.so.6.0.0
7f508b1c1000-7f508b1dc000 r-xp 00000000 08:13 2805386                    /usr/lib/libxcb.so.1.1.0
7f508b1dc000-7f508b3db000 ---p 0001b000 08:13 2805386                    /usr/lib/libxcb.so.1.1.0
7f508b3db000-7f508b3dc000 r-xp 0001a000 08:13 2805386                    /usr/lib/libxcb.so.1.1.0
7f508b3dc000-7f508b3dd000 rwxp 0001b000 08:13 2805386                    /usr/lib/libxcb.so.1.1.0
7f508b3dd000-7f508b3df000 r-xp 00000000 08:13 2805382                    /usr/lib/libXau.so.6.0.0
7f508b3df000-7f508b5de000 ---p 00002000 08:13 2805382                    /usr/lib/libXau.so.6.0.0
7f508b5de000-7f508b5df000 r-xp 00001000 08:13 2805382                    /usr/lib/libXau.so.6.0.0
7f508b5df000-7f508b5e0000 rwxp 00002000 08:13 2805382                    /usr/lib/libXau.so.6.0.0
7f508b5e0000-7f508b5e9000 r-xp 00000000 08:13 2805586                    /usr/lib/libXi.so.6.0.0
7f508b5e9000-7f508b7e9000 ---p 00009000 08:13 2805586                    /usr/lib/libXi.so.6.0.0
7f508b7e9000-7f508b7ea000 r-xp 00009000 08:13 2805586                    /usr/lib/libXi.so.6.0.0
7f508b7ea000-7f508b7eb000 rwxp 0000a000 08:13 2805586                    /usr/lib/libXi.so.6.0.0
7f508b7eb000-7f508b7f0000 r-xp 00000000 08:13 2806834                    /usr/lib/libXtst.so.6.1.0
7f508b7f0000-7f508b9f0000 ---p 00005000 08:13 2806834                    /usr/lib/libXtst.so.6.1.0
7f508b9f0000-7f508b9f1000 r-xp 00005000 08:13 2806834                    /usr/lib/libXtst.so.6.1.0
7f508b9f1000-7f508b9f2000 rwxp 00006000 08:13 2806834                    /usr/lib/libXtst.so.6.1.0
7f508b9f2000-7f508baf4000 r-xp 00000000 08:13 2805388                    /usr/lib/libX11.so.6.2.0
7f508baf4000-7f508bcf4000 ---p 00102000 08:13 2805388                    /usr/lib/libX11.so.6.2.0
7f508bcf4000-7f508bcf5000 r-xp 00102000 08:13 2805388                    /usr/lib/libX11.so.6.2.0
7f508bcf5000-7f508bcf9000 rwxp 00103000 08:13 2805388                    /usr/lib/libX11.so.6.2.0
7f508bcf9000-7f508bd0a000 r-xp 00000000 08:13 2805394                    /usr/lib/libXext.so.6.4.0
7f508bd0a000-7f508bf09000 ---p 00011000 08:13 2805394                    /usr/lib/libXext.so.6.4.0
7f508bf09000-7f508bf0a000 r-xp 00010000 08:13 2805394                    /usr/lib/libXext.so.6.4.0
7f508bf0a000-7f508bf0b000 rwxp 00011000 08:13 2805394                    /usr/lib/libXext.so.6.4.0
7f508bf0c000-7f508bf18000 r-xs 00000000 08:13 3197416                    /var/cache/fontconfig/089dead882dea3570ffc31a9898cfb69-x86-64.cache-2
7f508bf18000-7f508bf1c000 r-xs 00000000 08:13 3197398                    /var/cache/fontconfig/cabbd14511b9e8a55e92af97fb3a0461-x86-64.cache-2
7f508bf1c000-7f508bf26000 r-xs 00000000 08:13 3195524                    /var/cache/fontconfig/e13b20fdb08344e0e664864cc2ede53d-x86-64.cache-2
7f508bf26000-7f508bf67000 r-xp 00000000 08:13 3163194                    /usr/lib/jvm/java-6-sun-1.6.0.13/jre/lib/amd64/xawt/libmawt.so
7f508bf67000-7f508c066000 ---p 00041000 08:13 3163194                    /usr/lib/jvm/java-6-sun-1.6.0.13/jre/lib/amd64/xawt/libmawt.so
7f508c066000-7f508c072000 rwxp 00040000 08:13 3163194                    /usr/lib/jvm/java-6-sun-1.6.0.13/jre/lib/amd64/xawt/libmawt.so
7f508c072000-7f508c073000 rwxp 7f508c072000 00:00 0 
7f508c073000-7f508c105000 r-xp 00000000 08:13 3163239                    /usr/lib/jvm/java-6-sun-1.6.0.13/jre/lib/amd64/libawt.so
7f508c105000-7f508c204000 ---p 00092000 08:13 3163239                    /usr/lib/jvm/java-6-sun-1.6.0.13/jre/lib/amd64/libawt.so
7f508c204000-7f508c21d000 rwxp 00091000 08:13 3163239                    /usr/lib/jvm/java-6-sun-1.6.0.13/jre/lib/amd64/libawt.so
7f508c21d000-7f508c242000 rwxp 7f508c21d000 00:00 0 
7f508c242000-7f508c24a000 r-xs 0004b000 08:11 162661                     /home/epsilon/文档/4_java/javaTools/commons-math-1.2/commons-math-1.2.jar
7f508c24a000-7f508c24b000 ---p 7f508c24a000 00:00 0 
7f508c24b000-7f508c34b000 rwxp 7f508c24b000 00:00 0 
7f508c34b000-7f508c34e000 ---p 7f508c34b000 00:00 0 
7f508c34e000-7f508c44c000 rwxp 7f508c34e000 00:00 0 
7f508c44c000-7f508c44f000 ---p 7f508c44c000 00:00 0 
7f508c44f000-7f508c54d000 rwxp 7f508c44f000 00:00 0 
7f508c54d000-7f508c550000 ---p 7f508c54d000 00:00 0 
7f508c550000-7f508c64e000 rwxp 7f508c550000 00:00 0 
7f508c64e000-7f508c651000 ---p 7f508c64e000 00:00 0 
7f508c651000-7f508c74f000 rwxp 7f508c651000 00:00 0 
7f508c74f000-7f508c78e000 r-xp 00000000 08:13 2827839                    /usr/lib/locale/zh_CN.utf8/LC_CTYPE
7f508c78e000-7f508c791000 ---p 7f508c78e000 00:00 0 
7f508c791000-7f508c88f000 rwxp 7f508c791000 00:00 0 
7f508c88f000-7f508c892000 ---p 7f508c88f000 00:00 0 
7f508c892000-7f508c990000 rwxp 7f508c892000 00:00 0 
7f508c990000-7f508c991000 ---p 7f508c990000 00:00 0 
7f508c991000-7f508cb06000 rwxp 7f508c991000 00:00 0 
7f508cb06000-7f508cc98000 r-xs 02f34000 08:13 2942580                    /usr/lib/jvm/java-6-sun-1.6.0.13/jre/lib/rt.jar
7f508cc98000-7f508ccc0000 rwxp 7f508cc98000 00:00 0 
7f508ccc0000-7f508ccc1000 ---p 7f508ccc0000 00:00 0 
7f508ccc1000-7f508cdc1000 rwxp 7f508ccc1000 00:00 0 
7f508cdc1000-7f508cdc2000 ---p 7f508cdc1000 00:00 0 
7f508cdc2000-7f508cecd000 rwxp 7f508cdc2000 00:00 0 
7f508cecd000-7f508ceec000 rwxp 7f508cecd000 00:00 0 
7f508ceec000-7f508cf0a000 rwxp 7f508ceec000 00:00 0 
7f508cf0a000-7f508d0c3000 rwxp 7f508cf0a000 00:00 0 
7f508d0c3000-7f508d0ce000 rwxp 7f508d0c3000 00:00 0 
7f508d0ce000-7f508d0ed000 rwxp 7f508d0ce000 00:00 0 
7f508d0ed000-7f508d10b000 rwxp 7f508d0ed000 00:00 0 
7f508d10b000-7f508d2c3000 rwxp 7f508d10b000 00:00 0 
7f508d2c3000-7f508d2d3000 rwxp 7f508d2c3000 00:00 0 
7f508d2d3000-7f508d3af000 rwxp 7f508d2d3000 00:00 0 
7f508d3af000-7f508e870000 rwxp 7f508d3af000 00:00 0 
7f508e870000-7f50927b0000 rwxp 7f508e870000 00:00 0 
7f50927b0000-7f5096290000 rwxp 7f50927b0000 00:00 0 
7f5096290000-7f50cd510000 rwxp 7f5096290000 00:00 0 
7f50cd510000-7f50cf270000 rwxp 7f50cd510000 00:00 0 
7f50cf270000-7f50eabb0000 rwxp 7f50cf270000 00:00 0 
7f50eabb0000-7f50eabb7000 r-xs 00059000 08:11 1172178                    /home/epsilon/文档/4_java/javaTools/apache-log4j-1.2.15/log4j-1.2.15.jar
7f50eabb7000-7f50eae27000 rwxp 7f50eabb7000 00:00 0 
7f50eae27000-7f50edbb7000 rwxp 7f50eae27000 00:00 0 
7f50edbb7000-7f50edbc5000 r-xp 00000000 08:13 3163206                    /usr/lib/jvm/java-6-sun-1.6.0.13/jre/lib/amd64/libzip.so
7f50edbc5000-7f50edcc7000 ---p 0000e000 08:13 3163206                    /usr/lib/jvm/java-6-sun-1.6.0.13/jre/lib/amd64/libzip.so
7f50edcc7000-7f50edcca000 rwxp 00010000 08:13 3163206                    /usr/lib/jvm/java-6-sun-1.6.0.13/jre/lib/amd64/libzip.so
7f50edcca000-7f50edccb000 rwxp 7f50edcca000 00:00 0 
7f50edccb000-7f50edcf4000 r-xp 00000000 08:13 3163219                    /usr/lib/jvm/java-6-sun-1.6.0.13/jre/lib/amd64/libjava.so
7f50edcf4000-7f50eddf3000 ---p 00029000 08:13 3163219                    /usr/lib/jvm/java-6-sun-1.6.0.13/jre/lib/amd64/libjava.so
7f50eddf3000-7f50eddfa000 rwxp 00028000 08:13 3163219                    /usr/lib/jvm/java-6-sun-1.6.0.13/jre/lib/amd64/libjava.so
7f50eddfa000-7f50ede07000 r-xp 00000000 08:13 3163201                    /usr/lib/jvm/java-6-sun-1.6.0.13/jre/lib/amd64/libverify.so
7f50ede07000-7f50edf06000 ---p 0000d000 08:13 3163201                    /usr/lib/jvm/java-6-sun-1.6.0.13/jre/lib/amd64/libverify.so
7f50edf06000-7f50edf09000 rwxp 0000c000 08:13 3163201                    /usr/lib/jvm/java-6-sun-1.6.0.13/jre/lib/amd64/libverify.so
7f50edf09000-7f50edf15000 r-xp 00000000 08:13 213021                     /lib/libnss_files-2.9.so
7f50edf15000-7f50ee114000 ---p 0000c000 08:13 213021                     /lib/libnss_files-2.9.so
7f50ee114000-7f50ee115000 r-xp 0000b000 08:13 213021                     /lib/libnss_files-2.9.so
7f50ee115000-7f50ee116000 rwxp 0000c000 08:13 213021                     /lib/libnss_files-2.9.so
7f50ee116000-7f50ee120000 r-xp 00000000 08:13 213023                     /lib/libnss_nis-2.9.so
7f50ee120000-7f50ee31f000 ---p 0000a000 08:13 213023                     /lib/libnss_nis-2.9.so
7f50ee31f000-7f50ee320000 r-xp 00009000 08:13 213023                     /lib/libnss_nis-2.9.so
7f50ee320000-7f50ee321000 rwxp 0000a000 08:13 213023                     /lib/libnss_nis-2.9.so
7f50ee321000-7f50ee329000 r-xp 00000000 08:13 213019                     /lib/libnss_compat-2.9.so
7f50ee329000-7f50ee528000 ---p 00008000 08:13 213019                     /lib/libnss_compat-2.9.so
7f50ee528000-7f50ee529000 r-xp 00007000 08:13 213019                     /lib/libnss_compat-2.9.so
7f50ee529000-7f50ee52a000 rwxp 00008000 08:13 213019                     /lib/libnss_compat-2.9.so
7f50ee52a000-7f50ee540000 r-xp 00000000 08:13 213018                     /lib/libnsl-2.9.so
7f50ee540000-7f50ee740000 ---p 00016000 08:13 213018                     /lib/libnsl-2.9.so
7f50ee740000-7f50ee741000 r-xp 00016000 08:13 213018                     /lib/libnsl-2.9.so
7f50ee741000-7f50ee742000 rwxp 00017000 08:13 213018                     /lib/libnsl-2.9.so
7f50ee742000-7f50ee744000 rwxp 7f50ee742000 00:00 0 
7f50ee744000-7f50ee74b000 r-xp 00000000 08:13 3163208                    /usr/lib/jvm/java-6-sun-1.6.0.13/jre/lib/amd64/native_threads/libhpi.so
7f50ee74b000-7f50ee84c000 ---p 00007000 08:13 3163208                    /usr/lib/jvm/java-6-sun-1.6.0.13/jre/lib/amd64/native_threads/libhpi.so
7f50ee84c000-7f50ee84e000 rwxp 00008000 08:13 3163208                    /usr/lib/jvm/java-6-sun-1.6.0.13/jre/lib/amd64/native_threads/libhpi.so
7f50ee84e000-7f50ee84f000 rwxp 7f50ee84e000 00:00 0 
7f50ee84f000-7f50ee856000 r-xp 00000000 08:13 213028                     /lib/librt-2.9.so
7f50ee856000-7f50eea55000 ---p 00007000 08:13 213028                     /lib/librt-2.9.so
7f50eea55000-7f50eea56000 r-xp 00006000 08:13 213028                     /lib/librt-2.9.so
7f50eea56000-7f50eea57000 rwxp 00007000 08:13 213028                     /lib/librt-2.9.so
7f50eea57000-7f50eea5a000 ---p 7f50eea57000 00:00 0 
7f50eea5a000-7f50eeb58000 rwxp 7f50eea5a000 00:00 0 
7f50eeb58000-7f50eebdc000 r-xp 00000000 08:13 213016                     /lib/libm-2.9.so
7f50eebdc000-7f50eeddb000 ---p 00084000 08:13 213016                     /lib/libm-2.9.so
7f50eeddb000-7f50eeddc000 r-xp 00083000 08:13 213016                     /lib/libm-2.9.so
7f50eeddc000-7f50eeddd000 rwxp 00084000 08:13 213016                     /lib/libm-2.9.so
7f50eeddd000-7f50ef46a000 r-xp 00000000 08:13 3163226                    /usr/lib/jvm/java-6-sun-1.6.0.13/jre/lib/amd64/server/libjvm.so
7f50ef46a000-7f50ef569000 ---p 0068d000 08:13 3163226                    /usr/lib/jvm/java-6-sun-1.6.0.13/jre/lib/amd64/server/libjvm.so
7f50ef569000-7f50ef6ba000 rwxp 0068c000 08:13 3163226                    /usr/lib/jvm/java-6-sun-1.6.0.13/jre/lib/amd64/server/libjvm.so
7f50ef6ba000-7f50ef6f7000 rwxp 7f50ef6ba000 00:00 0 
7f50ef6f7000-7f50ef85f000 r-xp 00000000 08:13 213012                     /lib/libc-2.9.so
7f50ef85f000-7f50efa5f000 ---p 00168000 08:13 213012                     /lib/libc-2.9.so
7f50efa5f000-7f50efa63000 r-xp 00168000 08:13 213012                     /lib/libc-2.9.so
7f50efa63000-7f50efa64000 rwxp 0016c000 08:13 213012                     /lib/libc-2.9.so
7f50efa64000-7f50efa69000 rwxp 7f50efa64000 00:00 0 
7f50efa69000-7f50efa6b000 r-xp 00000000 08:13 213015                     /lib/libdl-2.9.so
7f50efa6b000-7f50efc6b000 ---p 00002000 08:13 213015                     /lib/libdl-2.9.so
7f50efc6b000-7f50efc6c000 r-xp 00002000 08:13 213015                     /lib/libdl-2.9.so
7f50efc6c000-7f50efc6d000 rwxp 00003000 08:13 213015                     /lib/libdl-2.9.so
7f50efc6d000-7f50efc84000 r-xp 00000000 08:13 213026                     /lib/libpthread-2.9.so
7f50efc84000-7f50efe83000 ---p 00017000 08:13 213026                     /lib/libpthread-2.9.so
7f50efe83000-7f50efe84000 r-xp 00016000 08:13 213026                     /lib/libpthread-2.9.so
7f50efe84000-7f50efe85000 rwxp 00017000 08:13 213026                     /lib/libpthread-2.9.so
7f50efe85000-7f50efe89000 rwxp 7f50efe85000 00:00 0 
7f50efe89000-7f50efea9000 r-xp 00000000 08:13 213006                     /lib/ld-2.9.so
7f50efeaf000-7f50efebd000 r-xs 000ba000 08:11 422677                     /home/epsilon/文档/4_java/javaTools/mtj.jar
7f50efebd000-7f50efec7000 rwxp 7f50efebd000 00:00 0 
7f50efec7000-7f50eff7d000 rwxp 7f50efec7000 00:00 0 
7f50eff7d000-7f50eff7f000 rwxp 7f50eff7d000 00:00 0 
7f50eff7f000-7f50eff86000 r-xp 00000000 08:13 3163192                    /usr/lib/jvm/java-6-sun-1.6.0.13/jre/lib/amd64/jli/libjli.so
7f50eff86000-7f50f0087000 ---p 00007000 08:13 3163192                    /usr/lib/jvm/java-6-sun-1.6.0.13/jre/lib/amd64/jli/libjli.so
7f50f0087000-7f50f0089000 rwxp 00008000 08:13 3163192                    /usr/lib/jvm/java-6-sun-1.6.0.13/jre/lib/amd64/jli/libjli.so
7f50f0089000-7f50f008a000 rwxp 7f50f0089000 00:00 0 
7f50f008a000-7f50f008d000 r-xs 000cb000 08:13 3162696                    /usr/lib/jvm/java-6-sun-1.6.0.13/jre/lib/ext/localedata.jar
7f50f008d000-7f50f0090000 r-xs 00000000 08:13 3196574                    /var/cache/fontconfig/7ef2298fde41cc6eeb7af42e48b7d293-x86-64.cache-2
7f50f0090000-7f50f0094000 r-xs 00042000 08:11 181747                     /home/epsilon/NetBeansProjects/EpsilonUtils/trunk/dist/EpsilonYUtil.jar
7f50f0094000-7f50f009b000 r-xs 00000000 08:13 2803699                    /usr/lib/gconv/gconv-modules.cache
7f50f009b000-7f50f00a3000 rwxs 00000000 08:13 377142                     /tmp/hsperfdata_epsilon/14004
7f50f00a3000-7f50f00a4000 rwxp 7f50f00a3000 00:00 0 
7f50f00a4000-7f50f00a5000 r-xp 7f50f00a4000 00:00 0 
7f50f00a5000-7f50f00a8000 rwxp 7f50f00a5000 00:00 0 
7f50f00a8000-7f50f00a9000 r-xp 0001f000 08:13 213006                     /lib/ld-2.9.so
7f50f00a9000-7f50f00aa000 rwxp 00020000 08:13 213006                     /lib/ld-2.9.so
7ffff8094000-7ffff80a9000 rwxp 7ffffffea000 00:00 0                      [stack]
7ffff812f000-7ffff8130000 r-xp 7ffff812f000 00:00 0                      [vdso]
ffffffffff600000-ffffffffff601000 r-xp 00000000 00:00 0                  [vsyscall]

VM Arguments:
jvm_args: -Dawt.useSystemAAFontSettings=on 
java_command: net.epsilony.simpmeshfree.model.ModelTestFrame
Launcher Type: SUN_STANDARD

Environment Variables:
_JAVA_OPTIONS=-Dawt.useSystemAAFontSettings=on
PATH=/usr/local/sbin:/usr/local/bin:/usr/sbin:/usr/bin:/sbin:/bin:/usr/games
USERNAME=epsilon
LD_LIBRARY_PATH=/usr/lib/jvm/java-6-sun-1.6.0.13/jre/lib/amd64/server:/usr/lib/jvm/java-6-sun-1.6.0.13/jre/lib/amd64:/usr/lib/jvm/java-6-sun-1.6.0.13/jre/../lib/amd64
SHELL=/bin/bash
DISPLAY=:0.0

Signal Handlers:
SIGSEGV: [libjvm.so+0x5fcd20], sa_mask[0]=0x7ffbfeff, sa_flags=0x10000004
SIGBUS: [libjvm.so+0x5fcd20], sa_mask[0]=0x7ffbfeff, sa_flags=0x10000004
SIGFPE: [libjvm.so+0x4e0eb0], sa_mask[0]=0x7ffbfeff, sa_flags=0x10000004
SIGPIPE: [libjvm.so+0x4e0eb0], sa_mask[0]=0x7ffbfeff, sa_flags=0x10000004
SIGXFSZ: [libjvm.so+0x4e0eb0], sa_mask[0]=0x7ffbfeff, sa_flags=0x10000004
SIGILL: [libjvm.so+0x4e0eb0], sa_mask[0]=0x7ffbfeff, sa_flags=0x10000004
SIGUSR1: SIG_DFL, sa_mask[0]=0x00000000, sa_flags=0x00000000
SIGUSR2: [libjvm.so+0x4e35d0], sa_mask[0]=0x00000004, sa_flags=0x10000004
SIGHUP: [libjvm.so+0x4e3320], sa_mask[0]=0x7ffbfeff, sa_flags=0x10000004
SIGINT: SIG_IGN, sa_mask[0]=0x00000000, sa_flags=0x00000000
SIGTERM: [libjvm.so+0x4e3320], sa_mask[0]=0x7ffbfeff, sa_flags=0x10000004
SIGQUIT: [libjvm.so+0x4e3320], sa_mask[0]=0x7ffbfeff, sa_flags=0x10000004


---------------  S Y S T E M  ---------------

OS:5.0

uname:Linux 2.6.28-12-generic #43-Ubuntu SMP Fri May 1 19:31:32 UTC 2009 x86_64
libc:glibc 2.9 NPTL 2.9 
rlimit: STACK 8192k, CORE 0k, NPROC infinity, NOFILE 1024, AS infinity
load average:0.25 0.27 0.23

CPU:total 2 (2 cores per cpu, 1 threads per core) family 16 model 2 stepping 3, cmov, cx8, fxsr, mmx, sse, sse2, sse3, mmxext, 3dnow, 3dnowext, sse4a

Memory: 4k page, physical 5780180k(3197540k free), swap 3903752k(3865604k free)

vm_info: Java HotSpot(TM) 64-Bit Server VM (11.3-b02) for linux-amd64 JRE (1.6.0_13-b03), built on Mar  9 2009 11:08:22 by "java_re" with gcc 3.2.2 (SuSE Linux)

time: Mon May 18 12:30:28 2009
elapsed time: 0 seconds

