#
# An unexpected error has been detected by Java Runtime Environment:
#
#  SIGSEGV (0xb) at pc=0x00007f3eeb67811b, pid=19391, tid=139906448705872
#
# Java VM: Java HotSpot(TM) 64-Bit Server VM (11.3-b02 mixed mode linux-amd64)
# Problematic frame:
# C  [libc.so.6+0x8411b]  memcpy+0x15b
#
# If you would like to submit a bug report, please visit:
#   http://java.sun.com/webapps/bugreport/crash.jsp
#

---------------  T H R E A D  ---------------

Current thread (0x00007f3e840ff400):  JavaThread "AWT-EventQueue-0" [_thread_in_vm, id=19407, stack(0x00007f3e821d4000,0x00007f3e822d5000)]

siginfo:si_signo=SIGSEGV: si_errno=0, si_code=2 (SEGV_ACCERR), si_addr=0x00007f3e7c0ea000

Registers:
RAX=0x00007f3eca74c460, RBX=0x00007f3e892b12a0, RCX=0x0000000000000180, RDX=0x0000000000006820
RSP=0x00007f3e822d3438, RBP=0x00007f3e822d34c0, RSI=0x00007f3e7c0ea000, RDI=0x00007f3eca752080
R8 =0x0000000000000ffc, R9 =0x00007f3eeb4c45b8, R10=0x00007f3eeb4c8028, R11=0x0000000000006820
R12=0x0000000000006820, R13=0x0000000000000000, R14=0x0000000040641670, R15=0x00007f3e822d3450
RIP=0x00007f3eeb67811b, EFL=0x0000000000010212, CSGSFS=0x0000000000000033, ERR=0x0000000000000004
  TRAPNO=0x000000000000000e

Top of Stack: (sp=0x00007f3e822d3438)
0x00007f3e822d3438:   00007f3eeb020600 00007f3e840ff5c0
0x00007f3e822d3448:   00007f3e7c0e43e0 00007f3e840ff400
0x00007f3e822d3458:   0000000000000000 00007f3e840ff400
0x00007f3e822d3468:   0000000000000000 00007f3e840ff400
0x00007f3e822d3478:   00007f3e822d35b8 00007f3e840ff400
0x00007f3e822d3488:   00007f3eeb66e276 00007f3e840ff400
0x00007f3e822d3498:   0000000040641670 00007f3e7c018ca0
0x00007f3e822d34a8:   00007f3e7c0220e0 00007f3e822d35b8
0x00007f3e822d34b8:   0000000040641610 00007f3e840ff5c0
0x00007f3e822d34c8:   00007f3e81db1486 00007f3e7c018d90
0x00007f3e822d34d8:   0000000040641618 0000000040641620
0x00007f3e822d34e8:   0000000040641628 0000000040641630
0x00007f3e822d34f8:   0000000040641638 0000000040641640
0x00007f3e822d3508:   00007f3e840ffad0 01010101010ff400
0x00007f3e822d3518:   00007f3e89caf948 00007f3e822d3598
0x00007f3e822d3528:   0000000000000101 00007f3e89caf948
0x00007f3e822d3538:   00007f3e822d35b8 00007f3e840ff400
0x00007f3e822d3548:   00007f3ee6ac2852 00007f3e840ff400
0x00007f3e822d3558:   00007f3e822d3558 00007f3e89caf948
0x00007f3e822d3568:   00007f3e822d35b8 00007f3e89cb0380
0x00007f3e822d3578:   0000000000000000 00007f3e89caf948
0x00007f3e822d3588:   0000000000000000 00007f3e822d35b8
0x00007f3e822d3598:   00007f3e822d3600 00007f3ee6ab7322
0x00007f3e822d35a8:   0000000000000000 00007f3ee6abf358
0x00007f3e822d35b8:   00007f3ec9c9c600 00007f3e822d35c0
0x00007f3e822d35c8:   00007f3e89cae425 00007f3e822d3648
0x00007f3e822d35d8:   00007f3e89cb0380 0000000000000000
0x00007f3e822d35e8:   00007f3e89cae4b0 00007f3e822d35b8
0x00007f3e822d35f8:   00007f3e822d3638 00007f3e822d3690
0x00007f3e822d3608:   00007f3ee6ab7322 00007f3eca741aa8
0x00007f3e822d3618:   00007f3eca741e98 0000000000000002
0x00007f3e822d3628:   00007f3eca741e60 00007f3eca7409a8 

Instructions: (pc=0x00007f3eeb67811b)
0x00007f3eeb67810b:   0f 47 da 4c 89 d9 49 83 e3 f8 48 c1 e9 03 74 05
0x00007f3eeb67811b:   f3 48 a5 66 90 4c 29 da 48 f7 c2 f8 ff ff ff 75 

Stack: [0x00007f3e821d4000,0x00007f3e822d5000],  sp=0x00007f3e822d3438,  free space=1021k
Native frames: (J=compiled Java code, j=interpreted, Vv=VM code, C=native code)
C  [libc.so.6+0x8411b]  memcpy+0x15b

Java frames: (J=compiled Java code, j=interpreted, Vv=VM code)
j  net.epsilony.simpmeshfree.model.geometry.TriangleJni.triangleFun()V+0
j  net.epsilony.simpmeshfree.model.geometry.TriangleJni.complie(Lnet/epsilony/simpmeshfree/model/geometry/GeometryModel;Ljava/lang/String;)V+141
j  net.epsilony.simpmeshfree.model.mechanics.MechanicsModel.generateNodesByTriangle(DDLjava/lang/String;ZZ)V+110
j  net.epsilony.simpmeshfree.model.ModelTestFrame.<init>()V+617
j  net.epsilony.simpmeshfree.model.ModelTestFrame$2.run()V+4
j  java.awt.event.InvocationEvent.dispatch()V+47
j  java.awt.EventQueue.dispatchEvent(Ljava/awt/AWTEvent;)V+26
j  java.awt.EventDispatchThread.pumpOneEventForFilters(I)Z+204
j  java.awt.EventDispatchThread.pumpEventsForFilter(ILjava/awt/Conditional;Ljava/awt/EventFilter;)V+30
j  java.awt.EventDispatchThread.pumpEventsForHierarchy(ILjava/awt/Conditional;Ljava/awt/Component;)V+11
j  java.awt.EventDispatchThread.pumpEvents(ILjava/awt/Conditional;)V+4
j  java.awt.EventDispatchThread.pumpEvents(Ljava/awt/Conditional;)V+3
j  java.awt.EventDispatchThread.run()V+9
v  ~StubRoutines::call_stub

---------------  P R O C E S S  ---------------

Java Threads: ( => current thread )
  0x00000000407ccc00 JavaThread "Thread-3" [_thread_blocked, id=19409, stack(0x00007f3e81fd2000,0x00007f3e820d3000)]
  0x00000000407eec00 JavaThread "Thread-2" [_thread_blocked, id=19408, stack(0x00007f3e820d3000,0x00007f3e821d4000)]
  0x00007f3e84100800 JavaThread "DestroyJavaVM" [_thread_blocked, id=19392, stack(0x00007f3eea954000,0x00007f3eeaa55000)]
=>0x00007f3e840ff400 JavaThread "AWT-EventQueue-0" [_thread_in_vm, id=19407, stack(0x00007f3e821d4000,0x00007f3e822d5000)]
  0x00007f3e840fe800 JavaThread "AWT-Shutdown" [_thread_blocked, id=19406, stack(0x00007f3e823bb000,0x00007f3e824bc000)]
  0x00007f3e840fd800 JavaThread "AWT-XAWT" daemon [_thread_in_native, id=19405, stack(0x00007f3e824bc000,0x00007f3e825bd000)]
  0x000000004060e000 JavaThread "Java2D Disposer" daemon [_thread_blocked, id=19403, stack(0x00007f3e8803a000,0x00007f3e8813b000)]
  0x0000000040522c00 JavaThread "Low Memory Detector" daemon [_thread_blocked, id=19401, stack(0x00007f3e8824b000,0x00007f3e8834c000)]
  0x000000004051fc00 JavaThread "CompilerThread1" daemon [_thread_in_native, id=19400, stack(0x00007f3e8834c000,0x00007f3e8844d000)]
  0x000000004051c000 JavaThread "CompilerThread0" daemon [_thread_blocked, id=19399, stack(0x00007f3e8844d000,0x00007f3e8854e000)]
  0x000000004051a000 JavaThread "Signal Dispatcher" daemon [_thread_blocked, id=19398, stack(0x00007f3e8854e000,0x00007f3e8864f000)]
  0x00000000404f8800 JavaThread "Finalizer" daemon [_thread_blocked, id=19397, stack(0x00007f3e8868e000,0x00007f3e8878f000)]
  0x00000000404f1800 JavaThread "Reference Handler" daemon [_thread_blocked, id=19396, stack(0x00007f3e8878f000,0x00007f3e88890000)]

Other Threads:
  0x00000000404ec000 VMThread [stack: 0x00007f3e88890000,0x00007f3e88991000] [id=19395]
  0x0000000040524c00 WatcherThread [stack: 0x00007f3e8814a000,0x00007f3e8824b000] [id=19402]

VM state:not at safepoint (normal execution)

VM Mutex/Monitor currently owned by a thread: None

Heap
 PSYoungGen      total 26368K, used 19940K [0x00007f3ec9410000, 0x00007f3ecb170000, 0x00007f3ee6ab0000)
  eden space 22656K, 88% used [0x00007f3ec9410000,0x00007f3eca7892b0,0x00007f3ecaa30000)
  from space 3712K, 0% used [0x00007f3ecadd0000,0x00007f3ecadd0000,0x00007f3ecb170000)
  to   space 3712K, 0% used [0x00007f3ecaa30000,0x00007f3ecaa30000,0x00007f3ecadd0000)
 PSOldGen        total 60288K, used 0K [0x00007f3e8e6b0000, 0x00007f3e92190000, 0x00007f3ec9410000)
  object space 60288K, 0% used [0x00007f3e8e6b0000,0x00007f3e8e6b0000,0x00007f3e92190000)
 PSPermGen       total 21248K, used 10265K [0x00007f3e892b0000, 0x00007f3e8a770000, 0x00007f3e8e6b0000)
  object space 21248K, 48% used [0x00007f3e892b0000,0x00007f3e89cb67f8,0x00007f3e8a770000)

Dynamic libraries:
40000000-40009000 r-xp 00000000 08:13 3163089                            /usr/lib/jvm/java-6-sun-1.6.0.13/jre/bin/java
40108000-4010a000 rwxp 00008000 08:13 3163089                            /usr/lib/jvm/java-6-sun-1.6.0.13/jre/bin/java
40463000-40b80000 rwxp 40463000 00:00 0                                  [heap]
7f3e7c000000-7f3e7c0ea000 rwxp 7f3e7c000000 00:00 0 
7f3e7c0ea000-7f3e80000000 ---p 7f3e7c0ea000 00:00 0 
7f3e81888000-7f3e8189e000 r-xp 00000000 08:13 213005                     /lib/libgcc_s.so.1
7f3e8189e000-7f3e81a9e000 ---p 00016000 08:13 213005                     /lib/libgcc_s.so.1
7f3e81a9e000-7f3e81a9f000 r-xp 00016000 08:13 213005                     /lib/libgcc_s.so.1
7f3e81a9f000-7f3e81aa0000 rwxp 00017000 08:13 213005                     /lib/libgcc_s.so.1
7f3e81aa0000-7f3e81b91000 r-xp 00000000 08:13 2802601                    /usr/lib/libstdc++.so.6.0.10
7f3e81b91000-7f3e81d91000 ---p 000f1000 08:13 2802601                    /usr/lib/libstdc++.so.6.0.10
7f3e81d91000-7f3e81d98000 r-xp 000f1000 08:13 2802601                    /usr/lib/libstdc++.so.6.0.10
7f3e81d98000-7f3e81d9a000 rwxp 000f8000 08:13 2802601                    /usr/lib/libstdc++.so.6.0.10
7f3e81d9a000-7f3e81dad000 rwxp 7f3e81d9a000 00:00 0 
7f3e81dad000-7f3e81dd1000 r-xp 00000000 08:13 1942103                    /usr/lib/TriangleJniAmd64.so
7f3e81dd1000-7f3e81fd0000 ---p 00024000 08:13 1942103                    /usr/lib/TriangleJniAmd64.so
7f3e81fd0000-7f3e81fd1000 r-xp 00023000 08:13 1942103                    /usr/lib/TriangleJniAmd64.so
7f3e81fd1000-7f3e81fd2000 rwxp 00024000 08:13 1942103                    /usr/lib/TriangleJniAmd64.so
7f3e81fd2000-7f3e81fd5000 ---p 7f3e81fd2000 00:00 0 
7f3e81fd5000-7f3e820d3000 rwxp 7f3e81fd5000 00:00 0 
7f3e820d3000-7f3e820d6000 ---p 7f3e820d3000 00:00 0 
7f3e820d6000-7f3e821d4000 rwxp 7f3e820d6000 00:00 0 
7f3e821d4000-7f3e821d7000 ---p 7f3e821d4000 00:00 0 
7f3e821d7000-7f3e822d5000 rwxp 7f3e821d7000 00:00 0 
7f3e822d5000-7f3e822de000 r-xs 00000000 08:13 3197464                    /var/cache/fontconfig/945677eb7aeaf62f1d50efc3fb3ec7d8-x86-64.cache-2
7f3e822de000-7f3e822e0000 r-xs 00000000 08:13 3197468                    /var/cache/fontconfig/99e8ed0e538f840c565b6ed5dad60d56-x86-64.cache-2
7f3e822e0000-7f3e822e3000 r-xs 00000000 08:13 3197466                    /var/cache/fontconfig/e383d7ea5fbe662a33d9b44caf393297-x86-64.cache-2
7f3e822e3000-7f3e822e7000 r-xs 00000000 08:13 3197459                    /var/cache/fontconfig/6eb3985aa4124903f6ff08ba781cd364-x86-64.cache-2
7f3e822e7000-7f3e822eb000 r-xs 00000000 08:13 3196573                    /var/cache/fontconfig/a755afe4a08bf5b97852ceb7400b47bc-x86-64.cache-2
7f3e822eb000-7f3e822f4000 r-xs 00000000 08:13 3197440                    /var/cache/fontconfig/6d41288fd70b0be22e8c3a91e032eec0-x86-64.cache-2
7f3e822f4000-7f3e822f7000 r-xs 00000000 08:13 3197439                    /var/cache/fontconfig/de156ccd2eddbdc19d37a45b8b2aac9c-x86-64.cache-2
7f3e823bb000-7f3e823be000 ---p 7f3e823bb000 00:00 0 
7f3e823be000-7f3e824bc000 rwxp 7f3e823be000 00:00 0 
7f3e824bc000-7f3e824bf000 ---p 7f3e824bc000 00:00 0 
7f3e824bf000-7f3e825bd000 rwxp 7f3e824bf000 00:00 0 
7f3e825bd000-7f3e825c2000 r-xp 00000000 08:13 2805390                    /usr/lib/libXfixes.so.3.1.0
7f3e825c2000-7f3e827c1000 ---p 00005000 08:13 2805390                    /usr/lib/libXfixes.so.3.1.0
7f3e827c1000-7f3e827c2000 rwxp 00004000 08:13 2805390                    /usr/lib/libXfixes.so.3.1.0
7f3e827c2000-7f3e827cb000 r-xp 00000000 08:13 2805803                    /usr/lib/libXrender.so.1.3.0
7f3e827cb000-7f3e829ca000 ---p 00009000 08:13 2805803                    /usr/lib/libXrender.so.1.3.0
7f3e829ca000-7f3e829cb000 r-xp 00008000 08:13 2805803                    /usr/lib/libXrender.so.1.3.0
7f3e829cb000-7f3e829cc000 rwxp 00009000 08:13 2805803                    /usr/lib/libXrender.so.1.3.0
7f3e829cc000-7f3e829d5000 r-xp 00000000 08:13 2805843                    /usr/lib/libXcursor.so.1.0.2
7f3e829d5000-7f3e82bd5000 ---p 00009000 08:13 2805843                    /usr/lib/libXcursor.so.1.0.2
7f3e82bd5000-7f3e82bd6000 rwxp 00009000 08:13 2805843                    /usr/lib/libXcursor.so.1.0.2
7f3e82bee000-7f3e82bf1000 r-xs 000cb000 08:13 3162696                    /usr/lib/jvm/java-6-sun-1.6.0.13/jre/lib/ext/localedata.jar
7f3e82bf1000-7f3e82c6f000 r-xp 00000000 08:13 3163204                    /usr/lib/jvm/java-6-sun-1.6.0.13/jre/lib/amd64/libfontmanager.so
7f3e82c6f000-7f3e82d6e000 ---p 0007e000 08:13 3163204                    /usr/lib/jvm/java-6-sun-1.6.0.13/jre/lib/amd64/libfontmanager.so
7f3e82d6e000-7f3e82d84000 rwxp 0007d000 08:13 3163204                    /usr/lib/jvm/java-6-sun-1.6.0.13/jre/lib/amd64/libfontmanager.so
7f3e82d84000-7f3e82d95000 rwxp 7f3e82d84000 00:00 0 
7f3e82d95000-7f3e82d9a000 r-xp 00000000 08:13 2805384                    /usr/lib/libXdmcp.so.6.0.0
7f3e82d9a000-7f3e82f99000 ---p 00005000 08:13 2805384                    /usr/lib/libXdmcp.so.6.0.0
7f3e82f99000-7f3e82f9a000 rwxp 00004000 08:13 2805384                    /usr/lib/libXdmcp.so.6.0.0
7f3e82f9a000-7f3e82fb5000 r-xp 00000000 08:13 2805386                    /usr/lib/libxcb.so.1.1.0
7f3e82fb5000-7f3e831b4000 ---p 0001b000 08:13 2805386                    /usr/lib/libxcb.so.1.1.0
7f3e831b4000-7f3e831b5000 r-xp 0001a000 08:13 2805386                    /usr/lib/libxcb.so.1.1.0
7f3e831b5000-7f3e831b6000 rwxp 0001b000 08:13 2805386                    /usr/lib/libxcb.so.1.1.0
7f3e831b6000-7f3e831b8000 r-xp 00000000 08:13 2805382                    /usr/lib/libXau.so.6.0.0
7f3e831b8000-7f3e833b7000 ---p 00002000 08:13 2805382                    /usr/lib/libXau.so.6.0.0
7f3e833b7000-7f3e833b8000 r-xp 00001000 08:13 2805382                    /usr/lib/libXau.so.6.0.0
7f3e833b8000-7f3e833b9000 rwxp 00002000 08:13 2805382                    /usr/lib/libXau.so.6.0.0
7f3e833b9000-7f3e833c2000 r-xp 00000000 08:13 2805586                    /usr/lib/libXi.so.6.0.0
7f3e833c2000-7f3e835c2000 ---p 00009000 08:13 2805586                    /usr/lib/libXi.so.6.0.0
7f3e835c2000-7f3e835c3000 r-xp 00009000 08:13 2805586                    /usr/lib/libXi.so.6.0.0
7f3e835c3000-7f3e835c4000 rwxp 0000a000 08:13 2805586                    /usr/lib/libXi.so.6.0.0
7f3e835c4000-7f3e835c9000 r-xp 00000000 08:13 2806834                    /usr/lib/libXtst.so.6.1.0
7f3e835c9000-7f3e837c9000 ---p 00005000 08:13 2806834                    /usr/lib/libXtst.so.6.1.0
7f3e837c9000-7f3e837ca000 r-xp 00005000 08:13 2806834                    /usr/lib/libXtst.so.6.1.0
7f3e837ca000-7f3e837cb000 rwxp 00006000 08:13 2806834                    /usr/lib/libXtst.so.6.1.0
7f3e837cb000-7f3e838cd000 r-xp 00000000 08:13 2805388                    /usr/lib/libX11.so.6.2.0
7f3e838cd000-7f3e83acd000 ---p 00102000 08:13 2805388                    /usr/lib/libX11.so.6.2.0
7f3e83acd000-7f3e83ace000 r-xp 00102000 08:13 2805388                    /usr/lib/libX11.so.6.2.0
7f3e83ace000-7f3e83ad2000 rwxp 00103000 08:13 2805388                    /usr/lib/libX11.so.6.2.0
7f3e83ad2000-7f3e83ae3000 r-xp 00000000 08:13 2805394                    /usr/lib/libXext.so.6.4.0
7f3e83ae3000-7f3e83ce2000 ---p 00011000 08:13 2805394                    /usr/lib/libXext.so.6.4.0
7f3e83ce2000-7f3e83ce3000 r-xp 00010000 08:13 2805394                    /usr/lib/libXext.so.6.4.0
7f3e83ce3000-7f3e83ce4000 rwxp 00011000 08:13 2805394                    /usr/lib/libXext.so.6.4.0
7f3e83ce4000-7f3e83d25000 r-xp 00000000 08:13 3163194                    /usr/lib/jvm/java-6-sun-1.6.0.13/jre/lib/amd64/xawt/libmawt.so
7f3e83d25000-7f3e83e24000 ---p 00041000 08:13 3163194                    /usr/lib/jvm/java-6-sun-1.6.0.13/jre/lib/amd64/xawt/libmawt.so
7f3e83e24000-7f3e83e30000 rwxp 00040000 08:13 3163194                    /usr/lib/jvm/java-6-sun-1.6.0.13/jre/lib/amd64/xawt/libmawt.so
7f3e83e30000-7f3e83e31000 rwxp 7f3e83e30000 00:00 0 
7f3e83e31000-7f3e83ec3000 r-xp 00000000 08:13 3163239                    /usr/lib/jvm/java-6-sun-1.6.0.13/jre/lib/amd64/libawt.so
7f3e83ec3000-7f3e83fc2000 ---p 00092000 08:13 3163239                    /usr/lib/jvm/java-6-sun-1.6.0.13/jre/lib/amd64/libawt.so
7f3e83fc2000-7f3e83fdb000 rwxp 00091000 08:13 3163239                    /usr/lib/jvm/java-6-sun-1.6.0.13/jre/lib/amd64/libawt.so
7f3e83fdb000-7f3e84000000 rwxp 7f3e83fdb000 00:00 0 
7f3e84000000-7f3e847c0000 rwxp 7f3e84000000 00:00 0 
7f3e847c0000-7f3e88000000 ---p 7f3e847c0000 00:00 0 
7f3e88001000-7f3e8800c000 r-xs 00000000 08:13 3197435                    /var/cache/fontconfig/e3de0de479f42330eadf588a55fb5bf4-x86-64.cache-2
7f3e8800c000-7f3e8801b000 r-xs 00000000 08:13 3197434                    /var/cache/fontconfig/0f34bcd4b6ee430af32735b75db7f02b-x86-64.cache-2
7f3e8801b000-7f3e88024000 r-xs 00000000 08:13 3197417                    /var/cache/fontconfig/d52a8644073d54c13679302ca1180695-x86-64.cache-2
7f3e88024000-7f3e88030000 r-xs 00000000 08:13 3197416                    /var/cache/fontconfig/089dead882dea3570ffc31a9898cfb69-x86-64.cache-2
7f3e88030000-7f3e8803a000 r-xs 00000000 08:13 3195524                    /var/cache/fontconfig/e13b20fdb08344e0e664864cc2ede53d-x86-64.cache-2
7f3e8803a000-7f3e8803d000 ---p 7f3e8803a000 00:00 0 
7f3e8803d000-7f3e8813b000 rwxp 7f3e8803d000 00:00 0 
7f3e8813b000-7f3e88142000 r-xs 00059000 08:11 1172178                    /home/epsilon/文档/4_java/javaTools/apache-log4j-1.2.15/log4j-1.2.15.jar
7f3e88142000-7f3e8814a000 r-xs 0004b000 08:11 162661                     /home/epsilon/文档/4_java/javaTools/commons-math-1.2/commons-math-1.2.jar
7f3e8814a000-7f3e8814b000 ---p 7f3e8814a000 00:00 0 
7f3e8814b000-7f3e8824b000 rwxp 7f3e8814b000 00:00 0 
7f3e8824b000-7f3e8824e000 ---p 7f3e8824b000 00:00 0 
7f3e8824e000-7f3e8834c000 rwxp 7f3e8824e000 00:00 0 
7f3e8834c000-7f3e8834f000 ---p 7f3e8834c000 00:00 0 
7f3e8834f000-7f3e8844d000 rwxp 7f3e8834f000 00:00 0 
7f3e8844d000-7f3e88450000 ---p 7f3e8844d000 00:00 0 
7f3e88450000-7f3e8854e000 rwxp 7f3e88450000 00:00 0 
7f3e8854e000-7f3e88551000 ---p 7f3e8854e000 00:00 0 
7f3e88551000-7f3e8864f000 rwxp 7f3e88551000 00:00 0 
7f3e8864f000-7f3e8868e000 r-xp 00000000 08:13 2827839                    /usr/lib/locale/zh_CN.utf8/LC_CTYPE
7f3e8868e000-7f3e88691000 ---p 7f3e8868e000 00:00 0 
7f3e88691000-7f3e8878f000 rwxp 7f3e88691000 00:00 0 
7f3e8878f000-7f3e88792000 ---p 7f3e8878f000 00:00 0 
7f3e88792000-7f3e88890000 rwxp 7f3e88792000 00:00 0 
7f3e88890000-7f3e88891000 ---p 7f3e88890000 00:00 0 
7f3e88891000-7f3e88a06000 rwxp 7f3e88891000 00:00 0 
7f3e88a06000-7f3e88b98000 r-xs 02f34000 08:13 2942580                    /usr/lib/jvm/java-6-sun-1.6.0.13/jre/lib/rt.jar
7f3e88b98000-7f3e88bc0000 rwxp 7f3e88b98000 00:00 0 
7f3e88bc0000-7f3e88bc1000 ---p 7f3e88bc0000 00:00 0 
7f3e88bc1000-7f3e88cc1000 rwxp 7f3e88bc1000 00:00 0 
7f3e88cc1000-7f3e88cc2000 ---p 7f3e88cc1000 00:00 0 
7f3e88cc2000-7f3e88dcd000 rwxp 7f3e88cc2000 00:00 0 
7f3e88dcd000-7f3e88dec000 rwxp 7f3e88dcd000 00:00 0 
7f3e88dec000-7f3e88e0a000 rwxp 7f3e88dec000 00:00 0 
7f3e88e0a000-7f3e88fc3000 rwxp 7f3e88e0a000 00:00 0 
7f3e88fc3000-7f3e88fce000 rwxp 7f3e88fc3000 00:00 0 
7f3e88fce000-7f3e88fed000 rwxp 7f3e88fce000 00:00 0 
7f3e88fed000-7f3e8900b000 rwxp 7f3e88fed000 00:00 0 
7f3e8900b000-7f3e891c3000 rwxp 7f3e8900b000 00:00 0 
7f3e891c3000-7f3e891d3000 rwxp 7f3e891c3000 00:00 0 
7f3e891d3000-7f3e892af000 rwxp 7f3e891d3000 00:00 0 
7f3e892af000-7f3e8a770000 rwxp 7f3e892af000 00:00 0 
7f3e8a770000-7f3e8e6b0000 rwxp 7f3e8a770000 00:00 0 
7f3e8e6b0000-7f3e92190000 rwxp 7f3e8e6b0000 00:00 0 
7f3e92190000-7f3ec9410000 rwxp 7f3e92190000 00:00 0 
7f3ec9410000-7f3ecb170000 rwxp 7f3ec9410000 00:00 0 
7f3ecb170000-7f3ee6ab0000 rwxp 7f3ecb170000 00:00 0 
7f3ee6ab1000-7f3ee6ab4000 r-xs 00000000 08:13 3197433                    /var/cache/fontconfig/ddd4086aec35a5275babba44bb759c3c-x86-64.cache-2
7f3ee6ab4000-7f3ee6d24000 rwxp 7f3ee6ab4000 00:00 0 
7f3ee6d24000-7f3ee9ab4000 rwxp 7f3ee6d24000 00:00 0 
7f3ee9ab4000-7f3ee9ac2000 r-xp 00000000 08:13 3163206                    /usr/lib/jvm/java-6-sun-1.6.0.13/jre/lib/amd64/libzip.so
7f3ee9ac2000-7f3ee9bc4000 ---p 0000e000 08:13 3163206                    /usr/lib/jvm/java-6-sun-1.6.0.13/jre/lib/amd64/libzip.so
7f3ee9bc4000-7f3ee9bc7000 rwxp 00010000 08:13 3163206                    /usr/lib/jvm/java-6-sun-1.6.0.13/jre/lib/amd64/libzip.so
7f3ee9bc7000-7f3ee9bc8000 rwxp 7f3ee9bc7000 00:00 0 
7f3ee9bc8000-7f3ee9bf1000 r-xp 00000000 08:13 3163219                    /usr/lib/jvm/java-6-sun-1.6.0.13/jre/lib/amd64/libjava.so
7f3ee9bf1000-7f3ee9cf0000 ---p 00029000 08:13 3163219                    /usr/lib/jvm/java-6-sun-1.6.0.13/jre/lib/amd64/libjava.so
7f3ee9cf0000-7f3ee9cf7000 rwxp 00028000 08:13 3163219                    /usr/lib/jvm/java-6-sun-1.6.0.13/jre/lib/amd64/libjava.so
7f3ee9cf7000-7f3ee9d04000 r-xp 00000000 08:13 3163201                    /usr/lib/jvm/java-6-sun-1.6.0.13/jre/lib/amd64/libverify.so
7f3ee9d04000-7f3ee9e03000 ---p 0000d000 08:13 3163201                    /usr/lib/jvm/java-6-sun-1.6.0.13/jre/lib/amd64/libverify.so
7f3ee9e03000-7f3ee9e06000 rwxp 0000c000 08:13 3163201                    /usr/lib/jvm/java-6-sun-1.6.0.13/jre/lib/amd64/libverify.so
7f3ee9e06000-7f3ee9e12000 r-xp 00000000 08:13 213021                     /lib/libnss_files-2.9.so
7f3ee9e12000-7f3eea011000 ---p 0000c000 08:13 213021                     /lib/libnss_files-2.9.so
7f3eea011000-7f3eea012000 r-xp 0000b000 08:13 213021                     /lib/libnss_files-2.9.so
7f3eea012000-7f3eea013000 rwxp 0000c000 08:13 213021                     /lib/libnss_files-2.9.so
7f3eea013000-7f3eea01d000 r-xp 00000000 08:13 213023                     /lib/libnss_nis-2.9.so
7f3eea01d000-7f3eea21c000 ---p 0000a000 08:13 213023                     /lib/libnss_nis-2.9.so
7f3eea21c000-7f3eea21d000 r-xp 00009000 08:13 213023                     /lib/libnss_nis-2.9.so
7f3eea21d000-7f3eea21e000 rwxp 0000a000 08:13 213023                     /lib/libnss_nis-2.9.so
7f3eea21e000-7f3eea226000 r-xp 00000000 08:13 213019                     /lib/libnss_compat-2.9.so
7f3eea226000-7f3eea425000 ---p 00008000 08:13 213019                     /lib/libnss_compat-2.9.so
7f3eea425000-7f3eea426000 r-xp 00007000 08:13 213019                     /lib/libnss_compat-2.9.so
7f3eea426000-7f3eea427000 rwxp 00008000 08:13 213019                     /lib/libnss_compat-2.9.so
7f3eea427000-7f3eea43d000 r-xp 00000000 08:13 213018                     /lib/libnsl-2.9.so
7f3eea43d000-7f3eea63d000 ---p 00016000 08:13 213018                     /lib/libnsl-2.9.so
7f3eea63d000-7f3eea63e000 r-xp 00016000 08:13 213018                     /lib/libnsl-2.9.so
7f3eea63e000-7f3eea63f000 rwxp 00017000 08:13 213018                     /lib/libnsl-2.9.so
7f3eea63f000-7f3eea641000 rwxp 7f3eea63f000 00:00 0 
7f3eea641000-7f3eea648000 r-xp 00000000 08:13 3163208                    /usr/lib/jvm/java-6-sun-1.6.0.13/jre/lib/amd64/native_threads/libhpi.so
7f3eea648000-7f3eea749000 ---p 00007000 08:13 3163208                    /usr/lib/jvm/java-6-sun-1.6.0.13/jre/lib/amd64/native_threads/libhpi.so
7f3eea749000-7f3eea74b000 rwxp 00008000 08:13 3163208                    /usr/lib/jvm/java-6-sun-1.6.0.13/jre/lib/amd64/native_threads/libhpi.so
7f3eea74b000-7f3eea74c000 rwxp 7f3eea74b000 00:00 0 
7f3eea74c000-7f3eea753000 r-xp 00000000 08:13 213028                     /lib/librt-2.9.so
7f3eea753000-7f3eea952000 ---p 00007000 08:13 213028                     /lib/librt-2.9.so
7f3eea952000-7f3eea953000 r-xp 00006000 08:13 213028                     /lib/librt-2.9.so
7f3eea953000-7f3eea954000 rwxp 00007000 08:13 213028                     /lib/librt-2.9.so
7f3eea954000-7f3eea957000 ---p 7f3eea954000 00:00 0 
7f3eea957000-7f3eeaa55000 rwxp 7f3eea957000 00:00 0 
7f3eeaa55000-7f3eeaad9000 r-xp 00000000 08:13 213016                     /lib/libm-2.9.so
7f3eeaad9000-7f3eeacd8000 ---p 00084000 08:13 213016                     /lib/libm-2.9.so
7f3eeacd8000-7f3eeacd9000 r-xp 00083000 08:13 213016                     /lib/libm-2.9.so
7f3eeacd9000-7f3eeacda000 rwxp 00084000 08:13 213016                     /lib/libm-2.9.so
7f3eeacda000-7f3eeb367000 r-xp 00000000 08:13 3163226                    /usr/lib/jvm/java-6-sun-1.6.0.13/jre/lib/amd64/server/libjvm.so
7f3eeb367000-7f3eeb466000 ---p 0068d000 08:13 3163226                    /usr/lib/jvm/java-6-sun-1.6.0.13/jre/lib/amd64/server/libjvm.so
7f3eeb466000-7f3eeb5b7000 rwxp 0068c000 08:13 3163226                    /usr/lib/jvm/java-6-sun-1.6.0.13/jre/lib/amd64/server/libjvm.so
7f3eeb5b7000-7f3eeb5f4000 rwxp 7f3eeb5b7000 00:00 0 
7f3eeb5f4000-7f3eeb75c000 r-xp 00000000 08:13 213012                     /lib/libc-2.9.so
7f3eeb75c000-7f3eeb95c000 ---p 00168000 08:13 213012                     /lib/libc-2.9.so
7f3eeb95c000-7f3eeb960000 r-xp 00168000 08:13 213012                     /lib/libc-2.9.so
7f3eeb960000-7f3eeb961000 rwxp 0016c000 08:13 213012                     /lib/libc-2.9.so
7f3eeb961000-7f3eeb966000 rwxp 7f3eeb961000 00:00 0 
7f3eeb966000-7f3eeb968000 r-xp 00000000 08:13 213015                     /lib/libdl-2.9.so
7f3eeb968000-7f3eebb68000 ---p 00002000 08:13 213015                     /lib/libdl-2.9.so
7f3eebb68000-7f3eebb69000 r-xp 00002000 08:13 213015                     /lib/libdl-2.9.so
7f3eebb69000-7f3eebb6a000 rwxp 00003000 08:13 213015                     /lib/libdl-2.9.so
7f3eebb6a000-7f3eebb81000 r-xp 00000000 08:13 213026                     /lib/libpthread-2.9.so
7f3eebb81000-7f3eebd80000 ---p 00017000 08:13 213026                     /lib/libpthread-2.9.so
7f3eebd80000-7f3eebd81000 r-xp 00016000 08:13 213026                     /lib/libpthread-2.9.so
7f3eebd81000-7f3eebd82000 rwxp 00017000 08:13 213026                     /lib/libpthread-2.9.so
7f3eebd82000-7f3eebd86000 rwxp 7f3eebd82000 00:00 0 
7f3eebd86000-7f3eebda6000 r-xp 00000000 08:13 213006                     /lib/ld-2.9.so
7f3eebda8000-7f3eebdac000 r-xs 00000000 08:13 3197398                    /var/cache/fontconfig/cabbd14511b9e8a55e92af97fb3a0461-x86-64.cache-2
7f3eebdac000-7f3eebdba000 r-xs 000ba000 08:11 422677                     /home/epsilon/文档/4_java/javaTools/mtj.jar
7f3eebdba000-7f3eebdc4000 rwxp 7f3eebdba000 00:00 0 
7f3eebdc4000-7f3eebe7a000 rwxp 7f3eebdc4000 00:00 0 
7f3eebe7a000-7f3eebe7c000 rwxp 7f3eebe7a000 00:00 0 
7f3eebe7c000-7f3eebe83000 r-xp 00000000 08:13 3163192                    /usr/lib/jvm/java-6-sun-1.6.0.13/jre/lib/amd64/jli/libjli.so
7f3eebe83000-7f3eebf84000 ---p 00007000 08:13 3163192                    /usr/lib/jvm/java-6-sun-1.6.0.13/jre/lib/amd64/jli/libjli.so
7f3eebf84000-7f3eebf86000 rwxp 00008000 08:13 3163192                    /usr/lib/jvm/java-6-sun-1.6.0.13/jre/lib/amd64/jli/libjli.so
7f3eebf86000-7f3eebf87000 rwxp 7f3eebf86000 00:00 0 
7f3eebf88000-7f3eebf89000 r-xs 00000000 08:13 3197445                    /var/cache/fontconfig/4c73fe0c47614734b17d736dbde7580a-x86-64.cache-2
7f3eebf89000-7f3eebf8a000 r-xs 00000000 08:13 3197424                    /var/cache/fontconfig/4794a0821666d79190d59a36cb4f44b5-x86-64.cache-2
7f3eebf8a000-7f3eebf8d000 r-xs 00000000 08:13 3196574                    /var/cache/fontconfig/7ef2298fde41cc6eeb7af42e48b7d293-x86-64.cache-2
7f3eebf8d000-7f3eebf91000 r-xs 00042000 08:11 181746                     /home/epsilon/NetBeansProjects/EpsilonUtils/trunk/dist/EpsilonYUtil.jar
7f3eebf91000-7f3eebf98000 r-xs 00000000 08:13 2803699                    /usr/lib/gconv/gconv-modules.cache
7f3eebf98000-7f3eebfa0000 rwxs 00000000 08:13 377149                     /tmp/hsperfdata_epsilon/19391
7f3eebfa0000-7f3eebfa1000 rwxp 7f3eebfa0000 00:00 0 
7f3eebfa1000-7f3eebfa2000 r-xp 7f3eebfa1000 00:00 0 
7f3eebfa2000-7f3eebfa5000 rwxp 7f3eebfa2000 00:00 0 
7f3eebfa5000-7f3eebfa6000 r-xp 0001f000 08:13 213006                     /lib/ld-2.9.so
7f3eebfa6000-7f3eebfa7000 rwxp 00020000 08:13 213006                     /lib/ld-2.9.so
7ffff3f92000-7ffff3fa7000 rwxp 7ffffffea000 00:00 0                      [stack]
7ffff3fff000-7ffff4000000 r-xp 7ffff3fff000 00:00 0                      [vdso]
ffffffffff600000-ffffffffff601000 r-xp 00000000 00:00 0                  [vsyscall]

VM Arguments:
jvm_args: -Dawt.useSystemAAFontSettings=on 
java_command: net.epsilony.simpmeshfree.model.ModelTestFrame
Launcher Type: SUN_STANDARD

Environment Variables:
_JAVA_OPTIONS=-Dawt.useSystemAAFontSettings=on
PATH=/usr/local/sbin:/usr/local/bin:/usr/sbin:/usr/bin:/sbin:/bin:/usr/games
USERNAME=epsilon
LD_LIBRARY_PATH=/usr/lib/jvm/java-6-sun-1.6.0.13/jre/lib/amd64/server:/usr/lib/jvm/java-6-sun-1.6.0.13/jre/lib/amd64:/usr/lib/jvm/java-6-sun-1.6.0.13/jre/../lib/amd64
SHELL=/bin/bash
DISPLAY=:0.0

Signal Handlers:
SIGSEGV: [libjvm.so+0x5fcd20], sa_mask[0]=0x7ffbfeff, sa_flags=0x10000004
SIGBUS: [libjvm.so+0x5fcd20], sa_mask[0]=0x7ffbfeff, sa_flags=0x10000004
SIGFPE: [libjvm.so+0x4e0eb0], sa_mask[0]=0x7ffbfeff, sa_flags=0x10000004
SIGPIPE: [libjvm.so+0x4e0eb0], sa_mask[0]=0x7ffbfeff, sa_flags=0x10000004
SIGXFSZ: [libjvm.so+0x4e0eb0], sa_mask[0]=0x7ffbfeff, sa_flags=0x10000004
SIGILL: [libjvm.so+0x4e0eb0], sa_mask[0]=0x7ffbfeff, sa_flags=0x10000004
SIGUSR1: SIG_DFL, sa_mask[0]=0x00000000, sa_flags=0x00000000
SIGUSR2: [libjvm.so+0x4e35d0], sa_mask[0]=0x00000004, sa_flags=0x10000004
SIGHUP: [libjvm.so+0x4e3320], sa_mask[0]=0x7ffbfeff, sa_flags=0x10000004
SIGINT: SIG_IGN, sa_mask[0]=0x00000000, sa_flags=0x00000000
SIGTERM: [libjvm.so+0x4e3320], sa_mask[0]=0x7ffbfeff, sa_flags=0x10000004
SIGQUIT: [libjvm.so+0x4e3320], sa_mask[0]=0x7ffbfeff, sa_flags=0x10000004


---------------  S Y S T E M  ---------------

OS:5.0

uname:Linux 2.6.28-12-generic #43-Ubuntu SMP Fri May 1 19:31:32 UTC 2009 x86_64
libc:glibc 2.9 NPTL 2.9 
rlimit: STACK 8192k, CORE 0k, NPROC infinity, NOFILE 1024, AS infinity
load average:0.65 0.30 0.20

CPU:total 2 (2 cores per cpu, 1 threads per core) family 16 model 2 stepping 3, cmov, cx8, fxsr, mmx, sse, sse2, sse3, mmxext, 3dnow, 3dnowext, sse4a

Memory: 4k page, physical 5780180k(2573392k free), swap 3903752k(3851992k free)

vm_info: Java HotSpot(TM) 64-Bit Server VM (11.3-b02) for linux-amd64 JRE (1.6.0_13-b03), built on Mar  9 2009 11:08:22 by "java_re" with gcc 3.2.2 (SuSE Linux)

time: Mon May 18 22:19:09 2009
elapsed time: 0 seconds

