#
# An unexpected error has been detected by Java Runtime Environment:
#
#  SIGSEGV (0xb) at pc=0x00007f2fd217f392, pid=25225, tid=139843370269008
#
# Java VM: Java HotSpot(TM) 64-Bit Server VM (11.3-b02 mixed mode linux-amd64)
# Problematic frame:
# C  [TriangleJniAmd64.so+0x1b392]  insertsegment+0x92
#
# If you would like to submit a bug report, please visit:
#   http://java.sun.com/webapps/bugreport/crash.jsp
# The crash happened outside the Java Virtual Machine in native code.
# See problematic frame for where to report the bug.
#

---------------  T H R E A D  ---------------

Current thread (0x00007f2fcc001800):  JavaThread "AWT-EventQueue-0" [_thread_in_native, id=25241, stack(0x00007f2fd258b000,0x00007f2fd268c000)]

siginfo:si_signo=SIGSEGV: si_errno=0, si_code=1 (SEGV_MAPERR), si_addr=0x000000000000b190

Registers:
RAX=0x0000000000000001, RBX=0x0000000041650310, RCX=0x000000000000b170, RDX=0x00007f2fd2388458
RSP=0x00007f2fd2675d90, RBP=0x00007f2fd2675eb0, RSI=0x00007f2fd268a290, RDI=0x00007f2fd2675eb0
R8 =0x0000000000000003, R9 =0x0000000000000001, R10=0x0000000000008020, R11=0x0000000000000003
R12=0x0000000041650330, R13=0x00007f2fd268a290, R14=0x0000000000000003, R15=0x00007f2fd2675eb0
RIP=0x00007f2fd217f392, EFL=0x0000000000010202, CSGSFS=0x0000000000000033, ERR=0x0000000000000004
  TRAPNO=0x000000000000000e

Top of Stack: (sp=0x00007f2fd2675d90)
0x00007f2fd2675d90:   00007f2fd2164ec8 00007f2fd268a290
0x00007f2fd2675da0:   0000000000000002 00007f3038150592
0x00007f2fd2675db0:   000000000000b170 0000000000000000
0x00007f2fd2675dc0:   0000000041648310 00007f2fd268a290
0x00007f2fd2675dd0:   0000000000000402 00000000414a8490
0x00007f2fd2675de0:   0000000000000400 0000000041576050
0x00007f2fd2675df0:   00007f2fd2675eb0 00007f2fd217f815
0x00007f2fd2675e00:   00007f2fd2675e20 0000000041575050
0x00007f2fd2675e10:   0000000041650310 0000000338150592
0x00007f2fd2675e20:   0000007475706e69 0000000041575050
0x00007f2fd2675e30:   00000000414a6490 000000004129d750
0x00007f2fd2675e40:   000000004133ed30 0000000000000000
0x00007f2fd2675e50:   00007f2fd268a290 00007f2fd2675eb0
0x00007f2fd2675e60:   00007f2fd268a3b0 00007f2fd2183539
0x00007f2fd2675e70:   0000000000000000 0000000000000000
0x00007f2fd2675e80:   0000000000000000 0000000000000000
0x00007f2fd2675e90:   0000000000000000 0000000000000000
0x00007f2fd2675ea0:   0000000000000000 000000004129d820
0x00007f2fd2675eb0:   00007f2fd274a010 00007f2fd274a010
0x00007f2fd2675ec0:   00007f2fd2776f90 00007f2fd274f948
0x00007f2fd2675ed0:   00007f2fd274a010 00007f2fd2776f90
0x00007f2fd2675ee0:   0000004800000008 00000ffc00000ffc
0x00007f2fd2675ef0:   00000000000004fe 00000000000009fe
0x00007f2fd2675f00:   000005fe000005fe 00000000415ad070
0x00007f2fd2675f10:   0000000041625120 0000000041625370
0x00007f2fd2675f20:   0000000000000000 0000000000000000
0x00007f2fd2675f30:   0000000000000000 0000004800000008
0x00007f2fd2675f40:   000001fc000001fc 0000000000000400
0x00007f2fd2675f50:   0000000000000400 00000000000001f4
0x00007f2fd2675f60:   0000000041648300 0000000041648300
0x00007f2fd2675f70:   0000000041654b10 0000000000000000
0x00007f2fd2675f80:   0000000041648300 0000000041654b10 

Instructions: (pc=0x00007f2fd217f392)
0x00007f2fd217f382:   24 28 48 98 48 31 c1 48 63 04 82 48 89 4c 24 20
0x00007f2fd217f392:   48 8b 44 c1 18 48 39 d8 4c 8d 7c 24 20 74 39 48 

Stack: [0x00007f2fd258b000,0x00007f2fd268c000],  sp=0x00007f2fd2675d90,  free space=939k
Native frames: (J=compiled Java code, j=interpreted, Vv=VM code, C=native code)
C  [TriangleJniAmd64.so+0x1b392]  insertsegment+0x92

Java frames: (J=compiled Java code, j=interpreted, Vv=VM code)
j  net.epsilony.simpmeshfree.model.geometry.TriangleJni.triangleFun()V+0
j  net.epsilony.simpmeshfree.model.geometry.TriangleJni.complie(Lnet/epsilony/simpmeshfree/model/geometry/GeometryModel;Ljava/lang/String;)V+78
j  net.epsilony.simpmeshfree.model.mechanics.MechanicsModel.generateNodesByTriangle(DDLjava/lang/String;ZZ)V+110
j  net.epsilony.simpmeshfree.model.ModelTestFrame.<init>()V+477
j  net.epsilony.simpmeshfree.model.ModelTestFrame$1.run()V+4
j  java.awt.event.InvocationEvent.dispatch()V+47
j  java.awt.EventQueue.dispatchEvent(Ljava/awt/AWTEvent;)V+26
j  java.awt.EventDispatchThread.pumpOneEventForFilters(I)Z+204
j  java.awt.EventDispatchThread.pumpEventsForFilter(ILjava/awt/Conditional;Ljava/awt/EventFilter;)V+30
j  java.awt.EventDispatchThread.pumpEventsForHierarchy(ILjava/awt/Conditional;Ljava/awt/Component;)V+11
j  java.awt.EventDispatchThread.pumpEvents(ILjava/awt/Conditional;)V+4
j  java.awt.EventDispatchThread.pumpEvents(Ljava/awt/Conditional;)V+3
j  java.awt.EventDispatchThread.run()V+9
v  ~StubRoutines::call_stub

---------------  P R O C E S S  ---------------

Java Threads: ( => current thread )
  0x00000000415c7000 JavaThread "Thread-3" [_thread_blocked, id=25243, stack(0x00007f2fd2389000,0x00007f2fd248a000)]
  0x00000000414b1000 JavaThread "Thread-2" [_thread_blocked, id=25242, stack(0x00007f2fd248a000,0x00007f2fd258b000)]
  0x00007f2fcc003000 JavaThread "DestroyJavaVM" [_thread_blocked, id=25226, stack(0x00007f3036d09000,0x00007f3036e0a000)]
=>0x00007f2fcc001800 JavaThread "AWT-EventQueue-0" [_thread_in_native, id=25241, stack(0x00007f2fd258b000,0x00007f2fd268c000)]
  0x0000000041422000 JavaThread "AWT-Shutdown" [_thread_blocked, id=25240, stack(0x00007f2fd2792000,0x00007f2fd2893000)]
  0x00000000414d2400 JavaThread "AWT-XAWT" daemon [_thread_in_native, id=25239, stack(0x00007f2fd2893000,0x00007f2fd2994000)]
  0x0000000041324c00 JavaThread "Java2D Disposer" daemon [_thread_blocked, id=25238, stack(0x00007f2fd2fc8000,0x00007f2fd30c9000)]
  0x0000000041189800 JavaThread "Low Memory Detector" daemon [_thread_blocked, id=25235, stack(0x00007f2fd45fb000,0x00007f2fd46fc000)]
  0x0000000041186c00 JavaThread "CompilerThread1" daemon [_thread_blocked, id=25234, stack(0x00007f2fd46fc000,0x00007f2fd47fd000)]
  0x0000000041183000 JavaThread "CompilerThread0" daemon [_thread_blocked, id=25233, stack(0x00007f2fd47fd000,0x00007f2fd48fe000)]
  0x0000000041181000 JavaThread "Signal Dispatcher" daemon [_thread_blocked, id=25232, stack(0x00007f2fd48fe000,0x00007f2fd49ff000)]
  0x000000004115f800 JavaThread "Finalizer" daemon [_thread_blocked, id=25231, stack(0x00007f2fd4a3e000,0x00007f2fd4b3f000)]
  0x0000000041158800 JavaThread "Reference Handler" daemon [_thread_blocked, id=25230, stack(0x00007f2fd4b3f000,0x00007f2fd4c40000)]

Other Threads:
  0x0000000041153000 VMThread [stack: 0x00007f2fd4c40000,0x00007f2fd4d41000] [id=25229]
  0x000000004118bc00 WatcherThread [stack: 0x00007f2fd44fa000,0x00007f2fd45fb000] [id=25236]

VM state:not at safepoint (normal execution)

VM Mutex/Monitor currently owned by a thread: None

Heap
 PSYoungGen      total 26368K, used 19477K [0x00007f30157c0000, 0x00007f3017520000, 0x00007f3032e60000)
  eden space 22656K, 85% used [0x00007f30157c0000,0x00007f3016ac5630,0x00007f3016de0000)
  from space 3712K, 0% used [0x00007f3017180000,0x00007f3017180000,0x00007f3017520000)
  to   space 3712K, 0% used [0x00007f3016de0000,0x00007f3016de0000,0x00007f3017180000)
 PSOldGen        total 60288K, used 0K [0x00007f2fdaa60000, 0x00007f2fde540000, 0x00007f30157c0000)
  object space 60288K, 0% used [0x00007f2fdaa60000,0x00007f2fdaa60000,0x00007f2fde540000)
 PSPermGen       total 21248K, used 9923K [0x00007f2fd5660000, 0x00007f2fd6b20000, 0x00007f2fdaa60000)
  object space 21248K, 46% used [0x00007f2fd5660000,0x00007f2fd6010db8,0x00007f2fd6b20000)

Dynamic libraries:
40000000-40009000 r-xp 00000000 08:13 3163089                            /usr/lib/jvm/java-6-sun-1.6.0.13/jre/bin/java
40108000-4010a000 rwxp 00008000 08:13 3163089                            /usr/lib/jvm/java-6-sun-1.6.0.13/jre/bin/java
410ca000-41669000 rwxp 410ca000 00:00 0                                  [heap]
7f2fcc000000-7f2fcc021000 rwxp 7f2fcc000000 00:00 0 
7f2fcc021000-7f2fd0000000 ---p 7f2fcc021000 00:00 0 
7f2fd1c3f000-7f2fd1c55000 r-xp 00000000 08:13 213005                     /lib/libgcc_s.so.1
7f2fd1c55000-7f2fd1e55000 ---p 00016000 08:13 213005                     /lib/libgcc_s.so.1
7f2fd1e55000-7f2fd1e56000 r-xp 00016000 08:13 213005                     /lib/libgcc_s.so.1
7f2fd1e56000-7f2fd1e57000 rwxp 00017000 08:13 213005                     /lib/libgcc_s.so.1
7f2fd1e57000-7f2fd1f48000 r-xp 00000000 08:13 2802601                    /usr/lib/libstdc++.so.6.0.10
7f2fd1f48000-7f2fd2148000 ---p 000f1000 08:13 2802601                    /usr/lib/libstdc++.so.6.0.10
7f2fd2148000-7f2fd214f000 r-xp 000f1000 08:13 2802601                    /usr/lib/libstdc++.so.6.0.10
7f2fd214f000-7f2fd2151000 rwxp 000f8000 08:13 2802601                    /usr/lib/libstdc++.so.6.0.10
7f2fd2151000-7f2fd2164000 rwxp 7f2fd2151000 00:00 0 
7f2fd2164000-7f2fd2188000 r-xp 00000000 08:13 1942103                    /usr/lib/TriangleJniAmd64.so
7f2fd2188000-7f2fd2387000 ---p 00024000 08:13 1942103                    /usr/lib/TriangleJniAmd64.so
7f2fd2387000-7f2fd2388000 r-xp 00023000 08:13 1942103                    /usr/lib/TriangleJniAmd64.so
7f2fd2388000-7f2fd2389000 rwxp 00024000 08:13 1942103                    /usr/lib/TriangleJniAmd64.so
7f2fd2389000-7f2fd238c000 ---p 7f2fd2389000 00:00 0 
7f2fd238c000-7f2fd248a000 rwxp 7f2fd238c000 00:00 0 
7f2fd248a000-7f2fd248d000 ---p 7f2fd248a000 00:00 0 
7f2fd248d000-7f2fd258b000 rwxp 7f2fd248d000 00:00 0 
7f2fd258b000-7f2fd258e000 ---p 7f2fd258b000 00:00 0 
7f2fd258e000-7f2fd268c000 rwxp 7f2fd258e000 00:00 0 
7f2fd268c000-7f2fd2695000 r-xs 00000000 08:13 3197464                    /var/cache/fontconfig/945677eb7aeaf62f1d50efc3fb3ec7d8-x86-64.cache-2
7f2fd2695000-7f2fd2697000 r-xs 00000000 08:13 3197468                    /var/cache/fontconfig/99e8ed0e538f840c565b6ed5dad60d56-x86-64.cache-2
7f2fd2697000-7f2fd269a000 r-xs 00000000 08:13 3197466                    /var/cache/fontconfig/e383d7ea5fbe662a33d9b44caf393297-x86-64.cache-2
7f2fd269a000-7f2fd269e000 r-xs 00000000 08:13 3197459                    /var/cache/fontconfig/6eb3985aa4124903f6ff08ba781cd364-x86-64.cache-2
7f2fd269e000-7f2fd26a2000 r-xs 00000000 08:13 3196573                    /var/cache/fontconfig/a755afe4a08bf5b97852ceb7400b47bc-x86-64.cache-2
7f2fd26a2000-7f2fd26ab000 r-xs 00000000 08:13 3197440                    /var/cache/fontconfig/6d41288fd70b0be22e8c3a91e032eec0-x86-64.cache-2
7f2fd26ab000-7f2fd26b6000 r-xs 00000000 08:13 3197435                    /var/cache/fontconfig/e3de0de479f42330eadf588a55fb5bf4-x86-64.cache-2
7f2fd26b6000-7f2fd26c5000 r-xs 00000000 08:13 3197434                    /var/cache/fontconfig/0f34bcd4b6ee430af32735b75db7f02b-x86-64.cache-2
7f2fd26c5000-7f2fd26ce000 r-xs 00000000 08:13 3197417                    /var/cache/fontconfig/d52a8644073d54c13679302ca1180695-x86-64.cache-2
7f2fd274a000-7f2fd2792000 rwxp 7f2fd274a000 00:00 0 
7f2fd2792000-7f2fd2795000 ---p 7f2fd2792000 00:00 0 
7f2fd2795000-7f2fd2893000 rwxp 7f2fd2795000 00:00 0 
7f2fd2893000-7f2fd2896000 ---p 7f2fd2893000 00:00 0 
7f2fd2896000-7f2fd2994000 rwxp 7f2fd2896000 00:00 0 
7f2fd2994000-7f2fd2999000 r-xp 00000000 08:13 2805390                    /usr/lib/libXfixes.so.3.1.0
7f2fd2999000-7f2fd2b98000 ---p 00005000 08:13 2805390                    /usr/lib/libXfixes.so.3.1.0
7f2fd2b98000-7f2fd2b99000 rwxp 00004000 08:13 2805390                    /usr/lib/libXfixes.so.3.1.0
7f2fd2b99000-7f2fd2ba2000 r-xp 00000000 08:13 2805803                    /usr/lib/libXrender.so.1.3.0
7f2fd2ba2000-7f2fd2da1000 ---p 00009000 08:13 2805803                    /usr/lib/libXrender.so.1.3.0
7f2fd2da1000-7f2fd2da2000 r-xp 00008000 08:13 2805803                    /usr/lib/libXrender.so.1.3.0
7f2fd2da2000-7f2fd2da3000 rwxp 00009000 08:13 2805803                    /usr/lib/libXrender.so.1.3.0
7f2fd2da3000-7f2fd2dac000 r-xp 00000000 08:13 2805843                    /usr/lib/libXcursor.so.1.0.2
7f2fd2dac000-7f2fd2fac000 ---p 00009000 08:13 2805843                    /usr/lib/libXcursor.so.1.0.2
7f2fd2fac000-7f2fd2fad000 rwxp 00009000 08:13 2805843                    /usr/lib/libXcursor.so.1.0.2
7f2fd2fc5000-7f2fd2fc8000 r-xs 000cb000 08:13 3162696                    /usr/lib/jvm/java-6-sun-1.6.0.13/jre/lib/ext/localedata.jar
7f2fd2fc8000-7f2fd2fcb000 ---p 7f2fd2fc8000 00:00 0 
7f2fd2fcb000-7f2fd30c9000 rwxp 7f2fd2fcb000 00:00 0 
7f2fd30c9000-7f2fd3147000 r-xp 00000000 08:13 3163204                    /usr/lib/jvm/java-6-sun-1.6.0.13/jre/lib/amd64/libfontmanager.so
7f2fd3147000-7f2fd3246000 ---p 0007e000 08:13 3163204                    /usr/lib/jvm/java-6-sun-1.6.0.13/jre/lib/amd64/libfontmanager.so
7f2fd3246000-7f2fd325c000 rwxp 0007d000 08:13 3163204                    /usr/lib/jvm/java-6-sun-1.6.0.13/jre/lib/amd64/libfontmanager.so
7f2fd325c000-7f2fd326d000 rwxp 7f2fd325c000 00:00 0 
7f2fd326d000-7f2fd3272000 r-xp 00000000 08:13 2805384                    /usr/lib/libXdmcp.so.6.0.0
7f2fd3272000-7f2fd3471000 ---p 00005000 08:13 2805384                    /usr/lib/libXdmcp.so.6.0.0
7f2fd3471000-7f2fd3472000 rwxp 00004000 08:13 2805384                    /usr/lib/libXdmcp.so.6.0.0
7f2fd3472000-7f2fd348d000 r-xp 00000000 08:13 2805386                    /usr/lib/libxcb.so.1.1.0
7f2fd348d000-7f2fd368c000 ---p 0001b000 08:13 2805386                    /usr/lib/libxcb.so.1.1.0
7f2fd368c000-7f2fd368d000 r-xp 0001a000 08:13 2805386                    /usr/lib/libxcb.so.1.1.0
7f2fd368d000-7f2fd368e000 rwxp 0001b000 08:13 2805386                    /usr/lib/libxcb.so.1.1.0
7f2fd368e000-7f2fd3690000 r-xp 00000000 08:13 2805382                    /usr/lib/libXau.so.6.0.0
7f2fd3690000-7f2fd388f000 ---p 00002000 08:13 2805382                    /usr/lib/libXau.so.6.0.0
7f2fd388f000-7f2fd3890000 r-xp 00001000 08:13 2805382                    /usr/lib/libXau.so.6.0.0
7f2fd3890000-7f2fd3891000 rwxp 00002000 08:13 2805382                    /usr/lib/libXau.so.6.0.0
7f2fd3891000-7f2fd389a000 r-xp 00000000 08:13 2805586                    /usr/lib/libXi.so.6.0.0
7f2fd389a000-7f2fd3a9a000 ---p 00009000 08:13 2805586                    /usr/lib/libXi.so.6.0.0
7f2fd3a9a000-7f2fd3a9b000 r-xp 00009000 08:13 2805586                    /usr/lib/libXi.so.6.0.0
7f2fd3a9b000-7f2fd3a9c000 rwxp 0000a000 08:13 2805586                    /usr/lib/libXi.so.6.0.0
7f2fd3a9c000-7f2fd3aa1000 r-xp 00000000 08:13 2806834                    /usr/lib/libXtst.so.6.1.0
7f2fd3aa1000-7f2fd3ca1000 ---p 00005000 08:13 2806834                    /usr/lib/libXtst.so.6.1.0
7f2fd3ca1000-7f2fd3ca2000 r-xp 00005000 08:13 2806834                    /usr/lib/libXtst.so.6.1.0
7f2fd3ca2000-7f2fd3ca3000 rwxp 00006000 08:13 2806834                    /usr/lib/libXtst.so.6.1.0
7f2fd3ca3000-7f2fd3da5000 r-xp 00000000 08:13 2805388                    /usr/lib/libX11.so.6.2.0
7f2fd3da5000-7f2fd3fa5000 ---p 00102000 08:13 2805388                    /usr/lib/libX11.so.6.2.0
7f2fd3fa5000-7f2fd3fa6000 r-xp 00102000 08:13 2805388                    /usr/lib/libX11.so.6.2.0
7f2fd3fa6000-7f2fd3faa000 rwxp 00103000 08:13 2805388                    /usr/lib/libX11.so.6.2.0
7f2fd3faa000-7f2fd3fbb000 r-xp 00000000 08:13 2805394                    /usr/lib/libXext.so.6.4.0
7f2fd3fbb000-7f2fd41ba000 ---p 00011000 08:13 2805394                    /usr/lib/libXext.so.6.4.0
7f2fd41ba000-7f2fd41bb000 r-xp 00010000 08:13 2805394                    /usr/lib/libXext.so.6.4.0
7f2fd41bb000-7f2fd41bc000 rwxp 00011000 08:13 2805394                    /usr/lib/libXext.so.6.4.0
7f2fd41bd000-7f2fd41c9000 r-xs 00000000 08:13 3197416                    /var/cache/fontconfig/089dead882dea3570ffc31a9898cfb69-x86-64.cache-2
7f2fd41c9000-7f2fd41cd000 r-xs 00000000 08:13 3197398                    /var/cache/fontconfig/cabbd14511b9e8a55e92af97fb3a0461-x86-64.cache-2
7f2fd41cd000-7f2fd41d7000 r-xs 00000000 08:13 3195524                    /var/cache/fontconfig/e13b20fdb08344e0e664864cc2ede53d-x86-64.cache-2
7f2fd41d7000-7f2fd4218000 r-xp 00000000 08:13 3163194                    /usr/lib/jvm/java-6-sun-1.6.0.13/jre/lib/amd64/xawt/libmawt.so
7f2fd4218000-7f2fd4317000 ---p 00041000 08:13 3163194                    /usr/lib/jvm/java-6-sun-1.6.0.13/jre/lib/amd64/xawt/libmawt.so
7f2fd4317000-7f2fd4323000 rwxp 00040000 08:13 3163194                    /usr/lib/jvm/java-6-sun-1.6.0.13/jre/lib/amd64/xawt/libmawt.so
7f2fd4323000-7f2fd4324000 rwxp 7f2fd4323000 00:00 0 
7f2fd4324000-7f2fd43b6000 r-xp 00000000 08:13 3163239                    /usr/lib/jvm/java-6-sun-1.6.0.13/jre/lib/amd64/libawt.so
7f2fd43b6000-7f2fd44b5000 ---p 00092000 08:13 3163239                    /usr/lib/jvm/java-6-sun-1.6.0.13/jre/lib/amd64/libawt.so
7f2fd44b5000-7f2fd44ce000 rwxp 00091000 08:13 3163239                    /usr/lib/jvm/java-6-sun-1.6.0.13/jre/lib/amd64/libawt.so
7f2fd44ce000-7f2fd44f3000 rwxp 7f2fd44ce000 00:00 0 
7f2fd44f3000-7f2fd44fa000 r-xs 00059000 08:11 1172178                    /home/epsilon/文档/4_java/javaTools/apache-log4j-1.2.15/log4j-1.2.15.jar
7f2fd44fa000-7f2fd44fb000 ---p 7f2fd44fa000 00:00 0 
7f2fd44fb000-7f2fd45fb000 rwxp 7f2fd44fb000 00:00 0 
7f2fd45fb000-7f2fd45fe000 ---p 7f2fd45fb000 00:00 0 
7f2fd45fe000-7f2fd46fc000 rwxp 7f2fd45fe000 00:00 0 
7f2fd46fc000-7f2fd46ff000 ---p 7f2fd46fc000 00:00 0 
7f2fd46ff000-7f2fd47fd000 rwxp 7f2fd46ff000 00:00 0 
7f2fd47fd000-7f2fd4800000 ---p 7f2fd47fd000 00:00 0 
7f2fd4800000-7f2fd48fe000 rwxp 7f2fd4800000 00:00 0 
7f2fd48fe000-7f2fd4901000 ---p 7f2fd48fe000 00:00 0 
7f2fd4901000-7f2fd49ff000 rwxp 7f2fd4901000 00:00 0 
7f2fd49ff000-7f2fd4a3e000 r-xp 00000000 08:13 2827839                    /usr/lib/locale/zh_CN.utf8/LC_CTYPE
7f2fd4a3e000-7f2fd4a41000 ---p 7f2fd4a3e000 00:00 0 
7f2fd4a41000-7f2fd4b3f000 rwxp 7f2fd4a41000 00:00 0 
7f2fd4b3f000-7f2fd4b42000 ---p 7f2fd4b3f000 00:00 0 
7f2fd4b42000-7f2fd4c40000 rwxp 7f2fd4b42000 00:00 0 
7f2fd4c40000-7f2fd4c41000 ---p 7f2fd4c40000 00:00 0 
7f2fd4c41000-7f2fd4db6000 rwxp 7f2fd4c41000 00:00 0 
7f2fd4db6000-7f2fd4f48000 r-xs 02f34000 08:13 2942580                    /usr/lib/jvm/java-6-sun-1.6.0.13/jre/lib/rt.jar
7f2fd4f48000-7f2fd4f70000 rwxp 7f2fd4f48000 00:00 0 
7f2fd4f70000-7f2fd4f71000 ---p 7f2fd4f70000 00:00 0 
7f2fd4f71000-7f2fd5071000 rwxp 7f2fd4f71000 00:00 0 
7f2fd5071000-7f2fd5072000 ---p 7f2fd5071000 00:00 0 
7f2fd5072000-7f2fd517d000 rwxp 7f2fd5072000 00:00 0 
7f2fd517d000-7f2fd519c000 rwxp 7f2fd517d000 00:00 0 
7f2fd519c000-7f2fd51ba000 rwxp 7f2fd519c000 00:00 0 
7f2fd51ba000-7f2fd5373000 rwxp 7f2fd51ba000 00:00 0 
7f2fd5373000-7f2fd537e000 rwxp 7f2fd5373000 00:00 0 
7f2fd537e000-7f2fd539d000 rwxp 7f2fd537e000 00:00 0 
7f2fd539d000-7f2fd53bb000 rwxp 7f2fd539d000 00:00 0 
7f2fd53bb000-7f2fd5573000 rwxp 7f2fd53bb000 00:00 0 
7f2fd5573000-7f2fd5583000 rwxp 7f2fd5573000 00:00 0 
7f2fd5583000-7f2fd565f000 rwxp 7f2fd5583000 00:00 0 
7f2fd565f000-7f2fd6b20000 rwxp 7f2fd565f000 00:00 0 
7f2fd6b20000-7f2fdaa60000 rwxp 7f2fd6b20000 00:00 0 
7f2fdaa60000-7f2fde540000 rwxp 7f2fdaa60000 00:00 0 
7f2fde540000-7f30157c0000 rwxp 7f2fde540000 00:00 0 
7f30157c0000-7f3017520000 rwxp 7f30157c0000 00:00 0 
7f3017520000-7f3032e60000 rwxp 7f3017520000 00:00 0 
7f3032e61000-7f3032e69000 r-xs 0004b000 08:11 162661                     /home/epsilon/文档/4_java/javaTools/commons-math-1.2/commons-math-1.2.jar
7f3032e69000-7f30330d9000 rwxp 7f3032e69000 00:00 0 
7f30330d9000-7f3035e69000 rwxp 7f30330d9000 00:00 0 
7f3035e69000-7f3035e77000 r-xp 00000000 08:13 3163206                    /usr/lib/jvm/java-6-sun-1.6.0.13/jre/lib/amd64/libzip.so
7f3035e77000-7f3035f79000 ---p 0000e000 08:13 3163206                    /usr/lib/jvm/java-6-sun-1.6.0.13/jre/lib/amd64/libzip.so
7f3035f79000-7f3035f7c000 rwxp 00010000 08:13 3163206                    /usr/lib/jvm/java-6-sun-1.6.0.13/jre/lib/amd64/libzip.so
7f3035f7c000-7f3035f7d000 rwxp 7f3035f7c000 00:00 0 
7f3035f7d000-7f3035fa6000 r-xp 00000000 08:13 3163219                    /usr/lib/jvm/java-6-sun-1.6.0.13/jre/lib/amd64/libjava.so
7f3035fa6000-7f30360a5000 ---p 00029000 08:13 3163219                    /usr/lib/jvm/java-6-sun-1.6.0.13/jre/lib/amd64/libjava.so
7f30360a5000-7f30360ac000 rwxp 00028000 08:13 3163219                    /usr/lib/jvm/java-6-sun-1.6.0.13/jre/lib/amd64/libjava.so
7f30360ac000-7f30360b9000 r-xp 00000000 08:13 3163201                    /usr/lib/jvm/java-6-sun-1.6.0.13/jre/lib/amd64/libverify.so
7f30360b9000-7f30361b8000 ---p 0000d000 08:13 3163201                    /usr/lib/jvm/java-6-sun-1.6.0.13/jre/lib/amd64/libverify.so
7f30361b8000-7f30361bb000 rwxp 0000c000 08:13 3163201                    /usr/lib/jvm/java-6-sun-1.6.0.13/jre/lib/amd64/libverify.so
7f30361bb000-7f30361c7000 r-xp 00000000 08:13 213021                     /lib/libnss_files-2.9.so
7f30361c7000-7f30363c6000 ---p 0000c000 08:13 213021                     /lib/libnss_files-2.9.so
7f30363c6000-7f30363c7000 r-xp 0000b000 08:13 213021                     /lib/libnss_files-2.9.so
7f30363c7000-7f30363c8000 rwxp 0000c000 08:13 213021                     /lib/libnss_files-2.9.so
7f30363c8000-7f30363d2000 r-xp 00000000 08:13 213023                     /lib/libnss_nis-2.9.so
7f30363d2000-7f30365d1000 ---p 0000a000 08:13 213023                     /lib/libnss_nis-2.9.so
7f30365d1000-7f30365d2000 r-xp 00009000 08:13 213023                     /lib/libnss_nis-2.9.so
7f30365d2000-7f30365d3000 rwxp 0000a000 08:13 213023                     /lib/libnss_nis-2.9.so
7f30365d3000-7f30365db000 r-xp 00000000 08:13 213019                     /lib/libnss_compat-2.9.so
7f30365db000-7f30367da000 ---p 00008000 08:13 213019                     /lib/libnss_compat-2.9.so
7f30367da000-7f30367db000 r-xp 00007000 08:13 213019                     /lib/libnss_compat-2.9.so
7f30367db000-7f30367dc000 rwxp 00008000 08:13 213019                     /lib/libnss_compat-2.9.so
7f30367dc000-7f30367f2000 r-xp 00000000 08:13 213018                     /lib/libnsl-2.9.so
7f30367f2000-7f30369f2000 ---p 00016000 08:13 213018                     /lib/libnsl-2.9.so
7f30369f2000-7f30369f3000 r-xp 00016000 08:13 213018                     /lib/libnsl-2.9.so
7f30369f3000-7f30369f4000 rwxp 00017000 08:13 213018                     /lib/libnsl-2.9.so
7f30369f4000-7f30369f6000 rwxp 7f30369f4000 00:00 0 
7f30369f6000-7f30369fd000 r-xp 00000000 08:13 3163208                    /usr/lib/jvm/java-6-sun-1.6.0.13/jre/lib/amd64/native_threads/libhpi.so
7f30369fd000-7f3036afe000 ---p 00007000 08:13 3163208                    /usr/lib/jvm/java-6-sun-1.6.0.13/jre/lib/amd64/native_threads/libhpi.so
7f3036afe000-7f3036b00000 rwxp 00008000 08:13 3163208                    /usr/lib/jvm/java-6-sun-1.6.0.13/jre/lib/amd64/native_threads/libhpi.so
7f3036b00000-7f3036b01000 rwxp 7f3036b00000 00:00 0 
7f3036b01000-7f3036b08000 r-xp 00000000 08:13 213028                     /lib/librt-2.9.so
7f3036b08000-7f3036d07000 ---p 00007000 08:13 213028                     /lib/librt-2.9.so
7f3036d07000-7f3036d08000 r-xp 00006000 08:13 213028                     /lib/librt-2.9.so
7f3036d08000-7f3036d09000 rwxp 00007000 08:13 213028                     /lib/librt-2.9.so
7f3036d09000-7f3036d0c000 ---p 7f3036d09000 00:00 0 
7f3036d0c000-7f3036e0a000 rwxp 7f3036d0c000 00:00 0 
7f3036e0a000-7f3036e8e000 r-xp 00000000 08:13 213016                     /lib/libm-2.9.so
7f3036e8e000-7f303708d000 ---p 00084000 08:13 213016                     /lib/libm-2.9.so
7f303708d000-7f303708e000 r-xp 00083000 08:13 213016                     /lib/libm-2.9.so
7f303708e000-7f303708f000 rwxp 00084000 08:13 213016                     /lib/libm-2.9.so
7f303708f000-7f303771c000 r-xp 00000000 08:13 3163226                    /usr/lib/jvm/java-6-sun-1.6.0.13/jre/lib/amd64/server/libjvm.so
7f303771c000-7f303781b000 ---p 0068d000 08:13 3163226                    /usr/lib/jvm/java-6-sun-1.6.0.13/jre/lib/amd64/server/libjvm.so
7f303781b000-7f303796c000 rwxp 0068c000 08:13 3163226                    /usr/lib/jvm/java-6-sun-1.6.0.13/jre/lib/amd64/server/libjvm.so
7f303796c000-7f30379a9000 rwxp 7f303796c000 00:00 0 
7f30379a9000-7f3037b11000 r-xp 00000000 08:13 213012                     /lib/libc-2.9.so
7f3037b11000-7f3037d11000 ---p 00168000 08:13 213012                     /lib/libc-2.9.so
7f3037d11000-7f3037d15000 r-xp 00168000 08:13 213012                     /lib/libc-2.9.so
7f3037d15000-7f3037d16000 rwxp 0016c000 08:13 213012                     /lib/libc-2.9.so
7f3037d16000-7f3037d1b000 rwxp 7f3037d16000 00:00 0 
7f3037d1b000-7f3037d1d000 r-xp 00000000 08:13 213015                     /lib/libdl-2.9.so
7f3037d1d000-7f3037f1d000 ---p 00002000 08:13 213015                     /lib/libdl-2.9.so
7f3037f1d000-7f3037f1e000 r-xp 00002000 08:13 213015                     /lib/libdl-2.9.so
7f3037f1e000-7f3037f1f000 rwxp 00003000 08:13 213015                     /lib/libdl-2.9.so
7f3037f1f000-7f3037f36000 r-xp 00000000 08:13 213026                     /lib/libpthread-2.9.so
7f3037f36000-7f3038135000 ---p 00017000 08:13 213026                     /lib/libpthread-2.9.so
7f3038135000-7f3038136000 r-xp 00016000 08:13 213026                     /lib/libpthread-2.9.so
7f3038136000-7f3038137000 rwxp 00017000 08:13 213026                     /lib/libpthread-2.9.so
7f3038137000-7f303813b000 rwxp 7f3038137000 00:00 0 
7f303813b000-7f303815b000 r-xp 00000000 08:13 213006                     /lib/ld-2.9.so
7f303815b000-7f303815e000 r-xs 00000000 08:13 3197439                    /var/cache/fontconfig/de156ccd2eddbdc19d37a45b8b2aac9c-x86-64.cache-2
7f303815e000-7f3038161000 r-xs 00000000 08:13 3197433                    /var/cache/fontconfig/ddd4086aec35a5275babba44bb759c3c-x86-64.cache-2
7f3038161000-7f303816f000 r-xs 000ba000 08:11 422677                     /home/epsilon/文档/4_java/javaTools/mtj.jar
7f303816f000-7f3038179000 rwxp 7f303816f000 00:00 0 
7f3038179000-7f303822f000 rwxp 7f3038179000 00:00 0 
7f303822f000-7f3038231000 rwxp 7f303822f000 00:00 0 
7f3038231000-7f3038238000 r-xp 00000000 08:13 3163192                    /usr/lib/jvm/java-6-sun-1.6.0.13/jre/lib/amd64/jli/libjli.so
7f3038238000-7f3038339000 ---p 00007000 08:13 3163192                    /usr/lib/jvm/java-6-sun-1.6.0.13/jre/lib/amd64/jli/libjli.so
7f3038339000-7f303833b000 rwxp 00008000 08:13 3163192                    /usr/lib/jvm/java-6-sun-1.6.0.13/jre/lib/amd64/jli/libjli.so
7f303833b000-7f303833d000 rwxp 7f303833b000 00:00 0 
7f303833d000-7f303833e000 r-xs 00000000 08:13 3197445                    /var/cache/fontconfig/4c73fe0c47614734b17d736dbde7580a-x86-64.cache-2
7f303833e000-7f303833f000 r-xs 00000000 08:13 3197424                    /var/cache/fontconfig/4794a0821666d79190d59a36cb4f44b5-x86-64.cache-2
7f303833f000-7f3038342000 r-xs 00000000 08:13 3196574                    /var/cache/fontconfig/7ef2298fde41cc6eeb7af42e48b7d293-x86-64.cache-2
7f3038342000-7f3038346000 r-xs 00043000 08:11 181752                     /home/epsilon/NetBeansProjects/EpsilonUtils/trunk/dist/EpsilonYUtil.jar
7f3038346000-7f303834d000 r-xs 00000000 08:13 2803699                    /usr/lib/gconv/gconv-modules.cache
7f303834d000-7f3038355000 rwxs 00000000 08:13 376943                     /tmp/hsperfdata_epsilon/25225
7f3038355000-7f3038356000 rwxp 7f3038355000 00:00 0 
7f3038356000-7f3038357000 r-xp 7f3038356000 00:00 0 
7f3038357000-7f303835a000 rwxp 7f3038357000 00:00 0 
7f303835a000-7f303835b000 r-xp 0001f000 08:13 213006                     /lib/ld-2.9.so
7f303835b000-7f303835c000 rwxp 00020000 08:13 213006                     /lib/ld-2.9.so
7fff40346000-7fff4035b000 rwxp 7ffffffea000 00:00 0                      [stack]
7fff403fe000-7fff403ff000 r-xp 7fff403fe000 00:00 0                      [vdso]
ffffffffff600000-ffffffffff601000 r-xp 00000000 00:00 0                  [vsyscall]

VM Arguments:
jvm_args: -Dawt.useSystemAAFontSettings=on 
java_command: net.epsilony.simpmeshfree.model.ModelTestFrame
Launcher Type: SUN_STANDARD

Environment Variables:
_JAVA_OPTIONS=-Dawt.useSystemAAFontSettings=on
PATH=/usr/local/sbin:/usr/local/bin:/usr/sbin:/usr/bin:/sbin:/bin:/usr/games
USERNAME=epsilon
LD_LIBRARY_PATH=/usr/lib/jvm/java-6-sun-1.6.0.13/jre/lib/amd64/server:/usr/lib/jvm/java-6-sun-1.6.0.13/jre/lib/amd64:/usr/lib/jvm/java-6-sun-1.6.0.13/jre/../lib/amd64
SHELL=/bin/bash
DISPLAY=:0.0

Signal Handlers:
SIGSEGV: [libjvm.so+0x5fcd20], sa_mask[0]=0x7ffbfeff, sa_flags=0x10000004
SIGBUS: [libjvm.so+0x5fcd20], sa_mask[0]=0x7ffbfeff, sa_flags=0x10000004
SIGFPE: [libjvm.so+0x4e0eb0], sa_mask[0]=0x7ffbfeff, sa_flags=0x10000004
SIGPIPE: [libjvm.so+0x4e0eb0], sa_mask[0]=0x7ffbfeff, sa_flags=0x10000004
SIGXFSZ: [libjvm.so+0x4e0eb0], sa_mask[0]=0x7ffbfeff, sa_flags=0x10000004
SIGILL: [libjvm.so+0x4e0eb0], sa_mask[0]=0x7ffbfeff, sa_flags=0x10000004
SIGUSR1: SIG_DFL, sa_mask[0]=0x00000000, sa_flags=0x00000000
SIGUSR2: [libjvm.so+0x4e35d0], sa_mask[0]=0x00000004, sa_flags=0x10000004
SIGHUP: [libjvm.so+0x4e3320], sa_mask[0]=0x7ffbfeff, sa_flags=0x10000004
SIGINT: SIG_IGN, sa_mask[0]=0x00000000, sa_flags=0x00000000
SIGTERM: [libjvm.so+0x4e3320], sa_mask[0]=0x7ffbfeff, sa_flags=0x10000004
SIGQUIT: [libjvm.so+0x4e3320], sa_mask[0]=0x7ffbfeff, sa_flags=0x10000004


---------------  S Y S T E M  ---------------

OS:5.0

uname:Linux 2.6.28-12-generic #43-Ubuntu SMP Fri May 1 19:31:32 UTC 2009 x86_64
libc:glibc 2.9 NPTL 2.9 
rlimit: STACK 8192k, CORE 0k, NPROC infinity, NOFILE 1024, AS infinity
load average:0.69 0.62 0.60

CPU:total 2 (2 cores per cpu, 1 threads per core) family 16 model 2 stepping 3, cmov, cx8, fxsr, mmx, sse, sse2, sse3, mmxext, 3dnow, 3dnowext, sse4a

Memory: 4k page, physical 5780180k(34332k free), swap 3903752k(3863972k free)

vm_info: Java HotSpot(TM) 64-Bit Server VM (11.3-b02) for linux-amd64 JRE (1.6.0_13-b03), built on Mar  9 2009 11:08:22 by "java_re" with gcc 3.2.2 (SuSE Linux)

time: Wed May 13 23:45:15 2009
elapsed time: 0 seconds

