#
# An unexpected error has been detected by Java Runtime Environment:
#
#  SIGSEGV (0xb) at pc=0x00007f2eee8a911b, pid=4393, tid=139837848926544
#
# Java VM: Java HotSpot(TM) 64-Bit Server VM (11.3-b02 mixed mode linux-amd64)
# Problematic frame:
# C  [libc.so.6+0x8411b]  memcpy+0x15b
#
# If you would like to submit a bug report, please visit:
#   http://java.sun.com/webapps/bugreport/crash.jsp
#

---------------  T H R E A D  ---------------

Current thread (0x00007f2e840d3800):  JavaThread "AWT-EventQueue-0" [_thread_in_vm, id=4410, stack(0x00007f2e893fb000,0x00007f2e894fc000)]

siginfo:si_signo=SIGSEGV: si_errno=0, si_code=2 (SEGV_ACCERR), si_addr=0x00007f2e841a6000

Registers:
RAX=0x00007f2eccea3f28, RBX=0x00007f2e8c4e12a0, RCX=0x00000000000001f2, RDX=0x0000000000004540
RSP=0x00007f2e894fa338, RBP=0x00007f2e894fa3c0, RSI=0x00007f2e841a6000, RDI=0x00007f2eccea74d8
R8 =0x0000000000000ffc, R9 =0x00007f2eee6f55b8, R10=0x00007f2eee6f9028, R11=0x0000000000004540
R12=0x0000000000004540, R13=0x0000000000000000, R14=0x00000000415de180, R15=0x00007f2e894fa350
RIP=0x00007f2eee8a911b, EFL=0x0000000000010212, CSGSFS=0x0000000000000033, ERR=0x0000000000000004
  TRAPNO=0x000000000000000e

Top of Stack: (sp=0x00007f2e894fa338)
0x00007f2e894fa338:   00007f2eee251600 00007f2e840d39c0
0x00007f2e894fa348:   00007f2e841a2a50 00007f2e840d3800
0x00007f2e894fa358:   0000000000000000 00007f2e840d3800
0x00007f2e894fa368:   0000000000000000 00007f2e840d3800
0x00007f2e894fa378:   00007f2e894fa4b8 00007f2e840d3800
0x00007f2e894fa388:   00007f2eee89f276 00007f2e840d3800
0x00007f2e894fa398:   00000000415de180 00007f2e84094ea0
0x00007f2e894fa3a8:   00007f2e840797e0 00007f2e894fa4b8
0x00007f2e894fa3b8:   00000000415de120 00007f2e840d39c0
0x00007f2e894fa3c8:   00007f2e88cd7486 00007f2e840a48e0
0x00007f2e894fa3d8:   00000000415de128 00000000415de130
0x00007f2e894fa3e8:   00000000415de138 00000000415de140
0x00007f2e894fa3f8:   00000000415de148 00000000415de150
0x00007f2e894fa408:   00007f2e840d3d30 01010101010d3800
0x00007f2e894fa418:   00007f2e8ceded10 00007f2e894fa498
0x00007f2e894fa428:   0000000000000101 00007f2e8ceded10
0x00007f2e894fa438:   00007f2e894fa4b8 00007f2e840d3800
0x00007f2e894fa448:   00007f2ee9cf3852 00007f2e840d3800
0x00007f2e894fa458:   00007f2e894fa458 00007f2e8ceded10
0x00007f2e894fa468:   00007f2e894fa4b8 00007f2e8cedf748
0x00007f2e894fa478:   0000000000000000 00007f2e8ceded10
0x00007f2e894fa488:   0000000000000000 00007f2e894fa4b8
0x00007f2e894fa498:   00007f2e894fa500 00007f2ee9ce8322
0x00007f2e894fa4a8:   0000000000000000 00007f2ee9cf0358
0x00007f2e894fa4b8:   00007f2ecce6c598 00007f2e894fa4c0
0x00007f2e894fa4c8:   00007f2e8cedd7ed 00007f2e894fa548
0x00007f2e894fa4d8:   00007f2e8cedf748 0000000000000000
0x00007f2e894fa4e8:   00007f2e8cedd878 00007f2e894fa4b8
0x00007f2e894fa4f8:   00007f2e894fa538 00007f2e894fa590
0x00007f2e894fa508:   00007f2ee9ce8322 00007f2ecce9c6c0
0x00007f2e894fa518:   00007f2ecce9cab0 0000000000000002
0x00007f2e894fa528:   00007f2ecce9ca78 00007f2ecce9b5c0 

Instructions: (pc=0x00007f2eee8a911b)
0x00007f2eee8a910b:   0f 47 da 4c 89 d9 49 83 e3 f8 48 c1 e9 03 74 05
0x00007f2eee8a911b:   f3 48 a5 66 90 4c 29 da 48 f7 c2 f8 ff ff ff 75 

Stack: [0x00007f2e893fb000,0x00007f2e894fc000],  sp=0x00007f2e894fa338,  free space=1020k
Native frames: (J=compiled Java code, j=interpreted, Vv=VM code, C=native code)
C  [libc.so.6+0x8411b]  memcpy+0x15b

Java frames: (J=compiled Java code, j=interpreted, Vv=VM code)
j  net.epsilony.simpmeshfree.model.geometry.TriangleJni.triangleFun()V+0
j  net.epsilony.simpmeshfree.model.geometry.TriangleJni.complie(Lnet/epsilony/simpmeshfree/model/geometry/GeometryModel;Ljava/lang/String;)V+141
j  net.epsilony.simpmeshfree.model.mechanics.MechanicsModel.generateNodesByTriangle(DDLjava/lang/String;ZZ)V+110
j  net.epsilony.simpmeshfree.model.ModelTestFrame.<init>()V+659
j  net.epsilony.simpmeshfree.model.ModelTestFrame$1.run()V+4
j  java.awt.event.InvocationEvent.dispatch()V+47
j  java.awt.EventQueue.dispatchEvent(Ljava/awt/AWTEvent;)V+26
j  java.awt.EventDispatchThread.pumpOneEventForFilters(I)Z+204
j  java.awt.EventDispatchThread.pumpEventsForFilter(ILjava/awt/Conditional;Ljava/awt/EventFilter;)V+30
j  java.awt.EventDispatchThread.pumpEventsForHierarchy(ILjava/awt/Conditional;Ljava/awt/Component;)V+11
j  java.awt.EventDispatchThread.pumpEvents(ILjava/awt/Conditional;)V+4
j  java.awt.EventDispatchThread.pumpEvents(Ljava/awt/Conditional;)V+3
j  java.awt.EventDispatchThread.run()V+9
v  ~StubRoutines::call_stub

---------------  P R O C E S S  ---------------

Java Threads: ( => current thread )
  0x00007f2e84037000 JavaThread "Thread-3" [_thread_blocked, id=4412, stack(0x00007f2e88ef8000,0x00007f2e88ff9000)]
  0x00007f2e840e1c00 JavaThread "Thread-2" [_thread_blocked, id=4411, stack(0x00007f2e891a7000,0x00007f2e892a8000)]
  0x00007f2e840d4c00 JavaThread "DestroyJavaVM" [_thread_blocked, id=4394, stack(0x00007f2eedb85000,0x00007f2eedc86000)]
=>0x00007f2e840d3800 JavaThread "AWT-EventQueue-0" [_thread_in_vm, id=4410, stack(0x00007f2e893fb000,0x00007f2e894fc000)]
  0x00007f2e840d2800 JavaThread "AWT-Shutdown" [_thread_blocked, id=4409, stack(0x00007f2e8960a000,0x00007f2e8970b000)]
  0x00007f2e840d2000 JavaThread "AWT-XAWT" daemon [_thread_in_native, id=4408, stack(0x00007f2e8970b000,0x00007f2e8980c000)]
  0x00007f2e8406e800 JavaThread "Java2D Disposer" daemon [_thread_blocked, id=4406, stack(0x00007f2e89e40000,0x00007f2e89f41000)]
  0x00000000412d2800 JavaThread "Low Memory Detector" daemon [_thread_blocked, id=4404, stack(0x00007f2e8b47b000,0x00007f2e8b57c000)]
  0x00000000412d0000 JavaThread "CompilerThread1" daemon [_thread_in_native, id=4403, stack(0x00007f2e8b57c000,0x00007f2e8b67d000)]
  0x00000000412cc000 JavaThread "CompilerThread0" daemon [_thread_blocked, id=4402, stack(0x00007f2e8b67d000,0x00007f2e8b77e000)]
  0x00000000412ca000 JavaThread "Signal Dispatcher" daemon [_thread_blocked, id=4401, stack(0x00007f2e8b77e000,0x00007f2e8b87f000)]
  0x00000000412a8800 JavaThread "Finalizer" daemon [_thread_blocked, id=4400, stack(0x00007f2e8b8be000,0x00007f2e8b9bf000)]
  0x00000000412a1800 JavaThread "Reference Handler" daemon [_thread_blocked, id=4399, stack(0x00007f2e8b9bf000,0x00007f2e8bac0000)]

Other Threads:
  0x000000004129c000 VMThread [stack: 0x00007f2e8bac0000,0x00007f2e8bbc1000] [id=4398]
  0x00000000412d4c00 WatcherThread [stack: 0x00007f2e8b37a000,0x00007f2e8b47b000] [id=4405]

VM state:not at safepoint (normal execution)

VM Mutex/Monitor currently owned by a thread: None

Heap
 PSYoungGen      total 26368K, used 19327K [0x00007f2ecc640000, 0x00007f2ece3a0000, 0x00007f2ee9ce0000)
  eden space 22656K, 85% used [0x00007f2ecc640000,0x00007f2ecd91fc60,0x00007f2ecdc60000)
  from space 3712K, 0% used [0x00007f2ece000000,0x00007f2ece000000,0x00007f2ece3a0000)
  to   space 3712K, 0% used [0x00007f2ecdc60000,0x00007f2ecdc60000,0x00007f2ece000000)
 PSOldGen        total 60288K, used 0K [0x00007f2e918e0000, 0x00007f2e953c0000, 0x00007f2ecc640000)
  object space 60288K, 0% used [0x00007f2e918e0000,0x00007f2e918e0000,0x00007f2e953c0000)
 PSPermGen       total 21248K, used 10262K [0x00007f2e8c4e0000, 0x00007f2e8d9a0000, 0x00007f2e918e0000)
  object space 21248K, 48% used [0x00007f2e8c4e0000,0x00007f2e8cee5a28,0x00007f2e8d9a0000)

Dynamic libraries:
40000000-40009000 r-xp 00000000 08:13 3163089                            /usr/lib/jvm/java-6-sun-1.6.0.13/jre/bin/java
40108000-4010a000 rwxp 00008000 08:13 3163089                            /usr/lib/jvm/java-6-sun-1.6.0.13/jre/bin/java
41213000-42593000 rwxp 41213000 00:00 0                                  [heap]
7f2e84000000-7f2e841a6000 rwxp 7f2e84000000 00:00 0 
7f2e841a6000-7f2e88000000 ---p 7f2e841a6000 00:00 0 
7f2e887ae000-7f2e887c4000 r-xp 00000000 08:13 213005                     /lib/libgcc_s.so.1
7f2e887c4000-7f2e889c4000 ---p 00016000 08:13 213005                     /lib/libgcc_s.so.1
7f2e889c4000-7f2e889c5000 r-xp 00016000 08:13 213005                     /lib/libgcc_s.so.1
7f2e889c5000-7f2e889c6000 rwxp 00017000 08:13 213005                     /lib/libgcc_s.so.1
7f2e889c6000-7f2e88ab7000 r-xp 00000000 08:13 2802601                    /usr/lib/libstdc++.so.6.0.10
7f2e88ab7000-7f2e88cb7000 ---p 000f1000 08:13 2802601                    /usr/lib/libstdc++.so.6.0.10
7f2e88cb7000-7f2e88cbe000 r-xp 000f1000 08:13 2802601                    /usr/lib/libstdc++.so.6.0.10
7f2e88cbe000-7f2e88cc0000 rwxp 000f8000 08:13 2802601                    /usr/lib/libstdc++.so.6.0.10
7f2e88cc0000-7f2e88cd3000 rwxp 7f2e88cc0000 00:00 0 
7f2e88cd3000-7f2e88cf7000 r-xp 00000000 08:13 1942103                    /usr/lib/TriangleJniAmd64.so
7f2e88cf7000-7f2e88ef6000 ---p 00024000 08:13 1942103                    /usr/lib/TriangleJniAmd64.so
7f2e88ef6000-7f2e88ef7000 r-xp 00023000 08:13 1942103                    /usr/lib/TriangleJniAmd64.so
7f2e88ef7000-7f2e88ef8000 rwxp 00024000 08:13 1942103                    /usr/lib/TriangleJniAmd64.so
7f2e88ef8000-7f2e88efb000 ---p 7f2e88ef8000 00:00 0 
7f2e88efb000-7f2e891a7000 rwxp 7f2e88efb000 00:00 0 
7f2e891a7000-7f2e891aa000 ---p 7f2e891a7000 00:00 0 
7f2e891aa000-7f2e892a8000 rwxp 7f2e891aa000 00:00 0 
7f2e893fb000-7f2e893fe000 ---p 7f2e893fb000 00:00 0 
7f2e893fe000-7f2e894fc000 rwxp 7f2e893fe000 00:00 0 
7f2e894fc000-7f2e89505000 r-xs 00000000 08:13 3197464                    /var/cache/fontconfig/945677eb7aeaf62f1d50efc3fb3ec7d8-x86-64.cache-2
7f2e89505000-7f2e89507000 r-xs 00000000 08:13 3197468                    /var/cache/fontconfig/99e8ed0e538f840c565b6ed5dad60d56-x86-64.cache-2
7f2e89507000-7f2e8950a000 r-xs 00000000 08:13 3197466                    /var/cache/fontconfig/e383d7ea5fbe662a33d9b44caf393297-x86-64.cache-2
7f2e8950a000-7f2e8950e000 r-xs 00000000 08:13 3197459                    /var/cache/fontconfig/6eb3985aa4124903f6ff08ba781cd364-x86-64.cache-2
7f2e8950e000-7f2e8950f000 r-xs 00000000 08:13 3197445                    /var/cache/fontconfig/4c73fe0c47614734b17d736dbde7580a-x86-64.cache-2
7f2e8950f000-7f2e89513000 r-xs 00000000 08:13 3196573                    /var/cache/fontconfig/a755afe4a08bf5b97852ceb7400b47bc-x86-64.cache-2
7f2e89513000-7f2e8951c000 r-xs 00000000 08:13 3197440                    /var/cache/fontconfig/6d41288fd70b0be22e8c3a91e032eec0-x86-64.cache-2
7f2e8951c000-7f2e8951f000 r-xs 00000000 08:13 3197439                    /var/cache/fontconfig/de156ccd2eddbdc19d37a45b8b2aac9c-x86-64.cache-2
7f2e8951f000-7f2e8952a000 r-xs 00000000 08:13 3197435                    /var/cache/fontconfig/e3de0de479f42330eadf588a55fb5bf4-x86-64.cache-2
7f2e8952a000-7f2e89539000 r-xs 00000000 08:13 3197434                    /var/cache/fontconfig/0f34bcd4b6ee430af32735b75db7f02b-x86-64.cache-2
7f2e89539000-7f2e8953c000 r-xs 00000000 08:13 3197433                    /var/cache/fontconfig/ddd4086aec35a5275babba44bb759c3c-x86-64.cache-2
7f2e8953c000-7f2e8953d000 r-xs 00000000 08:13 3197424                    /var/cache/fontconfig/4794a0821666d79190d59a36cb4f44b5-x86-64.cache-2
7f2e8953d000-7f2e89546000 r-xs 00000000 08:13 3197417                    /var/cache/fontconfig/d52a8644073d54c13679302ca1180695-x86-64.cache-2
7f2e8960a000-7f2e8960d000 ---p 7f2e8960a000 00:00 0 
7f2e8960d000-7f2e8970b000 rwxp 7f2e8960d000 00:00 0 
7f2e8970b000-7f2e8970e000 ---p 7f2e8970b000 00:00 0 
7f2e8970e000-7f2e8980c000 rwxp 7f2e8970e000 00:00 0 
7f2e8980c000-7f2e89811000 r-xp 00000000 08:13 2805390                    /usr/lib/libXfixes.so.3.1.0
7f2e89811000-7f2e89a10000 ---p 00005000 08:13 2805390                    /usr/lib/libXfixes.so.3.1.0
7f2e89a10000-7f2e89a11000 rwxp 00004000 08:13 2805390                    /usr/lib/libXfixes.so.3.1.0
7f2e89a11000-7f2e89a1a000 r-xp 00000000 08:13 2805803                    /usr/lib/libXrender.so.1.3.0
7f2e89a1a000-7f2e89c19000 ---p 00009000 08:13 2805803                    /usr/lib/libXrender.so.1.3.0
7f2e89c19000-7f2e89c1a000 r-xp 00008000 08:13 2805803                    /usr/lib/libXrender.so.1.3.0
7f2e89c1a000-7f2e89c1b000 rwxp 00009000 08:13 2805803                    /usr/lib/libXrender.so.1.3.0
7f2e89c1b000-7f2e89c24000 r-xp 00000000 08:13 2805843                    /usr/lib/libXcursor.so.1.0.2
7f2e89c24000-7f2e89e24000 ---p 00009000 08:13 2805843                    /usr/lib/libXcursor.so.1.0.2
7f2e89e24000-7f2e89e25000 rwxp 00009000 08:13 2805843                    /usr/lib/libXcursor.so.1.0.2
7f2e89e40000-7f2e89e43000 ---p 7f2e89e40000 00:00 0 
7f2e89e43000-7f2e89f41000 rwxp 7f2e89e43000 00:00 0 
7f2e89f41000-7f2e89fbf000 r-xp 00000000 08:13 3163204                    /usr/lib/jvm/java-6-sun-1.6.0.13/jre/lib/amd64/libfontmanager.so
7f2e89fbf000-7f2e8a0be000 ---p 0007e000 08:13 3163204                    /usr/lib/jvm/java-6-sun-1.6.0.13/jre/lib/amd64/libfontmanager.so
7f2e8a0be000-7f2e8a0d4000 rwxp 0007d000 08:13 3163204                    /usr/lib/jvm/java-6-sun-1.6.0.13/jre/lib/amd64/libfontmanager.so
7f2e8a0d4000-7f2e8a0e5000 rwxp 7f2e8a0d4000 00:00 0 
7f2e8a0e5000-7f2e8a0ea000 r-xp 00000000 08:13 2805384                    /usr/lib/libXdmcp.so.6.0.0
7f2e8a0ea000-7f2e8a2e9000 ---p 00005000 08:13 2805384                    /usr/lib/libXdmcp.so.6.0.0
7f2e8a2e9000-7f2e8a2ea000 rwxp 00004000 08:13 2805384                    /usr/lib/libXdmcp.so.6.0.0
7f2e8a2ea000-7f2e8a305000 r-xp 00000000 08:13 2805386                    /usr/lib/libxcb.so.1.1.0
7f2e8a305000-7f2e8a504000 ---p 0001b000 08:13 2805386                    /usr/lib/libxcb.so.1.1.0
7f2e8a504000-7f2e8a505000 r-xp 0001a000 08:13 2805386                    /usr/lib/libxcb.so.1.1.0
7f2e8a505000-7f2e8a506000 rwxp 0001b000 08:13 2805386                    /usr/lib/libxcb.so.1.1.0
7f2e8a506000-7f2e8a508000 r-xp 00000000 08:13 2805382                    /usr/lib/libXau.so.6.0.0
7f2e8a508000-7f2e8a707000 ---p 00002000 08:13 2805382                    /usr/lib/libXau.so.6.0.0
7f2e8a707000-7f2e8a708000 r-xp 00001000 08:13 2805382                    /usr/lib/libXau.so.6.0.0
7f2e8a708000-7f2e8a709000 rwxp 00002000 08:13 2805382                    /usr/lib/libXau.so.6.0.0
7f2e8a709000-7f2e8a712000 r-xp 00000000 08:13 2805586                    /usr/lib/libXi.so.6.0.0
7f2e8a712000-7f2e8a912000 ---p 00009000 08:13 2805586                    /usr/lib/libXi.so.6.0.0
7f2e8a912000-7f2e8a913000 r-xp 00009000 08:13 2805586                    /usr/lib/libXi.so.6.0.0
7f2e8a913000-7f2e8a914000 rwxp 0000a000 08:13 2805586                    /usr/lib/libXi.so.6.0.0
7f2e8a914000-7f2e8a919000 r-xp 00000000 08:13 2806834                    /usr/lib/libXtst.so.6.1.0
7f2e8a919000-7f2e8ab19000 ---p 00005000 08:13 2806834                    /usr/lib/libXtst.so.6.1.0
7f2e8ab19000-7f2e8ab1a000 r-xp 00005000 08:13 2806834                    /usr/lib/libXtst.so.6.1.0
7f2e8ab1a000-7f2e8ab1b000 rwxp 00006000 08:13 2806834                    /usr/lib/libXtst.so.6.1.0
7f2e8ab1b000-7f2e8ac1d000 r-xp 00000000 08:13 2805388                    /usr/lib/libX11.so.6.2.0
7f2e8ac1d000-7f2e8ae1d000 ---p 00102000 08:13 2805388                    /usr/lib/libX11.so.6.2.0
7f2e8ae1d000-7f2e8ae1e000 r-xp 00102000 08:13 2805388                    /usr/lib/libX11.so.6.2.0
7f2e8ae1e000-7f2e8ae22000 rwxp 00103000 08:13 2805388                    /usr/lib/libX11.so.6.2.0
7f2e8ae22000-7f2e8ae33000 r-xp 00000000 08:13 2805394                    /usr/lib/libXext.so.6.4.0
7f2e8ae33000-7f2e8b032000 ---p 00011000 08:13 2805394                    /usr/lib/libXext.so.6.4.0
7f2e8b032000-7f2e8b033000 r-xp 00010000 08:13 2805394                    /usr/lib/libXext.so.6.4.0
7f2e8b033000-7f2e8b034000 rwxp 00011000 08:13 2805394                    /usr/lib/libXext.so.6.4.0
7f2e8b035000-7f2e8b041000 r-xs 00000000 08:13 3197416                    /var/cache/fontconfig/089dead882dea3570ffc31a9898cfb69-x86-64.cache-2
7f2e8b041000-7f2e8b045000 r-xs 00000000 08:13 3197398                    /var/cache/fontconfig/cabbd14511b9e8a55e92af97fb3a0461-x86-64.cache-2
7f2e8b045000-7f2e8b04f000 r-xs 00000000 08:13 3195524                    /var/cache/fontconfig/e13b20fdb08344e0e664864cc2ede53d-x86-64.cache-2
7f2e8b04f000-7f2e8b090000 r-xp 00000000 08:13 3163194                    /usr/lib/jvm/java-6-sun-1.6.0.13/jre/lib/amd64/xawt/libmawt.so
7f2e8b090000-7f2e8b18f000 ---p 00041000 08:13 3163194                    /usr/lib/jvm/java-6-sun-1.6.0.13/jre/lib/amd64/xawt/libmawt.so
7f2e8b18f000-7f2e8b19b000 rwxp 00040000 08:13 3163194                    /usr/lib/jvm/java-6-sun-1.6.0.13/jre/lib/amd64/xawt/libmawt.so
7f2e8b19b000-7f2e8b19c000 rwxp 7f2e8b19b000 00:00 0 
7f2e8b19c000-7f2e8b22e000 r-xp 00000000 08:13 3163239                    /usr/lib/jvm/java-6-sun-1.6.0.13/jre/lib/amd64/libawt.so
7f2e8b22e000-7f2e8b32d000 ---p 00092000 08:13 3163239                    /usr/lib/jvm/java-6-sun-1.6.0.13/jre/lib/amd64/libawt.so
7f2e8b32d000-7f2e8b346000 rwxp 00091000 08:13 3163239                    /usr/lib/jvm/java-6-sun-1.6.0.13/jre/lib/amd64/libawt.so
7f2e8b346000-7f2e8b36b000 rwxp 7f2e8b346000 00:00 0 
7f2e8b36b000-7f2e8b372000 r-xs 00059000 08:11 1172178                    /home/epsilon/文档/4_java/javaTools/apache-log4j-1.2.15/log4j-1.2.15.jar
7f2e8b372000-7f2e8b37a000 r-xs 0004b000 08:11 162661                     /home/epsilon/文档/4_java/javaTools/commons-math-1.2/commons-math-1.2.jar
7f2e8b37a000-7f2e8b37b000 ---p 7f2e8b37a000 00:00 0 
7f2e8b37b000-7f2e8b47b000 rwxp 7f2e8b37b000 00:00 0 
7f2e8b47b000-7f2e8b47e000 ---p 7f2e8b47b000 00:00 0 
7f2e8b47e000-7f2e8b57c000 rwxp 7f2e8b47e000 00:00 0 
7f2e8b57c000-7f2e8b57f000 ---p 7f2e8b57c000 00:00 0 
7f2e8b57f000-7f2e8b67d000 rwxp 7f2e8b57f000 00:00 0 
7f2e8b67d000-7f2e8b680000 ---p 7f2e8b67d000 00:00 0 
7f2e8b680000-7f2e8b77e000 rwxp 7f2e8b680000 00:00 0 
7f2e8b77e000-7f2e8b781000 ---p 7f2e8b77e000 00:00 0 
7f2e8b781000-7f2e8b87f000 rwxp 7f2e8b781000 00:00 0 
7f2e8b87f000-7f2e8b8be000 r-xp 00000000 08:13 2827839                    /usr/lib/locale/zh_CN.utf8/LC_CTYPE
7f2e8b8be000-7f2e8b8c1000 ---p 7f2e8b8be000 00:00 0 
7f2e8b8c1000-7f2e8b9bf000 rwxp 7f2e8b8c1000 00:00 0 
7f2e8b9bf000-7f2e8b9c2000 ---p 7f2e8b9bf000 00:00 0 
7f2e8b9c2000-7f2e8bac0000 rwxp 7f2e8b9c2000 00:00 0 
7f2e8bac0000-7f2e8bac1000 ---p 7f2e8bac0000 00:00 0 
7f2e8bac1000-7f2e8bc36000 rwxp 7f2e8bac1000 00:00 0 
7f2e8bc36000-7f2e8bdc8000 r-xs 02f34000 08:13 2942580                    /usr/lib/jvm/java-6-sun-1.6.0.13/jre/lib/rt.jar
7f2e8bdc8000-7f2e8bdf0000 rwxp 7f2e8bdc8000 00:00 0 
7f2e8bdf0000-7f2e8bdf1000 ---p 7f2e8bdf0000 00:00 0 
7f2e8bdf1000-7f2e8bef1000 rwxp 7f2e8bdf1000 00:00 0 
7f2e8bef1000-7f2e8bef2000 ---p 7f2e8bef1000 00:00 0 
7f2e8bef2000-7f2e8bffd000 rwxp 7f2e8bef2000 00:00 0 
7f2e8bffd000-7f2e8c01c000 rwxp 7f2e8bffd000 00:00 0 
7f2e8c01c000-7f2e8c03a000 rwxp 7f2e8c01c000 00:00 0 
7f2e8c03a000-7f2e8c1f3000 rwxp 7f2e8c03a000 00:00 0 
7f2e8c1f3000-7f2e8c1fe000 rwxp 7f2e8c1f3000 00:00 0 
7f2e8c1fe000-7f2e8c21d000 rwxp 7f2e8c1fe000 00:00 0 
7f2e8c21d000-7f2e8c23b000 rwxp 7f2e8c21d000 00:00 0 
7f2e8c23b000-7f2e8c3f3000 rwxp 7f2e8c23b000 00:00 0 
7f2e8c3f3000-7f2e8c403000 rwxp 7f2e8c3f3000 00:00 0 
7f2e8c403000-7f2e8c4df000 rwxp 7f2e8c403000 00:00 0 
7f2e8c4df000-7f2e8d9a0000 rwxp 7f2e8c4df000 00:00 0 
7f2e8d9a0000-7f2e918e0000 rwxp 7f2e8d9a0000 00:00 0 
7f2e918e0000-7f2e953c0000 rwxp 7f2e918e0000 00:00 0 
7f2e953c0000-7f2ecc640000 rwxp 7f2e953c0000 00:00 0 
7f2ecc640000-7f2ece3a0000 rwxp 7f2ecc640000 00:00 0 
7f2ece3a0000-7f2ee9ce0000 rwxp 7f2ece3a0000 00:00 0 
7f2ee9ce5000-7f2ee9f55000 rwxp 7f2ee9ce5000 00:00 0 
7f2ee9f55000-7f2eecce5000 rwxp 7f2ee9f55000 00:00 0 
7f2eecce5000-7f2eeccf3000 r-xp 00000000 08:13 3163206                    /usr/lib/jvm/java-6-sun-1.6.0.13/jre/lib/amd64/libzip.so
7f2eeccf3000-7f2eecdf5000 ---p 0000e000 08:13 3163206                    /usr/lib/jvm/java-6-sun-1.6.0.13/jre/lib/amd64/libzip.so
7f2eecdf5000-7f2eecdf8000 rwxp 00010000 08:13 3163206                    /usr/lib/jvm/java-6-sun-1.6.0.13/jre/lib/amd64/libzip.so
7f2eecdf8000-7f2eecdf9000 rwxp 7f2eecdf8000 00:00 0 
7f2eecdf9000-7f2eece22000 r-xp 00000000 08:13 3163219                    /usr/lib/jvm/java-6-sun-1.6.0.13/jre/lib/amd64/libjava.so
7f2eece22000-7f2eecf21000 ---p 00029000 08:13 3163219                    /usr/lib/jvm/java-6-sun-1.6.0.13/jre/lib/amd64/libjava.so
7f2eecf21000-7f2eecf28000 rwxp 00028000 08:13 3163219                    /usr/lib/jvm/java-6-sun-1.6.0.13/jre/lib/amd64/libjava.so
7f2eecf28000-7f2eecf35000 r-xp 00000000 08:13 3163201                    /usr/lib/jvm/java-6-sun-1.6.0.13/jre/lib/amd64/libverify.so
7f2eecf35000-7f2eed034000 ---p 0000d000 08:13 3163201                    /usr/lib/jvm/java-6-sun-1.6.0.13/jre/lib/amd64/libverify.so
7f2eed034000-7f2eed037000 rwxp 0000c000 08:13 3163201                    /usr/lib/jvm/java-6-sun-1.6.0.13/jre/lib/amd64/libverify.so
7f2eed037000-7f2eed043000 r-xp 00000000 08:13 213021                     /lib/libnss_files-2.9.so
7f2eed043000-7f2eed242000 ---p 0000c000 08:13 213021                     /lib/libnss_files-2.9.so
7f2eed242000-7f2eed243000 r-xp 0000b000 08:13 213021                     /lib/libnss_files-2.9.so
7f2eed243000-7f2eed244000 rwxp 0000c000 08:13 213021                     /lib/libnss_files-2.9.so
7f2eed244000-7f2eed24e000 r-xp 00000000 08:13 213023                     /lib/libnss_nis-2.9.so
7f2eed24e000-7f2eed44d000 ---p 0000a000 08:13 213023                     /lib/libnss_nis-2.9.so
7f2eed44d000-7f2eed44e000 r-xp 00009000 08:13 213023                     /lib/libnss_nis-2.9.so
7f2eed44e000-7f2eed44f000 rwxp 0000a000 08:13 213023                     /lib/libnss_nis-2.9.so
7f2eed44f000-7f2eed457000 r-xp 00000000 08:13 213019                     /lib/libnss_compat-2.9.so
7f2eed457000-7f2eed656000 ---p 00008000 08:13 213019                     /lib/libnss_compat-2.9.so
7f2eed656000-7f2eed657000 r-xp 00007000 08:13 213019                     /lib/libnss_compat-2.9.so
7f2eed657000-7f2eed658000 rwxp 00008000 08:13 213019                     /lib/libnss_compat-2.9.so
7f2eed658000-7f2eed66e000 r-xp 00000000 08:13 213018                     /lib/libnsl-2.9.so
7f2eed66e000-7f2eed86e000 ---p 00016000 08:13 213018                     /lib/libnsl-2.9.so
7f2eed86e000-7f2eed86f000 r-xp 00016000 08:13 213018                     /lib/libnsl-2.9.so
7f2eed86f000-7f2eed870000 rwxp 00017000 08:13 213018                     /lib/libnsl-2.9.so
7f2eed870000-7f2eed872000 rwxp 7f2eed870000 00:00 0 
7f2eed872000-7f2eed879000 r-xp 00000000 08:13 3163208                    /usr/lib/jvm/java-6-sun-1.6.0.13/jre/lib/amd64/native_threads/libhpi.so
7f2eed879000-7f2eed97a000 ---p 00007000 08:13 3163208                    /usr/lib/jvm/java-6-sun-1.6.0.13/jre/lib/amd64/native_threads/libhpi.so
7f2eed97a000-7f2eed97c000 rwxp 00008000 08:13 3163208                    /usr/lib/jvm/java-6-sun-1.6.0.13/jre/lib/amd64/native_threads/libhpi.so
7f2eed97c000-7f2eed97d000 rwxp 7f2eed97c000 00:00 0 
7f2eed97d000-7f2eed984000 r-xp 00000000 08:13 213028                     /lib/librt-2.9.so
7f2eed984000-7f2eedb83000 ---p 00007000 08:13 213028                     /lib/librt-2.9.so
7f2eedb83000-7f2eedb84000 r-xp 00006000 08:13 213028                     /lib/librt-2.9.so
7f2eedb84000-7f2eedb85000 rwxp 00007000 08:13 213028                     /lib/librt-2.9.so
7f2eedb85000-7f2eedb88000 ---p 7f2eedb85000 00:00 0 
7f2eedb88000-7f2eedc86000 rwxp 7f2eedb88000 00:00 0 
7f2eedc86000-7f2eedd0a000 r-xp 00000000 08:13 213016                     /lib/libm-2.9.so
7f2eedd0a000-7f2eedf09000 ---p 00084000 08:13 213016                     /lib/libm-2.9.so
7f2eedf09000-7f2eedf0a000 r-xp 00083000 08:13 213016                     /lib/libm-2.9.so
7f2eedf0a000-7f2eedf0b000 rwxp 00084000 08:13 213016                     /lib/libm-2.9.so
7f2eedf0b000-7f2eee598000 r-xp 00000000 08:13 3163226                    /usr/lib/jvm/java-6-sun-1.6.0.13/jre/lib/amd64/server/libjvm.so
7f2eee598000-7f2eee697000 ---p 0068d000 08:13 3163226                    /usr/lib/jvm/java-6-sun-1.6.0.13/jre/lib/amd64/server/libjvm.so
7f2eee697000-7f2eee7e8000 rwxp 0068c000 08:13 3163226                    /usr/lib/jvm/java-6-sun-1.6.0.13/jre/lib/amd64/server/libjvm.so
7f2eee7e8000-7f2eee825000 rwxp 7f2eee7e8000 00:00 0 
7f2eee825000-7f2eee98d000 r-xp 00000000 08:13 213012                     /lib/libc-2.9.so
7f2eee98d000-7f2eeeb8d000 ---p 00168000 08:13 213012                     /lib/libc-2.9.so
7f2eeeb8d000-7f2eeeb91000 r-xp 00168000 08:13 213012                     /lib/libc-2.9.so
7f2eeeb91000-7f2eeeb92000 rwxp 0016c000 08:13 213012                     /lib/libc-2.9.so
7f2eeeb92000-7f2eeeb97000 rwxp 7f2eeeb92000 00:00 0 
7f2eeeb97000-7f2eeeb99000 r-xp 00000000 08:13 213015                     /lib/libdl-2.9.so
7f2eeeb99000-7f2eeed99000 ---p 00002000 08:13 213015                     /lib/libdl-2.9.so
7f2eeed99000-7f2eeed9a000 r-xp 00002000 08:13 213015                     /lib/libdl-2.9.so
7f2eeed9a000-7f2eeed9b000 rwxp 00003000 08:13 213015                     /lib/libdl-2.9.so
7f2eeed9b000-7f2eeedb2000 r-xp 00000000 08:13 213026                     /lib/libpthread-2.9.so
7f2eeedb2000-7f2eeefb1000 ---p 00017000 08:13 213026                     /lib/libpthread-2.9.so
7f2eeefb1000-7f2eeefb2000 r-xp 00016000 08:13 213026                     /lib/libpthread-2.9.so
7f2eeefb2000-7f2eeefb3000 rwxp 00017000 08:13 213026                     /lib/libpthread-2.9.so
7f2eeefb3000-7f2eeefb7000 rwxp 7f2eeefb3000 00:00 0 
7f2eeefb7000-7f2eeefd7000 r-xp 00000000 08:13 213006                     /lib/ld-2.9.so
7f2eeefdd000-7f2eeefeb000 r-xs 000ba000 08:11 422677                     /home/epsilon/文档/4_java/javaTools/mtj.jar
7f2eeefeb000-7f2eeeff5000 rwxp 7f2eeefeb000 00:00 0 
7f2eeeff5000-7f2eef0ab000 rwxp 7f2eeeff5000 00:00 0 
7f2eef0ab000-7f2eef0ad000 rwxp 7f2eef0ab000 00:00 0 
7f2eef0ad000-7f2eef0b4000 r-xp 00000000 08:13 3163192                    /usr/lib/jvm/java-6-sun-1.6.0.13/jre/lib/amd64/jli/libjli.so
7f2eef0b4000-7f2eef1b5000 ---p 00007000 08:13 3163192                    /usr/lib/jvm/java-6-sun-1.6.0.13/jre/lib/amd64/jli/libjli.so
7f2eef1b5000-7f2eef1b7000 rwxp 00008000 08:13 3163192                    /usr/lib/jvm/java-6-sun-1.6.0.13/jre/lib/amd64/jli/libjli.so
7f2eef1b7000-7f2eef1b8000 rwxp 7f2eef1b7000 00:00 0 
7f2eef1b8000-7f2eef1bb000 r-xs 000cb000 08:13 3162696                    /usr/lib/jvm/java-6-sun-1.6.0.13/jre/lib/ext/localedata.jar
7f2eef1bb000-7f2eef1be000 r-xs 00000000 08:13 3196574                    /var/cache/fontconfig/7ef2298fde41cc6eeb7af42e48b7d293-x86-64.cache-2
7f2eef1be000-7f2eef1c2000 r-xs 00042000 08:11 181747                     /home/epsilon/NetBeansProjects/EpsilonUtils/trunk/dist/EpsilonYUtil.jar
7f2eef1c2000-7f2eef1c9000 r-xs 00000000 08:13 2803699                    /usr/lib/gconv/gconv-modules.cache
7f2eef1c9000-7f2eef1d1000 rwxs 00000000 08:13 376951                     /tmp/hsperfdata_epsilon/4393
7f2eef1d1000-7f2eef1d2000 rwxp 7f2eef1d1000 00:00 0 
7f2eef1d2000-7f2eef1d3000 r-xp 7f2eef1d2000 00:00 0 
7f2eef1d3000-7f2eef1d6000 rwxp 7f2eef1d3000 00:00 0 
7f2eef1d6000-7f2eef1d7000 r-xp 0001f000 08:13 213006                     /lib/ld-2.9.so
7f2eef1d7000-7f2eef1d8000 rwxp 00020000 08:13 213006                     /lib/ld-2.9.so
7ffff71c3000-7ffff71d8000 rwxp 7ffffffea000 00:00 0                      [stack]
7ffff71ff000-7ffff7200000 r-xp 7ffff71ff000 00:00 0                      [vdso]
ffffffffff600000-ffffffffff601000 r-xp 00000000 00:00 0                  [vsyscall]

VM Arguments:
jvm_args: -Dawt.useSystemAAFontSettings=on 
java_command: net.epsilony.simpmeshfree.model.ModelTestFrame
Launcher Type: SUN_STANDARD

Environment Variables:
_JAVA_OPTIONS=-Dawt.useSystemAAFontSettings=on
PATH=/usr/local/sbin:/usr/local/bin:/usr/sbin:/usr/bin:/sbin:/bin:/usr/games
USERNAME=epsilon
LD_LIBRARY_PATH=/usr/lib/jvm/java-6-sun-1.6.0.13/jre/lib/amd64/server:/usr/lib/jvm/java-6-sun-1.6.0.13/jre/lib/amd64:/usr/lib/jvm/java-6-sun-1.6.0.13/jre/../lib/amd64
SHELL=/bin/bash
DISPLAY=:0.0

Signal Handlers:
SIGSEGV: [libjvm.so+0x5fcd20], sa_mask[0]=0x7ffbfeff, sa_flags=0x10000004
SIGBUS: [libjvm.so+0x5fcd20], sa_mask[0]=0x7ffbfeff, sa_flags=0x10000004
SIGFPE: [libjvm.so+0x4e0eb0], sa_mask[0]=0x7ffbfeff, sa_flags=0x10000004
SIGPIPE: [libjvm.so+0x4e0eb0], sa_mask[0]=0x7ffbfeff, sa_flags=0x10000004
SIGXFSZ: [libjvm.so+0x4e0eb0], sa_mask[0]=0x7ffbfeff, sa_flags=0x10000004
SIGILL: [libjvm.so+0x4e0eb0], sa_mask[0]=0x7ffbfeff, sa_flags=0x10000004
SIGUSR1: SIG_DFL, sa_mask[0]=0x00000000, sa_flags=0x00000000
SIGUSR2: [libjvm.so+0x4e35d0], sa_mask[0]=0x00000004, sa_flags=0x10000004
SIGHUP: [libjvm.so+0x4e3320], sa_mask[0]=0x7ffbfeff, sa_flags=0x10000004
SIGINT: SIG_IGN, sa_mask[0]=0x00000000, sa_flags=0x00000000
SIGTERM: [libjvm.so+0x4e3320], sa_mask[0]=0x7ffbfeff, sa_flags=0x10000004
SIGQUIT: [libjvm.so+0x4e3320], sa_mask[0]=0x7ffbfeff, sa_flags=0x10000004


---------------  S Y S T E M  ---------------

OS:5.0

uname:Linux 2.6.28-12-generic #43-Ubuntu SMP Fri May 1 19:31:32 UTC 2009 x86_64
libc:glibc 2.9 NPTL 2.9 
rlimit: STACK 8192k, CORE 0k, NPROC infinity, NOFILE 1024, AS infinity
load average:0.53 0.41 0.40

CPU:total 2 (2 cores per cpu, 1 threads per core) family 16 model 2 stepping 3, cmov, cx8, fxsr, mmx, sse, sse2, sse3, mmxext, 3dnow, 3dnowext, sse4a

Memory: 4k page, physical 5780180k(3305320k free), swap 3903752k(3865604k free)

vm_info: Java HotSpot(TM) 64-Bit Server VM (11.3-b02) for linux-amd64 JRE (1.6.0_13-b03), built on Mar  9 2009 11:08:22 by "java_re" with gcc 3.2.2 (SuSE Linux)

time: Mon May 18 10:17:30 2009
elapsed time: 0 seconds

