#
# An unexpected error has been detected by Java Runtime Environment:
#
#  SIGSEGV (0xb) at pc=0x00007f5bece2011b, pid=26176, tid=140031086696784
#
# Java VM: Java HotSpot(TM) 64-Bit Server VM (11.3-b02 mixed mode linux-amd64)
# Problematic frame:
# C  [libc.so.6+0x8411b]  memcpy+0x15b
#
# If you would like to submit a bug report, please visit:
#   http://java.sun.com/webapps/bugreport/crash.jsp
#

---------------  T H R E A D  ---------------

Current thread (0x00000000408ae800):  JavaThread "AWT-EventQueue-0" [_thread_in_vm, id=26202, stack(0x00007f5b871e1000,0x00007f5b872e2000)]

siginfo:si_signo=SIGSEGV: si_errno=0, si_code=2 (SEGV_ACCERR), si_addr=0x00007f5b800ff000

Registers:
RAX=0x00007f5bcbb48e68, RBX=0x00007f5b8a6312a0, RCX=0x000000000000000e, RDX=0x0000000000000e20
RSP=0x00007f5b872e0558, RBP=0x00007f5b872e05e0, RSI=0x00007f5b800ff000, RDI=0x00007f5bcbb49c18
R8 =0x0000000000000ffc, R9 =0x00007f5becc6c5b8, R10=0x00007f5becc70028, R11=0x0000000000000e20
R12=0x0000000000000e20, R13=0x0000000000000000, R14=0x00000000408afdc8, R15=0x00007f5b872e0570
RIP=0x00007f5bece2011b, EFL=0x0000000000010212, CSGSFS=0x0000000000000033, ERR=0x0000000000000004
  TRAPNO=0x000000000000000e

Top of Stack: (sp=0x00007f5b872e0558)
0x00007f5b872e0558:   00007f5bec7c8600 00000000408ae9c0
0x00007f5b872e0568:   00007f5b800fe250 00000000408ae800
0x00007f5b872e0578:   0000000000000000 00000000408ae800
0x00007f5b872e0588:   0000000000000000 00000000408ae800
0x00007f5b872e0598:   00007f5b872e06d8 00000000408ae800
0x00007f5b872e05a8:   00007f5bece16276 00000000408ae800
0x00007f5b872e05b8:   00000000408afdc8 00007f5b80054f60
0x00007f5b872e05c8:   00007f5b800548e0 00007f5b872e06d8
0x00007f5b872e05d8:   00000000408afd70 00000000408ae9c0
0x00007f5b872e05e8:   00007f5b86dbe486 00007f5b80054830
0x00007f5b872e05f8:   00000000408afd78 00000000408afd80
0x00007f5b872e0608:   00000000408afd88 00000000408afd90
0x00007f5b872e0618:   00007f5b872e0678 00000000408afd98
0x00007f5b872e0628:   0000000000000000 0101010100a6fbe8
0x00007f5b872e0638:   00007f5b8b041d70 00007f5b872e06b8
0x00007f5b872e0648:   0000000000000101 00007f5b8b041d70
0x00007f5b872e0658:   00007f5b872e06d8 00000000408ae800
0x00007f5b872e0668:   00007f5be7f101cd 00007f5b8b041d70
0x00007f5b872e0678:   00007f5b872e0678 0000000000000000
0x00007f5b872e0688:   00007f5b872e06d8 00007f5b8b0427f8
0x00007f5b872e0698:   0000000000000000 00007f5b8b041d70
0x00007f5b872e06a8:   0000000000000000 00007f5b872e06d8
0x00007f5b872e06b8:   00007f5b872e0720 00007f5be7efe3c2
0x00007f5b872e06c8:   0000000000000000 00007f5be7f0a658
0x00007f5b872e06d8:   00007f5bcbb3a0a0 00007f5b872e06e0
0x00007f5b872e06e8:   00007f5b8b04084d 00007f5b872e0768
0x00007f5b872e06f8:   00007f5b8b0427f8 0000000000000000
0x00007f5b872e0708:   00007f5b8b0408d8 00007f5b872e06d8
0x00007f5b872e0718:   00007f5b872e0758 00007f5b872e07b0
0x00007f5b872e0728:   00007f5be7efe3c2 0000000000000000
0x00007f5b872e0738:   00007f5bcbb47398 0000000000000000
0x00007f5b872e0748:   00007f5bcbb47380 00007f5bcbb46fe8 

Instructions: (pc=0x00007f5bece2011b)
0x00007f5bece2010b:   0f 47 da 4c 89 d9 49 83 e3 f8 48 c1 e9 03 74 05
0x00007f5bece2011b:   f3 48 a5 66 90 4c 29 da 48 f7 c2 f8 ff ff ff 75 

Stack: [0x00007f5b871e1000,0x00007f5b872e2000],  sp=0x00007f5b872e0558,  free space=1021k
Native frames: (J=compiled Java code, j=interpreted, Vv=VM code, C=native code)
C  [libc.so.6+0x8411b]  memcpy+0x15b

Java frames: (J=compiled Java code, j=interpreted, Vv=VM code)
j  net.epsilony.simpmeshfree.model.geometry.TriangleJni.triangleFun()V+0
j  net.epsilony.simpmeshfree.model.geometry.TriangleJni.complie(Lnet/epsilony/simpmeshfree/model/geometry/GeometryModel;Ljava/lang/String;)V+141
j  net.epsilony.simpmeshfree.model.mechanics.MechanicsModel.generateQuadratureDomainsByTriangle(DDLjava/lang/String;)V+60
j  net.epsilony.simpmeshfree.model.ModelTestFrame.<init>()V+614
j  net.epsilony.simpmeshfree.model.ModelTestFrame$1.run()V+4
j  java.awt.event.InvocationEvent.dispatch()V+47
j  java.awt.EventQueue.dispatchEvent(Ljava/awt/AWTEvent;)V+26
j  java.awt.EventDispatchThread.pumpOneEventForFilters(I)Z+204
j  java.awt.EventDispatchThread.pumpEventsForFilter(ILjava/awt/Conditional;Ljava/awt/EventFilter;)V+30
j  java.awt.EventDispatchThread.pumpEventsForHierarchy(ILjava/awt/Conditional;Ljava/awt/Component;)V+11
j  java.awt.EventDispatchThread.pumpEvents(ILjava/awt/Conditional;)V+4
j  java.awt.EventDispatchThread.pumpEvents(Ljava/awt/Conditional;)V+3
j  java.awt.EventDispatchThread.run()V+9
v  ~StubRoutines::call_stub

---------------  P R O C E S S  ---------------

Java Threads: ( => current thread )
  0x00007f5b8003f800 JavaThread "Thread-3" [_thread_blocked, id=26204, stack(0x00007f5b86fdf000,0x00007f5b870e0000)]
  0x00007f5b8003d000 JavaThread "Thread-2" [_thread_blocked, id=26203, stack(0x00007f5b870e0000,0x00007f5b871e1000)]
  0x0000000040528000 JavaThread "DestroyJavaVM" [_thread_blocked, id=26178, stack(0x00007f5bec0fc000,0x00007f5bec1fd000)]
=>0x00000000408ae800 JavaThread "AWT-EventQueue-0" [_thread_in_vm, id=26202, stack(0x00007f5b871e1000,0x00007f5b872e2000)]
  0x00000000408ad000 JavaThread "AWT-Shutdown" [_thread_blocked, id=26201, stack(0x00007f5b873e4000,0x00007f5b874e5000)]
  0x00000000408ab400 JavaThread "AWT-XAWT" daemon [_thread_in_native, id=26200, stack(0x00007f5b874e5000,0x00007f5b875e6000)]
  0x00000000407ab800 JavaThread "Java2D Disposer" daemon [_thread_blocked, id=26199, stack(0x00007f5b87c33000,0x00007f5b87d34000)]
  0x00000000405e3800 JavaThread "Low Memory Detector" daemon [_thread_blocked, id=26197, stack(0x00007f5b89267000,0x00007f5b89368000)]
  0x00000000405e0c00 JavaThread "CompilerThread1" daemon [_thread_in_native, id=26196, stack(0x00007f5b89368000,0x00007f5b89469000)]
  0x00000000405dc800 JavaThread "CompilerThread0" daemon [_thread_blocked, id=26195, stack(0x00007f5b89469000,0x00007f5b8956a000)]
  0x00000000405c6c00 JavaThread "JDWP Command Reader" daemon [_thread_in_native, id=26191, stack(0x00007f5b8956a000,0x00007f5b8966b000)]
  0x00000000405c4400 JavaThread "JDWP Event Helper Thread" daemon [_thread_blocked, id=26189, stack(0x00007f5b8966b000,0x00007f5b8976c000)]
  0x00000000405c1000 JavaThread "JDWP Transport Listener: dt_socket" daemon [_thread_blocked, id=26188, stack(0x00007f5b8976c000,0x00007f5b8986d000)]
  0x00000000405b5400 JavaThread "Signal Dispatcher" daemon [_thread_blocked, id=26186, stack(0x00007f5b89971000,0x00007f5b89a72000)]
  0x0000000040595800 JavaThread "Finalizer" daemon [_thread_blocked, id=26185, stack(0x00007f5b89a72000,0x00007f5b89b73000)]
  0x000000004058e400 JavaThread "Reference Handler" daemon [_thread_blocked, id=26184, stack(0x00007f5b89b73000,0x00007f5b89c74000)]

Other Threads:
  0x0000000040588c00 VMThread [stack: 0x00007f5b89c74000,0x00007f5b89d75000] [id=26183]
  0x00000000405e5c00 WatcherThread [stack: 0x00007f5b89166000,0x00007f5b89267000] [id=26198]

VM state:not at safepoint (normal execution)

VM Mutex/Monitor currently owned by a thread: None

Heap
 PSYoungGen      total 26368K, used 20236K [0x00007f5bca790000, 0x00007f5bcc4f0000, 0x00007f5be7e30000)
  eden space 22656K, 89% used [0x00007f5bca790000,0x00007f5bcbb53038,0x00007f5bcbdb0000)
  from space 3712K, 0% used [0x00007f5bcc150000,0x00007f5bcc150000,0x00007f5bcc4f0000)
  to   space 3712K, 0% used [0x00007f5bcbdb0000,0x00007f5bcbdb0000,0x00007f5bcc150000)
 PSOldGen        total 60288K, used 0K [0x00007f5b8fa30000, 0x00007f5b93510000, 0x00007f5bca790000)
  object space 60288K, 0% used [0x00007f5b8fa30000,0x00007f5b8fa30000,0x00007f5b93510000)
 PSPermGen       total 21248K, used 10346K [0x00007f5b8a630000, 0x00007f5b8baf0000, 0x00007f5b8fa30000)
  object space 21248K, 48% used [0x00007f5b8a630000,0x00007f5b8b04a9b8,0x00007f5b8baf0000)

Dynamic libraries:
40000000-40009000 r-xp 00000000 08:13 3163089                            /usr/lib/jvm/java-6-sun-1.6.0.13/jre/bin/java
40108000-4010a000 rwxp 00008000 08:13 3163089                            /usr/lib/jvm/java-6-sun-1.6.0.13/jre/bin/java
40515000-4181b000 rwxp 40515000 00:00 0                                  [heap]
7f5b80000000-7f5b800ff000 rwxp 7f5b80000000 00:00 0 
7f5b800ff000-7f5b84000000 ---p 7f5b800ff000 00:00 0 
7f5b86895000-7f5b868ab000 r-xp 00000000 08:13 213005                     /lib/libgcc_s.so.1
7f5b868ab000-7f5b86aab000 ---p 00016000 08:13 213005                     /lib/libgcc_s.so.1
7f5b86aab000-7f5b86aac000 r-xp 00016000 08:13 213005                     /lib/libgcc_s.so.1
7f5b86aac000-7f5b86aad000 rwxp 00017000 08:13 213005                     /lib/libgcc_s.so.1
7f5b86aad000-7f5b86b9e000 r-xp 00000000 08:13 2802601                    /usr/lib/libstdc++.so.6.0.10
7f5b86b9e000-7f5b86d9e000 ---p 000f1000 08:13 2802601                    /usr/lib/libstdc++.so.6.0.10
7f5b86d9e000-7f5b86da5000 r-xp 000f1000 08:13 2802601                    /usr/lib/libstdc++.so.6.0.10
7f5b86da5000-7f5b86da7000 rwxp 000f8000 08:13 2802601                    /usr/lib/libstdc++.so.6.0.10
7f5b86da7000-7f5b86dba000 rwxp 7f5b86da7000 00:00 0 
7f5b86dba000-7f5b86dde000 r-xp 00000000 08:13 1942103                    /usr/lib/TriangleJniAmd64.so
7f5b86dde000-7f5b86fdd000 ---p 00024000 08:13 1942103                    /usr/lib/TriangleJniAmd64.so
7f5b86fdd000-7f5b86fde000 r-xp 00023000 08:13 1942103                    /usr/lib/TriangleJniAmd64.so
7f5b86fde000-7f5b86fdf000 rwxp 00024000 08:13 1942103                    /usr/lib/TriangleJniAmd64.so
7f5b86fdf000-7f5b86fe2000 ---p 7f5b86fdf000 00:00 0 
7f5b86fe2000-7f5b870e0000 rwxp 7f5b86fe2000 00:00 0 
7f5b870e0000-7f5b870e3000 ---p 7f5b870e0000 00:00 0 
7f5b870e3000-7f5b871e1000 rwxp 7f5b870e3000 00:00 0 
7f5b871e1000-7f5b871e4000 ---p 7f5b871e1000 00:00 0 
7f5b871e4000-7f5b872e2000 rwxp 7f5b871e4000 00:00 0 
7f5b872e2000-7f5b872eb000 r-xs 00000000 08:13 3197464                    /var/cache/fontconfig/945677eb7aeaf62f1d50efc3fb3ec7d8-x86-64.cache-2
7f5b872eb000-7f5b872ed000 r-xs 00000000 08:13 3197468                    /var/cache/fontconfig/99e8ed0e538f840c565b6ed5dad60d56-x86-64.cache-2
7f5b872ed000-7f5b872f0000 r-xs 00000000 08:13 3197466                    /var/cache/fontconfig/e383d7ea5fbe662a33d9b44caf393297-x86-64.cache-2
7f5b872f0000-7f5b872f4000 r-xs 00000000 08:13 3197459                    /var/cache/fontconfig/6eb3985aa4124903f6ff08ba781cd364-x86-64.cache-2
7f5b872f4000-7f5b872f8000 r-xs 00000000 08:13 3196573                    /var/cache/fontconfig/a755afe4a08bf5b97852ceb7400b47bc-x86-64.cache-2
7f5b872f8000-7f5b87301000 r-xs 00000000 08:13 3197440                    /var/cache/fontconfig/6d41288fd70b0be22e8c3a91e032eec0-x86-64.cache-2
7f5b87301000-7f5b87304000 r-xs 00000000 08:13 3197439                    /var/cache/fontconfig/de156ccd2eddbdc19d37a45b8b2aac9c-x86-64.cache-2
7f5b87304000-7f5b8730f000 r-xs 00000000 08:13 3197435                    /var/cache/fontconfig/e3de0de479f42330eadf588a55fb5bf4-x86-64.cache-2
7f5b8730f000-7f5b8731e000 r-xs 00000000 08:13 3197434                    /var/cache/fontconfig/0f34bcd4b6ee430af32735b75db7f02b-x86-64.cache-2
7f5b873e4000-7f5b873e7000 ---p 7f5b873e4000 00:00 0 
7f5b873e7000-7f5b874e5000 rwxp 7f5b873e7000 00:00 0 
7f5b874e5000-7f5b874e8000 ---p 7f5b874e5000 00:00 0 
7f5b874e8000-7f5b875e6000 rwxp 7f5b874e8000 00:00 0 
7f5b875e6000-7f5b875eb000 r-xp 00000000 08:13 2805390                    /usr/lib/libXfixes.so.3.1.0
7f5b875eb000-7f5b877ea000 ---p 00005000 08:13 2805390                    /usr/lib/libXfixes.so.3.1.0
7f5b877ea000-7f5b877eb000 rwxp 00004000 08:13 2805390                    /usr/lib/libXfixes.so.3.1.0
7f5b877eb000-7f5b877f4000 r-xp 00000000 08:13 2805803                    /usr/lib/libXrender.so.1.3.0
7f5b877f4000-7f5b879f3000 ---p 00009000 08:13 2805803                    /usr/lib/libXrender.so.1.3.0
7f5b879f3000-7f5b879f4000 r-xp 00008000 08:13 2805803                    /usr/lib/libXrender.so.1.3.0
7f5b879f4000-7f5b879f5000 rwxp 00009000 08:13 2805803                    /usr/lib/libXrender.so.1.3.0
7f5b879f5000-7f5b879fe000 r-xp 00000000 08:13 2805843                    /usr/lib/libXcursor.so.1.0.2
7f5b879fe000-7f5b87bfe000 ---p 00009000 08:13 2805843                    /usr/lib/libXcursor.so.1.0.2
7f5b87bfe000-7f5b87bff000 rwxp 00009000 08:13 2805843                    /usr/lib/libXcursor.so.1.0.2
7f5b87c17000-7f5b87c1a000 r-xs 000cb000 08:13 3162696                    /usr/lib/jvm/java-6-sun-1.6.0.13/jre/lib/ext/localedata.jar
7f5b87c1a000-7f5b87c1d000 r-xs 00000000 08:13 3197433                    /var/cache/fontconfig/ddd4086aec35a5275babba44bb759c3c-x86-64.cache-2
7f5b87c1d000-7f5b87c1e000 r-xs 00000000 08:13 3197424                    /var/cache/fontconfig/4794a0821666d79190d59a36cb4f44b5-x86-64.cache-2
7f5b87c1e000-7f5b87c27000 r-xs 00000000 08:13 3197417                    /var/cache/fontconfig/d52a8644073d54c13679302ca1180695-x86-64.cache-2
7f5b87c27000-7f5b87c33000 r-xs 00000000 08:13 3197416                    /var/cache/fontconfig/089dead882dea3570ffc31a9898cfb69-x86-64.cache-2
7f5b87c33000-7f5b87c36000 ---p 7f5b87c33000 00:00 0 
7f5b87c36000-7f5b87d34000 rwxp 7f5b87c36000 00:00 0 
7f5b87d34000-7f5b87db2000 r-xp 00000000 08:13 3163204                    /usr/lib/jvm/java-6-sun-1.6.0.13/jre/lib/amd64/libfontmanager.so
7f5b87db2000-7f5b87eb1000 ---p 0007e000 08:13 3163204                    /usr/lib/jvm/java-6-sun-1.6.0.13/jre/lib/amd64/libfontmanager.so
7f5b87eb1000-7f5b87ec7000 rwxp 0007d000 08:13 3163204                    /usr/lib/jvm/java-6-sun-1.6.0.13/jre/lib/amd64/libfontmanager.so
7f5b87ec7000-7f5b87ed8000 rwxp 7f5b87ec7000 00:00 0 
7f5b87ed8000-7f5b87edd000 r-xp 00000000 08:13 2805384                    /usr/lib/libXdmcp.so.6.0.0
7f5b87edd000-7f5b880dc000 ---p 00005000 08:13 2805384                    /usr/lib/libXdmcp.so.6.0.0
7f5b880dc000-7f5b880dd000 rwxp 00004000 08:13 2805384                    /usr/lib/libXdmcp.so.6.0.0
7f5b880dd000-7f5b880f8000 r-xp 00000000 08:13 2805386                    /usr/lib/libxcb.so.1.1.0
7f5b880f8000-7f5b882f7000 ---p 0001b000 08:13 2805386                    /usr/lib/libxcb.so.1.1.0
7f5b882f7000-7f5b882f8000 r-xp 0001a000 08:13 2805386                    /usr/lib/libxcb.so.1.1.0
7f5b882f8000-7f5b882f9000 rwxp 0001b000 08:13 2805386                    /usr/lib/libxcb.so.1.1.0
7f5b882f9000-7f5b882fb000 r-xp 00000000 08:13 2805382                    /usr/lib/libXau.so.6.0.0
7f5b882fb000-7f5b884fa000 ---p 00002000 08:13 2805382                    /usr/lib/libXau.so.6.0.0
7f5b884fa000-7f5b884fb000 r-xp 00001000 08:13 2805382                    /usr/lib/libXau.so.6.0.0
7f5b884fb000-7f5b884fc000 rwxp 00002000 08:13 2805382                    /usr/lib/libXau.so.6.0.0
7f5b884fc000-7f5b88505000 r-xp 00000000 08:13 2805586                    /usr/lib/libXi.so.6.0.0
7f5b88505000-7f5b88705000 ---p 00009000 08:13 2805586                    /usr/lib/libXi.so.6.0.0
7f5b88705000-7f5b88706000 r-xp 00009000 08:13 2805586                    /usr/lib/libXi.so.6.0.0
7f5b88706000-7f5b88707000 rwxp 0000a000 08:13 2805586                    /usr/lib/libXi.so.6.0.0
7f5b88707000-7f5b8870c000 r-xp 00000000 08:13 2806834                    /usr/lib/libXtst.so.6.1.0
7f5b8870c000-7f5b8890c000 ---p 00005000 08:13 2806834                    /usr/lib/libXtst.so.6.1.0
7f5b8890c000-7f5b8890d000 r-xp 00005000 08:13 2806834                    /usr/lib/libXtst.so.6.1.0
7f5b8890d000-7f5b8890e000 rwxp 00006000 08:13 2806834                    /usr/lib/libXtst.so.6.1.0
7f5b8890e000-7f5b88a10000 r-xp 00000000 08:13 2805388                    /usr/lib/libX11.so.6.2.0
7f5b88a10000-7f5b88c10000 ---p 00102000 08:13 2805388                    /usr/lib/libX11.so.6.2.0
7f5b88c10000-7f5b88c11000 r-xp 00102000 08:13 2805388                    /usr/lib/libX11.so.6.2.0
7f5b88c11000-7f5b88c15000 rwxp 00103000 08:13 2805388                    /usr/lib/libX11.so.6.2.0
7f5b88c15000-7f5b88c26000 r-xp 00000000 08:13 2805394                    /usr/lib/libXext.so.6.4.0
7f5b88c26000-7f5b88e25000 ---p 00011000 08:13 2805394                    /usr/lib/libXext.so.6.4.0
7f5b88e25000-7f5b88e26000 r-xp 00010000 08:13 2805394                    /usr/lib/libXext.so.6.4.0
7f5b88e26000-7f5b88e27000 rwxp 00011000 08:13 2805394                    /usr/lib/libXext.so.6.4.0
7f5b88e29000-7f5b88e2d000 r-xs 00000000 08:13 3197398                    /var/cache/fontconfig/cabbd14511b9e8a55e92af97fb3a0461-x86-64.cache-2
7f5b88e2d000-7f5b88e37000 r-xs 00000000 08:13 3195524                    /var/cache/fontconfig/e13b20fdb08344e0e664864cc2ede53d-x86-64.cache-2
7f5b88e37000-7f5b88e3a000 r-xs 00000000 08:13 3196574                    /var/cache/fontconfig/7ef2298fde41cc6eeb7af42e48b7d293-x86-64.cache-2
7f5b88e3a000-7f5b88e42000 r-xp 00000000 08:13 2828206                    /usr/share/locale-langpack/zh_CN/LC_MESSAGES/libc.mo
7f5b88e42000-7f5b88e83000 r-xp 00000000 08:13 3163194                    /usr/lib/jvm/java-6-sun-1.6.0.13/jre/lib/amd64/xawt/libmawt.so
7f5b88e83000-7f5b88f82000 ---p 00041000 08:13 3163194                    /usr/lib/jvm/java-6-sun-1.6.0.13/jre/lib/amd64/xawt/libmawt.so
7f5b88f82000-7f5b88f8e000 rwxp 00040000 08:13 3163194                    /usr/lib/jvm/java-6-sun-1.6.0.13/jre/lib/amd64/xawt/libmawt.so
7f5b88f8e000-7f5b88f8f000 rwxp 7f5b88f8e000 00:00 0 
7f5b88f8f000-7f5b89021000 r-xp 00000000 08:13 3163239                    /usr/lib/jvm/java-6-sun-1.6.0.13/jre/lib/amd64/libawt.so
7f5b89021000-7f5b89120000 ---p 00092000 08:13 3163239                    /usr/lib/jvm/java-6-sun-1.6.0.13/jre/lib/amd64/libawt.so
7f5b89120000-7f5b89139000 rwxp 00091000 08:13 3163239                    /usr/lib/jvm/java-6-sun-1.6.0.13/jre/lib/amd64/libawt.so
7f5b89139000-7f5b8915e000 rwxp 7f5b89139000 00:00 0 
7f5b8915e000-7f5b89166000 r-xs 0004b000 08:11 162661                     /home/epsilon/文档/4_java/javaTools/commons-math-1.2/commons-math-1.2.jar
7f5b89166000-7f5b89167000 ---p 7f5b89166000 00:00 0 
7f5b89167000-7f5b89267000 rwxp 7f5b89167000 00:00 0 
7f5b89267000-7f5b8926a000 ---p 7f5b89267000 00:00 0 
7f5b8926a000-7f5b89368000 rwxp 7f5b8926a000 00:00 0 
7f5b89368000-7f5b8936b000 ---p 7f5b89368000 00:00 0 
7f5b8936b000-7f5b89469000 rwxp 7f5b8936b000 00:00 0 
7f5b89469000-7f5b8946c000 ---p 7f5b89469000 00:00 0 
7f5b8946c000-7f5b8956a000 rwxp 7f5b8946c000 00:00 0 
7f5b8956a000-7f5b8956d000 ---p 7f5b8956a000 00:00 0 
7f5b8956d000-7f5b8966b000 rwxp 7f5b8956d000 00:00 0 
7f5b8966b000-7f5b8966e000 ---p 7f5b8966b000 00:00 0 
7f5b8966e000-7f5b8976c000 rwxp 7f5b8966e000 00:00 0 
7f5b8976c000-7f5b8976f000 ---p 7f5b8976c000 00:00 0 
7f5b8976f000-7f5b8986d000 rwxp 7f5b8976f000 00:00 0 
7f5b8986d000-7f5b89870000 r-xp 00000000 08:13 3163230                    /usr/lib/jvm/java-6-sun-1.6.0.13/jre/lib/amd64/libdt_socket.so
7f5b89870000-7f5b8996f000 ---p 00003000 08:13 3163230                    /usr/lib/jvm/java-6-sun-1.6.0.13/jre/lib/amd64/libdt_socket.so
7f5b8996f000-7f5b89971000 rwxp 00002000 08:13 3163230                    /usr/lib/jvm/java-6-sun-1.6.0.13/jre/lib/amd64/libdt_socket.so
7f5b89971000-7f5b89974000 ---p 7f5b89971000 00:00 0 
7f5b89974000-7f5b89a72000 rwxp 7f5b89974000 00:00 0 
7f5b89a72000-7f5b89a75000 ---p 7f5b89a72000 00:00 0 
7f5b89a75000-7f5b89b73000 rwxp 7f5b89a75000 00:00 0 
7f5b89b73000-7f5b89b76000 ---p 7f5b89b73000 00:00 0 
7f5b89b76000-7f5b89c74000 rwxp 7f5b89b76000 00:00 0 
7f5b89c74000-7f5b89c75000 ---p 7f5b89c74000 00:00 0 
7f5b89c75000-7f5b89dd8000 rwxp 7f5b89c75000 00:00 0 
7f5b89dd8000-7f5b89f6a000 r-xs 02f34000 08:13 2942580                    /usr/lib/jvm/java-6-sun-1.6.0.13/jre/lib/rt.jar
7f5b89f6a000-7f5b89f6b000 ---p 7f5b89f6a000 00:00 0 
7f5b89f6b000-7f5b8a06b000 rwxp 7f5b89f6b000 00:00 0 
7f5b8a06b000-7f5b8a06c000 ---p 7f5b8a06b000 00:00 0 
7f5b8a06c000-7f5b8a18a000 rwxp 7f5b8a06c000 00:00 0 
7f5b8a18a000-7f5b8a343000 rwxp 7f5b8a18a000 00:00 0 
7f5b8a343000-7f5b8a34e000 rwxp 7f5b8a343000 00:00 0 
7f5b8a34e000-7f5b8a36d000 rwxp 7f5b8a34e000 00:00 0 
7f5b8a36d000-7f5b8a38b000 rwxp 7f5b8a36d000 00:00 0 
7f5b8a38b000-7f5b8a543000 rwxp 7f5b8a38b000 00:00 0 
7f5b8a543000-7f5b8a553000 rwxp 7f5b8a543000 00:00 0 
7f5b8a553000-7f5b8a62f000 rwxp 7f5b8a553000 00:00 0 
7f5b8a62f000-7f5b8baf0000 rwxp 7f5b8a62f000 00:00 0 
7f5b8baf0000-7f5b8fa30000 rwxp 7f5b8baf0000 00:00 0 
7f5b8fa30000-7f5b93510000 rwxp 7f5b8fa30000 00:00 0 
7f5b93510000-7f5bca790000 rwxp 7f5b93510000 00:00 0 
7f5bca790000-7f5bcc4f0000 rwxp 7f5bca790000 00:00 0 
7f5bcc4f0000-7f5be7e30000 rwxp 7f5bcc4f0000 00:00 0 
7f5be7e30000-7f5be7e37000 r-xs 00059000 08:11 1172178                    /home/epsilon/文档/4_java/javaTools/apache-log4j-1.2.15/log4j-1.2.15.jar
7f5be7e37000-7f5be7e3b000 r-xs 00042000 08:11 181746                     /home/epsilon/NetBeansProjects/EpsilonUtils/trunk/dist/EpsilonYUtil.jar
7f5be7e3b000-7f5be7e45000 rwxp 7f5be7e3b000 00:00 0 
7f5be7e45000-7f5be7efb000 rwxp 7f5be7e45000 00:00 0 
7f5be7efb000-7f5be816b000 rwxp 7f5be7efb000 00:00 0 
7f5be816b000-7f5beaefb000 rwxp 7f5be816b000 00:00 0 
7f5beaefb000-7f5beaf09000 r-xp 00000000 08:13 3163206                    /usr/lib/jvm/java-6-sun-1.6.0.13/jre/lib/amd64/libzip.so
7f5beaf09000-7f5beb00b000 ---p 0000e000 08:13 3163206                    /usr/lib/jvm/java-6-sun-1.6.0.13/jre/lib/amd64/libzip.so
7f5beb00b000-7f5beb00e000 rwxp 00010000 08:13 3163206                    /usr/lib/jvm/java-6-sun-1.6.0.13/jre/lib/amd64/libzip.so
7f5beb00e000-7f5beb00f000 rwxp 7f5beb00e000 00:00 0 
7f5beb00f000-7f5beb038000 r-xp 00000000 08:13 3163219                    /usr/lib/jvm/java-6-sun-1.6.0.13/jre/lib/amd64/libjava.so
7f5beb038000-7f5beb137000 ---p 00029000 08:13 3163219                    /usr/lib/jvm/java-6-sun-1.6.0.13/jre/lib/amd64/libjava.so
7f5beb137000-7f5beb13e000 rwxp 00028000 08:13 3163219                    /usr/lib/jvm/java-6-sun-1.6.0.13/jre/lib/amd64/libjava.so
7f5beb13e000-7f5beb14b000 r-xp 00000000 08:13 3163201                    /usr/lib/jvm/java-6-sun-1.6.0.13/jre/lib/amd64/libverify.so
7f5beb14b000-7f5beb24a000 ---p 0000d000 08:13 3163201                    /usr/lib/jvm/java-6-sun-1.6.0.13/jre/lib/amd64/libverify.so
7f5beb24a000-7f5beb24d000 rwxp 0000c000 08:13 3163201                    /usr/lib/jvm/java-6-sun-1.6.0.13/jre/lib/amd64/libverify.so
7f5beb24d000-7f5beb259000 r-xp 00000000 08:13 213021                     /lib/libnss_files-2.9.so
7f5beb259000-7f5beb458000 ---p 0000c000 08:13 213021                     /lib/libnss_files-2.9.so
7f5beb458000-7f5beb459000 r-xp 0000b000 08:13 213021                     /lib/libnss_files-2.9.so
7f5beb459000-7f5beb45a000 rwxp 0000c000 08:13 213021                     /lib/libnss_files-2.9.so
7f5beb45a000-7f5beb464000 r-xp 00000000 08:13 213023                     /lib/libnss_nis-2.9.so
7f5beb464000-7f5beb663000 ---p 0000a000 08:13 213023                     /lib/libnss_nis-2.9.so
7f5beb663000-7f5beb664000 r-xp 00009000 08:13 213023                     /lib/libnss_nis-2.9.so
7f5beb664000-7f5beb665000 rwxp 0000a000 08:13 213023                     /lib/libnss_nis-2.9.so
7f5beb665000-7f5beb66d000 r-xp 00000000 08:13 213019                     /lib/libnss_compat-2.9.so
7f5beb66d000-7f5beb86c000 ---p 00008000 08:13 213019                     /lib/libnss_compat-2.9.so
7f5beb86c000-7f5beb86d000 r-xp 00007000 08:13 213019                     /lib/libnss_compat-2.9.so
7f5beb86d000-7f5beb86e000 rwxp 00008000 08:13 213019                     /lib/libnss_compat-2.9.so
7f5beb86e000-7f5beb98d000 r-xp 00000000 08:13 2827842                    /usr/lib/locale/zh_CN.utf8/LC_COLLATE
7f5beb98d000-7f5beb990000 r-xp 00000000 08:13 3163198                    /usr/lib/jvm/java-6-sun-1.6.0.13/jre/lib/amd64/libnpt.so
7f5beb990000-7f5beba8f000 ---p 00003000 08:13 3163198                    /usr/lib/jvm/java-6-sun-1.6.0.13/jre/lib/amd64/libnpt.so
7f5beba8f000-7f5beba90000 rwxp 00002000 08:13 3163198                    /usr/lib/jvm/java-6-sun-1.6.0.13/jre/lib/amd64/libnpt.so
7f5beba90000-7f5bebac6000 r-xp 00000000 08:13 3163223                    /usr/lib/jvm/java-6-sun-1.6.0.13/jre/lib/amd64/libjdwp.so
7f5bebac6000-7f5bebbc5000 ---p 00036000 08:13 3163223                    /usr/lib/jvm/java-6-sun-1.6.0.13/jre/lib/amd64/libjdwp.so
7f5bebbc5000-7f5bebbce000 rwxp 00035000 08:13 3163223                    /usr/lib/jvm/java-6-sun-1.6.0.13/jre/lib/amd64/libjdwp.so
7f5bebbce000-7f5bebbcf000 rwxp 7f5bebbce000 00:00 0 
7f5bebbcf000-7f5bebbe5000 r-xp 00000000 08:13 213018                     /lib/libnsl-2.9.so
7f5bebbe5000-7f5bebde5000 ---p 00016000 08:13 213018                     /lib/libnsl-2.9.so
7f5bebde5000-7f5bebde6000 r-xp 00016000 08:13 213018                     /lib/libnsl-2.9.so
7f5bebde6000-7f5bebde7000 rwxp 00017000 08:13 213018                     /lib/libnsl-2.9.so
7f5bebde7000-7f5bebde9000 rwxp 7f5bebde7000 00:00 0 
7f5bebde9000-7f5bebdf0000 r-xp 00000000 08:13 3163208                    /usr/lib/jvm/java-6-sun-1.6.0.13/jre/lib/amd64/native_threads/libhpi.so
7f5bebdf0000-7f5bebef1000 ---p 00007000 08:13 3163208                    /usr/lib/jvm/java-6-sun-1.6.0.13/jre/lib/amd64/native_threads/libhpi.so
7f5bebef1000-7f5bebef3000 rwxp 00008000 08:13 3163208                    /usr/lib/jvm/java-6-sun-1.6.0.13/jre/lib/amd64/native_threads/libhpi.so
7f5bebef3000-7f5bebef4000 rwxp 7f5bebef3000 00:00 0 
7f5bebef4000-7f5bebefb000 r-xp 00000000 08:13 213028                     /lib/librt-2.9.so
7f5bebefb000-7f5bec0fa000 ---p 00007000 08:13 213028                     /lib/librt-2.9.so
7f5bec0fa000-7f5bec0fb000 r-xp 00006000 08:13 213028                     /lib/librt-2.9.so
7f5bec0fb000-7f5bec0fc000 rwxp 00007000 08:13 213028                     /lib/librt-2.9.so
7f5bec0fc000-7f5bec0ff000 ---p 7f5bec0fc000 00:00 0 
7f5bec0ff000-7f5bec1fd000 rwxp 7f5bec0ff000 00:00 0 
7f5bec1fd000-7f5bec281000 r-xp 00000000 08:13 213016                     /lib/libm-2.9.so
7f5bec281000-7f5bec480000 ---p 00084000 08:13 213016                     /lib/libm-2.9.so
7f5bec480000-7f5bec481000 r-xp 00083000 08:13 213016                     /lib/libm-2.9.so
7f5bec481000-7f5bec482000 rwxp 00084000 08:13 213016                     /lib/libm-2.9.so
7f5bec482000-7f5becb0f000 r-xp 00000000 08:13 3163226                    /usr/lib/jvm/java-6-sun-1.6.0.13/jre/lib/amd64/server/libjvm.so
7f5becb0f000-7f5becc0e000 ---p 0068d000 08:13 3163226                    /usr/lib/jvm/java-6-sun-1.6.0.13/jre/lib/amd64/server/libjvm.so
7f5becc0e000-7f5becd5f000 rwxp 0068c000 08:13 3163226                    /usr/lib/jvm/java-6-sun-1.6.0.13/jre/lib/amd64/server/libjvm.so
7f5becd5f000-7f5becd9c000 rwxp 7f5becd5f000 00:00 0 
7f5becd9c000-7f5becf04000 r-xp 00000000 08:13 213012                     /lib/libc-2.9.so
7f5becf04000-7f5bed104000 ---p 00168000 08:13 213012                     /lib/libc-2.9.so
7f5bed104000-7f5bed108000 r-xp 00168000 08:13 213012                     /lib/libc-2.9.so
7f5bed108000-7f5bed109000 rwxp 0016c000 08:13 213012                     /lib/libc-2.9.so
7f5bed109000-7f5bed10e000 rwxp 7f5bed109000 00:00 0 
7f5bed10e000-7f5bed110000 r-xp 00000000 08:13 213015                     /lib/libdl-2.9.so
7f5bed110000-7f5bed310000 ---p 00002000 08:13 213015                     /lib/libdl-2.9.so
7f5bed310000-7f5bed311000 r-xp 00002000 08:13 213015                     /lib/libdl-2.9.so
7f5bed311000-7f5bed312000 rwxp 00003000 08:13 213015                     /lib/libdl-2.9.so
7f5bed312000-7f5bed329000 r-xp 00000000 08:13 213026                     /lib/libpthread-2.9.so
7f5bed329000-7f5bed528000 ---p 00017000 08:13 213026                     /lib/libpthread-2.9.so
7f5bed528000-7f5bed529000 r-xp 00016000 08:13 213026                     /lib/libpthread-2.9.so
7f5bed529000-7f5bed52a000 rwxp 00017000 08:13 213026                     /lib/libpthread-2.9.so
7f5bed52a000-7f5bed52e000 rwxp 7f5bed52a000 00:00 0 
7f5bed52e000-7f5bed54e000 r-xp 00000000 08:13 213006                     /lib/ld-2.9.so
7f5bed54f000-7f5bed550000 r-xs 00000000 08:13 3197445                    /var/cache/fontconfig/4c73fe0c47614734b17d736dbde7580a-x86-64.cache-2
7f5bed550000-7f5bed55e000 r-xs 000ba000 08:11 422677                     /home/epsilon/文档/4_java/javaTools/mtj.jar
7f5bed55e000-7f5bed5c4000 rwxp 7f5bed55e000 00:00 0 
7f5bed5c4000-7f5bed5e3000 rwxp 7f5bed5c4000 00:00 0 
7f5bed5e3000-7f5bed622000 r-xp 00000000 08:13 2827839                    /usr/lib/locale/zh_CN.utf8/LC_CTYPE
7f5bed622000-7f5bed624000 rwxp 7f5bed622000 00:00 0 
7f5bed624000-7f5bed62b000 r-xp 00000000 08:13 3163192                    /usr/lib/jvm/java-6-sun-1.6.0.13/jre/lib/amd64/jli/libjli.so
7f5bed62b000-7f5bed72c000 ---p 00007000 08:13 3163192                    /usr/lib/jvm/java-6-sun-1.6.0.13/jre/lib/amd64/jli/libjli.so
7f5bed72c000-7f5bed72e000 rwxp 00008000 08:13 3163192                    /usr/lib/jvm/java-6-sun-1.6.0.13/jre/lib/amd64/jli/libjli.so
7f5bed72e000-7f5bed72f000 rwxp 7f5bed72e000 00:00 0 
7f5bed72f000-7f5bed737000 rwxs 00000000 08:13 377152                     /tmp/hsperfdata_epsilon/26176
7f5bed737000-7f5bed738000 r-xp 00000000 08:13 2827840                    /usr/lib/locale/zh_CN.utf8/LC_NUMERIC
7f5bed738000-7f5bed739000 r-xp 00000000 08:13 2827841                    /usr/lib/locale/zh_CN.utf8/LC_TIME
7f5bed739000-7f5bed73a000 r-xp 00000000 08:13 2827843                    /usr/lib/locale/zh_CN.utf8/LC_MONETARY
7f5bed73a000-7f5bed73b000 r-xp 00000000 08:13 2827845                    /usr/lib/locale/zh_CN.utf8/LC_MESSAGES/SYS_LC_MESSAGES
7f5bed73b000-7f5bed73c000 r-xp 00000000 08:13 2827846                    /usr/lib/locale/zh_CN.utf8/LC_PAPER
7f5bed73c000-7f5bed73d000 r-xp 00000000 08:13 2827847                    /usr/lib/locale/zh_CN.utf8/LC_NAME
7f5bed73d000-7f5bed73e000 r-xp 00000000 08:13 2827848                    /usr/lib/locale/zh_CN.utf8/LC_ADDRESS
7f5bed73e000-7f5bed73f000 r-xp 00000000 08:13 2827849                    /usr/lib/locale/zh_CN.utf8/LC_TELEPHONE
7f5bed73f000-7f5bed740000 r-xp 00000000 08:13 2827850                    /usr/lib/locale/zh_CN.utf8/LC_MEASUREMENT
7f5bed740000-7f5bed747000 r-xs 00000000 08:13 2803699                    /usr/lib/gconv/gconv-modules.cache
7f5bed747000-7f5bed748000 r-xp 00000000 08:13 2827851                    /usr/lib/locale/zh_CN.utf8/LC_IDENTIFICATION
7f5bed748000-7f5bed749000 rwxp 7f5bed748000 00:00 0 
7f5bed749000-7f5bed74a000 r-xp 7f5bed749000 00:00 0 
7f5bed74a000-7f5bed74d000 rwxp 7f5bed74a000 00:00 0 
7f5bed74d000-7f5bed74e000 r-xp 0001f000 08:13 213006                     /lib/ld-2.9.so
7f5bed74e000-7f5bed74f000 rwxp 00020000 08:13 213006                     /lib/ld-2.9.so
7ffff573a000-7ffff574f000 rwxp 7ffffffea000 00:00 0                      [stack]
7ffff57ff000-7ffff5800000 r-xp 7ffff57ff000 00:00 0                      [vdso]
ffffffffff600000-ffffffffff601000 r-xp 00000000 00:00 0                  [vsyscall]

VM Arguments:
jvm_args: -Xdebug -Xrunjdwp:transport=dt_socket,address=epsilon-desktop:53746 -Dawt.useSystemAAFontSettings=on 
java_command: net.epsilony.simpmeshfree.model.ModelTestFrame
Launcher Type: SUN_STANDARD

Environment Variables:
_JAVA_OPTIONS=-Dawt.useSystemAAFontSettings=on
PATH=/usr/local/sbin:/usr/local/bin:/usr/sbin:/usr/bin:/sbin:/bin:/usr/games
USERNAME=epsilon
LD_LIBRARY_PATH=/usr/lib/jvm/java-6-sun-1.6.0.13/jre/lib/amd64/server:/usr/lib/jvm/java-6-sun-1.6.0.13/jre/lib/amd64:/usr/lib/jvm/java-6-sun-1.6.0.13/jre/../lib/amd64
SHELL=/bin/bash
DISPLAY=:0.0

Signal Handlers:
SIGSEGV: [libjvm.so+0x5fcd20], sa_mask[0]=0x7ffbfeff, sa_flags=0x10000004
SIGBUS: [libjvm.so+0x5fcd20], sa_mask[0]=0x7ffbfeff, sa_flags=0x10000004
SIGFPE: [libjvm.so+0x4e0eb0], sa_mask[0]=0x7ffbfeff, sa_flags=0x10000004
SIGPIPE: [libjvm.so+0x4e0eb0], sa_mask[0]=0x7ffbfeff, sa_flags=0x10000004
SIGXFSZ: [libjvm.so+0x4e0eb0], sa_mask[0]=0x7ffbfeff, sa_flags=0x10000004
SIGILL: [libjvm.so+0x4e0eb0], sa_mask[0]=0x7ffbfeff, sa_flags=0x10000004
SIGUSR1: SIG_DFL, sa_mask[0]=0x00000000, sa_flags=0x00000000
SIGUSR2: [libjvm.so+0x4e35d0], sa_mask[0]=0x00000004, sa_flags=0x10000004
SIGHUP: [libjvm.so+0x4e3320], sa_mask[0]=0x7ffbfeff, sa_flags=0x10000004
SIGINT: SIG_IGN, sa_mask[0]=0x00000000, sa_flags=0x00000000
SIGTERM: [libjvm.so+0x4e3320], sa_mask[0]=0x7ffbfeff, sa_flags=0x10000004
SIGQUIT: [libjvm.so+0x4e3320], sa_mask[0]=0x7ffbfeff, sa_flags=0x10000004


---------------  S Y S T E M  ---------------

OS:5.0

uname:Linux 2.6.28-12-generic #43-Ubuntu SMP Fri May 1 19:31:32 UTC 2009 x86_64
libc:glibc 2.9 NPTL 2.9 
rlimit: STACK 8192k, CORE 0k, NPROC infinity, NOFILE 1024, AS infinity
load average:1.04 1.00 0.88

CPU:total 2 (2 cores per cpu, 1 threads per core) family 16 model 2 stepping 3, cmov, cx8, fxsr, mmx, sse, sse2, sse3, mmxext, 3dnow, 3dnowext, sse4a

Memory: 4k page, physical 5780180k(2067288k free), swap 3903752k(3865604k free)

vm_info: Java HotSpot(TM) 64-Bit Server VM (11.3-b02) for linux-amd64 JRE (1.6.0_13-b03), built on Mar  9 2009 11:08:22 by "java_re" with gcc 3.2.2 (SuSE Linux)

time: Mon May 18 15:49:04 2009
elapsed time: 1 seconds

