#
# An unexpected error has been detected by Java Runtime Environment:
#
#  SIGSEGV (0xb) at pc=0x00007f67938ef11b, pid=13374, tid=140081135663440
#
# Java VM: Java HotSpot(TM) 64-Bit Server VM (11.3-b02 mixed mode linux-amd64)
# Problematic frame:
# C  [libc.so.6+0x8411b]  memcpy+0x15b
#
# If you would like to submit a bug report, please visit:
#   http://java.sun.com/webapps/bugreport/crash.jsp
#

---------------  T H R E A D  ---------------

Current thread (0x00007f6728031800):  JavaThread "AWT-EventQueue-0" [_thread_in_vm, id=13390, stack(0x00007f672e44b000,0x00007f672e54c000)]

siginfo:si_signo=SIGSEGV: si_errno=0, si_code=2 (SEGV_ACCERR), si_addr=0x00007f67200b1000

Registers:
RAX=0x00007f6771f1fd80, RBX=0x00007f67315212a0, RCX=0x00000000000000d0, RDX=0x0000000000001d00
RSP=0x00007f672e54a3b8, RBP=0x00007f672e54a440, RSI=0x00007f67200b1000, RDI=0x00007f6771f21400
R8 =0x0000000000000ffc, R9 =0x00007f679373b5b8, R10=0x00007f679373f028, R11=0x0000000000001d00
R12=0x0000000000001d00, R13=0x0000000000000000, R14=0x0000000041c5c628, R15=0x00007f672e54a3d0
RIP=0x00007f67938ef11b, EFL=0x0000000000010216, CSGSFS=0x0000000000000033, ERR=0x0000000000000004
  TRAPNO=0x000000000000000e

Top of Stack: (sp=0x00007f672e54a3b8)
0x00007f672e54a3b8:   00007f6793297600 00007f67280319c0
0x00007f672e54a3c8:   00007f67200af980 00007f6728031800
0x00007f672e54a3d8:   0000000000000000 00007f6728031800
0x00007f672e54a3e8:   0000000000000000 00007f6728031800
0x00007f672e54a3f8:   00007f672e54a538 00007f6728031800
0x00007f672e54a408:   00007f67938e5276 00007f6728031800
0x00007f672e54a418:   0000000041c5c628 00007f67200088b0
0x00007f672e54a428:   00007f6720008a10 00007f672e54a538
0x00007f672e54a438:   0000000041c5c5d0 00007f67280319c0
0x00007f672e54a448:   00007f672e028486 00007f6720008960
0x00007f672e54a458:   0000000041c5c5d8 0000000041c5c5e0
0x00007f672e54a468:   0000000041c5c5e8 0000000041c5c5f0
0x00007f672e54a478:   00007f6728031eb8 0000000041c5c5f8
0x00007f672e54a488:   00007f6728031f00 0101010100031800
0x00007f672e54a498:   00007f6731f183a0 00007f672e54a518
0x00007f672e54a4a8:   0000000000000101 00007f6731f183a0
0x00007f672e54a4b8:   00007f672e54a538 00007f6728031800
0x00007f672e54a4c8:   00007f678ed39852 00007f6728031800
0x00007f672e54a4d8:   00007f672e54a4d8 00007f6731f183a0
0x00007f672e54a4e8:   00007f672e54a538 00007f6731f18dd8
0x00007f672e54a4f8:   0000000000000000 00007f6731f183a0
0x00007f672e54a508:   0000000000000000 00007f672e54a538
0x00007f672e54a518:   00007f672e54a580 00007f678ed2e322
0x00007f672e54a528:   0000000000000000 00007f678ed36358
0x00007f672e54a538:   00007f6771f04ac0 00007f672e54a540
0x00007f672e54a548:   00007f6731f16e7d 00007f672e54a5c8
0x00007f672e54a558:   00007f6731f18dd8 0000000000000000
0x00007f672e54a568:   00007f6731f16f08 00007f672e54a538
0x00007f672e54a578:   00007f672e54a5b8 00007f672e54a610
0x00007f672e54a588:   00007f678ed2e322 0000000000000000
0x00007f672e54a598:   00007f6771f1c9f8 0000000000000000
0x00007f672e54a5a8:   00007f6771f1c9e0 00007f6771f1c648 

Instructions: (pc=0x00007f67938ef11b)
0x00007f67938ef10b:   0f 47 da 4c 89 d9 49 83 e3 f8 48 c1 e9 03 74 05
0x00007f67938ef11b:   f3 48 a5 66 90 4c 29 da 48 f7 c2 f8 ff ff ff 75 

Stack: [0x00007f672e44b000,0x00007f672e54c000],  sp=0x00007f672e54a3b8,  free space=1020k
Native frames: (J=compiled Java code, j=interpreted, Vv=VM code, C=native code)
C  [libc.so.6+0x8411b]  memcpy+0x15b

Java frames: (J=compiled Java code, j=interpreted, Vv=VM code)
j  net.epsilony.simpmeshfree.model.geometry.TriangleJni.triangleFun()V+0
j  net.epsilony.simpmeshfree.model.geometry.TriangleJni.complie(Lnet/epsilony/simpmeshfree/model/geometry/GeometryModel;Ljava/lang/String;)V+141
j  net.epsilony.simpmeshfree.model.mechanics.MechanicsModel.generateNodesByTriangle(DDLjava/lang/String;ZZ)V+110
j  net.epsilony.simpmeshfree.model.ModelTestFrame.<init>()V+599
j  net.epsilony.simpmeshfree.model.ModelTestFrame$1.run()V+4
j  java.awt.event.InvocationEvent.dispatch()V+47
j  java.awt.EventQueue.dispatchEvent(Ljava/awt/AWTEvent;)V+26
j  java.awt.EventDispatchThread.pumpOneEventForFilters(I)Z+204
j  java.awt.EventDispatchThread.pumpEventsForFilter(ILjava/awt/Conditional;Ljava/awt/EventFilter;)V+30
j  java.awt.EventDispatchThread.pumpEventsForHierarchy(ILjava/awt/Conditional;Ljava/awt/Component;)V+11
j  java.awt.EventDispatchThread.pumpEvents(ILjava/awt/Conditional;)V+4
j  java.awt.EventDispatchThread.pumpEvents(Ljava/awt/Conditional;)V+3
j  java.awt.EventDispatchThread.run()V+9
v  ~StubRoutines::call_stub

---------------  P R O C E S S  ---------------

Java Threads: ( => current thread )
  0x00007f672804d800 JavaThread "Thread-3" [_thread_blocked, id=13392, stack(0x00007f672e249000,0x00007f672e34a000)]
  0x00007f6728035400 JavaThread "Thread-2" [_thread_blocked, id=13391, stack(0x00007f672e34a000,0x00007f672e44b000)]
  0x00007f6728033000 JavaThread "DestroyJavaVM" [_thread_blocked, id=13375, stack(0x00007f6792bcb000,0x00007f6792ccc000)]
=>0x00007f6728031800 JavaThread "AWT-EventQueue-0" [_thread_in_vm, id=13390, stack(0x00007f672e44b000,0x00007f672e54c000)]
  0x00007f6728030800 JavaThread "AWT-Shutdown" [_thread_blocked, id=13389, stack(0x00007f672e652000,0x00007f672e753000)]
  0x00007f672802f400 JavaThread "AWT-XAWT" daemon [_thread_in_native, id=13388, stack(0x00007f672e753000,0x00007f672e854000)]
  0x0000000041bd8400 JavaThread "Java2D Disposer" daemon [_thread_blocked, id=13386, stack(0x00007f672ee88000,0x00007f672ef89000)]
  0x0000000041a2d800 JavaThread "Low Memory Detector" daemon [_thread_blocked, id=13384, stack(0x00007f67304bb000,0x00007f67305bc000)]
  0x0000000041a2b000 JavaThread "CompilerThread1" daemon [_thread_blocked, id=13383, stack(0x00007f67305bc000,0x00007f67306bd000)]
  0x0000000041a27000 JavaThread "CompilerThread0" daemon [_thread_in_native, id=13382, stack(0x00007f67306bd000,0x00007f67307be000)]
  0x0000000041a25000 JavaThread "Signal Dispatcher" daemon [_thread_blocked, id=13381, stack(0x00007f67307be000,0x00007f67308bf000)]
  0x0000000041a03c00 JavaThread "Finalizer" daemon [_thread_blocked, id=13380, stack(0x00007f67308fe000,0x00007f67309ff000)]
  0x00000000419fc800 JavaThread "Reference Handler" daemon [_thread_blocked, id=13379, stack(0x00007f67309ff000,0x00007f6730b00000)]

Other Threads:
  0x00000000419f7000 VMThread [stack: 0x00007f6730b00000,0x00007f6730c01000] [id=13378]
  0x0000000041a2fc00 WatcherThread [stack: 0x00007f67303ba000,0x00007f67304bb000] [id=13385]

VM state:not at safepoint (normal execution)

VM Mutex/Monitor currently owned by a thread: None

Heap
 PSYoungGen      total 26368K, used 19348K [0x00007f6771680000, 0x00007f67733e0000, 0x00007f678ed20000)
  eden space 22656K, 85% used [0x00007f6771680000,0x00007f6772965140,0x00007f6772ca0000)
  from space 3712K, 0% used [0x00007f6773040000,0x00007f6773040000,0x00007f67733e0000)
  to   space 3712K, 0% used [0x00007f6772ca0000,0x00007f6772ca0000,0x00007f6773040000)
 PSOldGen        total 60288K, used 0K [0x00007f6736920000, 0x00007f673a400000, 0x00007f6771680000)
  object space 60288K, 0% used [0x00007f6736920000,0x00007f6736920000,0x00007f673a400000)
 PSPermGen       total 21248K, used 10219K [0x00007f6731520000, 0x00007f67329e0000, 0x00007f6736920000)
  object space 21248K, 48% used [0x00007f6731520000,0x00007f6731f1ace8,0x00007f67329e0000)

Dynamic libraries:
40000000-40009000 r-xp 00000000 08:13 3163089                            /usr/lib/jvm/java-6-sun-1.6.0.13/jre/bin/java
40108000-4010a000 rwxp 00008000 08:13 3163089                            /usr/lib/jvm/java-6-sun-1.6.0.13/jre/bin/java
4196e000-425d0000 rwxp 4196e000 00:00 0                                  [heap]
7f6720000000-7f67200b1000 rwxp 7f6720000000 00:00 0 
7f67200b1000-7f6724000000 ---p 7f67200b1000 00:00 0 
7f6728000000-7f672807d000 rwxp 7f6728000000 00:00 0 
7f672807d000-7f672c000000 ---p 7f672807d000 00:00 0 
7f672daff000-7f672db15000 r-xp 00000000 08:13 213005                     /lib/libgcc_s.so.1
7f672db15000-7f672dd15000 ---p 00016000 08:13 213005                     /lib/libgcc_s.so.1
7f672dd15000-7f672dd16000 r-xp 00016000 08:13 213005                     /lib/libgcc_s.so.1
7f672dd16000-7f672dd17000 rwxp 00017000 08:13 213005                     /lib/libgcc_s.so.1
7f672dd17000-7f672de08000 r-xp 00000000 08:13 2802601                    /usr/lib/libstdc++.so.6.0.10
7f672de08000-7f672e008000 ---p 000f1000 08:13 2802601                    /usr/lib/libstdc++.so.6.0.10
7f672e008000-7f672e00f000 r-xp 000f1000 08:13 2802601                    /usr/lib/libstdc++.so.6.0.10
7f672e00f000-7f672e011000 rwxp 000f8000 08:13 2802601                    /usr/lib/libstdc++.so.6.0.10
7f672e011000-7f672e024000 rwxp 7f672e011000 00:00 0 
7f672e024000-7f672e048000 r-xp 00000000 08:13 1942103                    /usr/lib/TriangleJniAmd64.so
7f672e048000-7f672e247000 ---p 00024000 08:13 1942103                    /usr/lib/TriangleJniAmd64.so
7f672e247000-7f672e248000 r-xp 00023000 08:13 1942103                    /usr/lib/TriangleJniAmd64.so
7f672e248000-7f672e249000 rwxp 00024000 08:13 1942103                    /usr/lib/TriangleJniAmd64.so
7f672e249000-7f672e24c000 ---p 7f672e249000 00:00 0 
7f672e24c000-7f672e34a000 rwxp 7f672e24c000 00:00 0 
7f672e34a000-7f672e34d000 ---p 7f672e34a000 00:00 0 
7f672e34d000-7f672e44b000 rwxp 7f672e34d000 00:00 0 
7f672e44b000-7f672e44e000 ---p 7f672e44b000 00:00 0 
7f672e44e000-7f672e54c000 rwxp 7f672e44e000 00:00 0 
7f672e54c000-7f672e555000 r-xs 00000000 08:13 3197464                    /var/cache/fontconfig/945677eb7aeaf62f1d50efc3fb3ec7d8-x86-64.cache-2
7f672e555000-7f672e557000 r-xs 00000000 08:13 3197468                    /var/cache/fontconfig/99e8ed0e538f840c565b6ed5dad60d56-x86-64.cache-2
7f672e557000-7f672e55a000 r-xs 00000000 08:13 3197466                    /var/cache/fontconfig/e383d7ea5fbe662a33d9b44caf393297-x86-64.cache-2
7f672e55a000-7f672e55e000 r-xs 00000000 08:13 3197459                    /var/cache/fontconfig/6eb3985aa4124903f6ff08ba781cd364-x86-64.cache-2
7f672e55e000-7f672e562000 r-xs 00000000 08:13 3196573                    /var/cache/fontconfig/a755afe4a08bf5b97852ceb7400b47bc-x86-64.cache-2
7f672e562000-7f672e56b000 r-xs 00000000 08:13 3197440                    /var/cache/fontconfig/6d41288fd70b0be22e8c3a91e032eec0-x86-64.cache-2
7f672e56b000-7f672e576000 r-xs 00000000 08:13 3197435                    /var/cache/fontconfig/e3de0de479f42330eadf588a55fb5bf4-x86-64.cache-2
7f672e576000-7f672e585000 r-xs 00000000 08:13 3197434                    /var/cache/fontconfig/0f34bcd4b6ee430af32735b75db7f02b-x86-64.cache-2
7f672e585000-7f672e58e000 r-xs 00000000 08:13 3197417                    /var/cache/fontconfig/d52a8644073d54c13679302ca1180695-x86-64.cache-2
7f672e652000-7f672e655000 ---p 7f672e652000 00:00 0 
7f672e655000-7f672e753000 rwxp 7f672e655000 00:00 0 
7f672e753000-7f672e756000 ---p 7f672e753000 00:00 0 
7f672e756000-7f672e854000 rwxp 7f672e756000 00:00 0 
7f672e854000-7f672e859000 r-xp 00000000 08:13 2805390                    /usr/lib/libXfixes.so.3.1.0
7f672e859000-7f672ea58000 ---p 00005000 08:13 2805390                    /usr/lib/libXfixes.so.3.1.0
7f672ea58000-7f672ea59000 rwxp 00004000 08:13 2805390                    /usr/lib/libXfixes.so.3.1.0
7f672ea59000-7f672ea62000 r-xp 00000000 08:13 2805803                    /usr/lib/libXrender.so.1.3.0
7f672ea62000-7f672ec61000 ---p 00009000 08:13 2805803                    /usr/lib/libXrender.so.1.3.0
7f672ec61000-7f672ec62000 r-xp 00008000 08:13 2805803                    /usr/lib/libXrender.so.1.3.0
7f672ec62000-7f672ec63000 rwxp 00009000 08:13 2805803                    /usr/lib/libXrender.so.1.3.0
7f672ec63000-7f672ec6c000 r-xp 00000000 08:13 2805843                    /usr/lib/libXcursor.so.1.0.2
7f672ec6c000-7f672ee6c000 ---p 00009000 08:13 2805843                    /usr/lib/libXcursor.so.1.0.2
7f672ee6c000-7f672ee6d000 rwxp 00009000 08:13 2805843                    /usr/lib/libXcursor.so.1.0.2
7f672ee88000-7f672ee8b000 ---p 7f672ee88000 00:00 0 
7f672ee8b000-7f672ef89000 rwxp 7f672ee8b000 00:00 0 
7f672ef89000-7f672f007000 r-xp 00000000 08:13 3163204                    /usr/lib/jvm/java-6-sun-1.6.0.13/jre/lib/amd64/libfontmanager.so
7f672f007000-7f672f106000 ---p 0007e000 08:13 3163204                    /usr/lib/jvm/java-6-sun-1.6.0.13/jre/lib/amd64/libfontmanager.so
7f672f106000-7f672f11c000 rwxp 0007d000 08:13 3163204                    /usr/lib/jvm/java-6-sun-1.6.0.13/jre/lib/amd64/libfontmanager.so
7f672f11c000-7f672f12d000 rwxp 7f672f11c000 00:00 0 
7f672f12d000-7f672f132000 r-xp 00000000 08:13 2805384                    /usr/lib/libXdmcp.so.6.0.0
7f672f132000-7f672f331000 ---p 00005000 08:13 2805384                    /usr/lib/libXdmcp.so.6.0.0
7f672f331000-7f672f332000 rwxp 00004000 08:13 2805384                    /usr/lib/libXdmcp.so.6.0.0
7f672f332000-7f672f34d000 r-xp 00000000 08:13 2805386                    /usr/lib/libxcb.so.1.1.0
7f672f34d000-7f672f54c000 ---p 0001b000 08:13 2805386                    /usr/lib/libxcb.so.1.1.0
7f672f54c000-7f672f54d000 r-xp 0001a000 08:13 2805386                    /usr/lib/libxcb.so.1.1.0
7f672f54d000-7f672f54e000 rwxp 0001b000 08:13 2805386                    /usr/lib/libxcb.so.1.1.0
7f672f54e000-7f672f550000 r-xp 00000000 08:13 2805382                    /usr/lib/libXau.so.6.0.0
7f672f550000-7f672f74f000 ---p 00002000 08:13 2805382                    /usr/lib/libXau.so.6.0.0
7f672f74f000-7f672f750000 r-xp 00001000 08:13 2805382                    /usr/lib/libXau.so.6.0.0
7f672f750000-7f672f751000 rwxp 00002000 08:13 2805382                    /usr/lib/libXau.so.6.0.0
7f672f751000-7f672f75a000 r-xp 00000000 08:13 2805586                    /usr/lib/libXi.so.6.0.0
7f672f75a000-7f672f95a000 ---p 00009000 08:13 2805586                    /usr/lib/libXi.so.6.0.0
7f672f95a000-7f672f95b000 r-xp 00009000 08:13 2805586                    /usr/lib/libXi.so.6.0.0
7f672f95b000-7f672f95c000 rwxp 0000a000 08:13 2805586                    /usr/lib/libXi.so.6.0.0
7f672f95c000-7f672f961000 r-xp 00000000 08:13 2806834                    /usr/lib/libXtst.so.6.1.0
7f672f961000-7f672fb61000 ---p 00005000 08:13 2806834                    /usr/lib/libXtst.so.6.1.0
7f672fb61000-7f672fb62000 r-xp 00005000 08:13 2806834                    /usr/lib/libXtst.so.6.1.0
7f672fb62000-7f672fb63000 rwxp 00006000 08:13 2806834                    /usr/lib/libXtst.so.6.1.0
7f672fb63000-7f672fc65000 r-xp 00000000 08:13 2805388                    /usr/lib/libX11.so.6.2.0
7f672fc65000-7f672fe65000 ---p 00102000 08:13 2805388                    /usr/lib/libX11.so.6.2.0
7f672fe65000-7f672fe66000 r-xp 00102000 08:13 2805388                    /usr/lib/libX11.so.6.2.0
7f672fe66000-7f672fe6a000 rwxp 00103000 08:13 2805388                    /usr/lib/libX11.so.6.2.0
7f672fe6a000-7f672fe7b000 r-xp 00000000 08:13 2805394                    /usr/lib/libXext.so.6.4.0
7f672fe7b000-7f673007a000 ---p 00011000 08:13 2805394                    /usr/lib/libXext.so.6.4.0
7f673007a000-7f673007b000 r-xp 00010000 08:13 2805394                    /usr/lib/libXext.so.6.4.0
7f673007b000-7f673007c000 rwxp 00011000 08:13 2805394                    /usr/lib/libXext.so.6.4.0
7f673007d000-7f6730089000 r-xs 00000000 08:13 3197416                    /var/cache/fontconfig/089dead882dea3570ffc31a9898cfb69-x86-64.cache-2
7f6730089000-7f673008d000 r-xs 00000000 08:13 3197398                    /var/cache/fontconfig/cabbd14511b9e8a55e92af97fb3a0461-x86-64.cache-2
7f673008d000-7f6730097000 r-xs 00000000 08:13 3195524                    /var/cache/fontconfig/e13b20fdb08344e0e664864cc2ede53d-x86-64.cache-2
7f6730097000-7f67300d8000 r-xp 00000000 08:13 3163194                    /usr/lib/jvm/java-6-sun-1.6.0.13/jre/lib/amd64/xawt/libmawt.so
7f67300d8000-7f67301d7000 ---p 00041000 08:13 3163194                    /usr/lib/jvm/java-6-sun-1.6.0.13/jre/lib/amd64/xawt/libmawt.so
7f67301d7000-7f67301e3000 rwxp 00040000 08:13 3163194                    /usr/lib/jvm/java-6-sun-1.6.0.13/jre/lib/amd64/xawt/libmawt.so
7f67301e3000-7f67301e4000 rwxp 7f67301e3000 00:00 0 
7f67301e4000-7f6730276000 r-xp 00000000 08:13 3163239                    /usr/lib/jvm/java-6-sun-1.6.0.13/jre/lib/amd64/libawt.so
7f6730276000-7f6730375000 ---p 00092000 08:13 3163239                    /usr/lib/jvm/java-6-sun-1.6.0.13/jre/lib/amd64/libawt.so
7f6730375000-7f673038e000 rwxp 00091000 08:13 3163239                    /usr/lib/jvm/java-6-sun-1.6.0.13/jre/lib/amd64/libawt.so
7f673038e000-7f67303b3000 rwxp 7f673038e000 00:00 0 
7f67303b3000-7f67303ba000 r-xs 00059000 08:11 1172178                    /home/epsilon/文档/4_java/javaTools/apache-log4j-1.2.15/log4j-1.2.15.jar
7f67303ba000-7f67303bb000 ---p 7f67303ba000 00:00 0 
7f67303bb000-7f67304bb000 rwxp 7f67303bb000 00:00 0 
7f67304bb000-7f67304be000 ---p 7f67304bb000 00:00 0 
7f67304be000-7f67305bc000 rwxp 7f67304be000 00:00 0 
7f67305bc000-7f67305bf000 ---p 7f67305bc000 00:00 0 
7f67305bf000-7f67306bd000 rwxp 7f67305bf000 00:00 0 
7f67306bd000-7f67306c0000 ---p 7f67306bd000 00:00 0 
7f67306c0000-7f67307be000 rwxp 7f67306c0000 00:00 0 
7f67307be000-7f67307c1000 ---p 7f67307be000 00:00 0 
7f67307c1000-7f67308bf000 rwxp 7f67307c1000 00:00 0 
7f67308bf000-7f67308fe000 r-xp 00000000 08:13 2827839                    /usr/lib/locale/zh_CN.utf8/LC_CTYPE
7f67308fe000-7f6730901000 ---p 7f67308fe000 00:00 0 
7f6730901000-7f67309ff000 rwxp 7f6730901000 00:00 0 
7f67309ff000-7f6730a02000 ---p 7f67309ff000 00:00 0 
7f6730a02000-7f6730b00000 rwxp 7f6730a02000 00:00 0 
7f6730b00000-7f6730b01000 ---p 7f6730b00000 00:00 0 
7f6730b01000-7f6730c76000 rwxp 7f6730b01000 00:00 0 
7f6730c76000-7f6730e08000 r-xs 02f34000 08:13 2942580                    /usr/lib/jvm/java-6-sun-1.6.0.13/jre/lib/rt.jar
7f6730e08000-7f6730e30000 rwxp 7f6730e08000 00:00 0 
7f6730e30000-7f6730e31000 ---p 7f6730e30000 00:00 0 
7f6730e31000-7f6730f31000 rwxp 7f6730e31000 00:00 0 
7f6730f31000-7f6730f32000 ---p 7f6730f31000 00:00 0 
7f6730f32000-7f673103d000 rwxp 7f6730f32000 00:00 0 
7f673103d000-7f673105c000 rwxp 7f673103d000 00:00 0 
7f673105c000-7f673107a000 rwxp 7f673105c000 00:00 0 
7f673107a000-7f6731233000 rwxp 7f673107a000 00:00 0 
7f6731233000-7f673123e000 rwxp 7f6731233000 00:00 0 
7f673123e000-7f673125d000 rwxp 7f673123e000 00:00 0 
7f673125d000-7f673127b000 rwxp 7f673125d000 00:00 0 
7f673127b000-7f6731433000 rwxp 7f673127b000 00:00 0 
7f6731433000-7f6731443000 rwxp 7f6731433000 00:00 0 
7f6731443000-7f673151f000 rwxp 7f6731443000 00:00 0 
7f673151f000-7f67329e0000 rwxp 7f673151f000 00:00 0 
7f67329e0000-7f6736920000 rwxp 7f67329e0000 00:00 0 
7f6736920000-7f673a400000 rwxp 7f6736920000 00:00 0 
7f673a400000-7f6771680000 rwxp 7f673a400000 00:00 0 
7f6771680000-7f67733e0000 rwxp 7f6771680000 00:00 0 
7f67733e0000-7f678ed20000 rwxp 7f67733e0000 00:00 0 
7f678ed20000-7f678ed23000 r-xs 000cb000 08:13 3162696                    /usr/lib/jvm/java-6-sun-1.6.0.13/jre/lib/ext/localedata.jar
7f678ed23000-7f678ed2b000 r-xs 0004b000 08:11 162661                     /home/epsilon/文档/4_java/javaTools/commons-math-1.2/commons-math-1.2.jar
7f678ed2b000-7f678ef9b000 rwxp 7f678ed2b000 00:00 0 
7f678ef9b000-7f6791d2b000 rwxp 7f678ef9b000 00:00 0 
7f6791d2b000-7f6791d39000 r-xp 00000000 08:13 3163206                    /usr/lib/jvm/java-6-sun-1.6.0.13/jre/lib/amd64/libzip.so
7f6791d39000-7f6791e3b000 ---p 0000e000 08:13 3163206                    /usr/lib/jvm/java-6-sun-1.6.0.13/jre/lib/amd64/libzip.so
7f6791e3b000-7f6791e3e000 rwxp 00010000 08:13 3163206                    /usr/lib/jvm/java-6-sun-1.6.0.13/jre/lib/amd64/libzip.so
7f6791e3e000-7f6791e3f000 rwxp 7f6791e3e000 00:00 0 
7f6791e3f000-7f6791e68000 r-xp 00000000 08:13 3163219                    /usr/lib/jvm/java-6-sun-1.6.0.13/jre/lib/amd64/libjava.so
7f6791e68000-7f6791f67000 ---p 00029000 08:13 3163219                    /usr/lib/jvm/java-6-sun-1.6.0.13/jre/lib/amd64/libjava.so
7f6791f67000-7f6791f6e000 rwxp 00028000 08:13 3163219                    /usr/lib/jvm/java-6-sun-1.6.0.13/jre/lib/amd64/libjava.so
7f6791f6e000-7f6791f7b000 r-xp 00000000 08:13 3163201                    /usr/lib/jvm/java-6-sun-1.6.0.13/jre/lib/amd64/libverify.so
7f6791f7b000-7f679207a000 ---p 0000d000 08:13 3163201                    /usr/lib/jvm/java-6-sun-1.6.0.13/jre/lib/amd64/libverify.so
7f679207a000-7f679207d000 rwxp 0000c000 08:13 3163201                    /usr/lib/jvm/java-6-sun-1.6.0.13/jre/lib/amd64/libverify.so
7f679207d000-7f6792089000 r-xp 00000000 08:13 213021                     /lib/libnss_files-2.9.so
7f6792089000-7f6792288000 ---p 0000c000 08:13 213021                     /lib/libnss_files-2.9.so
7f6792288000-7f6792289000 r-xp 0000b000 08:13 213021                     /lib/libnss_files-2.9.so
7f6792289000-7f679228a000 rwxp 0000c000 08:13 213021                     /lib/libnss_files-2.9.so
7f679228a000-7f6792294000 r-xp 00000000 08:13 213023                     /lib/libnss_nis-2.9.so
7f6792294000-7f6792493000 ---p 0000a000 08:13 213023                     /lib/libnss_nis-2.9.so
7f6792493000-7f6792494000 r-xp 00009000 08:13 213023                     /lib/libnss_nis-2.9.so
7f6792494000-7f6792495000 rwxp 0000a000 08:13 213023                     /lib/libnss_nis-2.9.so
7f6792495000-7f679249d000 r-xp 00000000 08:13 213019                     /lib/libnss_compat-2.9.so
7f679249d000-7f679269c000 ---p 00008000 08:13 213019                     /lib/libnss_compat-2.9.so
7f679269c000-7f679269d000 r-xp 00007000 08:13 213019                     /lib/libnss_compat-2.9.so
7f679269d000-7f679269e000 rwxp 00008000 08:13 213019                     /lib/libnss_compat-2.9.so
7f679269e000-7f67926b4000 r-xp 00000000 08:13 213018                     /lib/libnsl-2.9.so
7f67926b4000-7f67928b4000 ---p 00016000 08:13 213018                     /lib/libnsl-2.9.so
7f67928b4000-7f67928b5000 r-xp 00016000 08:13 213018                     /lib/libnsl-2.9.so
7f67928b5000-7f67928b6000 rwxp 00017000 08:13 213018                     /lib/libnsl-2.9.so
7f67928b6000-7f67928b8000 rwxp 7f67928b6000 00:00 0 
7f67928b8000-7f67928bf000 r-xp 00000000 08:13 3163208                    /usr/lib/jvm/java-6-sun-1.6.0.13/jre/lib/amd64/native_threads/libhpi.so
7f67928bf000-7f67929c0000 ---p 00007000 08:13 3163208                    /usr/lib/jvm/java-6-sun-1.6.0.13/jre/lib/amd64/native_threads/libhpi.so
7f67929c0000-7f67929c2000 rwxp 00008000 08:13 3163208                    /usr/lib/jvm/java-6-sun-1.6.0.13/jre/lib/amd64/native_threads/libhpi.so
7f67929c2000-7f67929c3000 rwxp 7f67929c2000 00:00 0 
7f67929c3000-7f67929ca000 r-xp 00000000 08:13 213028                     /lib/librt-2.9.so
7f67929ca000-7f6792bc9000 ---p 00007000 08:13 213028                     /lib/librt-2.9.so
7f6792bc9000-7f6792bca000 r-xp 00006000 08:13 213028                     /lib/librt-2.9.so
7f6792bca000-7f6792bcb000 rwxp 00007000 08:13 213028                     /lib/librt-2.9.so
7f6792bcb000-7f6792bce000 ---p 7f6792bcb000 00:00 0 
7f6792bce000-7f6792ccc000 rwxp 7f6792bce000 00:00 0 
7f6792ccc000-7f6792d50000 r-xp 00000000 08:13 213016                     /lib/libm-2.9.so
7f6792d50000-7f6792f4f000 ---p 00084000 08:13 213016                     /lib/libm-2.9.so
7f6792f4f000-7f6792f50000 r-xp 00083000 08:13 213016                     /lib/libm-2.9.so
7f6792f50000-7f6792f51000 rwxp 00084000 08:13 213016                     /lib/libm-2.9.so
7f6792f51000-7f67935de000 r-xp 00000000 08:13 3163226                    /usr/lib/jvm/java-6-sun-1.6.0.13/jre/lib/amd64/server/libjvm.so
7f67935de000-7f67936dd000 ---p 0068d000 08:13 3163226                    /usr/lib/jvm/java-6-sun-1.6.0.13/jre/lib/amd64/server/libjvm.so
7f67936dd000-7f679382e000 rwxp 0068c000 08:13 3163226                    /usr/lib/jvm/java-6-sun-1.6.0.13/jre/lib/amd64/server/libjvm.so
7f679382e000-7f679386b000 rwxp 7f679382e000 00:00 0 
7f679386b000-7f67939d3000 r-xp 00000000 08:13 213012                     /lib/libc-2.9.so
7f67939d3000-7f6793bd3000 ---p 00168000 08:13 213012                     /lib/libc-2.9.so
7f6793bd3000-7f6793bd7000 r-xp 00168000 08:13 213012                     /lib/libc-2.9.so
7f6793bd7000-7f6793bd8000 rwxp 0016c000 08:13 213012                     /lib/libc-2.9.so
7f6793bd8000-7f6793bdd000 rwxp 7f6793bd8000 00:00 0 
7f6793bdd000-7f6793bdf000 r-xp 00000000 08:13 213015                     /lib/libdl-2.9.so
7f6793bdf000-7f6793ddf000 ---p 00002000 08:13 213015                     /lib/libdl-2.9.so
7f6793ddf000-7f6793de0000 r-xp 00002000 08:13 213015                     /lib/libdl-2.9.so
7f6793de0000-7f6793de1000 rwxp 00003000 08:13 213015                     /lib/libdl-2.9.so
7f6793de1000-7f6793df8000 r-xp 00000000 08:13 213026                     /lib/libpthread-2.9.so
7f6793df8000-7f6793ff7000 ---p 00017000 08:13 213026                     /lib/libpthread-2.9.so
7f6793ff7000-7f6793ff8000 r-xp 00016000 08:13 213026                     /lib/libpthread-2.9.so
7f6793ff8000-7f6793ff9000 rwxp 00017000 08:13 213026                     /lib/libpthread-2.9.so
7f6793ff9000-7f6793ffd000 rwxp 7f6793ff9000 00:00 0 
7f6793ffd000-7f679401d000 r-xp 00000000 08:13 213006                     /lib/ld-2.9.so
7f679401d000-7f6794020000 r-xs 00000000 08:13 3197439                    /var/cache/fontconfig/de156ccd2eddbdc19d37a45b8b2aac9c-x86-64.cache-2
7f6794020000-7f6794023000 r-xs 00000000 08:13 3197433                    /var/cache/fontconfig/ddd4086aec35a5275babba44bb759c3c-x86-64.cache-2
7f6794023000-7f6794031000 r-xs 000ba000 08:11 422677                     /home/epsilon/文档/4_java/javaTools/mtj.jar
7f6794031000-7f679403b000 rwxp 7f6794031000 00:00 0 
7f679403b000-7f67940f1000 rwxp 7f679403b000 00:00 0 
7f67940f1000-7f67940f3000 rwxp 7f67940f1000 00:00 0 
7f67940f3000-7f67940fa000 r-xp 00000000 08:13 3163192                    /usr/lib/jvm/java-6-sun-1.6.0.13/jre/lib/amd64/jli/libjli.so
7f67940fa000-7f67941fb000 ---p 00007000 08:13 3163192                    /usr/lib/jvm/java-6-sun-1.6.0.13/jre/lib/amd64/jli/libjli.so
7f67941fb000-7f67941fd000 rwxp 00008000 08:13 3163192                    /usr/lib/jvm/java-6-sun-1.6.0.13/jre/lib/amd64/jli/libjli.so
7f67941fd000-7f67941fe000 rwxp 7f67941fd000 00:00 0 
7f67941ff000-7f6794200000 r-xs 00000000 08:13 3197445                    /var/cache/fontconfig/4c73fe0c47614734b17d736dbde7580a-x86-64.cache-2
7f6794200000-7f6794201000 r-xs 00000000 08:13 3197424                    /var/cache/fontconfig/4794a0821666d79190d59a36cb4f44b5-x86-64.cache-2
7f6794201000-7f6794204000 r-xs 00000000 08:13 3196574                    /var/cache/fontconfig/7ef2298fde41cc6eeb7af42e48b7d293-x86-64.cache-2
7f6794204000-7f6794208000 r-xs 00042000 08:11 181747                     /home/epsilon/NetBeansProjects/EpsilonUtils/trunk/dist/EpsilonYUtil.jar
7f6794208000-7f679420f000 r-xs 00000000 08:13 2803699                    /usr/lib/gconv/gconv-modules.cache
7f679420f000-7f6794217000 rwxs 00000000 08:13 377138                     /tmp/hsperfdata_epsilon/13374
7f6794217000-7f6794218000 rwxp 7f6794217000 00:00 0 
7f6794218000-7f6794219000 r-xp 7f6794218000 00:00 0 
7f6794219000-7f679421c000 rwxp 7f6794219000 00:00 0 
7f679421c000-7f679421d000 r-xp 0001f000 08:13 213006                     /lib/ld-2.9.so
7f679421d000-7f679421e000 rwxp 00020000 08:13 213006                     /lib/ld-2.9.so
7fff9c208000-7fff9c21d000 rwxp 7ffffffea000 00:00 0                      [stack]
7fff9c3fe000-7fff9c3ff000 r-xp 7fff9c3fe000 00:00 0                      [vdso]
ffffffffff600000-ffffffffff601000 r-xp 00000000 00:00 0                  [vsyscall]

VM Arguments:
jvm_args: -Dawt.useSystemAAFontSettings=on 
java_command: net.epsilony.simpmeshfree.model.ModelTestFrame
Launcher Type: SUN_STANDARD

Environment Variables:
_JAVA_OPTIONS=-Dawt.useSystemAAFontSettings=on
PATH=/usr/local/sbin:/usr/local/bin:/usr/sbin:/usr/bin:/sbin:/bin:/usr/games
USERNAME=epsilon
LD_LIBRARY_PATH=/usr/lib/jvm/java-6-sun-1.6.0.13/jre/lib/amd64/server:/usr/lib/jvm/java-6-sun-1.6.0.13/jre/lib/amd64:/usr/lib/jvm/java-6-sun-1.6.0.13/jre/../lib/amd64
SHELL=/bin/bash
DISPLAY=:0.0

Signal Handlers:
SIGSEGV: [libjvm.so+0x5fcd20], sa_mask[0]=0x7ffbfeff, sa_flags=0x10000004
SIGBUS: [libjvm.so+0x5fcd20], sa_mask[0]=0x7ffbfeff, sa_flags=0x10000004
SIGFPE: [libjvm.so+0x4e0eb0], sa_mask[0]=0x7ffbfeff, sa_flags=0x10000004
SIGPIPE: [libjvm.so+0x4e0eb0], sa_mask[0]=0x7ffbfeff, sa_flags=0x10000004
SIGXFSZ: [libjvm.so+0x4e0eb0], sa_mask[0]=0x7ffbfeff, sa_flags=0x10000004
SIGILL: [libjvm.so+0x4e0eb0], sa_mask[0]=0x7ffbfeff, sa_flags=0x10000004
SIGUSR1: SIG_DFL, sa_mask[0]=0x00000000, sa_flags=0x00000000
SIGUSR2: [libjvm.so+0x4e35d0], sa_mask[0]=0x00000004, sa_flags=0x10000004
SIGHUP: [libjvm.so+0x4e3320], sa_mask[0]=0x7ffbfeff, sa_flags=0x10000004
SIGINT: SIG_IGN, sa_mask[0]=0x00000000, sa_flags=0x00000000
SIGTERM: [libjvm.so+0x4e3320], sa_mask[0]=0x7ffbfeff, sa_flags=0x10000004
SIGQUIT: [libjvm.so+0x4e3320], sa_mask[0]=0x7ffbfeff, sa_flags=0x10000004


---------------  S Y S T E M  ---------------

OS:5.0

uname:Linux 2.6.28-12-generic #43-Ubuntu SMP Fri May 1 19:31:32 UTC 2009 x86_64
libc:glibc 2.9 NPTL 2.9 
rlimit: STACK 8192k, CORE 0k, NPROC infinity, NOFILE 1024, AS infinity
load average:0.34 0.19 0.20

CPU:total 2 (2 cores per cpu, 1 threads per core) family 16 model 2 stepping 3, cmov, cx8, fxsr, mmx, sse, sse2, sse3, mmxext, 3dnow, 3dnowext, sse4a

Memory: 4k page, physical 5780180k(3201012k free), swap 3903752k(3865604k free)

vm_info: Java HotSpot(TM) 64-Bit Server VM (11.3-b02) for linux-amd64 JRE (1.6.0_13-b03), built on Mar  9 2009 11:08:22 by "java_re" with gcc 3.2.2 (SuSE Linux)

time: Mon May 18 12:26:57 2009
elapsed time: 0 seconds

