#
# An unexpected error has been detected by Java Runtime Environment:
#
#  SIGSEGV (0xb) at pc=0x00007f5aeb46b11b, pid=13255, tid=140026772728144
#
# Java VM: Java HotSpot(TM) 64-Bit Server VM (11.3-b02 mixed mode linux-amd64)
# Problematic frame:
# C  [libc.so.6+0x8411b]  memcpy+0x15b
#
# If you would like to submit a bug report, please visit:
#   http://java.sun.com/webapps/bugreport/crash.jsp
#

---------------  T H R E A D  ---------------

Current thread (0x0000000040a49800):  JavaThread "AWT-EventQueue-0" [_thread_in_vm, id=13270, stack(0x00007f5a85fc2000,0x00007f5a860c3000)]

siginfo:si_signo=SIGSEGV: si_errno=0, si_code=2 (SEGV_ACCERR), si_addr=0x00007f5a800b1000

Registers:
RAX=0x00007f5ac9a9fd80, RBX=0x00007f5a890a12a0, RCX=0x000000000000001c, RDX=0x0000000000001d00
RSP=0x00007f5a860c1438, RBP=0x00007f5a860c14c0, RSI=0x00007f5a800b1000, RDI=0x00007f5ac9aa19a0
R8 =0x0000000000000ffc, R9 =0x00007f5aeb2b75b8, R10=0x00007f5aeb2bb028, R11=0x0000000000001d00
R12=0x0000000000001d00, R13=0x0000000000000000, R14=0x0000000040a4ae48, R15=0x00007f5a860c1450
RIP=0x00007f5aeb46b11b, EFL=0x0000000000010216, CSGSFS=0x0000000000000033, ERR=0x0000000000000004
  TRAPNO=0x000000000000000e

Top of Stack: (sp=0x00007f5a860c1438)
0x00007f5a860c1438:   00007f5aeae13600 0000000040a499c0
0x00007f5a860c1448:   00007f5a800af3e0 0000000040a49800
0x00007f5a860c1458:   0000000000000000 0000000040a49800
0x00007f5a860c1468:   0000000000000000 0000000040a49800
0x00007f5a860c1478:   00007f5a860c15b8 0000000040a49800
0x00007f5a860c1488:   00007f5aeb461276 0000000040a49800
0x00007f5a860c1498:   0000000040a4ae48 00007f5a800065c0
0x00007f5a860c14a8:   00007f5a80008470 00007f5a860c15b8
0x00007f5a860c14b8:   0000000040a4adf0 0000000040a499c0
0x00007f5a860c14c8:   00007f5a85b9f486 00007f5a800083c0
0x00007f5a860c14d8:   0000000040a4adf8 0000000040a4ae00
0x00007f5a860c14e8:   0000000040a4ae08 0000000040a4ae10
0x00007f5a860c14f8:   0000000040a49d08 0000000040a4ae18
0x00007f5a860c1508:   0000000040a49d50 0101010100a49800
0x00007f5a860c1518:   00007f5a89a98388 00007f5a860c1598
0x00007f5a860c1528:   0000000000000101 00007f5a89a98388
0x00007f5a860c1538:   00007f5a860c15b8 0000000040a49800
0x00007f5a860c1548:   00007f5ae68b5852 0000000040a49800
0x00007f5a860c1558:   00007f5a860c1558 00007f5a89a98388
0x00007f5a860c1568:   00007f5a860c15b8 00007f5a89a98dc0
0x00007f5a860c1578:   0000000000000000 00007f5a89a98388
0x00007f5a860c1588:   0000000000000000 00007f5a860c15b8
0x00007f5a860c1598:   00007f5a860c1600 00007f5ae68aa322
0x00007f5a860c15a8:   0000000000000000 00007f5ae68b2358
0x00007f5a860c15b8:   00007f5ac9a84ac0 00007f5a860c15c0
0x00007f5a860c15c8:   00007f5a89a96e65 00007f5a860c1648
0x00007f5a860c15d8:   00007f5a89a98dc0 0000000000000000
0x00007f5a860c15e8:   00007f5a89a96ef0 00007f5a860c15b8
0x00007f5a860c15f8:   00007f5a860c1638 00007f5a860c1690
0x00007f5a860c1608:   00007f5ae68aa322 0000000000000000
0x00007f5a860c1618:   00007f5ac9a9c9f8 0000000000000000
0x00007f5a860c1628:   00007f5ac9a9c9e0 00007f5ac9a9c648 

Instructions: (pc=0x00007f5aeb46b11b)
0x00007f5aeb46b10b:   0f 47 da 4c 89 d9 49 83 e3 f8 48 c1 e9 03 74 05
0x00007f5aeb46b11b:   f3 48 a5 66 90 4c 29 da 48 f7 c2 f8 ff ff ff 75 

Stack: [0x00007f5a85fc2000,0x00007f5a860c3000],  sp=0x00007f5a860c1438,  free space=1021k
Native frames: (J=compiled Java code, j=interpreted, Vv=VM code, C=native code)
C  [libc.so.6+0x8411b]  memcpy+0x15b

Java frames: (J=compiled Java code, j=interpreted, Vv=VM code)
j  net.epsilony.simpmeshfree.model.geometry.TriangleJni.triangleFun()V+0
j  net.epsilony.simpmeshfree.model.geometry.TriangleJni.complie(Lnet/epsilony/simpmeshfree/model/geometry/GeometryModel;Ljava/lang/String;)V+141
j  net.epsilony.simpmeshfree.model.mechanics.MechanicsModel.generateNodesByTriangle(DDLjava/lang/String;ZZ)V+110
j  net.epsilony.simpmeshfree.model.ModelTestFrame.<init>()V+599
j  net.epsilony.simpmeshfree.model.ModelTestFrame$1.run()V+4
j  java.awt.event.InvocationEvent.dispatch()V+47
j  java.awt.EventQueue.dispatchEvent(Ljava/awt/AWTEvent;)V+26
j  java.awt.EventDispatchThread.pumpOneEventForFilters(I)Z+204
j  java.awt.EventDispatchThread.pumpEventsForFilter(ILjava/awt/Conditional;Ljava/awt/EventFilter;)V+30
j  java.awt.EventDispatchThread.pumpEventsForHierarchy(ILjava/awt/Conditional;Ljava/awt/Component;)V+11
j  java.awt.EventDispatchThread.pumpEvents(ILjava/awt/Conditional;)V+4
j  java.awt.EventDispatchThread.pumpEvents(Ljava/awt/Conditional;)V+3
j  java.awt.EventDispatchThread.run()V+9
v  ~StubRoutines::call_stub

---------------  P R O C E S S  ---------------

Java Threads: ( => current thread )
  0x00007f5a80005400 JavaThread "Thread-3" [_thread_blocked, id=13272, stack(0x00007f5a85dc0000,0x00007f5a85ec1000)]
  0x00007f5a80004400 JavaThread "Thread-2" [_thread_blocked, id=13271, stack(0x00007f5a85ec1000,0x00007f5a85fc2000)]
  0x000000004061f000 JavaThread "DestroyJavaVM" [_thread_blocked, id=13256, stack(0x00007f5aea747000,0x00007f5aea848000)]
=>0x0000000040a49800 JavaThread "AWT-EventQueue-0" [_thread_in_vm, id=13270, stack(0x00007f5a85fc2000,0x00007f5a860c3000)]
  0x0000000040a48800 JavaThread "AWT-Shutdown" [_thread_blocked, id=13269, stack(0x00007f5a861d1000,0x00007f5a862d2000)]
  0x0000000040c04000 JavaThread "AWT-XAWT" daemon [_thread_in_native, id=13268, stack(0x00007f5a862d2000,0x00007f5a863d3000)]
  0x0000000040881400 JavaThread "Java2D Disposer" daemon [_thread_blocked, id=13267, stack(0x00007f5a86a07000,0x00007f5a86b08000)]
  0x00000000406d6800 JavaThread "Low Memory Detector" daemon [_thread_blocked, id=13265, stack(0x00007f5a8803b000,0x00007f5a8813c000)]
  0x00000000406d4000 JavaThread "CompilerThread1" daemon [_thread_in_native, id=13264, stack(0x00007f5a8813c000,0x00007f5a8823d000)]
  0x00000000406d0000 JavaThread "CompilerThread0" daemon [_thread_blocked, id=13263, stack(0x00007f5a8823d000,0x00007f5a8833e000)]
  0x00000000406ce000 JavaThread "Signal Dispatcher" daemon [_thread_blocked, id=13262, stack(0x00007f5a8833e000,0x00007f5a8843f000)]
  0x00000000406ac800 JavaThread "Finalizer" daemon [_thread_blocked, id=13261, stack(0x00007f5a8847e000,0x00007f5a8857f000)]
  0x00000000406a5800 JavaThread "Reference Handler" daemon [_thread_blocked, id=13260, stack(0x00007f5a8857f000,0x00007f5a88680000)]

Other Threads:
  0x00000000406a0000 VMThread [stack: 0x00007f5a88680000,0x00007f5a88781000] [id=13259]
  0x00000000406d8c00 WatcherThread [stack: 0x00007f5a87f3a000,0x00007f5a8803b000] [id=13266]

VM state:not at safepoint (normal execution)

VM Mutex/Monitor currently owned by a thread: None

Heap
 PSYoungGen      total 26368K, used 19348K [0x00007f5ac9200000, 0x00007f5acaf60000, 0x00007f5ae68a0000)
  eden space 22656K, 85% used [0x00007f5ac9200000,0x00007f5aca4e5140,0x00007f5aca820000)
  from space 3712K, 0% used [0x00007f5acabc0000,0x00007f5acabc0000,0x00007f5acaf60000)
  to   space 3712K, 0% used [0x00007f5aca820000,0x00007f5aca820000,0x00007f5acabc0000)
 PSOldGen        total 60288K, used 0K [0x00007f5a8e4a0000, 0x00007f5a91f80000, 0x00007f5ac9200000)
  object space 60288K, 0% used [0x00007f5a8e4a0000,0x00007f5a8e4a0000,0x00007f5a91f80000)
 PSPermGen       total 21248K, used 10219K [0x00007f5a890a0000, 0x00007f5a8a560000, 0x00007f5a8e4a0000)
  object space 21248K, 48% used [0x00007f5a890a0000,0x00007f5a89a9acd0,0x00007f5a8a560000)

Dynamic libraries:
40000000-40009000 r-xp 00000000 08:13 3163089                            /usr/lib/jvm/java-6-sun-1.6.0.13/jre/bin/java
40108000-4010a000 rwxp 00008000 08:13 3163089                            /usr/lib/jvm/java-6-sun-1.6.0.13/jre/bin/java
40617000-414f7000 rwxp 40617000 00:00 0                                  [heap]
7f5a80000000-7f5a800b1000 rwxp 7f5a80000000 00:00 0 
7f5a800b1000-7f5a84000000 ---p 7f5a800b1000 00:00 0 
7f5a854ff000-7f5a85676000 rwxp 7f5a854ff000 00:00 0 
7f5a85676000-7f5a8568c000 r-xp 00000000 08:13 213005                     /lib/libgcc_s.so.1
7f5a8568c000-7f5a8588c000 ---p 00016000 08:13 213005                     /lib/libgcc_s.so.1
7f5a8588c000-7f5a8588d000 r-xp 00016000 08:13 213005                     /lib/libgcc_s.so.1
7f5a8588d000-7f5a8588e000 rwxp 00017000 08:13 213005                     /lib/libgcc_s.so.1
7f5a8588e000-7f5a8597f000 r-xp 00000000 08:13 2802601                    /usr/lib/libstdc++.so.6.0.10
7f5a8597f000-7f5a85b7f000 ---p 000f1000 08:13 2802601                    /usr/lib/libstdc++.so.6.0.10
7f5a85b7f000-7f5a85b86000 r-xp 000f1000 08:13 2802601                    /usr/lib/libstdc++.so.6.0.10
7f5a85b86000-7f5a85b88000 rwxp 000f8000 08:13 2802601                    /usr/lib/libstdc++.so.6.0.10
7f5a85b88000-7f5a85b9b000 rwxp 7f5a85b88000 00:00 0 
7f5a85b9b000-7f5a85bbf000 r-xp 00000000 08:13 1942103                    /usr/lib/TriangleJniAmd64.so
7f5a85bbf000-7f5a85dbe000 ---p 00024000 08:13 1942103                    /usr/lib/TriangleJniAmd64.so
7f5a85dbe000-7f5a85dbf000 r-xp 00023000 08:13 1942103                    /usr/lib/TriangleJniAmd64.so
7f5a85dbf000-7f5a85dc0000 rwxp 00024000 08:13 1942103                    /usr/lib/TriangleJniAmd64.so
7f5a85dc0000-7f5a85dc3000 ---p 7f5a85dc0000 00:00 0 
7f5a85dc3000-7f5a85ec1000 rwxp 7f5a85dc3000 00:00 0 
7f5a85ec1000-7f5a85ec4000 ---p 7f5a85ec1000 00:00 0 
7f5a85ec4000-7f5a85fc2000 rwxp 7f5a85ec4000 00:00 0 
7f5a85fc2000-7f5a85fc5000 ---p 7f5a85fc2000 00:00 0 
7f5a85fc5000-7f5a860c3000 rwxp 7f5a85fc5000 00:00 0 
7f5a860c3000-7f5a860cc000 r-xs 00000000 08:13 3197464                    /var/cache/fontconfig/945677eb7aeaf62f1d50efc3fb3ec7d8-x86-64.cache-2
7f5a860cc000-7f5a860ce000 r-xs 00000000 08:13 3197468                    /var/cache/fontconfig/99e8ed0e538f840c565b6ed5dad60d56-x86-64.cache-2
7f5a860ce000-7f5a860d1000 r-xs 00000000 08:13 3197466                    /var/cache/fontconfig/e383d7ea5fbe662a33d9b44caf393297-x86-64.cache-2
7f5a860d1000-7f5a860d5000 r-xs 00000000 08:13 3197459                    /var/cache/fontconfig/6eb3985aa4124903f6ff08ba781cd364-x86-64.cache-2
7f5a860d5000-7f5a860d6000 r-xs 00000000 08:13 3197445                    /var/cache/fontconfig/4c73fe0c47614734b17d736dbde7580a-x86-64.cache-2
7f5a860d6000-7f5a860da000 r-xs 00000000 08:13 3196573                    /var/cache/fontconfig/a755afe4a08bf5b97852ceb7400b47bc-x86-64.cache-2
7f5a860da000-7f5a860e3000 r-xs 00000000 08:13 3197440                    /var/cache/fontconfig/6d41288fd70b0be22e8c3a91e032eec0-x86-64.cache-2
7f5a860e3000-7f5a860e6000 r-xs 00000000 08:13 3197439                    /var/cache/fontconfig/de156ccd2eddbdc19d37a45b8b2aac9c-x86-64.cache-2
7f5a860e6000-7f5a860f1000 r-xs 00000000 08:13 3197435                    /var/cache/fontconfig/e3de0de479f42330eadf588a55fb5bf4-x86-64.cache-2
7f5a860f1000-7f5a86100000 r-xs 00000000 08:13 3197434                    /var/cache/fontconfig/0f34bcd4b6ee430af32735b75db7f02b-x86-64.cache-2
7f5a86100000-7f5a86103000 r-xs 00000000 08:13 3197433                    /var/cache/fontconfig/ddd4086aec35a5275babba44bb759c3c-x86-64.cache-2
7f5a86103000-7f5a86104000 r-xs 00000000 08:13 3197424                    /var/cache/fontconfig/4794a0821666d79190d59a36cb4f44b5-x86-64.cache-2
7f5a86104000-7f5a8610d000 r-xs 00000000 08:13 3197417                    /var/cache/fontconfig/d52a8644073d54c13679302ca1180695-x86-64.cache-2
7f5a861d1000-7f5a861d4000 ---p 7f5a861d1000 00:00 0 
7f5a861d4000-7f5a862d2000 rwxp 7f5a861d4000 00:00 0 
7f5a862d2000-7f5a862d5000 ---p 7f5a862d2000 00:00 0 
7f5a862d5000-7f5a863d3000 rwxp 7f5a862d5000 00:00 0 
7f5a863d3000-7f5a863d8000 r-xp 00000000 08:13 2805390                    /usr/lib/libXfixes.so.3.1.0
7f5a863d8000-7f5a865d7000 ---p 00005000 08:13 2805390                    /usr/lib/libXfixes.so.3.1.0
7f5a865d7000-7f5a865d8000 rwxp 00004000 08:13 2805390                    /usr/lib/libXfixes.so.3.1.0
7f5a865d8000-7f5a865e1000 r-xp 00000000 08:13 2805803                    /usr/lib/libXrender.so.1.3.0
7f5a865e1000-7f5a867e0000 ---p 00009000 08:13 2805803                    /usr/lib/libXrender.so.1.3.0
7f5a867e0000-7f5a867e1000 r-xp 00008000 08:13 2805803                    /usr/lib/libXrender.so.1.3.0
7f5a867e1000-7f5a867e2000 rwxp 00009000 08:13 2805803                    /usr/lib/libXrender.so.1.3.0
7f5a867e2000-7f5a867eb000 r-xp 00000000 08:13 2805843                    /usr/lib/libXcursor.so.1.0.2
7f5a867eb000-7f5a869eb000 ---p 00009000 08:13 2805843                    /usr/lib/libXcursor.so.1.0.2
7f5a869eb000-7f5a869ec000 rwxp 00009000 08:13 2805843                    /usr/lib/libXcursor.so.1.0.2
7f5a86a07000-7f5a86a0a000 ---p 7f5a86a07000 00:00 0 
7f5a86a0a000-7f5a86b08000 rwxp 7f5a86a0a000 00:00 0 
7f5a86b08000-7f5a86b86000 r-xp 00000000 08:13 3163204                    /usr/lib/jvm/java-6-sun-1.6.0.13/jre/lib/amd64/libfontmanager.so
7f5a86b86000-7f5a86c85000 ---p 0007e000 08:13 3163204                    /usr/lib/jvm/java-6-sun-1.6.0.13/jre/lib/amd64/libfontmanager.so
7f5a86c85000-7f5a86c9b000 rwxp 0007d000 08:13 3163204                    /usr/lib/jvm/java-6-sun-1.6.0.13/jre/lib/amd64/libfontmanager.so
7f5a86c9b000-7f5a86cac000 rwxp 7f5a86c9b000 00:00 0 
7f5a86cac000-7f5a86cb1000 r-xp 00000000 08:13 2805384                    /usr/lib/libXdmcp.so.6.0.0
7f5a86cb1000-7f5a86eb0000 ---p 00005000 08:13 2805384                    /usr/lib/libXdmcp.so.6.0.0
7f5a86eb0000-7f5a86eb1000 rwxp 00004000 08:13 2805384                    /usr/lib/libXdmcp.so.6.0.0
7f5a86eb1000-7f5a86ecc000 r-xp 00000000 08:13 2805386                    /usr/lib/libxcb.so.1.1.0
7f5a86ecc000-7f5a870cb000 ---p 0001b000 08:13 2805386                    /usr/lib/libxcb.so.1.1.0
7f5a870cb000-7f5a870cc000 r-xp 0001a000 08:13 2805386                    /usr/lib/libxcb.so.1.1.0
7f5a870cc000-7f5a870cd000 rwxp 0001b000 08:13 2805386                    /usr/lib/libxcb.so.1.1.0
7f5a870cd000-7f5a870cf000 r-xp 00000000 08:13 2805382                    /usr/lib/libXau.so.6.0.0
7f5a870cf000-7f5a872ce000 ---p 00002000 08:13 2805382                    /usr/lib/libXau.so.6.0.0
7f5a872ce000-7f5a872cf000 r-xp 00001000 08:13 2805382                    /usr/lib/libXau.so.6.0.0
7f5a872cf000-7f5a872d0000 rwxp 00002000 08:13 2805382                    /usr/lib/libXau.so.6.0.0
7f5a872d0000-7f5a872d9000 r-xp 00000000 08:13 2805586                    /usr/lib/libXi.so.6.0.0
7f5a872d9000-7f5a874d9000 ---p 00009000 08:13 2805586                    /usr/lib/libXi.so.6.0.0
7f5a874d9000-7f5a874da000 r-xp 00009000 08:13 2805586                    /usr/lib/libXi.so.6.0.0
7f5a874da000-7f5a874db000 rwxp 0000a000 08:13 2805586                    /usr/lib/libXi.so.6.0.0
7f5a874db000-7f5a874e0000 r-xp 00000000 08:13 2806834                    /usr/lib/libXtst.so.6.1.0
7f5a874e0000-7f5a876e0000 ---p 00005000 08:13 2806834                    /usr/lib/libXtst.so.6.1.0
7f5a876e0000-7f5a876e1000 r-xp 00005000 08:13 2806834                    /usr/lib/libXtst.so.6.1.0
7f5a876e1000-7f5a876e2000 rwxp 00006000 08:13 2806834                    /usr/lib/libXtst.so.6.1.0
7f5a876e2000-7f5a877e4000 r-xp 00000000 08:13 2805388                    /usr/lib/libX11.so.6.2.0
7f5a877e4000-7f5a879e4000 ---p 00102000 08:13 2805388                    /usr/lib/libX11.so.6.2.0
7f5a879e4000-7f5a879e5000 r-xp 00102000 08:13 2805388                    /usr/lib/libX11.so.6.2.0
7f5a879e5000-7f5a879e9000 rwxp 00103000 08:13 2805388                    /usr/lib/libX11.so.6.2.0
7f5a879e9000-7f5a879fa000 r-xp 00000000 08:13 2805394                    /usr/lib/libXext.so.6.4.0
7f5a879fa000-7f5a87bf9000 ---p 00011000 08:13 2805394                    /usr/lib/libXext.so.6.4.0
7f5a87bf9000-7f5a87bfa000 r-xp 00010000 08:13 2805394                    /usr/lib/libXext.so.6.4.0
7f5a87bfa000-7f5a87bfb000 rwxp 00011000 08:13 2805394                    /usr/lib/libXext.so.6.4.0
7f5a87bfc000-7f5a87c08000 r-xs 00000000 08:13 3197416                    /var/cache/fontconfig/089dead882dea3570ffc31a9898cfb69-x86-64.cache-2
7f5a87c08000-7f5a87c0c000 r-xs 00000000 08:13 3197398                    /var/cache/fontconfig/cabbd14511b9e8a55e92af97fb3a0461-x86-64.cache-2
7f5a87c0c000-7f5a87c16000 r-xs 00000000 08:13 3195524                    /var/cache/fontconfig/e13b20fdb08344e0e664864cc2ede53d-x86-64.cache-2
7f5a87c16000-7f5a87c57000 r-xp 00000000 08:13 3163194                    /usr/lib/jvm/java-6-sun-1.6.0.13/jre/lib/amd64/xawt/libmawt.so
7f5a87c57000-7f5a87d56000 ---p 00041000 08:13 3163194                    /usr/lib/jvm/java-6-sun-1.6.0.13/jre/lib/amd64/xawt/libmawt.so
7f5a87d56000-7f5a87d62000 rwxp 00040000 08:13 3163194                    /usr/lib/jvm/java-6-sun-1.6.0.13/jre/lib/amd64/xawt/libmawt.so
7f5a87d62000-7f5a87d63000 rwxp 7f5a87d62000 00:00 0 
7f5a87d63000-7f5a87df5000 r-xp 00000000 08:13 3163239                    /usr/lib/jvm/java-6-sun-1.6.0.13/jre/lib/amd64/libawt.so
7f5a87df5000-7f5a87ef4000 ---p 00092000 08:13 3163239                    /usr/lib/jvm/java-6-sun-1.6.0.13/jre/lib/amd64/libawt.so
7f5a87ef4000-7f5a87f0d000 rwxp 00091000 08:13 3163239                    /usr/lib/jvm/java-6-sun-1.6.0.13/jre/lib/amd64/libawt.so
7f5a87f0d000-7f5a87f32000 rwxp 7f5a87f0d000 00:00 0 
7f5a87f32000-7f5a87f3a000 r-xs 0004b000 08:11 162661                     /home/epsilon/文档/4_java/javaTools/commons-math-1.2/commons-math-1.2.jar
7f5a87f3a000-7f5a87f3b000 ---p 7f5a87f3a000 00:00 0 
7f5a87f3b000-7f5a8803b000 rwxp 7f5a87f3b000 00:00 0 
7f5a8803b000-7f5a8803e000 ---p 7f5a8803b000 00:00 0 
7f5a8803e000-7f5a8813c000 rwxp 7f5a8803e000 00:00 0 
7f5a8813c000-7f5a8813f000 ---p 7f5a8813c000 00:00 0 
7f5a8813f000-7f5a8823d000 rwxp 7f5a8813f000 00:00 0 
7f5a8823d000-7f5a88240000 ---p 7f5a8823d000 00:00 0 
7f5a88240000-7f5a8833e000 rwxp 7f5a88240000 00:00 0 
7f5a8833e000-7f5a88341000 ---p 7f5a8833e000 00:00 0 
7f5a88341000-7f5a8843f000 rwxp 7f5a88341000 00:00 0 
7f5a8843f000-7f5a8847e000 r-xp 00000000 08:13 2827839                    /usr/lib/locale/zh_CN.utf8/LC_CTYPE
7f5a8847e000-7f5a88481000 ---p 7f5a8847e000 00:00 0 
7f5a88481000-7f5a8857f000 rwxp 7f5a88481000 00:00 0 
7f5a8857f000-7f5a88582000 ---p 7f5a8857f000 00:00 0 
7f5a88582000-7f5a88680000 rwxp 7f5a88582000 00:00 0 
7f5a88680000-7f5a88681000 ---p 7f5a88680000 00:00 0 
7f5a88681000-7f5a887f6000 rwxp 7f5a88681000 00:00 0 
7f5a887f6000-7f5a88988000 r-xs 02f34000 08:13 2942580                    /usr/lib/jvm/java-6-sun-1.6.0.13/jre/lib/rt.jar
7f5a88988000-7f5a889b0000 rwxp 7f5a88988000 00:00 0 
7f5a889b0000-7f5a889b1000 ---p 7f5a889b0000 00:00 0 
7f5a889b1000-7f5a88ab1000 rwxp 7f5a889b1000 00:00 0 
7f5a88ab1000-7f5a88ab2000 ---p 7f5a88ab1000 00:00 0 
7f5a88ab2000-7f5a88bbd000 rwxp 7f5a88ab2000 00:00 0 
7f5a88bbd000-7f5a88bdc000 rwxp 7f5a88bbd000 00:00 0 
7f5a88bdc000-7f5a88bfa000 rwxp 7f5a88bdc000 00:00 0 
7f5a88bfa000-7f5a88db3000 rwxp 7f5a88bfa000 00:00 0 
7f5a88db3000-7f5a88dbe000 rwxp 7f5a88db3000 00:00 0 
7f5a88dbe000-7f5a88ddd000 rwxp 7f5a88dbe000 00:00 0 
7f5a88ddd000-7f5a88dfb000 rwxp 7f5a88ddd000 00:00 0 
7f5a88dfb000-7f5a88fb3000 rwxp 7f5a88dfb000 00:00 0 
7f5a88fb3000-7f5a88fc3000 rwxp 7f5a88fb3000 00:00 0 
7f5a88fc3000-7f5a8909f000 rwxp 7f5a88fc3000 00:00 0 
7f5a8909f000-7f5a8a560000 rwxp 7f5a8909f000 00:00 0 
7f5a8a560000-7f5a8e4a0000 rwxp 7f5a8a560000 00:00 0 
7f5a8e4a0000-7f5a91f80000 rwxp 7f5a8e4a0000 00:00 0 
7f5a91f80000-7f5ac9200000 rwxp 7f5a91f80000 00:00 0 
7f5ac9200000-7f5acaf60000 rwxp 7f5ac9200000 00:00 0 
7f5acaf60000-7f5ae68a0000 rwxp 7f5acaf60000 00:00 0 
7f5ae68a0000-7f5ae68a7000 r-xs 00059000 08:11 1172178                    /home/epsilon/文档/4_java/javaTools/apache-log4j-1.2.15/log4j-1.2.15.jar
7f5ae68a7000-7f5ae6b17000 rwxp 7f5ae68a7000 00:00 0 
7f5ae6b17000-7f5ae98a7000 rwxp 7f5ae6b17000 00:00 0 
7f5ae98a7000-7f5ae98b5000 r-xp 00000000 08:13 3163206                    /usr/lib/jvm/java-6-sun-1.6.0.13/jre/lib/amd64/libzip.so
7f5ae98b5000-7f5ae99b7000 ---p 0000e000 08:13 3163206                    /usr/lib/jvm/java-6-sun-1.6.0.13/jre/lib/amd64/libzip.so
7f5ae99b7000-7f5ae99ba000 rwxp 00010000 08:13 3163206                    /usr/lib/jvm/java-6-sun-1.6.0.13/jre/lib/amd64/libzip.so
7f5ae99ba000-7f5ae99bb000 rwxp 7f5ae99ba000 00:00 0 
7f5ae99bb000-7f5ae99e4000 r-xp 00000000 08:13 3163219                    /usr/lib/jvm/java-6-sun-1.6.0.13/jre/lib/amd64/libjava.so
7f5ae99e4000-7f5ae9ae3000 ---p 00029000 08:13 3163219                    /usr/lib/jvm/java-6-sun-1.6.0.13/jre/lib/amd64/libjava.so
7f5ae9ae3000-7f5ae9aea000 rwxp 00028000 08:13 3163219                    /usr/lib/jvm/java-6-sun-1.6.0.13/jre/lib/amd64/libjava.so
7f5ae9aea000-7f5ae9af7000 r-xp 00000000 08:13 3163201                    /usr/lib/jvm/java-6-sun-1.6.0.13/jre/lib/amd64/libverify.so
7f5ae9af7000-7f5ae9bf6000 ---p 0000d000 08:13 3163201                    /usr/lib/jvm/java-6-sun-1.6.0.13/jre/lib/amd64/libverify.so
7f5ae9bf6000-7f5ae9bf9000 rwxp 0000c000 08:13 3163201                    /usr/lib/jvm/java-6-sun-1.6.0.13/jre/lib/amd64/libverify.so
7f5ae9bf9000-7f5ae9c05000 r-xp 00000000 08:13 213021                     /lib/libnss_files-2.9.so
7f5ae9c05000-7f5ae9e04000 ---p 0000c000 08:13 213021                     /lib/libnss_files-2.9.so
7f5ae9e04000-7f5ae9e05000 r-xp 0000b000 08:13 213021                     /lib/libnss_files-2.9.so
7f5ae9e05000-7f5ae9e06000 rwxp 0000c000 08:13 213021                     /lib/libnss_files-2.9.so
7f5ae9e06000-7f5ae9e10000 r-xp 00000000 08:13 213023                     /lib/libnss_nis-2.9.so
7f5ae9e10000-7f5aea00f000 ---p 0000a000 08:13 213023                     /lib/libnss_nis-2.9.so
7f5aea00f000-7f5aea010000 r-xp 00009000 08:13 213023                     /lib/libnss_nis-2.9.so
7f5aea010000-7f5aea011000 rwxp 0000a000 08:13 213023                     /lib/libnss_nis-2.9.so
7f5aea011000-7f5aea019000 r-xp 00000000 08:13 213019                     /lib/libnss_compat-2.9.so
7f5aea019000-7f5aea218000 ---p 00008000 08:13 213019                     /lib/libnss_compat-2.9.so
7f5aea218000-7f5aea219000 r-xp 00007000 08:13 213019                     /lib/libnss_compat-2.9.so
7f5aea219000-7f5aea21a000 rwxp 00008000 08:13 213019                     /lib/libnss_compat-2.9.so
7f5aea21a000-7f5aea230000 r-xp 00000000 08:13 213018                     /lib/libnsl-2.9.so
7f5aea230000-7f5aea430000 ---p 00016000 08:13 213018                     /lib/libnsl-2.9.so
7f5aea430000-7f5aea431000 r-xp 00016000 08:13 213018                     /lib/libnsl-2.9.so
7f5aea431000-7f5aea432000 rwxp 00017000 08:13 213018                     /lib/libnsl-2.9.so
7f5aea432000-7f5aea434000 rwxp 7f5aea432000 00:00 0 
7f5aea434000-7f5aea43b000 r-xp 00000000 08:13 3163208                    /usr/lib/jvm/java-6-sun-1.6.0.13/jre/lib/amd64/native_threads/libhpi.so
7f5aea43b000-7f5aea53c000 ---p 00007000 08:13 3163208                    /usr/lib/jvm/java-6-sun-1.6.0.13/jre/lib/amd64/native_threads/libhpi.so
7f5aea53c000-7f5aea53e000 rwxp 00008000 08:13 3163208                    /usr/lib/jvm/java-6-sun-1.6.0.13/jre/lib/amd64/native_threads/libhpi.so
7f5aea53e000-7f5aea53f000 rwxp 7f5aea53e000 00:00 0 
7f5aea53f000-7f5aea546000 r-xp 00000000 08:13 213028                     /lib/librt-2.9.so
7f5aea546000-7f5aea745000 ---p 00007000 08:13 213028                     /lib/librt-2.9.so
7f5aea745000-7f5aea746000 r-xp 00006000 08:13 213028                     /lib/librt-2.9.so
7f5aea746000-7f5aea747000 rwxp 00007000 08:13 213028                     /lib/librt-2.9.so
7f5aea747000-7f5aea74a000 ---p 7f5aea747000 00:00 0 
7f5aea74a000-7f5aea848000 rwxp 7f5aea74a000 00:00 0 
7f5aea848000-7f5aea8cc000 r-xp 00000000 08:13 213016                     /lib/libm-2.9.so
7f5aea8cc000-7f5aeaacb000 ---p 00084000 08:13 213016                     /lib/libm-2.9.so
7f5aeaacb000-7f5aeaacc000 r-xp 00083000 08:13 213016                     /lib/libm-2.9.so
7f5aeaacc000-7f5aeaacd000 rwxp 00084000 08:13 213016                     /lib/libm-2.9.so
7f5aeaacd000-7f5aeb15a000 r-xp 00000000 08:13 3163226                    /usr/lib/jvm/java-6-sun-1.6.0.13/jre/lib/amd64/server/libjvm.so
7f5aeb15a000-7f5aeb259000 ---p 0068d000 08:13 3163226                    /usr/lib/jvm/java-6-sun-1.6.0.13/jre/lib/amd64/server/libjvm.so
7f5aeb259000-7f5aeb3aa000 rwxp 0068c000 08:13 3163226                    /usr/lib/jvm/java-6-sun-1.6.0.13/jre/lib/amd64/server/libjvm.so
7f5aeb3aa000-7f5aeb3e7000 rwxp 7f5aeb3aa000 00:00 0 
7f5aeb3e7000-7f5aeb54f000 r-xp 00000000 08:13 213012                     /lib/libc-2.9.so
7f5aeb54f000-7f5aeb74f000 ---p 00168000 08:13 213012                     /lib/libc-2.9.so
7f5aeb74f000-7f5aeb753000 r-xp 00168000 08:13 213012                     /lib/libc-2.9.so
7f5aeb753000-7f5aeb754000 rwxp 0016c000 08:13 213012                     /lib/libc-2.9.so
7f5aeb754000-7f5aeb759000 rwxp 7f5aeb754000 00:00 0 
7f5aeb759000-7f5aeb75b000 r-xp 00000000 08:13 213015                     /lib/libdl-2.9.so
7f5aeb75b000-7f5aeb95b000 ---p 00002000 08:13 213015                     /lib/libdl-2.9.so
7f5aeb95b000-7f5aeb95c000 r-xp 00002000 08:13 213015                     /lib/libdl-2.9.so
7f5aeb95c000-7f5aeb95d000 rwxp 00003000 08:13 213015                     /lib/libdl-2.9.so
7f5aeb95d000-7f5aeb974000 r-xp 00000000 08:13 213026                     /lib/libpthread-2.9.so
7f5aeb974000-7f5aebb73000 ---p 00017000 08:13 213026                     /lib/libpthread-2.9.so
7f5aebb73000-7f5aebb74000 r-xp 00016000 08:13 213026                     /lib/libpthread-2.9.so
7f5aebb74000-7f5aebb75000 rwxp 00017000 08:13 213026                     /lib/libpthread-2.9.so
7f5aebb75000-7f5aebb79000 rwxp 7f5aebb75000 00:00 0 
7f5aebb79000-7f5aebb99000 r-xp 00000000 08:13 213006                     /lib/ld-2.9.so
7f5aebb9f000-7f5aebbad000 r-xs 000ba000 08:11 422677                     /home/epsilon/文档/4_java/javaTools/mtj.jar
7f5aebbad000-7f5aebbb7000 rwxp 7f5aebbad000 00:00 0 
7f5aebbb7000-7f5aebc6d000 rwxp 7f5aebbb7000 00:00 0 
7f5aebc6d000-7f5aebc6f000 rwxp 7f5aebc6d000 00:00 0 
7f5aebc6f000-7f5aebc76000 r-xp 00000000 08:13 3163192                    /usr/lib/jvm/java-6-sun-1.6.0.13/jre/lib/amd64/jli/libjli.so
7f5aebc76000-7f5aebd77000 ---p 00007000 08:13 3163192                    /usr/lib/jvm/java-6-sun-1.6.0.13/jre/lib/amd64/jli/libjli.so
7f5aebd77000-7f5aebd79000 rwxp 00008000 08:13 3163192                    /usr/lib/jvm/java-6-sun-1.6.0.13/jre/lib/amd64/jli/libjli.so
7f5aebd79000-7f5aebd7a000 rwxp 7f5aebd79000 00:00 0 
7f5aebd7a000-7f5aebd7d000 r-xs 000cb000 08:13 3162696                    /usr/lib/jvm/java-6-sun-1.6.0.13/jre/lib/ext/localedata.jar
7f5aebd7d000-7f5aebd80000 r-xs 00000000 08:13 3196574                    /var/cache/fontconfig/7ef2298fde41cc6eeb7af42e48b7d293-x86-64.cache-2
7f5aebd80000-7f5aebd84000 r-xs 00042000 08:11 181747                     /home/epsilon/NetBeansProjects/EpsilonUtils/trunk/dist/EpsilonYUtil.jar
7f5aebd84000-7f5aebd8b000 r-xs 00000000 08:13 2803699                    /usr/lib/gconv/gconv-modules.cache
7f5aebd8b000-7f5aebd93000 rwxs 00000000 08:13 377139                     /tmp/hsperfdata_epsilon/13255
7f5aebd93000-7f5aebd94000 rwxp 7f5aebd93000 00:00 0 
7f5aebd94000-7f5aebd95000 r-xp 7f5aebd94000 00:00 0 
7f5aebd95000-7f5aebd98000 rwxp 7f5aebd95000 00:00 0 
7f5aebd98000-7f5aebd99000 r-xp 0001f000 08:13 213006                     /lib/ld-2.9.so
7f5aebd99000-7f5aebd9a000 rwxp 00020000 08:13 213006                     /lib/ld-2.9.so
7ffff3d85000-7ffff3d9a000 rwxp 7ffffffea000 00:00 0                      [stack]
7ffff3dff000-7ffff3e00000 r-xp 7ffff3dff000 00:00 0                      [vdso]
ffffffffff600000-ffffffffff601000 r-xp 00000000 00:00 0                  [vsyscall]

VM Arguments:
jvm_args: -Dawt.useSystemAAFontSettings=on 
java_command: net.epsilony.simpmeshfree.model.ModelTestFrame
Launcher Type: SUN_STANDARD

Environment Variables:
_JAVA_OPTIONS=-Dawt.useSystemAAFontSettings=on
PATH=/usr/local/sbin:/usr/local/bin:/usr/sbin:/usr/bin:/sbin:/bin:/usr/games
USERNAME=epsilon
LD_LIBRARY_PATH=/usr/lib/jvm/java-6-sun-1.6.0.13/jre/lib/amd64/server:/usr/lib/jvm/java-6-sun-1.6.0.13/jre/lib/amd64:/usr/lib/jvm/java-6-sun-1.6.0.13/jre/../lib/amd64
SHELL=/bin/bash
DISPLAY=:0.0

Signal Handlers:
SIGSEGV: [libjvm.so+0x5fcd20], sa_mask[0]=0x7ffbfeff, sa_flags=0x10000004
SIGBUS: [libjvm.so+0x5fcd20], sa_mask[0]=0x7ffbfeff, sa_flags=0x10000004
SIGFPE: [libjvm.so+0x4e0eb0], sa_mask[0]=0x7ffbfeff, sa_flags=0x10000004
SIGPIPE: [libjvm.so+0x4e0eb0], sa_mask[0]=0x7ffbfeff, sa_flags=0x10000004
SIGXFSZ: [libjvm.so+0x4e0eb0], sa_mask[0]=0x7ffbfeff, sa_flags=0x10000004
SIGILL: [libjvm.so+0x4e0eb0], sa_mask[0]=0x7ffbfeff, sa_flags=0x10000004
SIGUSR1: SIG_DFL, sa_mask[0]=0x00000000, sa_flags=0x00000000
SIGUSR2: [libjvm.so+0x4e35d0], sa_mask[0]=0x00000004, sa_flags=0x10000004
SIGHUP: [libjvm.so+0x4e3320], sa_mask[0]=0x7ffbfeff, sa_flags=0x10000004
SIGINT: SIG_IGN, sa_mask[0]=0x00000000, sa_flags=0x00000000
SIGTERM: [libjvm.so+0x4e3320], sa_mask[0]=0x7ffbfeff, sa_flags=0x10000004
SIGQUIT: [libjvm.so+0x4e3320], sa_mask[0]=0x7ffbfeff, sa_flags=0x10000004


---------------  S Y S T E M  ---------------

OS:5.0

uname:Linux 2.6.28-12-generic #43-Ubuntu SMP Fri May 1 19:31:32 UTC 2009 x86_64
libc:glibc 2.9 NPTL 2.9 
rlimit: STACK 8192k, CORE 0k, NPROC infinity, NOFILE 1024, AS infinity
load average:0.14 0.19 0.22

CPU:total 2 (2 cores per cpu, 1 threads per core) family 16 model 2 stepping 3, cmov, cx8, fxsr, mmx, sse, sse2, sse3, mmxext, 3dnow, 3dnowext, sse4a

Memory: 4k page, physical 5780180k(3200656k free), swap 3903752k(3865604k free)

vm_info: Java HotSpot(TM) 64-Bit Server VM (11.3-b02) for linux-amd64 JRE (1.6.0_13-b03), built on Mar  9 2009 11:08:22 by "java_re" with gcc 3.2.2 (SuSE Linux)

time: Mon May 18 12:23:11 2009
elapsed time: 0 seconds

