#
# An unexpected error has been detected by Java Runtime Environment:
#
#  SIGSEGV (0xb) at pc=0x00007fb182bac11b, pid=11107, tid=140398680881488
#
# Java VM: Java HotSpot(TM) 64-Bit Server VM (11.3-b02 mixed mode linux-amd64)
# Problematic frame:
# C  [libc.so.6+0x8411b]  memcpy+0x15b
#
# If you would like to submit a bug report, please visit:
#   http://java.sun.com/webapps/bugreport/crash.jsp
#

---------------  T H R E A D  ---------------

Current thread (0x00007fb1181c6800):  JavaThread "AWT-EventQueue-0" [_thread_in_vm, id=11122, stack(0x00007fb11d703000,0x00007fb11d804000)]

siginfo:si_signo=SIGSEGV: si_errno=0, si_code=2 (SEGV_ACCERR), si_addr=0x00007fb1100af000

Registers:
RAX=0x00007fb161c25858, RBX=0x00007fb1207e12a0, RCX=0x0000000000000054, RDX=0x0000000000000e20
RSP=0x00007fb11d802258, RBP=0x00007fb11d8022e0, RSI=0x00007fb1100af000, RDI=0x00007fb161c263d8
R8 =0x0000000000000ffc, R9 =0x00007fb1829f85b8, R10=0x00007fb1829fc028, R11=0x0000000000000e20
R12=0x0000000000000e20, R13=0x0000000000000000, R14=0x00000000411fa068, R15=0x00007fb11d802270
RIP=0x00007fb182bac11b, EFL=0x0000000000010212, CSGSFS=0x0000000000000033, ERR=0x0000000000000004
  TRAPNO=0x000000000000000e

Top of Stack: (sp=0x00007fb11d802258)
0x00007fb11d802258:   00007fb182554600 00007fb1181c69c0
0x00007fb11d802268:   00007fb1100ae480 00007fb1181c6800
0x00007fb11d802278:   0000000000000000 00007fb1181c6800
0x00007fb11d802288:   0000000000000000 00007fb1181c6800
0x00007fb11d802298:   00007fb11d8023e0 00007fb1181c6800
0x00007fb11d8022a8:   00007fb182ba2276 00007fb1181c6800
0x00007fb11d8022b8:   00000000411fa068 00007fb110003b50
0x00007fb11d8022c8:   00007fb110003db0 00007fb11d8023e0
0x00007fb11d8022d8:   00000000411fa010 00007fb1181c69c0
0x00007fb11d8022e8:   00007fb11d2e0486 00007fb110003d00
0x00007fb11d8022f8:   00000000411fa018 00000000411fa020
0x00007fb11d802308:   00000000411fa028 00000000411fa030
0x00007fb11d802318:   00007fb120c0e4be 00000000411fa038
0x00007fb11d802328:   00007fb120c15210 0101010100000000
0x00007fb11d802338:   00007fb1211d86b8 00007fb11d8023c0
0x00007fb11d802348:   0000000000000101 00007fb1211d86b8
0x00007fb11d802358:   00007fb11d8023e0 00007fb1181c6800
0x00007fb11d802368:   00007fb17dff6852 00007fb160a4fa40
0x00007fb11d802378:   00007fb120c15c70 00007fb11d802380
0x00007fb11d802388:   0000000000000000 00007fb11d8023e0
0x00007fb11d802398:   00007fb1211d90f0 0000000000000000
0x00007fb11d8023a8:   00007fb1211d86b8 0000000000000000
0x00007fb11d8023b8:   00007fb11d8023e0 00007fb11d802428
0x00007fb11d8023c8:   00007fb17dfeb322 0000000000000000
0x00007fb11d8023d8:   00007fb17dff3358 00007fb161c16a90
0x00007fb11d8023e8:   00007fb11d8023e8 00007fb1211d7195
0x00007fb11d8023f8:   00007fb11d802470 00007fb1211d90f0
0x00007fb11d802408:   0000000000000000 00007fb1211d7220
0x00007fb11d802418:   00007fb11d8023e0 00007fb11d802460
0x00007fb11d802428:   00007fb11d8024b8 00007fb17dfeb322
0x00007fb11d802438:   0000000000000000 00007fb161c23d88
0x00007fb11d802448:   0000000000000000 00007fb161c23d70 

Instructions: (pc=0x00007fb182bac11b)
0x00007fb182bac10b:   0f 47 da 4c 89 d9 49 83 e3 f8 48 c1 e9 03 74 05
0x00007fb182bac11b:   f3 48 a5 66 90 4c 29 da 48 f7 c2 f8 ff ff ff 75 

Stack: [0x00007fb11d703000,0x00007fb11d804000],  sp=0x00007fb11d802258,  free space=1020k
Native frames: (J=compiled Java code, j=interpreted, Vv=VM code, C=native code)
C  [libc.so.6+0x8411b]  memcpy+0x15b

Java frames: (J=compiled Java code, j=interpreted, Vv=VM code)
j  net.epsilony.simpmeshfree.model.geometry.TriangleJni.triangleFun()V+0
j  net.epsilony.simpmeshfree.model.geometry.TriangleJni.complie(Lnet/epsilony/simpmeshfree/model/geometry/GeometryModel;Ljava/lang/String;)V+141
j  net.epsilony.simpmeshfree.model.mechanics.MechanicsModel.generateQuadratureDomainsByTriangle(DDLjava/lang/String;)V+60
j  net.epsilony.simpmeshfree.model.ModelTestFrame.<init>()V+614
j  net.epsilony.simpmeshfree.model.ModelTestFrame$1.run()V+4
j  java.awt.event.InvocationEvent.dispatch()V+47
j  java.awt.EventQueue.dispatchEvent(Ljava/awt/AWTEvent;)V+26
j  java.awt.EventDispatchThread.pumpOneEventForFilters(I)Z+204
j  java.awt.EventDispatchThread.pumpEventsForFilter(ILjava/awt/Conditional;Ljava/awt/EventFilter;)V+30
j  java.awt.EventDispatchThread.pumpEventsForHierarchy(ILjava/awt/Conditional;Ljava/awt/Component;)V+11
j  java.awt.EventDispatchThread.pumpEvents(ILjava/awt/Conditional;)V+4
j  java.awt.EventDispatchThread.pumpEvents(Ljava/awt/Conditional;)V+3
j  java.awt.EventDispatchThread.run()V+9
v  ~StubRoutines::call_stub

---------------  P R O C E S S  ---------------

Java Threads: ( => current thread )
  0x00007fb110000c00 JavaThread "Thread-3" [_thread_blocked, id=11124, stack(0x00007fb11d501000,0x00007fb11d602000)]
  0x0000000041163c00 JavaThread "Thread-2" [_thread_blocked, id=11123, stack(0x00007fb11d602000,0x00007fb11d703000)]
  0x00007fb1181d4000 JavaThread "DestroyJavaVM" [_thread_blocked, id=11108, stack(0x00007fb181e88000,0x00007fb181f89000)]
=>0x00007fb1181c6800 JavaThread "AWT-EventQueue-0" [_thread_in_vm, id=11122, stack(0x00007fb11d703000,0x00007fb11d804000)]
  0x00007fb1180a1000 JavaThread "AWT-Shutdown" [_thread_blocked, id=11121, stack(0x00007fb11d912000,0x00007fb11da13000)]
  0x00007fb11809fc00 JavaThread "AWT-XAWT" daemon [_thread_in_native, id=11120, stack(0x00007fb11da13000,0x00007fb11db14000)]
  0x00000000411e8800 JavaThread "Java2D Disposer" daemon [_thread_blocked, id=11119, stack(0x00007fb11e148000,0x00007fb11e249000)]
  0x000000004103e800 JavaThread "Low Memory Detector" daemon [_thread_blocked, id=11117, stack(0x00007fb11f77b000,0x00007fb11f87c000)]
  0x000000004103c000 JavaThread "CompilerThread1" daemon [_thread_blocked, id=11116, stack(0x00007fb11f87c000,0x00007fb11f97d000)]
  0x0000000041038000 JavaThread "CompilerThread0" daemon [_thread_in_native, id=11115, stack(0x00007fb11f97d000,0x00007fb11fa7e000)]
  0x0000000041036000 JavaThread "Signal Dispatcher" daemon [_thread_blocked, id=11114, stack(0x00007fb11fa7e000,0x00007fb11fb7f000)]
  0x0000000041014800 JavaThread "Finalizer" daemon [_thread_blocked, id=11113, stack(0x00007fb11fbbe000,0x00007fb11fcbf000)]
  0x000000004100d800 JavaThread "Reference Handler" daemon [_thread_blocked, id=11112, stack(0x00007fb11fcbf000,0x00007fb11fdc0000)]

Other Threads:
  0x0000000041008000 VMThread [stack: 0x00007fb11fdc0000,0x00007fb11fec1000] [id=11111]
  0x0000000041040c00 WatcherThread [stack: 0x00007fb11f67a000,0x00007fb11f77b000] [id=11118]

VM state:not at safepoint (normal execution)

VM Mutex/Monitor currently owned by a thread: None

Heap
 PSYoungGen      total 26368K, used 19354K [0x00007fb160940000, 0x00007fb1626a0000, 0x00007fb17dfe0000)
  eden space 22656K, 85% used [0x00007fb160940000,0x00007fb161c26b18,0x00007fb161f60000)
  from space 3712K, 0% used [0x00007fb162300000,0x00007fb162300000,0x00007fb1626a0000)
  to   space 3712K, 0% used [0x00007fb161f60000,0x00007fb161f60000,0x00007fb162300000)
 PSOldGen        total 60288K, used 0K [0x00007fb125be0000, 0x00007fb1296c0000, 0x00007fb160940000)
  object space 60288K, 0% used [0x00007fb125be0000,0x00007fb125be0000,0x00007fb1296c0000)
 PSPermGen       total 21248K, used 10244K [0x00007fb1207e0000, 0x00007fb121ca0000, 0x00007fb125be0000)
  object space 21248K, 48% used [0x00007fb1207e0000,0x00007fb1211e1190,0x00007fb121ca0000)

Dynamic libraries:
40000000-40009000 r-xp 00000000 08:13 3163089                            /usr/lib/jvm/java-6-sun-1.6.0.13/jre/bin/java
40108000-4010a000 rwxp 00008000 08:13 3163089                            /usr/lib/jvm/java-6-sun-1.6.0.13/jre/bin/java
40f7f000-41d20000 rwxp 40f7f000 00:00 0                                  [heap]
7fb110000000-7fb1100af000 rwxp 7fb110000000 00:00 0 
7fb1100af000-7fb114000000 ---p 7fb1100af000 00:00 0 
7fb118000000-7fb118816000 rwxp 7fb118000000 00:00 0 
7fb118816000-7fb11c000000 ---p 7fb118816000 00:00 0 
7fb11cdb7000-7fb11cdcd000 r-xp 00000000 08:13 213005                     /lib/libgcc_s.so.1
7fb11cdcd000-7fb11cfcd000 ---p 00016000 08:13 213005                     /lib/libgcc_s.so.1
7fb11cfcd000-7fb11cfce000 r-xp 00016000 08:13 213005                     /lib/libgcc_s.so.1
7fb11cfce000-7fb11cfcf000 rwxp 00017000 08:13 213005                     /lib/libgcc_s.so.1
7fb11cfcf000-7fb11d0c0000 r-xp 00000000 08:13 2802601                    /usr/lib/libstdc++.so.6.0.10
7fb11d0c0000-7fb11d2c0000 ---p 000f1000 08:13 2802601                    /usr/lib/libstdc++.so.6.0.10
7fb11d2c0000-7fb11d2c7000 r-xp 000f1000 08:13 2802601                    /usr/lib/libstdc++.so.6.0.10
7fb11d2c7000-7fb11d2c9000 rwxp 000f8000 08:13 2802601                    /usr/lib/libstdc++.so.6.0.10
7fb11d2c9000-7fb11d2dc000 rwxp 7fb11d2c9000 00:00 0 
7fb11d2dc000-7fb11d300000 r-xp 00000000 08:13 1942103                    /usr/lib/TriangleJniAmd64.so
7fb11d300000-7fb11d4ff000 ---p 00024000 08:13 1942103                    /usr/lib/TriangleJniAmd64.so
7fb11d4ff000-7fb11d500000 r-xp 00023000 08:13 1942103                    /usr/lib/TriangleJniAmd64.so
7fb11d500000-7fb11d501000 rwxp 00024000 08:13 1942103                    /usr/lib/TriangleJniAmd64.so
7fb11d501000-7fb11d504000 ---p 7fb11d501000 00:00 0 
7fb11d504000-7fb11d602000 rwxp 7fb11d504000 00:00 0 
7fb11d602000-7fb11d605000 ---p 7fb11d602000 00:00 0 
7fb11d605000-7fb11d703000 rwxp 7fb11d605000 00:00 0 
7fb11d703000-7fb11d706000 ---p 7fb11d703000 00:00 0 
7fb11d706000-7fb11d804000 rwxp 7fb11d706000 00:00 0 
7fb11d804000-7fb11d80d000 r-xs 00000000 08:13 3197464                    /var/cache/fontconfig/945677eb7aeaf62f1d50efc3fb3ec7d8-x86-64.cache-2
7fb11d80d000-7fb11d80f000 r-xs 00000000 08:13 3197468                    /var/cache/fontconfig/99e8ed0e538f840c565b6ed5dad60d56-x86-64.cache-2
7fb11d80f000-7fb11d812000 r-xs 00000000 08:13 3197466                    /var/cache/fontconfig/e383d7ea5fbe662a33d9b44caf393297-x86-64.cache-2
7fb11d812000-7fb11d816000 r-xs 00000000 08:13 3197459                    /var/cache/fontconfig/6eb3985aa4124903f6ff08ba781cd364-x86-64.cache-2
7fb11d816000-7fb11d817000 r-xs 00000000 08:13 3197445                    /var/cache/fontconfig/4c73fe0c47614734b17d736dbde7580a-x86-64.cache-2
7fb11d817000-7fb11d81b000 r-xs 00000000 08:13 3196573                    /var/cache/fontconfig/a755afe4a08bf5b97852ceb7400b47bc-x86-64.cache-2
7fb11d81b000-7fb11d824000 r-xs 00000000 08:13 3197440                    /var/cache/fontconfig/6d41288fd70b0be22e8c3a91e032eec0-x86-64.cache-2
7fb11d824000-7fb11d827000 r-xs 00000000 08:13 3197439                    /var/cache/fontconfig/de156ccd2eddbdc19d37a45b8b2aac9c-x86-64.cache-2
7fb11d827000-7fb11d832000 r-xs 00000000 08:13 3197435                    /var/cache/fontconfig/e3de0de479f42330eadf588a55fb5bf4-x86-64.cache-2
7fb11d832000-7fb11d841000 r-xs 00000000 08:13 3197434                    /var/cache/fontconfig/0f34bcd4b6ee430af32735b75db7f02b-x86-64.cache-2
7fb11d841000-7fb11d844000 r-xs 00000000 08:13 3197433                    /var/cache/fontconfig/ddd4086aec35a5275babba44bb759c3c-x86-64.cache-2
7fb11d844000-7fb11d845000 r-xs 00000000 08:13 3197424                    /var/cache/fontconfig/4794a0821666d79190d59a36cb4f44b5-x86-64.cache-2
7fb11d845000-7fb11d84e000 r-xs 00000000 08:13 3197417                    /var/cache/fontconfig/d52a8644073d54c13679302ca1180695-x86-64.cache-2
7fb11d912000-7fb11d915000 ---p 7fb11d912000 00:00 0 
7fb11d915000-7fb11da13000 rwxp 7fb11d915000 00:00 0 
7fb11da13000-7fb11da16000 ---p 7fb11da13000 00:00 0 
7fb11da16000-7fb11db14000 rwxp 7fb11da16000 00:00 0 
7fb11db14000-7fb11db19000 r-xp 00000000 08:13 2805390                    /usr/lib/libXfixes.so.3.1.0
7fb11db19000-7fb11dd18000 ---p 00005000 08:13 2805390                    /usr/lib/libXfixes.so.3.1.0
7fb11dd18000-7fb11dd19000 rwxp 00004000 08:13 2805390                    /usr/lib/libXfixes.so.3.1.0
7fb11dd19000-7fb11dd22000 r-xp 00000000 08:13 2805803                    /usr/lib/libXrender.so.1.3.0
7fb11dd22000-7fb11df21000 ---p 00009000 08:13 2805803                    /usr/lib/libXrender.so.1.3.0
7fb11df21000-7fb11df22000 r-xp 00008000 08:13 2805803                    /usr/lib/libXrender.so.1.3.0
7fb11df22000-7fb11df23000 rwxp 00009000 08:13 2805803                    /usr/lib/libXrender.so.1.3.0
7fb11df23000-7fb11df2c000 r-xp 00000000 08:13 2805843                    /usr/lib/libXcursor.so.1.0.2
7fb11df2c000-7fb11e12c000 ---p 00009000 08:13 2805843                    /usr/lib/libXcursor.so.1.0.2
7fb11e12c000-7fb11e12d000 rwxp 00009000 08:13 2805843                    /usr/lib/libXcursor.so.1.0.2
7fb11e148000-7fb11e14b000 ---p 7fb11e148000 00:00 0 
7fb11e14b000-7fb11e249000 rwxp 7fb11e14b000 00:00 0 
7fb11e249000-7fb11e2c7000 r-xp 00000000 08:13 3163204                    /usr/lib/jvm/java-6-sun-1.6.0.13/jre/lib/amd64/libfontmanager.so
7fb11e2c7000-7fb11e3c6000 ---p 0007e000 08:13 3163204                    /usr/lib/jvm/java-6-sun-1.6.0.13/jre/lib/amd64/libfontmanager.so
7fb11e3c6000-7fb11e3dc000 rwxp 0007d000 08:13 3163204                    /usr/lib/jvm/java-6-sun-1.6.0.13/jre/lib/amd64/libfontmanager.so
7fb11e3dc000-7fb11e3ed000 rwxp 7fb11e3dc000 00:00 0 
7fb11e3ed000-7fb11e3f2000 r-xp 00000000 08:13 2805384                    /usr/lib/libXdmcp.so.6.0.0
7fb11e3f2000-7fb11e5f1000 ---p 00005000 08:13 2805384                    /usr/lib/libXdmcp.so.6.0.0
7fb11e5f1000-7fb11e5f2000 rwxp 00004000 08:13 2805384                    /usr/lib/libXdmcp.so.6.0.0
7fb11e5f2000-7fb11e60d000 r-xp 00000000 08:13 2805386                    /usr/lib/libxcb.so.1.1.0
7fb11e60d000-7fb11e80c000 ---p 0001b000 08:13 2805386                    /usr/lib/libxcb.so.1.1.0
7fb11e80c000-7fb11e80d000 r-xp 0001a000 08:13 2805386                    /usr/lib/libxcb.so.1.1.0
7fb11e80d000-7fb11e80e000 rwxp 0001b000 08:13 2805386                    /usr/lib/libxcb.so.1.1.0
7fb11e80e000-7fb11e810000 r-xp 00000000 08:13 2805382                    /usr/lib/libXau.so.6.0.0
7fb11e810000-7fb11ea0f000 ---p 00002000 08:13 2805382                    /usr/lib/libXau.so.6.0.0
7fb11ea0f000-7fb11ea10000 r-xp 00001000 08:13 2805382                    /usr/lib/libXau.so.6.0.0
7fb11ea10000-7fb11ea11000 rwxp 00002000 08:13 2805382                    /usr/lib/libXau.so.6.0.0
7fb11ea11000-7fb11ea1a000 r-xp 00000000 08:13 2805586                    /usr/lib/libXi.so.6.0.0
7fb11ea1a000-7fb11ec1a000 ---p 00009000 08:13 2805586                    /usr/lib/libXi.so.6.0.0
7fb11ec1a000-7fb11ec1b000 r-xp 00009000 08:13 2805586                    /usr/lib/libXi.so.6.0.0
7fb11ec1b000-7fb11ec1c000 rwxp 0000a000 08:13 2805586                    /usr/lib/libXi.so.6.0.0
7fb11ec1c000-7fb11ec21000 r-xp 00000000 08:13 2806834                    /usr/lib/libXtst.so.6.1.0
7fb11ec21000-7fb11ee21000 ---p 00005000 08:13 2806834                    /usr/lib/libXtst.so.6.1.0
7fb11ee21000-7fb11ee22000 r-xp 00005000 08:13 2806834                    /usr/lib/libXtst.so.6.1.0
7fb11ee22000-7fb11ee23000 rwxp 00006000 08:13 2806834                    /usr/lib/libXtst.so.6.1.0
7fb11ee23000-7fb11ef25000 r-xp 00000000 08:13 2805388                    /usr/lib/libX11.so.6.2.0
7fb11ef25000-7fb11f125000 ---p 00102000 08:13 2805388                    /usr/lib/libX11.so.6.2.0
7fb11f125000-7fb11f126000 r-xp 00102000 08:13 2805388                    /usr/lib/libX11.so.6.2.0
7fb11f126000-7fb11f12a000 rwxp 00103000 08:13 2805388                    /usr/lib/libX11.so.6.2.0
7fb11f12a000-7fb11f13b000 r-xp 00000000 08:13 2805394                    /usr/lib/libXext.so.6.4.0
7fb11f13b000-7fb11f33a000 ---p 00011000 08:13 2805394                    /usr/lib/libXext.so.6.4.0
7fb11f33a000-7fb11f33b000 r-xp 00010000 08:13 2805394                    /usr/lib/libXext.so.6.4.0
7fb11f33b000-7fb11f33c000 rwxp 00011000 08:13 2805394                    /usr/lib/libXext.so.6.4.0
7fb11f33d000-7fb11f349000 r-xs 00000000 08:13 3197416                    /var/cache/fontconfig/089dead882dea3570ffc31a9898cfb69-x86-64.cache-2
7fb11f349000-7fb11f34d000 r-xs 00000000 08:13 3197398                    /var/cache/fontconfig/cabbd14511b9e8a55e92af97fb3a0461-x86-64.cache-2
7fb11f34d000-7fb11f357000 r-xs 00000000 08:13 3195524                    /var/cache/fontconfig/e13b20fdb08344e0e664864cc2ede53d-x86-64.cache-2
7fb11f357000-7fb11f398000 r-xp 00000000 08:13 3163194                    /usr/lib/jvm/java-6-sun-1.6.0.13/jre/lib/amd64/xawt/libmawt.so
7fb11f398000-7fb11f497000 ---p 00041000 08:13 3163194                    /usr/lib/jvm/java-6-sun-1.6.0.13/jre/lib/amd64/xawt/libmawt.so
7fb11f497000-7fb11f4a3000 rwxp 00040000 08:13 3163194                    /usr/lib/jvm/java-6-sun-1.6.0.13/jre/lib/amd64/xawt/libmawt.so
7fb11f4a3000-7fb11f4a4000 rwxp 7fb11f4a3000 00:00 0 
7fb11f4a4000-7fb11f536000 r-xp 00000000 08:13 3163239                    /usr/lib/jvm/java-6-sun-1.6.0.13/jre/lib/amd64/libawt.so
7fb11f536000-7fb11f635000 ---p 00092000 08:13 3163239                    /usr/lib/jvm/java-6-sun-1.6.0.13/jre/lib/amd64/libawt.so
7fb11f635000-7fb11f64e000 rwxp 00091000 08:13 3163239                    /usr/lib/jvm/java-6-sun-1.6.0.13/jre/lib/amd64/libawt.so
7fb11f64e000-7fb11f673000 rwxp 7fb11f64e000 00:00 0 
7fb11f673000-7fb11f67a000 r-xs 00059000 08:11 1172178                    /home/epsilon/文档/4_java/javaTools/apache-log4j-1.2.15/log4j-1.2.15.jar
7fb11f67a000-7fb11f67b000 ---p 7fb11f67a000 00:00 0 
7fb11f67b000-7fb11f77b000 rwxp 7fb11f67b000 00:00 0 
7fb11f77b000-7fb11f77e000 ---p 7fb11f77b000 00:00 0 
7fb11f77e000-7fb11f87c000 rwxp 7fb11f77e000 00:00 0 
7fb11f87c000-7fb11f87f000 ---p 7fb11f87c000 00:00 0 
7fb11f87f000-7fb11f97d000 rwxp 7fb11f87f000 00:00 0 
7fb11f97d000-7fb11f980000 ---p 7fb11f97d000 00:00 0 
7fb11f980000-7fb11fa7e000 rwxp 7fb11f980000 00:00 0 
7fb11fa7e000-7fb11fa81000 ---p 7fb11fa7e000 00:00 0 
7fb11fa81000-7fb11fb7f000 rwxp 7fb11fa81000 00:00 0 
7fb11fb7f000-7fb11fbbe000 r-xp 00000000 08:13 2827839                    /usr/lib/locale/zh_CN.utf8/LC_CTYPE
7fb11fbbe000-7fb11fbc1000 ---p 7fb11fbbe000 00:00 0 
7fb11fbc1000-7fb11fcbf000 rwxp 7fb11fbc1000 00:00 0 
7fb11fcbf000-7fb11fcc2000 ---p 7fb11fcbf000 00:00 0 
7fb11fcc2000-7fb11fdc0000 rwxp 7fb11fcc2000 00:00 0 
7fb11fdc0000-7fb11fdc1000 ---p 7fb11fdc0000 00:00 0 
7fb11fdc1000-7fb11ff36000 rwxp 7fb11fdc1000 00:00 0 
7fb11ff36000-7fb1200c8000 r-xs 02f34000 08:13 2942580                    /usr/lib/jvm/java-6-sun-1.6.0.13/jre/lib/rt.jar
7fb1200c8000-7fb1200f0000 rwxp 7fb1200c8000 00:00 0 
7fb1200f0000-7fb1200f1000 ---p 7fb1200f0000 00:00 0 
7fb1200f1000-7fb1201f1000 rwxp 7fb1200f1000 00:00 0 
7fb1201f1000-7fb1201f2000 ---p 7fb1201f1000 00:00 0 
7fb1201f2000-7fb1202fd000 rwxp 7fb1201f2000 00:00 0 
7fb1202fd000-7fb12031c000 rwxp 7fb1202fd000 00:00 0 
7fb12031c000-7fb12033a000 rwxp 7fb12031c000 00:00 0 
7fb12033a000-7fb1204f3000 rwxp 7fb12033a000 00:00 0 
7fb1204f3000-7fb1204fe000 rwxp 7fb1204f3000 00:00 0 
7fb1204fe000-7fb12051d000 rwxp 7fb1204fe000 00:00 0 
7fb12051d000-7fb12053b000 rwxp 7fb12051d000 00:00 0 
7fb12053b000-7fb1206f3000 rwxp 7fb12053b000 00:00 0 
7fb1206f3000-7fb120703000 rwxp 7fb1206f3000 00:00 0 
7fb120703000-7fb1207df000 rwxp 7fb120703000 00:00 0 
7fb1207df000-7fb121ca0000 rwxp 7fb1207df000 00:00 0 
7fb121ca0000-7fb125be0000 rwxp 7fb121ca0000 00:00 0 
7fb125be0000-7fb1296c0000 rwxp 7fb125be0000 00:00 0 
7fb1296c0000-7fb160940000 rwxp 7fb1296c0000 00:00 0 
7fb160940000-7fb1626a0000 rwxp 7fb160940000 00:00 0 
7fb1626a0000-7fb17dfe0000 rwxp 7fb1626a0000 00:00 0 
7fb17dfe0000-7fb17dfe8000 r-xs 0004b000 08:11 162661                     /home/epsilon/文档/4_java/javaTools/commons-math-1.2/commons-math-1.2.jar
7fb17dfe8000-7fb17e258000 rwxp 7fb17dfe8000 00:00 0 
7fb17e258000-7fb180fe8000 rwxp 7fb17e258000 00:00 0 
7fb180fe8000-7fb180ff6000 r-xp 00000000 08:13 3163206                    /usr/lib/jvm/java-6-sun-1.6.0.13/jre/lib/amd64/libzip.so
7fb180ff6000-7fb1810f8000 ---p 0000e000 08:13 3163206                    /usr/lib/jvm/java-6-sun-1.6.0.13/jre/lib/amd64/libzip.so
7fb1810f8000-7fb1810fb000 rwxp 00010000 08:13 3163206                    /usr/lib/jvm/java-6-sun-1.6.0.13/jre/lib/amd64/libzip.so
7fb1810fb000-7fb1810fc000 rwxp 7fb1810fb000 00:00 0 
7fb1810fc000-7fb181125000 r-xp 00000000 08:13 3163219                    /usr/lib/jvm/java-6-sun-1.6.0.13/jre/lib/amd64/libjava.so
7fb181125000-7fb181224000 ---p 00029000 08:13 3163219                    /usr/lib/jvm/java-6-sun-1.6.0.13/jre/lib/amd64/libjava.so
7fb181224000-7fb18122b000 rwxp 00028000 08:13 3163219                    /usr/lib/jvm/java-6-sun-1.6.0.13/jre/lib/amd64/libjava.so
7fb18122b000-7fb181238000 r-xp 00000000 08:13 3163201                    /usr/lib/jvm/java-6-sun-1.6.0.13/jre/lib/amd64/libverify.so
7fb181238000-7fb181337000 ---p 0000d000 08:13 3163201                    /usr/lib/jvm/java-6-sun-1.6.0.13/jre/lib/amd64/libverify.so
7fb181337000-7fb18133a000 rwxp 0000c000 08:13 3163201                    /usr/lib/jvm/java-6-sun-1.6.0.13/jre/lib/amd64/libverify.so
7fb18133a000-7fb181346000 r-xp 00000000 08:13 213021                     /lib/libnss_files-2.9.so
7fb181346000-7fb181545000 ---p 0000c000 08:13 213021                     /lib/libnss_files-2.9.so
7fb181545000-7fb181546000 r-xp 0000b000 08:13 213021                     /lib/libnss_files-2.9.so
7fb181546000-7fb181547000 rwxp 0000c000 08:13 213021                     /lib/libnss_files-2.9.so
7fb181547000-7fb181551000 r-xp 00000000 08:13 213023                     /lib/libnss_nis-2.9.so
7fb181551000-7fb181750000 ---p 0000a000 08:13 213023                     /lib/libnss_nis-2.9.so
7fb181750000-7fb181751000 r-xp 00009000 08:13 213023                     /lib/libnss_nis-2.9.so
7fb181751000-7fb181752000 rwxp 0000a000 08:13 213023                     /lib/libnss_nis-2.9.so
7fb181752000-7fb18175a000 r-xp 00000000 08:13 213019                     /lib/libnss_compat-2.9.so
7fb18175a000-7fb181959000 ---p 00008000 08:13 213019                     /lib/libnss_compat-2.9.so
7fb181959000-7fb18195a000 r-xp 00007000 08:13 213019                     /lib/libnss_compat-2.9.so
7fb18195a000-7fb18195b000 rwxp 00008000 08:13 213019                     /lib/libnss_compat-2.9.so
7fb18195b000-7fb181971000 r-xp 00000000 08:13 213018                     /lib/libnsl-2.9.so
7fb181971000-7fb181b71000 ---p 00016000 08:13 213018                     /lib/libnsl-2.9.so
7fb181b71000-7fb181b72000 r-xp 00016000 08:13 213018                     /lib/libnsl-2.9.so
7fb181b72000-7fb181b73000 rwxp 00017000 08:13 213018                     /lib/libnsl-2.9.so
7fb181b73000-7fb181b75000 rwxp 7fb181b73000 00:00 0 
7fb181b75000-7fb181b7c000 r-xp 00000000 08:13 3163208                    /usr/lib/jvm/java-6-sun-1.6.0.13/jre/lib/amd64/native_threads/libhpi.so
7fb181b7c000-7fb181c7d000 ---p 00007000 08:13 3163208                    /usr/lib/jvm/java-6-sun-1.6.0.13/jre/lib/amd64/native_threads/libhpi.so
7fb181c7d000-7fb181c7f000 rwxp 00008000 08:13 3163208                    /usr/lib/jvm/java-6-sun-1.6.0.13/jre/lib/amd64/native_threads/libhpi.so
7fb181c7f000-7fb181c80000 rwxp 7fb181c7f000 00:00 0 
7fb181c80000-7fb181c87000 r-xp 00000000 08:13 213028                     /lib/librt-2.9.so
7fb181c87000-7fb181e86000 ---p 00007000 08:13 213028                     /lib/librt-2.9.so
7fb181e86000-7fb181e87000 r-xp 00006000 08:13 213028                     /lib/librt-2.9.so
7fb181e87000-7fb181e88000 rwxp 00007000 08:13 213028                     /lib/librt-2.9.so
7fb181e88000-7fb181e8b000 ---p 7fb181e88000 00:00 0 
7fb181e8b000-7fb181f89000 rwxp 7fb181e8b000 00:00 0 
7fb181f89000-7fb18200d000 r-xp 00000000 08:13 213016                     /lib/libm-2.9.so
7fb18200d000-7fb18220c000 ---p 00084000 08:13 213016                     /lib/libm-2.9.so
7fb18220c000-7fb18220d000 r-xp 00083000 08:13 213016                     /lib/libm-2.9.so
7fb18220d000-7fb18220e000 rwxp 00084000 08:13 213016                     /lib/libm-2.9.so
7fb18220e000-7fb18289b000 r-xp 00000000 08:13 3163226                    /usr/lib/jvm/java-6-sun-1.6.0.13/jre/lib/amd64/server/libjvm.so
7fb18289b000-7fb18299a000 ---p 0068d000 08:13 3163226                    /usr/lib/jvm/java-6-sun-1.6.0.13/jre/lib/amd64/server/libjvm.so
7fb18299a000-7fb182aeb000 rwxp 0068c000 08:13 3163226                    /usr/lib/jvm/java-6-sun-1.6.0.13/jre/lib/amd64/server/libjvm.so
7fb182aeb000-7fb182b28000 rwxp 7fb182aeb000 00:00 0 
7fb182b28000-7fb182c90000 r-xp 00000000 08:13 213012                     /lib/libc-2.9.so
7fb182c90000-7fb182e90000 ---p 00168000 08:13 213012                     /lib/libc-2.9.so
7fb182e90000-7fb182e94000 r-xp 00168000 08:13 213012                     /lib/libc-2.9.so
7fb182e94000-7fb182e95000 rwxp 0016c000 08:13 213012                     /lib/libc-2.9.so
7fb182e95000-7fb182e9a000 rwxp 7fb182e95000 00:00 0 
7fb182e9a000-7fb182e9c000 r-xp 00000000 08:13 213015                     /lib/libdl-2.9.so
7fb182e9c000-7fb18309c000 ---p 00002000 08:13 213015                     /lib/libdl-2.9.so
7fb18309c000-7fb18309d000 r-xp 00002000 08:13 213015                     /lib/libdl-2.9.so
7fb18309d000-7fb18309e000 rwxp 00003000 08:13 213015                     /lib/libdl-2.9.so
7fb18309e000-7fb1830b5000 r-xp 00000000 08:13 213026                     /lib/libpthread-2.9.so
7fb1830b5000-7fb1832b4000 ---p 00017000 08:13 213026                     /lib/libpthread-2.9.so
7fb1832b4000-7fb1832b5000 r-xp 00016000 08:13 213026                     /lib/libpthread-2.9.so
7fb1832b5000-7fb1832b6000 rwxp 00017000 08:13 213026                     /lib/libpthread-2.9.so
7fb1832b6000-7fb1832ba000 rwxp 7fb1832b6000 00:00 0 
7fb1832ba000-7fb1832da000 r-xp 00000000 08:13 213006                     /lib/ld-2.9.so
7fb1832e0000-7fb1832ee000 r-xs 000ba000 08:11 422677                     /home/epsilon/文档/4_java/javaTools/mtj.jar
7fb1832ee000-7fb1832f8000 rwxp 7fb1832ee000 00:00 0 
7fb1832f8000-7fb1833ae000 rwxp 7fb1832f8000 00:00 0 
7fb1833ae000-7fb1833b0000 rwxp 7fb1833ae000 00:00 0 
7fb1833b0000-7fb1833b7000 r-xp 00000000 08:13 3163192                    /usr/lib/jvm/java-6-sun-1.6.0.13/jre/lib/amd64/jli/libjli.so
7fb1833b7000-7fb1834b8000 ---p 00007000 08:13 3163192                    /usr/lib/jvm/java-6-sun-1.6.0.13/jre/lib/amd64/jli/libjli.so
7fb1834b8000-7fb1834ba000 rwxp 00008000 08:13 3163192                    /usr/lib/jvm/java-6-sun-1.6.0.13/jre/lib/amd64/jli/libjli.so
7fb1834ba000-7fb1834bb000 rwxp 7fb1834ba000 00:00 0 
7fb1834bb000-7fb1834be000 r-xs 000cb000 08:13 3162696                    /usr/lib/jvm/java-6-sun-1.6.0.13/jre/lib/ext/localedata.jar
7fb1834be000-7fb1834c1000 r-xs 00000000 08:13 3196574                    /var/cache/fontconfig/7ef2298fde41cc6eeb7af42e48b7d293-x86-64.cache-2
7fb1834c1000-7fb1834c5000 r-xs 00042000 08:11 181747                     /home/epsilon/NetBeansProjects/EpsilonUtils/trunk/dist/EpsilonYUtil.jar
7fb1834c5000-7fb1834cc000 r-xs 00000000 08:13 2803699                    /usr/lib/gconv/gconv-modules.cache
7fb1834cc000-7fb1834d4000 rwxs 00000000 08:13 377147                     /tmp/hsperfdata_epsilon/11107
7fb1834d4000-7fb1834d5000 rwxp 7fb1834d4000 00:00 0 
7fb1834d5000-7fb1834d6000 r-xp 7fb1834d5000 00:00 0 
7fb1834d6000-7fb1834d9000 rwxp 7fb1834d6000 00:00 0 
7fb1834d9000-7fb1834da000 r-xp 0001f000 08:13 213006                     /lib/ld-2.9.so
7fb1834da000-7fb1834db000 rwxp 00020000 08:13 213006                     /lib/ld-2.9.so
7fff8b4c6000-7fff8b4db000 rwxp 7ffffffea000 00:00 0                      [stack]
7fff8b5ff000-7fff8b600000 r-xp 7fff8b5ff000 00:00 0                      [vdso]
ffffffffff600000-ffffffffff601000 r-xp 00000000 00:00 0                  [vsyscall]

VM Arguments:
jvm_args: -Dawt.useSystemAAFontSettings=on 
java_command: net.epsilony.simpmeshfree.model.ModelTestFrame
Launcher Type: SUN_STANDARD

Environment Variables:
_JAVA_OPTIONS=-Dawt.useSystemAAFontSettings=on
PATH=/usr/local/sbin:/usr/local/bin:/usr/sbin:/usr/bin:/sbin:/bin:/usr/games
USERNAME=epsilon
LD_LIBRARY_PATH=/usr/lib/jvm/java-6-sun-1.6.0.13/jre/lib/amd64/server:/usr/lib/jvm/java-6-sun-1.6.0.13/jre/lib/amd64:/usr/lib/jvm/java-6-sun-1.6.0.13/jre/../lib/amd64
SHELL=/bin/bash
DISPLAY=:0.0

Signal Handlers:
SIGSEGV: [libjvm.so+0x5fcd20], sa_mask[0]=0x7ffbfeff, sa_flags=0x10000004
SIGBUS: [libjvm.so+0x5fcd20], sa_mask[0]=0x7ffbfeff, sa_flags=0x10000004
SIGFPE: [libjvm.so+0x4e0eb0], sa_mask[0]=0x7ffbfeff, sa_flags=0x10000004
SIGPIPE: [libjvm.so+0x4e0eb0], sa_mask[0]=0x7ffbfeff, sa_flags=0x10000004
SIGXFSZ: [libjvm.so+0x4e0eb0], sa_mask[0]=0x7ffbfeff, sa_flags=0x10000004
SIGILL: [libjvm.so+0x4e0eb0], sa_mask[0]=0x7ffbfeff, sa_flags=0x10000004
SIGUSR1: SIG_DFL, sa_mask[0]=0x00000000, sa_flags=0x00000000
SIGUSR2: [libjvm.so+0x4e35d0], sa_mask[0]=0x00000004, sa_flags=0x10000004
SIGHUP: [libjvm.so+0x4e3320], sa_mask[0]=0x7ffbfeff, sa_flags=0x10000004
SIGINT: SIG_IGN, sa_mask[0]=0x00000000, sa_flags=0x00000000
SIGTERM: [libjvm.so+0x4e3320], sa_mask[0]=0x7ffbfeff, sa_flags=0x10000004
SIGQUIT: [libjvm.so+0x4e3320], sa_mask[0]=0x7ffbfeff, sa_flags=0x10000004


---------------  S Y S T E M  ---------------

OS:5.0

uname:Linux 2.6.28-12-generic #43-Ubuntu SMP Fri May 1 19:31:32 UTC 2009 x86_64
libc:glibc 2.9 NPTL 2.9 
rlimit: STACK 8192k, CORE 0k, NPROC infinity, NOFILE 1024, AS infinity
load average:0.61 0.55 0.43

CPU:total 2 (2 cores per cpu, 1 threads per core) family 16 model 2 stepping 3, cmov, cx8, fxsr, mmx, sse, sse2, sse3, mmxext, 3dnow, 3dnowext, sse4a

Memory: 4k page, physical 5780180k(3059008k free), swap 3903752k(3865604k free)

vm_info: Java HotSpot(TM) 64-Bit Server VM (11.3-b02) for linux-amd64 JRE (1.6.0_13-b03), built on Mar  9 2009 11:08:22 by "java_re" with gcc 3.2.2 (SuSE Linux)

time: Mon May 18 11:50:08 2009
elapsed time: 0 seconds

