#
# An unexpected error has been detected by Java Runtime Environment:
#
#  SIGSEGV (0xb) at pc=0x00007fe898cd211b, pid=18469, tid=140635274410320
#
# Java VM: Java HotSpot(TM) 64-Bit Server VM (11.3-b02 mixed mode linux-amd64)
# Problematic frame:
# C  [libc.so.6+0x8411b]  memcpy+0x15b
#
# If you would like to submit a bug report, please visit:
#   http://java.sun.com/webapps/bugreport/crash.jsp
#

---------------  T H R E A D  ---------------

Current thread (0x00000000420ff400):  JavaThread "AWT-EventQueue-0" [_thread_in_vm, id=18484, stack(0x00007fe83382f000,0x00007fe833930000)]

siginfo:si_signo=SIGSEGV: si_errno=0, si_code=2 (SEGV_ACCERR), si_addr=0x00007fe82c0c2000

Registers:
RAX=0x00007fe8772c3f28, RBX=0x00007fe8369012a0, RCX=0x000000000000017a, RDX=0x0000000000004540
RSP=0x00007fe83392e538, RBP=0x00007fe83392e5c0, RSI=0x00007fe82c0c2000, RDI=0x00007fe8772c7898
R8 =0x0000000000000ffc, R9 =0x00007fe898b1e5b8, R10=0x00007fe898b22028, R11=0x0000000000004540
R12=0x0000000000004540, R13=0x0000000000000000, R14=0x00000000421005e0, R15=0x00007fe83392e550
RIP=0x00007fe898cd211b, EFL=0x0000000000010212, CSGSFS=0x0000000000000033, ERR=0x0000000000000004
  TRAPNO=0x000000000000000e

Top of Stack: (sp=0x00007fe83392e538)
0x00007fe83392e538:   00007fe89867a600 00000000420ff5c0
0x00007fe83392e548:   00007fe82c0be690 00000000420ff400
0x00007fe83392e558:   0000000000000000 00000000420ff400
0x00007fe83392e568:   0000000000000000 00000000420ff400
0x00007fe83392e578:   00007fe83392e6b8 00000000420ff400
0x00007fe83392e588:   00007fe898cc8276 00000000420ff400
0x00007fe83392e598:   00000000421005e0 00007fe82c0011c0
0x00007fe83392e5a8:   00007fe82c002800 00007fe83392e6b8
0x00007fe83392e5b8:   0000000042100580 00000000420ff5c0
0x00007fe83392e5c8:   00007fe83340c486 00007fe82c002750
0x00007fe83392e5d8:   0000000042100588 0000000042100590
0x00007fe83392e5e8:   0000000042100598 00000000421005a0
0x00007fe83392e5f8:   00000000421005a8 00000000421005b0
0x00007fe83392e608:   000000004218ae60 01010101010ff400
0x00007fe83392e618:   00007fe8372fed38 00007fe83392e698
0x00007fe83392e628:   0000000000000101 00007fe8372fed38
0x00007fe83392e638:   00007fe83392e6b8 00000000420ff400
0x00007fe83392e648:   00007fe89411c852 00000000420ff400
0x00007fe83392e658:   00007fe83392e658 00007fe8372fed38
0x00007fe83392e668:   00007fe83392e6b8 00007fe8372ff770
0x00007fe83392e678:   0000000000000000 00007fe8372fed38
0x00007fe83392e688:   0000000000000000 00007fe83392e6b8
0x00007fe83392e698:   00007fe83392e700 00007fe894111322
0x00007fe83392e6a8:   0000000000000000 00007fe894119358
0x00007fe83392e6b8:   00007fe87728c598 00007fe83392e6c0
0x00007fe83392e6c8:   00007fe8372fd815 00007fe83392e748
0x00007fe83392e6d8:   00007fe8372ff770 0000000000000000
0x00007fe83392e6e8:   00007fe8372fd8a0 00007fe83392e6b8
0x00007fe83392e6f8:   00007fe83392e738 00007fe83392e790
0x00007fe83392e708:   00007fe894111322 00007fe8772bc6c0
0x00007fe83392e718:   00007fe8772bcab0 0000000000000002
0x00007fe83392e728:   00007fe8772bca78 00007fe8772bb5c0 

Instructions: (pc=0x00007fe898cd211b)
0x00007fe898cd210b:   0f 47 da 4c 89 d9 49 83 e3 f8 48 c1 e9 03 74 05
0x00007fe898cd211b:   f3 48 a5 66 90 4c 29 da 48 f7 c2 f8 ff ff ff 75 

Stack: [0x00007fe83382f000,0x00007fe833930000],  sp=0x00007fe83392e538,  free space=1021k
Native frames: (J=compiled Java code, j=interpreted, Vv=VM code, C=native code)
C  [libc.so.6+0x8411b]  memcpy+0x15b

Java frames: (J=compiled Java code, j=interpreted, Vv=VM code)
j  net.epsilony.simpmeshfree.model.geometry.TriangleJni.triangleFun()V+0
j  net.epsilony.simpmeshfree.model.geometry.TriangleJni.complie(Lnet/epsilony/simpmeshfree/model/geometry/GeometryModel;Ljava/lang/String;)V+141
j  net.epsilony.simpmeshfree.model.mechanics.MechanicsModel.generateNodesByTriangle(DDLjava/lang/String;ZZ)V+110
j  net.epsilony.simpmeshfree.model.ModelTestFrame.<init>()V+659
j  net.epsilony.simpmeshfree.model.ModelTestFrame$1.run()V+4
j  java.awt.event.InvocationEvent.dispatch()V+47
j  java.awt.EventQueue.dispatchEvent(Ljava/awt/AWTEvent;)V+26
j  java.awt.EventDispatchThread.pumpOneEventForFilters(I)Z+204
j  java.awt.EventDispatchThread.pumpEventsForFilter(ILjava/awt/Conditional;Ljava/awt/EventFilter;)V+30
j  java.awt.EventDispatchThread.pumpEventsForHierarchy(ILjava/awt/Conditional;Ljava/awt/Component;)V+11
j  java.awt.EventDispatchThread.pumpEvents(ILjava/awt/Conditional;)V+4
j  java.awt.EventDispatchThread.pumpEvents(Ljava/awt/Conditional;)V+3
j  java.awt.EventDispatchThread.run()V+9
v  ~StubRoutines::call_stub

---------------  P R O C E S S  ---------------

Java Threads: ( => current thread )
  0x0000000042bc6800 JavaThread "Thread-3" [_thread_blocked, id=18486, stack(0x00007fe83362d000,0x00007fe83372e000)]
  0x000000004210fc00 JavaThread "Thread-2" [_thread_blocked, id=18485, stack(0x00007fe83372e000,0x00007fe83382f000)]
  0x0000000041da0000 JavaThread "DestroyJavaVM" [_thread_blocked, id=18470, stack(0x00007fe897fae000,0x00007fe8980af000)]
=>0x00000000420ff400 JavaThread "AWT-EventQueue-0" [_thread_in_vm, id=18484, stack(0x00007fe83382f000,0x00007fe833930000)]
  0x00000000420f8c00 JavaThread "AWT-Shutdown" [_thread_blocked, id=18483, stack(0x00007fe833a32000,0x00007fe833b33000)]
  0x00000000420f8000 JavaThread "AWT-XAWT" daemon [_thread_in_native, id=18482, stack(0x00007fe833b33000,0x00007fe833c34000)]
  0x0000000041fd8000 JavaThread "Java2D Disposer" daemon [_thread_blocked, id=18481, stack(0x00007fe834268000,0x00007fe834369000)]
  0x0000000041e57800 JavaThread "Low Memory Detector" daemon [_thread_blocked, id=18479, stack(0x00007fe83589b000,0x00007fe83599c000)]
  0x0000000041e55000 JavaThread "CompilerThread1" daemon [_thread_in_native, id=18478, stack(0x00007fe83599c000,0x00007fe835a9d000)]
  0x0000000041e51000 JavaThread "CompilerThread0" daemon [_thread_blocked, id=18477, stack(0x00007fe835a9d000,0x00007fe835b9e000)]
  0x0000000041e4f000 JavaThread "Signal Dispatcher" daemon [_thread_blocked, id=18476, stack(0x00007fe835b9e000,0x00007fe835c9f000)]
  0x0000000041e2d800 JavaThread "Finalizer" daemon [_thread_blocked, id=18475, stack(0x00007fe835cde000,0x00007fe835ddf000)]
  0x0000000041e26800 JavaThread "Reference Handler" daemon [_thread_blocked, id=18474, stack(0x00007fe835ddf000,0x00007fe835ee0000)]

Other Threads:
  0x0000000041e21000 VMThread [stack: 0x00007fe835ee0000,0x00007fe835fe1000] [id=18473]
  0x0000000041e59c00 WatcherThread [stack: 0x00007fe83579a000,0x00007fe83589b000] [id=18480]

VM state:not at safepoint (normal execution)

VM Mutex/Monitor currently owned by a thread: None

Heap
 PSYoungGen      total 26368K, used 19327K [0x00007fe876a60000, 0x00007fe8787c0000, 0x00007fe894100000)
  eden space 22656K, 85% used [0x00007fe876a60000,0x00007fe877d3fc60,0x00007fe878080000)
  from space 3712K, 0% used [0x00007fe878420000,0x00007fe878420000,0x00007fe8787c0000)
  to   space 3712K, 0% used [0x00007fe878080000,0x00007fe878080000,0x00007fe878420000)
 PSOldGen        total 60288K, used 0K [0x00007fe83bd00000, 0x00007fe83f7e0000, 0x00007fe876a60000)
  object space 60288K, 0% used [0x00007fe83bd00000,0x00007fe83bd00000,0x00007fe83f7e0000)
 PSPermGen       total 21248K, used 10262K [0x00007fe836900000, 0x00007fe837dc0000, 0x00007fe83bd00000)
  object space 21248K, 48% used [0x00007fe836900000,0x00007fe837305a50,0x00007fe837dc0000)

Dynamic libraries:
40000000-40009000 r-xp 00000000 08:13 3163089                            /usr/lib/jvm/java-6-sun-1.6.0.13/jre/bin/java
40108000-4010a000 rwxp 00008000 08:13 3163089                            /usr/lib/jvm/java-6-sun-1.6.0.13/jre/bin/java
41d98000-43034000 rwxp 41d98000 00:00 0                                  [heap]
7fe82c000000-7fe82c0c2000 rwxp 7fe82c000000 00:00 0 
7fe82c0c2000-7fe830000000 ---p 7fe82c0c2000 00:00 0 
7fe832d36000-7fe832ee3000 rwxp 7fe832d36000 00:00 0 
7fe832ee3000-7fe832ef9000 r-xp 00000000 08:13 213005                     /lib/libgcc_s.so.1
7fe832ef9000-7fe8330f9000 ---p 00016000 08:13 213005                     /lib/libgcc_s.so.1
7fe8330f9000-7fe8330fa000 r-xp 00016000 08:13 213005                     /lib/libgcc_s.so.1
7fe8330fa000-7fe8330fb000 rwxp 00017000 08:13 213005                     /lib/libgcc_s.so.1
7fe8330fb000-7fe8331ec000 r-xp 00000000 08:13 2802601                    /usr/lib/libstdc++.so.6.0.10
7fe8331ec000-7fe8333ec000 ---p 000f1000 08:13 2802601                    /usr/lib/libstdc++.so.6.0.10
7fe8333ec000-7fe8333f3000 r-xp 000f1000 08:13 2802601                    /usr/lib/libstdc++.so.6.0.10
7fe8333f3000-7fe8333f5000 rwxp 000f8000 08:13 2802601                    /usr/lib/libstdc++.so.6.0.10
7fe8333f5000-7fe833408000 rwxp 7fe8333f5000 00:00 0 
7fe833408000-7fe83342c000 r-xp 00000000 08:13 1942103                    /usr/lib/TriangleJniAmd64.so
7fe83342c000-7fe83362b000 ---p 00024000 08:13 1942103                    /usr/lib/TriangleJniAmd64.so
7fe83362b000-7fe83362c000 r-xp 00023000 08:13 1942103                    /usr/lib/TriangleJniAmd64.so
7fe83362c000-7fe83362d000 rwxp 00024000 08:13 1942103                    /usr/lib/TriangleJniAmd64.so
7fe83362d000-7fe833630000 ---p 7fe83362d000 00:00 0 
7fe833630000-7fe83372e000 rwxp 7fe833630000 00:00 0 
7fe83372e000-7fe833731000 ---p 7fe83372e000 00:00 0 
7fe833731000-7fe83382f000 rwxp 7fe833731000 00:00 0 
7fe83382f000-7fe833832000 ---p 7fe83382f000 00:00 0 
7fe833832000-7fe833930000 rwxp 7fe833832000 00:00 0 
7fe833930000-7fe833939000 r-xs 00000000 08:13 3197464                    /var/cache/fontconfig/945677eb7aeaf62f1d50efc3fb3ec7d8-x86-64.cache-2
7fe833939000-7fe83393b000 r-xs 00000000 08:13 3197468                    /var/cache/fontconfig/99e8ed0e538f840c565b6ed5dad60d56-x86-64.cache-2
7fe83393b000-7fe83393e000 r-xs 00000000 08:13 3197466                    /var/cache/fontconfig/e383d7ea5fbe662a33d9b44caf393297-x86-64.cache-2
7fe83393e000-7fe833942000 r-xs 00000000 08:13 3196573                    /var/cache/fontconfig/a755afe4a08bf5b97852ceb7400b47bc-x86-64.cache-2
7fe833942000-7fe83394b000 r-xs 00000000 08:13 3197440                    /var/cache/fontconfig/6d41288fd70b0be22e8c3a91e032eec0-x86-64.cache-2
7fe83394b000-7fe833956000 r-xs 00000000 08:13 3197435                    /var/cache/fontconfig/e3de0de479f42330eadf588a55fb5bf4-x86-64.cache-2
7fe833956000-7fe833965000 r-xs 00000000 08:13 3197434                    /var/cache/fontconfig/0f34bcd4b6ee430af32735b75db7f02b-x86-64.cache-2
7fe833965000-7fe83396e000 r-xs 00000000 08:13 3197417                    /var/cache/fontconfig/d52a8644073d54c13679302ca1180695-x86-64.cache-2
7fe833a32000-7fe833a35000 ---p 7fe833a32000 00:00 0 
7fe833a35000-7fe833b33000 rwxp 7fe833a35000 00:00 0 
7fe833b33000-7fe833b36000 ---p 7fe833b33000 00:00 0 
7fe833b36000-7fe833c34000 rwxp 7fe833b36000 00:00 0 
7fe833c34000-7fe833c39000 r-xp 00000000 08:13 2805390                    /usr/lib/libXfixes.so.3.1.0
7fe833c39000-7fe833e38000 ---p 00005000 08:13 2805390                    /usr/lib/libXfixes.so.3.1.0
7fe833e38000-7fe833e39000 rwxp 00004000 08:13 2805390                    /usr/lib/libXfixes.so.3.1.0
7fe833e39000-7fe833e42000 r-xp 00000000 08:13 2805803                    /usr/lib/libXrender.so.1.3.0
7fe833e42000-7fe834041000 ---p 00009000 08:13 2805803                    /usr/lib/libXrender.so.1.3.0
7fe834041000-7fe834042000 r-xp 00008000 08:13 2805803                    /usr/lib/libXrender.so.1.3.0
7fe834042000-7fe834043000 rwxp 00009000 08:13 2805803                    /usr/lib/libXrender.so.1.3.0
7fe834043000-7fe83404c000 r-xp 00000000 08:13 2805843                    /usr/lib/libXcursor.so.1.0.2
7fe83404c000-7fe83424c000 ---p 00009000 08:13 2805843                    /usr/lib/libXcursor.so.1.0.2
7fe83424c000-7fe83424d000 rwxp 00009000 08:13 2805843                    /usr/lib/libXcursor.so.1.0.2
7fe834265000-7fe834268000 r-xs 000cb000 08:13 3162696                    /usr/lib/jvm/java-6-sun-1.6.0.13/jre/lib/ext/localedata.jar
7fe834268000-7fe83426b000 ---p 7fe834268000 00:00 0 
7fe83426b000-7fe834369000 rwxp 7fe83426b000 00:00 0 
7fe834369000-7fe8343e7000 r-xp 00000000 08:13 3163204                    /usr/lib/jvm/java-6-sun-1.6.0.13/jre/lib/amd64/libfontmanager.so
7fe8343e7000-7fe8344e6000 ---p 0007e000 08:13 3163204                    /usr/lib/jvm/java-6-sun-1.6.0.13/jre/lib/amd64/libfontmanager.so
7fe8344e6000-7fe8344fc000 rwxp 0007d000 08:13 3163204                    /usr/lib/jvm/java-6-sun-1.6.0.13/jre/lib/amd64/libfontmanager.so
7fe8344fc000-7fe83450d000 rwxp 7fe8344fc000 00:00 0 
7fe83450d000-7fe834512000 r-xp 00000000 08:13 2805384                    /usr/lib/libXdmcp.so.6.0.0
7fe834512000-7fe834711000 ---p 00005000 08:13 2805384                    /usr/lib/libXdmcp.so.6.0.0
7fe834711000-7fe834712000 rwxp 00004000 08:13 2805384                    /usr/lib/libXdmcp.so.6.0.0
7fe834712000-7fe83472d000 r-xp 00000000 08:13 2805386                    /usr/lib/libxcb.so.1.1.0
7fe83472d000-7fe83492c000 ---p 0001b000 08:13 2805386                    /usr/lib/libxcb.so.1.1.0
7fe83492c000-7fe83492d000 r-xp 0001a000 08:13 2805386                    /usr/lib/libxcb.so.1.1.0
7fe83492d000-7fe83492e000 rwxp 0001b000 08:13 2805386                    /usr/lib/libxcb.so.1.1.0
7fe83492e000-7fe834930000 r-xp 00000000 08:13 2805382                    /usr/lib/libXau.so.6.0.0
7fe834930000-7fe834b2f000 ---p 00002000 08:13 2805382                    /usr/lib/libXau.so.6.0.0
7fe834b2f000-7fe834b30000 r-xp 00001000 08:13 2805382                    /usr/lib/libXau.so.6.0.0
7fe834b30000-7fe834b31000 rwxp 00002000 08:13 2805382                    /usr/lib/libXau.so.6.0.0
7fe834b31000-7fe834b3a000 r-xp 00000000 08:13 2805586                    /usr/lib/libXi.so.6.0.0
7fe834b3a000-7fe834d3a000 ---p 00009000 08:13 2805586                    /usr/lib/libXi.so.6.0.0
7fe834d3a000-7fe834d3b000 r-xp 00009000 08:13 2805586                    /usr/lib/libXi.so.6.0.0
7fe834d3b000-7fe834d3c000 rwxp 0000a000 08:13 2805586                    /usr/lib/libXi.so.6.0.0
7fe834d3c000-7fe834d41000 r-xp 00000000 08:13 2806834                    /usr/lib/libXtst.so.6.1.0
7fe834d41000-7fe834f41000 ---p 00005000 08:13 2806834                    /usr/lib/libXtst.so.6.1.0
7fe834f41000-7fe834f42000 r-xp 00005000 08:13 2806834                    /usr/lib/libXtst.so.6.1.0
7fe834f42000-7fe834f43000 rwxp 00006000 08:13 2806834                    /usr/lib/libXtst.so.6.1.0
7fe834f43000-7fe835045000 r-xp 00000000 08:13 2805388                    /usr/lib/libX11.so.6.2.0
7fe835045000-7fe835245000 ---p 00102000 08:13 2805388                    /usr/lib/libX11.so.6.2.0
7fe835245000-7fe835246000 r-xp 00102000 08:13 2805388                    /usr/lib/libX11.so.6.2.0
7fe835246000-7fe83524a000 rwxp 00103000 08:13 2805388                    /usr/lib/libX11.so.6.2.0
7fe83524a000-7fe83525b000 r-xp 00000000 08:13 2805394                    /usr/lib/libXext.so.6.4.0
7fe83525b000-7fe83545a000 ---p 00011000 08:13 2805394                    /usr/lib/libXext.so.6.4.0
7fe83545a000-7fe83545b000 r-xp 00010000 08:13 2805394                    /usr/lib/libXext.so.6.4.0
7fe83545b000-7fe83545c000 rwxp 00011000 08:13 2805394                    /usr/lib/libXext.so.6.4.0
7fe83545d000-7fe835469000 r-xs 00000000 08:13 3197416                    /var/cache/fontconfig/089dead882dea3570ffc31a9898cfb69-x86-64.cache-2
7fe835469000-7fe83546d000 r-xs 00000000 08:13 3197398                    /var/cache/fontconfig/cabbd14511b9e8a55e92af97fb3a0461-x86-64.cache-2
7fe83546d000-7fe835477000 r-xs 00000000 08:13 3195524                    /var/cache/fontconfig/e13b20fdb08344e0e664864cc2ede53d-x86-64.cache-2
7fe835477000-7fe8354b8000 r-xp 00000000 08:13 3163194                    /usr/lib/jvm/java-6-sun-1.6.0.13/jre/lib/amd64/xawt/libmawt.so
7fe8354b8000-7fe8355b7000 ---p 00041000 08:13 3163194                    /usr/lib/jvm/java-6-sun-1.6.0.13/jre/lib/amd64/xawt/libmawt.so
7fe8355b7000-7fe8355c3000 rwxp 00040000 08:13 3163194                    /usr/lib/jvm/java-6-sun-1.6.0.13/jre/lib/amd64/xawt/libmawt.so
7fe8355c3000-7fe8355c4000 rwxp 7fe8355c3000 00:00 0 
7fe8355c4000-7fe835656000 r-xp 00000000 08:13 3163239                    /usr/lib/jvm/java-6-sun-1.6.0.13/jre/lib/amd64/libawt.so
7fe835656000-7fe835755000 ---p 00092000 08:13 3163239                    /usr/lib/jvm/java-6-sun-1.6.0.13/jre/lib/amd64/libawt.so
7fe835755000-7fe83576e000 rwxp 00091000 08:13 3163239                    /usr/lib/jvm/java-6-sun-1.6.0.13/jre/lib/amd64/libawt.so
7fe83576e000-7fe835793000 rwxp 7fe83576e000 00:00 0 
7fe835793000-7fe83579a000 r-xs 00059000 08:11 1172178                    /home/epsilon/文档/4_java/javaTools/apache-log4j-1.2.15/log4j-1.2.15.jar
7fe83579a000-7fe83579b000 ---p 7fe83579a000 00:00 0 
7fe83579b000-7fe83589b000 rwxp 7fe83579b000 00:00 0 
7fe83589b000-7fe83589e000 ---p 7fe83589b000 00:00 0 
7fe83589e000-7fe83599c000 rwxp 7fe83589e000 00:00 0 
7fe83599c000-7fe83599f000 ---p 7fe83599c000 00:00 0 
7fe83599f000-7fe835a9d000 rwxp 7fe83599f000 00:00 0 
7fe835a9d000-7fe835aa0000 ---p 7fe835a9d000 00:00 0 
7fe835aa0000-7fe835b9e000 rwxp 7fe835aa0000 00:00 0 
7fe835b9e000-7fe835ba1000 ---p 7fe835b9e000 00:00 0 
7fe835ba1000-7fe835c9f000 rwxp 7fe835ba1000 00:00 0 
7fe835c9f000-7fe835cde000 r-xp 00000000 08:13 2827839                    /usr/lib/locale/zh_CN.utf8/LC_CTYPE
7fe835cde000-7fe835ce1000 ---p 7fe835cde000 00:00 0 
7fe835ce1000-7fe835ddf000 rwxp 7fe835ce1000 00:00 0 
7fe835ddf000-7fe835de2000 ---p 7fe835ddf000 00:00 0 
7fe835de2000-7fe835ee0000 rwxp 7fe835de2000 00:00 0 
7fe835ee0000-7fe835ee1000 ---p 7fe835ee0000 00:00 0 
7fe835ee1000-7fe836056000 rwxp 7fe835ee1000 00:00 0 
7fe836056000-7fe8361e8000 r-xs 02f34000 08:13 2942580                    /usr/lib/jvm/java-6-sun-1.6.0.13/jre/lib/rt.jar
7fe8361e8000-7fe836210000 rwxp 7fe8361e8000 00:00 0 
7fe836210000-7fe836211000 ---p 7fe836210000 00:00 0 
7fe836211000-7fe836311000 rwxp 7fe836211000 00:00 0 
7fe836311000-7fe836312000 ---p 7fe836311000 00:00 0 
7fe836312000-7fe83641d000 rwxp 7fe836312000 00:00 0 
7fe83641d000-7fe83643c000 rwxp 7fe83641d000 00:00 0 
7fe83643c000-7fe83645a000 rwxp 7fe83643c000 00:00 0 
7fe83645a000-7fe836613000 rwxp 7fe83645a000 00:00 0 
7fe836613000-7fe83661e000 rwxp 7fe836613000 00:00 0 
7fe83661e000-7fe83663d000 rwxp 7fe83661e000 00:00 0 
7fe83663d000-7fe83665b000 rwxp 7fe83663d000 00:00 0 
7fe83665b000-7fe836813000 rwxp 7fe83665b000 00:00 0 
7fe836813000-7fe836823000 rwxp 7fe836813000 00:00 0 
7fe836823000-7fe8368ff000 rwxp 7fe836823000 00:00 0 
7fe8368ff000-7fe837dc0000 rwxp 7fe8368ff000 00:00 0 
7fe837dc0000-7fe83bd00000 rwxp 7fe837dc0000 00:00 0 
7fe83bd00000-7fe83f7e0000 rwxp 7fe83bd00000 00:00 0 
7fe83f7e0000-7fe876a60000 rwxp 7fe83f7e0000 00:00 0 
7fe876a60000-7fe8787c0000 rwxp 7fe876a60000 00:00 0 
7fe8787c0000-7fe894100000 rwxp 7fe8787c0000 00:00 0 
7fe894102000-7fe894106000 r-xs 00000000 08:13 3197459                    /var/cache/fontconfig/6eb3985aa4124903f6ff08ba781cd364-x86-64.cache-2
7fe894106000-7fe89410e000 r-xs 0004b000 08:11 162661                     /home/epsilon/文档/4_java/javaTools/commons-math-1.2/commons-math-1.2.jar
7fe89410e000-7fe89437e000 rwxp 7fe89410e000 00:00 0 
7fe89437e000-7fe89710e000 rwxp 7fe89437e000 00:00 0 
7fe89710e000-7fe89711c000 r-xp 00000000 08:13 3163206                    /usr/lib/jvm/java-6-sun-1.6.0.13/jre/lib/amd64/libzip.so
7fe89711c000-7fe89721e000 ---p 0000e000 08:13 3163206                    /usr/lib/jvm/java-6-sun-1.6.0.13/jre/lib/amd64/libzip.so
7fe89721e000-7fe897221000 rwxp 00010000 08:13 3163206                    /usr/lib/jvm/java-6-sun-1.6.0.13/jre/lib/amd64/libzip.so
7fe897221000-7fe897222000 rwxp 7fe897221000 00:00 0 
7fe897222000-7fe89724b000 r-xp 00000000 08:13 3163219                    /usr/lib/jvm/java-6-sun-1.6.0.13/jre/lib/amd64/libjava.so
7fe89724b000-7fe89734a000 ---p 00029000 08:13 3163219                    /usr/lib/jvm/java-6-sun-1.6.0.13/jre/lib/amd64/libjava.so
7fe89734a000-7fe897351000 rwxp 00028000 08:13 3163219                    /usr/lib/jvm/java-6-sun-1.6.0.13/jre/lib/amd64/libjava.so
7fe897351000-7fe89735e000 r-xp 00000000 08:13 3163201                    /usr/lib/jvm/java-6-sun-1.6.0.13/jre/lib/amd64/libverify.so
7fe89735e000-7fe89745d000 ---p 0000d000 08:13 3163201                    /usr/lib/jvm/java-6-sun-1.6.0.13/jre/lib/amd64/libverify.so
7fe89745d000-7fe897460000 rwxp 0000c000 08:13 3163201                    /usr/lib/jvm/java-6-sun-1.6.0.13/jre/lib/amd64/libverify.so
7fe897460000-7fe89746c000 r-xp 00000000 08:13 213021                     /lib/libnss_files-2.9.so
7fe89746c000-7fe89766b000 ---p 0000c000 08:13 213021                     /lib/libnss_files-2.9.so
7fe89766b000-7fe89766c000 r-xp 0000b000 08:13 213021                     /lib/libnss_files-2.9.so
7fe89766c000-7fe89766d000 rwxp 0000c000 08:13 213021                     /lib/libnss_files-2.9.so
7fe89766d000-7fe897677000 r-xp 00000000 08:13 213023                     /lib/libnss_nis-2.9.so
7fe897677000-7fe897876000 ---p 0000a000 08:13 213023                     /lib/libnss_nis-2.9.so
7fe897876000-7fe897877000 r-xp 00009000 08:13 213023                     /lib/libnss_nis-2.9.so
7fe897877000-7fe897878000 rwxp 0000a000 08:13 213023                     /lib/libnss_nis-2.9.so
7fe897878000-7fe897880000 r-xp 00000000 08:13 213019                     /lib/libnss_compat-2.9.so
7fe897880000-7fe897a7f000 ---p 00008000 08:13 213019                     /lib/libnss_compat-2.9.so
7fe897a7f000-7fe897a80000 r-xp 00007000 08:13 213019                     /lib/libnss_compat-2.9.so
7fe897a80000-7fe897a81000 rwxp 00008000 08:13 213019                     /lib/libnss_compat-2.9.so
7fe897a81000-7fe897a97000 r-xp 00000000 08:13 213018                     /lib/libnsl-2.9.so
7fe897a97000-7fe897c97000 ---p 00016000 08:13 213018                     /lib/libnsl-2.9.so
7fe897c97000-7fe897c98000 r-xp 00016000 08:13 213018                     /lib/libnsl-2.9.so
7fe897c98000-7fe897c99000 rwxp 00017000 08:13 213018                     /lib/libnsl-2.9.so
7fe897c99000-7fe897c9b000 rwxp 7fe897c99000 00:00 0 
7fe897c9b000-7fe897ca2000 r-xp 00000000 08:13 3163208                    /usr/lib/jvm/java-6-sun-1.6.0.13/jre/lib/amd64/native_threads/libhpi.so
7fe897ca2000-7fe897da3000 ---p 00007000 08:13 3163208                    /usr/lib/jvm/java-6-sun-1.6.0.13/jre/lib/amd64/native_threads/libhpi.so
7fe897da3000-7fe897da5000 rwxp 00008000 08:13 3163208                    /usr/lib/jvm/java-6-sun-1.6.0.13/jre/lib/amd64/native_threads/libhpi.so
7fe897da5000-7fe897da6000 rwxp 7fe897da5000 00:00 0 
7fe897da6000-7fe897dad000 r-xp 00000000 08:13 213028                     /lib/librt-2.9.so
7fe897dad000-7fe897fac000 ---p 00007000 08:13 213028                     /lib/librt-2.9.so
7fe897fac000-7fe897fad000 r-xp 00006000 08:13 213028                     /lib/librt-2.9.so
7fe897fad000-7fe897fae000 rwxp 00007000 08:13 213028                     /lib/librt-2.9.so
7fe897fae000-7fe897fb1000 ---p 7fe897fae000 00:00 0 
7fe897fb1000-7fe8980af000 rwxp 7fe897fb1000 00:00 0 
7fe8980af000-7fe898133000 r-xp 00000000 08:13 213016                     /lib/libm-2.9.so
7fe898133000-7fe898332000 ---p 00084000 08:13 213016                     /lib/libm-2.9.so
7fe898332000-7fe898333000 r-xp 00083000 08:13 213016                     /lib/libm-2.9.so
7fe898333000-7fe898334000 rwxp 00084000 08:13 213016                     /lib/libm-2.9.so
7fe898334000-7fe8989c1000 r-xp 00000000 08:13 3163226                    /usr/lib/jvm/java-6-sun-1.6.0.13/jre/lib/amd64/server/libjvm.so
7fe8989c1000-7fe898ac0000 ---p 0068d000 08:13 3163226                    /usr/lib/jvm/java-6-sun-1.6.0.13/jre/lib/amd64/server/libjvm.so
7fe898ac0000-7fe898c11000 rwxp 0068c000 08:13 3163226                    /usr/lib/jvm/java-6-sun-1.6.0.13/jre/lib/amd64/server/libjvm.so
7fe898c11000-7fe898c4e000 rwxp 7fe898c11000 00:00 0 
7fe898c4e000-7fe898db6000 r-xp 00000000 08:13 213012                     /lib/libc-2.9.so
7fe898db6000-7fe898fb6000 ---p 00168000 08:13 213012                     /lib/libc-2.9.so
7fe898fb6000-7fe898fba000 r-xp 00168000 08:13 213012                     /lib/libc-2.9.so
7fe898fba000-7fe898fbb000 rwxp 0016c000 08:13 213012                     /lib/libc-2.9.so
7fe898fbb000-7fe898fc0000 rwxp 7fe898fbb000 00:00 0 
7fe898fc0000-7fe898fc2000 r-xp 00000000 08:13 213015                     /lib/libdl-2.9.so
7fe898fc2000-7fe8991c2000 ---p 00002000 08:13 213015                     /lib/libdl-2.9.so
7fe8991c2000-7fe8991c3000 r-xp 00002000 08:13 213015                     /lib/libdl-2.9.so
7fe8991c3000-7fe8991c4000 rwxp 00003000 08:13 213015                     /lib/libdl-2.9.so
7fe8991c4000-7fe8991db000 r-xp 00000000 08:13 213026                     /lib/libpthread-2.9.so
7fe8991db000-7fe8993da000 ---p 00017000 08:13 213026                     /lib/libpthread-2.9.so
7fe8993da000-7fe8993db000 r-xp 00016000 08:13 213026                     /lib/libpthread-2.9.so
7fe8993db000-7fe8993dc000 rwxp 00017000 08:13 213026                     /lib/libpthread-2.9.so
7fe8993dc000-7fe8993e0000 rwxp 7fe8993dc000 00:00 0 
7fe8993e0000-7fe899400000 r-xp 00000000 08:13 213006                     /lib/ld-2.9.so
7fe899400000-7fe899403000 r-xs 00000000 08:13 3197439                    /var/cache/fontconfig/de156ccd2eddbdc19d37a45b8b2aac9c-x86-64.cache-2
7fe899403000-7fe899406000 r-xs 00000000 08:13 3197433                    /var/cache/fontconfig/ddd4086aec35a5275babba44bb759c3c-x86-64.cache-2
7fe899406000-7fe899414000 r-xs 000ba000 08:11 422677                     /home/epsilon/文档/4_java/javaTools/mtj.jar
7fe899414000-7fe89941e000 rwxp 7fe899414000 00:00 0 
7fe89941e000-7fe8994d4000 rwxp 7fe89941e000 00:00 0 
7fe8994d4000-7fe8994d6000 rwxp 7fe8994d4000 00:00 0 
7fe8994d6000-7fe8994dd000 r-xp 00000000 08:13 3163192                    /usr/lib/jvm/java-6-sun-1.6.0.13/jre/lib/amd64/jli/libjli.so
7fe8994dd000-7fe8995de000 ---p 00007000 08:13 3163192                    /usr/lib/jvm/java-6-sun-1.6.0.13/jre/lib/amd64/jli/libjli.so
7fe8995de000-7fe8995e0000 rwxp 00008000 08:13 3163192                    /usr/lib/jvm/java-6-sun-1.6.0.13/jre/lib/amd64/jli/libjli.so
7fe8995e0000-7fe8995e1000 rwxp 7fe8995e0000 00:00 0 
7fe8995e2000-7fe8995e3000 r-xs 00000000 08:13 3197445                    /var/cache/fontconfig/4c73fe0c47614734b17d736dbde7580a-x86-64.cache-2
7fe8995e3000-7fe8995e4000 r-xs 00000000 08:13 3197424                    /var/cache/fontconfig/4794a0821666d79190d59a36cb4f44b5-x86-64.cache-2
7fe8995e4000-7fe8995e7000 r-xs 00000000 08:13 3196574                    /var/cache/fontconfig/7ef2298fde41cc6eeb7af42e48b7d293-x86-64.cache-2
7fe8995e7000-7fe8995eb000 r-xs 00042000 08:11 181747                     /home/epsilon/NetBeansProjects/EpsilonUtils/trunk/dist/EpsilonYUtil.jar
7fe8995eb000-7fe8995f2000 r-xs 00000000 08:13 2803699                    /usr/lib/gconv/gconv-modules.cache
7fe8995f2000-7fe8995fa000 rwxs 00000000 08:13 376920                     /tmp/hsperfdata_epsilon/18469
7fe8995fa000-7fe8995fb000 rwxp 7fe8995fa000 00:00 0 
7fe8995fb000-7fe8995fc000 r-xp 7fe8995fb000 00:00 0 
7fe8995fc000-7fe8995ff000 rwxp 7fe8995fc000 00:00 0 
7fe8995ff000-7fe899600000 r-xp 0001f000 08:13 213006                     /lib/ld-2.9.so
7fe899600000-7fe899601000 rwxp 00020000 08:13 213006                     /lib/ld-2.9.so
7fffa15ec000-7fffa1601000 rwxp 7ffffffea000 00:00 0                      [stack]
7fffa1725000-7fffa1726000 r-xp 7fffa1725000 00:00 0                      [vdso]
ffffffffff600000-ffffffffff601000 r-xp 00000000 00:00 0                  [vsyscall]

VM Arguments:
jvm_args: -Dawt.useSystemAAFontSettings=on 
java_command: net.epsilony.simpmeshfree.model.ModelTestFrame
Launcher Type: SUN_STANDARD

Environment Variables:
_JAVA_OPTIONS=-Dawt.useSystemAAFontSettings=on
PATH=/usr/local/sbin:/usr/local/bin:/usr/sbin:/usr/bin:/sbin:/bin:/usr/games
USERNAME=epsilon
LD_LIBRARY_PATH=/usr/lib/jvm/java-6-sun-1.6.0.13/jre/lib/amd64/server:/usr/lib/jvm/java-6-sun-1.6.0.13/jre/lib/amd64:/usr/lib/jvm/java-6-sun-1.6.0.13/jre/../lib/amd64
SHELL=/bin/bash
DISPLAY=:0.0

Signal Handlers:
SIGSEGV: [libjvm.so+0x5fcd20], sa_mask[0]=0x7ffbfeff, sa_flags=0x10000004
SIGBUS: [libjvm.so+0x5fcd20], sa_mask[0]=0x7ffbfeff, sa_flags=0x10000004
SIGFPE: [libjvm.so+0x4e0eb0], sa_mask[0]=0x7ffbfeff, sa_flags=0x10000004
SIGPIPE: [libjvm.so+0x4e0eb0], sa_mask[0]=0x7ffbfeff, sa_flags=0x10000004
SIGXFSZ: [libjvm.so+0x4e0eb0], sa_mask[0]=0x7ffbfeff, sa_flags=0x10000004
SIGILL: [libjvm.so+0x4e0eb0], sa_mask[0]=0x7ffbfeff, sa_flags=0x10000004
SIGUSR1: SIG_DFL, sa_mask[0]=0x00000000, sa_flags=0x00000000
SIGUSR2: [libjvm.so+0x4e35d0], sa_mask[0]=0x00000004, sa_flags=0x10000004
SIGHUP: [libjvm.so+0x4e3320], sa_mask[0]=0x7ffbfeff, sa_flags=0x10000004
SIGINT: SIG_IGN, sa_mask[0]=0x00000000, sa_flags=0x00000000
SIGTERM: [libjvm.so+0x4e3320], sa_mask[0]=0x7ffbfeff, sa_flags=0x10000004
SIGQUIT: [libjvm.so+0x4e3320], sa_mask[0]=0x7ffbfeff, sa_flags=0x10000004


---------------  S Y S T E M  ---------------

OS:5.0

uname:Linux 2.6.28-12-generic #43-Ubuntu SMP Fri May 1 19:31:32 UTC 2009 x86_64
libc:glibc 2.9 NPTL 2.9 
rlimit: STACK 8192k, CORE 0k, NPROC infinity, NOFILE 1024, AS infinity
load average:1.89 1.85 1.91

CPU:total 2 (2 cores per cpu, 1 threads per core) family 16 model 2 stepping 3, cmov, cx8, fxsr, mmx, sse, sse2, sse3, mmxext, 3dnow, 3dnowext, sse4a

Memory: 4k page, physical 5780180k(1175420k free), swap 3903752k(3841328k free)

vm_info: Java HotSpot(TM) 64-Bit Server VM (11.3-b02) for linux-amd64 JRE (1.6.0_13-b03), built on Mar  9 2009 11:08:22 by "java_re" with gcc 3.2.2 (SuSE Linux)

time: Sat May 16 15:32:20 2009
elapsed time: 0 seconds

