#
# An unexpected error has been detected by Java Runtime Environment:
#
#  SIGSEGV (0xb) at pc=0x00007f3c922fd11b, pid=24804, tid=139896429066576
#
# Java VM: Java HotSpot(TM) 64-Bit Server VM (11.3-b02 mixed mode linux-amd64)
# Problematic frame:
# C  [libc.so.6+0x8411b]  memcpy+0x15b
#
# If you would like to submit a bug report, please visit:
#   http://java.sun.com/webapps/bugreport/crash.jsp
#

---------------  T H R E A D  ---------------

Current thread (0x00000000408e5c00):  JavaThread "AWT-EventQueue-0" [_thread_in_vm, id=24819, stack(0x00007f3c2ce5b000,0x00007f3c2cf5c000)]

siginfo:si_signo=SIGSEGV: si_errno=0, si_code=2 (SEGV_ACCERR), si_addr=0x00007f3c280b0000

Registers:
RAX=0x00007f3c7092fd80, RBX=0x00007f3c2ff312a0, RCX=0x0000000000000008, RDX=0x0000000000001d00
RSP=0x00007f3c2cf5a4b8, RBP=0x00007f3c2cf5a540, RSI=0x00007f3c280b0000, RDI=0x00007f3c70931a40
R8 =0x0000000000000ffc, R9 =0x00007f3c921495b8, R10=0x00007f3c9214d028, R11=0x0000000000001d00
R12=0x0000000000001d00, R13=0x0000000000000000, R14=0x00000000408e72b8, R15=0x00007f3c2cf5a4d0
RIP=0x00007f3c922fd11b, EFL=0x0000000000010216, CSGSFS=0x0000000000000033, ERR=0x0000000000000004
  TRAPNO=0x000000000000000e

Top of Stack: (sp=0x00007f3c2cf5a4b8)
0x00007f3c2cf5a4b8:   00007f3c91ca5600 00000000408e5dc0
0x00007f3c2cf5a4c8:   00007f3c280ae340 00000000408e5c00
0x00007f3c2cf5a4d8:   0000000000000000 00000000408e5c00
0x00007f3c2cf5a4e8:   0000000000000000 00000000408e5c00
0x00007f3c2cf5a4f8:   00007f3c2cf5a638 00000000408e5c00
0x00007f3c2cf5a508:   00007f3c922f3276 00000000408e5c00
0x00007f3c2cf5a518:   00000000408e72b8 00007f3c2804f390
0x00007f3c2cf5a528:   00007f3c2804e830 00007f3c2cf5a638
0x00007f3c2cf5a538:   00000000408e7260 00000000408e5dc0
0x00007f3c2cf5a548:   00007f3c2ca38486 00007f3c2804e780
0x00007f3c2cf5a558:   00000000408e7268 00000000408e7270
0x00007f3c2cf5a568:   00000000408e7278 00000000408e7280
0x00007f3c2cf5a578:   00000000408e61b8 00000000408e7288
0x00007f3c2cf5a588:   00000000408e6200 01010101008e5c00
0x00007f3c2cf5a598:   00007f3c309288c0 00007f3c2cf5a618
0x00007f3c2cf5a5a8:   0000000000000101 00007f3c309288c0
0x00007f3c2cf5a5b8:   00007f3c2cf5a638 00000000408e5c00
0x00007f3c2cf5a5c8:   00007f3c8d747852 00000000408e5c00
0x00007f3c2cf5a5d8:   00007f3c2cf5a5d8 00007f3c309288c0
0x00007f3c2cf5a5e8:   00007f3c2cf5a638 00007f3c309292f8
0x00007f3c2cf5a5f8:   0000000000000000 00007f3c309288c0
0x00007f3c2cf5a608:   0000000000000000 00007f3c2cf5a638
0x00007f3c2cf5a618:   00007f3c2cf5a680 00007f3c8d73c322
0x00007f3c2cf5a628:   0000000000000000 00007f3c8d744358
0x00007f3c2cf5a638:   00007f3c70914ac0 00007f3c2cf5a640
0x00007f3c2cf5a648:   00007f3c3092739d 00007f3c2cf5a6c8
0x00007f3c2cf5a658:   00007f3c309292f8 0000000000000000
0x00007f3c2cf5a668:   00007f3c30927428 00007f3c2cf5a638
0x00007f3c2cf5a678:   00007f3c2cf5a6b8 00007f3c2cf5a710
0x00007f3c2cf5a688:   00007f3c8d73c322 0000000000000000
0x00007f3c2cf5a698:   00007f3c7092c9f8 0000000000000000
0x00007f3c2cf5a6a8:   00007f3c7092c9e0 00007f3c7092c648 

Instructions: (pc=0x00007f3c922fd11b)
0x00007f3c922fd10b:   0f 47 da 4c 89 d9 49 83 e3 f8 48 c1 e9 03 74 05
0x00007f3c922fd11b:   f3 48 a5 66 90 4c 29 da 48 f7 c2 f8 ff ff ff 75 

Stack: [0x00007f3c2ce5b000,0x00007f3c2cf5c000],  sp=0x00007f3c2cf5a4b8,  free space=1021k
Native frames: (J=compiled Java code, j=interpreted, Vv=VM code, C=native code)
C  [libc.so.6+0x8411b]  memcpy+0x15b

Java frames: (J=compiled Java code, j=interpreted, Vv=VM code)
j  net.epsilony.simpmeshfree.model.geometry.TriangleJni.triangleFun()V+0
j  net.epsilony.simpmeshfree.model.geometry.TriangleJni.complie(Lnet/epsilony/simpmeshfree/model/geometry/GeometryModel;Ljava/lang/String;)V+141
j  net.epsilony.simpmeshfree.model.mechanics.MechanicsModel.generateNodesByTriangle(DDLjava/lang/String;ZZ)V+110
j  net.epsilony.simpmeshfree.model.ModelTestFrame.<init>()V+599
j  net.epsilony.simpmeshfree.model.ModelTestFrame$1.run()V+4
j  java.awt.event.InvocationEvent.dispatch()V+47
j  java.awt.EventQueue.dispatchEvent(Ljava/awt/AWTEvent;)V+26
j  java.awt.EventDispatchThread.pumpOneEventForFilters(I)Z+204
j  java.awt.EventDispatchThread.pumpEventsForFilter(ILjava/awt/Conditional;Ljava/awt/EventFilter;)V+30
j  java.awt.EventDispatchThread.pumpEventsForHierarchy(ILjava/awt/Conditional;Ljava/awt/Component;)V+11
j  java.awt.EventDispatchThread.pumpEvents(ILjava/awt/Conditional;)V+4
j  java.awt.EventDispatchThread.pumpEvents(Ljava/awt/Conditional;)V+3
j  java.awt.EventDispatchThread.run()V+9
v  ~StubRoutines::call_stub

---------------  P R O C E S S  ---------------

Java Threads: ( => current thread )
  0x00007f3c2803d800 JavaThread "Thread-3" [_thread_blocked, id=24821, stack(0x00007f3c2cc59000,0x00007f3c2cd5a000)]
  0x00007f3c28022000 JavaThread "Thread-2" [_thread_blocked, id=24820, stack(0x00007f3c2cd5a000,0x00007f3c2ce5b000)]
  0x0000000040478000 JavaThread "DestroyJavaVM" [_thread_blocked, id=24805, stack(0x00007f3c915d9000,0x00007f3c916da000)]
=>0x00000000408e5c00 JavaThread "AWT-EventQueue-0" [_thread_in_vm, id=24819, stack(0x00007f3c2ce5b000,0x00007f3c2cf5c000)]
  0x00000000408fb800 JavaThread "AWT-Shutdown" [_thread_blocked, id=24818, stack(0x00007f3c2d062000,0x00007f3c2d163000)]
  0x00000000408fb400 JavaThread "AWT-XAWT" daemon [_thread_in_native, id=24817, stack(0x00007f3c2d163000,0x00007f3c2d264000)]
  0x00000000406da400 JavaThread "Java2D Disposer" daemon [_thread_blocked, id=24816, stack(0x00007f3c2d898000,0x00007f3c2d999000)]
  0x000000004052f800 JavaThread "Low Memory Detector" daemon [_thread_blocked, id=24814, stack(0x00007f3c2eecb000,0x00007f3c2efcc000)]
  0x000000004052d000 JavaThread "CompilerThread1" daemon [_thread_blocked, id=24813, stack(0x00007f3c2efcc000,0x00007f3c2f0cd000)]
  0x0000000040529000 JavaThread "CompilerThread0" daemon [_thread_in_native, id=24812, stack(0x00007f3c2f0cd000,0x00007f3c2f1ce000)]
  0x0000000040527000 JavaThread "Signal Dispatcher" daemon [_thread_blocked, id=24811, stack(0x00007f3c2f1ce000,0x00007f3c2f2cf000)]
  0x0000000040505800 JavaThread "Finalizer" daemon [_thread_blocked, id=24810, stack(0x00007f3c2f30e000,0x00007f3c2f40f000)]
  0x00000000404fe800 JavaThread "Reference Handler" daemon [_thread_blocked, id=24809, stack(0x00007f3c2f40f000,0x00007f3c2f510000)]

Other Threads:
  0x00000000404f9000 VMThread [stack: 0x00007f3c2f510000,0x00007f3c2f611000] [id=24808]
  0x0000000040531c00 WatcherThread [stack: 0x00007f3c2edca000,0x00007f3c2eecb000] [id=24815]

VM state:not at safepoint (normal execution)

VM Mutex/Monitor currently owned by a thread: None

Heap
 PSYoungGen      total 26368K, used 19348K [0x00007f3c70090000, 0x00007f3c71df0000, 0x00007f3c8d730000)
  eden space 22656K, 85% used [0x00007f3c70090000,0x00007f3c71375140,0x00007f3c716b0000)
  from space 3712K, 0% used [0x00007f3c71a50000,0x00007f3c71a50000,0x00007f3c71df0000)
  to   space 3712K, 0% used [0x00007f3c716b0000,0x00007f3c716b0000,0x00007f3c71a50000)
 PSOldGen        total 60288K, used 0K [0x00007f3c35330000, 0x00007f3c38e10000, 0x00007f3c70090000)
  object space 60288K, 0% used [0x00007f3c35330000,0x00007f3c35330000,0x00007f3c38e10000)
 PSPermGen       total 21248K, used 10220K [0x00007f3c2ff30000, 0x00007f3c313f0000, 0x00007f3c35330000)
  object space 21248K, 48% used [0x00007f3c2ff30000,0x00007f3c3092b208,0x00007f3c313f0000)

Dynamic libraries:
40000000-40009000 r-xp 00000000 08:13 3163089                            /usr/lib/jvm/java-6-sun-1.6.0.13/jre/bin/java
40108000-4010a000 rwxp 00008000 08:13 3163089                            /usr/lib/jvm/java-6-sun-1.6.0.13/jre/bin/java
40470000-40bda000 rwxp 40470000 00:00 0                                  [heap]
7f3c28000000-7f3c280b0000 rwxp 7f3c28000000 00:00 0 
7f3c280b0000-7f3c2c000000 ---p 7f3c280b0000 00:00 0 
7f3c2c50f000-7f3c2c525000 r-xp 00000000 08:13 213005                     /lib/libgcc_s.so.1
7f3c2c525000-7f3c2c725000 ---p 00016000 08:13 213005                     /lib/libgcc_s.so.1
7f3c2c725000-7f3c2c726000 r-xp 00016000 08:13 213005                     /lib/libgcc_s.so.1
7f3c2c726000-7f3c2c727000 rwxp 00017000 08:13 213005                     /lib/libgcc_s.so.1
7f3c2c727000-7f3c2c818000 r-xp 00000000 08:13 2802601                    /usr/lib/libstdc++.so.6.0.10
7f3c2c818000-7f3c2ca18000 ---p 000f1000 08:13 2802601                    /usr/lib/libstdc++.so.6.0.10
7f3c2ca18000-7f3c2ca1f000 r-xp 000f1000 08:13 2802601                    /usr/lib/libstdc++.so.6.0.10
7f3c2ca1f000-7f3c2ca21000 rwxp 000f8000 08:13 2802601                    /usr/lib/libstdc++.so.6.0.10
7f3c2ca21000-7f3c2ca34000 rwxp 7f3c2ca21000 00:00 0 
7f3c2ca34000-7f3c2ca58000 r-xp 00000000 08:13 1942103                    /usr/lib/TriangleJniAmd64.so
7f3c2ca58000-7f3c2cc57000 ---p 00024000 08:13 1942103                    /usr/lib/TriangleJniAmd64.so
7f3c2cc57000-7f3c2cc58000 r-xp 00023000 08:13 1942103                    /usr/lib/TriangleJniAmd64.so
7f3c2cc58000-7f3c2cc59000 rwxp 00024000 08:13 1942103                    /usr/lib/TriangleJniAmd64.so
7f3c2cc59000-7f3c2cc5c000 ---p 7f3c2cc59000 00:00 0 
7f3c2cc5c000-7f3c2cd5a000 rwxp 7f3c2cc5c000 00:00 0 
7f3c2cd5a000-7f3c2cd5d000 ---p 7f3c2cd5a000 00:00 0 
7f3c2cd5d000-7f3c2ce5b000 rwxp 7f3c2cd5d000 00:00 0 
7f3c2ce5b000-7f3c2ce5e000 ---p 7f3c2ce5b000 00:00 0 
7f3c2ce5e000-7f3c2cf5c000 rwxp 7f3c2ce5e000 00:00 0 
7f3c2cf5c000-7f3c2cf65000 r-xs 00000000 08:13 3197464                    /var/cache/fontconfig/945677eb7aeaf62f1d50efc3fb3ec7d8-x86-64.cache-2
7f3c2cf65000-7f3c2cf67000 r-xs 00000000 08:13 3197468                    /var/cache/fontconfig/99e8ed0e538f840c565b6ed5dad60d56-x86-64.cache-2
7f3c2cf67000-7f3c2cf6a000 r-xs 00000000 08:13 3197466                    /var/cache/fontconfig/e383d7ea5fbe662a33d9b44caf393297-x86-64.cache-2
7f3c2cf6a000-7f3c2cf6e000 r-xs 00000000 08:13 3197459                    /var/cache/fontconfig/6eb3985aa4124903f6ff08ba781cd364-x86-64.cache-2
7f3c2cf6e000-7f3c2cf72000 r-xs 00000000 08:13 3196573                    /var/cache/fontconfig/a755afe4a08bf5b97852ceb7400b47bc-x86-64.cache-2
7f3c2cf72000-7f3c2cf7b000 r-xs 00000000 08:13 3197440                    /var/cache/fontconfig/6d41288fd70b0be22e8c3a91e032eec0-x86-64.cache-2
7f3c2cf7b000-7f3c2cf86000 r-xs 00000000 08:13 3197435                    /var/cache/fontconfig/e3de0de479f42330eadf588a55fb5bf4-x86-64.cache-2
7f3c2cf86000-7f3c2cf95000 r-xs 00000000 08:13 3197434                    /var/cache/fontconfig/0f34bcd4b6ee430af32735b75db7f02b-x86-64.cache-2
7f3c2cf95000-7f3c2cf9e000 r-xs 00000000 08:13 3197417                    /var/cache/fontconfig/d52a8644073d54c13679302ca1180695-x86-64.cache-2
7f3c2d062000-7f3c2d065000 ---p 7f3c2d062000 00:00 0 
7f3c2d065000-7f3c2d163000 rwxp 7f3c2d065000 00:00 0 
7f3c2d163000-7f3c2d166000 ---p 7f3c2d163000 00:00 0 
7f3c2d166000-7f3c2d264000 rwxp 7f3c2d166000 00:00 0 
7f3c2d264000-7f3c2d269000 r-xp 00000000 08:13 2805390                    /usr/lib/libXfixes.so.3.1.0
7f3c2d269000-7f3c2d468000 ---p 00005000 08:13 2805390                    /usr/lib/libXfixes.so.3.1.0
7f3c2d468000-7f3c2d469000 rwxp 00004000 08:13 2805390                    /usr/lib/libXfixes.so.3.1.0
7f3c2d469000-7f3c2d472000 r-xp 00000000 08:13 2805803                    /usr/lib/libXrender.so.1.3.0
7f3c2d472000-7f3c2d671000 ---p 00009000 08:13 2805803                    /usr/lib/libXrender.so.1.3.0
7f3c2d671000-7f3c2d672000 r-xp 00008000 08:13 2805803                    /usr/lib/libXrender.so.1.3.0
7f3c2d672000-7f3c2d673000 rwxp 00009000 08:13 2805803                    /usr/lib/libXrender.so.1.3.0
7f3c2d673000-7f3c2d67c000 r-xp 00000000 08:13 2805843                    /usr/lib/libXcursor.so.1.0.2
7f3c2d67c000-7f3c2d87c000 ---p 00009000 08:13 2805843                    /usr/lib/libXcursor.so.1.0.2
7f3c2d87c000-7f3c2d87d000 rwxp 00009000 08:13 2805843                    /usr/lib/libXcursor.so.1.0.2
7f3c2d895000-7f3c2d898000 r-xs 000cb000 08:13 3162696                    /usr/lib/jvm/java-6-sun-1.6.0.13/jre/lib/ext/localedata.jar
7f3c2d898000-7f3c2d89b000 ---p 7f3c2d898000 00:00 0 
7f3c2d89b000-7f3c2d999000 rwxp 7f3c2d89b000 00:00 0 
7f3c2d999000-7f3c2da17000 r-xp 00000000 08:13 3163204                    /usr/lib/jvm/java-6-sun-1.6.0.13/jre/lib/amd64/libfontmanager.so
7f3c2da17000-7f3c2db16000 ---p 0007e000 08:13 3163204                    /usr/lib/jvm/java-6-sun-1.6.0.13/jre/lib/amd64/libfontmanager.so
7f3c2db16000-7f3c2db2c000 rwxp 0007d000 08:13 3163204                    /usr/lib/jvm/java-6-sun-1.6.0.13/jre/lib/amd64/libfontmanager.so
7f3c2db2c000-7f3c2db3d000 rwxp 7f3c2db2c000 00:00 0 
7f3c2db3d000-7f3c2db42000 r-xp 00000000 08:13 2805384                    /usr/lib/libXdmcp.so.6.0.0
7f3c2db42000-7f3c2dd41000 ---p 00005000 08:13 2805384                    /usr/lib/libXdmcp.so.6.0.0
7f3c2dd41000-7f3c2dd42000 rwxp 00004000 08:13 2805384                    /usr/lib/libXdmcp.so.6.0.0
7f3c2dd42000-7f3c2dd5d000 r-xp 00000000 08:13 2805386                    /usr/lib/libxcb.so.1.1.0
7f3c2dd5d000-7f3c2df5c000 ---p 0001b000 08:13 2805386                    /usr/lib/libxcb.so.1.1.0
7f3c2df5c000-7f3c2df5d000 r-xp 0001a000 08:13 2805386                    /usr/lib/libxcb.so.1.1.0
7f3c2df5d000-7f3c2df5e000 rwxp 0001b000 08:13 2805386                    /usr/lib/libxcb.so.1.1.0
7f3c2df5e000-7f3c2df60000 r-xp 00000000 08:13 2805382                    /usr/lib/libXau.so.6.0.0
7f3c2df60000-7f3c2e15f000 ---p 00002000 08:13 2805382                    /usr/lib/libXau.so.6.0.0
7f3c2e15f000-7f3c2e160000 r-xp 00001000 08:13 2805382                    /usr/lib/libXau.so.6.0.0
7f3c2e160000-7f3c2e161000 rwxp 00002000 08:13 2805382                    /usr/lib/libXau.so.6.0.0
7f3c2e161000-7f3c2e16a000 r-xp 00000000 08:13 2805586                    /usr/lib/libXi.so.6.0.0
7f3c2e16a000-7f3c2e36a000 ---p 00009000 08:13 2805586                    /usr/lib/libXi.so.6.0.0
7f3c2e36a000-7f3c2e36b000 r-xp 00009000 08:13 2805586                    /usr/lib/libXi.so.6.0.0
7f3c2e36b000-7f3c2e36c000 rwxp 0000a000 08:13 2805586                    /usr/lib/libXi.so.6.0.0
7f3c2e36c000-7f3c2e371000 r-xp 00000000 08:13 2806834                    /usr/lib/libXtst.so.6.1.0
7f3c2e371000-7f3c2e571000 ---p 00005000 08:13 2806834                    /usr/lib/libXtst.so.6.1.0
7f3c2e571000-7f3c2e572000 r-xp 00005000 08:13 2806834                    /usr/lib/libXtst.so.6.1.0
7f3c2e572000-7f3c2e573000 rwxp 00006000 08:13 2806834                    /usr/lib/libXtst.so.6.1.0
7f3c2e573000-7f3c2e675000 r-xp 00000000 08:13 2805388                    /usr/lib/libX11.so.6.2.0
7f3c2e675000-7f3c2e875000 ---p 00102000 08:13 2805388                    /usr/lib/libX11.so.6.2.0
7f3c2e875000-7f3c2e876000 r-xp 00102000 08:13 2805388                    /usr/lib/libX11.so.6.2.0
7f3c2e876000-7f3c2e87a000 rwxp 00103000 08:13 2805388                    /usr/lib/libX11.so.6.2.0
7f3c2e87a000-7f3c2e88b000 r-xp 00000000 08:13 2805394                    /usr/lib/libXext.so.6.4.0
7f3c2e88b000-7f3c2ea8a000 ---p 00011000 08:13 2805394                    /usr/lib/libXext.so.6.4.0
7f3c2ea8a000-7f3c2ea8b000 r-xp 00010000 08:13 2805394                    /usr/lib/libXext.so.6.4.0
7f3c2ea8b000-7f3c2ea8c000 rwxp 00011000 08:13 2805394                    /usr/lib/libXext.so.6.4.0
7f3c2ea8d000-7f3c2ea99000 r-xs 00000000 08:13 3197416                    /var/cache/fontconfig/089dead882dea3570ffc31a9898cfb69-x86-64.cache-2
7f3c2ea99000-7f3c2ea9d000 r-xs 00000000 08:13 3197398                    /var/cache/fontconfig/cabbd14511b9e8a55e92af97fb3a0461-x86-64.cache-2
7f3c2ea9d000-7f3c2eaa7000 r-xs 00000000 08:13 3195524                    /var/cache/fontconfig/e13b20fdb08344e0e664864cc2ede53d-x86-64.cache-2
7f3c2eaa7000-7f3c2eae8000 r-xp 00000000 08:13 3163194                    /usr/lib/jvm/java-6-sun-1.6.0.13/jre/lib/amd64/xawt/libmawt.so
7f3c2eae8000-7f3c2ebe7000 ---p 00041000 08:13 3163194                    /usr/lib/jvm/java-6-sun-1.6.0.13/jre/lib/amd64/xawt/libmawt.so
7f3c2ebe7000-7f3c2ebf3000 rwxp 00040000 08:13 3163194                    /usr/lib/jvm/java-6-sun-1.6.0.13/jre/lib/amd64/xawt/libmawt.so
7f3c2ebf3000-7f3c2ebf4000 rwxp 7f3c2ebf3000 00:00 0 
7f3c2ebf4000-7f3c2ec86000 r-xp 00000000 08:13 3163239                    /usr/lib/jvm/java-6-sun-1.6.0.13/jre/lib/amd64/libawt.so
7f3c2ec86000-7f3c2ed85000 ---p 00092000 08:13 3163239                    /usr/lib/jvm/java-6-sun-1.6.0.13/jre/lib/amd64/libawt.so
7f3c2ed85000-7f3c2ed9e000 rwxp 00091000 08:13 3163239                    /usr/lib/jvm/java-6-sun-1.6.0.13/jre/lib/amd64/libawt.so
7f3c2ed9e000-7f3c2edc3000 rwxp 7f3c2ed9e000 00:00 0 
7f3c2edc3000-7f3c2edca000 r-xs 00059000 08:11 1172178                    /home/epsilon/文档/4_java/javaTools/apache-log4j-1.2.15/log4j-1.2.15.jar
7f3c2edca000-7f3c2edcb000 ---p 7f3c2edca000 00:00 0 
7f3c2edcb000-7f3c2eecb000 rwxp 7f3c2edcb000 00:00 0 
7f3c2eecb000-7f3c2eece000 ---p 7f3c2eecb000 00:00 0 
7f3c2eece000-7f3c2efcc000 rwxp 7f3c2eece000 00:00 0 
7f3c2efcc000-7f3c2efcf000 ---p 7f3c2efcc000 00:00 0 
7f3c2efcf000-7f3c2f0cd000 rwxp 7f3c2efcf000 00:00 0 
7f3c2f0cd000-7f3c2f0d0000 ---p 7f3c2f0cd000 00:00 0 
7f3c2f0d0000-7f3c2f1ce000 rwxp 7f3c2f0d0000 00:00 0 
7f3c2f1ce000-7f3c2f1d1000 ---p 7f3c2f1ce000 00:00 0 
7f3c2f1d1000-7f3c2f2cf000 rwxp 7f3c2f1d1000 00:00 0 
7f3c2f2cf000-7f3c2f30e000 r-xp 00000000 08:13 2827839                    /usr/lib/locale/zh_CN.utf8/LC_CTYPE
7f3c2f30e000-7f3c2f311000 ---p 7f3c2f30e000 00:00 0 
7f3c2f311000-7f3c2f40f000 rwxp 7f3c2f311000 00:00 0 
7f3c2f40f000-7f3c2f412000 ---p 7f3c2f40f000 00:00 0 
7f3c2f412000-7f3c2f510000 rwxp 7f3c2f412000 00:00 0 
7f3c2f510000-7f3c2f511000 ---p 7f3c2f510000 00:00 0 
7f3c2f511000-7f3c2f686000 rwxp 7f3c2f511000 00:00 0 
7f3c2f686000-7f3c2f818000 r-xs 02f34000 08:13 2942580                    /usr/lib/jvm/java-6-sun-1.6.0.13/jre/lib/rt.jar
7f3c2f818000-7f3c2f840000 rwxp 7f3c2f818000 00:00 0 
7f3c2f840000-7f3c2f841000 ---p 7f3c2f840000 00:00 0 
7f3c2f841000-7f3c2f941000 rwxp 7f3c2f841000 00:00 0 
7f3c2f941000-7f3c2f942000 ---p 7f3c2f941000 00:00 0 
7f3c2f942000-7f3c2fa4d000 rwxp 7f3c2f942000 00:00 0 
7f3c2fa4d000-7f3c2fa6c000 rwxp 7f3c2fa4d000 00:00 0 
7f3c2fa6c000-7f3c2fa8a000 rwxp 7f3c2fa6c000 00:00 0 
7f3c2fa8a000-7f3c2fc43000 rwxp 7f3c2fa8a000 00:00 0 
7f3c2fc43000-7f3c2fc4e000 rwxp 7f3c2fc43000 00:00 0 
7f3c2fc4e000-7f3c2fc6d000 rwxp 7f3c2fc4e000 00:00 0 
7f3c2fc6d000-7f3c2fc8b000 rwxp 7f3c2fc6d000 00:00 0 
7f3c2fc8b000-7f3c2fe43000 rwxp 7f3c2fc8b000 00:00 0 
7f3c2fe43000-7f3c2fe53000 rwxp 7f3c2fe43000 00:00 0 
7f3c2fe53000-7f3c2ff2f000 rwxp 7f3c2fe53000 00:00 0 
7f3c2ff2f000-7f3c313f0000 rwxp 7f3c2ff2f000 00:00 0 
7f3c313f0000-7f3c35330000 rwxp 7f3c313f0000 00:00 0 
7f3c35330000-7f3c38e10000 rwxp 7f3c35330000 00:00 0 
7f3c38e10000-7f3c70090000 rwxp 7f3c38e10000 00:00 0 
7f3c70090000-7f3c71df0000 rwxp 7f3c70090000 00:00 0 
7f3c71df0000-7f3c8d730000 rwxp 7f3c71df0000 00:00 0 
7f3c8d731000-7f3c8d739000 r-xs 0004b000 08:11 162661                     /home/epsilon/文档/4_java/javaTools/commons-math-1.2/commons-math-1.2.jar
7f3c8d739000-7f3c8d9a9000 rwxp 7f3c8d739000 00:00 0 
7f3c8d9a9000-7f3c90739000 rwxp 7f3c8d9a9000 00:00 0 
7f3c90739000-7f3c90747000 r-xp 00000000 08:13 3163206                    /usr/lib/jvm/java-6-sun-1.6.0.13/jre/lib/amd64/libzip.so
7f3c90747000-7f3c90849000 ---p 0000e000 08:13 3163206                    /usr/lib/jvm/java-6-sun-1.6.0.13/jre/lib/amd64/libzip.so
7f3c90849000-7f3c9084c000 rwxp 00010000 08:13 3163206                    /usr/lib/jvm/java-6-sun-1.6.0.13/jre/lib/amd64/libzip.so
7f3c9084c000-7f3c9084d000 rwxp 7f3c9084c000 00:00 0 
7f3c9084d000-7f3c90876000 r-xp 00000000 08:13 3163219                    /usr/lib/jvm/java-6-sun-1.6.0.13/jre/lib/amd64/libjava.so
7f3c90876000-7f3c90975000 ---p 00029000 08:13 3163219                    /usr/lib/jvm/java-6-sun-1.6.0.13/jre/lib/amd64/libjava.so
7f3c90975000-7f3c9097c000 rwxp 00028000 08:13 3163219                    /usr/lib/jvm/java-6-sun-1.6.0.13/jre/lib/amd64/libjava.so
7f3c9097c000-7f3c90989000 r-xp 00000000 08:13 3163201                    /usr/lib/jvm/java-6-sun-1.6.0.13/jre/lib/amd64/libverify.so
7f3c90989000-7f3c90a88000 ---p 0000d000 08:13 3163201                    /usr/lib/jvm/java-6-sun-1.6.0.13/jre/lib/amd64/libverify.so
7f3c90a88000-7f3c90a8b000 rwxp 0000c000 08:13 3163201                    /usr/lib/jvm/java-6-sun-1.6.0.13/jre/lib/amd64/libverify.so
7f3c90a8b000-7f3c90a97000 r-xp 00000000 08:13 213021                     /lib/libnss_files-2.9.so
7f3c90a97000-7f3c90c96000 ---p 0000c000 08:13 213021                     /lib/libnss_files-2.9.so
7f3c90c96000-7f3c90c97000 r-xp 0000b000 08:13 213021                     /lib/libnss_files-2.9.so
7f3c90c97000-7f3c90c98000 rwxp 0000c000 08:13 213021                     /lib/libnss_files-2.9.so
7f3c90c98000-7f3c90ca2000 r-xp 00000000 08:13 213023                     /lib/libnss_nis-2.9.so
7f3c90ca2000-7f3c90ea1000 ---p 0000a000 08:13 213023                     /lib/libnss_nis-2.9.so
7f3c90ea1000-7f3c90ea2000 r-xp 00009000 08:13 213023                     /lib/libnss_nis-2.9.so
7f3c90ea2000-7f3c90ea3000 rwxp 0000a000 08:13 213023                     /lib/libnss_nis-2.9.so
7f3c90ea3000-7f3c90eab000 r-xp 00000000 08:13 213019                     /lib/libnss_compat-2.9.so
7f3c90eab000-7f3c910aa000 ---p 00008000 08:13 213019                     /lib/libnss_compat-2.9.so
7f3c910aa000-7f3c910ab000 r-xp 00007000 08:13 213019                     /lib/libnss_compat-2.9.so
7f3c910ab000-7f3c910ac000 rwxp 00008000 08:13 213019                     /lib/libnss_compat-2.9.so
7f3c910ac000-7f3c910c2000 r-xp 00000000 08:13 213018                     /lib/libnsl-2.9.so
7f3c910c2000-7f3c912c2000 ---p 00016000 08:13 213018                     /lib/libnsl-2.9.so
7f3c912c2000-7f3c912c3000 r-xp 00016000 08:13 213018                     /lib/libnsl-2.9.so
7f3c912c3000-7f3c912c4000 rwxp 00017000 08:13 213018                     /lib/libnsl-2.9.so
7f3c912c4000-7f3c912c6000 rwxp 7f3c912c4000 00:00 0 
7f3c912c6000-7f3c912cd000 r-xp 00000000 08:13 3163208                    /usr/lib/jvm/java-6-sun-1.6.0.13/jre/lib/amd64/native_threads/libhpi.so
7f3c912cd000-7f3c913ce000 ---p 00007000 08:13 3163208                    /usr/lib/jvm/java-6-sun-1.6.0.13/jre/lib/amd64/native_threads/libhpi.so
7f3c913ce000-7f3c913d0000 rwxp 00008000 08:13 3163208                    /usr/lib/jvm/java-6-sun-1.6.0.13/jre/lib/amd64/native_threads/libhpi.so
7f3c913d0000-7f3c913d1000 rwxp 7f3c913d0000 00:00 0 
7f3c913d1000-7f3c913d8000 r-xp 00000000 08:13 213028                     /lib/librt-2.9.so
7f3c913d8000-7f3c915d7000 ---p 00007000 08:13 213028                     /lib/librt-2.9.so
7f3c915d7000-7f3c915d8000 r-xp 00006000 08:13 213028                     /lib/librt-2.9.so
7f3c915d8000-7f3c915d9000 rwxp 00007000 08:13 213028                     /lib/librt-2.9.so
7f3c915d9000-7f3c915dc000 ---p 7f3c915d9000 00:00 0 
7f3c915dc000-7f3c916da000 rwxp 7f3c915dc000 00:00 0 
7f3c916da000-7f3c9175e000 r-xp 00000000 08:13 213016                     /lib/libm-2.9.so
7f3c9175e000-7f3c9195d000 ---p 00084000 08:13 213016                     /lib/libm-2.9.so
7f3c9195d000-7f3c9195e000 r-xp 00083000 08:13 213016                     /lib/libm-2.9.so
7f3c9195e000-7f3c9195f000 rwxp 00084000 08:13 213016                     /lib/libm-2.9.so
7f3c9195f000-7f3c91fec000 r-xp 00000000 08:13 3163226                    /usr/lib/jvm/java-6-sun-1.6.0.13/jre/lib/amd64/server/libjvm.so
7f3c91fec000-7f3c920eb000 ---p 0068d000 08:13 3163226                    /usr/lib/jvm/java-6-sun-1.6.0.13/jre/lib/amd64/server/libjvm.so
7f3c920eb000-7f3c9223c000 rwxp 0068c000 08:13 3163226                    /usr/lib/jvm/java-6-sun-1.6.0.13/jre/lib/amd64/server/libjvm.so
7f3c9223c000-7f3c92279000 rwxp 7f3c9223c000 00:00 0 
7f3c92279000-7f3c923e1000 r-xp 00000000 08:13 213012                     /lib/libc-2.9.so
7f3c923e1000-7f3c925e1000 ---p 00168000 08:13 213012                     /lib/libc-2.9.so
7f3c925e1000-7f3c925e5000 r-xp 00168000 08:13 213012                     /lib/libc-2.9.so
7f3c925e5000-7f3c925e6000 rwxp 0016c000 08:13 213012                     /lib/libc-2.9.so
7f3c925e6000-7f3c925eb000 rwxp 7f3c925e6000 00:00 0 
7f3c925eb000-7f3c925ed000 r-xp 00000000 08:13 213015                     /lib/libdl-2.9.so
7f3c925ed000-7f3c927ed000 ---p 00002000 08:13 213015                     /lib/libdl-2.9.so
7f3c927ed000-7f3c927ee000 r-xp 00002000 08:13 213015                     /lib/libdl-2.9.so
7f3c927ee000-7f3c927ef000 rwxp 00003000 08:13 213015                     /lib/libdl-2.9.so
7f3c927ef000-7f3c92806000 r-xp 00000000 08:13 213026                     /lib/libpthread-2.9.so
7f3c92806000-7f3c92a05000 ---p 00017000 08:13 213026                     /lib/libpthread-2.9.so
7f3c92a05000-7f3c92a06000 r-xp 00016000 08:13 213026                     /lib/libpthread-2.9.so
7f3c92a06000-7f3c92a07000 rwxp 00017000 08:13 213026                     /lib/libpthread-2.9.so
7f3c92a07000-7f3c92a0b000 rwxp 7f3c92a07000 00:00 0 
7f3c92a0b000-7f3c92a2b000 r-xp 00000000 08:13 213006                     /lib/ld-2.9.so
7f3c92a2b000-7f3c92a2e000 r-xs 00000000 08:13 3197439                    /var/cache/fontconfig/de156ccd2eddbdc19d37a45b8b2aac9c-x86-64.cache-2
7f3c92a2e000-7f3c92a31000 r-xs 00000000 08:13 3197433                    /var/cache/fontconfig/ddd4086aec35a5275babba44bb759c3c-x86-64.cache-2
7f3c92a31000-7f3c92a3f000 r-xs 000ba000 08:11 422677                     /home/epsilon/文档/4_java/javaTools/mtj.jar
7f3c92a3f000-7f3c92a49000 rwxp 7f3c92a3f000 00:00 0 
7f3c92a49000-7f3c92aff000 rwxp 7f3c92a49000 00:00 0 
7f3c92aff000-7f3c92b01000 rwxp 7f3c92aff000 00:00 0 
7f3c92b01000-7f3c92b08000 r-xp 00000000 08:13 3163192                    /usr/lib/jvm/java-6-sun-1.6.0.13/jre/lib/amd64/jli/libjli.so
7f3c92b08000-7f3c92c09000 ---p 00007000 08:13 3163192                    /usr/lib/jvm/java-6-sun-1.6.0.13/jre/lib/amd64/jli/libjli.so
7f3c92c09000-7f3c92c0b000 rwxp 00008000 08:13 3163192                    /usr/lib/jvm/java-6-sun-1.6.0.13/jre/lib/amd64/jli/libjli.so
7f3c92c0b000-7f3c92c0c000 rwxp 7f3c92c0b000 00:00 0 
7f3c92c0d000-7f3c92c0e000 r-xs 00000000 08:13 3197445                    /var/cache/fontconfig/4c73fe0c47614734b17d736dbde7580a-x86-64.cache-2
7f3c92c0e000-7f3c92c0f000 r-xs 00000000 08:13 3197424                    /var/cache/fontconfig/4794a0821666d79190d59a36cb4f44b5-x86-64.cache-2
7f3c92c0f000-7f3c92c12000 r-xs 00000000 08:13 3196574                    /var/cache/fontconfig/7ef2298fde41cc6eeb7af42e48b7d293-x86-64.cache-2
7f3c92c12000-7f3c92c16000 r-xs 00042000 08:11 181746                     /home/epsilon/NetBeansProjects/EpsilonUtils/trunk/dist/EpsilonYUtil.jar
7f3c92c16000-7f3c92c1d000 r-xs 00000000 08:13 2803699                    /usr/lib/gconv/gconv-modules.cache
7f3c92c1d000-7f3c92c25000 rwxs 00000000 08:13 377133                     /tmp/hsperfdata_epsilon/24804
7f3c92c25000-7f3c92c26000 rwxp 7f3c92c25000 00:00 0 
7f3c92c26000-7f3c92c27000 r-xp 7f3c92c26000 00:00 0 
7f3c92c27000-7f3c92c2a000 rwxp 7f3c92c27000 00:00 0 
7f3c92c2a000-7f3c92c2b000 r-xp 0001f000 08:13 213006                     /lib/ld-2.9.so
7f3c92c2b000-7f3c92c2c000 rwxp 00020000 08:13 213006                     /lib/ld-2.9.so
7fff9ac16000-7fff9ac2b000 rwxp 7ffffffea000 00:00 0                      [stack]
7fff9adfe000-7fff9adff000 r-xp 7fff9adfe000 00:00 0                      [vdso]
ffffffffff600000-ffffffffff601000 r-xp 00000000 00:00 0                  [vsyscall]

VM Arguments:
jvm_args: -Dawt.useSystemAAFontSettings=on 
java_command: net.epsilony.simpmeshfree.model.ModelTestFrame
Launcher Type: SUN_STANDARD

Environment Variables:
_JAVA_OPTIONS=-Dawt.useSystemAAFontSettings=on
PATH=/usr/local/sbin:/usr/local/bin:/usr/sbin:/usr/bin:/sbin:/bin:/usr/games
USERNAME=epsilon
LD_LIBRARY_PATH=/usr/lib/jvm/java-6-sun-1.6.0.13/jre/lib/amd64/server:/usr/lib/jvm/java-6-sun-1.6.0.13/jre/lib/amd64:/usr/lib/jvm/java-6-sun-1.6.0.13/jre/../lib/amd64
SHELL=/bin/bash
DISPLAY=:0.0

Signal Handlers:
SIGSEGV: [libjvm.so+0x5fcd20], sa_mask[0]=0x7ffbfeff, sa_flags=0x10000004
SIGBUS: [libjvm.so+0x5fcd20], sa_mask[0]=0x7ffbfeff, sa_flags=0x10000004
SIGFPE: [libjvm.so+0x4e0eb0], sa_mask[0]=0x7ffbfeff, sa_flags=0x10000004
SIGPIPE: [libjvm.so+0x4e0eb0], sa_mask[0]=0x7ffbfeff, sa_flags=0x10000004
SIGXFSZ: [libjvm.so+0x4e0eb0], sa_mask[0]=0x7ffbfeff, sa_flags=0x10000004
SIGILL: [libjvm.so+0x4e0eb0], sa_mask[0]=0x7ffbfeff, sa_flags=0x10000004
SIGUSR1: SIG_DFL, sa_mask[0]=0x00000000, sa_flags=0x00000000
SIGUSR2: [libjvm.so+0x4e35d0], sa_mask[0]=0x00000004, sa_flags=0x10000004
SIGHUP: [libjvm.so+0x4e3320], sa_mask[0]=0x7ffbfeff, sa_flags=0x10000004
SIGINT: SIG_IGN, sa_mask[0]=0x00000000, sa_flags=0x00000000
SIGTERM: [libjvm.so+0x4e3320], sa_mask[0]=0x7ffbfeff, sa_flags=0x10000004
SIGQUIT: [libjvm.so+0x4e3320], sa_mask[0]=0x7ffbfeff, sa_flags=0x10000004


---------------  S Y S T E M  ---------------

OS:5.0

uname:Linux 2.6.28-12-generic #43-Ubuntu SMP Fri May 1 19:31:32 UTC 2009 x86_64
libc:glibc 2.9 NPTL 2.9 
rlimit: STACK 8192k, CORE 0k, NPROC infinity, NOFILE 1024, AS infinity
load average:1.14 1.05 0.86

CPU:total 2 (2 cores per cpu, 1 threads per core) family 16 model 2 stepping 3, cmov, cx8, fxsr, mmx, sse, sse2, sse3, mmxext, 3dnow, 3dnowext, sse4a

Memory: 4k page, physical 5780180k(2265276k free), swap 3903752k(3865604k free)

vm_info: Java HotSpot(TM) 64-Bit Server VM (11.3-b02) for linux-amd64 JRE (1.6.0_13-b03), built on Mar  9 2009 11:08:22 by "java_re" with gcc 3.2.2 (SuSE Linux)

time: Mon May 18 15:25:44 2009
elapsed time: 0 seconds

