#
# An unexpected error has been detected by Java Runtime Environment:
#
#  SIGSEGV (0xb) at pc=0x00007f31793a011b, pid=24780, tid=139848698558800
#
# Java VM: Java HotSpot(TM) 64-Bit Server VM (11.3-b02 mixed mode linux-amd64)
# Problematic frame:
# C  [libc.so.6+0x8411b]  memcpy+0x15b
#
# If you would like to submit a bug report, please visit:
#   http://java.sun.com/webapps/bugreport/crash.jsp
#

---------------  T H R E A D  ---------------

Current thread (0x00007f3110166000):  JavaThread "AWT-EventQueue-0" [_thread_in_vm, id=24795, stack(0x00007f310feff000,0x00007f3110000000)]

siginfo:si_signo=SIGSEGV: si_errno=0, si_code=2 (SEGV_ACCERR), si_addr=0x00007f3110213000

Registers:
RAX=0x00007f31579cfd80, RBX=0x00007f3116fd12a0, RCX=0x0000000000000098, RDX=0x0000000000001d00
RSP=0x00007f310fffe4b8, RBP=0x00007f310fffe540, RSI=0x00007f3110213000, RDI=0x00007f31579d15c0
R8 =0x0000000000000ffc, R9 =0x00007f31791ec5b8, R10=0x00007f31791f0028, R11=0x0000000000001d00
R12=0x0000000000001d00, R13=0x0000000000000000, R14=0x00000000410d69b8, R15=0x00007f310fffe4d0
RIP=0x00007f31793a011b, EFL=0x0000000000010216, CSGSFS=0x0000000000000033, ERR=0x0000000000000004
  TRAPNO=0x000000000000000e

Top of Stack: (sp=0x00007f310fffe4b8)
0x00007f310fffe4b8:   00007f3178d48600 00007f31101661c0
0x00007f310fffe4c8:   00007f31102117c0 00007f3110166000
0x00007f310fffe4d8:   0000000000000000 00007f3110166000
0x00007f310fffe4e8:   0000000000000000 00007f3110166000
0x00007f310fffe4f8:   00007f310fffe638 00007f3110166000
0x00007f310fffe508:   00007f3179396276 00007f3110166000
0x00007f310fffe518:   00000000410d69b8 00007f31101283d0
0x00007f310fffe528:   00007f31101312e0 00007f310fffe638
0x00007f310fffe538:   00000000410d6960 00007f31101661c0
0x00007f310fffe548:   00007f310fadc486 00007f3110140ef0
0x00007f310fffe558:   00000000410d6968 00000000410d6970
0x00007f310fffe568:   00000000410d6978 00000000410d6980
0x00007f310fffe578:   00007f3110166338 00000000410d6988
0x00007f310fffe588:   00007f3110166380 0101010100166000
0x00007f310fffe598:   00007f31179c88c0 00007f310fffe618
0x00007f310fffe5a8:   0000000000000101 00007f31179c88c0
0x00007f310fffe5b8:   00007f310fffe638 00007f3110166000
0x00007f310fffe5c8:   00007f31747ea852 00007f3110166000
0x00007f310fffe5d8:   00007f310fffe5d8 00007f31179c88c0
0x00007f310fffe5e8:   00007f310fffe638 00007f31179c92f8
0x00007f310fffe5f8:   0000000000000000 00007f31179c88c0
0x00007f310fffe608:   0000000000000000 00007f310fffe638
0x00007f310fffe618:   00007f310fffe680 00007f31747df322
0x00007f310fffe628:   0000000000000000 00007f31747e7358
0x00007f310fffe638:   00007f31579b4ac0 00007f310fffe640
0x00007f310fffe648:   00007f31179c739d 00007f310fffe6c8
0x00007f310fffe658:   00007f31179c92f8 0000000000000000
0x00007f310fffe668:   00007f31179c7428 00007f310fffe638
0x00007f310fffe678:   00007f310fffe6b8 00007f310fffe710
0x00007f310fffe688:   00007f31747df322 0000000000000000
0x00007f310fffe698:   00007f31579cc9f8 0000000000000000
0x00007f310fffe6a8:   00007f31579cc9e0 00007f31579cc648 

Instructions: (pc=0x00007f31793a011b)
0x00007f31793a010b:   0f 47 da 4c 89 d9 49 83 e3 f8 48 c1 e9 03 74 05
0x00007f31793a011b:   f3 48 a5 66 90 4c 29 da 48 f7 c2 f8 ff ff ff 75 

Stack: [0x00007f310feff000,0x00007f3110000000],  sp=0x00007f310fffe4b8,  free space=1021k
Native frames: (J=compiled Java code, j=interpreted, Vv=VM code, C=native code)
C  [libc.so.6+0x8411b]  memcpy+0x15b

Java frames: (J=compiled Java code, j=interpreted, Vv=VM code)
j  net.epsilony.simpmeshfree.model.geometry.TriangleJni.triangleFun()V+0
j  net.epsilony.simpmeshfree.model.geometry.TriangleJni.complie(Lnet/epsilony/simpmeshfree/model/geometry/GeometryModel;Ljava/lang/String;)V+141
j  net.epsilony.simpmeshfree.model.mechanics.MechanicsModel.generateNodesByTriangle(DDLjava/lang/String;ZZ)V+110
j  net.epsilony.simpmeshfree.model.ModelTestFrame.<init>()V+599
j  net.epsilony.simpmeshfree.model.ModelTestFrame$1.run()V+4
j  java.awt.event.InvocationEvent.dispatch()V+47
j  java.awt.EventQueue.dispatchEvent(Ljava/awt/AWTEvent;)V+26
j  java.awt.EventDispatchThread.pumpOneEventForFilters(I)Z+204
j  java.awt.EventDispatchThread.pumpEventsForFilter(ILjava/awt/Conditional;Ljava/awt/EventFilter;)V+30
j  java.awt.EventDispatchThread.pumpEventsForHierarchy(ILjava/awt/Conditional;Ljava/awt/Component;)V+11
j  java.awt.EventDispatchThread.pumpEvents(ILjava/awt/Conditional;)V+4
j  java.awt.EventDispatchThread.pumpEvents(Ljava/awt/Conditional;)V+3
j  java.awt.EventDispatchThread.run()V+9
v  ~StubRoutines::call_stub

---------------  P R O C E S S  ---------------

Java Threads: ( => current thread )
  0x00007f3110076000 JavaThread "Thread-3" [_thread_blocked, id=24797, stack(0x00007f310fcfd000,0x00007f310fdfe000)]
  0x00007f31100b0000 JavaThread "Thread-2" [_thread_blocked, id=24796, stack(0x00007f310fdfe000,0x00007f310feff000)]
  0x00007f3110101400 JavaThread "DestroyJavaVM" [_thread_blocked, id=24781, stack(0x00007f317867c000,0x00007f317877d000)]
=>0x00007f3110166000 JavaThread "AWT-EventQueue-0" [_thread_in_vm, id=24795, stack(0x00007f310feff000,0x00007f3110000000)]
  0x00007f3110165000 JavaThread "AWT-Shutdown" [_thread_blocked, id=24794, stack(0x00007f3114102000,0x00007f3114203000)]
  0x00007f3110164400 JavaThread "AWT-XAWT" daemon [_thread_in_native, id=24793, stack(0x00007f3114203000,0x00007f3114304000)]
  0x00007f31100ff800 JavaThread "Java2D Disposer" daemon [_thread_blocked, id=24792, stack(0x00007f3114938000,0x00007f3114a39000)]
  0x00007f3110027800 JavaThread "Low Memory Detector" daemon [_thread_blocked, id=24790, stack(0x00007f3115f6b000,0x00007f311606c000)]
  0x00007f3110024c00 JavaThread "CompilerThread1" daemon [_thread_blocked, id=24789, stack(0x00007f311606c000,0x00007f311616d000)]
  0x00007f3110022c00 JavaThread "CompilerThread0" daemon [_thread_in_native, id=24788, stack(0x00007f311616d000,0x00007f311626e000)]
  0x00007f3110021000 JavaThread "Signal Dispatcher" daemon [_thread_blocked, id=24787, stack(0x00007f311626e000,0x00007f311636f000)]
  0x0000000041019400 JavaThread "Finalizer" daemon [_thread_blocked, id=24786, stack(0x00007f31163ae000,0x00007f31164af000)]
  0x0000000041017800 JavaThread "Reference Handler" daemon [_thread_blocked, id=24785, stack(0x00007f31164af000,0x00007f31165b0000)]

Other Threads:
  0x0000000041012000 VMThread [stack: 0x00007f31165b0000,0x00007f31166b1000] [id=24784]
  0x00007f311002a000 WatcherThread [stack: 0x00007f3115e6a000,0x00007f3115f6b000] [id=24791]

VM state:not at safepoint (normal execution)

VM Mutex/Monitor currently owned by a thread: None

Heap
 PSYoungGen      total 26368K, used 19348K [0x00007f3157130000, 0x00007f3158e90000, 0x00007f31747d0000)
  eden space 22656K, 85% used [0x00007f3157130000,0x00007f3158415140,0x00007f3158750000)
  from space 3712K, 0% used [0x00007f3158af0000,0x00007f3158af0000,0x00007f3158e90000)
  to   space 3712K, 0% used [0x00007f3158750000,0x00007f3158750000,0x00007f3158af0000)
 PSOldGen        total 60288K, used 0K [0x00007f311c3d0000, 0x00007f311feb0000, 0x00007f3157130000)
  object space 60288K, 0% used [0x00007f311c3d0000,0x00007f311c3d0000,0x00007f311feb0000)
 PSPermGen       total 21248K, used 10220K [0x00007f3116fd0000, 0x00007f3118490000, 0x00007f311c3d0000)
  object space 21248K, 48% used [0x00007f3116fd0000,0x00007f31179cb208,0x00007f3118490000)

Dynamic libraries:
40000000-40009000 r-xp 00000000 08:13 3163089                            /usr/lib/jvm/java-6-sun-1.6.0.13/jre/bin/java
40108000-4010a000 rwxp 00008000 08:13 3163089                            /usr/lib/jvm/java-6-sun-1.6.0.13/jre/bin/java
40f89000-42162000 rwxp 40f89000 00:00 0                                  [heap]
7f310f5b3000-7f310f5c9000 r-xp 00000000 08:13 213005                     /lib/libgcc_s.so.1
7f310f5c9000-7f310f7c9000 ---p 00016000 08:13 213005                     /lib/libgcc_s.so.1
7f310f7c9000-7f310f7ca000 r-xp 00016000 08:13 213005                     /lib/libgcc_s.so.1
7f310f7ca000-7f310f7cb000 rwxp 00017000 08:13 213005                     /lib/libgcc_s.so.1
7f310f7cb000-7f310f8bc000 r-xp 00000000 08:13 2802601                    /usr/lib/libstdc++.so.6.0.10
7f310f8bc000-7f310fabc000 ---p 000f1000 08:13 2802601                    /usr/lib/libstdc++.so.6.0.10
7f310fabc000-7f310fac3000 r-xp 000f1000 08:13 2802601                    /usr/lib/libstdc++.so.6.0.10
7f310fac3000-7f310fac5000 rwxp 000f8000 08:13 2802601                    /usr/lib/libstdc++.so.6.0.10
7f310fac5000-7f310fad8000 rwxp 7f310fac5000 00:00 0 
7f310fad8000-7f310fafc000 r-xp 00000000 08:13 1942103                    /usr/lib/TriangleJniAmd64.so
7f310fafc000-7f310fcfb000 ---p 00024000 08:13 1942103                    /usr/lib/TriangleJniAmd64.so
7f310fcfb000-7f310fcfc000 r-xp 00023000 08:13 1942103                    /usr/lib/TriangleJniAmd64.so
7f310fcfc000-7f310fcfd000 rwxp 00024000 08:13 1942103                    /usr/lib/TriangleJniAmd64.so
7f310fcfd000-7f310fd00000 ---p 7f310fcfd000 00:00 0 
7f310fd00000-7f310fdfe000 rwxp 7f310fd00000 00:00 0 
7f310fdfe000-7f310fe01000 ---p 7f310fdfe000 00:00 0 
7f310fe01000-7f310feff000 rwxp 7f310fe01000 00:00 0 
7f310feff000-7f310ff02000 ---p 7f310feff000 00:00 0 
7f310ff02000-7f3110000000 rwxp 7f310ff02000 00:00 0 
7f3110000000-7f3110213000 rwxp 7f3110000000 00:00 0 
7f3110213000-7f3114000000 ---p 7f3110213000 00:00 0 
7f3114000000-7f3114009000 r-xs 00000000 08:13 3197464                    /var/cache/fontconfig/945677eb7aeaf62f1d50efc3fb3ec7d8-x86-64.cache-2
7f3114009000-7f311400b000 r-xs 00000000 08:13 3197468                    /var/cache/fontconfig/99e8ed0e538f840c565b6ed5dad60d56-x86-64.cache-2
7f311400b000-7f311400e000 r-xs 00000000 08:13 3197466                    /var/cache/fontconfig/e383d7ea5fbe662a33d9b44caf393297-x86-64.cache-2
7f311400e000-7f3114012000 r-xs 00000000 08:13 3196573                    /var/cache/fontconfig/a755afe4a08bf5b97852ceb7400b47bc-x86-64.cache-2
7f3114012000-7f311401b000 r-xs 00000000 08:13 3197440                    /var/cache/fontconfig/6d41288fd70b0be22e8c3a91e032eec0-x86-64.cache-2
7f311401b000-7f3114026000 r-xs 00000000 08:13 3197435                    /var/cache/fontconfig/e3de0de479f42330eadf588a55fb5bf4-x86-64.cache-2
7f3114026000-7f3114035000 r-xs 00000000 08:13 3197434                    /var/cache/fontconfig/0f34bcd4b6ee430af32735b75db7f02b-x86-64.cache-2
7f3114035000-7f311403e000 r-xs 00000000 08:13 3197417                    /var/cache/fontconfig/d52a8644073d54c13679302ca1180695-x86-64.cache-2
7f3114102000-7f3114105000 ---p 7f3114102000 00:00 0 
7f3114105000-7f3114203000 rwxp 7f3114105000 00:00 0 
7f3114203000-7f3114206000 ---p 7f3114203000 00:00 0 
7f3114206000-7f3114304000 rwxp 7f3114206000 00:00 0 
7f3114304000-7f3114309000 r-xp 00000000 08:13 2805390                    /usr/lib/libXfixes.so.3.1.0
7f3114309000-7f3114508000 ---p 00005000 08:13 2805390                    /usr/lib/libXfixes.so.3.1.0
7f3114508000-7f3114509000 rwxp 00004000 08:13 2805390                    /usr/lib/libXfixes.so.3.1.0
7f3114509000-7f3114512000 r-xp 00000000 08:13 2805803                    /usr/lib/libXrender.so.1.3.0
7f3114512000-7f3114711000 ---p 00009000 08:13 2805803                    /usr/lib/libXrender.so.1.3.0
7f3114711000-7f3114712000 r-xp 00008000 08:13 2805803                    /usr/lib/libXrender.so.1.3.0
7f3114712000-7f3114713000 rwxp 00009000 08:13 2805803                    /usr/lib/libXrender.so.1.3.0
7f3114713000-7f311471c000 r-xp 00000000 08:13 2805843                    /usr/lib/libXcursor.so.1.0.2
7f311471c000-7f311491c000 ---p 00009000 08:13 2805843                    /usr/lib/libXcursor.so.1.0.2
7f311491c000-7f311491d000 rwxp 00009000 08:13 2805843                    /usr/lib/libXcursor.so.1.0.2
7f3114935000-7f3114938000 r-xs 000cb000 08:13 3162696                    /usr/lib/jvm/java-6-sun-1.6.0.13/jre/lib/ext/localedata.jar
7f3114938000-7f311493b000 ---p 7f3114938000 00:00 0 
7f311493b000-7f3114a39000 rwxp 7f311493b000 00:00 0 
7f3114a39000-7f3114ab7000 r-xp 00000000 08:13 3163204                    /usr/lib/jvm/java-6-sun-1.6.0.13/jre/lib/amd64/libfontmanager.so
7f3114ab7000-7f3114bb6000 ---p 0007e000 08:13 3163204                    /usr/lib/jvm/java-6-sun-1.6.0.13/jre/lib/amd64/libfontmanager.so
7f3114bb6000-7f3114bcc000 rwxp 0007d000 08:13 3163204                    /usr/lib/jvm/java-6-sun-1.6.0.13/jre/lib/amd64/libfontmanager.so
7f3114bcc000-7f3114bdd000 rwxp 7f3114bcc000 00:00 0 
7f3114bdd000-7f3114be2000 r-xp 00000000 08:13 2805384                    /usr/lib/libXdmcp.so.6.0.0
7f3114be2000-7f3114de1000 ---p 00005000 08:13 2805384                    /usr/lib/libXdmcp.so.6.0.0
7f3114de1000-7f3114de2000 rwxp 00004000 08:13 2805384                    /usr/lib/libXdmcp.so.6.0.0
7f3114de2000-7f3114dfd000 r-xp 00000000 08:13 2805386                    /usr/lib/libxcb.so.1.1.0
7f3114dfd000-7f3114ffc000 ---p 0001b000 08:13 2805386                    /usr/lib/libxcb.so.1.1.0
7f3114ffc000-7f3114ffd000 r-xp 0001a000 08:13 2805386                    /usr/lib/libxcb.so.1.1.0
7f3114ffd000-7f3114ffe000 rwxp 0001b000 08:13 2805386                    /usr/lib/libxcb.so.1.1.0
7f3114ffe000-7f3115000000 r-xp 00000000 08:13 2805382                    /usr/lib/libXau.so.6.0.0
7f3115000000-7f31151ff000 ---p 00002000 08:13 2805382                    /usr/lib/libXau.so.6.0.0
7f31151ff000-7f3115200000 r-xp 00001000 08:13 2805382                    /usr/lib/libXau.so.6.0.0
7f3115200000-7f3115201000 rwxp 00002000 08:13 2805382                    /usr/lib/libXau.so.6.0.0
7f3115201000-7f311520a000 r-xp 00000000 08:13 2805586                    /usr/lib/libXi.so.6.0.0
7f311520a000-7f311540a000 ---p 00009000 08:13 2805586                    /usr/lib/libXi.so.6.0.0
7f311540a000-7f311540b000 r-xp 00009000 08:13 2805586                    /usr/lib/libXi.so.6.0.0
7f311540b000-7f311540c000 rwxp 0000a000 08:13 2805586                    /usr/lib/libXi.so.6.0.0
7f311540c000-7f3115411000 r-xp 00000000 08:13 2806834                    /usr/lib/libXtst.so.6.1.0
7f3115411000-7f3115611000 ---p 00005000 08:13 2806834                    /usr/lib/libXtst.so.6.1.0
7f3115611000-7f3115612000 r-xp 00005000 08:13 2806834                    /usr/lib/libXtst.so.6.1.0
7f3115612000-7f3115613000 rwxp 00006000 08:13 2806834                    /usr/lib/libXtst.so.6.1.0
7f3115613000-7f3115715000 r-xp 00000000 08:13 2805388                    /usr/lib/libX11.so.6.2.0
7f3115715000-7f3115915000 ---p 00102000 08:13 2805388                    /usr/lib/libX11.so.6.2.0
7f3115915000-7f3115916000 r-xp 00102000 08:13 2805388                    /usr/lib/libX11.so.6.2.0
7f3115916000-7f311591a000 rwxp 00103000 08:13 2805388                    /usr/lib/libX11.so.6.2.0
7f311591a000-7f311592b000 r-xp 00000000 08:13 2805394                    /usr/lib/libXext.so.6.4.0
7f311592b000-7f3115b2a000 ---p 00011000 08:13 2805394                    /usr/lib/libXext.so.6.4.0
7f3115b2a000-7f3115b2b000 r-xp 00010000 08:13 2805394                    /usr/lib/libXext.so.6.4.0
7f3115b2b000-7f3115b2c000 rwxp 00011000 08:13 2805394                    /usr/lib/libXext.so.6.4.0
7f3115b2d000-7f3115b39000 r-xs 00000000 08:13 3197416                    /var/cache/fontconfig/089dead882dea3570ffc31a9898cfb69-x86-64.cache-2
7f3115b39000-7f3115b3d000 r-xs 00000000 08:13 3197398                    /var/cache/fontconfig/cabbd14511b9e8a55e92af97fb3a0461-x86-64.cache-2
7f3115b3d000-7f3115b47000 r-xs 00000000 08:13 3195524                    /var/cache/fontconfig/e13b20fdb08344e0e664864cc2ede53d-x86-64.cache-2
7f3115b47000-7f3115b88000 r-xp 00000000 08:13 3163194                    /usr/lib/jvm/java-6-sun-1.6.0.13/jre/lib/amd64/xawt/libmawt.so
7f3115b88000-7f3115c87000 ---p 00041000 08:13 3163194                    /usr/lib/jvm/java-6-sun-1.6.0.13/jre/lib/amd64/xawt/libmawt.so
7f3115c87000-7f3115c93000 rwxp 00040000 08:13 3163194                    /usr/lib/jvm/java-6-sun-1.6.0.13/jre/lib/amd64/xawt/libmawt.so
7f3115c93000-7f3115c94000 rwxp 7f3115c93000 00:00 0 
7f3115c94000-7f3115d26000 r-xp 00000000 08:13 3163239                    /usr/lib/jvm/java-6-sun-1.6.0.13/jre/lib/amd64/libawt.so
7f3115d26000-7f3115e25000 ---p 00092000 08:13 3163239                    /usr/lib/jvm/java-6-sun-1.6.0.13/jre/lib/amd64/libawt.so
7f3115e25000-7f3115e3e000 rwxp 00091000 08:13 3163239                    /usr/lib/jvm/java-6-sun-1.6.0.13/jre/lib/amd64/libawt.so
7f3115e3e000-7f3115e63000 rwxp 7f3115e3e000 00:00 0 
7f3115e63000-7f3115e6a000 r-xs 00059000 08:11 1172178                    /home/epsilon/文档/4_java/javaTools/apache-log4j-1.2.15/log4j-1.2.15.jar
7f3115e6a000-7f3115e6b000 ---p 7f3115e6a000 00:00 0 
7f3115e6b000-7f3115f6b000 rwxp 7f3115e6b000 00:00 0 
7f3115f6b000-7f3115f6e000 ---p 7f3115f6b000 00:00 0 
7f3115f6e000-7f311606c000 rwxp 7f3115f6e000 00:00 0 
7f311606c000-7f311606f000 ---p 7f311606c000 00:00 0 
7f311606f000-7f311616d000 rwxp 7f311606f000 00:00 0 
7f311616d000-7f3116170000 ---p 7f311616d000 00:00 0 
7f3116170000-7f311626e000 rwxp 7f3116170000 00:00 0 
7f311626e000-7f3116271000 ---p 7f311626e000 00:00 0 
7f3116271000-7f311636f000 rwxp 7f3116271000 00:00 0 
7f311636f000-7f31163ae000 r-xp 00000000 08:13 2827839                    /usr/lib/locale/zh_CN.utf8/LC_CTYPE
7f31163ae000-7f31163b1000 ---p 7f31163ae000 00:00 0 
7f31163b1000-7f31164af000 rwxp 7f31163b1000 00:00 0 
7f31164af000-7f31164b2000 ---p 7f31164af000 00:00 0 
7f31164b2000-7f31165b0000 rwxp 7f31164b2000 00:00 0 
7f31165b0000-7f31165b1000 ---p 7f31165b0000 00:00 0 
7f31165b1000-7f3116726000 rwxp 7f31165b1000 00:00 0 
7f3116726000-7f31168b8000 r-xs 02f34000 08:13 2942580                    /usr/lib/jvm/java-6-sun-1.6.0.13/jre/lib/rt.jar
7f31168b8000-7f31168e0000 rwxp 7f31168b8000 00:00 0 
7f31168e0000-7f31168e1000 ---p 7f31168e0000 00:00 0 
7f31168e1000-7f31169e1000 rwxp 7f31168e1000 00:00 0 
7f31169e1000-7f31169e2000 ---p 7f31169e1000 00:00 0 
7f31169e2000-7f3116aed000 rwxp 7f31169e2000 00:00 0 
7f3116aed000-7f3116b0c000 rwxp 7f3116aed000 00:00 0 
7f3116b0c000-7f3116b2a000 rwxp 7f3116b0c000 00:00 0 
7f3116b2a000-7f3116ce3000 rwxp 7f3116b2a000 00:00 0 
7f3116ce3000-7f3116cee000 rwxp 7f3116ce3000 00:00 0 
7f3116cee000-7f3116d0d000 rwxp 7f3116cee000 00:00 0 
7f3116d0d000-7f3116d2b000 rwxp 7f3116d0d000 00:00 0 
7f3116d2b000-7f3116ee3000 rwxp 7f3116d2b000 00:00 0 
7f3116ee3000-7f3116ef3000 rwxp 7f3116ee3000 00:00 0 
7f3116ef3000-7f3116fcf000 rwxp 7f3116ef3000 00:00 0 
7f3116fcf000-7f3118490000 rwxp 7f3116fcf000 00:00 0 
7f3118490000-7f311c3d0000 rwxp 7f3118490000 00:00 0 
7f311c3d0000-7f311feb0000 rwxp 7f311c3d0000 00:00 0 
7f311feb0000-7f3157130000 rwxp 7f311feb0000 00:00 0 
7f3157130000-7f3158e90000 rwxp 7f3157130000 00:00 0 
7f3158e90000-7f31747d0000 rwxp 7f3158e90000 00:00 0 
7f31747d0000-7f31747d4000 r-xs 00000000 08:13 3197459                    /var/cache/fontconfig/6eb3985aa4124903f6ff08ba781cd364-x86-64.cache-2
7f31747d4000-7f31747dc000 r-xs 0004b000 08:11 162661                     /home/epsilon/文档/4_java/javaTools/commons-math-1.2/commons-math-1.2.jar
7f31747dc000-7f3174a4c000 rwxp 7f31747dc000 00:00 0 
7f3174a4c000-7f31777dc000 rwxp 7f3174a4c000 00:00 0 
7f31777dc000-7f31777ea000 r-xp 00000000 08:13 3163206                    /usr/lib/jvm/java-6-sun-1.6.0.13/jre/lib/amd64/libzip.so
7f31777ea000-7f31778ec000 ---p 0000e000 08:13 3163206                    /usr/lib/jvm/java-6-sun-1.6.0.13/jre/lib/amd64/libzip.so
7f31778ec000-7f31778ef000 rwxp 00010000 08:13 3163206                    /usr/lib/jvm/java-6-sun-1.6.0.13/jre/lib/amd64/libzip.so
7f31778ef000-7f31778f0000 rwxp 7f31778ef000 00:00 0 
7f31778f0000-7f3177919000 r-xp 00000000 08:13 3163219                    /usr/lib/jvm/java-6-sun-1.6.0.13/jre/lib/amd64/libjava.so
7f3177919000-7f3177a18000 ---p 00029000 08:13 3163219                    /usr/lib/jvm/java-6-sun-1.6.0.13/jre/lib/amd64/libjava.so
7f3177a18000-7f3177a1f000 rwxp 00028000 08:13 3163219                    /usr/lib/jvm/java-6-sun-1.6.0.13/jre/lib/amd64/libjava.so
7f3177a1f000-7f3177a2c000 r-xp 00000000 08:13 3163201                    /usr/lib/jvm/java-6-sun-1.6.0.13/jre/lib/amd64/libverify.so
7f3177a2c000-7f3177b2b000 ---p 0000d000 08:13 3163201                    /usr/lib/jvm/java-6-sun-1.6.0.13/jre/lib/amd64/libverify.so
7f3177b2b000-7f3177b2e000 rwxp 0000c000 08:13 3163201                    /usr/lib/jvm/java-6-sun-1.6.0.13/jre/lib/amd64/libverify.so
7f3177b2e000-7f3177b3a000 r-xp 00000000 08:13 213021                     /lib/libnss_files-2.9.so
7f3177b3a000-7f3177d39000 ---p 0000c000 08:13 213021                     /lib/libnss_files-2.9.so
7f3177d39000-7f3177d3a000 r-xp 0000b000 08:13 213021                     /lib/libnss_files-2.9.so
7f3177d3a000-7f3177d3b000 rwxp 0000c000 08:13 213021                     /lib/libnss_files-2.9.so
7f3177d3b000-7f3177d45000 r-xp 00000000 08:13 213023                     /lib/libnss_nis-2.9.so
7f3177d45000-7f3177f44000 ---p 0000a000 08:13 213023                     /lib/libnss_nis-2.9.so
7f3177f44000-7f3177f45000 r-xp 00009000 08:13 213023                     /lib/libnss_nis-2.9.so
7f3177f45000-7f3177f46000 rwxp 0000a000 08:13 213023                     /lib/libnss_nis-2.9.so
7f3177f46000-7f3177f4e000 r-xp 00000000 08:13 213019                     /lib/libnss_compat-2.9.so
7f3177f4e000-7f317814d000 ---p 00008000 08:13 213019                     /lib/libnss_compat-2.9.so
7f317814d000-7f317814e000 r-xp 00007000 08:13 213019                     /lib/libnss_compat-2.9.so
7f317814e000-7f317814f000 rwxp 00008000 08:13 213019                     /lib/libnss_compat-2.9.so
7f317814f000-7f3178165000 r-xp 00000000 08:13 213018                     /lib/libnsl-2.9.so
7f3178165000-7f3178365000 ---p 00016000 08:13 213018                     /lib/libnsl-2.9.so
7f3178365000-7f3178366000 r-xp 00016000 08:13 213018                     /lib/libnsl-2.9.so
7f3178366000-7f3178367000 rwxp 00017000 08:13 213018                     /lib/libnsl-2.9.so
7f3178367000-7f3178369000 rwxp 7f3178367000 00:00 0 
7f3178369000-7f3178370000 r-xp 00000000 08:13 3163208                    /usr/lib/jvm/java-6-sun-1.6.0.13/jre/lib/amd64/native_threads/libhpi.so
7f3178370000-7f3178471000 ---p 00007000 08:13 3163208                    /usr/lib/jvm/java-6-sun-1.6.0.13/jre/lib/amd64/native_threads/libhpi.so
7f3178471000-7f3178473000 rwxp 00008000 08:13 3163208                    /usr/lib/jvm/java-6-sun-1.6.0.13/jre/lib/amd64/native_threads/libhpi.so
7f3178473000-7f3178474000 rwxp 7f3178473000 00:00 0 
7f3178474000-7f317847b000 r-xp 00000000 08:13 213028                     /lib/librt-2.9.so
7f317847b000-7f317867a000 ---p 00007000 08:13 213028                     /lib/librt-2.9.so
7f317867a000-7f317867b000 r-xp 00006000 08:13 213028                     /lib/librt-2.9.so
7f317867b000-7f317867c000 rwxp 00007000 08:13 213028                     /lib/librt-2.9.so
7f317867c000-7f317867f000 ---p 7f317867c000 00:00 0 
7f317867f000-7f317877d000 rwxp 7f317867f000 00:00 0 
7f317877d000-7f3178801000 r-xp 00000000 08:13 213016                     /lib/libm-2.9.so
7f3178801000-7f3178a00000 ---p 00084000 08:13 213016                     /lib/libm-2.9.so
7f3178a00000-7f3178a01000 r-xp 00083000 08:13 213016                     /lib/libm-2.9.so
7f3178a01000-7f3178a02000 rwxp 00084000 08:13 213016                     /lib/libm-2.9.so
7f3178a02000-7f317908f000 r-xp 00000000 08:13 3163226                    /usr/lib/jvm/java-6-sun-1.6.0.13/jre/lib/amd64/server/libjvm.so
7f317908f000-7f317918e000 ---p 0068d000 08:13 3163226                    /usr/lib/jvm/java-6-sun-1.6.0.13/jre/lib/amd64/server/libjvm.so
7f317918e000-7f31792df000 rwxp 0068c000 08:13 3163226                    /usr/lib/jvm/java-6-sun-1.6.0.13/jre/lib/amd64/server/libjvm.so
7f31792df000-7f317931c000 rwxp 7f31792df000 00:00 0 
7f317931c000-7f3179484000 r-xp 00000000 08:13 213012                     /lib/libc-2.9.so
7f3179484000-7f3179684000 ---p 00168000 08:13 213012                     /lib/libc-2.9.so
7f3179684000-7f3179688000 r-xp 00168000 08:13 213012                     /lib/libc-2.9.so
7f3179688000-7f3179689000 rwxp 0016c000 08:13 213012                     /lib/libc-2.9.so
7f3179689000-7f317968e000 rwxp 7f3179689000 00:00 0 
7f317968e000-7f3179690000 r-xp 00000000 08:13 213015                     /lib/libdl-2.9.so
7f3179690000-7f3179890000 ---p 00002000 08:13 213015                     /lib/libdl-2.9.so
7f3179890000-7f3179891000 r-xp 00002000 08:13 213015                     /lib/libdl-2.9.so
7f3179891000-7f3179892000 rwxp 00003000 08:13 213015                     /lib/libdl-2.9.so
7f3179892000-7f31798a9000 r-xp 00000000 08:13 213026                     /lib/libpthread-2.9.so
7f31798a9000-7f3179aa8000 ---p 00017000 08:13 213026                     /lib/libpthread-2.9.so
7f3179aa8000-7f3179aa9000 r-xp 00016000 08:13 213026                     /lib/libpthread-2.9.so
7f3179aa9000-7f3179aaa000 rwxp 00017000 08:13 213026                     /lib/libpthread-2.9.so
7f3179aaa000-7f3179aae000 rwxp 7f3179aaa000 00:00 0 
7f3179aae000-7f3179ace000 r-xp 00000000 08:13 213006                     /lib/ld-2.9.so
7f3179ace000-7f3179ad1000 r-xs 00000000 08:13 3197439                    /var/cache/fontconfig/de156ccd2eddbdc19d37a45b8b2aac9c-x86-64.cache-2
7f3179ad1000-7f3179ad4000 r-xs 00000000 08:13 3197433                    /var/cache/fontconfig/ddd4086aec35a5275babba44bb759c3c-x86-64.cache-2
7f3179ad4000-7f3179ae2000 r-xs 000ba000 08:11 422677                     /home/epsilon/文档/4_java/javaTools/mtj.jar
7f3179ae2000-7f3179aec000 rwxp 7f3179ae2000 00:00 0 
7f3179aec000-7f3179ba2000 rwxp 7f3179aec000 00:00 0 
7f3179ba2000-7f3179ba4000 rwxp 7f3179ba2000 00:00 0 
7f3179ba4000-7f3179bab000 r-xp 00000000 08:13 3163192                    /usr/lib/jvm/java-6-sun-1.6.0.13/jre/lib/amd64/jli/libjli.so
7f3179bab000-7f3179cac000 ---p 00007000 08:13 3163192                    /usr/lib/jvm/java-6-sun-1.6.0.13/jre/lib/amd64/jli/libjli.so
7f3179cac000-7f3179cae000 rwxp 00008000 08:13 3163192                    /usr/lib/jvm/java-6-sun-1.6.0.13/jre/lib/amd64/jli/libjli.so
7f3179cae000-7f3179caf000 rwxp 7f3179cae000 00:00 0 
7f3179cb0000-7f3179cb1000 r-xs 00000000 08:13 3197445                    /var/cache/fontconfig/4c73fe0c47614734b17d736dbde7580a-x86-64.cache-2
7f3179cb1000-7f3179cb2000 r-xs 00000000 08:13 3197424                    /var/cache/fontconfig/4794a0821666d79190d59a36cb4f44b5-x86-64.cache-2
7f3179cb2000-7f3179cb5000 r-xs 00000000 08:13 3196574                    /var/cache/fontconfig/7ef2298fde41cc6eeb7af42e48b7d293-x86-64.cache-2
7f3179cb5000-7f3179cb9000 r-xs 00042000 08:11 181746                     /home/epsilon/NetBeansProjects/EpsilonUtils/trunk/dist/EpsilonYUtil.jar
7f3179cb9000-7f3179cc0000 r-xs 00000000 08:13 2803699                    /usr/lib/gconv/gconv-modules.cache
7f3179cc0000-7f3179cc8000 rwxs 00000000 08:13 376943                     /tmp/hsperfdata_epsilon/24780
7f3179cc8000-7f3179cc9000 rwxp 7f3179cc8000 00:00 0 
7f3179cc9000-7f3179cca000 r-xp 7f3179cc9000 00:00 0 
7f3179cca000-7f3179ccd000 rwxp 7f3179cca000 00:00 0 
7f3179ccd000-7f3179cce000 r-xp 0001f000 08:13 213006                     /lib/ld-2.9.so
7f3179cce000-7f3179ccf000 rwxp 00020000 08:13 213006                     /lib/ld-2.9.so
7fff81cba000-7fff81ccf000 rwxp 7ffffffea000 00:00 0                      [stack]
7fff81dff000-7fff81e00000 r-xp 7fff81dff000 00:00 0                      [vdso]
ffffffffff600000-ffffffffff601000 r-xp 00000000 00:00 0                  [vsyscall]

VM Arguments:
jvm_args: -Dawt.useSystemAAFontSettings=on 
java_command: net.epsilony.simpmeshfree.model.ModelTestFrame
Launcher Type: SUN_STANDARD

Environment Variables:
_JAVA_OPTIONS=-Dawt.useSystemAAFontSettings=on
PATH=/usr/local/sbin:/usr/local/bin:/usr/sbin:/usr/bin:/sbin:/bin:/usr/games
USERNAME=epsilon
LD_LIBRARY_PATH=/usr/lib/jvm/java-6-sun-1.6.0.13/jre/lib/amd64/server:/usr/lib/jvm/java-6-sun-1.6.0.13/jre/lib/amd64:/usr/lib/jvm/java-6-sun-1.6.0.13/jre/../lib/amd64
SHELL=/bin/bash
DISPLAY=:0.0

Signal Handlers:
SIGSEGV: [libjvm.so+0x5fcd20], sa_mask[0]=0x7ffbfeff, sa_flags=0x10000004
SIGBUS: [libjvm.so+0x5fcd20], sa_mask[0]=0x7ffbfeff, sa_flags=0x10000004
SIGFPE: [libjvm.so+0x4e0eb0], sa_mask[0]=0x7ffbfeff, sa_flags=0x10000004
SIGPIPE: [libjvm.so+0x4e0eb0], sa_mask[0]=0x7ffbfeff, sa_flags=0x10000004
SIGXFSZ: [libjvm.so+0x4e0eb0], sa_mask[0]=0x7ffbfeff, sa_flags=0x10000004
SIGILL: [libjvm.so+0x4e0eb0], sa_mask[0]=0x7ffbfeff, sa_flags=0x10000004
SIGUSR1: SIG_DFL, sa_mask[0]=0x00000000, sa_flags=0x00000000
SIGUSR2: [libjvm.so+0x4e35d0], sa_mask[0]=0x00000004, sa_flags=0x10000004
SIGHUP: [libjvm.so+0x4e3320], sa_mask[0]=0x7ffbfeff, sa_flags=0x10000004
SIGINT: SIG_IGN, sa_mask[0]=0x00000000, sa_flags=0x00000000
SIGTERM: [libjvm.so+0x4e3320], sa_mask[0]=0x7ffbfeff, sa_flags=0x10000004
SIGQUIT: [libjvm.so+0x4e3320], sa_mask[0]=0x7ffbfeff, sa_flags=0x10000004


---------------  S Y S T E M  ---------------

OS:5.0

uname:Linux 2.6.28-12-generic #43-Ubuntu SMP Fri May 1 19:31:32 UTC 2009 x86_64
libc:glibc 2.9 NPTL 2.9 
rlimit: STACK 8192k, CORE 0k, NPROC infinity, NOFILE 1024, AS infinity
load average:0.98 1.02 0.85

CPU:total 2 (2 cores per cpu, 1 threads per core) family 16 model 2 stepping 3, cmov, cx8, fxsr, mmx, sse, sse2, sse3, mmxext, 3dnow, 3dnowext, sse4a

Memory: 4k page, physical 5780180k(2103524k free), swap 3903752k(3865604k free)

vm_info: Java HotSpot(TM) 64-Bit Server VM (11.3-b02) for linux-amd64 JRE (1.6.0_13-b03), built on Mar  9 2009 11:08:22 by "java_re" with gcc 3.2.2 (SuSE Linux)

time: Mon May 18 15:25:39 2009
elapsed time: 0 seconds

