#
# An unexpected error has been detected by Java Runtime Environment:
#
#  SIGSEGV (0xb) at pc=0x00007f703d25e11b, pid=32372, tid=140118272760144
#
# Java VM: Java HotSpot(TM) 64-Bit Server VM (11.3-b02 mixed mode linux-amd64)
# Problematic frame:
# C  [libc.so.6+0x8411b]  memcpy+0x15b
#
# If you would like to submit a bug report, please visit:
#   http://java.sun.com/webapps/bugreport/crash.jsp
#

---------------  T H R E A D  ---------------

Current thread (0x00007f6fd416a400):  JavaThread "AWT-EventQueue-0" [_thread_in_vm, id=32387, stack(0x00007f6fd3cfd000,0x00007f6fd3dfe000)]

siginfo:si_signo=SIGSEGV: si_errno=0, si_code=2 (SEGV_ACCERR), si_addr=0x00007f6fd41dc000

Registers:
RAX=0x00007f701b89da88, RBX=0x00007f6fdae912a0, RCX=0x000000000000033c, RDX=0x0000000000006e80
RSP=0x00007f6fd3dfc4b8, RBP=0x00007f6fd3dfc540, RSI=0x00007f6fd41dc000, RDI=0x00007f701b8a2f28
R8 =0x0000000000000ffc, R9 =0x00007f703d0aa5b8, R10=0x00007f703d0ae028, R11=0x0000000000006e80
R12=0x0000000000006e80, R13=0x0000000000000000, R14=0x00000000412a6628, R15=0x00007f6fd3dfc4d0
RIP=0x00007f703d25e11b, EFL=0x0000000000010212, CSGSFS=0x0000000000000033, ERR=0x0000000000000004
  TRAPNO=0x000000000000000e

Top of Stack: (sp=0x00007f6fd3dfc4b8)
0x00007f6fd3dfc4b8:   00007f703cc06600 00007f6fd416a5c0
0x00007f6fd3dfc4c8:   00007f6fd41d6b60 00007f6fd416a400
0x00007f6fd3dfc4d8:   0000000000000000 00007f6fd416a400
0x00007f6fd3dfc4e8:   0000000000000000 00007f6fd416a400
0x00007f6fd3dfc4f8:   00007f6fd3dfc638 00007f6fd416a400
0x00007f6fd3dfc508:   00007f703d254276 00007f6fd416a400
0x00007f6fd3dfc518:   00000000412a6628 00007f6fd4132360
0x00007f6fd3dfc528:   00007f6fd41322b0 00007f6fd3dfc638
0x00007f6fd3dfc538:   00000000412a65d0 00007f6fd416a5c0
0x00007f6fd3dfc548:   00007f6fd38da486 00007f6fd4132200
0x00007f6fd3dfc558:   00000000412a65d8 00000000412a65e0
0x00007f6fd3dfc568:   00000000412a65e8 00000000412a65f0
0x00007f6fd3dfc578:   00007f6fd416a868 00000000412a65f8
0x00007f6fd3dfc588:   00007f6fd416a8b0 010101010016a400
0x00007f6fd3dfc598:   00007f6fdb8883e8 00007f6fd3dfc618
0x00007f6fd3dfc5a8:   0000000000000101 00007f6fdb8883e8
0x00007f6fd3dfc5b8:   00007f6fd3dfc638 00007f6fd416a400
0x00007f6fd3dfc5c8:   00007f70386a8852 00007f6fd416a400
0x00007f6fd3dfc5d8:   00007f6fd3dfc5d8 00007f6fdb8883e8
0x00007f6fd3dfc5e8:   00007f6fd3dfc638 00007f6fdb888e20
0x00007f6fd3dfc5f8:   0000000000000000 00007f6fdb8883e8
0x00007f6fd3dfc608:   0000000000000000 00007f6fd3dfc638
0x00007f6fd3dfc618:   00007f6fd3dfc680 00007f703869d322
0x00007f6fd3dfc628:   0000000000000000 00007f70386a5358
0x00007f6fd3dfc638:   00007f701b86b458 00007f6fd3dfc640
0x00007f6fd3dfc648:   00007f6fdb886ec5 00007f6fd3dfc6c8
0x00007f6fd3dfc658:   00007f6fdb888e20 0000000000000000
0x00007f6fd3dfc668:   00007f6fdb886f50 00007f6fd3dfc638
0x00007f6fd3dfc678:   00007f6fd3dfc6b8 00007f6fd3dfc710
0x00007f6fd3dfc688:   00007f703869d322 0000000000000000
0x00007f6fd3dfc698:   00007f701b893010 0000000000000000
0x00007f6fd3dfc6a8:   00007f701b892ff8 00007f701b892c60 

Instructions: (pc=0x00007f703d25e11b)
0x00007f703d25e10b:   0f 47 da 4c 89 d9 49 83 e3 f8 48 c1 e9 03 74 05
0x00007f703d25e11b:   f3 48 a5 66 90 4c 29 da 48 f7 c2 f8 ff ff ff 75 

Stack: [0x00007f6fd3cfd000,0x00007f6fd3dfe000],  sp=0x00007f6fd3dfc4b8,  free space=1021k
Native frames: (J=compiled Java code, j=interpreted, Vv=VM code, C=native code)
C  [libc.so.6+0x8411b]  memcpy+0x15b

Java frames: (J=compiled Java code, j=interpreted, Vv=VM code)
j  net.epsilony.simpmeshfree.model.geometry.TriangleJni.triangleFun()V+0
j  net.epsilony.simpmeshfree.model.geometry.TriangleJni.complie(Lnet/epsilony/simpmeshfree/model/geometry/GeometryModel;Ljava/lang/String;)V+141
j  net.epsilony.simpmeshfree.model.mechanics.MechanicsModel.generateNodesByTriangle(DDLjava/lang/String;ZZ)V+110
j  net.epsilony.simpmeshfree.model.ModelTestFrame.<init>()V+557
j  net.epsilony.simpmeshfree.model.ModelTestFrame$2.run()V+4
j  java.awt.event.InvocationEvent.dispatch()V+47
j  java.awt.EventQueue.dispatchEvent(Ljava/awt/AWTEvent;)V+26
j  java.awt.EventDispatchThread.pumpOneEventForFilters(I)Z+204
j  java.awt.EventDispatchThread.pumpEventsForFilter(ILjava/awt/Conditional;Ljava/awt/EventFilter;)V+30
j  java.awt.EventDispatchThread.pumpEventsForHierarchy(ILjava/awt/Conditional;Ljava/awt/Component;)V+11
j  java.awt.EventDispatchThread.pumpEvents(ILjava/awt/Conditional;)V+4
j  java.awt.EventDispatchThread.pumpEvents(Ljava/awt/Conditional;)V+3
j  java.awt.EventDispatchThread.run()V+9
v  ~StubRoutines::call_stub

---------------  P R O C E S S  ---------------

Java Threads: ( => current thread )
  0x00007f6fd40c3800 JavaThread "Thread-3" [_thread_blocked, id=32389, stack(0x00007f6fd3afb000,0x00007f6fd3bfc000)]
  0x00007f6fd40c3000 JavaThread "Thread-2" [_thread_blocked, id=32388, stack(0x00007f6fd3bfc000,0x00007f6fd3cfd000)]
  0x00007f6fd416b400 JavaThread "DestroyJavaVM" [_thread_blocked, id=32373, stack(0x00007f703c53a000,0x00007f703c63b000)]
=>0x00007f6fd416a400 JavaThread "AWT-EventQueue-0" [_thread_in_vm, id=32387, stack(0x00007f6fd3cfd000,0x00007f6fd3dfe000)]
  0x00007f6fd4169400 JavaThread "AWT-Shutdown" [_thread_blocked, id=32386, stack(0x00007f6fd3dfe000,0x00007f6fd3eff000)]
  0x00007f6fd4168c00 JavaThread "AWT-XAWT" daemon [_thread_in_native, id=32385, stack(0x00007f6fd3eff000,0x00007f6fd4000000)]
  0x00007f6fd40bac00 JavaThread "Java2D Disposer" daemon [_thread_blocked, id=32384, stack(0x00007f6fd87f8000,0x00007f6fd88f9000)]
  0x00007f6fd4003c00 JavaThread "Low Memory Detector" daemon [_thread_blocked, id=32382, stack(0x00007f6fd9e2b000,0x00007f6fd9f2c000)]
  0x00007f6fd4000c00 JavaThread "CompilerThread1" daemon [_thread_blocked, id=32381, stack(0x00007f6fd9f2c000,0x00007f6fda02d000)]
  0x000000004117e000 JavaThread "CompilerThread0" daemon [_thread_in_native, id=32380, stack(0x00007f6fda02d000,0x00007f6fda12e000)]
  0x000000004117c000 JavaThread "Signal Dispatcher" daemon [_thread_blocked, id=32379, stack(0x00007f6fda12e000,0x00007f6fda22f000)]
  0x000000004115a800 JavaThread "Finalizer" daemon [_thread_blocked, id=32378, stack(0x00007f6fda26e000,0x00007f6fda36f000)]
  0x0000000041153800 JavaThread "Reference Handler" daemon [_thread_blocked, id=32377, stack(0x00007f6fda36f000,0x00007f6fda470000)]

Other Threads:
  0x000000004114e000 VMThread [stack: 0x00007f6fda470000,0x00007f6fda571000] [id=32376]
  0x00007f6fd4006400 WatcherThread [stack: 0x00007f6fd9d2a000,0x00007f6fd9e2b000] [id=32383]

VM state:not at safepoint (normal execution)

VM Mutex/Monitor currently owned by a thread: None

Heap
 PSYoungGen      total 26368K, used 19315K [0x00007f701aff0000, 0x00007f701cd50000, 0x00007f7038690000)
  eden space 22656K, 85% used [0x00007f701aff0000,0x00007f701c2cccd0,0x00007f701c610000)
  from space 3712K, 0% used [0x00007f701c9b0000,0x00007f701c9b0000,0x00007f701cd50000)
  to   space 3712K, 0% used [0x00007f701c610000,0x00007f701c610000,0x00007f701c9b0000)
 PSOldGen        total 60288K, used 0K [0x00007f6fe0290000, 0x00007f6fe3d70000, 0x00007f701aff0000)
  object space 60288K, 0% used [0x00007f6fe0290000,0x00007f6fe0290000,0x00007f6fe3d70000)
 PSPermGen       total 21248K, used 10219K [0x00007f6fdae90000, 0x00007f6fdc350000, 0x00007f6fe0290000)
  object space 21248K, 48% used [0x00007f6fdae90000,0x00007f6fdb88aea0,0x00007f6fdc350000)

Dynamic libraries:
40000000-40009000 r-xp 00000000 08:13 3163089                            /usr/lib/jvm/java-6-sun-1.6.0.13/jre/bin/java
40108000-4010a000 rwxp 00008000 08:13 3163089                            /usr/lib/jvm/java-6-sun-1.6.0.13/jre/bin/java
410c5000-415e2000 rwxp 410c5000 00:00 0                                  [heap]
7f6fd33b1000-7f6fd33c7000 r-xp 00000000 08:13 213005                     /lib/libgcc_s.so.1
7f6fd33c7000-7f6fd35c7000 ---p 00016000 08:13 213005                     /lib/libgcc_s.so.1
7f6fd35c7000-7f6fd35c8000 r-xp 00016000 08:13 213005                     /lib/libgcc_s.so.1
7f6fd35c8000-7f6fd35c9000 rwxp 00017000 08:13 213005                     /lib/libgcc_s.so.1
7f6fd35c9000-7f6fd36ba000 r-xp 00000000 08:13 2802601                    /usr/lib/libstdc++.so.6.0.10
7f6fd36ba000-7f6fd38ba000 ---p 000f1000 08:13 2802601                    /usr/lib/libstdc++.so.6.0.10
7f6fd38ba000-7f6fd38c1000 r-xp 000f1000 08:13 2802601                    /usr/lib/libstdc++.so.6.0.10
7f6fd38c1000-7f6fd38c3000 rwxp 000f8000 08:13 2802601                    /usr/lib/libstdc++.so.6.0.10
7f6fd38c3000-7f6fd38d6000 rwxp 7f6fd38c3000 00:00 0 
7f6fd38d6000-7f6fd38fa000 r-xp 00000000 08:13 1942103                    /usr/lib/TriangleJniAmd64.so
7f6fd38fa000-7f6fd3af9000 ---p 00024000 08:13 1942103                    /usr/lib/TriangleJniAmd64.so
7f6fd3af9000-7f6fd3afa000 r-xp 00023000 08:13 1942103                    /usr/lib/TriangleJniAmd64.so
7f6fd3afa000-7f6fd3afb000 rwxp 00024000 08:13 1942103                    /usr/lib/TriangleJniAmd64.so
7f6fd3afb000-7f6fd3afe000 ---p 7f6fd3afb000 00:00 0 
7f6fd3afe000-7f6fd3bfc000 rwxp 7f6fd3afe000 00:00 0 
7f6fd3bfc000-7f6fd3bff000 ---p 7f6fd3bfc000 00:00 0 
7f6fd3bff000-7f6fd3cfd000 rwxp 7f6fd3bff000 00:00 0 
7f6fd3cfd000-7f6fd3d00000 ---p 7f6fd3cfd000 00:00 0 
7f6fd3d00000-7f6fd3dfe000 rwxp 7f6fd3d00000 00:00 0 
7f6fd3dfe000-7f6fd3e01000 ---p 7f6fd3dfe000 00:00 0 
7f6fd3e01000-7f6fd3eff000 rwxp 7f6fd3e01000 00:00 0 
7f6fd3eff000-7f6fd3f02000 ---p 7f6fd3eff000 00:00 0 
7f6fd3f02000-7f6fd4000000 rwxp 7f6fd3f02000 00:00 0 
7f6fd4000000-7f6fd41dc000 rwxp 7f6fd4000000 00:00 0 
7f6fd41dc000-7f6fd8000000 ---p 7f6fd41dc000 00:00 0 
7f6fd80e6000-7f6fd80ef000 r-xs 00000000 08:13 3197464                    /var/cache/fontconfig/945677eb7aeaf62f1d50efc3fb3ec7d8-x86-64.cache-2
7f6fd80ef000-7f6fd80f1000 r-xs 00000000 08:13 3197468                    /var/cache/fontconfig/99e8ed0e538f840c565b6ed5dad60d56-x86-64.cache-2
7f6fd80f1000-7f6fd80f4000 r-xs 00000000 08:13 3197466                    /var/cache/fontconfig/e383d7ea5fbe662a33d9b44caf393297-x86-64.cache-2
7f6fd80f4000-7f6fd80f8000 r-xs 00000000 08:13 3197459                    /var/cache/fontconfig/6eb3985aa4124903f6ff08ba781cd364-x86-64.cache-2
7f6fd80f8000-7f6fd80fc000 r-xs 00000000 08:13 3196573                    /var/cache/fontconfig/a755afe4a08bf5b97852ceb7400b47bc-x86-64.cache-2
7f6fd80fc000-7f6fd8105000 r-xs 00000000 08:13 3197440                    /var/cache/fontconfig/6d41288fd70b0be22e8c3a91e032eec0-x86-64.cache-2
7f6fd8105000-7f6fd8110000 r-xs 00000000 08:13 3197435                    /var/cache/fontconfig/e3de0de479f42330eadf588a55fb5bf4-x86-64.cache-2
7f6fd8110000-7f6fd811f000 r-xs 00000000 08:13 3197434                    /var/cache/fontconfig/0f34bcd4b6ee430af32735b75db7f02b-x86-64.cache-2
7f6fd811f000-7f6fd8128000 r-xs 00000000 08:13 3197417                    /var/cache/fontconfig/d52a8644073d54c13679302ca1180695-x86-64.cache-2
7f6fd81c4000-7f6fd81c9000 r-xp 00000000 08:13 2805390                    /usr/lib/libXfixes.so.3.1.0
7f6fd81c9000-7f6fd83c8000 ---p 00005000 08:13 2805390                    /usr/lib/libXfixes.so.3.1.0
7f6fd83c8000-7f6fd83c9000 rwxp 00004000 08:13 2805390                    /usr/lib/libXfixes.so.3.1.0
7f6fd83c9000-7f6fd83d2000 r-xp 00000000 08:13 2805803                    /usr/lib/libXrender.so.1.3.0
7f6fd83d2000-7f6fd85d1000 ---p 00009000 08:13 2805803                    /usr/lib/libXrender.so.1.3.0
7f6fd85d1000-7f6fd85d2000 r-xp 00008000 08:13 2805803                    /usr/lib/libXrender.so.1.3.0
7f6fd85d2000-7f6fd85d3000 rwxp 00009000 08:13 2805803                    /usr/lib/libXrender.so.1.3.0
7f6fd85d3000-7f6fd85dc000 r-xp 00000000 08:13 2805843                    /usr/lib/libXcursor.so.1.0.2
7f6fd85dc000-7f6fd87dc000 ---p 00009000 08:13 2805843                    /usr/lib/libXcursor.so.1.0.2
7f6fd87dc000-7f6fd87dd000 rwxp 00009000 08:13 2805843                    /usr/lib/libXcursor.so.1.0.2
7f6fd87f5000-7f6fd87f8000 r-xs 000cb000 08:13 3162696                    /usr/lib/jvm/java-6-sun-1.6.0.13/jre/lib/ext/localedata.jar
7f6fd87f8000-7f6fd87fb000 ---p 7f6fd87f8000 00:00 0 
7f6fd87fb000-7f6fd88f9000 rwxp 7f6fd87fb000 00:00 0 
7f6fd88f9000-7f6fd8977000 r-xp 00000000 08:13 3163204                    /usr/lib/jvm/java-6-sun-1.6.0.13/jre/lib/amd64/libfontmanager.so
7f6fd8977000-7f6fd8a76000 ---p 0007e000 08:13 3163204                    /usr/lib/jvm/java-6-sun-1.6.0.13/jre/lib/amd64/libfontmanager.so
7f6fd8a76000-7f6fd8a8c000 rwxp 0007d000 08:13 3163204                    /usr/lib/jvm/java-6-sun-1.6.0.13/jre/lib/amd64/libfontmanager.so
7f6fd8a8c000-7f6fd8a9d000 rwxp 7f6fd8a8c000 00:00 0 
7f6fd8a9d000-7f6fd8aa2000 r-xp 00000000 08:13 2805384                    /usr/lib/libXdmcp.so.6.0.0
7f6fd8aa2000-7f6fd8ca1000 ---p 00005000 08:13 2805384                    /usr/lib/libXdmcp.so.6.0.0
7f6fd8ca1000-7f6fd8ca2000 rwxp 00004000 08:13 2805384                    /usr/lib/libXdmcp.so.6.0.0
7f6fd8ca2000-7f6fd8cbd000 r-xp 00000000 08:13 2805386                    /usr/lib/libxcb.so.1.1.0
7f6fd8cbd000-7f6fd8ebc000 ---p 0001b000 08:13 2805386                    /usr/lib/libxcb.so.1.1.0
7f6fd8ebc000-7f6fd8ebd000 r-xp 0001a000 08:13 2805386                    /usr/lib/libxcb.so.1.1.0
7f6fd8ebd000-7f6fd8ebe000 rwxp 0001b000 08:13 2805386                    /usr/lib/libxcb.so.1.1.0
7f6fd8ebe000-7f6fd8ec0000 r-xp 00000000 08:13 2805382                    /usr/lib/libXau.so.6.0.0
7f6fd8ec0000-7f6fd90bf000 ---p 00002000 08:13 2805382                    /usr/lib/libXau.so.6.0.0
7f6fd90bf000-7f6fd90c0000 r-xp 00001000 08:13 2805382                    /usr/lib/libXau.so.6.0.0
7f6fd90c0000-7f6fd90c1000 rwxp 00002000 08:13 2805382                    /usr/lib/libXau.so.6.0.0
7f6fd90c1000-7f6fd90ca000 r-xp 00000000 08:13 2805586                    /usr/lib/libXi.so.6.0.0
7f6fd90ca000-7f6fd92ca000 ---p 00009000 08:13 2805586                    /usr/lib/libXi.so.6.0.0
7f6fd92ca000-7f6fd92cb000 r-xp 00009000 08:13 2805586                    /usr/lib/libXi.so.6.0.0
7f6fd92cb000-7f6fd92cc000 rwxp 0000a000 08:13 2805586                    /usr/lib/libXi.so.6.0.0
7f6fd92cc000-7f6fd92d1000 r-xp 00000000 08:13 2806834                    /usr/lib/libXtst.so.6.1.0
7f6fd92d1000-7f6fd94d1000 ---p 00005000 08:13 2806834                    /usr/lib/libXtst.so.6.1.0
7f6fd94d1000-7f6fd94d2000 r-xp 00005000 08:13 2806834                    /usr/lib/libXtst.so.6.1.0
7f6fd94d2000-7f6fd94d3000 rwxp 00006000 08:13 2806834                    /usr/lib/libXtst.so.6.1.0
7f6fd94d3000-7f6fd95d5000 r-xp 00000000 08:13 2805388                    /usr/lib/libX11.so.6.2.0
7f6fd95d5000-7f6fd97d5000 ---p 00102000 08:13 2805388                    /usr/lib/libX11.so.6.2.0
7f6fd97d5000-7f6fd97d6000 r-xp 00102000 08:13 2805388                    /usr/lib/libX11.so.6.2.0
7f6fd97d6000-7f6fd97da000 rwxp 00103000 08:13 2805388                    /usr/lib/libX11.so.6.2.0
7f6fd97da000-7f6fd97eb000 r-xp 00000000 08:13 2805394                    /usr/lib/libXext.so.6.4.0
7f6fd97eb000-7f6fd99ea000 ---p 00011000 08:13 2805394                    /usr/lib/libXext.so.6.4.0
7f6fd99ea000-7f6fd99eb000 r-xp 00010000 08:13 2805394                    /usr/lib/libXext.so.6.4.0
7f6fd99eb000-7f6fd99ec000 rwxp 00011000 08:13 2805394                    /usr/lib/libXext.so.6.4.0
7f6fd99ed000-7f6fd99f9000 r-xs 00000000 08:13 3197416                    /var/cache/fontconfig/089dead882dea3570ffc31a9898cfb69-x86-64.cache-2
7f6fd99f9000-7f6fd99fd000 r-xs 00000000 08:13 3197398                    /var/cache/fontconfig/cabbd14511b9e8a55e92af97fb3a0461-x86-64.cache-2
7f6fd99fd000-7f6fd9a07000 r-xs 00000000 08:13 3195524                    /var/cache/fontconfig/e13b20fdb08344e0e664864cc2ede53d-x86-64.cache-2
7f6fd9a07000-7f6fd9a48000 r-xp 00000000 08:13 3163194                    /usr/lib/jvm/java-6-sun-1.6.0.13/jre/lib/amd64/xawt/libmawt.so
7f6fd9a48000-7f6fd9b47000 ---p 00041000 08:13 3163194                    /usr/lib/jvm/java-6-sun-1.6.0.13/jre/lib/amd64/xawt/libmawt.so
7f6fd9b47000-7f6fd9b53000 rwxp 00040000 08:13 3163194                    /usr/lib/jvm/java-6-sun-1.6.0.13/jre/lib/amd64/xawt/libmawt.so
7f6fd9b53000-7f6fd9b54000 rwxp 7f6fd9b53000 00:00 0 
7f6fd9b54000-7f6fd9be6000 r-xp 00000000 08:13 3163239                    /usr/lib/jvm/java-6-sun-1.6.0.13/jre/lib/amd64/libawt.so
7f6fd9be6000-7f6fd9ce5000 ---p 00092000 08:13 3163239                    /usr/lib/jvm/java-6-sun-1.6.0.13/jre/lib/amd64/libawt.so
7f6fd9ce5000-7f6fd9cfe000 rwxp 00091000 08:13 3163239                    /usr/lib/jvm/java-6-sun-1.6.0.13/jre/lib/amd64/libawt.so
7f6fd9cfe000-7f6fd9d23000 rwxp 7f6fd9cfe000 00:00 0 
7f6fd9d23000-7f6fd9d2a000 r-xs 00059000 08:11 1172178                    /home/epsilon/文档/4_java/javaTools/apache-log4j-1.2.15/log4j-1.2.15.jar
7f6fd9d2a000-7f6fd9d2b000 ---p 7f6fd9d2a000 00:00 0 
7f6fd9d2b000-7f6fd9e2b000 rwxp 7f6fd9d2b000 00:00 0 
7f6fd9e2b000-7f6fd9e2e000 ---p 7f6fd9e2b000 00:00 0 
7f6fd9e2e000-7f6fd9f2c000 rwxp 7f6fd9e2e000 00:00 0 
7f6fd9f2c000-7f6fd9f2f000 ---p 7f6fd9f2c000 00:00 0 
7f6fd9f2f000-7f6fda02d000 rwxp 7f6fd9f2f000 00:00 0 
7f6fda02d000-7f6fda030000 ---p 7f6fda02d000 00:00 0 
7f6fda030000-7f6fda12e000 rwxp 7f6fda030000 00:00 0 
7f6fda12e000-7f6fda131000 ---p 7f6fda12e000 00:00 0 
7f6fda131000-7f6fda22f000 rwxp 7f6fda131000 00:00 0 
7f6fda22f000-7f6fda26e000 r-xp 00000000 08:13 2827839                    /usr/lib/locale/zh_CN.utf8/LC_CTYPE
7f6fda26e000-7f6fda271000 ---p 7f6fda26e000 00:00 0 
7f6fda271000-7f6fda36f000 rwxp 7f6fda271000 00:00 0 
7f6fda36f000-7f6fda372000 ---p 7f6fda36f000 00:00 0 
7f6fda372000-7f6fda470000 rwxp 7f6fda372000 00:00 0 
7f6fda470000-7f6fda471000 ---p 7f6fda470000 00:00 0 
7f6fda471000-7f6fda5e6000 rwxp 7f6fda471000 00:00 0 
7f6fda5e6000-7f6fda778000 r-xs 02f34000 08:13 2942580                    /usr/lib/jvm/java-6-sun-1.6.0.13/jre/lib/rt.jar
7f6fda778000-7f6fda7a0000 rwxp 7f6fda778000 00:00 0 
7f6fda7a0000-7f6fda7a1000 ---p 7f6fda7a0000 00:00 0 
7f6fda7a1000-7f6fda8a1000 rwxp 7f6fda7a1000 00:00 0 
7f6fda8a1000-7f6fda8a2000 ---p 7f6fda8a1000 00:00 0 
7f6fda8a2000-7f6fda9ad000 rwxp 7f6fda8a2000 00:00 0 
7f6fda9ad000-7f6fda9cc000 rwxp 7f6fda9ad000 00:00 0 
7f6fda9cc000-7f6fda9ea000 rwxp 7f6fda9cc000 00:00 0 
7f6fda9ea000-7f6fdaba3000 rwxp 7f6fda9ea000 00:00 0 
7f6fdaba3000-7f6fdabae000 rwxp 7f6fdaba3000 00:00 0 
7f6fdabae000-7f6fdabcd000 rwxp 7f6fdabae000 00:00 0 
7f6fdabcd000-7f6fdabeb000 rwxp 7f6fdabcd000 00:00 0 
7f6fdabeb000-7f6fdada3000 rwxp 7f6fdabeb000 00:00 0 
7f6fdada3000-7f6fdadb3000 rwxp 7f6fdada3000 00:00 0 
7f6fdadb3000-7f6fdae8f000 rwxp 7f6fdadb3000 00:00 0 
7f6fdae8f000-7f6fdc350000 rwxp 7f6fdae8f000 00:00 0 
7f6fdc350000-7f6fe0290000 rwxp 7f6fdc350000 00:00 0 
7f6fe0290000-7f6fe3d70000 rwxp 7f6fe0290000 00:00 0 
7f6fe3d70000-7f701aff0000 rwxp 7f6fe3d70000 00:00 0 
7f701aff0000-7f701cd50000 rwxp 7f701aff0000 00:00 0 
7f701cd50000-7f7038690000 rwxp 7f701cd50000 00:00 0 
7f7038692000-7f703869a000 r-xs 0004b000 08:11 162661                     /home/epsilon/文档/4_java/javaTools/commons-math-1.2/commons-math-1.2.jar
7f703869a000-7f703890a000 rwxp 7f703869a000 00:00 0 
7f703890a000-7f703b69a000 rwxp 7f703890a000 00:00 0 
7f703b69a000-7f703b6a8000 r-xp 00000000 08:13 3163206                    /usr/lib/jvm/java-6-sun-1.6.0.13/jre/lib/amd64/libzip.so
7f703b6a8000-7f703b7aa000 ---p 0000e000 08:13 3163206                    /usr/lib/jvm/java-6-sun-1.6.0.13/jre/lib/amd64/libzip.so
7f703b7aa000-7f703b7ad000 rwxp 00010000 08:13 3163206                    /usr/lib/jvm/java-6-sun-1.6.0.13/jre/lib/amd64/libzip.so
7f703b7ad000-7f703b7ae000 rwxp 7f703b7ad000 00:00 0 
7f703b7ae000-7f703b7d7000 r-xp 00000000 08:13 3163219                    /usr/lib/jvm/java-6-sun-1.6.0.13/jre/lib/amd64/libjava.so
7f703b7d7000-7f703b8d6000 ---p 00029000 08:13 3163219                    /usr/lib/jvm/java-6-sun-1.6.0.13/jre/lib/amd64/libjava.so
7f703b8d6000-7f703b8dd000 rwxp 00028000 08:13 3163219                    /usr/lib/jvm/java-6-sun-1.6.0.13/jre/lib/amd64/libjava.so
7f703b8dd000-7f703b8ea000 r-xp 00000000 08:13 3163201                    /usr/lib/jvm/java-6-sun-1.6.0.13/jre/lib/amd64/libverify.so
7f703b8ea000-7f703b9e9000 ---p 0000d000 08:13 3163201                    /usr/lib/jvm/java-6-sun-1.6.0.13/jre/lib/amd64/libverify.so
7f703b9e9000-7f703b9ec000 rwxp 0000c000 08:13 3163201                    /usr/lib/jvm/java-6-sun-1.6.0.13/jre/lib/amd64/libverify.so
7f703b9ec000-7f703b9f8000 r-xp 00000000 08:13 213021                     /lib/libnss_files-2.9.so
7f703b9f8000-7f703bbf7000 ---p 0000c000 08:13 213021                     /lib/libnss_files-2.9.so
7f703bbf7000-7f703bbf8000 r-xp 0000b000 08:13 213021                     /lib/libnss_files-2.9.so
7f703bbf8000-7f703bbf9000 rwxp 0000c000 08:13 213021                     /lib/libnss_files-2.9.so
7f703bbf9000-7f703bc03000 r-xp 00000000 08:13 213023                     /lib/libnss_nis-2.9.so
7f703bc03000-7f703be02000 ---p 0000a000 08:13 213023                     /lib/libnss_nis-2.9.so
7f703be02000-7f703be03000 r-xp 00009000 08:13 213023                     /lib/libnss_nis-2.9.so
7f703be03000-7f703be04000 rwxp 0000a000 08:13 213023                     /lib/libnss_nis-2.9.so
7f703be04000-7f703be0c000 r-xp 00000000 08:13 213019                     /lib/libnss_compat-2.9.so
7f703be0c000-7f703c00b000 ---p 00008000 08:13 213019                     /lib/libnss_compat-2.9.so
7f703c00b000-7f703c00c000 r-xp 00007000 08:13 213019                     /lib/libnss_compat-2.9.so
7f703c00c000-7f703c00d000 rwxp 00008000 08:13 213019                     /lib/libnss_compat-2.9.so
7f703c00d000-7f703c023000 r-xp 00000000 08:13 213018                     /lib/libnsl-2.9.so
7f703c023000-7f703c223000 ---p 00016000 08:13 213018                     /lib/libnsl-2.9.so
7f703c223000-7f703c224000 r-xp 00016000 08:13 213018                     /lib/libnsl-2.9.so
7f703c224000-7f703c225000 rwxp 00017000 08:13 213018                     /lib/libnsl-2.9.so
7f703c225000-7f703c227000 rwxp 7f703c225000 00:00 0 
7f703c227000-7f703c22e000 r-xp 00000000 08:13 3163208                    /usr/lib/jvm/java-6-sun-1.6.0.13/jre/lib/amd64/native_threads/libhpi.so
7f703c22e000-7f703c32f000 ---p 00007000 08:13 3163208                    /usr/lib/jvm/java-6-sun-1.6.0.13/jre/lib/amd64/native_threads/libhpi.so
7f703c32f000-7f703c331000 rwxp 00008000 08:13 3163208                    /usr/lib/jvm/java-6-sun-1.6.0.13/jre/lib/amd64/native_threads/libhpi.so
7f703c331000-7f703c332000 rwxp 7f703c331000 00:00 0 
7f703c332000-7f703c339000 r-xp 00000000 08:13 213028                     /lib/librt-2.9.so
7f703c339000-7f703c538000 ---p 00007000 08:13 213028                     /lib/librt-2.9.so
7f703c538000-7f703c539000 r-xp 00006000 08:13 213028                     /lib/librt-2.9.so
7f703c539000-7f703c53a000 rwxp 00007000 08:13 213028                     /lib/librt-2.9.so
7f703c53a000-7f703c53d000 ---p 7f703c53a000 00:00 0 
7f703c53d000-7f703c63b000 rwxp 7f703c53d000 00:00 0 
7f703c63b000-7f703c6bf000 r-xp 00000000 08:13 213016                     /lib/libm-2.9.so
7f703c6bf000-7f703c8be000 ---p 00084000 08:13 213016                     /lib/libm-2.9.so
7f703c8be000-7f703c8bf000 r-xp 00083000 08:13 213016                     /lib/libm-2.9.so
7f703c8bf000-7f703c8c0000 rwxp 00084000 08:13 213016                     /lib/libm-2.9.so
7f703c8c0000-7f703cf4d000 r-xp 00000000 08:13 3163226                    /usr/lib/jvm/java-6-sun-1.6.0.13/jre/lib/amd64/server/libjvm.so
7f703cf4d000-7f703d04c000 ---p 0068d000 08:13 3163226                    /usr/lib/jvm/java-6-sun-1.6.0.13/jre/lib/amd64/server/libjvm.so
7f703d04c000-7f703d19d000 rwxp 0068c000 08:13 3163226                    /usr/lib/jvm/java-6-sun-1.6.0.13/jre/lib/amd64/server/libjvm.so
7f703d19d000-7f703d1da000 rwxp 7f703d19d000 00:00 0 
7f703d1da000-7f703d342000 r-xp 00000000 08:13 213012                     /lib/libc-2.9.so
7f703d342000-7f703d542000 ---p 00168000 08:13 213012                     /lib/libc-2.9.so
7f703d542000-7f703d546000 r-xp 00168000 08:13 213012                     /lib/libc-2.9.so
7f703d546000-7f703d547000 rwxp 0016c000 08:13 213012                     /lib/libc-2.9.so
7f703d547000-7f703d54c000 rwxp 7f703d547000 00:00 0 
7f703d54c000-7f703d54e000 r-xp 00000000 08:13 213015                     /lib/libdl-2.9.so
7f703d54e000-7f703d74e000 ---p 00002000 08:13 213015                     /lib/libdl-2.9.so
7f703d74e000-7f703d74f000 r-xp 00002000 08:13 213015                     /lib/libdl-2.9.so
7f703d74f000-7f703d750000 rwxp 00003000 08:13 213015                     /lib/libdl-2.9.so
7f703d750000-7f703d767000 r-xp 00000000 08:13 213026                     /lib/libpthread-2.9.so
7f703d767000-7f703d966000 ---p 00017000 08:13 213026                     /lib/libpthread-2.9.so
7f703d966000-7f703d967000 r-xp 00016000 08:13 213026                     /lib/libpthread-2.9.so
7f703d967000-7f703d968000 rwxp 00017000 08:13 213026                     /lib/libpthread-2.9.so
7f703d968000-7f703d96c000 rwxp 7f703d968000 00:00 0 
7f703d96c000-7f703d98c000 r-xp 00000000 08:13 213006                     /lib/ld-2.9.so
7f703d98c000-7f703d98f000 r-xs 00000000 08:13 3197439                    /var/cache/fontconfig/de156ccd2eddbdc19d37a45b8b2aac9c-x86-64.cache-2
7f703d98f000-7f703d992000 r-xs 00000000 08:13 3197433                    /var/cache/fontconfig/ddd4086aec35a5275babba44bb759c3c-x86-64.cache-2
7f703d992000-7f703d9a0000 r-xs 000ba000 08:11 422677                     /home/epsilon/文档/4_java/javaTools/mtj.jar
7f703d9a0000-7f703d9aa000 rwxp 7f703d9a0000 00:00 0 
7f703d9aa000-7f703da60000 rwxp 7f703d9aa000 00:00 0 
7f703da60000-7f703da62000 rwxp 7f703da60000 00:00 0 
7f703da62000-7f703da69000 r-xp 00000000 08:13 3163192                    /usr/lib/jvm/java-6-sun-1.6.0.13/jre/lib/amd64/jli/libjli.so
7f703da69000-7f703db6a000 ---p 00007000 08:13 3163192                    /usr/lib/jvm/java-6-sun-1.6.0.13/jre/lib/amd64/jli/libjli.so
7f703db6a000-7f703db6c000 rwxp 00008000 08:13 3163192                    /usr/lib/jvm/java-6-sun-1.6.0.13/jre/lib/amd64/jli/libjli.so
7f703db6c000-7f703db6d000 rwxp 7f703db6c000 00:00 0 
7f703db6e000-7f703db6f000 r-xs 00000000 08:13 3197445                    /var/cache/fontconfig/4c73fe0c47614734b17d736dbde7580a-x86-64.cache-2
7f703db6f000-7f703db70000 r-xs 00000000 08:13 3197424                    /var/cache/fontconfig/4794a0821666d79190d59a36cb4f44b5-x86-64.cache-2
7f703db70000-7f703db73000 r-xs 00000000 08:13 3196574                    /var/cache/fontconfig/7ef2298fde41cc6eeb7af42e48b7d293-x86-64.cache-2
7f703db73000-7f703db77000 r-xs 00042000 08:11 181746                     /home/epsilon/NetBeansProjects/EpsilonUtils/trunk/dist/EpsilonYUtil.jar
7f703db77000-7f703db7e000 r-xs 00000000 08:13 2803699                    /usr/lib/gconv/gconv-modules.cache
7f703db7e000-7f703db86000 rwxs 00000000 08:13 377146                     /tmp/hsperfdata_epsilon/32372
7f703db86000-7f703db87000 rwxp 7f703db86000 00:00 0 
7f703db87000-7f703db88000 r-xp 7f703db87000 00:00 0 
7f703db88000-7f703db8b000 rwxp 7f703db88000 00:00 0 
7f703db8b000-7f703db8c000 r-xp 0001f000 08:13 213006                     /lib/ld-2.9.so
7f703db8c000-7f703db8d000 rwxp 00020000 08:13 213006                     /lib/ld-2.9.so
7fff45b78000-7fff45b8d000 rwxp 7ffffffea000 00:00 0                      [stack]
7fff45bff000-7fff45c00000 r-xp 7fff45bff000 00:00 0                      [vdso]
ffffffffff600000-ffffffffff601000 r-xp 00000000 00:00 0                  [vsyscall]

VM Arguments:
jvm_args: -Dawt.useSystemAAFontSettings=on 
java_command: net.epsilony.simpmeshfree.model.ModelTestFrame
Launcher Type: SUN_STANDARD

Environment Variables:
_JAVA_OPTIONS=-Dawt.useSystemAAFontSettings=on
PATH=/usr/local/sbin:/usr/local/bin:/usr/sbin:/usr/bin:/sbin:/bin:/usr/games
USERNAME=epsilon
LD_LIBRARY_PATH=/usr/lib/jvm/java-6-sun-1.6.0.13/jre/lib/amd64/server:/usr/lib/jvm/java-6-sun-1.6.0.13/jre/lib/amd64:/usr/lib/jvm/java-6-sun-1.6.0.13/jre/../lib/amd64
SHELL=/bin/bash
DISPLAY=:0.0

Signal Handlers:
SIGSEGV: [libjvm.so+0x5fcd20], sa_mask[0]=0x7ffbfeff, sa_flags=0x10000004
SIGBUS: [libjvm.so+0x5fcd20], sa_mask[0]=0x7ffbfeff, sa_flags=0x10000004
SIGFPE: [libjvm.so+0x4e0eb0], sa_mask[0]=0x7ffbfeff, sa_flags=0x10000004
SIGPIPE: [libjvm.so+0x4e0eb0], sa_mask[0]=0x7ffbfeff, sa_flags=0x10000004
SIGXFSZ: [libjvm.so+0x4e0eb0], sa_mask[0]=0x7ffbfeff, sa_flags=0x10000004
SIGILL: [libjvm.so+0x4e0eb0], sa_mask[0]=0x7ffbfeff, sa_flags=0x10000004
SIGUSR1: SIG_DFL, sa_mask[0]=0x00000000, sa_flags=0x00000000
SIGUSR2: [libjvm.so+0x4e35d0], sa_mask[0]=0x00000004, sa_flags=0x10000004
SIGHUP: [libjvm.so+0x4e3320], sa_mask[0]=0x7ffbfeff, sa_flags=0x10000004
SIGINT: SIG_IGN, sa_mask[0]=0x00000000, sa_flags=0x00000000
SIGTERM: [libjvm.so+0x4e3320], sa_mask[0]=0x7ffbfeff, sa_flags=0x10000004
SIGQUIT: [libjvm.so+0x4e3320], sa_mask[0]=0x7ffbfeff, sa_flags=0x10000004


---------------  S Y S T E M  ---------------

OS:5.0

uname:Linux 2.6.28-12-generic #43-Ubuntu SMP Fri May 1 19:31:32 UTC 2009 x86_64
libc:glibc 2.9 NPTL 2.9 
rlimit: STACK 8192k, CORE 0k, NPROC infinity, NOFILE 1024, AS infinity
load average:0.14 0.26 0.26

CPU:total 2 (2 cores per cpu, 1 threads per core) family 16 model 2 stepping 3, cmov, cx8, fxsr, mmx, sse, sse2, sse3, mmxext, 3dnow, 3dnowext, sse4a

Memory: 4k page, physical 5780180k(2911240k free), swap 3903752k(3851972k free)

vm_info: Java HotSpot(TM) 64-Bit Server VM (11.3-b02) for linux-amd64 JRE (1.6.0_13-b03), built on Mar  9 2009 11:08:22 by "java_re" with gcc 3.2.2 (SuSE Linux)

time: Mon May 18 17:14:13 2009
elapsed time: 0 seconds

