#
# An unexpected error has been detected by Java Runtime Environment:
#
#  SIGSEGV (0xb) at pc=0x00007f3b3e8fb11b, pid=2851, tid=139890732120400
#
# Java VM: Java HotSpot(TM) 64-Bit Server VM (11.3-b02 mixed mode linux-amd64)
# Problematic frame:
# C  [libc.so.6+0x8411b]  memcpy+0x15b
#
# If you would like to submit a bug report, please visit:
#   http://java.sun.com/webapps/bugreport/crash.jsp
#

---------------  T H R E A D  ---------------

Current thread (0x00007f3ad40c4c00):  JavaThread "AWT-EventQueue-0" [_thread_in_vm, id=2868, stack(0x00007f3ad9553000,0x00007f3ad9654000)]

siginfo:si_signo=SIGSEGV: si_errno=0, si_code=2 (SEGV_ACCERR), si_addr=0x00007f3ad4230000

Registers:
RAX=0x00007f3b1cef3ec0, RBX=0x00007f3adc5312a0, RCX=0x000000000000015a, RDX=0x0000000000004540
RSP=0x00007f3ad9652238, RBP=0x00007f3ad96522c0, RSI=0x00007f3ad4230000, RDI=0x00007f3b1cef7930
R8 =0x0000000000000ffc, R9 =0x00007f3b3e7475b8, R10=0x00007f3b3e74b028, R11=0x0000000000004540
R12=0x0000000000004540, R13=0x0000000000000000, R14=0x0000000040664be0, R15=0x00007f3ad9652250
RIP=0x00007f3b3e8fb11b, EFL=0x0000000000010212, CSGSFS=0x0000000000000033, ERR=0x0000000000000004
  TRAPNO=0x000000000000000e

Top of Stack: (sp=0x00007f3ad9652238)
0x00007f3ad9652238:   00007f3b3e2a3600 00007f3ad40c4dc0
0x00007f3ad9652248:   00007f3ad422c590 00007f3ad40c4c00
0x00007f3ad9652258:   0000000000000000 00007f3ad40c4c00
0x00007f3ad9652268:   0000000000000000 00007f3ad40c4c00
0x00007f3ad9652278:   00007f3ad96523b8 00007f3ad40c4c00
0x00007f3ad9652288:   00007f3b3e8f1276 00007f3ad40c4c00
0x00007f3ad9652298:   0000000040664be0 00007f3ad4099df0
0x00007f3ad96522a8:   00007f3ad4087580 00007f3ad96523b8
0x00007f3ad96522b8:   0000000040664b80 00007f3ad40c4dc0
0x00007f3ad96522c8:   00007f3ad9130486 00007f3ad409c190
0x00007f3ad96522d8:   0000000040664b88 0000000040664b90
0x00007f3ad96522e8:   0000000040664b98 0000000040664ba0
0x00007f3ad96522f8:   0000000040664ba8 0000000040664bb0
0x00007f3ad9652308:   0000000040abf170 01010101010c4c00
0x00007f3ad9652318:   00007f3adcf2ebd0 00007f3ad9652398
0x00007f3ad9652328:   0000000000000101 00007f3adcf2ebd0
0x00007f3ad9652338:   00007f3ad96523b8 00007f3ad40c4c00
0x00007f3ad9652348:   00007f3b39d45852 00007f3ad40c4c00
0x00007f3ad9652358:   00007f3ad9652358 00007f3adcf2ebd0
0x00007f3ad9652368:   00007f3ad96523b8 00007f3adcf2f608
0x00007f3ad9652378:   0000000000000000 00007f3adcf2ebd0
0x00007f3ad9652388:   0000000000000000 00007f3ad96523b8
0x00007f3ad9652398:   00007f3ad9652400 00007f3b39d3a322
0x00007f3ad96523a8:   0000000000000000 00007f3b39d42358
0x00007f3ad96523b8:   00007f3b1cebc530 00007f3ad96523c0
0x00007f3ad96523c8:   00007f3adcf2d6ad 00007f3ad9652448
0x00007f3ad96523d8:   00007f3adcf2f608 0000000000000000
0x00007f3ad96523e8:   00007f3adcf2d738 00007f3ad96523b8
0x00007f3ad96523f8:   00007f3ad9652438 00007f3ad9652490
0x00007f3ad9652408:   00007f3b39d3a322 00007f3b1ceec658
0x00007f3ad9652418:   00007f3b1ceeca48 0000000000000002
0x00007f3ad9652428:   00007f3b1ceeca10 00007f3b1ceeb558 

Instructions: (pc=0x00007f3b3e8fb11b)
0x00007f3b3e8fb10b:   0f 47 da 4c 89 d9 49 83 e3 f8 48 c1 e9 03 74 05
0x00007f3b3e8fb11b:   f3 48 a5 66 90 4c 29 da 48 f7 c2 f8 ff ff ff 75 

Stack: [0x00007f3ad9553000,0x00007f3ad9654000],  sp=0x00007f3ad9652238,  free space=1020k
Native frames: (J=compiled Java code, j=interpreted, Vv=VM code, C=native code)
C  [libc.so.6+0x8411b]  memcpy+0x15b

Java frames: (J=compiled Java code, j=interpreted, Vv=VM code)
j  net.epsilony.simpmeshfree.model.geometry.TriangleJni.triangleFun()V+0
j  net.epsilony.simpmeshfree.model.geometry.TriangleJni.complie(Lnet/epsilony/simpmeshfree/model/geometry/GeometryModel;Ljava/lang/String;)V+141
j  net.epsilony.simpmeshfree.model.mechanics.MechanicsModel.generateNodesByTriangle(DDLjava/lang/String;ZZ)V+110
j  net.epsilony.simpmeshfree.model.ModelTestFrame.<init>()V+659
j  net.epsilony.simpmeshfree.model.ModelTestFrame$1.run()V+4
j  java.awt.event.InvocationEvent.dispatch()V+47
j  java.awt.EventQueue.dispatchEvent(Ljava/awt/AWTEvent;)V+26
j  java.awt.EventDispatchThread.pumpOneEventForFilters(I)Z+204
j  java.awt.EventDispatchThread.pumpEventsForFilter(ILjava/awt/Conditional;Ljava/awt/EventFilter;)V+30
j  java.awt.EventDispatchThread.pumpEventsForHierarchy(ILjava/awt/Conditional;Ljava/awt/Component;)V+11
j  java.awt.EventDispatchThread.pumpEvents(ILjava/awt/Conditional;)V+4
j  java.awt.EventDispatchThread.pumpEvents(Ljava/awt/Conditional;)V+3
j  java.awt.EventDispatchThread.run()V+9
v  ~StubRoutines::call_stub

---------------  P R O C E S S  ---------------

Java Threads: ( => current thread )
  0x00007f3ad4007800 JavaThread "Thread-3" [_thread_blocked, id=2870, stack(0x00007f3ad9351000,0x00007f3ad9452000)]
  0x00007f3ad40e6c00 JavaThread "Thread-2" [_thread_blocked, id=2869, stack(0x00007f3ad9452000,0x00007f3ad9553000)]
  0x00007f3ad4017c00 JavaThread "DestroyJavaVM" [_thread_blocked, id=2852, stack(0x00007f3b3dbd7000,0x00007f3b3dcd8000)]
=>0x00007f3ad40c4c00 JavaThread "AWT-EventQueue-0" [_thread_in_vm, id=2868, stack(0x00007f3ad9553000,0x00007f3ad9654000)]
  0x00007f3ad40c3c00 JavaThread "AWT-Shutdown" [_thread_blocked, id=2867, stack(0x00007f3ad9762000,0x00007f3ad9863000)]
  0x00007f3ad40c3000 JavaThread "AWT-XAWT" daemon [_thread_in_native, id=2866, stack(0x00007f3ad9863000,0x00007f3ad9964000)]
  0x00007f3ad4016400 JavaThread "Java2D Disposer" daemon [_thread_blocked, id=2865, stack(0x00007f3ad9f98000,0x00007f3ada099000)]
  0x0000000040682800 JavaThread "Low Memory Detector" daemon [_thread_blocked, id=2863, stack(0x00007f3adb5cc000,0x00007f3adb6cd000)]
  0x000000004067fc00 JavaThread "CompilerThread1" daemon [_thread_in_native, id=2862, stack(0x00007f3adb6cd000,0x00007f3adb7ce000)]
  0x000000004067c000 JavaThread "CompilerThread0" daemon [_thread_blocked, id=2861, stack(0x00007f3ad3eff000,0x00007f3ad4000000)]
  0x000000004067a000 JavaThread "Signal Dispatcher" daemon [_thread_blocked, id=2860, stack(0x00007f3adb7ce000,0x00007f3adb8cf000)]
  0x0000000040658800 JavaThread "Finalizer" daemon [_thread_blocked, id=2859, stack(0x00007f3adb90e000,0x00007f3adba0f000)]
  0x0000000040651800 JavaThread "Reference Handler" daemon [_thread_blocked, id=2858, stack(0x00007f3adba0f000,0x00007f3adbb10000)]

Other Threads:
  0x000000004064c000 VMThread [stack: 0x00007f3adbb10000,0x00007f3adbc11000] [id=2857]
  0x0000000040684c00 WatcherThread [stack: 0x00007f3adb4cb000,0x00007f3adb5cc000] [id=2864]

VM state:not at safepoint (normal execution)

VM Mutex/Monitor currently owned by a thread: None

Heap
 PSYoungGen      total 26368K, used 19326K [0x00007f3b1c690000, 0x00007f3b1e3f0000, 0x00007f3b39d30000)
  eden space 22656K, 85% used [0x00007f3b1c690000,0x00007f3b1d96fbf8,0x00007f3b1dcb0000)
  from space 3712K, 0% used [0x00007f3b1e050000,0x00007f3b1e050000,0x00007f3b1e3f0000)
  to   space 3712K, 0% used [0x00007f3b1dcb0000,0x00007f3b1dcb0000,0x00007f3b1e050000)
 PSOldGen        total 60288K, used 0K [0x00007f3ae1930000, 0x00007f3ae5410000, 0x00007f3b1c690000)
  object space 60288K, 0% used [0x00007f3ae1930000,0x00007f3ae1930000,0x00007f3ae5410000)
 PSPermGen       total 21248K, used 10262K [0x00007f3adc530000, 0x00007f3add9f0000, 0x00007f3ae1930000)
  object space 21248K, 48% used [0x00007f3adc530000,0x00007f3adcf358e8,0x00007f3add9f0000)

Dynamic libraries:
40000000-40009000 r-xp 00000000 08:13 3163089                            /usr/lib/jvm/java-6-sun-1.6.0.13/jre/bin/java
40108000-4010a000 rwxp 00008000 08:13 3163089                            /usr/lib/jvm/java-6-sun-1.6.0.13/jre/bin/java
405c3000-41a6d000 rwxp 405c3000 00:00 0                                  [heap]
7f3ad3eff000-7f3ad3f02000 ---p 7f3ad3eff000 00:00 0 
7f3ad3f02000-7f3ad4000000 rwxp 7f3ad3f02000 00:00 0 
7f3ad4000000-7f3ad4230000 rwxp 7f3ad4000000 00:00 0 
7f3ad4230000-7f3ad8000000 ---p 7f3ad4230000 00:00 0 
7f3ad8c07000-7f3ad8c1d000 r-xp 00000000 08:13 213005                     /lib/libgcc_s.so.1
7f3ad8c1d000-7f3ad8e1d000 ---p 00016000 08:13 213005                     /lib/libgcc_s.so.1
7f3ad8e1d000-7f3ad8e1e000 r-xp 00016000 08:13 213005                     /lib/libgcc_s.so.1
7f3ad8e1e000-7f3ad8e1f000 rwxp 00017000 08:13 213005                     /lib/libgcc_s.so.1
7f3ad8e1f000-7f3ad8f10000 r-xp 00000000 08:13 2802601                    /usr/lib/libstdc++.so.6.0.10
7f3ad8f10000-7f3ad9110000 ---p 000f1000 08:13 2802601                    /usr/lib/libstdc++.so.6.0.10
7f3ad9110000-7f3ad9117000 r-xp 000f1000 08:13 2802601                    /usr/lib/libstdc++.so.6.0.10
7f3ad9117000-7f3ad9119000 rwxp 000f8000 08:13 2802601                    /usr/lib/libstdc++.so.6.0.10
7f3ad9119000-7f3ad912c000 rwxp 7f3ad9119000 00:00 0 
7f3ad912c000-7f3ad9150000 r-xp 00000000 08:13 1942103                    /usr/lib/TriangleJniAmd64.so
7f3ad9150000-7f3ad934f000 ---p 00024000 08:13 1942103                    /usr/lib/TriangleJniAmd64.so
7f3ad934f000-7f3ad9350000 r-xp 00023000 08:13 1942103                    /usr/lib/TriangleJniAmd64.so
7f3ad9350000-7f3ad9351000 rwxp 00024000 08:13 1942103                    /usr/lib/TriangleJniAmd64.so
7f3ad9351000-7f3ad9354000 ---p 7f3ad9351000 00:00 0 
7f3ad9354000-7f3ad9452000 rwxp 7f3ad9354000 00:00 0 
7f3ad9452000-7f3ad9455000 ---p 7f3ad9452000 00:00 0 
7f3ad9455000-7f3ad9553000 rwxp 7f3ad9455000 00:00 0 
7f3ad9553000-7f3ad9556000 ---p 7f3ad9553000 00:00 0 
7f3ad9556000-7f3ad9654000 rwxp 7f3ad9556000 00:00 0 
7f3ad9654000-7f3ad965d000 r-xs 00000000 08:13 3197464                    /var/cache/fontconfig/945677eb7aeaf62f1d50efc3fb3ec7d8-x86-64.cache-2
7f3ad965d000-7f3ad965f000 r-xs 00000000 08:13 3197468                    /var/cache/fontconfig/99e8ed0e538f840c565b6ed5dad60d56-x86-64.cache-2
7f3ad965f000-7f3ad9662000 r-xs 00000000 08:13 3197466                    /var/cache/fontconfig/e383d7ea5fbe662a33d9b44caf393297-x86-64.cache-2
7f3ad9662000-7f3ad9666000 r-xs 00000000 08:13 3197459                    /var/cache/fontconfig/6eb3985aa4124903f6ff08ba781cd364-x86-64.cache-2
7f3ad9666000-7f3ad9667000 r-xs 00000000 08:13 3197445                    /var/cache/fontconfig/4c73fe0c47614734b17d736dbde7580a-x86-64.cache-2
7f3ad9667000-7f3ad966b000 r-xs 00000000 08:13 3196573                    /var/cache/fontconfig/a755afe4a08bf5b97852ceb7400b47bc-x86-64.cache-2
7f3ad966b000-7f3ad9674000 r-xs 00000000 08:13 3197440                    /var/cache/fontconfig/6d41288fd70b0be22e8c3a91e032eec0-x86-64.cache-2
7f3ad9674000-7f3ad9677000 r-xs 00000000 08:13 3197439                    /var/cache/fontconfig/de156ccd2eddbdc19d37a45b8b2aac9c-x86-64.cache-2
7f3ad9677000-7f3ad9682000 r-xs 00000000 08:13 3197435                    /var/cache/fontconfig/e3de0de479f42330eadf588a55fb5bf4-x86-64.cache-2
7f3ad9682000-7f3ad9691000 r-xs 00000000 08:13 3197434                    /var/cache/fontconfig/0f34bcd4b6ee430af32735b75db7f02b-x86-64.cache-2
7f3ad9691000-7f3ad9694000 r-xs 00000000 08:13 3197433                    /var/cache/fontconfig/ddd4086aec35a5275babba44bb759c3c-x86-64.cache-2
7f3ad9694000-7f3ad9695000 r-xs 00000000 08:13 3197424                    /var/cache/fontconfig/4794a0821666d79190d59a36cb4f44b5-x86-64.cache-2
7f3ad9695000-7f3ad969e000 r-xs 00000000 08:13 3197417                    /var/cache/fontconfig/d52a8644073d54c13679302ca1180695-x86-64.cache-2
7f3ad9762000-7f3ad9765000 ---p 7f3ad9762000 00:00 0 
7f3ad9765000-7f3ad9863000 rwxp 7f3ad9765000 00:00 0 
7f3ad9863000-7f3ad9866000 ---p 7f3ad9863000 00:00 0 
7f3ad9866000-7f3ad9964000 rwxp 7f3ad9866000 00:00 0 
7f3ad9964000-7f3ad9969000 r-xp 00000000 08:13 2805390                    /usr/lib/libXfixes.so.3.1.0
7f3ad9969000-7f3ad9b68000 ---p 00005000 08:13 2805390                    /usr/lib/libXfixes.so.3.1.0
7f3ad9b68000-7f3ad9b69000 rwxp 00004000 08:13 2805390                    /usr/lib/libXfixes.so.3.1.0
7f3ad9b69000-7f3ad9b72000 r-xp 00000000 08:13 2805803                    /usr/lib/libXrender.so.1.3.0
7f3ad9b72000-7f3ad9d71000 ---p 00009000 08:13 2805803                    /usr/lib/libXrender.so.1.3.0
7f3ad9d71000-7f3ad9d72000 r-xp 00008000 08:13 2805803                    /usr/lib/libXrender.so.1.3.0
7f3ad9d72000-7f3ad9d73000 rwxp 00009000 08:13 2805803                    /usr/lib/libXrender.so.1.3.0
7f3ad9d73000-7f3ad9d7c000 r-xp 00000000 08:13 2805843                    /usr/lib/libXcursor.so.1.0.2
7f3ad9d7c000-7f3ad9f7c000 ---p 00009000 08:13 2805843                    /usr/lib/libXcursor.so.1.0.2
7f3ad9f7c000-7f3ad9f7d000 rwxp 00009000 08:13 2805843                    /usr/lib/libXcursor.so.1.0.2
7f3ad9f98000-7f3ad9f9b000 ---p 7f3ad9f98000 00:00 0 
7f3ad9f9b000-7f3ada099000 rwxp 7f3ad9f9b000 00:00 0 
7f3ada099000-7f3ada117000 r-xp 00000000 08:13 3163204                    /usr/lib/jvm/java-6-sun-1.6.0.13/jre/lib/amd64/libfontmanager.so
7f3ada117000-7f3ada216000 ---p 0007e000 08:13 3163204                    /usr/lib/jvm/java-6-sun-1.6.0.13/jre/lib/amd64/libfontmanager.so
7f3ada216000-7f3ada22c000 rwxp 0007d000 08:13 3163204                    /usr/lib/jvm/java-6-sun-1.6.0.13/jre/lib/amd64/libfontmanager.so
7f3ada22c000-7f3ada23d000 rwxp 7f3ada22c000 00:00 0 
7f3ada23d000-7f3ada242000 r-xp 00000000 08:13 2805384                    /usr/lib/libXdmcp.so.6.0.0
7f3ada242000-7f3ada441000 ---p 00005000 08:13 2805384                    /usr/lib/libXdmcp.so.6.0.0
7f3ada441000-7f3ada442000 rwxp 00004000 08:13 2805384                    /usr/lib/libXdmcp.so.6.0.0
7f3ada442000-7f3ada45d000 r-xp 00000000 08:13 2805386                    /usr/lib/libxcb.so.1.1.0
7f3ada45d000-7f3ada65c000 ---p 0001b000 08:13 2805386                    /usr/lib/libxcb.so.1.1.0
7f3ada65c000-7f3ada65d000 r-xp 0001a000 08:13 2805386                    /usr/lib/libxcb.so.1.1.0
7f3ada65d000-7f3ada65e000 rwxp 0001b000 08:13 2805386                    /usr/lib/libxcb.so.1.1.0
7f3ada65e000-7f3ada660000 r-xp 00000000 08:13 2805382                    /usr/lib/libXau.so.6.0.0
7f3ada660000-7f3ada85f000 ---p 00002000 08:13 2805382                    /usr/lib/libXau.so.6.0.0
7f3ada85f000-7f3ada860000 r-xp 00001000 08:13 2805382                    /usr/lib/libXau.so.6.0.0
7f3ada860000-7f3ada861000 rwxp 00002000 08:13 2805382                    /usr/lib/libXau.so.6.0.0
7f3ada861000-7f3ada86a000 r-xp 00000000 08:13 2805586                    /usr/lib/libXi.so.6.0.0
7f3ada86a000-7f3adaa6a000 ---p 00009000 08:13 2805586                    /usr/lib/libXi.so.6.0.0
7f3adaa6a000-7f3adaa6b000 r-xp 00009000 08:13 2805586                    /usr/lib/libXi.so.6.0.0
7f3adaa6b000-7f3adaa6c000 rwxp 0000a000 08:13 2805586                    /usr/lib/libXi.so.6.0.0
7f3adaa6c000-7f3adaa71000 r-xp 00000000 08:13 2806834                    /usr/lib/libXtst.so.6.1.0
7f3adaa71000-7f3adac71000 ---p 00005000 08:13 2806834                    /usr/lib/libXtst.so.6.1.0
7f3adac71000-7f3adac72000 r-xp 00005000 08:13 2806834                    /usr/lib/libXtst.so.6.1.0
7f3adac72000-7f3adac73000 rwxp 00006000 08:13 2806834                    /usr/lib/libXtst.so.6.1.0
7f3adac73000-7f3adad75000 r-xp 00000000 08:13 2805388                    /usr/lib/libX11.so.6.2.0
7f3adad75000-7f3adaf75000 ---p 00102000 08:13 2805388                    /usr/lib/libX11.so.6.2.0
7f3adaf75000-7f3adaf76000 r-xp 00102000 08:13 2805388                    /usr/lib/libX11.so.6.2.0
7f3adaf76000-7f3adaf7a000 rwxp 00103000 08:13 2805388                    /usr/lib/libX11.so.6.2.0
7f3adaf7a000-7f3adaf8b000 r-xp 00000000 08:13 2805394                    /usr/lib/libXext.so.6.4.0
7f3adaf8b000-7f3adb18a000 ---p 00011000 08:13 2805394                    /usr/lib/libXext.so.6.4.0
7f3adb18a000-7f3adb18b000 r-xp 00010000 08:13 2805394                    /usr/lib/libXext.so.6.4.0
7f3adb18b000-7f3adb18c000 rwxp 00011000 08:13 2805394                    /usr/lib/libXext.so.6.4.0
7f3adb18d000-7f3adb199000 r-xs 00000000 08:13 3197416                    /var/cache/fontconfig/089dead882dea3570ffc31a9898cfb69-x86-64.cache-2
7f3adb199000-7f3adb19d000 r-xs 00000000 08:13 3197398                    /var/cache/fontconfig/cabbd14511b9e8a55e92af97fb3a0461-x86-64.cache-2
7f3adb19d000-7f3adb1a7000 r-xs 00000000 08:13 3195524                    /var/cache/fontconfig/e13b20fdb08344e0e664864cc2ede53d-x86-64.cache-2
7f3adb1a7000-7f3adb1e8000 r-xp 00000000 08:13 3163194                    /usr/lib/jvm/java-6-sun-1.6.0.13/jre/lib/amd64/xawt/libmawt.so
7f3adb1e8000-7f3adb2e7000 ---p 00041000 08:13 3163194                    /usr/lib/jvm/java-6-sun-1.6.0.13/jre/lib/amd64/xawt/libmawt.so
7f3adb2e7000-7f3adb2f3000 rwxp 00040000 08:13 3163194                    /usr/lib/jvm/java-6-sun-1.6.0.13/jre/lib/amd64/xawt/libmawt.so
7f3adb2f3000-7f3adb2f4000 rwxp 7f3adb2f3000 00:00 0 
7f3adb2f4000-7f3adb386000 r-xp 00000000 08:13 3163239                    /usr/lib/jvm/java-6-sun-1.6.0.13/jre/lib/amd64/libawt.so
7f3adb386000-7f3adb485000 ---p 00092000 08:13 3163239                    /usr/lib/jvm/java-6-sun-1.6.0.13/jre/lib/amd64/libawt.so
7f3adb485000-7f3adb49e000 rwxp 00091000 08:13 3163239                    /usr/lib/jvm/java-6-sun-1.6.0.13/jre/lib/amd64/libawt.so
7f3adb49e000-7f3adb4c3000 rwxp 7f3adb49e000 00:00 0 
7f3adb4c3000-7f3adb4cb000 r-xs 0004b000 08:11 162661                     /home/epsilon/文档/4_java/javaTools/commons-math-1.2/commons-math-1.2.jar
7f3adb4cb000-7f3adb4cc000 ---p 7f3adb4cb000 00:00 0 
7f3adb4cc000-7f3adb5cc000 rwxp 7f3adb4cc000 00:00 0 
7f3adb5cc000-7f3adb5cf000 ---p 7f3adb5cc000 00:00 0 
7f3adb5cf000-7f3adb6cd000 rwxp 7f3adb5cf000 00:00 0 
7f3adb6cd000-7f3adb6d0000 ---p 7f3adb6cd000 00:00 0 
7f3adb6d0000-7f3adb7ce000 rwxp 7f3adb6d0000 00:00 0 
7f3adb7ce000-7f3adb7d1000 ---p 7f3adb7ce000 00:00 0 
7f3adb7d1000-7f3adb8cf000 rwxp 7f3adb7d1000 00:00 0 
7f3adb8cf000-7f3adb90e000 r-xp 00000000 08:13 2827839                    /usr/lib/locale/zh_CN.utf8/LC_CTYPE
7f3adb90e000-7f3adb911000 ---p 7f3adb90e000 00:00 0 
7f3adb911000-7f3adba0f000 rwxp 7f3adb911000 00:00 0 
7f3adba0f000-7f3adba12000 ---p 7f3adba0f000 00:00 0 
7f3adba12000-7f3adbb10000 rwxp 7f3adba12000 00:00 0 
7f3adbb10000-7f3adbb11000 ---p 7f3adbb10000 00:00 0 
7f3adbb11000-7f3adbc86000 rwxp 7f3adbb11000 00:00 0 
7f3adbc86000-7f3adbe18000 r-xs 02f34000 08:13 2942580                    /usr/lib/jvm/java-6-sun-1.6.0.13/jre/lib/rt.jar
7f3adbe18000-7f3adbe40000 rwxp 7f3adbe18000 00:00 0 
7f3adbe40000-7f3adbe41000 ---p 7f3adbe40000 00:00 0 
7f3adbe41000-7f3adbf41000 rwxp 7f3adbe41000 00:00 0 
7f3adbf41000-7f3adbf42000 ---p 7f3adbf41000 00:00 0 
7f3adbf42000-7f3adc04d000 rwxp 7f3adbf42000 00:00 0 
7f3adc04d000-7f3adc06c000 rwxp 7f3adc04d000 00:00 0 
7f3adc06c000-7f3adc08a000 rwxp 7f3adc06c000 00:00 0 
7f3adc08a000-7f3adc243000 rwxp 7f3adc08a000 00:00 0 
7f3adc243000-7f3adc24e000 rwxp 7f3adc243000 00:00 0 
7f3adc24e000-7f3adc26d000 rwxp 7f3adc24e000 00:00 0 
7f3adc26d000-7f3adc28b000 rwxp 7f3adc26d000 00:00 0 
7f3adc28b000-7f3adc443000 rwxp 7f3adc28b000 00:00 0 
7f3adc443000-7f3adc453000 rwxp 7f3adc443000 00:00 0 
7f3adc453000-7f3adc52f000 rwxp 7f3adc453000 00:00 0 
7f3adc52f000-7f3add9f0000 rwxp 7f3adc52f000 00:00 0 
7f3add9f0000-7f3ae1930000 rwxp 7f3add9f0000 00:00 0 
7f3ae1930000-7f3ae5410000 rwxp 7f3ae1930000 00:00 0 
7f3ae5410000-7f3b1c690000 rwxp 7f3ae5410000 00:00 0 
7f3b1c690000-7f3b1e3f0000 rwxp 7f3b1c690000 00:00 0 
7f3b1e3f0000-7f3b39d30000 rwxp 7f3b1e3f0000 00:00 0 
7f3b39d30000-7f3b39d37000 r-xs 00059000 08:11 1172178                    /home/epsilon/文档/4_java/javaTools/apache-log4j-1.2.15/log4j-1.2.15.jar
7f3b39d37000-7f3b39fa7000 rwxp 7f3b39d37000 00:00 0 
7f3b39fa7000-7f3b3cd37000 rwxp 7f3b39fa7000 00:00 0 
7f3b3cd37000-7f3b3cd45000 r-xp 00000000 08:13 3163206                    /usr/lib/jvm/java-6-sun-1.6.0.13/jre/lib/amd64/libzip.so
7f3b3cd45000-7f3b3ce47000 ---p 0000e000 08:13 3163206                    /usr/lib/jvm/java-6-sun-1.6.0.13/jre/lib/amd64/libzip.so
7f3b3ce47000-7f3b3ce4a000 rwxp 00010000 08:13 3163206                    /usr/lib/jvm/java-6-sun-1.6.0.13/jre/lib/amd64/libzip.so
7f3b3ce4a000-7f3b3ce4b000 rwxp 7f3b3ce4a000 00:00 0 
7f3b3ce4b000-7f3b3ce74000 r-xp 00000000 08:13 3163219                    /usr/lib/jvm/java-6-sun-1.6.0.13/jre/lib/amd64/libjava.so
7f3b3ce74000-7f3b3cf73000 ---p 00029000 08:13 3163219                    /usr/lib/jvm/java-6-sun-1.6.0.13/jre/lib/amd64/libjava.so
7f3b3cf73000-7f3b3cf7a000 rwxp 00028000 08:13 3163219                    /usr/lib/jvm/java-6-sun-1.6.0.13/jre/lib/amd64/libjava.so
7f3b3cf7a000-7f3b3cf87000 r-xp 00000000 08:13 3163201                    /usr/lib/jvm/java-6-sun-1.6.0.13/jre/lib/amd64/libverify.so
7f3b3cf87000-7f3b3d086000 ---p 0000d000 08:13 3163201                    /usr/lib/jvm/java-6-sun-1.6.0.13/jre/lib/amd64/libverify.so
7f3b3d086000-7f3b3d089000 rwxp 0000c000 08:13 3163201                    /usr/lib/jvm/java-6-sun-1.6.0.13/jre/lib/amd64/libverify.so
7f3b3d089000-7f3b3d095000 r-xp 00000000 08:13 213021                     /lib/libnss_files-2.9.so
7f3b3d095000-7f3b3d294000 ---p 0000c000 08:13 213021                     /lib/libnss_files-2.9.so
7f3b3d294000-7f3b3d295000 r-xp 0000b000 08:13 213021                     /lib/libnss_files-2.9.so
7f3b3d295000-7f3b3d296000 rwxp 0000c000 08:13 213021                     /lib/libnss_files-2.9.so
7f3b3d296000-7f3b3d2a0000 r-xp 00000000 08:13 213023                     /lib/libnss_nis-2.9.so
7f3b3d2a0000-7f3b3d49f000 ---p 0000a000 08:13 213023                     /lib/libnss_nis-2.9.so
7f3b3d49f000-7f3b3d4a0000 r-xp 00009000 08:13 213023                     /lib/libnss_nis-2.9.so
7f3b3d4a0000-7f3b3d4a1000 rwxp 0000a000 08:13 213023                     /lib/libnss_nis-2.9.so
7f3b3d4a1000-7f3b3d4a9000 r-xp 00000000 08:13 213019                     /lib/libnss_compat-2.9.so
7f3b3d4a9000-7f3b3d6a8000 ---p 00008000 08:13 213019                     /lib/libnss_compat-2.9.so
7f3b3d6a8000-7f3b3d6a9000 r-xp 00007000 08:13 213019                     /lib/libnss_compat-2.9.so
7f3b3d6a9000-7f3b3d6aa000 rwxp 00008000 08:13 213019                     /lib/libnss_compat-2.9.so
7f3b3d6aa000-7f3b3d6c0000 r-xp 00000000 08:13 213018                     /lib/libnsl-2.9.so
7f3b3d6c0000-7f3b3d8c0000 ---p 00016000 08:13 213018                     /lib/libnsl-2.9.so
7f3b3d8c0000-7f3b3d8c1000 r-xp 00016000 08:13 213018                     /lib/libnsl-2.9.so
7f3b3d8c1000-7f3b3d8c2000 rwxp 00017000 08:13 213018                     /lib/libnsl-2.9.so
7f3b3d8c2000-7f3b3d8c4000 rwxp 7f3b3d8c2000 00:00 0 
7f3b3d8c4000-7f3b3d8cb000 r-xp 00000000 08:13 3163208                    /usr/lib/jvm/java-6-sun-1.6.0.13/jre/lib/amd64/native_threads/libhpi.so
7f3b3d8cb000-7f3b3d9cc000 ---p 00007000 08:13 3163208                    /usr/lib/jvm/java-6-sun-1.6.0.13/jre/lib/amd64/native_threads/libhpi.so
7f3b3d9cc000-7f3b3d9ce000 rwxp 00008000 08:13 3163208                    /usr/lib/jvm/java-6-sun-1.6.0.13/jre/lib/amd64/native_threads/libhpi.so
7f3b3d9ce000-7f3b3d9cf000 rwxp 7f3b3d9ce000 00:00 0 
7f3b3d9cf000-7f3b3d9d6000 r-xp 00000000 08:13 213028                     /lib/librt-2.9.so
7f3b3d9d6000-7f3b3dbd5000 ---p 00007000 08:13 213028                     /lib/librt-2.9.so
7f3b3dbd5000-7f3b3dbd6000 r-xp 00006000 08:13 213028                     /lib/librt-2.9.so
7f3b3dbd6000-7f3b3dbd7000 rwxp 00007000 08:13 213028                     /lib/librt-2.9.so
7f3b3dbd7000-7f3b3dbda000 ---p 7f3b3dbd7000 00:00 0 
7f3b3dbda000-7f3b3dcd8000 rwxp 7f3b3dbda000 00:00 0 
7f3b3dcd8000-7f3b3dd5c000 r-xp 00000000 08:13 213016                     /lib/libm-2.9.so
7f3b3dd5c000-7f3b3df5b000 ---p 00084000 08:13 213016                     /lib/libm-2.9.so
7f3b3df5b000-7f3b3df5c000 r-xp 00083000 08:13 213016                     /lib/libm-2.9.so
7f3b3df5c000-7f3b3df5d000 rwxp 00084000 08:13 213016                     /lib/libm-2.9.so
7f3b3df5d000-7f3b3e5ea000 r-xp 00000000 08:13 3163226                    /usr/lib/jvm/java-6-sun-1.6.0.13/jre/lib/amd64/server/libjvm.so
7f3b3e5ea000-7f3b3e6e9000 ---p 0068d000 08:13 3163226                    /usr/lib/jvm/java-6-sun-1.6.0.13/jre/lib/amd64/server/libjvm.so
7f3b3e6e9000-7f3b3e83a000 rwxp 0068c000 08:13 3163226                    /usr/lib/jvm/java-6-sun-1.6.0.13/jre/lib/amd64/server/libjvm.so
7f3b3e83a000-7f3b3e877000 rwxp 7f3b3e83a000 00:00 0 
7f3b3e877000-7f3b3e9df000 r-xp 00000000 08:13 213012                     /lib/libc-2.9.so
7f3b3e9df000-7f3b3ebdf000 ---p 00168000 08:13 213012                     /lib/libc-2.9.so
7f3b3ebdf000-7f3b3ebe3000 r-xp 00168000 08:13 213012                     /lib/libc-2.9.so
7f3b3ebe3000-7f3b3ebe4000 rwxp 0016c000 08:13 213012                     /lib/libc-2.9.so
7f3b3ebe4000-7f3b3ebe9000 rwxp 7f3b3ebe4000 00:00 0 
7f3b3ebe9000-7f3b3ebeb000 r-xp 00000000 08:13 213015                     /lib/libdl-2.9.so
7f3b3ebeb000-7f3b3edeb000 ---p 00002000 08:13 213015                     /lib/libdl-2.9.so
7f3b3edeb000-7f3b3edec000 r-xp 00002000 08:13 213015                     /lib/libdl-2.9.so
7f3b3edec000-7f3b3eded000 rwxp 00003000 08:13 213015                     /lib/libdl-2.9.so
7f3b3eded000-7f3b3ee04000 r-xp 00000000 08:13 213026                     /lib/libpthread-2.9.so
7f3b3ee04000-7f3b3f003000 ---p 00017000 08:13 213026                     /lib/libpthread-2.9.so
7f3b3f003000-7f3b3f004000 r-xp 00016000 08:13 213026                     /lib/libpthread-2.9.so
7f3b3f004000-7f3b3f005000 rwxp 00017000 08:13 213026                     /lib/libpthread-2.9.so
7f3b3f005000-7f3b3f009000 rwxp 7f3b3f005000 00:00 0 
7f3b3f009000-7f3b3f029000 r-xp 00000000 08:13 213006                     /lib/ld-2.9.so
7f3b3f02f000-7f3b3f03d000 r-xs 000ba000 08:11 422677                     /home/epsilon/文档/4_java/javaTools/mtj.jar
7f3b3f03d000-7f3b3f047000 rwxp 7f3b3f03d000 00:00 0 
7f3b3f047000-7f3b3f0fd000 rwxp 7f3b3f047000 00:00 0 
7f3b3f0fd000-7f3b3f0ff000 rwxp 7f3b3f0fd000 00:00 0 
7f3b3f0ff000-7f3b3f106000 r-xp 00000000 08:13 3163192                    /usr/lib/jvm/java-6-sun-1.6.0.13/jre/lib/amd64/jli/libjli.so
7f3b3f106000-7f3b3f207000 ---p 00007000 08:13 3163192                    /usr/lib/jvm/java-6-sun-1.6.0.13/jre/lib/amd64/jli/libjli.so
7f3b3f207000-7f3b3f209000 rwxp 00008000 08:13 3163192                    /usr/lib/jvm/java-6-sun-1.6.0.13/jre/lib/amd64/jli/libjli.so
7f3b3f209000-7f3b3f20a000 rwxp 7f3b3f209000 00:00 0 
7f3b3f20a000-7f3b3f20d000 r-xs 000cb000 08:13 3162696                    /usr/lib/jvm/java-6-sun-1.6.0.13/jre/lib/ext/localedata.jar
7f3b3f20d000-7f3b3f210000 r-xs 00000000 08:13 3196574                    /var/cache/fontconfig/7ef2298fde41cc6eeb7af42e48b7d293-x86-64.cache-2
7f3b3f210000-7f3b3f214000 r-xs 00042000 08:11 181747                     /home/epsilon/NetBeansProjects/EpsilonUtils/trunk/dist/EpsilonYUtil.jar
7f3b3f214000-7f3b3f21b000 r-xs 00000000 08:13 2803699                    /usr/lib/gconv/gconv-modules.cache
7f3b3f21b000-7f3b3f223000 rwxs 00000000 08:13 376922                     /tmp/hsperfdata_epsilon/2851
7f3b3f223000-7f3b3f224000 rwxp 7f3b3f223000 00:00 0 
7f3b3f224000-7f3b3f225000 r-xp 7f3b3f224000 00:00 0 
7f3b3f225000-7f3b3f228000 rwxp 7f3b3f225000 00:00 0 
7f3b3f228000-7f3b3f229000 r-xp 0001f000 08:13 213006                     /lib/ld-2.9.so
7f3b3f229000-7f3b3f22a000 rwxp 00020000 08:13 213006                     /lib/ld-2.9.so
7fff47215000-7fff4722a000 rwxp 7ffffffea000 00:00 0                      [stack]
7fff473ff000-7fff47400000 r-xp 7fff473ff000 00:00 0                      [vdso]
ffffffffff600000-ffffffffff601000 r-xp 00000000 00:00 0                  [vsyscall]

VM Arguments:
jvm_args: -Dawt.useSystemAAFontSettings=on 
java_command: net.epsilony.simpmeshfree.model.ModelTestFrame
Launcher Type: SUN_STANDARD

Environment Variables:
_JAVA_OPTIONS=-Dawt.useSystemAAFontSettings=on
PATH=/usr/local/sbin:/usr/local/bin:/usr/sbin:/usr/bin:/sbin:/bin:/usr/games
USERNAME=epsilon
LD_LIBRARY_PATH=/usr/lib/jvm/java-6-sun-1.6.0.13/jre/lib/amd64/server:/usr/lib/jvm/java-6-sun-1.6.0.13/jre/lib/amd64:/usr/lib/jvm/java-6-sun-1.6.0.13/jre/../lib/amd64
SHELL=/bin/bash
DISPLAY=:0.0

Signal Handlers:
SIGSEGV: [libjvm.so+0x5fcd20], sa_mask[0]=0x7ffbfeff, sa_flags=0x10000004
SIGBUS: [libjvm.so+0x5fcd20], sa_mask[0]=0x7ffbfeff, sa_flags=0x10000004
SIGFPE: [libjvm.so+0x4e0eb0], sa_mask[0]=0x7ffbfeff, sa_flags=0x10000004
SIGPIPE: [libjvm.so+0x4e0eb0], sa_mask[0]=0x7ffbfeff, sa_flags=0x10000004
SIGXFSZ: [libjvm.so+0x4e0eb0], sa_mask[0]=0x7ffbfeff, sa_flags=0x10000004
SIGILL: [libjvm.so+0x4e0eb0], sa_mask[0]=0x7ffbfeff, sa_flags=0x10000004
SIGUSR1: SIG_DFL, sa_mask[0]=0x00000000, sa_flags=0x00000000
SIGUSR2: [libjvm.so+0x4e35d0], sa_mask[0]=0x00000004, sa_flags=0x10000004
SIGHUP: [libjvm.so+0x4e3320], sa_mask[0]=0x7ffbfeff, sa_flags=0x10000004
SIGINT: SIG_IGN, sa_mask[0]=0x00000000, sa_flags=0x00000000
SIGTERM: [libjvm.so+0x4e3320], sa_mask[0]=0x7ffbfeff, sa_flags=0x10000004
SIGQUIT: [libjvm.so+0x4e3320], sa_mask[0]=0x7ffbfeff, sa_flags=0x10000004


---------------  S Y S T E M  ---------------

OS:5.0

uname:Linux 2.6.28-12-generic #43-Ubuntu SMP Fri May 1 19:31:32 UTC 2009 x86_64
libc:glibc 2.9 NPTL 2.9 
rlimit: STACK 8192k, CORE 0k, NPROC infinity, NOFILE 1024, AS infinity
load average:2.16 1.07 0.45

CPU:total 2 (2 cores per cpu, 1 threads per core) family 16 model 2 stepping 3, cmov, cx8, fxsr, mmx, sse, sse2, sse3, mmxext, 3dnow, 3dnowext, sse4a

Memory: 4k page, physical 5780180k(3611436k free), swap 3903752k(3865604k free)

vm_info: Java HotSpot(TM) 64-Bit Server VM (11.3-b02) for linux-amd64 JRE (1.6.0_13-b03), built on Mar  9 2009 11:08:22 by "java_re" with gcc 3.2.2 (SuSE Linux)

time: Mon May 18 09:59:33 2009
elapsed time: 0 seconds

