#
# An unexpected error has been detected by Java Runtime Environment:
#
#  SIGSEGV (0xb) at pc=0x00007fffc469411b, pid=5161, tid=140734723500368
#
# Java VM: Java HotSpot(TM) 64-Bit Server VM (11.3-b02 mixed mode linux-amd64)
# Problematic frame:
# C  [libc.so.6+0x8411b]  memcpy+0x15b
#
# If you would like to submit a bug report, please visit:
#   http://java.sun.com/webapps/bugreport/crash.jsp
#

---------------  T H R E A D  ---------------

Current thread (0x0000000040367400):  JavaThread "AWT-EventQueue-0" [_thread_in_vm, id=5177, stack(0x00007fff5b23a000,0x00007fff5b33b000)]

siginfo:si_signo=SIGSEGV: si_errno=0, si_code=2 (SEGV_ACCERR), si_addr=0x00007fff5c450000

Registers:
RAX=0x00007fffa2c066d0, RBX=0x00007fff622d12a0, RCX=0x000000000000000c, RDX=0x0000000000002160
RSP=0x00007fff5b339338, RBP=0x00007fff5b3393c0, RSI=0x00007fff5c450000, RDI=0x00007fffa2c087d0
R8 =0x0000000000000ffc, R9 =0x00007fffc44e05b8, R10=0x00007fffc44e4028, R11=0x0000000000002160
R12=0x0000000000002160, R13=0x0000000000000000, R14=0x0000000040368d98, R15=0x00007fff5b339350
RIP=0x00007fffc469411b, EFL=0x0000000000010212, CSGSFS=0x0000000000000033, ERR=0x0000000000000004
  TRAPNO=0x000000000000000e

Top of Stack: (sp=0x00007fff5b339338)
0x00007fff5b339338:   00007fffc403c600 00000000403675c0
0x00007fff5b339348:   00007fff5c44df00 0000000040367400
0x00007fff5b339358:   0000000000000000 0000000040367400
0x00007fff5b339368:   0000000000000000 0000000040367400
0x00007fff5b339378:   00007fff5b3394b8 0000000040367400
0x00007fff5b339388:   00007fffc468a276 0000000040367400
0x00007fff5b339398:   0000000040368d98 00007fff5c236e60
0x00007fff5b3393a8:   00007fff5c236db0 00007fff5b3394b8
0x00007fff5b3393b8:   0000000040368d40 00000000403675c0
0x00007fff5b3393c8:   00007fff5ae17486 00007fff5c236d00
0x00007fff5b3393d8:   0000000040368d48 0000000040368d50
0x00007fff5b3393e8:   0000000040368d58 0000000040368d60
0x00007fff5b3393f8:   0000000040367b48 0000000040368d68
0x00007fff5b339408:   0000000040367b90 0101010100367400
0x00007fff5b339418:   00007fff62cc7f70 00007fff5b339498
0x00007fff5b339428:   0000000000000101 00007fff62cc7f70
0x00007fff5b339438:   00007fff5b3394b8 0000000040367400
0x00007fff5b339448:   00007fffbfade852 0000000040367400
0x00007fff5b339458:   00007fff5b339458 00007fff62cc7f70
0x00007fff5b339468:   00007fff5b3394b8 00007fff62cc89a8
0x00007fff5b339478:   0000000000000000 00007fff62cc7f70
0x00007fff5b339488:   0000000000000000 00007fff5b3394b8
0x00007fff5b339498:   00007fff5b339500 00007fffbfad3322
0x00007fff5b3394a8:   0000000000000000 00007fffbfadb358
0x00007fff5b3394b8:   00007fffa2bdaac0 00007fff5b3394c0
0x00007fff5b3394c8:   00007fff62cc6a4d 00007fff5b339548
0x00007fff5b3394d8:   00007fff62cc89a8 0000000000000000
0x00007fff5b3394e8:   00007fff62cc6ad8 00007fff5b3394b8
0x00007fff5b3394f8:   00007fff5b339538 00007fff5b339590
0x00007fff5b339508:   00007fffbfad3322 0000000000000000
0x00007fff5b339518:   00007fffa2c02668 0000000000000000
0x00007fff5b339528:   00007fffa2c02650 00007fffa2c022b8 

Instructions: (pc=0x00007fffc469411b)
0x00007fffc469410b:   0f 47 da 4c 89 d9 49 83 e3 f8 48 c1 e9 03 74 05
0x00007fffc469411b:   f3 48 a5 66 90 4c 29 da 48 f7 c2 f8 ff ff ff 75 

Stack: [0x00007fff5b23a000,0x00007fff5b33b000],  sp=0x00007fff5b339338,  free space=1020k
Native frames: (J=compiled Java code, j=interpreted, Vv=VM code, C=native code)
C  [libc.so.6+0x8411b]  memcpy+0x15b

Java frames: (J=compiled Java code, j=interpreted, Vv=VM code)
j  net.epsilony.simpmeshfree.model.geometry.TriangleJni.triangleFun()V+0
j  net.epsilony.simpmeshfree.model.geometry.TriangleJni.complie(Lnet/epsilony/simpmeshfree/model/geometry/GeometryModel;Ljava/lang/String;)V+141
j  net.epsilony.simpmeshfree.model.mechanics.MechanicsModel.generateNodesByTriangle(DDLjava/lang/String;ZZ)V+110
j  net.epsilony.simpmeshfree.model.ModelTestFrame.<init>()V+599
j  net.epsilony.simpmeshfree.model.ModelTestFrame$1.run()V+4
j  java.awt.event.InvocationEvent.dispatch()V+47
j  java.awt.EventQueue.dispatchEvent(Ljava/awt/AWTEvent;)V+26
j  java.awt.EventDispatchThread.pumpOneEventForFilters(I)Z+204
j  java.awt.EventDispatchThread.pumpEventsForFilter(ILjava/awt/Conditional;Ljava/awt/EventFilter;)V+30
j  java.awt.EventDispatchThread.pumpEventsForHierarchy(ILjava/awt/Conditional;Ljava/awt/Component;)V+11
j  java.awt.EventDispatchThread.pumpEvents(ILjava/awt/Conditional;)V+4
j  java.awt.EventDispatchThread.pumpEvents(Ljava/awt/Conditional;)V+3
j  java.awt.EventDispatchThread.run()V+9
v  ~StubRoutines::call_stub

---------------  P R O C E S S  ---------------

Java Threads: ( => current thread )
  0x00007fff5c2de800 JavaThread "Thread-3" [_thread_blocked, id=5179, stack(0x00007fff5b038000,0x00007fff5b139000)]
  0x00007fff5c325c00 JavaThread "Thread-2" [_thread_blocked, id=5178, stack(0x00007fff5b139000,0x00007fff5b23a000)]
  0x0000000040146000 JavaThread "DestroyJavaVM" [_thread_blocked, id=5162, stack(0x00007fffc3970000,0x00007fffc3a71000)]
=>0x0000000040367400 JavaThread "AWT-EventQueue-0" [_thread_in_vm, id=5177, stack(0x00007fff5b23a000,0x00007fff5b33b000)]
  0x0000000040360c00 JavaThread "AWT-Shutdown" [_thread_blocked, id=5176, stack(0x00007fff5b33b000,0x00007fff5b43c000)]
  0x000000004035f800 JavaThread "AWT-XAWT" daemon [_thread_in_native, id=5175, stack(0x00007fff5b43c000,0x00007fff5b53d000)]
  0x0000000040276800 JavaThread "Java2D Disposer" daemon [_thread_blocked, id=5174, stack(0x00007fff5bb56000,0x00007fff5bc57000)]
  0x00007fff5c002400 JavaThread "Low Memory Detector" daemon [_thread_blocked, id=5171, stack(0x00007fff6126b000,0x00007fff6136c000)]
  0x00000000401f9800 JavaThread "CompilerThread1" daemon [_thread_in_native, id=5170, stack(0x00007fff6136c000,0x00007fff6146d000)]
  0x00000000401f7000 JavaThread "CompilerThread0" daemon [_thread_in_native, id=5169, stack(0x00007fff6146d000,0x00007fff6156e000)]
  0x00000000401f5000 JavaThread "Signal Dispatcher" daemon [_thread_blocked, id=5168, stack(0x00007fff6156e000,0x00007fff6166f000)]
  0x00000000401d3c00 JavaThread "Finalizer" daemon [_thread_blocked, id=5167, stack(0x00007fff616ae000,0x00007fff617af000)]
  0x00000000401cc800 JavaThread "Reference Handler" daemon [_thread_blocked, id=5166, stack(0x00007fff617af000,0x00007fff618b0000)]

Other Threads:
  0x00000000401c7000 VMThread [stack: 0x00007fff618b0000,0x00007fff619b1000] [id=5165]
  0x00007fff5c004c00 WatcherThread [stack: 0x00007fff6116a000,0x00007fff6126b000] [id=5172]

VM state:not at safepoint (normal execution)

VM Mutex/Monitor currently owned by a thread: None

Heap
 PSYoungGen      total 26368K, used 18893K [0x00007fffa2430000, 0x00007fffa4190000, 0x00007fffbfad0000)
  eden space 22656K, 83% used [0x00007fffa2430000,0x00007fffa36a36a8,0x00007fffa3a50000)
  from space 3712K, 0% used [0x00007fffa3df0000,0x00007fffa3df0000,0x00007fffa4190000)
  to   space 3712K, 0% used [0x00007fffa3a50000,0x00007fffa3a50000,0x00007fffa3df0000)
 PSOldGen        total 60288K, used 0K [0x00007fff676d0000, 0x00007fff6b1b0000, 0x00007fffa2430000)
  object space 60288K, 0% used [0x00007fff676d0000,0x00007fff676d0000,0x00007fff6b1b0000)
 PSPermGen       total 21248K, used 10218K [0x00007fff622d0000, 0x00007fff63790000, 0x00007fff676d0000)
  object space 21248K, 48% used [0x00007fff622d0000,0x00007fff62ccaa28,0x00007fff63790000)

Dynamic libraries:
40000000-40009000 r-xp 00000000 08:13 3163089                            /usr/lib/jvm/java-6-sun-1.6.0.13/jre/bin/java
40108000-4010a000 rwxp 00008000 08:13 3163089                            /usr/lib/jvm/java-6-sun-1.6.0.13/jre/bin/java
4013e000-40463000 rwxp 4013e000 00:00 0                                  [heap]
7fff5a8ee000-7fff5a904000 r-xp 00000000 08:13 213005                     /lib/libgcc_s.so.1
7fff5a904000-7fff5ab04000 ---p 00016000 08:13 213005                     /lib/libgcc_s.so.1
7fff5ab04000-7fff5ab05000 r-xp 00016000 08:13 213005                     /lib/libgcc_s.so.1
7fff5ab05000-7fff5ab06000 rwxp 00017000 08:13 213005                     /lib/libgcc_s.so.1
7fff5ab06000-7fff5abf7000 r-xp 00000000 08:13 2802601                    /usr/lib/libstdc++.so.6.0.10
7fff5abf7000-7fff5adf7000 ---p 000f1000 08:13 2802601                    /usr/lib/libstdc++.so.6.0.10
7fff5adf7000-7fff5adfe000 r-xp 000f1000 08:13 2802601                    /usr/lib/libstdc++.so.6.0.10
7fff5adfe000-7fff5ae00000 rwxp 000f8000 08:13 2802601                    /usr/lib/libstdc++.so.6.0.10
7fff5ae00000-7fff5ae13000 rwxp 7fff5ae00000 00:00 0 
7fff5ae13000-7fff5ae37000 r-xp 00000000 08:13 1942103                    /usr/lib/TriangleJniAmd64.so
7fff5ae37000-7fff5b036000 ---p 00024000 08:13 1942103                    /usr/lib/TriangleJniAmd64.so
7fff5b036000-7fff5b037000 r-xp 00023000 08:13 1942103                    /usr/lib/TriangleJniAmd64.so
7fff5b037000-7fff5b038000 rwxp 00024000 08:13 1942103                    /usr/lib/TriangleJniAmd64.so
7fff5b038000-7fff5b03b000 ---p 7fff5b038000 00:00 0 
7fff5b03b000-7fff5b139000 rwxp 7fff5b03b000 00:00 0 
7fff5b139000-7fff5b13c000 ---p 7fff5b139000 00:00 0 
7fff5b13c000-7fff5b23a000 rwxp 7fff5b13c000 00:00 0 
7fff5b23a000-7fff5b23d000 ---p 7fff5b23a000 00:00 0 
7fff5b23d000-7fff5b33b000 rwxp 7fff5b23d000 00:00 0 
7fff5b33b000-7fff5b33e000 ---p 7fff5b33b000 00:00 0 
7fff5b33e000-7fff5b43c000 rwxp 7fff5b33e000 00:00 0 
7fff5b43c000-7fff5b43f000 ---p 7fff5b43c000 00:00 0 
7fff5b43f000-7fff5b53d000 rwxp 7fff5b43f000 00:00 0 
7fff5b53d000-7fff5b542000 r-xp 00000000 08:13 2805390                    /usr/lib/libXfixes.so.3.1.0
7fff5b542000-7fff5b741000 ---p 00005000 08:13 2805390                    /usr/lib/libXfixes.so.3.1.0
7fff5b741000-7fff5b742000 rwxp 00004000 08:13 2805390                    /usr/lib/libXfixes.so.3.1.0
7fff5b742000-7fff5b74b000 r-xp 00000000 08:13 2805803                    /usr/lib/libXrender.so.1.3.0
7fff5b74b000-7fff5b94a000 ---p 00009000 08:13 2805803                    /usr/lib/libXrender.so.1.3.0
7fff5b94a000-7fff5b94b000 r-xp 00008000 08:13 2805803                    /usr/lib/libXrender.so.1.3.0
7fff5b94b000-7fff5b94c000 rwxp 00009000 08:13 2805803                    /usr/lib/libXrender.so.1.3.0
7fff5b94c000-7fff5b955000 r-xp 00000000 08:13 2805843                    /usr/lib/libXcursor.so.1.0.2
7fff5b955000-7fff5bb55000 ---p 00009000 08:13 2805843                    /usr/lib/libXcursor.so.1.0.2
7fff5bb55000-7fff5bb56000 rwxp 00009000 08:13 2805843                    /usr/lib/libXcursor.so.1.0.2
7fff5bb56000-7fff5bb59000 ---p 7fff5bb56000 00:00 0 
7fff5bb59000-7fff5bc57000 rwxp 7fff5bb59000 00:00 0 
7fff5bc57000-7fff5bcd5000 r-xp 00000000 08:13 3163204                    /usr/lib/jvm/java-6-sun-1.6.0.13/jre/lib/amd64/libfontmanager.so
7fff5bcd5000-7fff5bdd4000 ---p 0007e000 08:13 3163204                    /usr/lib/jvm/java-6-sun-1.6.0.13/jre/lib/amd64/libfontmanager.so
7fff5bdd4000-7fff5bdea000 rwxp 0007d000 08:13 3163204                    /usr/lib/jvm/java-6-sun-1.6.0.13/jre/lib/amd64/libfontmanager.so
7fff5bdea000-7fff5bdfb000 rwxp 7fff5bdea000 00:00 0 
7fff5bdfb000-7fff5be00000 r-xp 00000000 08:13 2805384                    /usr/lib/libXdmcp.so.6.0.0
7fff5be00000-7fff5bfff000 ---p 00005000 08:13 2805384                    /usr/lib/libXdmcp.so.6.0.0
7fff5bfff000-7fff5c000000 rwxp 00004000 08:13 2805384                    /usr/lib/libXdmcp.so.6.0.0
7fff5c000000-7fff5c483000 rwxp 7fff5c000000 00:00 0 
7fff5c483000-7fff60000000 ---p 7fff5c483000 00:00 0 
7fff60090000-7fff60099000 r-xs 00000000 08:13 3197464                    /var/cache/fontconfig/945677eb7aeaf62f1d50efc3fb3ec7d8-x86-64.cache-2
7fff60099000-7fff6009b000 r-xs 00000000 08:13 3197468                    /var/cache/fontconfig/99e8ed0e538f840c565b6ed5dad60d56-x86-64.cache-2
7fff6009b000-7fff6009e000 r-xs 00000000 08:13 3197466                    /var/cache/fontconfig/e383d7ea5fbe662a33d9b44caf393297-x86-64.cache-2
7fff6009e000-7fff600a2000 r-xs 00000000 08:13 3197459                    /var/cache/fontconfig/6eb3985aa4124903f6ff08ba781cd364-x86-64.cache-2
7fff600a2000-7fff600a3000 r-xs 00000000 08:13 3197445                    /var/cache/fontconfig/4c73fe0c47614734b17d736dbde7580a-x86-64.cache-2
7fff600a3000-7fff600a7000 r-xs 00000000 08:13 3196573                    /var/cache/fontconfig/a755afe4a08bf5b97852ceb7400b47bc-x86-64.cache-2
7fff600a7000-7fff600b0000 r-xs 00000000 08:13 3197440                    /var/cache/fontconfig/6d41288fd70b0be22e8c3a91e032eec0-x86-64.cache-2
7fff600b0000-7fff600b3000 r-xs 00000000 08:13 3197439                    /var/cache/fontconfig/de156ccd2eddbdc19d37a45b8b2aac9c-x86-64.cache-2
7fff600b3000-7fff600be000 r-xs 00000000 08:13 3197435                    /var/cache/fontconfig/e3de0de479f42330eadf588a55fb5bf4-x86-64.cache-2
7fff600be000-7fff600cd000 r-xs 00000000 08:13 3197434                    /var/cache/fontconfig/0f34bcd4b6ee430af32735b75db7f02b-x86-64.cache-2
7fff600cd000-7fff600d0000 r-xs 00000000 08:13 3197433                    /var/cache/fontconfig/ddd4086aec35a5275babba44bb759c3c-x86-64.cache-2
7fff600d0000-7fff600d1000 r-xs 00000000 08:13 3197424                    /var/cache/fontconfig/4794a0821666d79190d59a36cb4f44b5-x86-64.cache-2
7fff600d1000-7fff600da000 r-xs 00000000 08:13 3197417                    /var/cache/fontconfig/d52a8644073d54c13679302ca1180695-x86-64.cache-2
7fff600da000-7fff600f5000 r-xp 00000000 08:13 2805386                    /usr/lib/libxcb.so.1.1.0
7fff600f5000-7fff602f4000 ---p 0001b000 08:13 2805386                    /usr/lib/libxcb.so.1.1.0
7fff602f4000-7fff602f5000 r-xp 0001a000 08:13 2805386                    /usr/lib/libxcb.so.1.1.0
7fff602f5000-7fff602f6000 rwxp 0001b000 08:13 2805386                    /usr/lib/libxcb.so.1.1.0
7fff602f6000-7fff602f8000 r-xp 00000000 08:13 2805382                    /usr/lib/libXau.so.6.0.0
7fff602f8000-7fff604f7000 ---p 00002000 08:13 2805382                    /usr/lib/libXau.so.6.0.0
7fff604f7000-7fff604f8000 r-xp 00001000 08:13 2805382                    /usr/lib/libXau.so.6.0.0
7fff604f8000-7fff604f9000 rwxp 00002000 08:13 2805382                    /usr/lib/libXau.so.6.0.0
7fff604f9000-7fff60502000 r-xp 00000000 08:13 2805586                    /usr/lib/libXi.so.6.0.0
7fff60502000-7fff60702000 ---p 00009000 08:13 2805586                    /usr/lib/libXi.so.6.0.0
7fff60702000-7fff60703000 r-xp 00009000 08:13 2805586                    /usr/lib/libXi.so.6.0.0
7fff60703000-7fff60704000 rwxp 0000a000 08:13 2805586                    /usr/lib/libXi.so.6.0.0
7fff60704000-7fff60709000 r-xp 00000000 08:13 2806834                    /usr/lib/libXtst.so.6.1.0
7fff60709000-7fff60909000 ---p 00005000 08:13 2806834                    /usr/lib/libXtst.so.6.1.0
7fff60909000-7fff6090a000 r-xp 00005000 08:13 2806834                    /usr/lib/libXtst.so.6.1.0
7fff6090a000-7fff6090b000 rwxp 00006000 08:13 2806834                    /usr/lib/libXtst.so.6.1.0
7fff6090b000-7fff60a0d000 r-xp 00000000 08:13 2805388                    /usr/lib/libX11.so.6.2.0
7fff60a0d000-7fff60c0d000 ---p 00102000 08:13 2805388                    /usr/lib/libX11.so.6.2.0
7fff60c0d000-7fff60c0e000 r-xp 00102000 08:13 2805388                    /usr/lib/libX11.so.6.2.0
7fff60c0e000-7fff60c12000 rwxp 00103000 08:13 2805388                    /usr/lib/libX11.so.6.2.0
7fff60c12000-7fff60c23000 r-xp 00000000 08:13 2805394                    /usr/lib/libXext.so.6.4.0
7fff60c23000-7fff60e22000 ---p 00011000 08:13 2805394                    /usr/lib/libXext.so.6.4.0
7fff60e22000-7fff60e23000 r-xp 00010000 08:13 2805394                    /usr/lib/libXext.so.6.4.0
7fff60e23000-7fff60e24000 rwxp 00011000 08:13 2805394                    /usr/lib/libXext.so.6.4.0
7fff60e25000-7fff60e31000 r-xs 00000000 08:13 3197416                    /var/cache/fontconfig/089dead882dea3570ffc31a9898cfb69-x86-64.cache-2
7fff60e31000-7fff60e35000 r-xs 00000000 08:13 3197398                    /var/cache/fontconfig/cabbd14511b9e8a55e92af97fb3a0461-x86-64.cache-2
7fff60e35000-7fff60e3f000 r-xs 00000000 08:13 3195524                    /var/cache/fontconfig/e13b20fdb08344e0e664864cc2ede53d-x86-64.cache-2
7fff60e3f000-7fff60e80000 r-xp 00000000 08:13 3163194                    /usr/lib/jvm/java-6-sun-1.6.0.13/jre/lib/amd64/xawt/libmawt.so
7fff60e80000-7fff60f7f000 ---p 00041000 08:13 3163194                    /usr/lib/jvm/java-6-sun-1.6.0.13/jre/lib/amd64/xawt/libmawt.so
7fff60f7f000-7fff60f8b000 rwxp 00040000 08:13 3163194                    /usr/lib/jvm/java-6-sun-1.6.0.13/jre/lib/amd64/xawt/libmawt.so
7fff60f8b000-7fff60f8c000 rwxp 7fff60f8b000 00:00 0 
7fff60f8c000-7fff6101e000 r-xp 00000000 08:13 3163239                    /usr/lib/jvm/java-6-sun-1.6.0.13/jre/lib/amd64/libawt.so
7fff6101e000-7fff6111d000 ---p 00092000 08:13 3163239                    /usr/lib/jvm/java-6-sun-1.6.0.13/jre/lib/amd64/libawt.so
7fff6111d000-7fff61136000 rwxp 00091000 08:13 3163239                    /usr/lib/jvm/java-6-sun-1.6.0.13/jre/lib/amd64/libawt.so
7fff61136000-7fff6115b000 rwxp 7fff61136000 00:00 0 
7fff6115b000-7fff61162000 r-xs 00059000 08:11 1172178                    /home/epsilon/文档/4_java/javaTools/apache-log4j-1.2.15/log4j-1.2.15.jar
7fff61162000-7fff6116a000 r-xs 0004b000 08:11 162661                     /home/epsilon/文档/4_java/javaTools/commons-math-1.2/commons-math-1.2.jar
7fff6116a000-7fff6116b000 ---p 7fff6116a000 00:00 0 
7fff6116b000-7fff6126b000 rwxp 7fff6116b000 00:00 0 
7fff6126b000-7fff6126e000 ---p 7fff6126b000 00:00 0 
7fff6126e000-7fff6136c000 rwxp 7fff6126e000 00:00 0 
7fff6136c000-7fff6136f000 ---p 7fff6136c000 00:00 0 
7fff6136f000-7fff6146d000 rwxp 7fff6136f000 00:00 0 
7fff6146d000-7fff61470000 ---p 7fff6146d000 00:00 0 
7fff61470000-7fff6156e000 rwxp 7fff61470000 00:00 0 
7fff6156e000-7fff61571000 ---p 7fff6156e000 00:00 0 
7fff61571000-7fff6166f000 rwxp 7fff61571000 00:00 0 
7fff6166f000-7fff616ae000 r-xp 00000000 08:13 2827839                    /usr/lib/locale/zh_CN.utf8/LC_CTYPE
7fff616ae000-7fff616b1000 ---p 7fff616ae000 00:00 0 
7fff616b1000-7fff617af000 rwxp 7fff616b1000 00:00 0 
7fff617af000-7fff617b2000 ---p 7fff617af000 00:00 0 
7fff617b2000-7fff618b0000 rwxp 7fff617b2000 00:00 0 
7fff618b0000-7fff618b1000 ---p 7fff618b0000 00:00 0 
7fff618b1000-7fff61a26000 rwxp 7fff618b1000 00:00 0 
7fff61a26000-7fff61bb8000 r-xs 02f34000 08:13 2942580                    /usr/lib/jvm/java-6-sun-1.6.0.13/jre/lib/rt.jar
7fff61bb8000-7fff61be0000 rwxp 7fff61bb8000 00:00 0 
7fff61be0000-7fff61be1000 ---p 7fff61be0000 00:00 0 
7fff61be1000-7fff61ce1000 rwxp 7fff61be1000 00:00 0 
7fff61ce1000-7fff61ce2000 ---p 7fff61ce1000 00:00 0 
7fff61ce2000-7fff61ded000 rwxp 7fff61ce2000 00:00 0 
7fff61ded000-7fff61e0c000 rwxp 7fff61ded000 00:00 0 
7fff61e0c000-7fff61e2a000 rwxp 7fff61e0c000 00:00 0 
7fff61e2a000-7fff61fe3000 rwxp 7fff61e2a000 00:00 0 
7fff61fe3000-7fff61fee000 rwxp 7fff61fe3000 00:00 0 
7fff61fee000-7fff6200d000 rwxp 7fff61fee000 00:00 0 
7fff6200d000-7fff6202b000 rwxp 7fff6200d000 00:00 0 
7fff6202b000-7fff621e3000 rwxp 7fff6202b000 00:00 0 
7fff621e3000-7fff621f3000 rwxp 7fff621e3000 00:00 0 
7fff621f3000-7fff622cf000 rwxp 7fff621f3000 00:00 0 
7fff622cf000-7fff63790000 rwxp 7fff622cf000 00:00 0 
7fff63790000-7fff676d0000 rwxp 7fff63790000 00:00 0 
7fff676d0000-7fff6b1b0000 rwxp 7fff676d0000 00:00 0 
7fff6b1b0000-7fffa2430000 rwxp 7fff6b1b0000 00:00 0 
7fffa2430000-7fffa4190000 rwxp 7fffa2430000 00:00 0 
7fffa4190000-7fffbfad0000 rwxp 7fffa4190000 00:00 0 
7fffbfad0000-7fffbfd40000 rwxp 7fffbfad0000 00:00 0 
7fffbfd40000-7fffc2ad0000 rwxp 7fffbfd40000 00:00 0 
7fffc2ad0000-7fffc2ade000 r-xp 00000000 08:13 3163206                    /usr/lib/jvm/java-6-sun-1.6.0.13/jre/lib/amd64/libzip.so
7fffc2ade000-7fffc2be0000 ---p 0000e000 08:13 3163206                    /usr/lib/jvm/java-6-sun-1.6.0.13/jre/lib/amd64/libzip.so
7fffc2be0000-7fffc2be3000 rwxp 00010000 08:13 3163206                    /usr/lib/jvm/java-6-sun-1.6.0.13/jre/lib/amd64/libzip.so
7fffc2be3000-7fffc2be4000 rwxp 7fffc2be3000 00:00 0 
7fffc2be4000-7fffc2c0d000 r-xp 00000000 08:13 3163219                    /usr/lib/jvm/java-6-sun-1.6.0.13/jre/lib/amd64/libjava.so
7fffc2c0d000-7fffc2d0c000 ---p 00029000 08:13 3163219                    /usr/lib/jvm/java-6-sun-1.6.0.13/jre/lib/amd64/libjava.so
7fffc2d0c000-7fffc2d13000 rwxp 00028000 08:13 3163219                    /usr/lib/jvm/java-6-sun-1.6.0.13/jre/lib/amd64/libjava.so
7fffc2d13000-7fffc2d20000 r-xp 00000000 08:13 3163201                    /usr/lib/jvm/java-6-sun-1.6.0.13/jre/lib/amd64/libverify.so
7fffc2d20000-7fffc2e1f000 ---p 0000d000 08:13 3163201                    /usr/lib/jvm/java-6-sun-1.6.0.13/jre/lib/amd64/libverify.so
7fffc2e1f000-7fffc2e22000 rwxp 0000c000 08:13 3163201                    /usr/lib/jvm/java-6-sun-1.6.0.13/jre/lib/amd64/libverify.so
7fffc2e22000-7fffc2e2e000 r-xp 00000000 08:13 213021                     /lib/libnss_files-2.9.so
7fffc2e2e000-7fffc302d000 ---p 0000c000 08:13 213021                     /lib/libnss_files-2.9.so
7fffc302d000-7fffc302e000 r-xp 0000b000 08:13 213021                     /lib/libnss_files-2.9.so
7fffc302e000-7fffc302f000 rwxp 0000c000 08:13 213021                     /lib/libnss_files-2.9.so
7fffc302f000-7fffc3039000 r-xp 00000000 08:13 213023                     /lib/libnss_nis-2.9.so
7fffc3039000-7fffc3238000 ---p 0000a000 08:13 213023                     /lib/libnss_nis-2.9.so
7fffc3238000-7fffc3239000 r-xp 00009000 08:13 213023                     /lib/libnss_nis-2.9.so
7fffc3239000-7fffc323a000 rwxp 0000a000 08:13 213023                     /lib/libnss_nis-2.9.so
7fffc323a000-7fffc3242000 r-xp 00000000 08:13 213019                     /lib/libnss_compat-2.9.so
7fffc3242000-7fffc3441000 ---p 00008000 08:13 213019                     /lib/libnss_compat-2.9.so
7fffc3441000-7fffc3442000 r-xp 00007000 08:13 213019                     /lib/libnss_compat-2.9.so
7fffc3442000-7fffc3443000 rwxp 00008000 08:13 213019                     /lib/libnss_compat-2.9.so
7fffc3443000-7fffc3459000 r-xp 00000000 08:13 213018                     /lib/libnsl-2.9.so
7fffc3459000-7fffc3659000 ---p 00016000 08:13 213018                     /lib/libnsl-2.9.so
7fffc3659000-7fffc365a000 r-xp 00016000 08:13 213018                     /lib/libnsl-2.9.so
7fffc365a000-7fffc365b000 rwxp 00017000 08:13 213018                     /lib/libnsl-2.9.so
7fffc365b000-7fffc365d000 rwxp 7fffc365b000 00:00 0 
7fffc365d000-7fffc3664000 r-xp 00000000 08:13 3163208                    /usr/lib/jvm/java-6-sun-1.6.0.13/jre/lib/amd64/native_threads/libhpi.so
7fffc3664000-7fffc3765000 ---p 00007000 08:13 3163208                    /usr/lib/jvm/java-6-sun-1.6.0.13/jre/lib/amd64/native_threads/libhpi.so
7fffc3765000-7fffc3767000 rwxp 00008000 08:13 3163208                    /usr/lib/jvm/java-6-sun-1.6.0.13/jre/lib/amd64/native_threads/libhpi.so
7fffc3767000-7fffc3768000 rwxp 7fffc3767000 00:00 0 
7fffc3768000-7fffc376f000 r-xp 00000000 08:13 213028                     /lib/librt-2.9.so
7fffc376f000-7fffc396e000 ---p 00007000 08:13 213028                     /lib/librt-2.9.so
7fffc396e000-7fffc396f000 r-xp 00006000 08:13 213028                     /lib/librt-2.9.so
7fffc396f000-7fffc3970000 rwxp 00007000 08:13 213028                     /lib/librt-2.9.so
7fffc3970000-7fffc3973000 ---p 7fffc3970000 00:00 0 
7fffc3973000-7fffc3a71000 rwxp 7fffc3973000 00:00 0 
7fffc3a71000-7fffc3af5000 r-xp 00000000 08:13 213016                     /lib/libm-2.9.so
7fffc3af5000-7fffc3cf4000 ---p 00084000 08:13 213016                     /lib/libm-2.9.so
7fffc3cf4000-7fffc3cf5000 r-xp 00083000 08:13 213016                     /lib/libm-2.9.so
7fffc3cf5000-7fffc3cf6000 rwxp 00084000 08:13 213016                     /lib/libm-2.9.so
7fffc3cf6000-7fffc4383000 r-xp 00000000 08:13 3163226                    /usr/lib/jvm/java-6-sun-1.6.0.13/jre/lib/amd64/server/libjvm.so
7fffc4383000-7fffc4482000 ---p 0068d000 08:13 3163226                    /usr/lib/jvm/java-6-sun-1.6.0.13/jre/lib/amd64/server/libjvm.so
7fffc4482000-7fffc45d3000 rwxp 0068c000 08:13 3163226                    /usr/lib/jvm/java-6-sun-1.6.0.13/jre/lib/amd64/server/libjvm.so
7fffc45d3000-7fffc4610000 rwxp 7fffc45d3000 00:00 0 
7fffc4610000-7fffc4778000 r-xp 00000000 08:13 213012                     /lib/libc-2.9.so
7fffc4778000-7fffc4978000 ---p 00168000 08:13 213012                     /lib/libc-2.9.so
7fffc4978000-7fffc497c000 r-xp 00168000 08:13 213012                     /lib/libc-2.9.so
7fffc497c000-7fffc497d000 rwxp 0016c000 08:13 213012                     /lib/libc-2.9.so
7fffc497d000-7fffc4982000 rwxp 7fffc497d000 00:00 0 
7fffc4982000-7fffc4984000 r-xp 00000000 08:13 213015                     /lib/libdl-2.9.so
7fffc4984000-7fffc4b84000 ---p 00002000 08:13 213015                     /lib/libdl-2.9.so
7fffc4b84000-7fffc4b85000 r-xp 00002000 08:13 213015                     /lib/libdl-2.9.so
7fffc4b85000-7fffc4b86000 rwxp 00003000 08:13 213015                     /lib/libdl-2.9.so
7fffc4b86000-7fffc4b9d000 r-xp 00000000 08:13 213026                     /lib/libpthread-2.9.so
7fffc4b9d000-7fffc4d9c000 ---p 00017000 08:13 213026                     /lib/libpthread-2.9.so
7fffc4d9c000-7fffc4d9d000 r-xp 00016000 08:13 213026                     /lib/libpthread-2.9.so
7fffc4d9d000-7fffc4d9e000 rwxp 00017000 08:13 213026                     /lib/libpthread-2.9.so
7fffc4d9e000-7fffc4da2000 rwxp 7fffc4d9e000 00:00 0 
7fffc4da2000-7fffc4dc2000 r-xp 00000000 08:13 213006                     /lib/ld-2.9.so
7fffc4dc8000-7fffc4dd6000 r-xs 000ba000 08:11 422677                     /home/epsilon/文档/4_java/javaTools/mtj.jar
7fffc4dd6000-7fffc4de0000 rwxp 7fffc4dd6000 00:00 0 
7fffc4de0000-7fffc4e96000 rwxp 7fffc4de0000 00:00 0 
7fffc4e96000-7fffc4e98000 rwxp 7fffc4e96000 00:00 0 
7fffc4e98000-7fffc4e9f000 r-xp 00000000 08:13 3163192                    /usr/lib/jvm/java-6-sun-1.6.0.13/jre/lib/amd64/jli/libjli.so
7fffc4e9f000-7fffc4fa0000 ---p 00007000 08:13 3163192                    /usr/lib/jvm/java-6-sun-1.6.0.13/jre/lib/amd64/jli/libjli.so
7fffc4fa0000-7fffc4fa2000 rwxp 00008000 08:13 3163192                    /usr/lib/jvm/java-6-sun-1.6.0.13/jre/lib/amd64/jli/libjli.so
7fffc4fa2000-7fffc4fa3000 rwxp 7fffc4fa2000 00:00 0 
7fffc4fa3000-7fffc4fa6000 r-xs 000cb000 08:13 3162696                    /usr/lib/jvm/java-6-sun-1.6.0.13/jre/lib/ext/localedata.jar
7fffc4fa6000-7fffc4fa9000 r-xs 00000000 08:13 3196574                    /var/cache/fontconfig/7ef2298fde41cc6eeb7af42e48b7d293-x86-64.cache-2
7fffc4fa9000-7fffc4fad000 r-xs 00042000 08:11 181747                     /home/epsilon/NetBeansProjects/EpsilonUtils/trunk/dist/EpsilonYUtil.jar
7fffc4fad000-7fffc4fb4000 r-xs 00000000 08:13 2803699                    /usr/lib/gconv/gconv-modules.cache
7fffc4fb4000-7fffc4fbc000 rwxs 00000000 08:13 376960                     /tmp/hsperfdata_epsilon/5161
7fffc4fbc000-7fffc4fbd000 rwxp 7fffc4fbc000 00:00 0 
7fffc4fbd000-7fffc4fbe000 r-xp 7fffc4fbd000 00:00 0 
7fffc4fbe000-7fffc4fc1000 rwxp 7fffc4fbe000 00:00 0 
7fffc4fc1000-7fffc4fc2000 r-xp 0001f000 08:13 213006                     /lib/ld-2.9.so
7fffc4fc2000-7fffc4fc3000 rwxp 00020000 08:13 213006                     /lib/ld-2.9.so
7fffccfad000-7fffccfc2000 rwxp 7ffffffea000 00:00 0                      [stack]
7fffccffe000-7fffccfff000 r-xp 7fffccffe000 00:00 0                      [vdso]
ffffffffff600000-ffffffffff601000 r-xp 00000000 00:00 0                  [vsyscall]

VM Arguments:
jvm_args: -Dawt.useSystemAAFontSettings=on 
java_command: net.epsilony.simpmeshfree.model.ModelTestFrame
Launcher Type: SUN_STANDARD

Environment Variables:
_JAVA_OPTIONS=-Dawt.useSystemAAFontSettings=on
PATH=/usr/local/sbin:/usr/local/bin:/usr/sbin:/usr/bin:/sbin:/bin:/usr/games
USERNAME=epsilon
LD_LIBRARY_PATH=/usr/lib/jvm/java-6-sun-1.6.0.13/jre/lib/amd64/server:/usr/lib/jvm/java-6-sun-1.6.0.13/jre/lib/amd64:/usr/lib/jvm/java-6-sun-1.6.0.13/jre/../lib/amd64
SHELL=/bin/bash
DISPLAY=:0.0

Signal Handlers:
SIGSEGV: [libjvm.so+0x5fcd20], sa_mask[0]=0x7ffbfeff, sa_flags=0x10000004
SIGBUS: [libjvm.so+0x5fcd20], sa_mask[0]=0x7ffbfeff, sa_flags=0x10000004
SIGFPE: [libjvm.so+0x4e0eb0], sa_mask[0]=0x7ffbfeff, sa_flags=0x10000004
SIGPIPE: [libjvm.so+0x4e0eb0], sa_mask[0]=0x7ffbfeff, sa_flags=0x10000004
SIGXFSZ: [libjvm.so+0x4e0eb0], sa_mask[0]=0x7ffbfeff, sa_flags=0x10000004
SIGILL: [libjvm.so+0x4e0eb0], sa_mask[0]=0x7ffbfeff, sa_flags=0x10000004
SIGUSR1: SIG_DFL, sa_mask[0]=0x00000000, sa_flags=0x00000000
SIGUSR2: [libjvm.so+0x4e35d0], sa_mask[0]=0x00000004, sa_flags=0x10000004
SIGHUP: [libjvm.so+0x4e3320], sa_mask[0]=0x7ffbfeff, sa_flags=0x10000004
SIGINT: SIG_IGN, sa_mask[0]=0x00000000, sa_flags=0x00000000
SIGTERM: [libjvm.so+0x4e3320], sa_mask[0]=0x7ffbfeff, sa_flags=0x10000004
SIGQUIT: [libjvm.so+0x4e3320], sa_mask[0]=0x7ffbfeff, sa_flags=0x10000004


---------------  S Y S T E M  ---------------

OS:5.0

uname:Linux 2.6.28-12-generic #43-Ubuntu SMP Fri May 1 19:31:32 UTC 2009 x86_64
libc:glibc 2.9 NPTL 2.9 
rlimit: STACK 8192k, CORE 0k, NPROC infinity, NOFILE 1024, AS infinity
load average:0.34 0.49 0.44

CPU:total 2 (2 cores per cpu, 1 threads per core) family 16 model 2 stepping 3, cmov, cx8, fxsr, mmx, sse, sse2, sse3, mmxext, 3dnow, 3dnowext, sse4a

Memory: 4k page, physical 5780180k(3311568k free), swap 3903752k(3865604k free)

vm_info: Java HotSpot(TM) 64-Bit Server VM (11.3-b02) for linux-amd64 JRE (1.6.0_13-b03), built on Mar  9 2009 11:08:22 by "java_re" with gcc 3.2.2 (SuSE Linux)

time: Mon May 18 10:26:56 2009
elapsed time: 0 seconds

