#
# An unexpected error has been detected by Java Runtime Environment:
#
#  SIGSEGV (0xb) at pc=0x00007f40a9dc8392, pid=25262, tid=139915709729104
#
# Java VM: Java HotSpot(TM) 64-Bit Server VM (11.3-b02 mixed mode linux-amd64)
# Problematic frame:
# C  [TriangleJniAmd64.so+0x1b392]  insertsegment+0x92
#
# If you would like to submit a bug report, please visit:
#   http://java.sun.com/webapps/bugreport/crash.jsp
# The crash happened outside the Java Virtual Machine in native code.
# See problematic frame for where to report the bug.
#

---------------  T H R E A D  ---------------

Current thread (0x00007f40ac0c4000):  JavaThread "AWT-EventQueue-0" [_thread_in_native, id=25277, stack(0x00007f40aa1d4000,0x00007f40aa2d5000)]

siginfo:si_signo=SIGSEGV: si_errno=0, si_code=1 (SEGV_MAPERR), si_addr=0x00007f4000000018

Registers:
RAX=0x0000000000000000, RBX=0x00007f40ac53c460, RCX=0x00007f4000000000, RDX=0x00007f40a9fd1458
RSP=0x00007f40aa2bee30, RBP=0x00007f40aa2bef50, RSI=0x00007f40aa2d3330, RDI=0x00007f40aa2bef50
R8 =0x0000000000000001, R9 =0x0000000000000001, R10=0x0000000000000020, R11=0x0000000000000000
R12=0x00007f40ac53c480, R13=0x00007f40aa2d3330, R14=0x0000000000000001, R15=0x00007f40aa2bef50
RIP=0x00007f40a9dc8392, EFL=0x0000000000010206, CSGSFS=0x0000000000000033, ERR=0x0000000000000004
  TRAPNO=0x000000000000000e

Top of Stack: (sp=0x00007f40aa2bee30)
0x00007f40aa2bee30:   0000000000000500 00007f41138fc780
0x00007f40aa2bee40:   00007f40a9dcdca8 000000000000002e
0x00007f40aa2bee50:   00007f4000000000 00007f4000000002
0x00007f40aa2bee60:   00007f40aa2bef50 00007f40aa2d3330
0x00007f40aa2bee70:   0000000000000002 00007f40ac5180c0
0x00007f40aa2bee80:   0000000000000000 00007f40ac407340
0x00007f40aa2bee90:   00007f40aa2bef50 00007f40a9dc8815
0x00007f40aa2beea0:   00007f40aa2beec0 00007f40ac407340
0x00007f40aa2beeb0:   00007f40ac53c460 000000011bfff551
0x00007f40aa2beec0:   0000007475706e69 00007f40aa2d3450
0x00007f40aa2beed0:   00007f40aa2beef0 00007f40ac093100
0x00007f40aa2beee0:   00007f40ac0931b0 0000000000000000
0x00007f40aa2beef0:   00007f40aa2d3330 00007f40aa2bef50
0x00007f40aa2bef00:   00007f40aa2d3450 00007f40a9dcc539
0x00007f40aa2bef10:   0000000000000000 0000000000000000
0x00007f40aa2bef20:   0000000000000000 00007f40ac0c6a10
0x00007f40aa2bef30:   0000000000000000 0000000000000000
0x00007f40aa2bef40:   00007f40b005bf90 00007f40ac21ece0
0x00007f40aa2bef50:   00007f40ac55c3f0 00007f40ac55c3f0
0x00007f40aa2bef60:   00007f40ac589370 00007f40ac561d28
0x00007f40aa2bef70:   00007f40ac55c3f0 00007f40ac589370
0x00007f40aa2bef80:   0000004800000008 0000117e00000ffc
0x00007f40aa2bef90:   00000000000004fe 00000000000009fe
0x00007f40aa2befa0:   0000078000000780 00007f40ac491b70
0x00007f40aa2befb0:   00007f40ac491b70 00007f40ac491b80
0x00007f40aa2befc0:   0000000000000000 0000000000000000
0x00007f40aa2befd0:   0000000000000000 0000004800000008
0x00007f40aa2befe0:   000001fc000001fc 0000000000000000
0x00007f40aa2beff0:   0000000000000000 00000000000001fc
0x00007f40aa2bf000:   00007f40ac53c450 00007f40ac53c450
0x00007f40aa2bf010:   00007f40ac54dc60 0000000000000000
0x00007f40aa2bf020:   00007f40ac53c450 00007f40ac54dc60 

Instructions: (pc=0x00007f40a9dc8392)
0x00007f40a9dc8382:   24 28 48 98 48 31 c1 48 63 04 82 48 89 4c 24 20
0x00007f40a9dc8392:   48 8b 44 c1 18 48 39 d8 4c 8d 7c 24 20 74 39 48 

Stack: [0x00007f40aa1d4000,0x00007f40aa2d5000],  sp=0x00007f40aa2bee30,  free space=939k
Native frames: (J=compiled Java code, j=interpreted, Vv=VM code, C=native code)
C  [TriangleJniAmd64.so+0x1b392]  insertsegment+0x92

Java frames: (J=compiled Java code, j=interpreted, Vv=VM code)
j  net.epsilony.simpmeshfree.model.geometry.TriangleJni.triangleFun()V+0
j  net.epsilony.simpmeshfree.model.geometry.TriangleJni.complie(Lnet/epsilony/simpmeshfree/model/geometry/GeometryModel;Ljava/lang/String;)V+78
j  net.epsilony.simpmeshfree.model.mechanics.MechanicsModel.generateQuadratureDomainsByTriangle(DDLjava/lang/String;)V+60
j  net.epsilony.simpmeshfree.model.ModelTestFrame.<init>()V+492
j  net.epsilony.simpmeshfree.model.ModelTestFrame$1.run()V+4
j  java.awt.event.InvocationEvent.dispatch()V+47
j  java.awt.EventQueue.dispatchEvent(Ljava/awt/AWTEvent;)V+26
j  java.awt.EventDispatchThread.pumpOneEventForFilters(I)Z+204
j  java.awt.EventDispatchThread.pumpEventsForFilter(ILjava/awt/Conditional;Ljava/awt/EventFilter;)V+30
j  java.awt.EventDispatchThread.pumpEventsForHierarchy(ILjava/awt/Conditional;Ljava/awt/Component;)V+11
j  java.awt.EventDispatchThread.pumpEvents(ILjava/awt/Conditional;)V+4
j  java.awt.EventDispatchThread.pumpEvents(Ljava/awt/Conditional;)V+3
j  java.awt.EventDispatchThread.run()V+9
v  ~StubRoutines::call_stub

---------------  P R O C E S S  ---------------

Java Threads: ( => current thread )
  0x00007f40ac0d2800 JavaThread "Thread-3" [_thread_blocked, id=25279, stack(0x00007f40a9fd2000,0x00007f40aa0d3000)]
  0x00007f40ac0c5400 JavaThread "Thread-2" [_thread_blocked, id=25278, stack(0x00007f40aa0d3000,0x00007f40aa1d4000)]
  0x00007f40ac02e000 JavaThread "DestroyJavaVM" [_thread_blocked, id=25263, stack(0x00007f41128f0000,0x00007f41129f1000)]
=>0x00007f40ac0c4000 JavaThread "AWT-EventQueue-0" [_thread_in_native, id=25277, stack(0x00007f40aa1d4000,0x00007f40aa2d5000)]
  0x00007f40ac0c3000 JavaThread "AWT-Shutdown" [_thread_blocked, id=25276, stack(0x00007f40aa2d5000,0x00007f40aa3d6000)]
  0x00007f40ac0bc000 JavaThread "AWT-XAWT" daemon [_thread_in_native, id=25275, stack(0x00007f40aa3d6000,0x00007f40aa4d7000)]
  0x00007f40ac066c00 JavaThread "Java2D Disposer" daemon [_thread_blocked, id=25274, stack(0x00007f40aaaf0000,0x00007f40aabf1000)]
  0x00000000420ae800 JavaThread "Low Memory Detector" daemon [_thread_blocked, id=25272, stack(0x00007f40b01eb000,0x00007f40b02ec000)]
  0x00000000420abc00 JavaThread "CompilerThread1" daemon [_thread_in_native, id=25271, stack(0x00007f40b02ec000,0x00007f40b03ed000)]
  0x00000000420a8000 JavaThread "CompilerThread0" daemon [_thread_blocked, id=25270, stack(0x00007f40b03ed000,0x00007f40b04ee000)]
  0x00000000420a6000 JavaThread "Signal Dispatcher" daemon [_thread_blocked, id=25269, stack(0x00007f40b04ee000,0x00007f40b05ef000)]
  0x0000000042084800 JavaThread "Finalizer" daemon [_thread_blocked, id=25268, stack(0x00007f40b062e000,0x00007f40b072f000)]
  0x000000004207d800 JavaThread "Reference Handler" daemon [_thread_blocked, id=25267, stack(0x00007f40b072f000,0x00007f40b0830000)]

Other Threads:
  0x0000000042078000 VMThread [stack: 0x00007f40b0830000,0x00007f40b0931000] [id=25266]
  0x00000000420b0c00 WatcherThread [stack: 0x00007f40b00ea000,0x00007f40b01eb000] [id=25273]

VM state:not at safepoint (normal execution)

VM Mutex/Monitor currently owned by a thread: None

Heap
 PSYoungGen      total 26368K, used 4678K [0x00007f40f13b0000, 0x00007f40f4730000, 0x00007f410ea50000)
  eden space 22656K, 4% used [0x00007f40f13b0000,0x00007f40f14a5bd8,0x00007f40f29d0000)
  from space 3712K, 99% used [0x00007f40f29d0000,0x00007f40f2d6c018,0x00007f40f2d70000)
  to   space 3712K, 0% used [0x00007f40f4390000,0x00007f40f4390000,0x00007f40f4730000)
 PSOldGen        total 60288K, used 10264K [0x00007f40b6650000, 0x00007f40ba130000, 0x00007f40f13b0000)
  object space 60288K, 17% used [0x00007f40b6650000,0x00007f40b7056030,0x00007f40ba130000)
 PSPermGen       total 21248K, used 9956K [0x00007f40b1250000, 0x00007f40b2710000, 0x00007f40b6650000)
  object space 21248K, 46% used [0x00007f40b1250000,0x00007f40b1c09360,0x00007f40b2710000)

Dynamic libraries:
40000000-40009000 r-xp 00000000 08:13 3163089                            /usr/lib/jvm/java-6-sun-1.6.0.13/jre/bin/java
40108000-4010a000 rwxp 00008000 08:13 3163089                            /usr/lib/jvm/java-6-sun-1.6.0.13/jre/bin/java
41fef000-436f1000 rwxp 41fef000 00:00 0                                  [heap]
7f40a9888000-7f40a989e000 r-xp 00000000 08:13 213005                     /lib/libgcc_s.so.1
7f40a989e000-7f40a9a9e000 ---p 00016000 08:13 213005                     /lib/libgcc_s.so.1
7f40a9a9e000-7f40a9a9f000 r-xp 00016000 08:13 213005                     /lib/libgcc_s.so.1
7f40a9a9f000-7f40a9aa0000 rwxp 00017000 08:13 213005                     /lib/libgcc_s.so.1
7f40a9aa0000-7f40a9b91000 r-xp 00000000 08:13 2802601                    /usr/lib/libstdc++.so.6.0.10
7f40a9b91000-7f40a9d91000 ---p 000f1000 08:13 2802601                    /usr/lib/libstdc++.so.6.0.10
7f40a9d91000-7f40a9d98000 r-xp 000f1000 08:13 2802601                    /usr/lib/libstdc++.so.6.0.10
7f40a9d98000-7f40a9d9a000 rwxp 000f8000 08:13 2802601                    /usr/lib/libstdc++.so.6.0.10
7f40a9d9a000-7f40a9dad000 rwxp 7f40a9d9a000 00:00 0 
7f40a9dad000-7f40a9dd1000 r-xp 00000000 08:13 1942103                    /usr/lib/TriangleJniAmd64.so
7f40a9dd1000-7f40a9fd0000 ---p 00024000 08:13 1942103                    /usr/lib/TriangleJniAmd64.so
7f40a9fd0000-7f40a9fd1000 r-xp 00023000 08:13 1942103                    /usr/lib/TriangleJniAmd64.so
7f40a9fd1000-7f40a9fd2000 rwxp 00024000 08:13 1942103                    /usr/lib/TriangleJniAmd64.so
7f40a9fd2000-7f40a9fd5000 ---p 7f40a9fd2000 00:00 0 
7f40a9fd5000-7f40aa0d3000 rwxp 7f40a9fd5000 00:00 0 
7f40aa0d3000-7f40aa0d6000 ---p 7f40aa0d3000 00:00 0 
7f40aa0d6000-7f40aa1d4000 rwxp 7f40aa0d6000 00:00 0 
7f40aa1d4000-7f40aa1d7000 ---p 7f40aa1d4000 00:00 0 
7f40aa1d7000-7f40aa2d5000 rwxp 7f40aa1d7000 00:00 0 
7f40aa2d5000-7f40aa2d8000 ---p 7f40aa2d5000 00:00 0 
7f40aa2d8000-7f40aa3d6000 rwxp 7f40aa2d8000 00:00 0 
7f40aa3d6000-7f40aa3d9000 ---p 7f40aa3d6000 00:00 0 
7f40aa3d9000-7f40aa4d7000 rwxp 7f40aa3d9000 00:00 0 
7f40aa4d7000-7f40aa4dc000 r-xp 00000000 08:13 2805390                    /usr/lib/libXfixes.so.3.1.0
7f40aa4dc000-7f40aa6db000 ---p 00005000 08:13 2805390                    /usr/lib/libXfixes.so.3.1.0
7f40aa6db000-7f40aa6dc000 rwxp 00004000 08:13 2805390                    /usr/lib/libXfixes.so.3.1.0
7f40aa6dc000-7f40aa6e5000 r-xp 00000000 08:13 2805803                    /usr/lib/libXrender.so.1.3.0
7f40aa6e5000-7f40aa8e4000 ---p 00009000 08:13 2805803                    /usr/lib/libXrender.so.1.3.0
7f40aa8e4000-7f40aa8e5000 r-xp 00008000 08:13 2805803                    /usr/lib/libXrender.so.1.3.0
7f40aa8e5000-7f40aa8e6000 rwxp 00009000 08:13 2805803                    /usr/lib/libXrender.so.1.3.0
7f40aa8e6000-7f40aa8ef000 r-xp 00000000 08:13 2805843                    /usr/lib/libXcursor.so.1.0.2
7f40aa8ef000-7f40aaaef000 ---p 00009000 08:13 2805843                    /usr/lib/libXcursor.so.1.0.2
7f40aaaef000-7f40aaaf0000 rwxp 00009000 08:13 2805843                    /usr/lib/libXcursor.so.1.0.2
7f40aaaf0000-7f40aaaf3000 ---p 7f40aaaf0000 00:00 0 
7f40aaaf3000-7f40aabf1000 rwxp 7f40aaaf3000 00:00 0 
7f40aabf1000-7f40aac6f000 r-xp 00000000 08:13 3163204                    /usr/lib/jvm/java-6-sun-1.6.0.13/jre/lib/amd64/libfontmanager.so
7f40aac6f000-7f40aad6e000 ---p 0007e000 08:13 3163204                    /usr/lib/jvm/java-6-sun-1.6.0.13/jre/lib/amd64/libfontmanager.so
7f40aad6e000-7f40aad84000 rwxp 0007d000 08:13 3163204                    /usr/lib/jvm/java-6-sun-1.6.0.13/jre/lib/amd64/libfontmanager.so
7f40aad84000-7f40aad95000 rwxp 7f40aad84000 00:00 0 
7f40aad95000-7f40aad9a000 r-xp 00000000 08:13 2805384                    /usr/lib/libXdmcp.so.6.0.0
7f40aad9a000-7f40aaf99000 ---p 00005000 08:13 2805384                    /usr/lib/libXdmcp.so.6.0.0
7f40aaf99000-7f40aaf9a000 rwxp 00004000 08:13 2805384                    /usr/lib/libXdmcp.so.6.0.0
7f40aaf9a000-7f40aafb5000 r-xp 00000000 08:13 2805386                    /usr/lib/libxcb.so.1.1.0
7f40aafb5000-7f40ab1b4000 ---p 0001b000 08:13 2805386                    /usr/lib/libxcb.so.1.1.0
7f40ab1b4000-7f40ab1b5000 r-xp 0001a000 08:13 2805386                    /usr/lib/libxcb.so.1.1.0
7f40ab1b5000-7f40ab1b6000 rwxp 0001b000 08:13 2805386                    /usr/lib/libxcb.so.1.1.0
7f40ab1b6000-7f40ab1b8000 r-xp 00000000 08:13 2805382                    /usr/lib/libXau.so.6.0.0
7f40ab1b8000-7f40ab3b7000 ---p 00002000 08:13 2805382                    /usr/lib/libXau.so.6.0.0
7f40ab3b7000-7f40ab3b8000 r-xp 00001000 08:13 2805382                    /usr/lib/libXau.so.6.0.0
7f40ab3b8000-7f40ab3b9000 rwxp 00002000 08:13 2805382                    /usr/lib/libXau.so.6.0.0
7f40ab3b9000-7f40ab3c2000 r-xp 00000000 08:13 2805586                    /usr/lib/libXi.so.6.0.0
7f40ab3c2000-7f40ab5c2000 ---p 00009000 08:13 2805586                    /usr/lib/libXi.so.6.0.0
7f40ab5c2000-7f40ab5c3000 r-xp 00009000 08:13 2805586                    /usr/lib/libXi.so.6.0.0
7f40ab5c3000-7f40ab5c4000 rwxp 0000a000 08:13 2805586                    /usr/lib/libXi.so.6.0.0
7f40ab5c4000-7f40ab5c9000 r-xp 00000000 08:13 2806834                    /usr/lib/libXtst.so.6.1.0
7f40ab5c9000-7f40ab7c9000 ---p 00005000 08:13 2806834                    /usr/lib/libXtst.so.6.1.0
7f40ab7c9000-7f40ab7ca000 r-xp 00005000 08:13 2806834                    /usr/lib/libXtst.so.6.1.0
7f40ab7ca000-7f40ab7cb000 rwxp 00006000 08:13 2806834                    /usr/lib/libXtst.so.6.1.0
7f40ab7cb000-7f40ab8cd000 r-xp 00000000 08:13 2805388                    /usr/lib/libX11.so.6.2.0
7f40ab8cd000-7f40abacd000 ---p 00102000 08:13 2805388                    /usr/lib/libX11.so.6.2.0
7f40abacd000-7f40abace000 r-xp 00102000 08:13 2805388                    /usr/lib/libX11.so.6.2.0
7f40abace000-7f40abad2000 rwxp 00103000 08:13 2805388                    /usr/lib/libX11.so.6.2.0
7f40abad2000-7f40abae3000 r-xp 00000000 08:13 2805394                    /usr/lib/libXext.so.6.4.0
7f40abae3000-7f40abce2000 ---p 00011000 08:13 2805394                    /usr/lib/libXext.so.6.4.0
7f40abce2000-7f40abce3000 r-xp 00010000 08:13 2805394                    /usr/lib/libXext.so.6.4.0
7f40abce3000-7f40abce4000 rwxp 00011000 08:13 2805394                    /usr/lib/libXext.so.6.4.0
7f40abce4000-7f40abd25000 r-xp 00000000 08:13 3163194                    /usr/lib/jvm/java-6-sun-1.6.0.13/jre/lib/amd64/xawt/libmawt.so
7f40abd25000-7f40abe24000 ---p 00041000 08:13 3163194                    /usr/lib/jvm/java-6-sun-1.6.0.13/jre/lib/amd64/xawt/libmawt.so
7f40abe24000-7f40abe30000 rwxp 00040000 08:13 3163194                    /usr/lib/jvm/java-6-sun-1.6.0.13/jre/lib/amd64/xawt/libmawt.so
7f40abe30000-7f40abe31000 rwxp 7f40abe30000 00:00 0 
7f40abe31000-7f40abec3000 r-xp 00000000 08:13 3163239                    /usr/lib/jvm/java-6-sun-1.6.0.13/jre/lib/amd64/libawt.so
7f40abec3000-7f40abfc2000 ---p 00092000 08:13 3163239                    /usr/lib/jvm/java-6-sun-1.6.0.13/jre/lib/amd64/libawt.so
7f40abfc2000-7f40abfdb000 rwxp 00091000 08:13 3163239                    /usr/lib/jvm/java-6-sun-1.6.0.13/jre/lib/amd64/libawt.so
7f40abfdb000-7f40ac000000 rwxp 7f40abfdb000 00:00 0 
7f40ac000000-7f40ac705000 rwxp 7f40ac000000 00:00 0 
7f40ac705000-7f40b0000000 ---p 7f40ac705000 00:00 0 
7f40b0077000-7f40b0080000 r-xs 00000000 08:13 3197464                    /var/cache/fontconfig/945677eb7aeaf62f1d50efc3fb3ec7d8-x86-64.cache-2
7f40b0080000-7f40b0082000 r-xs 00000000 08:13 3197468                    /var/cache/fontconfig/99e8ed0e538f840c565b6ed5dad60d56-x86-64.cache-2
7f40b0082000-7f40b0085000 r-xs 00000000 08:13 3197466                    /var/cache/fontconfig/e383d7ea5fbe662a33d9b44caf393297-x86-64.cache-2
7f40b0085000-7f40b0089000 r-xs 00000000 08:13 3197459                    /var/cache/fontconfig/6eb3985aa4124903f6ff08ba781cd364-x86-64.cache-2
7f40b0089000-7f40b008a000 r-xs 00000000 08:13 3197445                    /var/cache/fontconfig/4c73fe0c47614734b17d736dbde7580a-x86-64.cache-2
7f40b008a000-7f40b008e000 r-xs 00000000 08:13 3196573                    /var/cache/fontconfig/a755afe4a08bf5b97852ceb7400b47bc-x86-64.cache-2
7f40b008e000-7f40b0097000 r-xs 00000000 08:13 3197440                    /var/cache/fontconfig/6d41288fd70b0be22e8c3a91e032eec0-x86-64.cache-2
7f40b0097000-7f40b009a000 r-xs 00000000 08:13 3197439                    /var/cache/fontconfig/de156ccd2eddbdc19d37a45b8b2aac9c-x86-64.cache-2
7f40b009a000-7f40b00a5000 r-xs 00000000 08:13 3197435                    /var/cache/fontconfig/e3de0de479f42330eadf588a55fb5bf4-x86-64.cache-2
7f40b00a5000-7f40b00b4000 r-xs 00000000 08:13 3197434                    /var/cache/fontconfig/0f34bcd4b6ee430af32735b75db7f02b-x86-64.cache-2
7f40b00b4000-7f40b00b7000 r-xs 00000000 08:13 3197433                    /var/cache/fontconfig/ddd4086aec35a5275babba44bb759c3c-x86-64.cache-2
7f40b00b7000-7f40b00b8000 r-xs 00000000 08:13 3197424                    /var/cache/fontconfig/4794a0821666d79190d59a36cb4f44b5-x86-64.cache-2
7f40b00b8000-7f40b00c1000 r-xs 00000000 08:13 3197417                    /var/cache/fontconfig/d52a8644073d54c13679302ca1180695-x86-64.cache-2
7f40b00c1000-7f40b00cd000 r-xs 00000000 08:13 3197416                    /var/cache/fontconfig/089dead882dea3570ffc31a9898cfb69-x86-64.cache-2
7f40b00cd000-7f40b00d1000 r-xs 00000000 08:13 3197398                    /var/cache/fontconfig/cabbd14511b9e8a55e92af97fb3a0461-x86-64.cache-2
7f40b00d1000-7f40b00db000 r-xs 00000000 08:13 3195524                    /var/cache/fontconfig/e13b20fdb08344e0e664864cc2ede53d-x86-64.cache-2
7f40b00db000-7f40b00e2000 r-xs 00059000 08:11 1172178                    /home/epsilon/文档/4_java/javaTools/apache-log4j-1.2.15/log4j-1.2.15.jar
7f40b00e2000-7f40b00ea000 r-xs 0004b000 08:11 162661                     /home/epsilon/文档/4_java/javaTools/commons-math-1.2/commons-math-1.2.jar
7f40b00ea000-7f40b00eb000 ---p 7f40b00ea000 00:00 0 
7f40b00eb000-7f40b01eb000 rwxp 7f40b00eb000 00:00 0 
7f40b01eb000-7f40b01ee000 ---p 7f40b01eb000 00:00 0 
7f40b01ee000-7f40b02ec000 rwxp 7f40b01ee000 00:00 0 
7f40b02ec000-7f40b02ef000 ---p 7f40b02ec000 00:00 0 
7f40b02ef000-7f40b03ed000 rwxp 7f40b02ef000 00:00 0 
7f40b03ed000-7f40b03f0000 ---p 7f40b03ed000 00:00 0 
7f40b03f0000-7f40b04ee000 rwxp 7f40b03f0000 00:00 0 
7f40b04ee000-7f40b04f1000 ---p 7f40b04ee000 00:00 0 
7f40b04f1000-7f40b05ef000 rwxp 7f40b04f1000 00:00 0 
7f40b05ef000-7f40b062e000 r-xp 00000000 08:13 2827839                    /usr/lib/locale/zh_CN.utf8/LC_CTYPE
7f40b062e000-7f40b0631000 ---p 7f40b062e000 00:00 0 
7f40b0631000-7f40b072f000 rwxp 7f40b0631000 00:00 0 
7f40b072f000-7f40b0732000 ---p 7f40b072f000 00:00 0 
7f40b0732000-7f40b0830000 rwxp 7f40b0732000 00:00 0 
7f40b0830000-7f40b0831000 ---p 7f40b0830000 00:00 0 
7f40b0831000-7f40b09a6000 rwxp 7f40b0831000 00:00 0 
7f40b09a6000-7f40b0b38000 r-xs 02f34000 08:13 2942580                    /usr/lib/jvm/java-6-sun-1.6.0.13/jre/lib/rt.jar
7f40b0b38000-7f40b0b60000 rwxp 7f40b0b38000 00:00 0 
7f40b0b60000-7f40b0b61000 ---p 7f40b0b60000 00:00 0 
7f40b0b61000-7f40b0c61000 rwxp 7f40b0b61000 00:00 0 
7f40b0c61000-7f40b0c62000 ---p 7f40b0c61000 00:00 0 
7f40b0c62000-7f40b0d6d000 rwxp 7f40b0c62000 00:00 0 
7f40b0d6d000-7f40b0d8c000 rwxp 7f40b0d6d000 00:00 0 
7f40b0d8c000-7f40b0daa000 rwxp 7f40b0d8c000 00:00 0 
7f40b0daa000-7f40b0f63000 rwxp 7f40b0daa000 00:00 0 
7f40b0f63000-7f40b0f6e000 rwxp 7f40b0f63000 00:00 0 
7f40b0f6e000-7f40b0f8d000 rwxp 7f40b0f6e000 00:00 0 
7f40b0f8d000-7f40b0fab000 rwxp 7f40b0f8d000 00:00 0 
7f40b0fab000-7f40b1163000 rwxp 7f40b0fab000 00:00 0 
7f40b1163000-7f40b117e000 rwxp 7f40b1163000 00:00 0 
7f40b117e000-7f40b124f000 rwxp 7f40b117e000 00:00 0 
7f40b124f000-7f40b2710000 rwxp 7f40b124f000 00:00 0 
7f40b2710000-7f40b6650000 rwxp 7f40b2710000 00:00 0 
7f40b6650000-7f40ba130000 rwxp 7f40b6650000 00:00 0 
7f40ba130000-7f40f13b0000 rwxp 7f40ba130000 00:00 0 
7f40f13b0000-7f40f4730000 rwxp 7f40f13b0000 00:00 0 
7f40f4730000-7f410ea50000 rwxp 7f40f4730000 00:00 0 
7f410ea50000-7f410ecc0000 rwxp 7f410ea50000 00:00 0 
7f410ecc0000-7f4111a50000 rwxp 7f410ecc0000 00:00 0 
7f4111a50000-7f4111a5e000 r-xp 00000000 08:13 3163206                    /usr/lib/jvm/java-6-sun-1.6.0.13/jre/lib/amd64/libzip.so
7f4111a5e000-7f4111b60000 ---p 0000e000 08:13 3163206                    /usr/lib/jvm/java-6-sun-1.6.0.13/jre/lib/amd64/libzip.so
7f4111b60000-7f4111b63000 rwxp 00010000 08:13 3163206                    /usr/lib/jvm/java-6-sun-1.6.0.13/jre/lib/amd64/libzip.so
7f4111b63000-7f4111b64000 rwxp 7f4111b63000 00:00 0 
7f4111b64000-7f4111b8d000 r-xp 00000000 08:13 3163219                    /usr/lib/jvm/java-6-sun-1.6.0.13/jre/lib/amd64/libjava.so
7f4111b8d000-7f4111c8c000 ---p 00029000 08:13 3163219                    /usr/lib/jvm/java-6-sun-1.6.0.13/jre/lib/amd64/libjava.so
7f4111c8c000-7f4111c93000 rwxp 00028000 08:13 3163219                    /usr/lib/jvm/java-6-sun-1.6.0.13/jre/lib/amd64/libjava.so
7f4111c93000-7f4111ca0000 r-xp 00000000 08:13 3163201                    /usr/lib/jvm/java-6-sun-1.6.0.13/jre/lib/amd64/libverify.so
7f4111ca0000-7f4111d9f000 ---p 0000d000 08:13 3163201                    /usr/lib/jvm/java-6-sun-1.6.0.13/jre/lib/amd64/libverify.so
7f4111d9f000-7f4111da2000 rwxp 0000c000 08:13 3163201                    /usr/lib/jvm/java-6-sun-1.6.0.13/jre/lib/amd64/libverify.so
7f4111da2000-7f4111dae000 r-xp 00000000 08:13 213021                     /lib/libnss_files-2.9.so
7f4111dae000-7f4111fad000 ---p 0000c000 08:13 213021                     /lib/libnss_files-2.9.so
7f4111fad000-7f4111fae000 r-xp 0000b000 08:13 213021                     /lib/libnss_files-2.9.so
7f4111fae000-7f4111faf000 rwxp 0000c000 08:13 213021                     /lib/libnss_files-2.9.so
7f4111faf000-7f4111fb9000 r-xp 00000000 08:13 213023                     /lib/libnss_nis-2.9.so
7f4111fb9000-7f41121b8000 ---p 0000a000 08:13 213023                     /lib/libnss_nis-2.9.so
7f41121b8000-7f41121b9000 r-xp 00009000 08:13 213023                     /lib/libnss_nis-2.9.so
7f41121b9000-7f41121ba000 rwxp 0000a000 08:13 213023                     /lib/libnss_nis-2.9.so
7f41121ba000-7f41121c2000 r-xp 00000000 08:13 213019                     /lib/libnss_compat-2.9.so
7f41121c2000-7f41123c1000 ---p 00008000 08:13 213019                     /lib/libnss_compat-2.9.so
7f41123c1000-7f41123c2000 r-xp 00007000 08:13 213019                     /lib/libnss_compat-2.9.so
7f41123c2000-7f41123c3000 rwxp 00008000 08:13 213019                     /lib/libnss_compat-2.9.so
7f41123c3000-7f41123d9000 r-xp 00000000 08:13 213018                     /lib/libnsl-2.9.so
7f41123d9000-7f41125d9000 ---p 00016000 08:13 213018                     /lib/libnsl-2.9.so
7f41125d9000-7f41125da000 r-xp 00016000 08:13 213018                     /lib/libnsl-2.9.so
7f41125da000-7f41125db000 rwxp 00017000 08:13 213018                     /lib/libnsl-2.9.so
7f41125db000-7f41125dd000 rwxp 7f41125db000 00:00 0 
7f41125dd000-7f41125e4000 r-xp 00000000 08:13 3163208                    /usr/lib/jvm/java-6-sun-1.6.0.13/jre/lib/amd64/native_threads/libhpi.so
7f41125e4000-7f41126e5000 ---p 00007000 08:13 3163208                    /usr/lib/jvm/java-6-sun-1.6.0.13/jre/lib/amd64/native_threads/libhpi.so
7f41126e5000-7f41126e7000 rwxp 00008000 08:13 3163208                    /usr/lib/jvm/java-6-sun-1.6.0.13/jre/lib/amd64/native_threads/libhpi.so
7f41126e7000-7f41126e8000 rwxp 7f41126e7000 00:00 0 
7f41126e8000-7f41126ef000 r-xp 00000000 08:13 213028                     /lib/librt-2.9.so
7f41126ef000-7f41128ee000 ---p 00007000 08:13 213028                     /lib/librt-2.9.so
7f41128ee000-7f41128ef000 r-xp 00006000 08:13 213028                     /lib/librt-2.9.so
7f41128ef000-7f41128f0000 rwxp 00007000 08:13 213028                     /lib/librt-2.9.so
7f41128f0000-7f41128f3000 ---p 7f41128f0000 00:00 0 
7f41128f3000-7f41129f1000 rwxp 7f41128f3000 00:00 0 
7f41129f1000-7f4112a75000 r-xp 00000000 08:13 213016                     /lib/libm-2.9.so
7f4112a75000-7f4112c74000 ---p 00084000 08:13 213016                     /lib/libm-2.9.so
7f4112c74000-7f4112c75000 r-xp 00083000 08:13 213016                     /lib/libm-2.9.so
7f4112c75000-7f4112c76000 rwxp 00084000 08:13 213016                     /lib/libm-2.9.so
7f4112c76000-7f4113303000 r-xp 00000000 08:13 3163226                    /usr/lib/jvm/java-6-sun-1.6.0.13/jre/lib/amd64/server/libjvm.so
7f4113303000-7f4113402000 ---p 0068d000 08:13 3163226                    /usr/lib/jvm/java-6-sun-1.6.0.13/jre/lib/amd64/server/libjvm.so
7f4113402000-7f4113553000 rwxp 0068c000 08:13 3163226                    /usr/lib/jvm/java-6-sun-1.6.0.13/jre/lib/amd64/server/libjvm.so
7f4113553000-7f4113590000 rwxp 7f4113553000 00:00 0 
7f4113590000-7f41136f8000 r-xp 00000000 08:13 213012                     /lib/libc-2.9.so
7f41136f8000-7f41138f8000 ---p 00168000 08:13 213012                     /lib/libc-2.9.so
7f41138f8000-7f41138fc000 r-xp 00168000 08:13 213012                     /lib/libc-2.9.so
7f41138fc000-7f41138fd000 rwxp 0016c000 08:13 213012                     /lib/libc-2.9.so
7f41138fd000-7f4113902000 rwxp 7f41138fd000 00:00 0 
7f4113902000-7f4113904000 r-xp 00000000 08:13 213015                     /lib/libdl-2.9.so
7f4113904000-7f4113b04000 ---p 00002000 08:13 213015                     /lib/libdl-2.9.so
7f4113b04000-7f4113b05000 r-xp 00002000 08:13 213015                     /lib/libdl-2.9.so
7f4113b05000-7f4113b06000 rwxp 00003000 08:13 213015                     /lib/libdl-2.9.so
7f4113b06000-7f4113b1d000 r-xp 00000000 08:13 213026                     /lib/libpthread-2.9.so
7f4113b1d000-7f4113d1c000 ---p 00017000 08:13 213026                     /lib/libpthread-2.9.so
7f4113d1c000-7f4113d1d000 r-xp 00016000 08:13 213026                     /lib/libpthread-2.9.so
7f4113d1d000-7f4113d1e000 rwxp 00017000 08:13 213026                     /lib/libpthread-2.9.so
7f4113d1e000-7f4113d22000 rwxp 7f4113d1e000 00:00 0 
7f4113d22000-7f4113d42000 r-xp 00000000 08:13 213006                     /lib/ld-2.9.so
7f4113d47000-7f4113d48000 rwxp 7f4113d47000 00:00 0 
7f4113d48000-7f4113d56000 r-xs 000ba000 08:11 422677                     /home/epsilon/文档/4_java/javaTools/mtj.jar
7f4113d56000-7f4113d60000 rwxp 7f4113d56000 00:00 0 
7f4113d60000-7f4113e16000 rwxp 7f4113d60000 00:00 0 
7f4113e16000-7f4113e18000 rwxp 7f4113e16000 00:00 0 
7f4113e18000-7f4113e1f000 r-xp 00000000 08:13 3163192                    /usr/lib/jvm/java-6-sun-1.6.0.13/jre/lib/amd64/jli/libjli.so
7f4113e1f000-7f4113f20000 ---p 00007000 08:13 3163192                    /usr/lib/jvm/java-6-sun-1.6.0.13/jre/lib/amd64/jli/libjli.so
7f4113f20000-7f4113f22000 rwxp 00008000 08:13 3163192                    /usr/lib/jvm/java-6-sun-1.6.0.13/jre/lib/amd64/jli/libjli.so
7f4113f22000-7f4113f23000 rwxp 7f4113f22000 00:00 0 
7f4113f23000-7f4113f26000 r-xs 000cb000 08:13 3162696                    /usr/lib/jvm/java-6-sun-1.6.0.13/jre/lib/ext/localedata.jar
7f4113f26000-7f4113f29000 r-xs 00000000 08:13 3196574                    /var/cache/fontconfig/7ef2298fde41cc6eeb7af42e48b7d293-x86-64.cache-2
7f4113f29000-7f4113f2d000 r-xs 00043000 08:11 181752                     /home/epsilon/NetBeansProjects/EpsilonUtils/trunk/dist/EpsilonYUtil.jar
7f4113f2d000-7f4113f34000 r-xs 00000000 08:13 2803699                    /usr/lib/gconv/gconv-modules.cache
7f4113f34000-7f4113f3c000 rwxs 00000000 08:13 376938                     /tmp/hsperfdata_epsilon/25262
7f4113f3c000-7f4113f3d000 rwxp 7f4113f3c000 00:00 0 
7f4113f3d000-7f4113f3e000 r-xp 7f4113f3d000 00:00 0 
7f4113f3e000-7f4113f41000 rwxp 7f4113f3e000 00:00 0 
7f4113f41000-7f4113f42000 r-xp 0001f000 08:13 213006                     /lib/ld-2.9.so
7f4113f42000-7f4113f43000 rwxp 00020000 08:13 213006                     /lib/ld-2.9.so
7fff1bf2e000-7fff1bf43000 rwxp 7ffffffea000 00:00 0                      [stack]
7fff1bfff000-7fff1c000000 r-xp 7fff1bfff000 00:00 0                      [vdso]
ffffffffff600000-ffffffffff601000 r-xp 00000000 00:00 0                  [vsyscall]

VM Arguments:
jvm_args: -Dawt.useSystemAAFontSettings=on 
java_command: net.epsilony.simpmeshfree.model.ModelTestFrame
Launcher Type: SUN_STANDARD

Environment Variables:
_JAVA_OPTIONS=-Dawt.useSystemAAFontSettings=on
PATH=/usr/local/sbin:/usr/local/bin:/usr/sbin:/usr/bin:/sbin:/bin:/usr/games
USERNAME=epsilon
LD_LIBRARY_PATH=/usr/lib/jvm/java-6-sun-1.6.0.13/jre/lib/amd64/server:/usr/lib/jvm/java-6-sun-1.6.0.13/jre/lib/amd64:/usr/lib/jvm/java-6-sun-1.6.0.13/jre/../lib/amd64
SHELL=/bin/bash
DISPLAY=:0.0

Signal Handlers:
SIGSEGV: [libjvm.so+0x5fcd20], sa_mask[0]=0x7ffbfeff, sa_flags=0x10000004
SIGBUS: [libjvm.so+0x5fcd20], sa_mask[0]=0x7ffbfeff, sa_flags=0x10000004
SIGFPE: [libjvm.so+0x4e0eb0], sa_mask[0]=0x7ffbfeff, sa_flags=0x10000004
SIGPIPE: [libjvm.so+0x4e0eb0], sa_mask[0]=0x7ffbfeff, sa_flags=0x10000004
SIGXFSZ: [libjvm.so+0x4e0eb0], sa_mask[0]=0x7ffbfeff, sa_flags=0x10000004
SIGILL: [libjvm.so+0x4e0eb0], sa_mask[0]=0x7ffbfeff, sa_flags=0x10000004
SIGUSR1: SIG_DFL, sa_mask[0]=0x00000000, sa_flags=0x00000000
SIGUSR2: [libjvm.so+0x4e35d0], sa_mask[0]=0x00000004, sa_flags=0x10000004
SIGHUP: [libjvm.so+0x4e3320], sa_mask[0]=0x7ffbfeff, sa_flags=0x10000004
SIGINT: SIG_IGN, sa_mask[0]=0x00000000, sa_flags=0x00000000
SIGTERM: [libjvm.so+0x4e3320], sa_mask[0]=0x7ffbfeff, sa_flags=0x10000004
SIGQUIT: [libjvm.so+0x4e3320], sa_mask[0]=0x7ffbfeff, sa_flags=0x10000004


---------------  S Y S T E M  ---------------

OS:5.0

uname:Linux 2.6.28-12-generic #43-Ubuntu SMP Fri May 1 19:31:32 UTC 2009 x86_64
libc:glibc 2.9 NPTL 2.9 
rlimit: STACK 8192k, CORE 0k, NPROC infinity, NOFILE 1024, AS infinity
load average:0.58 0.62 0.60

CPU:total 2 (2 cores per cpu, 1 threads per core) family 16 model 2 stepping 3, cmov, cx8, fxsr, mmx, sse, sse2, sse3, mmxext, 3dnow, 3dnowext, sse4a

Memory: 4k page, physical 5780180k(173952k free), swap 3903752k(3863972k free)

vm_info: Java HotSpot(TM) 64-Bit Server VM (11.3-b02) for linux-amd64 JRE (1.6.0_13-b03), built on Mar  9 2009 11:08:22 by "java_re" with gcc 3.2.2 (SuSE Linux)

time: Wed May 13 23:46:41 2009
elapsed time: 1 seconds

