#
# An unexpected error has been detected by Java Runtime Environment:
#
#  SIGSEGV (0xb) at pc=0x00007feadba2011b, pid=5831, tid=140644920076624
#
# Java VM: Java HotSpot(TM) 64-Bit Server VM (11.3-b02 mixed mode linux-amd64)
# Problematic frame:
# C  [libc.so.6+0x8411b]  memcpy+0x15b
#
# If you would like to submit a bug report, please visit:
#   http://java.sun.com/webapps/bugreport/crash.jsp
#

---------------  T H R E A D  ---------------

Current thread (0x00007fea7411a000):  JavaThread "AWT-EventQueue-0" [_thread_in_vm, id=5846, stack(0x00007fea72702000,0x00007fea72803000)]

siginfo:si_signo=SIGSEGV: si_errno=0, si_code=2 (SEGV_ACCERR), si_addr=0x00007fea74210000

Registers:
RAX=0x00007feabaa94d18, RBX=0x00007fea796512a0, RCX=0x00000000000000b8, RDX=0x0000000000001ad0
RSP=0x00007fea72801458, RBP=0x00007fea728014e0, RSI=0x00007fea74210000, RDI=0x00007feabaa96228
R8 =0x0000000000000ffc, R9 =0x00007feadb86c5b8, R10=0x00007feadb870028, R11=0x0000000000001ad0
R12=0x0000000000001ad0, R13=0x0000000000000000, R14=0x00000000419f0058, R15=0x00007fea72801470
RIP=0x00007feadba2011b, EFL=0x0000000000010216, CSGSFS=0x0000000000000033, ERR=0x0000000000000004
  TRAPNO=0x000000000000000e

Top of Stack: (sp=0x00007fea72801458)
0x00007fea72801458:   00007feadb3c8600 00007fea7411a1c0
0x00007fea72801468:   00007fea7420eaf0 00007fea7411a000
0x00007fea72801478:   0000000000000000 00007fea7411a000
0x00007fea72801488:   0000000000000000 00007fea7411a000
0x00007fea72801498:   00007fea728015e0 00007fea7411a000
0x00007fea728014a8:   00007feadba16276 00007fea7411a000
0x00007fea728014b8:   00000000419f0058 00007fea740dc2c0
0x00007fea728014c8:   00007fea74158030 00007fea728015e0
0x00007fea728014d8:   00000000419f0000 00007fea7411a1c0
0x00007fea728014e8:   00007fea722df486 00007fea740ed8d0
0x00007fea728014f8:   00000000419f0008 00000000419f0010
0x00007fea72801508:   00000000419f0018 00000000419f0020
0x00007fea72801518:   00007fea79a7e49e 00000000419f0028
0x00007fea72801528:   00007fea79a851f0 0101010100000000
0x00007fea72801538:   00007fea7a047fd0 00007fea728015c0
0x00007fea72801548:   0000000000000101 00007fea7a047fd0
0x00007fea72801558:   00007fea728015e0 00007fea7411a000
0x00007fea72801568:   00007fead6e6a852 00007feab98bfa40
0x00007fea72801578:   00007fea79a85c50 00007fea72801580
0x00007fea72801588:   0000000000000000 00007fea728015e0
0x00007fea72801598:   00007fea7a048a08 0000000000000000
0x00007fea728015a8:   00007fea7a047fd0 0000000000000000
0x00007fea728015b8:   00007fea728015e0 00007fea72801628
0x00007fea728015c8:   00007fead6e5f322 0000000000000000
0x00007fea728015d8:   00007fead6e67358 00007feabaa84c78
0x00007fea728015e8:   00007fea728015e8 00007fea7a046aad
0x00007fea728015f8:   00007fea72801670 00007fea7a048a08
0x00007fea72801608:   0000000000000000 00007fea7a046b38
0x00007fea72801618:   00007fea728015e0 00007fea72801660
0x00007fea72801628:   00007fea728016b8 00007fead6e5f322
0x00007fea72801638:   0000000000000000 00007feabaa91f70
0x00007fea72801648:   0000000000000000 00007feabaa91f58 

Instructions: (pc=0x00007feadba2011b)
0x00007feadba2010b:   0f 47 da 4c 89 d9 49 83 e3 f8 48 c1 e9 03 74 05
0x00007feadba2011b:   f3 48 a5 66 90 4c 29 da 48 f7 c2 f8 ff ff ff 75 

Stack: [0x00007fea72702000,0x00007fea72803000],  sp=0x00007fea72801458,  free space=1021k
Native frames: (J=compiled Java code, j=interpreted, Vv=VM code, C=native code)
C  [libc.so.6+0x8411b]  memcpy+0x15b

Java frames: (J=compiled Java code, j=interpreted, Vv=VM code)
j  net.epsilony.simpmeshfree.model.geometry.TriangleJni.triangleFun()V+0
j  net.epsilony.simpmeshfree.model.geometry.TriangleJni.complie(Lnet/epsilony/simpmeshfree/model/geometry/GeometryModel;Ljava/lang/String;)V+141
j  net.epsilony.simpmeshfree.model.mechanics.MechanicsModel.generateQuadratureDomainsByTriangle(DDLjava/lang/String;)V+60
j  net.epsilony.simpmeshfree.model.ModelTestFrame.<init>()V+614
j  net.epsilony.simpmeshfree.model.ModelTestFrame$1.run()V+4
j  java.awt.event.InvocationEvent.dispatch()V+47
j  java.awt.EventQueue.dispatchEvent(Ljava/awt/AWTEvent;)V+26
j  java.awt.EventDispatchThread.pumpOneEventForFilters(I)Z+204
j  java.awt.EventDispatchThread.pumpEventsForFilter(ILjava/awt/Conditional;Ljava/awt/EventFilter;)V+30
j  java.awt.EventDispatchThread.pumpEventsForHierarchy(ILjava/awt/Conditional;Ljava/awt/Component;)V+11
j  java.awt.EventDispatchThread.pumpEvents(ILjava/awt/Conditional;)V+4
j  java.awt.EventDispatchThread.pumpEvents(Ljava/awt/Conditional;)V+3
j  java.awt.EventDispatchThread.run()V+9
v  ~StubRoutines::call_stub

---------------  P R O C E S S  ---------------

Java Threads: ( => current thread )
  0x00007fea7412a000 JavaThread "Thread-3" [_thread_blocked, id=5848, stack(0x00007fea72500000,0x00007fea72601000)]
  0x00007fea7413c400 JavaThread "Thread-2" [_thread_blocked, id=5847, stack(0x00007fea72601000,0x00007fea72702000)]
  0x00007fea740bac00 JavaThread "DestroyJavaVM" [_thread_blocked, id=5832, stack(0x00007feadacfc000,0x00007feadadfd000)]
=>0x00007fea7411a000 JavaThread "AWT-EventQueue-0" [_thread_in_vm, id=5846, stack(0x00007fea72702000,0x00007fea72803000)]
  0x00007fea74119400 JavaThread "AWT-Shutdown" [_thread_blocked, id=5845, stack(0x00007fea72803000,0x00007fea72904000)]
  0x00007fea74118800 JavaThread "AWT-XAWT" daemon [_thread_in_native, id=5844, stack(0x00007fea72904000,0x00007fea72a05000)]
  0x00007fea740b3400 JavaThread "Java2D Disposer" daemon [_thread_blocked, id=5843, stack(0x00007fea7301e000,0x00007fea7311f000)]
  0x00007fea74002000 JavaThread "Low Memory Detector" daemon [_thread_blocked, id=5841, stack(0x00007fea786ec000,0x00007fea787ed000)]
  0x00000000416e2c00 JavaThread "CompilerThread1" daemon [_thread_blocked, id=5840, stack(0x00007fea787ed000,0x00007fea788ee000)]
  0x00000000416df000 JavaThread "CompilerThread0" daemon [_thread_in_native, id=5839, stack(0x00007fea707ed000,0x00007fea708ee000)]
  0x00000000416dd000 JavaThread "Signal Dispatcher" daemon [_thread_blocked, id=5838, stack(0x00007fea788ee000,0x00007fea789ef000)]
  0x00000000416bb800 JavaThread "Finalizer" daemon [_thread_blocked, id=5837, stack(0x00007fea78a2e000,0x00007fea78b2f000)]
  0x00000000416b4800 JavaThread "Reference Handler" daemon [_thread_blocked, id=5836, stack(0x00007fea78b2f000,0x00007fea78c30000)]

Other Threads:
  0x00000000416af000 VMThread [stack: 0x00007fea78c30000,0x00007fea78d31000] [id=5835]
  0x00007fea74004800 WatcherThread [stack: 0x00007fea785eb000,0x00007fea786ec000] [id=5842]

VM state:not at safepoint (normal execution)

VM Mutex/Monitor currently owned by a thread: None

Heap
 PSYoungGen      total 26368K, used 19807K [0x00007feab97b0000, 0x00007feabb510000, 0x00007fead6e50000)
  eden space 22656K, 87% used [0x00007feab97b0000,0x00007feabab07c60,0x00007feabadd0000)
  from space 3712K, 0% used [0x00007feabb170000,0x00007feabb170000,0x00007feabb510000)
  to   space 3712K, 0% used [0x00007feabadd0000,0x00007feabadd0000,0x00007feabb170000)
 PSOldGen        total 60288K, used 0K [0x00007fea7ea50000, 0x00007fea82530000, 0x00007feab97b0000)
  object space 60288K, 0% used [0x00007fea7ea50000,0x00007fea7ea50000,0x00007fea82530000)
 PSPermGen       total 21248K, used 10242K [0x00007fea79650000, 0x00007fea7ab10000, 0x00007fea7ea50000)
  object space 21248K, 48% used [0x00007fea79650000,0x00007fea7a050a58,0x00007fea7ab10000)

Dynamic libraries:
40000000-40009000 r-xp 00000000 08:13 3163089                            /usr/lib/jvm/java-6-sun-1.6.0.13/jre/bin/java
40108000-4010a000 rwxp 00008000 08:13 3163089                            /usr/lib/jvm/java-6-sun-1.6.0.13/jre/bin/java
41626000-41dcb000 rwxp 41626000 00:00 0                                  [heap]
7fea707ed000-7fea707f0000 ---p 7fea707ed000 00:00 0 
7fea707f0000-7fea708ee000 rwxp 7fea707f0000 00:00 0 
7fea71db6000-7fea71dcc000 r-xp 00000000 08:13 213005                     /lib/libgcc_s.so.1
7fea71dcc000-7fea71fcc000 ---p 00016000 08:13 213005                     /lib/libgcc_s.so.1
7fea71fcc000-7fea71fcd000 r-xp 00016000 08:13 213005                     /lib/libgcc_s.so.1
7fea71fcd000-7fea71fce000 rwxp 00017000 08:13 213005                     /lib/libgcc_s.so.1
7fea71fce000-7fea720bf000 r-xp 00000000 08:13 2802601                    /usr/lib/libstdc++.so.6.0.10
7fea720bf000-7fea722bf000 ---p 000f1000 08:13 2802601                    /usr/lib/libstdc++.so.6.0.10
7fea722bf000-7fea722c6000 r-xp 000f1000 08:13 2802601                    /usr/lib/libstdc++.so.6.0.10
7fea722c6000-7fea722c8000 rwxp 000f8000 08:13 2802601                    /usr/lib/libstdc++.so.6.0.10
7fea722c8000-7fea722db000 rwxp 7fea722c8000 00:00 0 
7fea722db000-7fea722ff000 r-xp 00000000 08:13 1942103                    /usr/lib/TriangleJniAmd64.so
7fea722ff000-7fea724fe000 ---p 00024000 08:13 1942103                    /usr/lib/TriangleJniAmd64.so
7fea724fe000-7fea724ff000 r-xp 00023000 08:13 1942103                    /usr/lib/TriangleJniAmd64.so
7fea724ff000-7fea72500000 rwxp 00024000 08:13 1942103                    /usr/lib/TriangleJniAmd64.so
7fea72500000-7fea72503000 ---p 7fea72500000 00:00 0 
7fea72503000-7fea72601000 rwxp 7fea72503000 00:00 0 
7fea72601000-7fea72604000 ---p 7fea72601000 00:00 0 
7fea72604000-7fea72702000 rwxp 7fea72604000 00:00 0 
7fea72702000-7fea72705000 ---p 7fea72702000 00:00 0 
7fea72705000-7fea72803000 rwxp 7fea72705000 00:00 0 
7fea72803000-7fea72806000 ---p 7fea72803000 00:00 0 
7fea72806000-7fea72904000 rwxp 7fea72806000 00:00 0 
7fea72904000-7fea72907000 ---p 7fea72904000 00:00 0 
7fea72907000-7fea72a05000 rwxp 7fea72907000 00:00 0 
7fea72a05000-7fea72a0a000 r-xp 00000000 08:13 2805390                    /usr/lib/libXfixes.so.3.1.0
7fea72a0a000-7fea72c09000 ---p 00005000 08:13 2805390                    /usr/lib/libXfixes.so.3.1.0
7fea72c09000-7fea72c0a000 rwxp 00004000 08:13 2805390                    /usr/lib/libXfixes.so.3.1.0
7fea72c0a000-7fea72c13000 r-xp 00000000 08:13 2805803                    /usr/lib/libXrender.so.1.3.0
7fea72c13000-7fea72e12000 ---p 00009000 08:13 2805803                    /usr/lib/libXrender.so.1.3.0
7fea72e12000-7fea72e13000 r-xp 00008000 08:13 2805803                    /usr/lib/libXrender.so.1.3.0
7fea72e13000-7fea72e14000 rwxp 00009000 08:13 2805803                    /usr/lib/libXrender.so.1.3.0
7fea72e14000-7fea72e1d000 r-xp 00000000 08:13 2805843                    /usr/lib/libXcursor.so.1.0.2
7fea72e1d000-7fea7301d000 ---p 00009000 08:13 2805843                    /usr/lib/libXcursor.so.1.0.2
7fea7301d000-7fea7301e000 rwxp 00009000 08:13 2805843                    /usr/lib/libXcursor.so.1.0.2
7fea7301e000-7fea73021000 ---p 7fea7301e000 00:00 0 
7fea73021000-7fea7311f000 rwxp 7fea73021000 00:00 0 
7fea7311f000-7fea7319d000 r-xp 00000000 08:13 3163204                    /usr/lib/jvm/java-6-sun-1.6.0.13/jre/lib/amd64/libfontmanager.so
7fea7319d000-7fea7329c000 ---p 0007e000 08:13 3163204                    /usr/lib/jvm/java-6-sun-1.6.0.13/jre/lib/amd64/libfontmanager.so
7fea7329c000-7fea732b2000 rwxp 0007d000 08:13 3163204                    /usr/lib/jvm/java-6-sun-1.6.0.13/jre/lib/amd64/libfontmanager.so
7fea732b2000-7fea732c3000 rwxp 7fea732b2000 00:00 0 
7fea732c3000-7fea732c8000 r-xp 00000000 08:13 2805384                    /usr/lib/libXdmcp.so.6.0.0
7fea732c8000-7fea734c7000 ---p 00005000 08:13 2805384                    /usr/lib/libXdmcp.so.6.0.0
7fea734c7000-7fea734c8000 rwxp 00004000 08:13 2805384                    /usr/lib/libXdmcp.so.6.0.0
7fea734c8000-7fea734e3000 r-xp 00000000 08:13 2805386                    /usr/lib/libxcb.so.1.1.0
7fea734e3000-7fea736e2000 ---p 0001b000 08:13 2805386                    /usr/lib/libxcb.so.1.1.0
7fea736e2000-7fea736e3000 r-xp 0001a000 08:13 2805386                    /usr/lib/libxcb.so.1.1.0
7fea736e3000-7fea736e4000 rwxp 0001b000 08:13 2805386                    /usr/lib/libxcb.so.1.1.0
7fea736e4000-7fea736e6000 r-xp 00000000 08:13 2805382                    /usr/lib/libXau.so.6.0.0
7fea736e6000-7fea738e5000 ---p 00002000 08:13 2805382                    /usr/lib/libXau.so.6.0.0
7fea738e5000-7fea738e6000 r-xp 00001000 08:13 2805382                    /usr/lib/libXau.so.6.0.0
7fea738e6000-7fea738e7000 rwxp 00002000 08:13 2805382                    /usr/lib/libXau.so.6.0.0
7fea738e7000-7fea738f0000 r-xp 00000000 08:13 2805586                    /usr/lib/libXi.so.6.0.0
7fea738f0000-7fea73af0000 ---p 00009000 08:13 2805586                    /usr/lib/libXi.so.6.0.0
7fea73af0000-7fea73af1000 r-xp 00009000 08:13 2805586                    /usr/lib/libXi.so.6.0.0
7fea73af1000-7fea73af2000 rwxp 0000a000 08:13 2805586                    /usr/lib/libXi.so.6.0.0
7fea73af2000-7fea73af7000 r-xp 00000000 08:13 2806834                    /usr/lib/libXtst.so.6.1.0
7fea73af7000-7fea73cf7000 ---p 00005000 08:13 2806834                    /usr/lib/libXtst.so.6.1.0
7fea73cf7000-7fea73cf8000 r-xp 00005000 08:13 2806834                    /usr/lib/libXtst.so.6.1.0
7fea73cf8000-7fea73cf9000 rwxp 00006000 08:13 2806834                    /usr/lib/libXtst.so.6.1.0
7fea73cf9000-7fea73dfb000 r-xp 00000000 08:13 2805388                    /usr/lib/libX11.so.6.2.0
7fea73dfb000-7fea73ffb000 ---p 00102000 08:13 2805388                    /usr/lib/libX11.so.6.2.0
7fea73ffb000-7fea73ffc000 r-xp 00102000 08:13 2805388                    /usr/lib/libX11.so.6.2.0
7fea73ffc000-7fea74000000 rwxp 00103000 08:13 2805388                    /usr/lib/libX11.so.6.2.0
7fea74000000-7fea74210000 rwxp 7fea74000000 00:00 0 
7fea74210000-7fea78000000 ---p 7fea74210000 00:00 0 
7fea7805a000-7fea7805d000 r-xs 000cb000 08:13 3162696                    /usr/lib/jvm/java-6-sun-1.6.0.13/jre/lib/ext/localedata.jar
7fea7805d000-7fea78066000 r-xs 00000000 08:13 3197464                    /var/cache/fontconfig/945677eb7aeaf62f1d50efc3fb3ec7d8-x86-64.cache-2
7fea78066000-7fea78068000 r-xs 00000000 08:13 3197468                    /var/cache/fontconfig/99e8ed0e538f840c565b6ed5dad60d56-x86-64.cache-2
7fea78068000-7fea7806b000 r-xs 00000000 08:13 3197466                    /var/cache/fontconfig/e383d7ea5fbe662a33d9b44caf393297-x86-64.cache-2
7fea7806b000-7fea7806f000 r-xs 00000000 08:13 3196573                    /var/cache/fontconfig/a755afe4a08bf5b97852ceb7400b47bc-x86-64.cache-2
7fea7806f000-7fea78078000 r-xs 00000000 08:13 3197440                    /var/cache/fontconfig/6d41288fd70b0be22e8c3a91e032eec0-x86-64.cache-2
7fea78078000-7fea78083000 r-xs 00000000 08:13 3197435                    /var/cache/fontconfig/e3de0de479f42330eadf588a55fb5bf4-x86-64.cache-2
7fea78083000-7fea78092000 r-xs 00000000 08:13 3197434                    /var/cache/fontconfig/0f34bcd4b6ee430af32735b75db7f02b-x86-64.cache-2
7fea78092000-7fea7809b000 r-xs 00000000 08:13 3197417                    /var/cache/fontconfig/d52a8644073d54c13679302ca1180695-x86-64.cache-2
7fea7809b000-7fea780ac000 r-xp 00000000 08:13 2805394                    /usr/lib/libXext.so.6.4.0
7fea780ac000-7fea782ab000 ---p 00011000 08:13 2805394                    /usr/lib/libXext.so.6.4.0
7fea782ab000-7fea782ac000 r-xp 00010000 08:13 2805394                    /usr/lib/libXext.so.6.4.0
7fea782ac000-7fea782ad000 rwxp 00011000 08:13 2805394                    /usr/lib/libXext.so.6.4.0
7fea782ae000-7fea782ba000 r-xs 00000000 08:13 3197416                    /var/cache/fontconfig/089dead882dea3570ffc31a9898cfb69-x86-64.cache-2
7fea782ba000-7fea782be000 r-xs 00000000 08:13 3197398                    /var/cache/fontconfig/cabbd14511b9e8a55e92af97fb3a0461-x86-64.cache-2
7fea782be000-7fea782c8000 r-xs 00000000 08:13 3195524                    /var/cache/fontconfig/e13b20fdb08344e0e664864cc2ede53d-x86-64.cache-2
7fea782c8000-7fea78309000 r-xp 00000000 08:13 3163194                    /usr/lib/jvm/java-6-sun-1.6.0.13/jre/lib/amd64/xawt/libmawt.so
7fea78309000-7fea78408000 ---p 00041000 08:13 3163194                    /usr/lib/jvm/java-6-sun-1.6.0.13/jre/lib/amd64/xawt/libmawt.so
7fea78408000-7fea78414000 rwxp 00040000 08:13 3163194                    /usr/lib/jvm/java-6-sun-1.6.0.13/jre/lib/amd64/xawt/libmawt.so
7fea78414000-7fea78415000 rwxp 7fea78414000 00:00 0 
7fea78415000-7fea784a7000 r-xp 00000000 08:13 3163239                    /usr/lib/jvm/java-6-sun-1.6.0.13/jre/lib/amd64/libawt.so
7fea784a7000-7fea785a6000 ---p 00092000 08:13 3163239                    /usr/lib/jvm/java-6-sun-1.6.0.13/jre/lib/amd64/libawt.so
7fea785a6000-7fea785bf000 rwxp 00091000 08:13 3163239                    /usr/lib/jvm/java-6-sun-1.6.0.13/jre/lib/amd64/libawt.so
7fea785bf000-7fea785e4000 rwxp 7fea785bf000 00:00 0 
7fea785e4000-7fea785eb000 r-xs 00059000 08:11 1172178                    /home/epsilon/文档/4_java/javaTools/apache-log4j-1.2.15/log4j-1.2.15.jar
7fea785eb000-7fea785ec000 ---p 7fea785eb000 00:00 0 
7fea785ec000-7fea786ec000 rwxp 7fea785ec000 00:00 0 
7fea786ec000-7fea786ef000 ---p 7fea786ec000 00:00 0 
7fea786ef000-7fea787ed000 rwxp 7fea786ef000 00:00 0 
7fea787ed000-7fea787f0000 ---p 7fea787ed000 00:00 0 
7fea787f0000-7fea788ee000 rwxp 7fea787f0000 00:00 0 
7fea788ee000-7fea788f1000 ---p 7fea788ee000 00:00 0 
7fea788f1000-7fea789ef000 rwxp 7fea788f1000 00:00 0 
7fea789ef000-7fea78a2e000 r-xp 00000000 08:13 2827839                    /usr/lib/locale/zh_CN.utf8/LC_CTYPE
7fea78a2e000-7fea78a31000 ---p 7fea78a2e000 00:00 0 
7fea78a31000-7fea78b2f000 rwxp 7fea78a31000 00:00 0 
7fea78b2f000-7fea78b32000 ---p 7fea78b2f000 00:00 0 
7fea78b32000-7fea78c30000 rwxp 7fea78b32000 00:00 0 
7fea78c30000-7fea78c31000 ---p 7fea78c30000 00:00 0 
7fea78c31000-7fea78da6000 rwxp 7fea78c31000 00:00 0 
7fea78da6000-7fea78f38000 r-xs 02f34000 08:13 2942580                    /usr/lib/jvm/java-6-sun-1.6.0.13/jre/lib/rt.jar
7fea78f38000-7fea78f60000 rwxp 7fea78f38000 00:00 0 
7fea78f60000-7fea78f61000 ---p 7fea78f60000 00:00 0 
7fea78f61000-7fea79061000 rwxp 7fea78f61000 00:00 0 
7fea79061000-7fea79062000 ---p 7fea79061000 00:00 0 
7fea79062000-7fea7916d000 rwxp 7fea79062000 00:00 0 
7fea7916d000-7fea7918c000 rwxp 7fea7916d000 00:00 0 
7fea7918c000-7fea791aa000 rwxp 7fea7918c000 00:00 0 
7fea791aa000-7fea79363000 rwxp 7fea791aa000 00:00 0 
7fea79363000-7fea7936e000 rwxp 7fea79363000 00:00 0 
7fea7936e000-7fea7938d000 rwxp 7fea7936e000 00:00 0 
7fea7938d000-7fea793ab000 rwxp 7fea7938d000 00:00 0 
7fea793ab000-7fea79563000 rwxp 7fea793ab000 00:00 0 
7fea79563000-7fea79573000 rwxp 7fea79563000 00:00 0 
7fea79573000-7fea7964f000 rwxp 7fea79573000 00:00 0 
7fea7964f000-7fea7ab10000 rwxp 7fea7964f000 00:00 0 
7fea7ab10000-7fea7ea50000 rwxp 7fea7ab10000 00:00 0 
7fea7ea50000-7fea82530000 rwxp 7fea7ea50000 00:00 0 
7fea82530000-7feab97b0000 rwxp 7fea82530000 00:00 0 
7feab97b0000-7feabb510000 rwxp 7feab97b0000 00:00 0 
7feabb510000-7fead6e50000 rwxp 7feabb510000 00:00 0 
7fead6e50000-7fead6e54000 r-xs 00000000 08:13 3197459                    /var/cache/fontconfig/6eb3985aa4124903f6ff08ba781cd364-x86-64.cache-2
7fead6e54000-7fead6e5c000 r-xs 0004b000 08:11 162661                     /home/epsilon/文档/4_java/javaTools/commons-math-1.2/commons-math-1.2.jar
7fead6e5c000-7fead70cc000 rwxp 7fead6e5c000 00:00 0 
7fead70cc000-7fead9e5c000 rwxp 7fead70cc000 00:00 0 
7fead9e5c000-7fead9e6a000 r-xp 00000000 08:13 3163206                    /usr/lib/jvm/java-6-sun-1.6.0.13/jre/lib/amd64/libzip.so
7fead9e6a000-7fead9f6c000 ---p 0000e000 08:13 3163206                    /usr/lib/jvm/java-6-sun-1.6.0.13/jre/lib/amd64/libzip.so
7fead9f6c000-7fead9f6f000 rwxp 00010000 08:13 3163206                    /usr/lib/jvm/java-6-sun-1.6.0.13/jre/lib/amd64/libzip.so
7fead9f6f000-7fead9f70000 rwxp 7fead9f6f000 00:00 0 
7fead9f70000-7fead9f99000 r-xp 00000000 08:13 3163219                    /usr/lib/jvm/java-6-sun-1.6.0.13/jre/lib/amd64/libjava.so
7fead9f99000-7feada098000 ---p 00029000 08:13 3163219                    /usr/lib/jvm/java-6-sun-1.6.0.13/jre/lib/amd64/libjava.so
7feada098000-7feada09f000 rwxp 00028000 08:13 3163219                    /usr/lib/jvm/java-6-sun-1.6.0.13/jre/lib/amd64/libjava.so
7feada09f000-7feada0ac000 r-xp 00000000 08:13 3163201                    /usr/lib/jvm/java-6-sun-1.6.0.13/jre/lib/amd64/libverify.so
7feada0ac000-7feada1ab000 ---p 0000d000 08:13 3163201                    /usr/lib/jvm/java-6-sun-1.6.0.13/jre/lib/amd64/libverify.so
7feada1ab000-7feada1ae000 rwxp 0000c000 08:13 3163201                    /usr/lib/jvm/java-6-sun-1.6.0.13/jre/lib/amd64/libverify.so
7feada1ae000-7feada1ba000 r-xp 00000000 08:13 213021                     /lib/libnss_files-2.9.so
7feada1ba000-7feada3b9000 ---p 0000c000 08:13 213021                     /lib/libnss_files-2.9.so
7feada3b9000-7feada3ba000 r-xp 0000b000 08:13 213021                     /lib/libnss_files-2.9.so
7feada3ba000-7feada3bb000 rwxp 0000c000 08:13 213021                     /lib/libnss_files-2.9.so
7feada3bb000-7feada3c5000 r-xp 00000000 08:13 213023                     /lib/libnss_nis-2.9.so
7feada3c5000-7feada5c4000 ---p 0000a000 08:13 213023                     /lib/libnss_nis-2.9.so
7feada5c4000-7feada5c5000 r-xp 00009000 08:13 213023                     /lib/libnss_nis-2.9.so
7feada5c5000-7feada5c6000 rwxp 0000a000 08:13 213023                     /lib/libnss_nis-2.9.so
7feada5c6000-7feada5ce000 r-xp 00000000 08:13 213019                     /lib/libnss_compat-2.9.so
7feada5ce000-7feada7cd000 ---p 00008000 08:13 213019                     /lib/libnss_compat-2.9.so
7feada7cd000-7feada7ce000 r-xp 00007000 08:13 213019                     /lib/libnss_compat-2.9.so
7feada7ce000-7feada7cf000 rwxp 00008000 08:13 213019                     /lib/libnss_compat-2.9.so
7feada7cf000-7feada7e5000 r-xp 00000000 08:13 213018                     /lib/libnsl-2.9.so
7feada7e5000-7feada9e5000 ---p 00016000 08:13 213018                     /lib/libnsl-2.9.so
7feada9e5000-7feada9e6000 r-xp 00016000 08:13 213018                     /lib/libnsl-2.9.so
7feada9e6000-7feada9e7000 rwxp 00017000 08:13 213018                     /lib/libnsl-2.9.so
7feada9e7000-7feada9e9000 rwxp 7feada9e7000 00:00 0 
7feada9e9000-7feada9f0000 r-xp 00000000 08:13 3163208                    /usr/lib/jvm/java-6-sun-1.6.0.13/jre/lib/amd64/native_threads/libhpi.so
7feada9f0000-7feadaaf1000 ---p 00007000 08:13 3163208                    /usr/lib/jvm/java-6-sun-1.6.0.13/jre/lib/amd64/native_threads/libhpi.so
7feadaaf1000-7feadaaf3000 rwxp 00008000 08:13 3163208                    /usr/lib/jvm/java-6-sun-1.6.0.13/jre/lib/amd64/native_threads/libhpi.so
7feadaaf3000-7feadaaf4000 rwxp 7feadaaf3000 00:00 0 
7feadaaf4000-7feadaafb000 r-xp 00000000 08:13 213028                     /lib/librt-2.9.so
7feadaafb000-7feadacfa000 ---p 00007000 08:13 213028                     /lib/librt-2.9.so
7feadacfa000-7feadacfb000 r-xp 00006000 08:13 213028                     /lib/librt-2.9.so
7feadacfb000-7feadacfc000 rwxp 00007000 08:13 213028                     /lib/librt-2.9.so
7feadacfc000-7feadacff000 ---p 7feadacfc000 00:00 0 
7feadacff000-7feadadfd000 rwxp 7feadacff000 00:00 0 
7feadadfd000-7feadae81000 r-xp 00000000 08:13 213016                     /lib/libm-2.9.so
7feadae81000-7feadb080000 ---p 00084000 08:13 213016                     /lib/libm-2.9.so
7feadb080000-7feadb081000 r-xp 00083000 08:13 213016                     /lib/libm-2.9.so
7feadb081000-7feadb082000 rwxp 00084000 08:13 213016                     /lib/libm-2.9.so
7feadb082000-7feadb70f000 r-xp 00000000 08:13 3163226                    /usr/lib/jvm/java-6-sun-1.6.0.13/jre/lib/amd64/server/libjvm.so
7feadb70f000-7feadb80e000 ---p 0068d000 08:13 3163226                    /usr/lib/jvm/java-6-sun-1.6.0.13/jre/lib/amd64/server/libjvm.so
7feadb80e000-7feadb95f000 rwxp 0068c000 08:13 3163226                    /usr/lib/jvm/java-6-sun-1.6.0.13/jre/lib/amd64/server/libjvm.so
7feadb95f000-7feadb99c000 rwxp 7feadb95f000 00:00 0 
7feadb99c000-7feadbb04000 r-xp 00000000 08:13 213012                     /lib/libc-2.9.so
7feadbb04000-7feadbd04000 ---p 00168000 08:13 213012                     /lib/libc-2.9.so
7feadbd04000-7feadbd08000 r-xp 00168000 08:13 213012                     /lib/libc-2.9.so
7feadbd08000-7feadbd09000 rwxp 0016c000 08:13 213012                     /lib/libc-2.9.so
7feadbd09000-7feadbd0e000 rwxp 7feadbd09000 00:00 0 
7feadbd0e000-7feadbd10000 r-xp 00000000 08:13 213015                     /lib/libdl-2.9.so
7feadbd10000-7feadbf10000 ---p 00002000 08:13 213015                     /lib/libdl-2.9.so
7feadbf10000-7feadbf11000 r-xp 00002000 08:13 213015                     /lib/libdl-2.9.so
7feadbf11000-7feadbf12000 rwxp 00003000 08:13 213015                     /lib/libdl-2.9.so
7feadbf12000-7feadbf29000 r-xp 00000000 08:13 213026                     /lib/libpthread-2.9.so
7feadbf29000-7feadc128000 ---p 00017000 08:13 213026                     /lib/libpthread-2.9.so
7feadc128000-7feadc129000 r-xp 00016000 08:13 213026                     /lib/libpthread-2.9.so
7feadc129000-7feadc12a000 rwxp 00017000 08:13 213026                     /lib/libpthread-2.9.so
7feadc12a000-7feadc12e000 rwxp 7feadc12a000 00:00 0 
7feadc12e000-7feadc14e000 r-xp 00000000 08:13 213006                     /lib/ld-2.9.so
7feadc14e000-7feadc151000 r-xs 00000000 08:13 3197439                    /var/cache/fontconfig/de156ccd2eddbdc19d37a45b8b2aac9c-x86-64.cache-2
7feadc151000-7feadc154000 r-xs 00000000 08:13 3197433                    /var/cache/fontconfig/ddd4086aec35a5275babba44bb759c3c-x86-64.cache-2
7feadc154000-7feadc162000 r-xs 000ba000 08:11 422677                     /home/epsilon/文档/4_java/javaTools/mtj.jar
7feadc162000-7feadc16c000 rwxp 7feadc162000 00:00 0 
7feadc16c000-7feadc222000 rwxp 7feadc16c000 00:00 0 
7feadc222000-7feadc224000 rwxp 7feadc222000 00:00 0 
7feadc224000-7feadc22b000 r-xp 00000000 08:13 3163192                    /usr/lib/jvm/java-6-sun-1.6.0.13/jre/lib/amd64/jli/libjli.so
7feadc22b000-7feadc32c000 ---p 00007000 08:13 3163192                    /usr/lib/jvm/java-6-sun-1.6.0.13/jre/lib/amd64/jli/libjli.so
7feadc32c000-7feadc32e000 rwxp 00008000 08:13 3163192                    /usr/lib/jvm/java-6-sun-1.6.0.13/jre/lib/amd64/jli/libjli.so
7feadc32e000-7feadc32f000 rwxp 7feadc32e000 00:00 0 
7feadc330000-7feadc331000 r-xs 00000000 08:13 3197445                    /var/cache/fontconfig/4c73fe0c47614734b17d736dbde7580a-x86-64.cache-2
7feadc331000-7feadc332000 r-xs 00000000 08:13 3197424                    /var/cache/fontconfig/4794a0821666d79190d59a36cb4f44b5-x86-64.cache-2
7feadc332000-7feadc335000 r-xs 00000000 08:13 3196574                    /var/cache/fontconfig/7ef2298fde41cc6eeb7af42e48b7d293-x86-64.cache-2
7feadc335000-7feadc339000 r-xs 00042000 08:11 181747                     /home/epsilon/NetBeansProjects/EpsilonUtils/trunk/dist/EpsilonYUtil.jar
7feadc339000-7feadc340000 r-xs 00000000 08:13 2803699                    /usr/lib/gconv/gconv-modules.cache
7feadc340000-7feadc348000 rwxs 00000000 08:13 376961                     /tmp/hsperfdata_epsilon/5831
7feadc348000-7feadc349000 rwxp 7feadc348000 00:00 0 
7feadc349000-7feadc34a000 r-xp 7feadc349000 00:00 0 
7feadc34a000-7feadc34d000 rwxp 7feadc34a000 00:00 0 
7feadc34d000-7feadc34e000 r-xp 0001f000 08:13 213006                     /lib/ld-2.9.so
7feadc34e000-7feadc34f000 rwxp 00020000 08:13 213006                     /lib/ld-2.9.so
7fffe4339000-7fffe434e000 rwxp 7ffffffea000 00:00 0                      [stack]
7fffe43fe000-7fffe43ff000 r-xp 7fffe43fe000 00:00 0                      [vdso]
ffffffffff600000-ffffffffff601000 r-xp 00000000 00:00 0                  [vsyscall]

VM Arguments:
jvm_args: -Dawt.useSystemAAFontSettings=on 
java_command: net.epsilony.simpmeshfree.model.ModelTestFrame
Launcher Type: SUN_STANDARD

Environment Variables:
_JAVA_OPTIONS=-Dawt.useSystemAAFontSettings=on
PATH=/usr/local/sbin:/usr/local/bin:/usr/sbin:/usr/bin:/sbin:/bin:/usr/games
USERNAME=epsilon
LD_LIBRARY_PATH=/usr/lib/jvm/java-6-sun-1.6.0.13/jre/lib/amd64/server:/usr/lib/jvm/java-6-sun-1.6.0.13/jre/lib/amd64:/usr/lib/jvm/java-6-sun-1.6.0.13/jre/../lib/amd64
SHELL=/bin/bash
DISPLAY=:0.0

Signal Handlers:
SIGSEGV: [libjvm.so+0x5fcd20], sa_mask[0]=0x7ffbfeff, sa_flags=0x10000004
SIGBUS: [libjvm.so+0x5fcd20], sa_mask[0]=0x7ffbfeff, sa_flags=0x10000004
SIGFPE: [libjvm.so+0x4e0eb0], sa_mask[0]=0x7ffbfeff, sa_flags=0x10000004
SIGPIPE: [libjvm.so+0x4e0eb0], sa_mask[0]=0x7ffbfeff, sa_flags=0x10000004
SIGXFSZ: [libjvm.so+0x4e0eb0], sa_mask[0]=0x7ffbfeff, sa_flags=0x10000004
SIGILL: [libjvm.so+0x4e0eb0], sa_mask[0]=0x7ffbfeff, sa_flags=0x10000004
SIGUSR1: SIG_DFL, sa_mask[0]=0x00000000, sa_flags=0x00000000
SIGUSR2: [libjvm.so+0x4e35d0], sa_mask[0]=0x00000004, sa_flags=0x10000004
SIGHUP: [libjvm.so+0x4e3320], sa_mask[0]=0x7ffbfeff, sa_flags=0x10000004
SIGINT: SIG_IGN, sa_mask[0]=0x00000000, sa_flags=0x00000000
SIGTERM: [libjvm.so+0x4e3320], sa_mask[0]=0x7ffbfeff, sa_flags=0x10000004
SIGQUIT: [libjvm.so+0x4e3320], sa_mask[0]=0x7ffbfeff, sa_flags=0x10000004


---------------  S Y S T E M  ---------------

OS:5.0

uname:Linux 2.6.28-12-generic #43-Ubuntu SMP Fri May 1 19:31:32 UTC 2009 x86_64
libc:glibc 2.9 NPTL 2.9 
rlimit: STACK 8192k, CORE 0k, NPROC infinity, NOFILE 1024, AS infinity
load average:0.74 0.69 0.55

CPU:total 2 (2 cores per cpu, 1 threads per core) family 16 model 2 stepping 3, cmov, cx8, fxsr, mmx, sse, sse2, sse3, mmxext, 3dnow, 3dnowext, sse4a

Memory: 4k page, physical 5780180k(3352976k free), swap 3903752k(3865604k free)

vm_info: Java HotSpot(TM) 64-Bit Server VM (11.3-b02) for linux-amd64 JRE (1.6.0_13-b03), built on Mar  9 2009 11:08:22 by "java_re" with gcc 3.2.2 (SuSE Linux)

time: Mon May 18 10:34:11 2009
elapsed time: 0 seconds

