#
# An unexpected error has been detected by Java Runtime Environment:
#
#  SIGSEGV (0xb) at pc=0x00007f585c9e611b, pid=2572, tid=140015722969424
#
# Java VM: Java HotSpot(TM) 64-Bit Server VM (11.3-b02 mixed mode linux-amd64)
# Problematic frame:
# C  [libc.so.6+0x8411b]  memcpy+0x15b
#
# If you would like to submit a bug report, please visit:
#   http://java.sun.com/webapps/bugreport/crash.jsp
#

---------------  T H R E A D  ---------------

Current thread (0x00007f57f409d400):  JavaThread "AWT-EventQueue-0" [_thread_in_vm, id=2590, stack(0x00007f57f35e3000,0x00007f57f36e4000)]

siginfo:si_signo=SIGSEGV: si_errno=0, si_code=2 (SEGV_ACCERR), si_addr=0x00007f57f41fd000

Registers:
RAX=0x00007f583afe3f28, RBX=0x00007f57fa6212a0, RCX=0x000000000000009c, RDX=0x0000000000004540
RSP=0x00007f57f36e24b8, RBP=0x00007f57f36e2540, RSI=0x00007f57f41fd000, RDI=0x00007f583afe7f88
R8 =0x0000000000000ffc, R9 =0x00007f585c8325b8, R10=0x00007f585c836028, R11=0x0000000000004540
R12=0x0000000000004540, R13=0x0000000000000000, R14=0x0000000040952e60, R15=0x00007f57f36e24d0
RIP=0x00007f585c9e611b, EFL=0x0000000000010212, CSGSFS=0x0000000000000033, ERR=0x0000000000000004
  TRAPNO=0x000000000000000e

Top of Stack: (sp=0x00007f57f36e24b8)
0x00007f57f36e24b8:   00007f585c38e600 00007f57f409d5c0
0x00007f57f36e24c8:   00007f57f41f8fa0 00007f57f409d400
0x00007f57f36e24d8:   0000000000000000 00007f57f409d400
0x00007f57f36e24e8:   0000000000000000 00007f57f409d400
0x00007f57f36e24f8:   00007f57f36e2638 00007f57f409d400
0x00007f57f36e2508:   00007f585c9dc276 00007f57f409d400
0x00007f57f36e2518:   0000000040952e60 00007f57f40f65b0
0x00007f57f36e2528:   00007f57f406f0d0 00007f57f36e2638
0x00007f57f36e2538:   0000000040952e00 00007f57f409d5c0
0x00007f57f36e2548:   00007f57f31c0486 00007f57f4048a90
0x00007f57f36e2558:   0000000040952e08 0000000040952e10
0x00007f57f36e2568:   0000000040952e18 0000000040952e20
0x00007f57f36e2578:   0000000040952e28 0000000040952e30
0x00007f57f36e2588:   00007f57f409d7a0 010101010109d400
0x00007f57f36e2598:   00007f57fb01ed38 00007f57f36e2618
0x00007f57f36e25a8:   0000000000000101 00007f57fb01ed38
0x00007f57f36e25b8:   00007f57f36e2638 00007f57f409d400
0x00007f57f36e25c8:   00007f5857e30852 00007f57f409d400
0x00007f57f36e25d8:   00007f57f36e25d8 00007f57fb01ed38
0x00007f57f36e25e8:   00007f57f36e2638 00007f57fb01f770
0x00007f57f36e25f8:   0000000000000000 00007f57fb01ed38
0x00007f57f36e2608:   0000000000000000 00007f57f36e2638
0x00007f57f36e2618:   00007f57f36e2680 00007f5857e25322
0x00007f57f36e2628:   0000000000000000 00007f5857e2d358
0x00007f57f36e2638:   00007f583afac598 00007f57f36e2640
0x00007f57f36e2648:   00007f57fb01d815 00007f57f36e26c8
0x00007f57f36e2658:   00007f57fb01f770 0000000000000000
0x00007f57f36e2668:   00007f57fb01d8a0 00007f57f36e2638
0x00007f57f36e2678:   00007f57f36e26b8 00007f57f36e2710
0x00007f57f36e2688:   00007f5857e25322 00007f583afdc6c0
0x00007f57f36e2698:   00007f583afdcab0 0000000000000002
0x00007f57f36e26a8:   00007f583afdca78 00007f583afdb5c0 

Instructions: (pc=0x00007f585c9e611b)
0x00007f585c9e610b:   0f 47 da 4c 89 d9 49 83 e3 f8 48 c1 e9 03 74 05
0x00007f585c9e611b:   f3 48 a5 66 90 4c 29 da 48 f7 c2 f8 ff ff ff 75 

Stack: [0x00007f57f35e3000,0x00007f57f36e4000],  sp=0x00007f57f36e24b8,  free space=1021k
Native frames: (J=compiled Java code, j=interpreted, Vv=VM code, C=native code)
C  [libc.so.6+0x8411b]  memcpy+0x15b

Java frames: (J=compiled Java code, j=interpreted, Vv=VM code)
j  net.epsilony.simpmeshfree.model.geometry.TriangleJni.triangleFun()V+0
j  net.epsilony.simpmeshfree.model.geometry.TriangleJni.complie(Lnet/epsilony/simpmeshfree/model/geometry/GeometryModel;Ljava/lang/String;)V+141
j  net.epsilony.simpmeshfree.model.mechanics.MechanicsModel.generateNodesByTriangle(DDLjava/lang/String;ZZ)V+110
j  net.epsilony.simpmeshfree.model.ModelTestFrame.<init>()V+659
j  net.epsilony.simpmeshfree.model.ModelTestFrame$1.run()V+4
j  java.awt.event.InvocationEvent.dispatch()V+47
j  java.awt.EventQueue.dispatchEvent(Ljava/awt/AWTEvent;)V+26
j  java.awt.EventDispatchThread.pumpOneEventForFilters(I)Z+204
j  java.awt.EventDispatchThread.pumpEventsForFilter(ILjava/awt/Conditional;Ljava/awt/EventFilter;)V+30
j  java.awt.EventDispatchThread.pumpEventsForHierarchy(ILjava/awt/Conditional;Ljava/awt/Component;)V+11
j  java.awt.EventDispatchThread.pumpEvents(ILjava/awt/Conditional;)V+4
j  java.awt.EventDispatchThread.pumpEvents(Ljava/awt/Conditional;)V+3
j  java.awt.EventDispatchThread.run()V+9
v  ~StubRoutines::call_stub

---------------  P R O C E S S  ---------------

Java Threads: ( => current thread )
  0x00007f57f4007800 JavaThread "Thread-3" [_thread_blocked, id=2592, stack(0x00007f57f33e1000,0x00007f57f34e2000)]
  0x00007f57f409e800 JavaThread "Thread-2" [_thread_blocked, id=2591, stack(0x00007f57f34e2000,0x00007f57f35e3000)]
  0x00007f57f403e400 JavaThread "DestroyJavaVM" [_thread_blocked, id=2573, stack(0x00007f585bcc2000,0x00007f585bdc3000)]
=>0x00007f57f409d400 JavaThread "AWT-EventQueue-0" [_thread_in_vm, id=2590, stack(0x00007f57f35e3000,0x00007f57f36e4000)]
  0x00007f57f409c400 JavaThread "AWT-Shutdown" [_thread_blocked, id=2589, stack(0x00007f57f36e4000,0x00007f57f37e5000)]
  0x00007f57f409b800 JavaThread "AWT-XAWT" daemon [_thread_in_native, id=2588, stack(0x00007f57f37e5000,0x00007f57f38e6000)]
  0x00007f57f402b400 JavaThread "Java2D Disposer" daemon [_thread_blocked, id=2586, stack(0x00007f57f3eff000,0x00007f57f4000000)]
  0x0000000040964800 JavaThread "Low Memory Detector" daemon [_thread_blocked, id=2584, stack(0x00007f57f95bb000,0x00007f57f96bc000)]
  0x0000000040962000 JavaThread "CompilerThread1" daemon [_thread_in_native, id=2583, stack(0x00007f57f96bc000,0x00007f57f97bd000)]
  0x000000004095e000 JavaThread "CompilerThread0" daemon [_thread_in_native, id=2582, stack(0x00007f57f97bd000,0x00007f57f98be000)]
  0x000000004095c000 JavaThread "Signal Dispatcher" daemon [_thread_blocked, id=2581, stack(0x00007f57f98be000,0x00007f57f99bf000)]
  0x000000004093a800 JavaThread "Finalizer" daemon [_thread_blocked, id=2580, stack(0x00007f57f99fe000,0x00007f57f9aff000)]
  0x0000000040933800 JavaThread "Reference Handler" daemon [_thread_blocked, id=2579, stack(0x00007f57f9aff000,0x00007f57f9c00000)]

Other Threads:
  0x000000004092e000 VMThread [stack: 0x00007f57f9c00000,0x00007f57f9d01000] [id=2578]
  0x0000000040966c00 WatcherThread [stack: 0x00007f57f94ba000,0x00007f57f95bb000] [id=2585]

VM state:not at safepoint (normal execution)

VM Mutex/Monitor currently owned by a thread: None

Heap
 PSYoungGen      total 26368K, used 19327K [0x00007f583a780000, 0x00007f583c4e0000, 0x00007f5857e20000)
  eden space 22656K, 85% used [0x00007f583a780000,0x00007f583ba5fc60,0x00007f583bda0000)
  from space 3712K, 0% used [0x00007f583c140000,0x00007f583c140000,0x00007f583c4e0000)
  to   space 3712K, 0% used [0x00007f583bda0000,0x00007f583bda0000,0x00007f583c140000)
 PSOldGen        total 60288K, used 0K [0x00007f57ffa20000, 0x00007f5803500000, 0x00007f583a780000)
  object space 60288K, 0% used [0x00007f57ffa20000,0x00007f57ffa20000,0x00007f5803500000)
 PSPermGen       total 21248K, used 10262K [0x00007f57fa620000, 0x00007f57fbae0000, 0x00007f57ffa20000)
  object space 21248K, 48% used [0x00007f57fa620000,0x00007f57fb025a50,0x00007f57fbae0000)

Dynamic libraries:
40000000-40009000 r-xp 00000000 08:13 3163089                            /usr/lib/jvm/java-6-sun-1.6.0.13/jre/bin/java
40108000-4010a000 rwxp 00008000 08:13 3163089                            /usr/lib/jvm/java-6-sun-1.6.0.13/jre/bin/java
408a5000-41388000 rwxp 408a5000 00:00 0                                  [heap]
7f57f2c97000-7f57f2cad000 r-xp 00000000 08:13 213005                     /lib/libgcc_s.so.1
7f57f2cad000-7f57f2ead000 ---p 00016000 08:13 213005                     /lib/libgcc_s.so.1
7f57f2ead000-7f57f2eae000 r-xp 00016000 08:13 213005                     /lib/libgcc_s.so.1
7f57f2eae000-7f57f2eaf000 rwxp 00017000 08:13 213005                     /lib/libgcc_s.so.1
7f57f2eaf000-7f57f2fa0000 r-xp 00000000 08:13 2802601                    /usr/lib/libstdc++.so.6.0.10
7f57f2fa0000-7f57f31a0000 ---p 000f1000 08:13 2802601                    /usr/lib/libstdc++.so.6.0.10
7f57f31a0000-7f57f31a7000 r-xp 000f1000 08:13 2802601                    /usr/lib/libstdc++.so.6.0.10
7f57f31a7000-7f57f31a9000 rwxp 000f8000 08:13 2802601                    /usr/lib/libstdc++.so.6.0.10
7f57f31a9000-7f57f31bc000 rwxp 7f57f31a9000 00:00 0 
7f57f31bc000-7f57f31e0000 r-xp 00000000 08:13 1942103                    /usr/lib/TriangleJniAmd64.so
7f57f31e0000-7f57f33df000 ---p 00024000 08:13 1942103                    /usr/lib/TriangleJniAmd64.so
7f57f33df000-7f57f33e0000 r-xp 00023000 08:13 1942103                    /usr/lib/TriangleJniAmd64.so
7f57f33e0000-7f57f33e1000 rwxp 00024000 08:13 1942103                    /usr/lib/TriangleJniAmd64.so
7f57f33e1000-7f57f33e4000 ---p 7f57f33e1000 00:00 0 
7f57f33e4000-7f57f34e2000 rwxp 7f57f33e4000 00:00 0 
7f57f34e2000-7f57f34e5000 ---p 7f57f34e2000 00:00 0 
7f57f34e5000-7f57f35e3000 rwxp 7f57f34e5000 00:00 0 
7f57f35e3000-7f57f35e6000 ---p 7f57f35e3000 00:00 0 
7f57f35e6000-7f57f36e4000 rwxp 7f57f35e6000 00:00 0 
7f57f36e4000-7f57f36e7000 ---p 7f57f36e4000 00:00 0 
7f57f36e7000-7f57f37e5000 rwxp 7f57f36e7000 00:00 0 
7f57f37e5000-7f57f37e8000 ---p 7f57f37e5000 00:00 0 
7f57f37e8000-7f57f38e6000 rwxp 7f57f37e8000 00:00 0 
7f57f38e6000-7f57f38eb000 r-xp 00000000 08:13 2805390                    /usr/lib/libXfixes.so.3.1.0
7f57f38eb000-7f57f3aea000 ---p 00005000 08:13 2805390                    /usr/lib/libXfixes.so.3.1.0
7f57f3aea000-7f57f3aeb000 rwxp 00004000 08:13 2805390                    /usr/lib/libXfixes.so.3.1.0
7f57f3aeb000-7f57f3af4000 r-xp 00000000 08:13 2805803                    /usr/lib/libXrender.so.1.3.0
7f57f3af4000-7f57f3cf3000 ---p 00009000 08:13 2805803                    /usr/lib/libXrender.so.1.3.0
7f57f3cf3000-7f57f3cf4000 r-xp 00008000 08:13 2805803                    /usr/lib/libXrender.so.1.3.0
7f57f3cf4000-7f57f3cf5000 rwxp 00009000 08:13 2805803                    /usr/lib/libXrender.so.1.3.0
7f57f3cf5000-7f57f3cfe000 r-xp 00000000 08:13 2805843                    /usr/lib/libXcursor.so.1.0.2
7f57f3cfe000-7f57f3efe000 ---p 00009000 08:13 2805843                    /usr/lib/libXcursor.so.1.0.2
7f57f3efe000-7f57f3eff000 rwxp 00009000 08:13 2805843                    /usr/lib/libXcursor.so.1.0.2
7f57f3eff000-7f57f3f02000 ---p 7f57f3eff000 00:00 0 
7f57f3f02000-7f57f4000000 rwxp 7f57f3f02000 00:00 0 
7f57f4000000-7f57f41fd000 rwxp 7f57f4000000 00:00 0 
7f57f41fd000-7f57f8000000 ---p 7f57f41fd000 00:00 0 
7f57f8037000-7f57f8040000 r-xs 00000000 08:13 3197464                    /var/cache/fontconfig/945677eb7aeaf62f1d50efc3fb3ec7d8-x86-64.cache-2
7f57f8040000-7f57f8042000 r-xs 00000000 08:13 3197468                    /var/cache/fontconfig/99e8ed0e538f840c565b6ed5dad60d56-x86-64.cache-2
7f57f8042000-7f57f8045000 r-xs 00000000 08:13 3197466                    /var/cache/fontconfig/e383d7ea5fbe662a33d9b44caf393297-x86-64.cache-2
7f57f8045000-7f57f8049000 r-xs 00000000 08:13 3197459                    /var/cache/fontconfig/6eb3985aa4124903f6ff08ba781cd364-x86-64.cache-2
7f57f8049000-7f57f804a000 r-xs 00000000 08:13 3197445                    /var/cache/fontconfig/4c73fe0c47614734b17d736dbde7580a-x86-64.cache-2
7f57f804a000-7f57f804e000 r-xs 00000000 08:13 3196573                    /var/cache/fontconfig/a755afe4a08bf5b97852ceb7400b47bc-x86-64.cache-2
7f57f804e000-7f57f8057000 r-xs 00000000 08:13 3197440                    /var/cache/fontconfig/6d41288fd70b0be22e8c3a91e032eec0-x86-64.cache-2
7f57f8057000-7f57f805a000 r-xs 00000000 08:13 3197439                    /var/cache/fontconfig/de156ccd2eddbdc19d37a45b8b2aac9c-x86-64.cache-2
7f57f805a000-7f57f8065000 r-xs 00000000 08:13 3197435                    /var/cache/fontconfig/e3de0de479f42330eadf588a55fb5bf4-x86-64.cache-2
7f57f8065000-7f57f8074000 r-xs 00000000 08:13 3197434                    /var/cache/fontconfig/0f34bcd4b6ee430af32735b75db7f02b-x86-64.cache-2
7f57f8074000-7f57f8077000 r-xs 00000000 08:13 3197433                    /var/cache/fontconfig/ddd4086aec35a5275babba44bb759c3c-x86-64.cache-2
7f57f8077000-7f57f8078000 r-xs 00000000 08:13 3197424                    /var/cache/fontconfig/4794a0821666d79190d59a36cb4f44b5-x86-64.cache-2
7f57f8078000-7f57f8081000 r-xs 00000000 08:13 3197417                    /var/cache/fontconfig/d52a8644073d54c13679302ca1180695-x86-64.cache-2
7f57f8081000-7f57f80ff000 r-xp 00000000 08:13 3163204                    /usr/lib/jvm/java-6-sun-1.6.0.13/jre/lib/amd64/libfontmanager.so
7f57f80ff000-7f57f81fe000 ---p 0007e000 08:13 3163204                    /usr/lib/jvm/java-6-sun-1.6.0.13/jre/lib/amd64/libfontmanager.so
7f57f81fe000-7f57f8214000 rwxp 0007d000 08:13 3163204                    /usr/lib/jvm/java-6-sun-1.6.0.13/jre/lib/amd64/libfontmanager.so
7f57f8214000-7f57f8225000 rwxp 7f57f8214000 00:00 0 
7f57f8225000-7f57f822a000 r-xp 00000000 08:13 2805384                    /usr/lib/libXdmcp.so.6.0.0
7f57f822a000-7f57f8429000 ---p 00005000 08:13 2805384                    /usr/lib/libXdmcp.so.6.0.0
7f57f8429000-7f57f842a000 rwxp 00004000 08:13 2805384                    /usr/lib/libXdmcp.so.6.0.0
7f57f842a000-7f57f8445000 r-xp 00000000 08:13 2805386                    /usr/lib/libxcb.so.1.1.0
7f57f8445000-7f57f8644000 ---p 0001b000 08:13 2805386                    /usr/lib/libxcb.so.1.1.0
7f57f8644000-7f57f8645000 r-xp 0001a000 08:13 2805386                    /usr/lib/libxcb.so.1.1.0
7f57f8645000-7f57f8646000 rwxp 0001b000 08:13 2805386                    /usr/lib/libxcb.so.1.1.0
7f57f8646000-7f57f8648000 r-xp 00000000 08:13 2805382                    /usr/lib/libXau.so.6.0.0
7f57f8648000-7f57f8847000 ---p 00002000 08:13 2805382                    /usr/lib/libXau.so.6.0.0
7f57f8847000-7f57f8848000 r-xp 00001000 08:13 2805382                    /usr/lib/libXau.so.6.0.0
7f57f8848000-7f57f8849000 rwxp 00002000 08:13 2805382                    /usr/lib/libXau.so.6.0.0
7f57f8849000-7f57f8852000 r-xp 00000000 08:13 2805586                    /usr/lib/libXi.so.6.0.0
7f57f8852000-7f57f8a52000 ---p 00009000 08:13 2805586                    /usr/lib/libXi.so.6.0.0
7f57f8a52000-7f57f8a53000 r-xp 00009000 08:13 2805586                    /usr/lib/libXi.so.6.0.0
7f57f8a53000-7f57f8a54000 rwxp 0000a000 08:13 2805586                    /usr/lib/libXi.so.6.0.0
7f57f8a54000-7f57f8a59000 r-xp 00000000 08:13 2806834                    /usr/lib/libXtst.so.6.1.0
7f57f8a59000-7f57f8c59000 ---p 00005000 08:13 2806834                    /usr/lib/libXtst.so.6.1.0
7f57f8c59000-7f57f8c5a000 r-xp 00005000 08:13 2806834                    /usr/lib/libXtst.so.6.1.0
7f57f8c5a000-7f57f8c5b000 rwxp 00006000 08:13 2806834                    /usr/lib/libXtst.so.6.1.0
7f57f8c5b000-7f57f8d5d000 r-xp 00000000 08:13 2805388                    /usr/lib/libX11.so.6.2.0
7f57f8d5d000-7f57f8f5d000 ---p 00102000 08:13 2805388                    /usr/lib/libX11.so.6.2.0
7f57f8f5d000-7f57f8f5e000 r-xp 00102000 08:13 2805388                    /usr/lib/libX11.so.6.2.0
7f57f8f5e000-7f57f8f62000 rwxp 00103000 08:13 2805388                    /usr/lib/libX11.so.6.2.0
7f57f8f62000-7f57f8f73000 r-xp 00000000 08:13 2805394                    /usr/lib/libXext.so.6.4.0
7f57f8f73000-7f57f9172000 ---p 00011000 08:13 2805394                    /usr/lib/libXext.so.6.4.0
7f57f9172000-7f57f9173000 r-xp 00010000 08:13 2805394                    /usr/lib/libXext.so.6.4.0
7f57f9173000-7f57f9174000 rwxp 00011000 08:13 2805394                    /usr/lib/libXext.so.6.4.0
7f57f9175000-7f57f9181000 r-xs 00000000 08:13 3197416                    /var/cache/fontconfig/089dead882dea3570ffc31a9898cfb69-x86-64.cache-2
7f57f9181000-7f57f9185000 r-xs 00000000 08:13 3197398                    /var/cache/fontconfig/cabbd14511b9e8a55e92af97fb3a0461-x86-64.cache-2
7f57f9185000-7f57f918f000 r-xs 00000000 08:13 3195524                    /var/cache/fontconfig/e13b20fdb08344e0e664864cc2ede53d-x86-64.cache-2
7f57f918f000-7f57f91d0000 r-xp 00000000 08:13 3163194                    /usr/lib/jvm/java-6-sun-1.6.0.13/jre/lib/amd64/xawt/libmawt.so
7f57f91d0000-7f57f92cf000 ---p 00041000 08:13 3163194                    /usr/lib/jvm/java-6-sun-1.6.0.13/jre/lib/amd64/xawt/libmawt.so
7f57f92cf000-7f57f92db000 rwxp 00040000 08:13 3163194                    /usr/lib/jvm/java-6-sun-1.6.0.13/jre/lib/amd64/xawt/libmawt.so
7f57f92db000-7f57f92dc000 rwxp 7f57f92db000 00:00 0 
7f57f92dc000-7f57f936e000 r-xp 00000000 08:13 3163239                    /usr/lib/jvm/java-6-sun-1.6.0.13/jre/lib/amd64/libawt.so
7f57f936e000-7f57f946d000 ---p 00092000 08:13 3163239                    /usr/lib/jvm/java-6-sun-1.6.0.13/jre/lib/amd64/libawt.so
7f57f946d000-7f57f9486000 rwxp 00091000 08:13 3163239                    /usr/lib/jvm/java-6-sun-1.6.0.13/jre/lib/amd64/libawt.so
7f57f9486000-7f57f94ab000 rwxp 7f57f9486000 00:00 0 
7f57f94ab000-7f57f94b2000 r-xs 00059000 08:11 1172178                    /home/epsilon/文档/4_java/javaTools/apache-log4j-1.2.15/log4j-1.2.15.jar
7f57f94b2000-7f57f94ba000 r-xs 0004b000 08:11 162661                     /home/epsilon/文档/4_java/javaTools/commons-math-1.2/commons-math-1.2.jar
7f57f94ba000-7f57f94bb000 ---p 7f57f94ba000 00:00 0 
7f57f94bb000-7f57f95bb000 rwxp 7f57f94bb000 00:00 0 
7f57f95bb000-7f57f95be000 ---p 7f57f95bb000 00:00 0 
7f57f95be000-7f57f96bc000 rwxp 7f57f95be000 00:00 0 
7f57f96bc000-7f57f96bf000 ---p 7f57f96bc000 00:00 0 
7f57f96bf000-7f57f97bd000 rwxp 7f57f96bf000 00:00 0 
7f57f97bd000-7f57f97c0000 ---p 7f57f97bd000 00:00 0 
7f57f97c0000-7f57f98be000 rwxp 7f57f97c0000 00:00 0 
7f57f98be000-7f57f98c1000 ---p 7f57f98be000 00:00 0 
7f57f98c1000-7f57f99bf000 rwxp 7f57f98c1000 00:00 0 
7f57f99bf000-7f57f99fe000 r-xp 00000000 08:13 2827839                    /usr/lib/locale/zh_CN.utf8/LC_CTYPE
7f57f99fe000-7f57f9a01000 ---p 7f57f99fe000 00:00 0 
7f57f9a01000-7f57f9aff000 rwxp 7f57f9a01000 00:00 0 
7f57f9aff000-7f57f9b02000 ---p 7f57f9aff000 00:00 0 
7f57f9b02000-7f57f9c00000 rwxp 7f57f9b02000 00:00 0 
7f57f9c00000-7f57f9c01000 ---p 7f57f9c00000 00:00 0 
7f57f9c01000-7f57f9d76000 rwxp 7f57f9c01000 00:00 0 
7f57f9d76000-7f57f9f08000 r-xs 02f34000 08:13 2942580                    /usr/lib/jvm/java-6-sun-1.6.0.13/jre/lib/rt.jar
7f57f9f08000-7f57f9f30000 rwxp 7f57f9f08000 00:00 0 
7f57f9f30000-7f57f9f31000 ---p 7f57f9f30000 00:00 0 
7f57f9f31000-7f57fa031000 rwxp 7f57f9f31000 00:00 0 
7f57fa031000-7f57fa032000 ---p 7f57fa031000 00:00 0 
7f57fa032000-7f57fa13d000 rwxp 7f57fa032000 00:00 0 
7f57fa13d000-7f57fa15c000 rwxp 7f57fa13d000 00:00 0 
7f57fa15c000-7f57fa17a000 rwxp 7f57fa15c000 00:00 0 
7f57fa17a000-7f57fa333000 rwxp 7f57fa17a000 00:00 0 
7f57fa333000-7f57fa33e000 rwxp 7f57fa333000 00:00 0 
7f57fa33e000-7f57fa35d000 rwxp 7f57fa33e000 00:00 0 
7f57fa35d000-7f57fa37b000 rwxp 7f57fa35d000 00:00 0 
7f57fa37b000-7f57fa533000 rwxp 7f57fa37b000 00:00 0 
7f57fa533000-7f57fa543000 rwxp 7f57fa533000 00:00 0 
7f57fa543000-7f57fa61f000 rwxp 7f57fa543000 00:00 0 
7f57fa61f000-7f57fbae0000 rwxp 7f57fa61f000 00:00 0 
7f57fbae0000-7f57ffa20000 rwxp 7f57fbae0000 00:00 0 
7f57ffa20000-7f5803500000 rwxp 7f57ffa20000 00:00 0 
7f5803500000-7f583a780000 rwxp 7f5803500000 00:00 0 
7f583a780000-7f583c4e0000 rwxp 7f583a780000 00:00 0 
7f583c4e0000-7f5857e20000 rwxp 7f583c4e0000 00:00 0 
7f5857e22000-7f5858092000 rwxp 7f5857e22000 00:00 0 
7f5858092000-7f585ae22000 rwxp 7f5858092000 00:00 0 
7f585ae22000-7f585ae30000 r-xp 00000000 08:13 3163206                    /usr/lib/jvm/java-6-sun-1.6.0.13/jre/lib/amd64/libzip.so
7f585ae30000-7f585af32000 ---p 0000e000 08:13 3163206                    /usr/lib/jvm/java-6-sun-1.6.0.13/jre/lib/amd64/libzip.so
7f585af32000-7f585af35000 rwxp 00010000 08:13 3163206                    /usr/lib/jvm/java-6-sun-1.6.0.13/jre/lib/amd64/libzip.so
7f585af35000-7f585af36000 rwxp 7f585af35000 00:00 0 
7f585af36000-7f585af5f000 r-xp 00000000 08:13 3163219                    /usr/lib/jvm/java-6-sun-1.6.0.13/jre/lib/amd64/libjava.so
7f585af5f000-7f585b05e000 ---p 00029000 08:13 3163219                    /usr/lib/jvm/java-6-sun-1.6.0.13/jre/lib/amd64/libjava.so
7f585b05e000-7f585b065000 rwxp 00028000 08:13 3163219                    /usr/lib/jvm/java-6-sun-1.6.0.13/jre/lib/amd64/libjava.so
7f585b065000-7f585b072000 r-xp 00000000 08:13 3163201                    /usr/lib/jvm/java-6-sun-1.6.0.13/jre/lib/amd64/libverify.so
7f585b072000-7f585b171000 ---p 0000d000 08:13 3163201                    /usr/lib/jvm/java-6-sun-1.6.0.13/jre/lib/amd64/libverify.so
7f585b171000-7f585b174000 rwxp 0000c000 08:13 3163201                    /usr/lib/jvm/java-6-sun-1.6.0.13/jre/lib/amd64/libverify.so
7f585b174000-7f585b180000 r-xp 00000000 08:13 213021                     /lib/libnss_files-2.9.so
7f585b180000-7f585b37f000 ---p 0000c000 08:13 213021                     /lib/libnss_files-2.9.so
7f585b37f000-7f585b380000 r-xp 0000b000 08:13 213021                     /lib/libnss_files-2.9.so
7f585b380000-7f585b381000 rwxp 0000c000 08:13 213021                     /lib/libnss_files-2.9.so
7f585b381000-7f585b38b000 r-xp 00000000 08:13 213023                     /lib/libnss_nis-2.9.so
7f585b38b000-7f585b58a000 ---p 0000a000 08:13 213023                     /lib/libnss_nis-2.9.so
7f585b58a000-7f585b58b000 r-xp 00009000 08:13 213023                     /lib/libnss_nis-2.9.so
7f585b58b000-7f585b58c000 rwxp 0000a000 08:13 213023                     /lib/libnss_nis-2.9.so
7f585b58c000-7f585b594000 r-xp 00000000 08:13 213019                     /lib/libnss_compat-2.9.so
7f585b594000-7f585b793000 ---p 00008000 08:13 213019                     /lib/libnss_compat-2.9.so
7f585b793000-7f585b794000 r-xp 00007000 08:13 213019                     /lib/libnss_compat-2.9.so
7f585b794000-7f585b795000 rwxp 00008000 08:13 213019                     /lib/libnss_compat-2.9.so
7f585b795000-7f585b7ab000 r-xp 00000000 08:13 213018                     /lib/libnsl-2.9.so
7f585b7ab000-7f585b9ab000 ---p 00016000 08:13 213018                     /lib/libnsl-2.9.so
7f585b9ab000-7f585b9ac000 r-xp 00016000 08:13 213018                     /lib/libnsl-2.9.so
7f585b9ac000-7f585b9ad000 rwxp 00017000 08:13 213018                     /lib/libnsl-2.9.so
7f585b9ad000-7f585b9af000 rwxp 7f585b9ad000 00:00 0 
7f585b9af000-7f585b9b6000 r-xp 00000000 08:13 3163208                    /usr/lib/jvm/java-6-sun-1.6.0.13/jre/lib/amd64/native_threads/libhpi.so
7f585b9b6000-7f585bab7000 ---p 00007000 08:13 3163208                    /usr/lib/jvm/java-6-sun-1.6.0.13/jre/lib/amd64/native_threads/libhpi.so
7f585bab7000-7f585bab9000 rwxp 00008000 08:13 3163208                    /usr/lib/jvm/java-6-sun-1.6.0.13/jre/lib/amd64/native_threads/libhpi.so
7f585bab9000-7f585baba000 rwxp 7f585bab9000 00:00 0 
7f585baba000-7f585bac1000 r-xp 00000000 08:13 213028                     /lib/librt-2.9.so
7f585bac1000-7f585bcc0000 ---p 00007000 08:13 213028                     /lib/librt-2.9.so
7f585bcc0000-7f585bcc1000 r-xp 00006000 08:13 213028                     /lib/librt-2.9.so
7f585bcc1000-7f585bcc2000 rwxp 00007000 08:13 213028                     /lib/librt-2.9.so
7f585bcc2000-7f585bcc5000 ---p 7f585bcc2000 00:00 0 
7f585bcc5000-7f585bdc3000 rwxp 7f585bcc5000 00:00 0 
7f585bdc3000-7f585be47000 r-xp 00000000 08:13 213016                     /lib/libm-2.9.so
7f585be47000-7f585c046000 ---p 00084000 08:13 213016                     /lib/libm-2.9.so
7f585c046000-7f585c047000 r-xp 00083000 08:13 213016                     /lib/libm-2.9.so
7f585c047000-7f585c048000 rwxp 00084000 08:13 213016                     /lib/libm-2.9.so
7f585c048000-7f585c6d5000 r-xp 00000000 08:13 3163226                    /usr/lib/jvm/java-6-sun-1.6.0.13/jre/lib/amd64/server/libjvm.so
7f585c6d5000-7f585c7d4000 ---p 0068d000 08:13 3163226                    /usr/lib/jvm/java-6-sun-1.6.0.13/jre/lib/amd64/server/libjvm.so
7f585c7d4000-7f585c925000 rwxp 0068c000 08:13 3163226                    /usr/lib/jvm/java-6-sun-1.6.0.13/jre/lib/amd64/server/libjvm.so
7f585c925000-7f585c962000 rwxp 7f585c925000 00:00 0 
7f585c962000-7f585caca000 r-xp 00000000 08:13 213012                     /lib/libc-2.9.so
7f585caca000-7f585ccca000 ---p 00168000 08:13 213012                     /lib/libc-2.9.so
7f585ccca000-7f585ccce000 r-xp 00168000 08:13 213012                     /lib/libc-2.9.so
7f585ccce000-7f585cccf000 rwxp 0016c000 08:13 213012                     /lib/libc-2.9.so
7f585cccf000-7f585ccd4000 rwxp 7f585cccf000 00:00 0 
7f585ccd4000-7f585ccd6000 r-xp 00000000 08:13 213015                     /lib/libdl-2.9.so
7f585ccd6000-7f585ced6000 ---p 00002000 08:13 213015                     /lib/libdl-2.9.so
7f585ced6000-7f585ced7000 r-xp 00002000 08:13 213015                     /lib/libdl-2.9.so
7f585ced7000-7f585ced8000 rwxp 00003000 08:13 213015                     /lib/libdl-2.9.so
7f585ced8000-7f585ceef000 r-xp 00000000 08:13 213026                     /lib/libpthread-2.9.so
7f585ceef000-7f585d0ee000 ---p 00017000 08:13 213026                     /lib/libpthread-2.9.so
7f585d0ee000-7f585d0ef000 r-xp 00016000 08:13 213026                     /lib/libpthread-2.9.so
7f585d0ef000-7f585d0f0000 rwxp 00017000 08:13 213026                     /lib/libpthread-2.9.so
7f585d0f0000-7f585d0f4000 rwxp 7f585d0f0000 00:00 0 
7f585d0f4000-7f585d114000 r-xp 00000000 08:13 213006                     /lib/ld-2.9.so
7f585d11a000-7f585d128000 r-xs 000ba000 08:11 422677                     /home/epsilon/文档/4_java/javaTools/mtj.jar
7f585d128000-7f585d132000 rwxp 7f585d128000 00:00 0 
7f585d132000-7f585d1e8000 rwxp 7f585d132000 00:00 0 
7f585d1e8000-7f585d1ea000 rwxp 7f585d1e8000 00:00 0 
7f585d1ea000-7f585d1f1000 r-xp 00000000 08:13 3163192                    /usr/lib/jvm/java-6-sun-1.6.0.13/jre/lib/amd64/jli/libjli.so
7f585d1f1000-7f585d2f2000 ---p 00007000 08:13 3163192                    /usr/lib/jvm/java-6-sun-1.6.0.13/jre/lib/amd64/jli/libjli.so
7f585d2f2000-7f585d2f4000 rwxp 00008000 08:13 3163192                    /usr/lib/jvm/java-6-sun-1.6.0.13/jre/lib/amd64/jli/libjli.so
7f585d2f4000-7f585d2f5000 rwxp 7f585d2f4000 00:00 0 
7f585d2f5000-7f585d2f8000 r-xs 000cb000 08:13 3162696                    /usr/lib/jvm/java-6-sun-1.6.0.13/jre/lib/ext/localedata.jar
7f585d2f8000-7f585d2fb000 r-xs 00000000 08:13 3196574                    /var/cache/fontconfig/7ef2298fde41cc6eeb7af42e48b7d293-x86-64.cache-2
7f585d2fb000-7f585d2ff000 r-xs 00042000 08:11 181747                     /home/epsilon/NetBeansProjects/EpsilonUtils/trunk/dist/EpsilonYUtil.jar
7f585d2ff000-7f585d306000 r-xs 00000000 08:13 2803699                    /usr/lib/gconv/gconv-modules.cache
7f585d306000-7f585d30e000 rwxs 00000000 08:13 376928                     /tmp/hsperfdata_epsilon/2572
7f585d30e000-7f585d30f000 rwxp 7f585d30e000 00:00 0 
7f585d30f000-7f585d310000 r-xp 7f585d30f000 00:00 0 
7f585d310000-7f585d313000 rwxp 7f585d310000 00:00 0 
7f585d313000-7f585d314000 r-xp 0001f000 08:13 213006                     /lib/ld-2.9.so
7f585d314000-7f585d315000 rwxp 00020000 08:13 213006                     /lib/ld-2.9.so
7fff65300000-7fff65315000 rwxp 7ffffffea000 00:00 0                      [stack]
7fff653ff000-7fff65400000 r-xp 7fff653ff000 00:00 0                      [vdso]
ffffffffff600000-ffffffffff601000 r-xp 00000000 00:00 0                  [vsyscall]

VM Arguments:
jvm_args: -Dawt.useSystemAAFontSettings=on 
java_command: net.epsilony.simpmeshfree.model.ModelTestFrame
Launcher Type: SUN_STANDARD

Environment Variables:
_JAVA_OPTIONS=-Dawt.useSystemAAFontSettings=on
PATH=/usr/local/sbin:/usr/local/bin:/usr/sbin:/usr/bin:/sbin:/bin:/usr/games
USERNAME=epsilon
LD_LIBRARY_PATH=/usr/lib/jvm/java-6-sun-1.6.0.13/jre/lib/amd64/server:/usr/lib/jvm/java-6-sun-1.6.0.13/jre/lib/amd64:/usr/lib/jvm/java-6-sun-1.6.0.13/jre/../lib/amd64
SHELL=/bin/bash
DISPLAY=:0.0

Signal Handlers:
SIGSEGV: [libjvm.so+0x5fcd20], sa_mask[0]=0x7ffbfeff, sa_flags=0x10000004
SIGBUS: [libjvm.so+0x5fcd20], sa_mask[0]=0x7ffbfeff, sa_flags=0x10000004
SIGFPE: [libjvm.so+0x4e0eb0], sa_mask[0]=0x7ffbfeff, sa_flags=0x10000004
SIGPIPE: [libjvm.so+0x4e0eb0], sa_mask[0]=0x7ffbfeff, sa_flags=0x10000004
SIGXFSZ: [libjvm.so+0x4e0eb0], sa_mask[0]=0x7ffbfeff, sa_flags=0x10000004
SIGILL: [libjvm.so+0x4e0eb0], sa_mask[0]=0x7ffbfeff, sa_flags=0x10000004
SIGUSR1: SIG_DFL, sa_mask[0]=0x00000000, sa_flags=0x00000000
SIGUSR2: [libjvm.so+0x4e35d0], sa_mask[0]=0x00000004, sa_flags=0x10000004
SIGHUP: [libjvm.so+0x4e3320], sa_mask[0]=0x7ffbfeff, sa_flags=0x10000004
SIGINT: SIG_IGN, sa_mask[0]=0x00000000, sa_flags=0x00000000
SIGTERM: [libjvm.so+0x4e3320], sa_mask[0]=0x7ffbfeff, sa_flags=0x10000004
SIGQUIT: [libjvm.so+0x4e3320], sa_mask[0]=0x7ffbfeff, sa_flags=0x10000004


---------------  S Y S T E M  ---------------

OS:5.0

uname:Linux 2.6.28-12-generic #43-Ubuntu SMP Fri May 1 19:31:32 UTC 2009 x86_64
libc:glibc 2.9 NPTL 2.9 
rlimit: STACK 8192k, CORE 0k, NPROC infinity, NOFILE 1024, AS infinity
load average:0.40 0.18 0.10

CPU:total 2 (2 cores per cpu, 1 threads per core) family 16 model 2 stepping 3, cmov, cx8, fxsr, mmx, sse, sse2, sse3, mmxext, 3dnow, 3dnowext, sse4a

Memory: 4k page, physical 5780180k(3703512k free), swap 3903752k(3865604k free)

vm_info: Java HotSpot(TM) 64-Bit Server VM (11.3-b02) for linux-amd64 JRE (1.6.0_13-b03), built on Mar  9 2009 11:08:22 by "java_re" with gcc 3.2.2 (SuSE Linux)

time: Mon May 18 09:56:09 2009
elapsed time: 0 seconds

