#
# An unexpected error has been detected by Java Runtime Environment:
#
#  SIGSEGV (0xb) at pc=0x00007f29bdbe011b, pid=8796, tid=139815555430736
#
# Java VM: Java HotSpot(TM) 64-Bit Server VM (11.3-b02 mixed mode linux-amd64)
# Problematic frame:
# C  [libc.so.6+0x8411b]  memcpy+0x15b
#
# If you would like to submit a bug report, please visit:
#   http://java.sun.com/webapps/bugreport/crash.jsp
#

---------------  T H R E A D  ---------------

Current thread (0x00007f295405c000):  JavaThread "AWT-EventQueue-0" [_thread_in_vm, id=8811, stack(0x00007f295873f000,0x00007f2958840000)]

siginfo:si_signo=SIGSEGV: si_errno=0, si_code=2 (SEGV_ACCERR), si_addr=0x00007f295414c000

Registers:
RAX=0x00007f299c21e618, RBX=0x00007f295b8112a0, RCX=0x0000000000000204, RDX=0x0000000000006e80
RSP=0x00007f295883e4b8, RBP=0x00007f295883e540, RSI=0x00007f295414c000, RDI=0x00007f299c224478
R8 =0x0000000000000ffc, R9 =0x00007f29bda2c5b8, R10=0x00007f29bda30028, R11=0x0000000000006e80
R12=0x0000000000006e80, R13=0x0000000000000000, R14=0x0000000041a36458, R15=0x00007f295883e4d0
RIP=0x00007f29bdbe011b, EFL=0x0000000000010212, CSGSFS=0x0000000000000033, ERR=0x0000000000000004
  TRAPNO=0x000000000000000e

Top of Stack: (sp=0x00007f295883e4b8)
0x00007f295883e4b8:   00007f29bd588600 00007f295405c1c0
0x00007f295883e4c8:   00007f29541461a0 00007f295405c000
0x00007f295883e4d8:   0000000000000000 00007f295405c000
0x00007f295883e4e8:   0000000000000000 00007f295405c000
0x00007f295883e4f8:   00007f295883e638 00007f295405c000
0x00007f295883e508:   00007f29bdbd6276 00007f295405c000
0x00007f295883e518:   0000000041a36458 00007f295408f790
0x00007f295883e528:   00007f29540076b0 00007f295883e638
0x00007f295883e538:   0000000041a36400 00007f295405c1c0
0x00007f295883e548:   00007f295831c486 00007f295402ef40
0x00007f295883e558:   0000000041a36408 0000000041a36410
0x00007f295883e568:   0000000041a36418 0000000041a36420
0x00007f295883e578:   00007f295405c658 0000000041a36428
0x00007f295883e588:   00007f295405c6a0 010101010005c000
0x00007f295883e598:   00007f295c208728 00007f295883e618
0x00007f295883e5a8:   0000000000000101 00007f295c208728
0x00007f295883e5b8:   00007f295883e638 00007f295405c000
0x00007f295883e5c8:   00007f29b902a852 00007f295405c000
0x00007f295883e5d8:   00007f295883e5d8 00007f295c208728
0x00007f295883e5e8:   00007f295883e638 00007f295c209160
0x00007f295883e5f8:   0000000000000000 00007f295c208728
0x00007f295883e608:   0000000000000000 00007f295883e638
0x00007f295883e618:   00007f295883e680 00007f29b901f322
0x00007f295883e628:   0000000000000000 00007f29b9027358
0x00007f295883e638:   00007f299c1ebfe8 00007f295883e640
0x00007f295883e648:   00007f295c207205 00007f295883e6c8
0x00007f295883e658:   00007f295c209160 0000000000000000
0x00007f295883e668:   00007f295c207290 00007f295883e638
0x00007f295883e678:   00007f295883e6b8 00007f295883e710
0x00007f295883e688:   00007f29b901f322 0000000000000000
0x00007f295883e698:   00007f299c213ba0 0000000000000000
0x00007f295883e6a8:   00007f299c213b88 00007f299c2137f0 

Instructions: (pc=0x00007f29bdbe011b)
0x00007f29bdbe010b:   0f 47 da 4c 89 d9 49 83 e3 f8 48 c1 e9 03 74 05
0x00007f29bdbe011b:   f3 48 a5 66 90 4c 29 da 48 f7 c2 f8 ff ff ff 75 

Stack: [0x00007f295873f000,0x00007f2958840000],  sp=0x00007f295883e4b8,  free space=1021k
Native frames: (J=compiled Java code, j=interpreted, Vv=VM code, C=native code)
C  [libc.so.6+0x8411b]  memcpy+0x15b

Java frames: (J=compiled Java code, j=interpreted, Vv=VM code)
j  net.epsilony.simpmeshfree.model.geometry.TriangleJni.triangleFun()V+0
j  net.epsilony.simpmeshfree.model.geometry.TriangleJni.complie(Lnet/epsilony/simpmeshfree/model/geometry/GeometryModel;Ljava/lang/String;)V+141
j  net.epsilony.simpmeshfree.model.mechanics.MechanicsModel.generateNodesByTriangle(DDLjava/lang/String;ZZ)V+110
j  net.epsilony.simpmeshfree.model.ModelTestFrame.<init>()V+557
j  net.epsilony.simpmeshfree.model.ModelTestFrame$2.run()V+4
j  java.awt.event.InvocationEvent.dispatch()V+47
j  java.awt.EventQueue.dispatchEvent(Ljava/awt/AWTEvent;)V+26
j  java.awt.EventDispatchThread.pumpOneEventForFilters(I)Z+204
j  java.awt.EventDispatchThread.pumpEventsForFilter(ILjava/awt/Conditional;Ljava/awt/EventFilter;)V+30
j  java.awt.EventDispatchThread.pumpEventsForHierarchy(ILjava/awt/Conditional;Ljava/awt/Component;)V+11
j  java.awt.EventDispatchThread.pumpEvents(ILjava/awt/Conditional;)V+4
j  java.awt.EventDispatchThread.pumpEvents(Ljava/awt/Conditional;)V+3
j  java.awt.EventDispatchThread.run()V+9
v  ~StubRoutines::call_stub

---------------  P R O C E S S  ---------------

Java Threads: ( => current thread )
  0x00007f2954075400 JavaThread "Thread-3" [_thread_blocked, id=8813, stack(0x00007f295853d000,0x00007f295863e000)]
  0x00007f2954061000 JavaThread "Thread-2" [_thread_blocked, id=8812, stack(0x00007f295863e000,0x00007f295873f000)]
  0x00007f295405d400 JavaThread "DestroyJavaVM" [_thread_blocked, id=8797, stack(0x00007f29bcebc000,0x00007f29bcfbd000)]
=>0x00007f295405c000 JavaThread "AWT-EventQueue-0" [_thread_in_vm, id=8811, stack(0x00007f295873f000,0x00007f2958840000)]
  0x00007f295405b400 JavaThread "AWT-Shutdown" [_thread_blocked, id=8810, stack(0x00007f2958942000,0x00007f2958a43000)]
  0x00007f295405a800 JavaThread "AWT-XAWT" daemon [_thread_in_native, id=8809, stack(0x00007f2958a43000,0x00007f2958b44000)]
  0x000000004199fc00 JavaThread "Java2D Disposer" daemon [_thread_blocked, id=8808, stack(0x00007f2959178000,0x00007f2959279000)]
  0x0000000041803800 JavaThread "Low Memory Detector" daemon [_thread_blocked, id=8806, stack(0x00007f295a7ab000,0x00007f295a8ac000)]
  0x0000000041801000 JavaThread "CompilerThread1" daemon [_thread_blocked, id=8805, stack(0x00007f295a8ac000,0x00007f295a9ad000)]
  0x00000000417fd000 JavaThread "CompilerThread0" daemon [_thread_in_native, id=8804, stack(0x00007f295a9ad000,0x00007f295aaae000)]
  0x00000000417fb000 JavaThread "Signal Dispatcher" daemon [_thread_blocked, id=8803, stack(0x00007f295aaae000,0x00007f295abaf000)]
  0x00000000417d9800 JavaThread "Finalizer" daemon [_thread_blocked, id=8802, stack(0x00007f295abee000,0x00007f295acef000)]
  0x00000000417d2800 JavaThread "Reference Handler" daemon [_thread_blocked, id=8801, stack(0x00007f295acef000,0x00007f295adf0000)]

Other Threads:
  0x00000000417cd000 VMThread [stack: 0x00007f295adf0000,0x00007f295aef1000] [id=8800]
  0x0000000041805c00 WatcherThread [stack: 0x00007f295a6aa000,0x00007f295a7ab000] [id=8807]

VM state:not at safepoint (normal execution)

VM Mutex/Monitor currently owned by a thread: None

Heap
 PSYoungGen      total 26368K, used 19329K [0x00007f299b970000, 0x00007f299d6d0000, 0x00007f29b9010000)
  eden space 22656K, 85% used [0x00007f299b970000,0x00007f299cc50618,0x00007f299cf90000)
  from space 3712K, 0% used [0x00007f299d330000,0x00007f299d330000,0x00007f299d6d0000)
  to   space 3712K, 0% used [0x00007f299cf90000,0x00007f299cf90000,0x00007f299d330000)
 PSOldGen        total 60288K, used 0K [0x00007f2960c10000, 0x00007f29646f0000, 0x00007f299b970000)
  object space 60288K, 0% used [0x00007f2960c10000,0x00007f2960c10000,0x00007f29646f0000)
 PSPermGen       total 21248K, used 10220K [0x00007f295b810000, 0x00007f295ccd0000, 0x00007f2960c10000)
  object space 21248K, 48% used [0x00007f295b810000,0x00007f295c20b1e0,0x00007f295ccd0000)

Dynamic libraries:
40000000-40009000 r-xp 00000000 08:13 3163089                            /usr/lib/jvm/java-6-sun-1.6.0.13/jre/bin/java
40108000-4010a000 rwxp 00008000 08:13 3163089                            /usr/lib/jvm/java-6-sun-1.6.0.13/jre/bin/java
41744000-420e5000 rwxp 41744000 00:00 0                                  [heap]
7f2953cf3000-7f2953de4000 r-xp 00000000 08:13 2802601                    /usr/lib/libstdc++.so.6.0.10
7f2953de4000-7f2953fe4000 ---p 000f1000 08:13 2802601                    /usr/lib/libstdc++.so.6.0.10
7f2953fe4000-7f2953feb000 r-xp 000f1000 08:13 2802601                    /usr/lib/libstdc++.so.6.0.10
7f2953feb000-7f2953fed000 rwxp 000f8000 08:13 2802601                    /usr/lib/libstdc++.so.6.0.10
7f2953fed000-7f2954000000 rwxp 7f2953fed000 00:00 0 
7f2954000000-7f295414c000 rwxp 7f2954000000 00:00 0 
7f295414c000-7f2958000000 ---p 7f295414c000 00:00 0 
7f2958000000-7f2958016000 r-xp 00000000 08:13 213005                     /lib/libgcc_s.so.1
7f2958016000-7f2958216000 ---p 00016000 08:13 213005                     /lib/libgcc_s.so.1
7f2958216000-7f2958217000 r-xp 00016000 08:13 213005                     /lib/libgcc_s.so.1
7f2958217000-7f2958218000 rwxp 00017000 08:13 213005                     /lib/libgcc_s.so.1
7f2958318000-7f295833c000 r-xp 00000000 08:13 1942103                    /usr/lib/TriangleJniAmd64.so
7f295833c000-7f295853b000 ---p 00024000 08:13 1942103                    /usr/lib/TriangleJniAmd64.so
7f295853b000-7f295853c000 r-xp 00023000 08:13 1942103                    /usr/lib/TriangleJniAmd64.so
7f295853c000-7f295853d000 rwxp 00024000 08:13 1942103                    /usr/lib/TriangleJniAmd64.so
7f295853d000-7f2958540000 ---p 7f295853d000 00:00 0 
7f2958540000-7f295863e000 rwxp 7f2958540000 00:00 0 
7f295863e000-7f2958641000 ---p 7f295863e000 00:00 0 
7f2958641000-7f295873f000 rwxp 7f2958641000 00:00 0 
7f295873f000-7f2958742000 ---p 7f295873f000 00:00 0 
7f2958742000-7f2958840000 rwxp 7f2958742000 00:00 0 
7f2958840000-7f2958849000 r-xs 00000000 08:13 3197464                    /var/cache/fontconfig/945677eb7aeaf62f1d50efc3fb3ec7d8-x86-64.cache-2
7f2958849000-7f295884b000 r-xs 00000000 08:13 3197468                    /var/cache/fontconfig/99e8ed0e538f840c565b6ed5dad60d56-x86-64.cache-2
7f295884b000-7f295884e000 r-xs 00000000 08:13 3197466                    /var/cache/fontconfig/e383d7ea5fbe662a33d9b44caf393297-x86-64.cache-2
7f295884e000-7f2958852000 r-xs 00000000 08:13 3196573                    /var/cache/fontconfig/a755afe4a08bf5b97852ceb7400b47bc-x86-64.cache-2
7f2958852000-7f295885b000 r-xs 00000000 08:13 3197440                    /var/cache/fontconfig/6d41288fd70b0be22e8c3a91e032eec0-x86-64.cache-2
7f295885b000-7f2958866000 r-xs 00000000 08:13 3197435                    /var/cache/fontconfig/e3de0de479f42330eadf588a55fb5bf4-x86-64.cache-2
7f2958866000-7f2958875000 r-xs 00000000 08:13 3197434                    /var/cache/fontconfig/0f34bcd4b6ee430af32735b75db7f02b-x86-64.cache-2
7f2958875000-7f295887e000 r-xs 00000000 08:13 3197417                    /var/cache/fontconfig/d52a8644073d54c13679302ca1180695-x86-64.cache-2
7f2958942000-7f2958945000 ---p 7f2958942000 00:00 0 
7f2958945000-7f2958a43000 rwxp 7f2958945000 00:00 0 
7f2958a43000-7f2958a46000 ---p 7f2958a43000 00:00 0 
7f2958a46000-7f2958b44000 rwxp 7f2958a46000 00:00 0 
7f2958b44000-7f2958b49000 r-xp 00000000 08:13 2805390                    /usr/lib/libXfixes.so.3.1.0
7f2958b49000-7f2958d48000 ---p 00005000 08:13 2805390                    /usr/lib/libXfixes.so.3.1.0
7f2958d48000-7f2958d49000 rwxp 00004000 08:13 2805390                    /usr/lib/libXfixes.so.3.1.0
7f2958d49000-7f2958d52000 r-xp 00000000 08:13 2805803                    /usr/lib/libXrender.so.1.3.0
7f2958d52000-7f2958f51000 ---p 00009000 08:13 2805803                    /usr/lib/libXrender.so.1.3.0
7f2958f51000-7f2958f52000 r-xp 00008000 08:13 2805803                    /usr/lib/libXrender.so.1.3.0
7f2958f52000-7f2958f53000 rwxp 00009000 08:13 2805803                    /usr/lib/libXrender.so.1.3.0
7f2958f53000-7f2958f5c000 r-xp 00000000 08:13 2805843                    /usr/lib/libXcursor.so.1.0.2
7f2958f5c000-7f295915c000 ---p 00009000 08:13 2805843                    /usr/lib/libXcursor.so.1.0.2
7f295915c000-7f295915d000 rwxp 00009000 08:13 2805843                    /usr/lib/libXcursor.so.1.0.2
7f2959175000-7f2959178000 r-xs 000cb000 08:13 3162696                    /usr/lib/jvm/java-6-sun-1.6.0.13/jre/lib/ext/localedata.jar
7f2959178000-7f295917b000 ---p 7f2959178000 00:00 0 
7f295917b000-7f2959279000 rwxp 7f295917b000 00:00 0 
7f2959279000-7f29592f7000 r-xp 00000000 08:13 3163204                    /usr/lib/jvm/java-6-sun-1.6.0.13/jre/lib/amd64/libfontmanager.so
7f29592f7000-7f29593f6000 ---p 0007e000 08:13 3163204                    /usr/lib/jvm/java-6-sun-1.6.0.13/jre/lib/amd64/libfontmanager.so
7f29593f6000-7f295940c000 rwxp 0007d000 08:13 3163204                    /usr/lib/jvm/java-6-sun-1.6.0.13/jre/lib/amd64/libfontmanager.so
7f295940c000-7f295941d000 rwxp 7f295940c000 00:00 0 
7f295941d000-7f2959422000 r-xp 00000000 08:13 2805384                    /usr/lib/libXdmcp.so.6.0.0
7f2959422000-7f2959621000 ---p 00005000 08:13 2805384                    /usr/lib/libXdmcp.so.6.0.0
7f2959621000-7f2959622000 rwxp 00004000 08:13 2805384                    /usr/lib/libXdmcp.so.6.0.0
7f2959622000-7f295963d000 r-xp 00000000 08:13 2805386                    /usr/lib/libxcb.so.1.1.0
7f295963d000-7f295983c000 ---p 0001b000 08:13 2805386                    /usr/lib/libxcb.so.1.1.0
7f295983c000-7f295983d000 r-xp 0001a000 08:13 2805386                    /usr/lib/libxcb.so.1.1.0
7f295983d000-7f295983e000 rwxp 0001b000 08:13 2805386                    /usr/lib/libxcb.so.1.1.0
7f295983e000-7f2959840000 r-xp 00000000 08:13 2805382                    /usr/lib/libXau.so.6.0.0
7f2959840000-7f2959a3f000 ---p 00002000 08:13 2805382                    /usr/lib/libXau.so.6.0.0
7f2959a3f000-7f2959a40000 r-xp 00001000 08:13 2805382                    /usr/lib/libXau.so.6.0.0
7f2959a40000-7f2959a41000 rwxp 00002000 08:13 2805382                    /usr/lib/libXau.so.6.0.0
7f2959a41000-7f2959a4a000 r-xp 00000000 08:13 2805586                    /usr/lib/libXi.so.6.0.0
7f2959a4a000-7f2959c4a000 ---p 00009000 08:13 2805586                    /usr/lib/libXi.so.6.0.0
7f2959c4a000-7f2959c4b000 r-xp 00009000 08:13 2805586                    /usr/lib/libXi.so.6.0.0
7f2959c4b000-7f2959c4c000 rwxp 0000a000 08:13 2805586                    /usr/lib/libXi.so.6.0.0
7f2959c4c000-7f2959c51000 r-xp 00000000 08:13 2806834                    /usr/lib/libXtst.so.6.1.0
7f2959c51000-7f2959e51000 ---p 00005000 08:13 2806834                    /usr/lib/libXtst.so.6.1.0
7f2959e51000-7f2959e52000 r-xp 00005000 08:13 2806834                    /usr/lib/libXtst.so.6.1.0
7f2959e52000-7f2959e53000 rwxp 00006000 08:13 2806834                    /usr/lib/libXtst.so.6.1.0
7f2959e53000-7f2959f55000 r-xp 00000000 08:13 2805388                    /usr/lib/libX11.so.6.2.0
7f2959f55000-7f295a155000 ---p 00102000 08:13 2805388                    /usr/lib/libX11.so.6.2.0
7f295a155000-7f295a156000 r-xp 00102000 08:13 2805388                    /usr/lib/libX11.so.6.2.0
7f295a156000-7f295a15a000 rwxp 00103000 08:13 2805388                    /usr/lib/libX11.so.6.2.0
7f295a15a000-7f295a16b000 r-xp 00000000 08:13 2805394                    /usr/lib/libXext.so.6.4.0
7f295a16b000-7f295a36a000 ---p 00011000 08:13 2805394                    /usr/lib/libXext.so.6.4.0
7f295a36a000-7f295a36b000 r-xp 00010000 08:13 2805394                    /usr/lib/libXext.so.6.4.0
7f295a36b000-7f295a36c000 rwxp 00011000 08:13 2805394                    /usr/lib/libXext.so.6.4.0
7f295a36d000-7f295a379000 r-xs 00000000 08:13 3197416                    /var/cache/fontconfig/089dead882dea3570ffc31a9898cfb69-x86-64.cache-2
7f295a379000-7f295a37d000 r-xs 00000000 08:13 3197398                    /var/cache/fontconfig/cabbd14511b9e8a55e92af97fb3a0461-x86-64.cache-2
7f295a37d000-7f295a387000 r-xs 00000000 08:13 3195524                    /var/cache/fontconfig/e13b20fdb08344e0e664864cc2ede53d-x86-64.cache-2
7f295a387000-7f295a3c8000 r-xp 00000000 08:13 3163194                    /usr/lib/jvm/java-6-sun-1.6.0.13/jre/lib/amd64/xawt/libmawt.so
7f295a3c8000-7f295a4c7000 ---p 00041000 08:13 3163194                    /usr/lib/jvm/java-6-sun-1.6.0.13/jre/lib/amd64/xawt/libmawt.so
7f295a4c7000-7f295a4d3000 rwxp 00040000 08:13 3163194                    /usr/lib/jvm/java-6-sun-1.6.0.13/jre/lib/amd64/xawt/libmawt.so
7f295a4d3000-7f295a4d4000 rwxp 7f295a4d3000 00:00 0 
7f295a4d4000-7f295a566000 r-xp 00000000 08:13 3163239                    /usr/lib/jvm/java-6-sun-1.6.0.13/jre/lib/amd64/libawt.so
7f295a566000-7f295a665000 ---p 00092000 08:13 3163239                    /usr/lib/jvm/java-6-sun-1.6.0.13/jre/lib/amd64/libawt.so
7f295a665000-7f295a67e000 rwxp 00091000 08:13 3163239                    /usr/lib/jvm/java-6-sun-1.6.0.13/jre/lib/amd64/libawt.so
7f295a67e000-7f295a6a3000 rwxp 7f295a67e000 00:00 0 
7f295a6a3000-7f295a6aa000 r-xs 00059000 08:11 1172178                    /home/epsilon/文档/4_java/javaTools/apache-log4j-1.2.15/log4j-1.2.15.jar
7f295a6aa000-7f295a6ab000 ---p 7f295a6aa000 00:00 0 
7f295a6ab000-7f295a7ab000 rwxp 7f295a6ab000 00:00 0 
7f295a7ab000-7f295a7ae000 ---p 7f295a7ab000 00:00 0 
7f295a7ae000-7f295a8ac000 rwxp 7f295a7ae000 00:00 0 
7f295a8ac000-7f295a8af000 ---p 7f295a8ac000 00:00 0 
7f295a8af000-7f295a9ad000 rwxp 7f295a8af000 00:00 0 
7f295a9ad000-7f295a9b0000 ---p 7f295a9ad000 00:00 0 
7f295a9b0000-7f295aaae000 rwxp 7f295a9b0000 00:00 0 
7f295aaae000-7f295aab1000 ---p 7f295aaae000 00:00 0 
7f295aab1000-7f295abaf000 rwxp 7f295aab1000 00:00 0 
7f295abaf000-7f295abee000 r-xp 00000000 08:13 2827839                    /usr/lib/locale/zh_CN.utf8/LC_CTYPE
7f295abee000-7f295abf1000 ---p 7f295abee000 00:00 0 
7f295abf1000-7f295acef000 rwxp 7f295abf1000 00:00 0 
7f295acef000-7f295acf2000 ---p 7f295acef000 00:00 0 
7f295acf2000-7f295adf0000 rwxp 7f295acf2000 00:00 0 
7f295adf0000-7f295adf1000 ---p 7f295adf0000 00:00 0 
7f295adf1000-7f295af66000 rwxp 7f295adf1000 00:00 0 
7f295af66000-7f295b0f8000 r-xs 02f34000 08:13 2942580                    /usr/lib/jvm/java-6-sun-1.6.0.13/jre/lib/rt.jar
7f295b0f8000-7f295b120000 rwxp 7f295b0f8000 00:00 0 
7f295b120000-7f295b121000 ---p 7f295b120000 00:00 0 
7f295b121000-7f295b221000 rwxp 7f295b121000 00:00 0 
7f295b221000-7f295b222000 ---p 7f295b221000 00:00 0 
7f295b222000-7f295b32d000 rwxp 7f295b222000 00:00 0 
7f295b32d000-7f295b34c000 rwxp 7f295b32d000 00:00 0 
7f295b34c000-7f295b36a000 rwxp 7f295b34c000 00:00 0 
7f295b36a000-7f295b523000 rwxp 7f295b36a000 00:00 0 
7f295b523000-7f295b52e000 rwxp 7f295b523000 00:00 0 
7f295b52e000-7f295b54d000 rwxp 7f295b52e000 00:00 0 
7f295b54d000-7f295b56b000 rwxp 7f295b54d000 00:00 0 
7f295b56b000-7f295b723000 rwxp 7f295b56b000 00:00 0 
7f295b723000-7f295b733000 rwxp 7f295b723000 00:00 0 
7f295b733000-7f295b80f000 rwxp 7f295b733000 00:00 0 
7f295b80f000-7f295ccd0000 rwxp 7f295b80f000 00:00 0 
7f295ccd0000-7f2960c10000 rwxp 7f295ccd0000 00:00 0 
7f2960c10000-7f29646f0000 rwxp 7f2960c10000 00:00 0 
7f29646f0000-7f299b970000 rwxp 7f29646f0000 00:00 0 
7f299b970000-7f299d6d0000 rwxp 7f299b970000 00:00 0 
7f299d6d0000-7f29b9010000 rwxp 7f299d6d0000 00:00 0 
7f29b9010000-7f29b9014000 r-xs 00000000 08:13 3197459                    /var/cache/fontconfig/6eb3985aa4124903f6ff08ba781cd364-x86-64.cache-2
7f29b9014000-7f29b901c000 r-xs 0004b000 08:11 162661                     /home/epsilon/文档/4_java/javaTools/commons-math-1.2/commons-math-1.2.jar
7f29b901c000-7f29b928c000 rwxp 7f29b901c000 00:00 0 
7f29b928c000-7f29bc01c000 rwxp 7f29b928c000 00:00 0 
7f29bc01c000-7f29bc02a000 r-xp 00000000 08:13 3163206                    /usr/lib/jvm/java-6-sun-1.6.0.13/jre/lib/amd64/libzip.so
7f29bc02a000-7f29bc12c000 ---p 0000e000 08:13 3163206                    /usr/lib/jvm/java-6-sun-1.6.0.13/jre/lib/amd64/libzip.so
7f29bc12c000-7f29bc12f000 rwxp 00010000 08:13 3163206                    /usr/lib/jvm/java-6-sun-1.6.0.13/jre/lib/amd64/libzip.so
7f29bc12f000-7f29bc130000 rwxp 7f29bc12f000 00:00 0 
7f29bc130000-7f29bc159000 r-xp 00000000 08:13 3163219                    /usr/lib/jvm/java-6-sun-1.6.0.13/jre/lib/amd64/libjava.so
7f29bc159000-7f29bc258000 ---p 00029000 08:13 3163219                    /usr/lib/jvm/java-6-sun-1.6.0.13/jre/lib/amd64/libjava.so
7f29bc258000-7f29bc25f000 rwxp 00028000 08:13 3163219                    /usr/lib/jvm/java-6-sun-1.6.0.13/jre/lib/amd64/libjava.so
7f29bc25f000-7f29bc26c000 r-xp 00000000 08:13 3163201                    /usr/lib/jvm/java-6-sun-1.6.0.13/jre/lib/amd64/libverify.so
7f29bc26c000-7f29bc36b000 ---p 0000d000 08:13 3163201                    /usr/lib/jvm/java-6-sun-1.6.0.13/jre/lib/amd64/libverify.so
7f29bc36b000-7f29bc36e000 rwxp 0000c000 08:13 3163201                    /usr/lib/jvm/java-6-sun-1.6.0.13/jre/lib/amd64/libverify.so
7f29bc36e000-7f29bc37a000 r-xp 00000000 08:13 213021                     /lib/libnss_files-2.9.so
7f29bc37a000-7f29bc579000 ---p 0000c000 08:13 213021                     /lib/libnss_files-2.9.so
7f29bc579000-7f29bc57a000 r-xp 0000b000 08:13 213021                     /lib/libnss_files-2.9.so
7f29bc57a000-7f29bc57b000 rwxp 0000c000 08:13 213021                     /lib/libnss_files-2.9.so
7f29bc57b000-7f29bc585000 r-xp 00000000 08:13 213023                     /lib/libnss_nis-2.9.so
7f29bc585000-7f29bc784000 ---p 0000a000 08:13 213023                     /lib/libnss_nis-2.9.so
7f29bc784000-7f29bc785000 r-xp 00009000 08:13 213023                     /lib/libnss_nis-2.9.so
7f29bc785000-7f29bc786000 rwxp 0000a000 08:13 213023                     /lib/libnss_nis-2.9.so
7f29bc786000-7f29bc78e000 r-xp 00000000 08:13 213019                     /lib/libnss_compat-2.9.so
7f29bc78e000-7f29bc98d000 ---p 00008000 08:13 213019                     /lib/libnss_compat-2.9.so
7f29bc98d000-7f29bc98e000 r-xp 00007000 08:13 213019                     /lib/libnss_compat-2.9.so
7f29bc98e000-7f29bc98f000 rwxp 00008000 08:13 213019                     /lib/libnss_compat-2.9.so
7f29bc98f000-7f29bc9a5000 r-xp 00000000 08:13 213018                     /lib/libnsl-2.9.so
7f29bc9a5000-7f29bcba5000 ---p 00016000 08:13 213018                     /lib/libnsl-2.9.so
7f29bcba5000-7f29bcba6000 r-xp 00016000 08:13 213018                     /lib/libnsl-2.9.so
7f29bcba6000-7f29bcba7000 rwxp 00017000 08:13 213018                     /lib/libnsl-2.9.so
7f29bcba7000-7f29bcba9000 rwxp 7f29bcba7000 00:00 0 
7f29bcba9000-7f29bcbb0000 r-xp 00000000 08:13 3163208                    /usr/lib/jvm/java-6-sun-1.6.0.13/jre/lib/amd64/native_threads/libhpi.so
7f29bcbb0000-7f29bccb1000 ---p 00007000 08:13 3163208                    /usr/lib/jvm/java-6-sun-1.6.0.13/jre/lib/amd64/native_threads/libhpi.so
7f29bccb1000-7f29bccb3000 rwxp 00008000 08:13 3163208                    /usr/lib/jvm/java-6-sun-1.6.0.13/jre/lib/amd64/native_threads/libhpi.so
7f29bccb3000-7f29bccb4000 rwxp 7f29bccb3000 00:00 0 
7f29bccb4000-7f29bccbb000 r-xp 00000000 08:13 213028                     /lib/librt-2.9.so
7f29bccbb000-7f29bceba000 ---p 00007000 08:13 213028                     /lib/librt-2.9.so
7f29bceba000-7f29bcebb000 r-xp 00006000 08:13 213028                     /lib/librt-2.9.so
7f29bcebb000-7f29bcebc000 rwxp 00007000 08:13 213028                     /lib/librt-2.9.so
7f29bcebc000-7f29bcebf000 ---p 7f29bcebc000 00:00 0 
7f29bcebf000-7f29bcfbd000 rwxp 7f29bcebf000 00:00 0 
7f29bcfbd000-7f29bd041000 r-xp 00000000 08:13 213016                     /lib/libm-2.9.so
7f29bd041000-7f29bd240000 ---p 00084000 08:13 213016                     /lib/libm-2.9.so
7f29bd240000-7f29bd241000 r-xp 00083000 08:13 213016                     /lib/libm-2.9.so
7f29bd241000-7f29bd242000 rwxp 00084000 08:13 213016                     /lib/libm-2.9.so
7f29bd242000-7f29bd8cf000 r-xp 00000000 08:13 3163226                    /usr/lib/jvm/java-6-sun-1.6.0.13/jre/lib/amd64/server/libjvm.so
7f29bd8cf000-7f29bd9ce000 ---p 0068d000 08:13 3163226                    /usr/lib/jvm/java-6-sun-1.6.0.13/jre/lib/amd64/server/libjvm.so
7f29bd9ce000-7f29bdb1f000 rwxp 0068c000 08:13 3163226                    /usr/lib/jvm/java-6-sun-1.6.0.13/jre/lib/amd64/server/libjvm.so
7f29bdb1f000-7f29bdb5c000 rwxp 7f29bdb1f000 00:00 0 
7f29bdb5c000-7f29bdcc4000 r-xp 00000000 08:13 213012                     /lib/libc-2.9.so
7f29bdcc4000-7f29bdec4000 ---p 00168000 08:13 213012                     /lib/libc-2.9.so
7f29bdec4000-7f29bdec8000 r-xp 00168000 08:13 213012                     /lib/libc-2.9.so
7f29bdec8000-7f29bdec9000 rwxp 0016c000 08:13 213012                     /lib/libc-2.9.so
7f29bdec9000-7f29bdece000 rwxp 7f29bdec9000 00:00 0 
7f29bdece000-7f29bded0000 r-xp 00000000 08:13 213015                     /lib/libdl-2.9.so
7f29bded0000-7f29be0d0000 ---p 00002000 08:13 213015                     /lib/libdl-2.9.so
7f29be0d0000-7f29be0d1000 r-xp 00002000 08:13 213015                     /lib/libdl-2.9.so
7f29be0d1000-7f29be0d2000 rwxp 00003000 08:13 213015                     /lib/libdl-2.9.so
7f29be0d2000-7f29be0e9000 r-xp 00000000 08:13 213026                     /lib/libpthread-2.9.so
7f29be0e9000-7f29be2e8000 ---p 00017000 08:13 213026                     /lib/libpthread-2.9.so
7f29be2e8000-7f29be2e9000 r-xp 00016000 08:13 213026                     /lib/libpthread-2.9.so
7f29be2e9000-7f29be2ea000 rwxp 00017000 08:13 213026                     /lib/libpthread-2.9.so
7f29be2ea000-7f29be2ee000 rwxp 7f29be2ea000 00:00 0 
7f29be2ee000-7f29be30e000 r-xp 00000000 08:13 213006                     /lib/ld-2.9.so
7f29be30e000-7f29be311000 r-xs 00000000 08:13 3197439                    /var/cache/fontconfig/de156ccd2eddbdc19d37a45b8b2aac9c-x86-64.cache-2
7f29be311000-7f29be314000 r-xs 00000000 08:13 3197433                    /var/cache/fontconfig/ddd4086aec35a5275babba44bb759c3c-x86-64.cache-2
7f29be314000-7f29be322000 r-xs 000ba000 08:11 422677                     /home/epsilon/文档/4_java/javaTools/mtj.jar
7f29be322000-7f29be32c000 rwxp 7f29be322000 00:00 0 
7f29be32c000-7f29be3e2000 rwxp 7f29be32c000 00:00 0 
7f29be3e2000-7f29be3e4000 rwxp 7f29be3e2000 00:00 0 
7f29be3e4000-7f29be3eb000 r-xp 00000000 08:13 3163192                    /usr/lib/jvm/java-6-sun-1.6.0.13/jre/lib/amd64/jli/libjli.so
7f29be3eb000-7f29be4ec000 ---p 00007000 08:13 3163192                    /usr/lib/jvm/java-6-sun-1.6.0.13/jre/lib/amd64/jli/libjli.so
7f29be4ec000-7f29be4ee000 rwxp 00008000 08:13 3163192                    /usr/lib/jvm/java-6-sun-1.6.0.13/jre/lib/amd64/jli/libjli.so
7f29be4ee000-7f29be4ef000 rwxp 7f29be4ee000 00:00 0 
7f29be4f0000-7f29be4f1000 r-xs 00000000 08:13 3197445                    /var/cache/fontconfig/4c73fe0c47614734b17d736dbde7580a-x86-64.cache-2
7f29be4f1000-7f29be4f2000 r-xs 00000000 08:13 3197424                    /var/cache/fontconfig/4794a0821666d79190d59a36cb4f44b5-x86-64.cache-2
7f29be4f2000-7f29be4f5000 r-xs 00000000 08:13 3196574                    /var/cache/fontconfig/7ef2298fde41cc6eeb7af42e48b7d293-x86-64.cache-2
7f29be4f5000-7f29be4f9000 r-xs 00042000 08:11 181746                     /home/epsilon/NetBeansProjects/EpsilonUtils/trunk/dist/EpsilonYUtil.jar
7f29be4f9000-7f29be500000 r-xs 00000000 08:13 2803699                    /usr/lib/gconv/gconv-modules.cache
7f29be500000-7f29be508000 rwxs 00000000 08:13 377150                     /tmp/hsperfdata_epsilon/8796
7f29be508000-7f29be509000 rwxp 7f29be508000 00:00 0 
7f29be509000-7f29be50a000 r-xp 7f29be509000 00:00 0 
7f29be50a000-7f29be50d000 rwxp 7f29be50a000 00:00 0 
7f29be50d000-7f29be50e000 r-xp 0001f000 08:13 213006                     /lib/ld-2.9.so
7f29be50e000-7f29be50f000 rwxp 00020000 08:13 213006                     /lib/ld-2.9.so
7fffc64f9000-7fffc650e000 rwxp 7ffffffea000 00:00 0                      [stack]
7fffc65fe000-7fffc65ff000 r-xp 7fffc65fe000 00:00 0                      [vdso]
ffffffffff600000-ffffffffff601000 r-xp 00000000 00:00 0                  [vsyscall]

VM Arguments:
jvm_args: -Dawt.useSystemAAFontSettings=on 
java_command: net.epsilony.simpmeshfree.model.ModelTestFrame
Launcher Type: SUN_STANDARD

Environment Variables:
_JAVA_OPTIONS=-Dawt.useSystemAAFontSettings=on
PATH=/usr/local/sbin:/usr/local/bin:/usr/sbin:/usr/bin:/sbin:/bin:/usr/games
USERNAME=epsilon
LD_LIBRARY_PATH=/usr/lib/jvm/java-6-sun-1.6.0.13/jre/lib/amd64/server:/usr/lib/jvm/java-6-sun-1.6.0.13/jre/lib/amd64:/usr/lib/jvm/java-6-sun-1.6.0.13/jre/../lib/amd64
SHELL=/bin/bash
DISPLAY=:0.0

Signal Handlers:
SIGSEGV: [libjvm.so+0x5fcd20], sa_mask[0]=0x7ffbfeff, sa_flags=0x10000004
SIGBUS: [libjvm.so+0x5fcd20], sa_mask[0]=0x7ffbfeff, sa_flags=0x10000004
SIGFPE: [libjvm.so+0x4e0eb0], sa_mask[0]=0x7ffbfeff, sa_flags=0x10000004
SIGPIPE: [libjvm.so+0x4e0eb0], sa_mask[0]=0x7ffbfeff, sa_flags=0x10000004
SIGXFSZ: [libjvm.so+0x4e0eb0], sa_mask[0]=0x7ffbfeff, sa_flags=0x10000004
SIGILL: [libjvm.so+0x4e0eb0], sa_mask[0]=0x7ffbfeff, sa_flags=0x10000004
SIGUSR1: SIG_DFL, sa_mask[0]=0x00000000, sa_flags=0x00000000
SIGUSR2: [libjvm.so+0x4e35d0], sa_mask[0]=0x00000004, sa_flags=0x10000004
SIGHUP: [libjvm.so+0x4e3320], sa_mask[0]=0x7ffbfeff, sa_flags=0x10000004
SIGINT: SIG_IGN, sa_mask[0]=0x00000000, sa_flags=0x00000000
SIGTERM: [libjvm.so+0x4e3320], sa_mask[0]=0x7ffbfeff, sa_flags=0x10000004
SIGQUIT: [libjvm.so+0x4e3320], sa_mask[0]=0x7ffbfeff, sa_flags=0x10000004


---------------  S Y S T E M  ---------------

OS:5.0

uname:Linux 2.6.28-12-generic #43-Ubuntu SMP Fri May 1 19:31:32 UTC 2009 x86_64
libc:glibc 2.9 NPTL 2.9 
rlimit: STACK 8192k, CORE 0k, NPROC infinity, NOFILE 1024, AS infinity
load average:0.47 0.32 0.13

CPU:total 2 (2 cores per cpu, 1 threads per core) family 16 model 2 stepping 3, cmov, cx8, fxsr, mmx, sse, sse2, sse3, mmxext, 3dnow, 3dnowext, sse4a

Memory: 4k page, physical 5780180k(2854756k free), swap 3903752k(3851972k free)

vm_info: Java HotSpot(TM) 64-Bit Server VM (11.3-b02) for linux-amd64 JRE (1.6.0_13-b03), built on Mar  9 2009 11:08:22 by "java_re" with gcc 3.2.2 (SuSE Linux)

time: Mon May 18 19:38:29 2009
elapsed time: 0 seconds

