#
# An unexpected error has been detected by Java Runtime Environment:
#
#  SIGSEGV (0xb) at pc=0x00007ffd616ed11b, pid=22115, tid=140724539799888
#
# Java VM: Java HotSpot(TM) 64-Bit Server VM (11.3-b02 mixed mode linux-amd64)
# Problematic frame:
# C  [libc.so.6+0x8411b]  memcpy+0x15b
#
# If you would like to submit a bug report, please visit:
#   http://java.sun.com/webapps/bugreport/crash.jsp
#

---------------  T H R E A D  ---------------

Current thread (0x00007ffcf810e000):  JavaThread "AWT-EventQueue-0" [_thread_in_vm, id=22131, stack(0x00007ffcfc24b000,0x00007ffcfc34c000)]

siginfo:si_signo=SIGSEGV: si_errno=0, si_code=2 (SEGV_ACCERR), si_addr=0x00007ffcf81b9000

Registers:
RAX=0x00007ffd3fd1fd18, RBX=0x00007ffcff3212a0, RCX=0x000000000000004e, RDX=0x0000000000001d00
RSP=0x00007ffcfc34a238, RBP=0x00007ffcfc34a2c0, RSI=0x00007ffcf81b9000, RDI=0x00007ffd3fd217a8
R8 =0x0000000000000ffc, R9 =0x00007ffd615395b8, R10=0x00007ffd6153d028, R11=0x0000000000001d00
R12=0x0000000000001d00, R13=0x0000000000000000, R14=0x000000004044dd58, R15=0x00007ffcfc34a250
RIP=0x00007ffd616ed11b, EFL=0x0000000000010216, CSGSFS=0x0000000000000033, ERR=0x0000000000000004
  TRAPNO=0x000000000000000e

Top of Stack: (sp=0x00007ffcfc34a238)
0x00007ffcfc34a238:   00007ffd61095600 00007ffcf810e1c0
0x00007ffcfc34a248:   00007ffcf81b7570 00007ffcf810e000
0x00007ffcfc34a258:   0000000000000000 00007ffcf810e000
0x00007ffcfc34a268:   0000000000000000 00007ffcf810e000
0x00007ffcfc34a278:   00007ffcfc34a3b8 00007ffcf810e000
0x00007ffcfc34a288:   00007ffd616e3276 00007ffcf810e000
0x00007ffcfc34a298:   000000004044dd58 00007ffcf80e62b0
0x00007ffcfc34a2a8:   00007ffcf80e6200 00007ffcfc34a3b8
0x00007ffcfc34a2b8:   000000004044dd00 00007ffcf810e1c0
0x00007ffcfc34a2c8:   00007ffcf7ddf486 00007ffcf80e6150
0x00007ffcfc34a2d8:   000000004044dd08 000000004044dd10
0x00007ffcfc34a2e8:   000000004044dd18 000000004044dd20
0x00007ffcfc34a2f8:   00007ffcf810e6c8 000000004044dd28
0x00007ffcfc34a308:   00007ffcf810e710 010101010010e000
0x00007ffcfc34a318:   00007ffcffd18b50 00007ffcfc34a398
0x00007ffcfc34a328:   0000000000000101 00007ffcffd18b50
0x00007ffcfc34a338:   00007ffcfc34a3b8 00007ffcf810e000
0x00007ffcfc34a348:   00007ffd5cb37852 00007ffcf810e000
0x00007ffcfc34a358:   00007ffcfc34a358 00007ffcffd18b50
0x00007ffcfc34a368:   00007ffcfc34a3b8 00007ffcffd19588
0x00007ffcfc34a378:   0000000000000000 00007ffcffd18b50
0x00007ffcfc34a388:   0000000000000000 00007ffcfc34a3b8
0x00007ffcfc34a398:   00007ffcfc34a400 00007ffd5cb2c322
0x00007ffcfc34a3a8:   0000000000000000 00007ffd5cb34358
0x00007ffcfc34a3b8:   00007ffd3fd04a58 00007ffcfc34a3c0
0x00007ffcfc34a3c8:   00007ffcffd1762d 00007ffcfc34a448
0x00007ffcfc34a3d8:   00007ffcffd19588 0000000000000000
0x00007ffcfc34a3e8:   00007ffcffd176b8 00007ffcfc34a3b8
0x00007ffcfc34a3f8:   00007ffcfc34a438 00007ffcfc34a490
0x00007ffcfc34a408:   00007ffd5cb2c322 0000000000000000
0x00007ffcfc34a418:   00007ffd3fd1c990 0000000000000000
0x00007ffcfc34a428:   00007ffd3fd1c978 00007ffd3fd1c5e0 

Instructions: (pc=0x00007ffd616ed11b)
0x00007ffd616ed10b:   0f 47 da 4c 89 d9 49 83 e3 f8 48 c1 e9 03 74 05
0x00007ffd616ed11b:   f3 48 a5 66 90 4c 29 da 48 f7 c2 f8 ff ff ff 75 

Stack: [0x00007ffcfc24b000,0x00007ffcfc34c000],  sp=0x00007ffcfc34a238,  free space=1020k
Native frames: (J=compiled Java code, j=interpreted, Vv=VM code, C=native code)
C  [libc.so.6+0x8411b]  memcpy+0x15b

Java frames: (J=compiled Java code, j=interpreted, Vv=VM code)
j  net.epsilony.simpmeshfree.model.geometry.TriangleJni.triangleFun()V+0
j  net.epsilony.simpmeshfree.model.geometry.TriangleJni.complie(Lnet/epsilony/simpmeshfree/model/geometry/GeometryModel;Ljava/lang/String;)V+141
j  net.epsilony.simpmeshfree.model.mechanics.MechanicsModel.generateNodesByTriangle(DDLjava/lang/String;ZZ)V+110
j  net.epsilony.simpmeshfree.model.ModelTestFrame.<init>()V+599
j  net.epsilony.simpmeshfree.model.ModelTestFrame$1.run()V+4
j  java.awt.event.InvocationEvent.dispatch()V+47
j  java.awt.EventQueue.dispatchEvent(Ljava/awt/AWTEvent;)V+26
j  java.awt.EventDispatchThread.pumpOneEventForFilters(I)Z+204
j  java.awt.EventDispatchThread.pumpEventsForFilter(ILjava/awt/Conditional;Ljava/awt/EventFilter;)V+30
j  java.awt.EventDispatchThread.pumpEventsForHierarchy(ILjava/awt/Conditional;Ljava/awt/Component;)V+11
j  java.awt.EventDispatchThread.pumpEvents(ILjava/awt/Conditional;)V+4
j  java.awt.EventDispatchThread.pumpEvents(Ljava/awt/Conditional;)V+3
j  java.awt.EventDispatchThread.run()V+9
v  ~StubRoutines::call_stub

---------------  P R O C E S S  ---------------

Java Threads: ( => current thread )
  0x00007ffcf8084800 JavaThread "Thread-3" [_thread_blocked, id=22133, stack(0x00007ffcfc049000,0x00007ffcfc14a000)]
  0x00007ffcf811ec00 JavaThread "Thread-2" [_thread_blocked, id=22132, stack(0x00007ffcfc14a000,0x00007ffcfc24b000)]
  0x00007ffcf811b000 JavaThread "DestroyJavaVM" [_thread_blocked, id=22116, stack(0x00007ffd609c9000,0x00007ffd60aca000)]
=>0x00007ffcf810e000 JavaThread "AWT-EventQueue-0" [_thread_in_vm, id=22131, stack(0x00007ffcfc24b000,0x00007ffcfc34c000)]
  0x00007ffcf810d400 JavaThread "AWT-Shutdown" [_thread_blocked, id=22130, stack(0x00007ffcfc452000,0x00007ffcfc553000)]
  0x00007ffcf810cc00 JavaThread "AWT-XAWT" daemon [_thread_in_native, id=22129, stack(0x00007ffcfc553000,0x00007ffcfc654000)]
  0x00007ffcf809a400 JavaThread "Java2D Disposer" daemon [_thread_blocked, id=22128, stack(0x00007ffcfcc88000,0x00007ffcfcd89000)]
  0x00007ffcf8004000 JavaThread "Low Memory Detector" daemon [_thread_blocked, id=22126, stack(0x00007ffcfe2bb000,0x00007ffcfe3bc000)]
  0x00007ffcf8001000 JavaThread "CompilerThread1" daemon [_thread_blocked, id=22125, stack(0x00007ffcfe3bc000,0x00007ffcfe4bd000)]
  0x0000000040459000 JavaThread "CompilerThread0" daemon [_thread_in_native, id=22124, stack(0x00007ffcfe4bd000,0x00007ffcfe5be000)]
  0x0000000040457000 JavaThread "Signal Dispatcher" daemon [_thread_blocked, id=22123, stack(0x00007ffcfe5be000,0x00007ffcfe6bf000)]
  0x0000000040435c00 JavaThread "Finalizer" daemon [_thread_blocked, id=22121, stack(0x00007ffcfe6fe000,0x00007ffcfe7ff000)]
  0x000000004042e800 JavaThread "Reference Handler" daemon [_thread_blocked, id=22120, stack(0x00007ffcfe7ff000,0x00007ffcfe900000)]

Other Threads:
  0x0000000040429000 VMThread [stack: 0x00007ffcfe900000,0x00007ffcfea01000] [id=22119]
  0x00007ffcf8006800 WatcherThread [stack: 0x00007ffcfe1ba000,0x00007ffcfe2bb000] [id=22127]

VM state:not at safepoint (normal execution)

VM Mutex/Monitor currently owned by a thread: None

Heap
 PSYoungGen      total 26368K, used 19348K [0x00007ffd3f480000, 0x00007ffd411e0000, 0x00007ffd5cb20000)
  eden space 22656K, 85% used [0x00007ffd3f480000,0x00007ffd407650d8,0x00007ffd40aa0000)
  from space 3712K, 0% used [0x00007ffd40e40000,0x00007ffd40e40000,0x00007ffd411e0000)
  to   space 3712K, 0% used [0x00007ffd40aa0000,0x00007ffd40aa0000,0x00007ffd40e40000)
 PSOldGen        total 60288K, used 0K [0x00007ffd04720000, 0x00007ffd08200000, 0x00007ffd3f480000)
  object space 60288K, 0% used [0x00007ffd04720000,0x00007ffd04720000,0x00007ffd08200000)
 PSPermGen       total 21248K, used 10221K [0x00007ffcff320000, 0x00007ffd007e0000, 0x00007ffd04720000)
  object space 21248K, 48% used [0x00007ffcff320000,0x00007ffcffd1b498,0x00007ffd007e0000)

Dynamic libraries:
40000000-40009000 r-xp 00000000 08:13 3163089                            /usr/lib/jvm/java-6-sun-1.6.0.13/jre/bin/java
40108000-4010a000 rwxp 00008000 08:13 3163089                            /usr/lib/jvm/java-6-sun-1.6.0.13/jre/bin/java
403a0000-40aac000 rwxp 403a0000 00:00 0                                  [heap]
7ffcf78b6000-7ffcf78cc000 r-xp 00000000 08:13 213005                     /lib/libgcc_s.so.1
7ffcf78cc000-7ffcf7acc000 ---p 00016000 08:13 213005                     /lib/libgcc_s.so.1
7ffcf7acc000-7ffcf7acd000 r-xp 00016000 08:13 213005                     /lib/libgcc_s.so.1
7ffcf7acd000-7ffcf7ace000 rwxp 00017000 08:13 213005                     /lib/libgcc_s.so.1
7ffcf7ace000-7ffcf7bbf000 r-xp 00000000 08:13 2802601                    /usr/lib/libstdc++.so.6.0.10
7ffcf7bbf000-7ffcf7dbf000 ---p 000f1000 08:13 2802601                    /usr/lib/libstdc++.so.6.0.10
7ffcf7dbf000-7ffcf7dc6000 r-xp 000f1000 08:13 2802601                    /usr/lib/libstdc++.so.6.0.10
7ffcf7dc6000-7ffcf7dc8000 rwxp 000f8000 08:13 2802601                    /usr/lib/libstdc++.so.6.0.10
7ffcf7dc8000-7ffcf7ddb000 rwxp 7ffcf7dc8000 00:00 0 
7ffcf7ddb000-7ffcf7dff000 r-xp 00000000 08:13 1942103                    /usr/lib/TriangleJniAmd64.so
7ffcf7dff000-7ffcf7ffe000 ---p 00024000 08:13 1942103                    /usr/lib/TriangleJniAmd64.so
7ffcf7ffe000-7ffcf7fff000 r-xp 00023000 08:13 1942103                    /usr/lib/TriangleJniAmd64.so
7ffcf7fff000-7ffcf8000000 rwxp 00024000 08:13 1942103                    /usr/lib/TriangleJniAmd64.so
7ffcf8000000-7ffcf81b9000 rwxp 7ffcf8000000 00:00 0 
7ffcf81b9000-7ffcfc000000 ---p 7ffcf81b9000 00:00 0 
7ffcfc049000-7ffcfc04c000 ---p 7ffcfc049000 00:00 0 
7ffcfc04c000-7ffcfc14a000 rwxp 7ffcfc04c000 00:00 0 
7ffcfc14a000-7ffcfc14d000 ---p 7ffcfc14a000 00:00 0 
7ffcfc14d000-7ffcfc24b000 rwxp 7ffcfc14d000 00:00 0 
7ffcfc24b000-7ffcfc24e000 ---p 7ffcfc24b000 00:00 0 
7ffcfc24e000-7ffcfc34c000 rwxp 7ffcfc24e000 00:00 0 
7ffcfc34c000-7ffcfc355000 r-xs 00000000 08:13 3197464                    /var/cache/fontconfig/945677eb7aeaf62f1d50efc3fb3ec7d8-x86-64.cache-2
7ffcfc355000-7ffcfc357000 r-xs 00000000 08:13 3197468                    /var/cache/fontconfig/99e8ed0e538f840c565b6ed5dad60d56-x86-64.cache-2
7ffcfc357000-7ffcfc35a000 r-xs 00000000 08:13 3197466                    /var/cache/fontconfig/e383d7ea5fbe662a33d9b44caf393297-x86-64.cache-2
7ffcfc35a000-7ffcfc35e000 r-xs 00000000 08:13 3197459                    /var/cache/fontconfig/6eb3985aa4124903f6ff08ba781cd364-x86-64.cache-2
7ffcfc35e000-7ffcfc362000 r-xs 00000000 08:13 3196573                    /var/cache/fontconfig/a755afe4a08bf5b97852ceb7400b47bc-x86-64.cache-2
7ffcfc362000-7ffcfc36b000 r-xs 00000000 08:13 3197440                    /var/cache/fontconfig/6d41288fd70b0be22e8c3a91e032eec0-x86-64.cache-2
7ffcfc36b000-7ffcfc376000 r-xs 00000000 08:13 3197435                    /var/cache/fontconfig/e3de0de479f42330eadf588a55fb5bf4-x86-64.cache-2
7ffcfc376000-7ffcfc385000 r-xs 00000000 08:13 3197434                    /var/cache/fontconfig/0f34bcd4b6ee430af32735b75db7f02b-x86-64.cache-2
7ffcfc385000-7ffcfc38e000 r-xs 00000000 08:13 3197417                    /var/cache/fontconfig/d52a8644073d54c13679302ca1180695-x86-64.cache-2
7ffcfc452000-7ffcfc455000 ---p 7ffcfc452000 00:00 0 
7ffcfc455000-7ffcfc553000 rwxp 7ffcfc455000 00:00 0 
7ffcfc553000-7ffcfc556000 ---p 7ffcfc553000 00:00 0 
7ffcfc556000-7ffcfc654000 rwxp 7ffcfc556000 00:00 0 
7ffcfc654000-7ffcfc659000 r-xp 00000000 08:13 2805390                    /usr/lib/libXfixes.so.3.1.0
7ffcfc659000-7ffcfc858000 ---p 00005000 08:13 2805390                    /usr/lib/libXfixes.so.3.1.0
7ffcfc858000-7ffcfc859000 rwxp 00004000 08:13 2805390                    /usr/lib/libXfixes.so.3.1.0
7ffcfc859000-7ffcfc862000 r-xp 00000000 08:13 2805803                    /usr/lib/libXrender.so.1.3.0
7ffcfc862000-7ffcfca61000 ---p 00009000 08:13 2805803                    /usr/lib/libXrender.so.1.3.0
7ffcfca61000-7ffcfca62000 r-xp 00008000 08:13 2805803                    /usr/lib/libXrender.so.1.3.0
7ffcfca62000-7ffcfca63000 rwxp 00009000 08:13 2805803                    /usr/lib/libXrender.so.1.3.0
7ffcfca63000-7ffcfca6c000 r-xp 00000000 08:13 2805843                    /usr/lib/libXcursor.so.1.0.2
7ffcfca6c000-7ffcfcc6c000 ---p 00009000 08:13 2805843                    /usr/lib/libXcursor.so.1.0.2
7ffcfcc6c000-7ffcfcc6d000 rwxp 00009000 08:13 2805843                    /usr/lib/libXcursor.so.1.0.2
7ffcfcc85000-7ffcfcc88000 r-xs 000cb000 08:13 3162696                    /usr/lib/jvm/java-6-sun-1.6.0.13/jre/lib/ext/localedata.jar
7ffcfcc88000-7ffcfcc8b000 ---p 7ffcfcc88000 00:00 0 
7ffcfcc8b000-7ffcfcd89000 rwxp 7ffcfcc8b000 00:00 0 
7ffcfcd89000-7ffcfce07000 r-xp 00000000 08:13 3163204                    /usr/lib/jvm/java-6-sun-1.6.0.13/jre/lib/amd64/libfontmanager.so
7ffcfce07000-7ffcfcf06000 ---p 0007e000 08:13 3163204                    /usr/lib/jvm/java-6-sun-1.6.0.13/jre/lib/amd64/libfontmanager.so
7ffcfcf06000-7ffcfcf1c000 rwxp 0007d000 08:13 3163204                    /usr/lib/jvm/java-6-sun-1.6.0.13/jre/lib/amd64/libfontmanager.so
7ffcfcf1c000-7ffcfcf2d000 rwxp 7ffcfcf1c000 00:00 0 
7ffcfcf2d000-7ffcfcf32000 r-xp 00000000 08:13 2805384                    /usr/lib/libXdmcp.so.6.0.0
7ffcfcf32000-7ffcfd131000 ---p 00005000 08:13 2805384                    /usr/lib/libXdmcp.so.6.0.0
7ffcfd131000-7ffcfd132000 rwxp 00004000 08:13 2805384                    /usr/lib/libXdmcp.so.6.0.0
7ffcfd132000-7ffcfd14d000 r-xp 00000000 08:13 2805386                    /usr/lib/libxcb.so.1.1.0
7ffcfd14d000-7ffcfd34c000 ---p 0001b000 08:13 2805386                    /usr/lib/libxcb.so.1.1.0
7ffcfd34c000-7ffcfd34d000 r-xp 0001a000 08:13 2805386                    /usr/lib/libxcb.so.1.1.0
7ffcfd34d000-7ffcfd34e000 rwxp 0001b000 08:13 2805386                    /usr/lib/libxcb.so.1.1.0
7ffcfd34e000-7ffcfd350000 r-xp 00000000 08:13 2805382                    /usr/lib/libXau.so.6.0.0
7ffcfd350000-7ffcfd54f000 ---p 00002000 08:13 2805382                    /usr/lib/libXau.so.6.0.0
7ffcfd54f000-7ffcfd550000 r-xp 00001000 08:13 2805382                    /usr/lib/libXau.so.6.0.0
7ffcfd550000-7ffcfd551000 rwxp 00002000 08:13 2805382                    /usr/lib/libXau.so.6.0.0
7ffcfd551000-7ffcfd55a000 r-xp 00000000 08:13 2805586                    /usr/lib/libXi.so.6.0.0
7ffcfd55a000-7ffcfd75a000 ---p 00009000 08:13 2805586                    /usr/lib/libXi.so.6.0.0
7ffcfd75a000-7ffcfd75b000 r-xp 00009000 08:13 2805586                    /usr/lib/libXi.so.6.0.0
7ffcfd75b000-7ffcfd75c000 rwxp 0000a000 08:13 2805586                    /usr/lib/libXi.so.6.0.0
7ffcfd75c000-7ffcfd761000 r-xp 00000000 08:13 2806834                    /usr/lib/libXtst.so.6.1.0
7ffcfd761000-7ffcfd961000 ---p 00005000 08:13 2806834                    /usr/lib/libXtst.so.6.1.0
7ffcfd961000-7ffcfd962000 r-xp 00005000 08:13 2806834                    /usr/lib/libXtst.so.6.1.0
7ffcfd962000-7ffcfd963000 rwxp 00006000 08:13 2806834                    /usr/lib/libXtst.so.6.1.0
7ffcfd963000-7ffcfda65000 r-xp 00000000 08:13 2805388                    /usr/lib/libX11.so.6.2.0
7ffcfda65000-7ffcfdc65000 ---p 00102000 08:13 2805388                    /usr/lib/libX11.so.6.2.0
7ffcfdc65000-7ffcfdc66000 r-xp 00102000 08:13 2805388                    /usr/lib/libX11.so.6.2.0
7ffcfdc66000-7ffcfdc6a000 rwxp 00103000 08:13 2805388                    /usr/lib/libX11.so.6.2.0
7ffcfdc6a000-7ffcfdc7b000 r-xp 00000000 08:13 2805394                    /usr/lib/libXext.so.6.4.0
7ffcfdc7b000-7ffcfde7a000 ---p 00011000 08:13 2805394                    /usr/lib/libXext.so.6.4.0
7ffcfde7a000-7ffcfde7b000 r-xp 00010000 08:13 2805394                    /usr/lib/libXext.so.6.4.0
7ffcfde7b000-7ffcfde7c000 rwxp 00011000 08:13 2805394                    /usr/lib/libXext.so.6.4.0
7ffcfde7d000-7ffcfde89000 r-xs 00000000 08:13 3197416                    /var/cache/fontconfig/089dead882dea3570ffc31a9898cfb69-x86-64.cache-2
7ffcfde89000-7ffcfde8d000 r-xs 00000000 08:13 3197398                    /var/cache/fontconfig/cabbd14511b9e8a55e92af97fb3a0461-x86-64.cache-2
7ffcfde8d000-7ffcfde97000 r-xs 00000000 08:13 3195524                    /var/cache/fontconfig/e13b20fdb08344e0e664864cc2ede53d-x86-64.cache-2
7ffcfde97000-7ffcfded8000 r-xp 00000000 08:13 3163194                    /usr/lib/jvm/java-6-sun-1.6.0.13/jre/lib/amd64/xawt/libmawt.so
7ffcfded8000-7ffcfdfd7000 ---p 00041000 08:13 3163194                    /usr/lib/jvm/java-6-sun-1.6.0.13/jre/lib/amd64/xawt/libmawt.so
7ffcfdfd7000-7ffcfdfe3000 rwxp 00040000 08:13 3163194                    /usr/lib/jvm/java-6-sun-1.6.0.13/jre/lib/amd64/xawt/libmawt.so
7ffcfdfe3000-7ffcfdfe4000 rwxp 7ffcfdfe3000 00:00 0 
7ffcfdfe4000-7ffcfe076000 r-xp 00000000 08:13 3163239                    /usr/lib/jvm/java-6-sun-1.6.0.13/jre/lib/amd64/libawt.so
7ffcfe076000-7ffcfe175000 ---p 00092000 08:13 3163239                    /usr/lib/jvm/java-6-sun-1.6.0.13/jre/lib/amd64/libawt.so
7ffcfe175000-7ffcfe18e000 rwxp 00091000 08:13 3163239                    /usr/lib/jvm/java-6-sun-1.6.0.13/jre/lib/amd64/libawt.so
7ffcfe18e000-7ffcfe1b3000 rwxp 7ffcfe18e000 00:00 0 
7ffcfe1b3000-7ffcfe1ba000 r-xs 00059000 08:11 1172178                    /home/epsilon/文档/4_java/javaTools/apache-log4j-1.2.15/log4j-1.2.15.jar
7ffcfe1ba000-7ffcfe1bb000 ---p 7ffcfe1ba000 00:00 0 
7ffcfe1bb000-7ffcfe2bb000 rwxp 7ffcfe1bb000 00:00 0 
7ffcfe2bb000-7ffcfe2be000 ---p 7ffcfe2bb000 00:00 0 
7ffcfe2be000-7ffcfe3bc000 rwxp 7ffcfe2be000 00:00 0 
7ffcfe3bc000-7ffcfe3bf000 ---p 7ffcfe3bc000 00:00 0 
7ffcfe3bf000-7ffcfe4bd000 rwxp 7ffcfe3bf000 00:00 0 
7ffcfe4bd000-7ffcfe4c0000 ---p 7ffcfe4bd000 00:00 0 
7ffcfe4c0000-7ffcfe5be000 rwxp 7ffcfe4c0000 00:00 0 
7ffcfe5be000-7ffcfe5c1000 ---p 7ffcfe5be000 00:00 0 
7ffcfe5c1000-7ffcfe6bf000 rwxp 7ffcfe5c1000 00:00 0 
7ffcfe6bf000-7ffcfe6fe000 r-xp 00000000 08:13 2827839                    /usr/lib/locale/zh_CN.utf8/LC_CTYPE
7ffcfe6fe000-7ffcfe701000 ---p 7ffcfe6fe000 00:00 0 
7ffcfe701000-7ffcfe7ff000 rwxp 7ffcfe701000 00:00 0 
7ffcfe7ff000-7ffcfe802000 ---p 7ffcfe7ff000 00:00 0 
7ffcfe802000-7ffcfe900000 rwxp 7ffcfe802000 00:00 0 
7ffcfe900000-7ffcfe901000 ---p 7ffcfe900000 00:00 0 
7ffcfe901000-7ffcfea76000 rwxp 7ffcfe901000 00:00 0 
7ffcfea76000-7ffcfec08000 r-xs 02f34000 08:13 2942580                    /usr/lib/jvm/java-6-sun-1.6.0.13/jre/lib/rt.jar
7ffcfec08000-7ffcfec30000 rwxp 7ffcfec08000 00:00 0 
7ffcfec30000-7ffcfec31000 ---p 7ffcfec30000 00:00 0 
7ffcfec31000-7ffcfed31000 rwxp 7ffcfec31000 00:00 0 
7ffcfed31000-7ffcfed32000 ---p 7ffcfed31000 00:00 0 
7ffcfed32000-7ffcfee3d000 rwxp 7ffcfed32000 00:00 0 
7ffcfee3d000-7ffcfee5c000 rwxp 7ffcfee3d000 00:00 0 
7ffcfee5c000-7ffcfee7a000 rwxp 7ffcfee5c000 00:00 0 
7ffcfee7a000-7ffcff033000 rwxp 7ffcfee7a000 00:00 0 
7ffcff033000-7ffcff03e000 rwxp 7ffcff033000 00:00 0 
7ffcff03e000-7ffcff05d000 rwxp 7ffcff03e000 00:00 0 
7ffcff05d000-7ffcff07b000 rwxp 7ffcff05d000 00:00 0 
7ffcff07b000-7ffcff233000 rwxp 7ffcff07b000 00:00 0 
7ffcff233000-7ffcff243000 rwxp 7ffcff233000 00:00 0 
7ffcff243000-7ffcff31f000 rwxp 7ffcff243000 00:00 0 
7ffcff31f000-7ffd007e0000 rwxp 7ffcff31f000 00:00 0 
7ffd007e0000-7ffd04720000 rwxp 7ffd007e0000 00:00 0 
7ffd04720000-7ffd08200000 rwxp 7ffd04720000 00:00 0 
7ffd08200000-7ffd3f480000 rwxp 7ffd08200000 00:00 0 
7ffd3f480000-7ffd411e0000 rwxp 7ffd3f480000 00:00 0 
7ffd411e0000-7ffd5cb20000 rwxp 7ffd411e0000 00:00 0 
7ffd5cb21000-7ffd5cb29000 r-xs 0004b000 08:11 162661                     /home/epsilon/文档/4_java/javaTools/commons-math-1.2/commons-math-1.2.jar
7ffd5cb29000-7ffd5cd99000 rwxp 7ffd5cb29000 00:00 0 
7ffd5cd99000-7ffd5fb29000 rwxp 7ffd5cd99000 00:00 0 
7ffd5fb29000-7ffd5fb37000 r-xp 00000000 08:13 3163206                    /usr/lib/jvm/java-6-sun-1.6.0.13/jre/lib/amd64/libzip.so
7ffd5fb37000-7ffd5fc39000 ---p 0000e000 08:13 3163206                    /usr/lib/jvm/java-6-sun-1.6.0.13/jre/lib/amd64/libzip.so
7ffd5fc39000-7ffd5fc3c000 rwxp 00010000 08:13 3163206                    /usr/lib/jvm/java-6-sun-1.6.0.13/jre/lib/amd64/libzip.so
7ffd5fc3c000-7ffd5fc3d000 rwxp 7ffd5fc3c000 00:00 0 
7ffd5fc3d000-7ffd5fc66000 r-xp 00000000 08:13 3163219                    /usr/lib/jvm/java-6-sun-1.6.0.13/jre/lib/amd64/libjava.so
7ffd5fc66000-7ffd5fd65000 ---p 00029000 08:13 3163219                    /usr/lib/jvm/java-6-sun-1.6.0.13/jre/lib/amd64/libjava.so
7ffd5fd65000-7ffd5fd6c000 rwxp 00028000 08:13 3163219                    /usr/lib/jvm/java-6-sun-1.6.0.13/jre/lib/amd64/libjava.so
7ffd5fd6c000-7ffd5fd79000 r-xp 00000000 08:13 3163201                    /usr/lib/jvm/java-6-sun-1.6.0.13/jre/lib/amd64/libverify.so
7ffd5fd79000-7ffd5fe78000 ---p 0000d000 08:13 3163201                    /usr/lib/jvm/java-6-sun-1.6.0.13/jre/lib/amd64/libverify.so
7ffd5fe78000-7ffd5fe7b000 rwxp 0000c000 08:13 3163201                    /usr/lib/jvm/java-6-sun-1.6.0.13/jre/lib/amd64/libverify.so
7ffd5fe7b000-7ffd5fe87000 r-xp 00000000 08:13 213021                     /lib/libnss_files-2.9.so
7ffd5fe87000-7ffd60086000 ---p 0000c000 08:13 213021                     /lib/libnss_files-2.9.so
7ffd60086000-7ffd60087000 r-xp 0000b000 08:13 213021                     /lib/libnss_files-2.9.so
7ffd60087000-7ffd60088000 rwxp 0000c000 08:13 213021                     /lib/libnss_files-2.9.so
7ffd60088000-7ffd60092000 r-xp 00000000 08:13 213023                     /lib/libnss_nis-2.9.so
7ffd60092000-7ffd60291000 ---p 0000a000 08:13 213023                     /lib/libnss_nis-2.9.so
7ffd60291000-7ffd60292000 r-xp 00009000 08:13 213023                     /lib/libnss_nis-2.9.so
7ffd60292000-7ffd60293000 rwxp 0000a000 08:13 213023                     /lib/libnss_nis-2.9.so
7ffd60293000-7ffd6029b000 r-xp 00000000 08:13 213019                     /lib/libnss_compat-2.9.so
7ffd6029b000-7ffd6049a000 ---p 00008000 08:13 213019                     /lib/libnss_compat-2.9.so
7ffd6049a000-7ffd6049b000 r-xp 00007000 08:13 213019                     /lib/libnss_compat-2.9.so
7ffd6049b000-7ffd6049c000 rwxp 00008000 08:13 213019                     /lib/libnss_compat-2.9.so
7ffd6049c000-7ffd604b2000 r-xp 00000000 08:13 213018                     /lib/libnsl-2.9.so
7ffd604b2000-7ffd606b2000 ---p 00016000 08:13 213018                     /lib/libnsl-2.9.so
7ffd606b2000-7ffd606b3000 r-xp 00016000 08:13 213018                     /lib/libnsl-2.9.so
7ffd606b3000-7ffd606b4000 rwxp 00017000 08:13 213018                     /lib/libnsl-2.9.so
7ffd606b4000-7ffd606b6000 rwxp 7ffd606b4000 00:00 0 
7ffd606b6000-7ffd606bd000 r-xp 00000000 08:13 3163208                    /usr/lib/jvm/java-6-sun-1.6.0.13/jre/lib/amd64/native_threads/libhpi.so
7ffd606bd000-7ffd607be000 ---p 00007000 08:13 3163208                    /usr/lib/jvm/java-6-sun-1.6.0.13/jre/lib/amd64/native_threads/libhpi.so
7ffd607be000-7ffd607c0000 rwxp 00008000 08:13 3163208                    /usr/lib/jvm/java-6-sun-1.6.0.13/jre/lib/amd64/native_threads/libhpi.so
7ffd607c0000-7ffd607c1000 rwxp 7ffd607c0000 00:00 0 
7ffd607c1000-7ffd607c8000 r-xp 00000000 08:13 213028                     /lib/librt-2.9.so
7ffd607c8000-7ffd609c7000 ---p 00007000 08:13 213028                     /lib/librt-2.9.so
7ffd609c7000-7ffd609c8000 r-xp 00006000 08:13 213028                     /lib/librt-2.9.so
7ffd609c8000-7ffd609c9000 rwxp 00007000 08:13 213028                     /lib/librt-2.9.so
7ffd609c9000-7ffd609cc000 ---p 7ffd609c9000 00:00 0 
7ffd609cc000-7ffd60aca000 rwxp 7ffd609cc000 00:00 0 
7ffd60aca000-7ffd60b4e000 r-xp 00000000 08:13 213016                     /lib/libm-2.9.so
7ffd60b4e000-7ffd60d4d000 ---p 00084000 08:13 213016                     /lib/libm-2.9.so
7ffd60d4d000-7ffd60d4e000 r-xp 00083000 08:13 213016                     /lib/libm-2.9.so
7ffd60d4e000-7ffd60d4f000 rwxp 00084000 08:13 213016                     /lib/libm-2.9.so
7ffd60d4f000-7ffd613dc000 r-xp 00000000 08:13 3163226                    /usr/lib/jvm/java-6-sun-1.6.0.13/jre/lib/amd64/server/libjvm.so
7ffd613dc000-7ffd614db000 ---p 0068d000 08:13 3163226                    /usr/lib/jvm/java-6-sun-1.6.0.13/jre/lib/amd64/server/libjvm.so
7ffd614db000-7ffd6162c000 rwxp 0068c000 08:13 3163226                    /usr/lib/jvm/java-6-sun-1.6.0.13/jre/lib/amd64/server/libjvm.so
7ffd6162c000-7ffd61669000 rwxp 7ffd6162c000 00:00 0 
7ffd61669000-7ffd617d1000 r-xp 00000000 08:13 213012                     /lib/libc-2.9.so
7ffd617d1000-7ffd619d1000 ---p 00168000 08:13 213012                     /lib/libc-2.9.so
7ffd619d1000-7ffd619d5000 r-xp 00168000 08:13 213012                     /lib/libc-2.9.so
7ffd619d5000-7ffd619d6000 rwxp 0016c000 08:13 213012                     /lib/libc-2.9.so
7ffd619d6000-7ffd619db000 rwxp 7ffd619d6000 00:00 0 
7ffd619db000-7ffd619dd000 r-xp 00000000 08:13 213015                     /lib/libdl-2.9.so
7ffd619dd000-7ffd61bdd000 ---p 00002000 08:13 213015                     /lib/libdl-2.9.so
7ffd61bdd000-7ffd61bde000 r-xp 00002000 08:13 213015                     /lib/libdl-2.9.so
7ffd61bde000-7ffd61bdf000 rwxp 00003000 08:13 213015                     /lib/libdl-2.9.so
7ffd61bdf000-7ffd61bf6000 r-xp 00000000 08:13 213026                     /lib/libpthread-2.9.so
7ffd61bf6000-7ffd61df5000 ---p 00017000 08:13 213026                     /lib/libpthread-2.9.so
7ffd61df5000-7ffd61df6000 r-xp 00016000 08:13 213026                     /lib/libpthread-2.9.so
7ffd61df6000-7ffd61df7000 rwxp 00017000 08:13 213026                     /lib/libpthread-2.9.so
7ffd61df7000-7ffd61dfb000 rwxp 7ffd61df7000 00:00 0 
7ffd61dfb000-7ffd61e1b000 r-xp 00000000 08:13 213006                     /lib/ld-2.9.so
7ffd61e1b000-7ffd61e1e000 r-xs 00000000 08:13 3197439                    /var/cache/fontconfig/de156ccd2eddbdc19d37a45b8b2aac9c-x86-64.cache-2
7ffd61e1e000-7ffd61e21000 r-xs 00000000 08:13 3197433                    /var/cache/fontconfig/ddd4086aec35a5275babba44bb759c3c-x86-64.cache-2
7ffd61e21000-7ffd61e2f000 r-xs 000ba000 08:11 422677                     /home/epsilon/文档/4_java/javaTools/mtj.jar
7ffd61e2f000-7ffd61e39000 rwxp 7ffd61e2f000 00:00 0 
7ffd61e39000-7ffd61eef000 rwxp 7ffd61e39000 00:00 0 
7ffd61eef000-7ffd61ef1000 rwxp 7ffd61eef000 00:00 0 
7ffd61ef1000-7ffd61ef8000 r-xp 00000000 08:13 3163192                    /usr/lib/jvm/java-6-sun-1.6.0.13/jre/lib/amd64/jli/libjli.so
7ffd61ef8000-7ffd61ff9000 ---p 00007000 08:13 3163192                    /usr/lib/jvm/java-6-sun-1.6.0.13/jre/lib/amd64/jli/libjli.so
7ffd61ff9000-7ffd61ffb000 rwxp 00008000 08:13 3163192                    /usr/lib/jvm/java-6-sun-1.6.0.13/jre/lib/amd64/jli/libjli.so
7ffd61ffb000-7ffd61ffc000 rwxp 7ffd61ffb000 00:00 0 
7ffd61ffd000-7ffd61ffe000 r-xs 00000000 08:13 3197445                    /var/cache/fontconfig/4c73fe0c47614734b17d736dbde7580a-x86-64.cache-2
7ffd61ffe000-7ffd61fff000 r-xs 00000000 08:13 3197424                    /var/cache/fontconfig/4794a0821666d79190d59a36cb4f44b5-x86-64.cache-2
7ffd61fff000-7ffd62002000 r-xs 00000000 08:13 3196574                    /var/cache/fontconfig/7ef2298fde41cc6eeb7af42e48b7d293-x86-64.cache-2
7ffd62002000-7ffd62006000 r-xs 00042000 08:11 181746                     /home/epsilon/NetBeansProjects/EpsilonUtils/trunk/dist/EpsilonYUtil.jar
7ffd62006000-7ffd6200d000 r-xs 00000000 08:13 2803699                    /usr/lib/gconv/gconv-modules.cache
7ffd6200d000-7ffd62015000 rwxs 00000000 08:13 376928                     /tmp/hsperfdata_epsilon/22115
7ffd62015000-7ffd62016000 rwxp 7ffd62015000 00:00 0 
7ffd62016000-7ffd62017000 r-xp 7ffd62016000 00:00 0 
7ffd62017000-7ffd6201a000 rwxp 7ffd62017000 00:00 0 
7ffd6201a000-7ffd6201b000 r-xp 0001f000 08:13 213006                     /lib/ld-2.9.so
7ffd6201b000-7ffd6201c000 rwxp 00020000 08:13 213006                     /lib/ld-2.9.so
7fff6a006000-7fff6a01b000 rwxp 7ffffffea000 00:00 0                      [stack]
7fff6a1fe000-7fff6a1ff000 r-xp 7fff6a1fe000 00:00 0                      [vdso]
ffffffffff600000-ffffffffff601000 r-xp 00000000 00:00 0                  [vsyscall]

VM Arguments:
jvm_args: -Dawt.useSystemAAFontSettings=on 
java_command: net.epsilony.simpmeshfree.model.ModelTestFrame
Launcher Type: SUN_STANDARD

Environment Variables:
_JAVA_OPTIONS=-Dawt.useSystemAAFontSettings=on
PATH=/usr/local/sbin:/usr/local/bin:/usr/sbin:/usr/bin:/sbin:/bin:/usr/games
USERNAME=epsilon
LD_LIBRARY_PATH=/usr/lib/jvm/java-6-sun-1.6.0.13/jre/lib/amd64/server:/usr/lib/jvm/java-6-sun-1.6.0.13/jre/lib/amd64:/usr/lib/jvm/java-6-sun-1.6.0.13/jre/../lib/amd64
SHELL=/bin/bash
DISPLAY=:0.0

Signal Handlers:
SIGSEGV: [libjvm.so+0x5fcd20], sa_mask[0]=0x7ffbfeff, sa_flags=0x10000004
SIGBUS: [libjvm.so+0x5fcd20], sa_mask[0]=0x7ffbfeff, sa_flags=0x10000004
SIGFPE: [libjvm.so+0x4e0eb0], sa_mask[0]=0x7ffbfeff, sa_flags=0x10000004
SIGPIPE: [libjvm.so+0x4e0eb0], sa_mask[0]=0x7ffbfeff, sa_flags=0x10000004
SIGXFSZ: [libjvm.so+0x4e0eb0], sa_mask[0]=0x7ffbfeff, sa_flags=0x10000004
SIGILL: [libjvm.so+0x4e0eb0], sa_mask[0]=0x7ffbfeff, sa_flags=0x10000004
SIGUSR1: SIG_DFL, sa_mask[0]=0x00000000, sa_flags=0x00000000
SIGUSR2: [libjvm.so+0x4e35d0], sa_mask[0]=0x00000004, sa_flags=0x10000004
SIGHUP: [libjvm.so+0x4e3320], sa_mask[0]=0x7ffbfeff, sa_flags=0x10000004
SIGINT: SIG_IGN, sa_mask[0]=0x00000000, sa_flags=0x00000000
SIGTERM: [libjvm.so+0x4e3320], sa_mask[0]=0x7ffbfeff, sa_flags=0x10000004
SIGQUIT: [libjvm.so+0x4e3320], sa_mask[0]=0x7ffbfeff, sa_flags=0x10000004


---------------  S Y S T E M  ---------------

OS:5.0

uname:Linux 2.6.28-12-generic #43-Ubuntu SMP Fri May 1 19:31:32 UTC 2009 x86_64
libc:glibc 2.9 NPTL 2.9 
rlimit: STACK 8192k, CORE 0k, NPROC infinity, NOFILE 1024, AS infinity
load average:0.15 0.06 0.08

CPU:total 2 (2 cores per cpu, 1 threads per core) family 16 model 2 stepping 3, cmov, cx8, fxsr, mmx, sse, sse2, sse3, mmxext, 3dnow, 3dnowext, sse4a

Memory: 4k page, physical 5780180k(2473148k free), swap 3903752k(3865604k free)

vm_info: Java HotSpot(TM) 64-Bit Server VM (11.3-b02) for linux-amd64 JRE (1.6.0_13-b03), built on Mar  9 2009 11:08:22 by "java_re" with gcc 3.2.2 (SuSE Linux)

time: Mon May 18 14:47:11 2009
elapsed time: 0 seconds

