#
# An unexpected error has been detected by Java Runtime Environment:
#
#  SIGSEGV (0xb) at pc=0x00007f9e739c811b, pid=15549, tid=140316822845776
#
# Java VM: Java HotSpot(TM) 64-Bit Server VM (11.3-b02 mixed mode linux-amd64)
# Problematic frame:
# C  [libc.so.6+0x8411b]  memcpy+0x15b
#
# If you would like to submit a bug report, please visit:
#   http://java.sun.com/webapps/bugreport/crash.jsp
#

---------------  T H R E A D  ---------------

Current thread (0x00000000406fa000):  JavaThread "AWT-EventQueue-0" [_thread_in_vm, id=15567, stack(0x00007f9e0e51b000,0x00007f9e0e61c000)]

siginfo:si_signo=SIGSEGV: si_errno=0, si_code=2 (SEGV_ACCERR), si_addr=0x00007f9e080d4000

Registers:
RAX=0x00007f9e52a9c548, RBX=0x00007f9e116012a0, RCX=0x0000000000000280, RDX=0x0000000000006820
RSP=0x00007f9e0e61a538, RBP=0x00007f9e0e61a5c0, RSI=0x00007f9e080d4000, RDI=0x00007f9e52aa1968
R8 =0x0000000000000ffc, R9 =0x00007f9e738145b8, R10=0x00007f9e73818028, R11=0x0000000000006820
R12=0x0000000000006820, R13=0x0000000000000000, R14=0x00000000406fb5f0, R15=0x00007f9e0e61a550
RIP=0x00007f9e739c811b, EFL=0x0000000000010212, CSGSFS=0x0000000000000033, ERR=0x0000000000000004
  TRAPNO=0x000000000000000e

Top of Stack: (sp=0x00007f9e0e61a538)
0x00007f9e0e61a538:   00007f9e73370600 00000000406fa1c0
0x00007f9e0e61a548:   00007f9e080cebe0 00000000406fa000
0x00007f9e0e61a558:   0000000000000000 00000000406fa000
0x00007f9e0e61a568:   0000000000000000 00000000406fa000
0x00007f9e0e61a578:   00007f9e0e61a6b8 00000000406fa000
0x00007f9e0e61a588:   00007f9e739be276 00000000406fa000
0x00007f9e0e61a598:   00000000406fb5f0 00007f9e08006590
0x00007f9e0e61a5a8:   00007f9e0801faa0 00007f9e0e61a6b8
0x00007f9e0e61a5b8:   00000000406fb590 00000000406fa1c0
0x00007f9e0e61a5c8:   00007f9e0e0f8486 00007f9e0801f9f0
0x00007f9e0e61a5d8:   00000000406fb598 00000000406fb5a0
0x00007f9e0e61a5e8:   00000000406fb5a8 00000000406fb5b0
0x00007f9e0e61a5f8:   00000000406fb5b8 00000000406fb5c0
0x00007f9e0e61a608:   00000000406fa4b0 01010101016fa000
0x00007f9e0e61a618:   00007f9e11fff6c0 00007f9e0e61a698
0x00007f9e0e61a628:   0000000000000101 00007f9e11fff6c0
0x00007f9e0e61a638:   00007f9e0e61a6b8 00000000406fa000
0x00007f9e0e61a648:   00007f9e6ee12852 00000000406fa000
0x00007f9e0e61a658:   00007f9e0e61a658 00007f9e11fff6c0
0x00007f9e0e61a668:   00007f9e0e61a6b8 00007f9e120000f8
0x00007f9e0e61a678:   0000000000000000 00007f9e11fff6c0
0x00007f9e0e61a688:   0000000000000000 00007f9e0e61a6b8
0x00007f9e0e61a698:   00007f9e0e61a700 00007f9e6ee07322
0x00007f9e0e61a6a8:   0000000000000000 00007f9e6ee0f358
0x00007f9e0e61a6b8:   00007f9e51fec6e8 00007f9e0e61a6c0
0x00007f9e0e61a6c8:   00007f9e11ffe19d 00007f9e0e61a748
0x00007f9e0e61a6d8:   00007f9e120000f8 0000000000000000
0x00007f9e0e61a6e8:   00007f9e11ffe228 00007f9e0e61a6b8
0x00007f9e0e61a6f8:   00007f9e0e61a738 00007f9e0e61a790
0x00007f9e0e61a708:   00007f9e6ee07322 00007f9e52a91b90
0x00007f9e0e61a718:   00007f9e52a91f80 0000000000000002
0x00007f9e0e61a728:   00007f9e52a91f48 00007f9e52a90a90 

Instructions: (pc=0x00007f9e739c811b)
0x00007f9e739c810b:   0f 47 da 4c 89 d9 49 83 e3 f8 48 c1 e9 03 74 05
0x00007f9e739c811b:   f3 48 a5 66 90 4c 29 da 48 f7 c2 f8 ff ff ff 75 

Stack: [0x00007f9e0e51b000,0x00007f9e0e61c000],  sp=0x00007f9e0e61a538,  free space=1021k
Native frames: (J=compiled Java code, j=interpreted, Vv=VM code, C=native code)
C  [libc.so.6+0x8411b]  memcpy+0x15b

Java frames: (J=compiled Java code, j=interpreted, Vv=VM code)
j  net.epsilony.simpmeshfree.model.geometry.TriangleJni.triangleFun()V+0
j  net.epsilony.simpmeshfree.model.geometry.TriangleJni.complie(Lnet/epsilony/simpmeshfree/model/geometry/GeometryModel;Ljava/lang/String;)V+141
j  net.epsilony.simpmeshfree.model.mechanics.MechanicsModel.generateNodesByTriangle(DDLjava/lang/String;ZZ)V+110
j  net.epsilony.simpmeshfree.model.ModelTestFrame.<init>()V+617
j  net.epsilony.simpmeshfree.model.ModelTestFrame$2.run()V+4
j  java.awt.event.InvocationEvent.dispatch()V+47
j  java.awt.EventQueue.dispatchEvent(Ljava/awt/AWTEvent;)V+26
j  java.awt.EventDispatchThread.pumpOneEventForFilters(I)Z+204
j  java.awt.EventDispatchThread.pumpEventsForFilter(ILjava/awt/Conditional;Ljava/awt/EventFilter;)V+30
j  java.awt.EventDispatchThread.pumpEventsForHierarchy(ILjava/awt/Conditional;Ljava/awt/Component;)V+11
j  java.awt.EventDispatchThread.pumpEvents(ILjava/awt/Conditional;)V+4
j  java.awt.EventDispatchThread.pumpEvents(Ljava/awt/Conditional;)V+3
j  java.awt.EventDispatchThread.run()V+9
v  ~StubRoutines::call_stub

---------------  P R O C E S S  ---------------

Java Threads: ( => current thread )
  0x00007f9e08003400 JavaThread "Thread-3" [_thread_blocked, id=15572, stack(0x00007f9e0e319000,0x00007f9e0e41a000)]
  0x00007f9e08004800 JavaThread "Thread-2" [_thread_blocked, id=15571, stack(0x00007f9e0e41a000,0x00007f9e0e51b000)]
  0x0000000040296000 JavaThread "DestroyJavaVM" [_thread_blocked, id=15551, stack(0x00007f9e72ca4000,0x00007f9e72da5000)]
=>0x00000000406fa000 JavaThread "AWT-EventQueue-0" [_thread_in_vm, id=15567, stack(0x00007f9e0e51b000,0x00007f9e0e61c000)]
  0x00000000408afc00 JavaThread "AWT-Shutdown" [_thread_blocked, id=15566, stack(0x00007f9e0e72a000,0x00007f9e0e82b000)]
  0x00000000408af400 JavaThread "AWT-XAWT" daemon [_thread_in_native, id=15565, stack(0x00007f9e0e82b000,0x00007f9e0e92c000)]
  0x00000000404f2c00 JavaThread "Java2D Disposer" daemon [_thread_blocked, id=15564, stack(0x00007f9e0ef60000,0x00007f9e0f061000)]
  0x000000004034d800 JavaThread "Low Memory Detector" daemon [_thread_blocked, id=15562, stack(0x00007f9e1059b000,0x00007f9e1069c000)]
  0x000000004034b000 JavaThread "CompilerThread1" daemon [_thread_in_native, id=15561, stack(0x00007f9e1069c000,0x00007f9e1079d000)]
  0x0000000040347000 JavaThread "CompilerThread0" daemon [_thread_blocked, id=15560, stack(0x00007f9e1079d000,0x00007f9e1089e000)]
  0x0000000040345000 JavaThread "Signal Dispatcher" daemon [_thread_blocked, id=15559, stack(0x00007f9e1089e000,0x00007f9e1099f000)]
  0x0000000040323800 JavaThread "Finalizer" daemon [_thread_blocked, id=15558, stack(0x00007f9e109de000,0x00007f9e10adf000)]
  0x000000004031c800 JavaThread "Reference Handler" daemon [_thread_blocked, id=15557, stack(0x00007f9e10adf000,0x00007f9e10be0000)]

Other Threads:
  0x0000000040317000 VMThread [stack: 0x00007f9e10be0000,0x00007f9e10ce1000] [id=15556]
  0x000000004034fc00 WatcherThread [stack: 0x00007f9e1049a000,0x00007f9e1059b000] [id=15563]

VM state:not at safepoint (normal execution)

VM Mutex/Monitor currently owned by a thread: None

Heap
 PSYoungGen      total 26368K, used 19940K [0x00007f9e51760000, 0x00007f9e534c0000, 0x00007f9e6ee00000)
  eden space 22656K, 88% used [0x00007f9e51760000,0x00007f9e52ad9398,0x00007f9e52d80000)
  from space 3712K, 0% used [0x00007f9e53120000,0x00007f9e53120000,0x00007f9e534c0000)
  to   space 3712K, 0% used [0x00007f9e52d80000,0x00007f9e52d80000,0x00007f9e53120000)
 PSOldGen        total 60288K, used 0K [0x00007f9e16a00000, 0x00007f9e1a4e0000, 0x00007f9e51760000)
  object space 60288K, 0% used [0x00007f9e16a00000,0x00007f9e16a00000,0x00007f9e1a4e0000)
 PSPermGen       total 21248K, used 10264K [0x00007f9e11600000, 0x00007f9e12ac0000, 0x00007f9e16a00000)
  object space 21248K, 48% used [0x00007f9e11600000,0x00007f9e120063d8,0x00007f9e12ac0000)

Dynamic libraries:
40000000-40009000 r-xp 00000000 08:13 3163089                            /usr/lib/jvm/java-6-sun-1.6.0.13/jre/bin/java
40108000-4010a000 rwxp 00008000 08:13 3163089                            /usr/lib/jvm/java-6-sun-1.6.0.13/jre/bin/java
4028e000-4154d000 rwxp 4028e000 00:00 0                                  [heap]
7f9e08000000-7f9e080d4000 rwxp 7f9e08000000 00:00 0 
7f9e080d4000-7f9e0c000000 ---p 7f9e080d4000 00:00 0 
7f9e0dbcf000-7f9e0dbe5000 r-xp 00000000 08:13 213005                     /lib/libgcc_s.so.1
7f9e0dbe5000-7f9e0dde5000 ---p 00016000 08:13 213005                     /lib/libgcc_s.so.1
7f9e0dde5000-7f9e0dde6000 r-xp 00016000 08:13 213005                     /lib/libgcc_s.so.1
7f9e0dde6000-7f9e0dde7000 rwxp 00017000 08:13 213005                     /lib/libgcc_s.so.1
7f9e0dde7000-7f9e0ded8000 r-xp 00000000 08:13 2802601                    /usr/lib/libstdc++.so.6.0.10
7f9e0ded8000-7f9e0e0d8000 ---p 000f1000 08:13 2802601                    /usr/lib/libstdc++.so.6.0.10
7f9e0e0d8000-7f9e0e0df000 r-xp 000f1000 08:13 2802601                    /usr/lib/libstdc++.so.6.0.10
7f9e0e0df000-7f9e0e0e1000 rwxp 000f8000 08:13 2802601                    /usr/lib/libstdc++.so.6.0.10
7f9e0e0e1000-7f9e0e0f4000 rwxp 7f9e0e0e1000 00:00 0 
7f9e0e0f4000-7f9e0e118000 r-xp 00000000 08:13 1942103                    /usr/lib/TriangleJniAmd64.so
7f9e0e118000-7f9e0e317000 ---p 00024000 08:13 1942103                    /usr/lib/TriangleJniAmd64.so
7f9e0e317000-7f9e0e318000 r-xp 00023000 08:13 1942103                    /usr/lib/TriangleJniAmd64.so
7f9e0e318000-7f9e0e319000 rwxp 00024000 08:13 1942103                    /usr/lib/TriangleJniAmd64.so
7f9e0e319000-7f9e0e31c000 ---p 7f9e0e319000 00:00 0 
7f9e0e31c000-7f9e0e41a000 rwxp 7f9e0e31c000 00:00 0 
7f9e0e41a000-7f9e0e41d000 ---p 7f9e0e41a000 00:00 0 
7f9e0e41d000-7f9e0e51b000 rwxp 7f9e0e41d000 00:00 0 
7f9e0e51b000-7f9e0e51e000 ---p 7f9e0e51b000 00:00 0 
7f9e0e51e000-7f9e0e61c000 rwxp 7f9e0e51e000 00:00 0 
7f9e0e61c000-7f9e0e625000 r-xs 00000000 08:13 3197464                    /var/cache/fontconfig/945677eb7aeaf62f1d50efc3fb3ec7d8-x86-64.cache-2
7f9e0e625000-7f9e0e627000 r-xs 00000000 08:13 3197468                    /var/cache/fontconfig/99e8ed0e538f840c565b6ed5dad60d56-x86-64.cache-2
7f9e0e627000-7f9e0e62a000 r-xs 00000000 08:13 3197466                    /var/cache/fontconfig/e383d7ea5fbe662a33d9b44caf393297-x86-64.cache-2
7f9e0e62a000-7f9e0e62e000 r-xs 00000000 08:13 3197459                    /var/cache/fontconfig/6eb3985aa4124903f6ff08ba781cd364-x86-64.cache-2
7f9e0e62e000-7f9e0e62f000 r-xs 00000000 08:13 3197445                    /var/cache/fontconfig/4c73fe0c47614734b17d736dbde7580a-x86-64.cache-2
7f9e0e62f000-7f9e0e633000 r-xs 00000000 08:13 3196573                    /var/cache/fontconfig/a755afe4a08bf5b97852ceb7400b47bc-x86-64.cache-2
7f9e0e633000-7f9e0e63c000 r-xs 00000000 08:13 3197440                    /var/cache/fontconfig/6d41288fd70b0be22e8c3a91e032eec0-x86-64.cache-2
7f9e0e63c000-7f9e0e63f000 r-xs 00000000 08:13 3197439                    /var/cache/fontconfig/de156ccd2eddbdc19d37a45b8b2aac9c-x86-64.cache-2
7f9e0e63f000-7f9e0e64a000 r-xs 00000000 08:13 3197435                    /var/cache/fontconfig/e3de0de479f42330eadf588a55fb5bf4-x86-64.cache-2
7f9e0e64a000-7f9e0e659000 r-xs 00000000 08:13 3197434                    /var/cache/fontconfig/0f34bcd4b6ee430af32735b75db7f02b-x86-64.cache-2
7f9e0e659000-7f9e0e65c000 r-xs 00000000 08:13 3197433                    /var/cache/fontconfig/ddd4086aec35a5275babba44bb759c3c-x86-64.cache-2
7f9e0e65c000-7f9e0e65d000 r-xs 00000000 08:13 3197424                    /var/cache/fontconfig/4794a0821666d79190d59a36cb4f44b5-x86-64.cache-2
7f9e0e65d000-7f9e0e666000 r-xs 00000000 08:13 3197417                    /var/cache/fontconfig/d52a8644073d54c13679302ca1180695-x86-64.cache-2
7f9e0e72a000-7f9e0e72d000 ---p 7f9e0e72a000 00:00 0 
7f9e0e72d000-7f9e0e82b000 rwxp 7f9e0e72d000 00:00 0 
7f9e0e82b000-7f9e0e82e000 ---p 7f9e0e82b000 00:00 0 
7f9e0e82e000-7f9e0e92c000 rwxp 7f9e0e82e000 00:00 0 
7f9e0e92c000-7f9e0e931000 r-xp 00000000 08:13 2805390                    /usr/lib/libXfixes.so.3.1.0
7f9e0e931000-7f9e0eb30000 ---p 00005000 08:13 2805390                    /usr/lib/libXfixes.so.3.1.0
7f9e0eb30000-7f9e0eb31000 rwxp 00004000 08:13 2805390                    /usr/lib/libXfixes.so.3.1.0
7f9e0eb31000-7f9e0eb3a000 r-xp 00000000 08:13 2805803                    /usr/lib/libXrender.so.1.3.0
7f9e0eb3a000-7f9e0ed39000 ---p 00009000 08:13 2805803                    /usr/lib/libXrender.so.1.3.0
7f9e0ed39000-7f9e0ed3a000 r-xp 00008000 08:13 2805803                    /usr/lib/libXrender.so.1.3.0
7f9e0ed3a000-7f9e0ed3b000 rwxp 00009000 08:13 2805803                    /usr/lib/libXrender.so.1.3.0
7f9e0ed3b000-7f9e0ed44000 r-xp 00000000 08:13 2805843                    /usr/lib/libXcursor.so.1.0.2
7f9e0ed44000-7f9e0ef44000 ---p 00009000 08:13 2805843                    /usr/lib/libXcursor.so.1.0.2
7f9e0ef44000-7f9e0ef45000 rwxp 00009000 08:13 2805843                    /usr/lib/libXcursor.so.1.0.2
7f9e0ef60000-7f9e0ef63000 ---p 7f9e0ef60000 00:00 0 
7f9e0ef63000-7f9e0f061000 rwxp 7f9e0ef63000 00:00 0 
7f9e0f061000-7f9e0f0df000 r-xp 00000000 08:13 3163204                    /usr/lib/jvm/java-6-sun-1.6.0.13/jre/lib/amd64/libfontmanager.so
7f9e0f0df000-7f9e0f1de000 ---p 0007e000 08:13 3163204                    /usr/lib/jvm/java-6-sun-1.6.0.13/jre/lib/amd64/libfontmanager.so
7f9e0f1de000-7f9e0f1f4000 rwxp 0007d000 08:13 3163204                    /usr/lib/jvm/java-6-sun-1.6.0.13/jre/lib/amd64/libfontmanager.so
7f9e0f1f4000-7f9e0f205000 rwxp 7f9e0f1f4000 00:00 0 
7f9e0f205000-7f9e0f20a000 r-xp 00000000 08:13 2805384                    /usr/lib/libXdmcp.so.6.0.0
7f9e0f20a000-7f9e0f409000 ---p 00005000 08:13 2805384                    /usr/lib/libXdmcp.so.6.0.0
7f9e0f409000-7f9e0f40a000 rwxp 00004000 08:13 2805384                    /usr/lib/libXdmcp.so.6.0.0
7f9e0f40a000-7f9e0f425000 r-xp 00000000 08:13 2805386                    /usr/lib/libxcb.so.1.1.0
7f9e0f425000-7f9e0f624000 ---p 0001b000 08:13 2805386                    /usr/lib/libxcb.so.1.1.0
7f9e0f624000-7f9e0f625000 r-xp 0001a000 08:13 2805386                    /usr/lib/libxcb.so.1.1.0
7f9e0f625000-7f9e0f626000 rwxp 0001b000 08:13 2805386                    /usr/lib/libxcb.so.1.1.0
7f9e0f626000-7f9e0f628000 r-xp 00000000 08:13 2805382                    /usr/lib/libXau.so.6.0.0
7f9e0f628000-7f9e0f827000 ---p 00002000 08:13 2805382                    /usr/lib/libXau.so.6.0.0
7f9e0f827000-7f9e0f828000 r-xp 00001000 08:13 2805382                    /usr/lib/libXau.so.6.0.0
7f9e0f828000-7f9e0f829000 rwxp 00002000 08:13 2805382                    /usr/lib/libXau.so.6.0.0
7f9e0f829000-7f9e0f832000 r-xp 00000000 08:13 2805586                    /usr/lib/libXi.so.6.0.0
7f9e0f832000-7f9e0fa32000 ---p 00009000 08:13 2805586                    /usr/lib/libXi.so.6.0.0
7f9e0fa32000-7f9e0fa33000 r-xp 00009000 08:13 2805586                    /usr/lib/libXi.so.6.0.0
7f9e0fa33000-7f9e0fa34000 rwxp 0000a000 08:13 2805586                    /usr/lib/libXi.so.6.0.0
7f9e0fa34000-7f9e0fa39000 r-xp 00000000 08:13 2806834                    /usr/lib/libXtst.so.6.1.0
7f9e0fa39000-7f9e0fc39000 ---p 00005000 08:13 2806834                    /usr/lib/libXtst.so.6.1.0
7f9e0fc39000-7f9e0fc3a000 r-xp 00005000 08:13 2806834                    /usr/lib/libXtst.so.6.1.0
7f9e0fc3a000-7f9e0fc3b000 rwxp 00006000 08:13 2806834                    /usr/lib/libXtst.so.6.1.0
7f9e0fc3b000-7f9e0fd3d000 r-xp 00000000 08:13 2805388                    /usr/lib/libX11.so.6.2.0
7f9e0fd3d000-7f9e0ff3d000 ---p 00102000 08:13 2805388                    /usr/lib/libX11.so.6.2.0
7f9e0ff3d000-7f9e0ff3e000 r-xp 00102000 08:13 2805388                    /usr/lib/libX11.so.6.2.0
7f9e0ff3e000-7f9e0ff42000 rwxp 00103000 08:13 2805388                    /usr/lib/libX11.so.6.2.0
7f9e0ff42000-7f9e0ff53000 r-xp 00000000 08:13 2805394                    /usr/lib/libXext.so.6.4.0
7f9e0ff53000-7f9e10152000 ---p 00011000 08:13 2805394                    /usr/lib/libXext.so.6.4.0
7f9e10152000-7f9e10153000 r-xp 00010000 08:13 2805394                    /usr/lib/libXext.so.6.4.0
7f9e10153000-7f9e10154000 rwxp 00011000 08:13 2805394                    /usr/lib/libXext.so.6.4.0
7f9e10155000-7f9e10161000 r-xs 00000000 08:13 3197416                    /var/cache/fontconfig/089dead882dea3570ffc31a9898cfb69-x86-64.cache-2
7f9e10161000-7f9e10165000 r-xs 00000000 08:13 3197398                    /var/cache/fontconfig/cabbd14511b9e8a55e92af97fb3a0461-x86-64.cache-2
7f9e10165000-7f9e1016f000 r-xs 00000000 08:13 3195524                    /var/cache/fontconfig/e13b20fdb08344e0e664864cc2ede53d-x86-64.cache-2
7f9e1016f000-7f9e101b0000 r-xp 00000000 08:13 3163194                    /usr/lib/jvm/java-6-sun-1.6.0.13/jre/lib/amd64/xawt/libmawt.so
7f9e101b0000-7f9e102af000 ---p 00041000 08:13 3163194                    /usr/lib/jvm/java-6-sun-1.6.0.13/jre/lib/amd64/xawt/libmawt.so
7f9e102af000-7f9e102bb000 rwxp 00040000 08:13 3163194                    /usr/lib/jvm/java-6-sun-1.6.0.13/jre/lib/amd64/xawt/libmawt.so
7f9e102bb000-7f9e102bc000 rwxp 7f9e102bb000 00:00 0 
7f9e102bc000-7f9e1034e000 r-xp 00000000 08:13 3163239                    /usr/lib/jvm/java-6-sun-1.6.0.13/jre/lib/amd64/libawt.so
7f9e1034e000-7f9e1044d000 ---p 00092000 08:13 3163239                    /usr/lib/jvm/java-6-sun-1.6.0.13/jre/lib/amd64/libawt.so
7f9e1044d000-7f9e10466000 rwxp 00091000 08:13 3163239                    /usr/lib/jvm/java-6-sun-1.6.0.13/jre/lib/amd64/libawt.so
7f9e10466000-7f9e1048b000 rwxp 7f9e10466000 00:00 0 
7f9e1048b000-7f9e10492000 r-xs 00059000 08:11 1172178                    /home/epsilon/文档/4_java/javaTools/apache-log4j-1.2.15/log4j-1.2.15.jar
7f9e10492000-7f9e1049a000 r-xs 0004b000 08:11 162661                     /home/epsilon/文档/4_java/javaTools/commons-math-1.2/commons-math-1.2.jar
7f9e1049a000-7f9e1049b000 ---p 7f9e1049a000 00:00 0 
7f9e1049b000-7f9e1059b000 rwxp 7f9e1049b000 00:00 0 
7f9e1059b000-7f9e1059e000 ---p 7f9e1059b000 00:00 0 
7f9e1059e000-7f9e1069c000 rwxp 7f9e1059e000 00:00 0 
7f9e1069c000-7f9e1069f000 ---p 7f9e1069c000 00:00 0 
7f9e1069f000-7f9e1079d000 rwxp 7f9e1069f000 00:00 0 
7f9e1079d000-7f9e107a0000 ---p 7f9e1079d000 00:00 0 
7f9e107a0000-7f9e1089e000 rwxp 7f9e107a0000 00:00 0 
7f9e1089e000-7f9e108a1000 ---p 7f9e1089e000 00:00 0 
7f9e108a1000-7f9e1099f000 rwxp 7f9e108a1000 00:00 0 
7f9e1099f000-7f9e109de000 r-xp 00000000 08:13 2827839                    /usr/lib/locale/zh_CN.utf8/LC_CTYPE
7f9e109de000-7f9e109e1000 ---p 7f9e109de000 00:00 0 
7f9e109e1000-7f9e10adf000 rwxp 7f9e109e1000 00:00 0 
7f9e10adf000-7f9e10ae2000 ---p 7f9e10adf000 00:00 0 
7f9e10ae2000-7f9e10be0000 rwxp 7f9e10ae2000 00:00 0 
7f9e10be0000-7f9e10be1000 ---p 7f9e10be0000 00:00 0 
7f9e10be1000-7f9e10d56000 rwxp 7f9e10be1000 00:00 0 
7f9e10d56000-7f9e10ee8000 r-xs 02f34000 08:13 2942580                    /usr/lib/jvm/java-6-sun-1.6.0.13/jre/lib/rt.jar
7f9e10ee8000-7f9e10f10000 rwxp 7f9e10ee8000 00:00 0 
7f9e10f10000-7f9e10f11000 ---p 7f9e10f10000 00:00 0 
7f9e10f11000-7f9e11011000 rwxp 7f9e10f11000 00:00 0 
7f9e11011000-7f9e11012000 ---p 7f9e11011000 00:00 0 
7f9e11012000-7f9e1111d000 rwxp 7f9e11012000 00:00 0 
7f9e1111d000-7f9e1113c000 rwxp 7f9e1111d000 00:00 0 
7f9e1113c000-7f9e1115a000 rwxp 7f9e1113c000 00:00 0 
7f9e1115a000-7f9e11313000 rwxp 7f9e1115a000 00:00 0 
7f9e11313000-7f9e1131e000 rwxp 7f9e11313000 00:00 0 
7f9e1131e000-7f9e1133d000 rwxp 7f9e1131e000 00:00 0 
7f9e1133d000-7f9e1135b000 rwxp 7f9e1133d000 00:00 0 
7f9e1135b000-7f9e11513000 rwxp 7f9e1135b000 00:00 0 
7f9e11513000-7f9e11523000 rwxp 7f9e11513000 00:00 0 
7f9e11523000-7f9e115ff000 rwxp 7f9e11523000 00:00 0 
7f9e115ff000-7f9e12ac0000 rwxp 7f9e115ff000 00:00 0 
7f9e12ac0000-7f9e16a00000 rwxp 7f9e12ac0000 00:00 0 
7f9e16a00000-7f9e1a4e0000 rwxp 7f9e16a00000 00:00 0 
7f9e1a4e0000-7f9e51760000 rwxp 7f9e1a4e0000 00:00 0 
7f9e51760000-7f9e534c0000 rwxp 7f9e51760000 00:00 0 
7f9e534c0000-7f9e6ee00000 rwxp 7f9e534c0000 00:00 0 
7f9e6ee04000-7f9e6f074000 rwxp 7f9e6ee04000 00:00 0 
7f9e6f074000-7f9e71e04000 rwxp 7f9e6f074000 00:00 0 
7f9e71e04000-7f9e71e12000 r-xp 00000000 08:13 3163206                    /usr/lib/jvm/java-6-sun-1.6.0.13/jre/lib/amd64/libzip.so
7f9e71e12000-7f9e71f14000 ---p 0000e000 08:13 3163206                    /usr/lib/jvm/java-6-sun-1.6.0.13/jre/lib/amd64/libzip.so
7f9e71f14000-7f9e71f17000 rwxp 00010000 08:13 3163206                    /usr/lib/jvm/java-6-sun-1.6.0.13/jre/lib/amd64/libzip.so
7f9e71f17000-7f9e71f18000 rwxp 7f9e71f17000 00:00 0 
7f9e71f18000-7f9e71f41000 r-xp 00000000 08:13 3163219                    /usr/lib/jvm/java-6-sun-1.6.0.13/jre/lib/amd64/libjava.so
7f9e71f41000-7f9e72040000 ---p 00029000 08:13 3163219                    /usr/lib/jvm/java-6-sun-1.6.0.13/jre/lib/amd64/libjava.so
7f9e72040000-7f9e72047000 rwxp 00028000 08:13 3163219                    /usr/lib/jvm/java-6-sun-1.6.0.13/jre/lib/amd64/libjava.so
7f9e72047000-7f9e72054000 r-xp 00000000 08:13 3163201                    /usr/lib/jvm/java-6-sun-1.6.0.13/jre/lib/amd64/libverify.so
7f9e72054000-7f9e72153000 ---p 0000d000 08:13 3163201                    /usr/lib/jvm/java-6-sun-1.6.0.13/jre/lib/amd64/libverify.so
7f9e72153000-7f9e72156000 rwxp 0000c000 08:13 3163201                    /usr/lib/jvm/java-6-sun-1.6.0.13/jre/lib/amd64/libverify.so
7f9e72156000-7f9e72162000 r-xp 00000000 08:13 213021                     /lib/libnss_files-2.9.so
7f9e72162000-7f9e72361000 ---p 0000c000 08:13 213021                     /lib/libnss_files-2.9.so
7f9e72361000-7f9e72362000 r-xp 0000b000 08:13 213021                     /lib/libnss_files-2.9.so
7f9e72362000-7f9e72363000 rwxp 0000c000 08:13 213021                     /lib/libnss_files-2.9.so
7f9e72363000-7f9e7236d000 r-xp 00000000 08:13 213023                     /lib/libnss_nis-2.9.so
7f9e7236d000-7f9e7256c000 ---p 0000a000 08:13 213023                     /lib/libnss_nis-2.9.so
7f9e7256c000-7f9e7256d000 r-xp 00009000 08:13 213023                     /lib/libnss_nis-2.9.so
7f9e7256d000-7f9e7256e000 rwxp 0000a000 08:13 213023                     /lib/libnss_nis-2.9.so
7f9e7256e000-7f9e72576000 r-xp 00000000 08:13 213019                     /lib/libnss_compat-2.9.so
7f9e72576000-7f9e72775000 ---p 00008000 08:13 213019                     /lib/libnss_compat-2.9.so
7f9e72775000-7f9e72776000 r-xp 00007000 08:13 213019                     /lib/libnss_compat-2.9.so
7f9e72776000-7f9e72777000 rwxp 00008000 08:13 213019                     /lib/libnss_compat-2.9.so
7f9e72777000-7f9e7278d000 r-xp 00000000 08:13 213018                     /lib/libnsl-2.9.so
7f9e7278d000-7f9e7298d000 ---p 00016000 08:13 213018                     /lib/libnsl-2.9.so
7f9e7298d000-7f9e7298e000 r-xp 00016000 08:13 213018                     /lib/libnsl-2.9.so
7f9e7298e000-7f9e7298f000 rwxp 00017000 08:13 213018                     /lib/libnsl-2.9.so
7f9e7298f000-7f9e72991000 rwxp 7f9e7298f000 00:00 0 
7f9e72991000-7f9e72998000 r-xp 00000000 08:13 3163208                    /usr/lib/jvm/java-6-sun-1.6.0.13/jre/lib/amd64/native_threads/libhpi.so
7f9e72998000-7f9e72a99000 ---p 00007000 08:13 3163208                    /usr/lib/jvm/java-6-sun-1.6.0.13/jre/lib/amd64/native_threads/libhpi.so
7f9e72a99000-7f9e72a9b000 rwxp 00008000 08:13 3163208                    /usr/lib/jvm/java-6-sun-1.6.0.13/jre/lib/amd64/native_threads/libhpi.so
7f9e72a9b000-7f9e72a9c000 rwxp 7f9e72a9b000 00:00 0 
7f9e72a9c000-7f9e72aa3000 r-xp 00000000 08:13 213028                     /lib/librt-2.9.so
7f9e72aa3000-7f9e72ca2000 ---p 00007000 08:13 213028                     /lib/librt-2.9.so
7f9e72ca2000-7f9e72ca3000 r-xp 00006000 08:13 213028                     /lib/librt-2.9.so
7f9e72ca3000-7f9e72ca4000 rwxp 00007000 08:13 213028                     /lib/librt-2.9.so
7f9e72ca4000-7f9e72ca7000 ---p 7f9e72ca4000 00:00 0 
7f9e72ca7000-7f9e72da5000 rwxp 7f9e72ca7000 00:00 0 
7f9e72da5000-7f9e72e29000 r-xp 00000000 08:13 213016                     /lib/libm-2.9.so
7f9e72e29000-7f9e73028000 ---p 00084000 08:13 213016                     /lib/libm-2.9.so
7f9e73028000-7f9e73029000 r-xp 00083000 08:13 213016                     /lib/libm-2.9.so
7f9e73029000-7f9e7302a000 rwxp 00084000 08:13 213016                     /lib/libm-2.9.so
7f9e7302a000-7f9e736b7000 r-xp 00000000 08:13 3163226                    /usr/lib/jvm/java-6-sun-1.6.0.13/jre/lib/amd64/server/libjvm.so
7f9e736b7000-7f9e737b6000 ---p 0068d000 08:13 3163226                    /usr/lib/jvm/java-6-sun-1.6.0.13/jre/lib/amd64/server/libjvm.so
7f9e737b6000-7f9e73907000 rwxp 0068c000 08:13 3163226                    /usr/lib/jvm/java-6-sun-1.6.0.13/jre/lib/amd64/server/libjvm.so
7f9e73907000-7f9e73944000 rwxp 7f9e73907000 00:00 0 
7f9e73944000-7f9e73aac000 r-xp 00000000 08:13 213012                     /lib/libc-2.9.so
7f9e73aac000-7f9e73cac000 ---p 00168000 08:13 213012                     /lib/libc-2.9.so
7f9e73cac000-7f9e73cb0000 r-xp 00168000 08:13 213012                     /lib/libc-2.9.so
7f9e73cb0000-7f9e73cb1000 rwxp 0016c000 08:13 213012                     /lib/libc-2.9.so
7f9e73cb1000-7f9e73cb6000 rwxp 7f9e73cb1000 00:00 0 
7f9e73cb6000-7f9e73cb8000 r-xp 00000000 08:13 213015                     /lib/libdl-2.9.so
7f9e73cb8000-7f9e73eb8000 ---p 00002000 08:13 213015                     /lib/libdl-2.9.so
7f9e73eb8000-7f9e73eb9000 r-xp 00002000 08:13 213015                     /lib/libdl-2.9.so
7f9e73eb9000-7f9e73eba000 rwxp 00003000 08:13 213015                     /lib/libdl-2.9.so
7f9e73eba000-7f9e73ed1000 r-xp 00000000 08:13 213026                     /lib/libpthread-2.9.so
7f9e73ed1000-7f9e740d0000 ---p 00017000 08:13 213026                     /lib/libpthread-2.9.so
7f9e740d0000-7f9e740d1000 r-xp 00016000 08:13 213026                     /lib/libpthread-2.9.so
7f9e740d1000-7f9e740d2000 rwxp 00017000 08:13 213026                     /lib/libpthread-2.9.so
7f9e740d2000-7f9e740d6000 rwxp 7f9e740d2000 00:00 0 
7f9e740d6000-7f9e740f6000 r-xp 00000000 08:13 213006                     /lib/ld-2.9.so
7f9e740fc000-7f9e7410a000 r-xs 000ba000 08:11 422677                     /home/epsilon/文档/4_java/javaTools/mtj.jar
7f9e7410a000-7f9e74114000 rwxp 7f9e7410a000 00:00 0 
7f9e74114000-7f9e741ca000 rwxp 7f9e74114000 00:00 0 
7f9e741ca000-7f9e741cc000 rwxp 7f9e741ca000 00:00 0 
7f9e741cc000-7f9e741d3000 r-xp 00000000 08:13 3163192                    /usr/lib/jvm/java-6-sun-1.6.0.13/jre/lib/amd64/jli/libjli.so
7f9e741d3000-7f9e742d4000 ---p 00007000 08:13 3163192                    /usr/lib/jvm/java-6-sun-1.6.0.13/jre/lib/amd64/jli/libjli.so
7f9e742d4000-7f9e742d6000 rwxp 00008000 08:13 3163192                    /usr/lib/jvm/java-6-sun-1.6.0.13/jre/lib/amd64/jli/libjli.so
7f9e742d6000-7f9e742d7000 rwxp 7f9e742d6000 00:00 0 
7f9e742d7000-7f9e742da000 r-xs 000cb000 08:13 3162696                    /usr/lib/jvm/java-6-sun-1.6.0.13/jre/lib/ext/localedata.jar
7f9e742da000-7f9e742dd000 r-xs 00000000 08:13 3196574                    /var/cache/fontconfig/7ef2298fde41cc6eeb7af42e48b7d293-x86-64.cache-2
7f9e742dd000-7f9e742e1000 r-xs 00042000 08:11 181746                     /home/epsilon/NetBeansProjects/EpsilonUtils/trunk/dist/EpsilonYUtil.jar
7f9e742e1000-7f9e742e8000 r-xs 00000000 08:13 2803699                    /usr/lib/gconv/gconv-modules.cache
7f9e742e8000-7f9e742f0000 rwxs 00000000 08:13 377146                     /tmp/hsperfdata_epsilon/15549
7f9e742f0000-7f9e742f1000 rwxp 7f9e742f0000 00:00 0 
7f9e742f1000-7f9e742f2000 r-xp 7f9e742f1000 00:00 0 
7f9e742f2000-7f9e742f5000 rwxp 7f9e742f2000 00:00 0 
7f9e742f5000-7f9e742f6000 r-xp 0001f000 08:13 213006                     /lib/ld-2.9.so
7f9e742f6000-7f9e742f7000 rwxp 00020000 08:13 213006                     /lib/ld-2.9.so
7fff7c2e1000-7fff7c2f6000 rwxp 7ffffffea000 00:00 0                      [stack]
7fff7c3fe000-7fff7c3ff000 r-xp 7fff7c3fe000 00:00 0                      [vdso]
ffffffffff600000-ffffffffff601000 r-xp 00000000 00:00 0                  [vsyscall]

VM Arguments:
jvm_args: -Dawt.useSystemAAFontSettings=on 
java_command: net.epsilony.simpmeshfree.model.ModelTestFrame
Launcher Type: SUN_STANDARD

Environment Variables:
_JAVA_OPTIONS=-Dawt.useSystemAAFontSettings=on
PATH=/usr/local/sbin:/usr/local/bin:/usr/sbin:/usr/bin:/sbin:/bin:/usr/games
USERNAME=epsilon
LD_LIBRARY_PATH=/usr/lib/jvm/java-6-sun-1.6.0.13/jre/lib/amd64/server:/usr/lib/jvm/java-6-sun-1.6.0.13/jre/lib/amd64:/usr/lib/jvm/java-6-sun-1.6.0.13/jre/../lib/amd64
SHELL=/bin/bash
DISPLAY=:0.0

Signal Handlers:
SIGSEGV: [libjvm.so+0x5fcd20], sa_mask[0]=0x7ffbfeff, sa_flags=0x10000004
SIGBUS: [libjvm.so+0x5fcd20], sa_mask[0]=0x7ffbfeff, sa_flags=0x10000004
SIGFPE: [libjvm.so+0x4e0eb0], sa_mask[0]=0x7ffbfeff, sa_flags=0x10000004
SIGPIPE: [libjvm.so+0x4e0eb0], sa_mask[0]=0x7ffbfeff, sa_flags=0x10000004
SIGXFSZ: [libjvm.so+0x4e0eb0], sa_mask[0]=0x7ffbfeff, sa_flags=0x10000004
SIGILL: [libjvm.so+0x4e0eb0], sa_mask[0]=0x7ffbfeff, sa_flags=0x10000004
SIGUSR1: SIG_DFL, sa_mask[0]=0x00000000, sa_flags=0x00000000
SIGUSR2: [libjvm.so+0x4e35d0], sa_mask[0]=0x00000004, sa_flags=0x10000004
SIGHUP: [libjvm.so+0x4e3320], sa_mask[0]=0x7ffbfeff, sa_flags=0x10000004
SIGINT: SIG_IGN, sa_mask[0]=0x00000000, sa_flags=0x00000000
SIGTERM: [libjvm.so+0x4e3320], sa_mask[0]=0x7ffbfeff, sa_flags=0x10000004
SIGQUIT: [libjvm.so+0x4e3320], sa_mask[0]=0x7ffbfeff, sa_flags=0x10000004


---------------  S Y S T E M  ---------------

OS:5.0

uname:Linux 2.6.28-12-generic #43-Ubuntu SMP Fri May 1 19:31:32 UTC 2009 x86_64
libc:glibc 2.9 NPTL 2.9 
rlimit: STACK 8192k, CORE 0k, NPROC infinity, NOFILE 1024, AS infinity
load average:0.10 0.27 0.36

CPU:total 2 (2 cores per cpu, 1 threads per core) family 16 model 2 stepping 3, cmov, cx8, fxsr, mmx, sse, sse2, sse3, mmxext, 3dnow, 3dnowext, sse4a

Memory: 4k page, physical 5780180k(2664060k free), swap 3903752k(3851980k free)

vm_info: Java HotSpot(TM) 64-Bit Server VM (11.3-b02) for linux-amd64 JRE (1.6.0_13-b03), built on Mar  9 2009 11:08:22 by "java_re" with gcc 3.2.2 (SuSE Linux)

time: Mon May 18 21:10:38 2009
elapsed time: 0 seconds

