#
# An unexpected error has been detected by Java Runtime Environment:
#
#  SIGSEGV (0xb) at pc=0x00007fa7b897911b, pid=13302, tid=140356634851664
#
# Java VM: Java HotSpot(TM) 64-Bit Server VM (11.3-b02 mixed mode linux-amd64)
# Problematic frame:
# C  [libc.so.6+0x8411b]  memcpy+0x15b
#
# If you would like to submit a bug report, please visit:
#   http://java.sun.com/webapps/bugreport/crash.jsp
#

---------------  T H R E A D  ---------------

Current thread (0x00007fa74c002000):  JavaThread "AWT-EventQueue-0" [_thread_in_vm, id=13318, stack(0x00007fa7534cb000,0x00007fa7535cc000)]

siginfo:si_signo=SIGSEGV: si_errno=0, si_code=2 (SEGV_ACCERR), si_addr=0x00007fa74c18e000

Registers:
RAX=0x00007fa797a5c4f0, RBX=0x00007fa7565b12a0, RCX=0x0000000000000014, RDX=0x0000000000000e20
RSP=0x00007fa7535ca3d8, RBP=0x00007fa7535ca460, RSI=0x00007fa74c18e000, RDI=0x00007fa797a5d270
R8 =0x0000000000000ffc, R9 =0x00007fa7b87c55b8, R10=0x00007fa7b87c9028, R11=0x0000000000000e20
R12=0x0000000000000e20, R13=0x0000000000000000, R14=0x0000000041c97e68, R15=0x00007fa7535ca3f0
RIP=0x00007fa7b897911b, EFL=0x0000000000010212, CSGSFS=0x0000000000000033, ERR=0x0000000000000004
  TRAPNO=0x000000000000000e

Top of Stack: (sp=0x00007fa7535ca3d8)
0x00007fa7535ca3d8:   00007fa7b8321600 00007fa74c0021c0
0x00007fa7535ca3e8:   00007fa74c18d280 00007fa74c002000
0x00007fa7535ca3f8:   0000000000000000 00007fa74c002000
0x00007fa7535ca408:   0000000000000000 00007fa74c002000
0x00007fa7535ca418:   00007fa7535ca558 00007fa74c002000
0x00007fa7535ca428:   00007fa7b896f276 00007fa74c002000
0x00007fa7535ca438:   0000000041c97e68 00007fa74c03ab00
0x00007fa7535ca448:   00007fa74c041a90 00007fa7535ca558
0x00007fa7535ca458:   0000000041c97e10 00007fa74c0021c0
0x00007fa7535ca468:   00007fa7530a8486 00007fa74c06ece0
0x00007fa7535ca478:   0000000041c97e18 0000000041c97e20
0x00007fa7535ca488:   0000000041c97e28 0000000041c97e30
0x00007fa7535ca498:   00007fa7535ca4f8 0000000041c97e38
0x00007fa7535ca4a8:   0000000000000000 01010101009e3db8
0x00007fa7535ca4b8:   00007fa756fa8388 00007fa7535ca538
0x00007fa7535ca4c8:   0000000000000101 00007fa756fa8388
0x00007fa7535ca4d8:   00007fa7535ca558 00007fa74c002000
0x00007fa7535ca4e8:   00007fa7b3dc3852 00007fa7569eb520
0x00007fa7535ca4f8:   00007fa7535ca4f8 0000000000000000
0x00007fa7535ca508:   00007fa7535ca558 00007fa756fa8dc0
0x00007fa7535ca518:   0000000000000000 00007fa756fa8388
0x00007fa7535ca528:   0000000000000000 00007fa7535ca558
0x00007fa7535ca538:   00007fa7535ca5a0 00007fa7b3db8322
0x00007fa7535ca548:   0000000000000000 00007fa7b3dc0358
0x00007fa7535ca558:   00007fa797a4d728 00007fa7535ca560
0x00007fa7535ca568:   00007fa756fa6e65 00007fa7535ca5e8
0x00007fa7535ca578:   00007fa756fa8dc0 0000000000000000
0x00007fa7535ca588:   00007fa756fa6ef0 00007fa7535ca558
0x00007fa7535ca598:   00007fa7535ca5d8 00007fa7535ca630
0x00007fa7535ca5a8:   00007fa7b3db8322 0000000000000000
0x00007fa7535ca5b8:   00007fa797a5aa20 0000000000000000
0x00007fa7535ca5c8:   00007fa797a5aa08 00007fa797a5a670 

Instructions: (pc=0x00007fa7b897911b)
0x00007fa7b897910b:   0f 47 da 4c 89 d9 49 83 e3 f8 48 c1 e9 03 74 05
0x00007fa7b897911b:   f3 48 a5 66 90 4c 29 da 48 f7 c2 f8 ff ff ff 75 

Stack: [0x00007fa7534cb000,0x00007fa7535cc000],  sp=0x00007fa7535ca3d8,  free space=1020k
Native frames: (J=compiled Java code, j=interpreted, Vv=VM code, C=native code)
C  [libc.so.6+0x8411b]  memcpy+0x15b

Java frames: (J=compiled Java code, j=interpreted, Vv=VM code)
j  net.epsilony.simpmeshfree.model.geometry.TriangleJni.triangleFun()V+0
j  net.epsilony.simpmeshfree.model.geometry.TriangleJni.complie(Lnet/epsilony/simpmeshfree/model/geometry/GeometryModel;Ljava/lang/String;)V+141
j  net.epsilony.simpmeshfree.model.mechanics.MechanicsModel.generateQuadratureDomainsByTriangle(DDLjava/lang/String;)V+60
j  net.epsilony.simpmeshfree.model.ModelTestFrame.<init>()V+614
j  net.epsilony.simpmeshfree.model.ModelTestFrame$1.run()V+4
j  java.awt.event.InvocationEvent.dispatch()V+47
j  java.awt.EventQueue.dispatchEvent(Ljava/awt/AWTEvent;)V+26
j  java.awt.EventDispatchThread.pumpOneEventForFilters(I)Z+204
j  java.awt.EventDispatchThread.pumpEventsForFilter(ILjava/awt/Conditional;Ljava/awt/EventFilter;)V+30
j  java.awt.EventDispatchThread.pumpEventsForHierarchy(ILjava/awt/Conditional;Ljava/awt/Component;)V+11
j  java.awt.EventDispatchThread.pumpEvents(ILjava/awt/Conditional;)V+4
j  java.awt.EventDispatchThread.pumpEvents(Ljava/awt/Conditional;)V+3
j  java.awt.EventDispatchThread.run()V+9
v  ~StubRoutines::call_stub

---------------  P R O C E S S  ---------------

Java Threads: ( => current thread )
  0x00007fa74c034c00 JavaThread "Thread-3" [_thread_blocked, id=13320, stack(0x00007fa7532c9000,0x00007fa7533ca000)]
  0x00007fa74c013800 JavaThread "Thread-2" [_thread_blocked, id=13319, stack(0x00007fa7533ca000,0x00007fa7534cb000)]
  0x00007fa74c003400 JavaThread "DestroyJavaVM" [_thread_blocked, id=13303, stack(0x00007fa7b7c55000,0x00007fa7b7d56000)]
=>0x00007fa74c002000 JavaThread "AWT-EventQueue-0" [_thread_in_vm, id=13318, stack(0x00007fa7534cb000,0x00007fa7535cc000)]
  0x00007fa74c000c00 JavaThread "AWT-Shutdown" [_thread_blocked, id=13317, stack(0x00007fa7536da000,0x00007fa7537db000)]
  0x0000000041c97000 JavaThread "AWT-XAWT" daemon [_thread_in_native, id=13316, stack(0x00007fa7537db000,0x00007fa7538dc000)]
  0x0000000041bb3400 JavaThread "Java2D Disposer" daemon [_thread_blocked, id=13314, stack(0x00007fa753f10000,0x00007fa754011000)]
  0x0000000041a08800 JavaThread "Low Memory Detector" daemon [_thread_blocked, id=13312, stack(0x00007fa75554b000,0x00007fa75564c000)]
  0x0000000041a06000 JavaThread "CompilerThread1" daemon [_thread_in_native, id=13311, stack(0x00007fa75564c000,0x00007fa75574d000)]
  0x0000000041a02000 JavaThread "CompilerThread0" daemon [_thread_blocked, id=13310, stack(0x00007fa75574d000,0x00007fa75584e000)]
  0x0000000041a00000 JavaThread "Signal Dispatcher" daemon [_thread_blocked, id=13309, stack(0x00007fa75584e000,0x00007fa75594f000)]
  0x00000000419dec00 JavaThread "Finalizer" daemon [_thread_blocked, id=13308, stack(0x00007fa75598e000,0x00007fa755a8f000)]
  0x00000000419d7800 JavaThread "Reference Handler" daemon [_thread_blocked, id=13307, stack(0x00007fa755a8f000,0x00007fa755b90000)]

Other Threads:
  0x00000000419d2000 VMThread [stack: 0x00007fa755b90000,0x00007fa755c91000] [id=13306]
  0x0000000041a0ac00 WatcherThread [stack: 0x00007fa75544a000,0x00007fa75554b000] [id=13313]

VM state:not at safepoint (normal execution)

VM Mutex/Monitor currently owned by a thread: None

Heap
 PSYoungGen      total 26368K, used 19801K [0x00007fa796710000, 0x00007fa798470000, 0x00007fa7b3db0000)
  eden space 22656K, 87% used [0x00007fa796710000,0x00007fa797a666c0,0x00007fa797d30000)
  from space 3712K, 0% used [0x00007fa7980d0000,0x00007fa7980d0000,0x00007fa798470000)
  to   space 3712K, 0% used [0x00007fa797d30000,0x00007fa797d30000,0x00007fa7980d0000)
 PSOldGen        total 60288K, used 0K [0x00007fa75b9b0000, 0x00007fa75f490000, 0x00007fa796710000)
  object space 60288K, 0% used [0x00007fa75b9b0000,0x00007fa75b9b0000,0x00007fa75f490000)
 PSPermGen       total 21248K, used 10243K [0x00007fa7565b0000, 0x00007fa757a70000, 0x00007fa75b9b0000)
  object space 21248K, 48% used [0x00007fa7565b0000,0x00007fa756fb0de0,0x00007fa757a70000)

Dynamic libraries:
40000000-40009000 r-xp 00000000 08:13 3163089                            /usr/lib/jvm/java-6-sun-1.6.0.13/jre/bin/java
40108000-4010a000 rwxp 00008000 08:13 3163089                            /usr/lib/jvm/java-6-sun-1.6.0.13/jre/bin/java
41949000-42547000 rwxp 41949000 00:00 0                                  [heap]
7fa74c000000-7fa74c18e000 rwxp 7fa74c000000 00:00 0 
7fa74c18e000-7fa750000000 ---p 7fa74c18e000 00:00 0 
7fa752b7f000-7fa752b95000 r-xp 00000000 08:13 213005                     /lib/libgcc_s.so.1
7fa752b95000-7fa752d95000 ---p 00016000 08:13 213005                     /lib/libgcc_s.so.1
7fa752d95000-7fa752d96000 r-xp 00016000 08:13 213005                     /lib/libgcc_s.so.1
7fa752d96000-7fa752d97000 rwxp 00017000 08:13 213005                     /lib/libgcc_s.so.1
7fa752d97000-7fa752e88000 r-xp 00000000 08:13 2802601                    /usr/lib/libstdc++.so.6.0.10
7fa752e88000-7fa753088000 ---p 000f1000 08:13 2802601                    /usr/lib/libstdc++.so.6.0.10
7fa753088000-7fa75308f000 r-xp 000f1000 08:13 2802601                    /usr/lib/libstdc++.so.6.0.10
7fa75308f000-7fa753091000 rwxp 000f8000 08:13 2802601                    /usr/lib/libstdc++.so.6.0.10
7fa753091000-7fa7530a4000 rwxp 7fa753091000 00:00 0 
7fa7530a4000-7fa7530c8000 r-xp 00000000 08:13 1942103                    /usr/lib/TriangleJniAmd64.so
7fa7530c8000-7fa7532c7000 ---p 00024000 08:13 1942103                    /usr/lib/TriangleJniAmd64.so
7fa7532c7000-7fa7532c8000 r-xp 00023000 08:13 1942103                    /usr/lib/TriangleJniAmd64.so
7fa7532c8000-7fa7532c9000 rwxp 00024000 08:13 1942103                    /usr/lib/TriangleJniAmd64.so
7fa7532c9000-7fa7532cc000 ---p 7fa7532c9000 00:00 0 
7fa7532cc000-7fa7533ca000 rwxp 7fa7532cc000 00:00 0 
7fa7533ca000-7fa7533cd000 ---p 7fa7533ca000 00:00 0 
7fa7533cd000-7fa7534cb000 rwxp 7fa7533cd000 00:00 0 
7fa7534cb000-7fa7534ce000 ---p 7fa7534cb000 00:00 0 
7fa7534ce000-7fa7535cc000 rwxp 7fa7534ce000 00:00 0 
7fa7535cc000-7fa7535d5000 r-xs 00000000 08:13 3197464                    /var/cache/fontconfig/945677eb7aeaf62f1d50efc3fb3ec7d8-x86-64.cache-2
7fa7535d5000-7fa7535d7000 r-xs 00000000 08:13 3197468                    /var/cache/fontconfig/99e8ed0e538f840c565b6ed5dad60d56-x86-64.cache-2
7fa7535d7000-7fa7535da000 r-xs 00000000 08:13 3197466                    /var/cache/fontconfig/e383d7ea5fbe662a33d9b44caf393297-x86-64.cache-2
7fa7535da000-7fa7535de000 r-xs 00000000 08:13 3197459                    /var/cache/fontconfig/6eb3985aa4124903f6ff08ba781cd364-x86-64.cache-2
7fa7535de000-7fa7535df000 r-xs 00000000 08:13 3197445                    /var/cache/fontconfig/4c73fe0c47614734b17d736dbde7580a-x86-64.cache-2
7fa7535df000-7fa7535e3000 r-xs 00000000 08:13 3196573                    /var/cache/fontconfig/a755afe4a08bf5b97852ceb7400b47bc-x86-64.cache-2
7fa7535e3000-7fa7535ec000 r-xs 00000000 08:13 3197440                    /var/cache/fontconfig/6d41288fd70b0be22e8c3a91e032eec0-x86-64.cache-2
7fa7535ec000-7fa7535ef000 r-xs 00000000 08:13 3197439                    /var/cache/fontconfig/de156ccd2eddbdc19d37a45b8b2aac9c-x86-64.cache-2
7fa7535ef000-7fa7535fa000 r-xs 00000000 08:13 3197435                    /var/cache/fontconfig/e3de0de479f42330eadf588a55fb5bf4-x86-64.cache-2
7fa7535fa000-7fa753609000 r-xs 00000000 08:13 3197434                    /var/cache/fontconfig/0f34bcd4b6ee430af32735b75db7f02b-x86-64.cache-2
7fa753609000-7fa75360c000 r-xs 00000000 08:13 3197433                    /var/cache/fontconfig/ddd4086aec35a5275babba44bb759c3c-x86-64.cache-2
7fa75360c000-7fa75360d000 r-xs 00000000 08:13 3197424                    /var/cache/fontconfig/4794a0821666d79190d59a36cb4f44b5-x86-64.cache-2
7fa75360d000-7fa753616000 r-xs 00000000 08:13 3197417                    /var/cache/fontconfig/d52a8644073d54c13679302ca1180695-x86-64.cache-2
7fa7536da000-7fa7536dd000 ---p 7fa7536da000 00:00 0 
7fa7536dd000-7fa7537db000 rwxp 7fa7536dd000 00:00 0 
7fa7537db000-7fa7537de000 ---p 7fa7537db000 00:00 0 
7fa7537de000-7fa7538dc000 rwxp 7fa7537de000 00:00 0 
7fa7538dc000-7fa7538e1000 r-xp 00000000 08:13 2805390                    /usr/lib/libXfixes.so.3.1.0
7fa7538e1000-7fa753ae0000 ---p 00005000 08:13 2805390                    /usr/lib/libXfixes.so.3.1.0
7fa753ae0000-7fa753ae1000 rwxp 00004000 08:13 2805390                    /usr/lib/libXfixes.so.3.1.0
7fa753ae1000-7fa753aea000 r-xp 00000000 08:13 2805803                    /usr/lib/libXrender.so.1.3.0
7fa753aea000-7fa753ce9000 ---p 00009000 08:13 2805803                    /usr/lib/libXrender.so.1.3.0
7fa753ce9000-7fa753cea000 r-xp 00008000 08:13 2805803                    /usr/lib/libXrender.so.1.3.0
7fa753cea000-7fa753ceb000 rwxp 00009000 08:13 2805803                    /usr/lib/libXrender.so.1.3.0
7fa753ceb000-7fa753cf4000 r-xp 00000000 08:13 2805843                    /usr/lib/libXcursor.so.1.0.2
7fa753cf4000-7fa753ef4000 ---p 00009000 08:13 2805843                    /usr/lib/libXcursor.so.1.0.2
7fa753ef4000-7fa753ef5000 rwxp 00009000 08:13 2805843                    /usr/lib/libXcursor.so.1.0.2
7fa753f10000-7fa753f13000 ---p 7fa753f10000 00:00 0 
7fa753f13000-7fa754011000 rwxp 7fa753f13000 00:00 0 
7fa754011000-7fa75408f000 r-xp 00000000 08:13 3163204                    /usr/lib/jvm/java-6-sun-1.6.0.13/jre/lib/amd64/libfontmanager.so
7fa75408f000-7fa75418e000 ---p 0007e000 08:13 3163204                    /usr/lib/jvm/java-6-sun-1.6.0.13/jre/lib/amd64/libfontmanager.so
7fa75418e000-7fa7541a4000 rwxp 0007d000 08:13 3163204                    /usr/lib/jvm/java-6-sun-1.6.0.13/jre/lib/amd64/libfontmanager.so
7fa7541a4000-7fa7541b5000 rwxp 7fa7541a4000 00:00 0 
7fa7541b5000-7fa7541ba000 r-xp 00000000 08:13 2805384                    /usr/lib/libXdmcp.so.6.0.0
7fa7541ba000-7fa7543b9000 ---p 00005000 08:13 2805384                    /usr/lib/libXdmcp.so.6.0.0
7fa7543b9000-7fa7543ba000 rwxp 00004000 08:13 2805384                    /usr/lib/libXdmcp.so.6.0.0
7fa7543ba000-7fa7543d5000 r-xp 00000000 08:13 2805386                    /usr/lib/libxcb.so.1.1.0
7fa7543d5000-7fa7545d4000 ---p 0001b000 08:13 2805386                    /usr/lib/libxcb.so.1.1.0
7fa7545d4000-7fa7545d5000 r-xp 0001a000 08:13 2805386                    /usr/lib/libxcb.so.1.1.0
7fa7545d5000-7fa7545d6000 rwxp 0001b000 08:13 2805386                    /usr/lib/libxcb.so.1.1.0
7fa7545d6000-7fa7545d8000 r-xp 00000000 08:13 2805382                    /usr/lib/libXau.so.6.0.0
7fa7545d8000-7fa7547d7000 ---p 00002000 08:13 2805382                    /usr/lib/libXau.so.6.0.0
7fa7547d7000-7fa7547d8000 r-xp 00001000 08:13 2805382                    /usr/lib/libXau.so.6.0.0
7fa7547d8000-7fa7547d9000 rwxp 00002000 08:13 2805382                    /usr/lib/libXau.so.6.0.0
7fa7547d9000-7fa7547e2000 r-xp 00000000 08:13 2805586                    /usr/lib/libXi.so.6.0.0
7fa7547e2000-7fa7549e2000 ---p 00009000 08:13 2805586                    /usr/lib/libXi.so.6.0.0
7fa7549e2000-7fa7549e3000 r-xp 00009000 08:13 2805586                    /usr/lib/libXi.so.6.0.0
7fa7549e3000-7fa7549e4000 rwxp 0000a000 08:13 2805586                    /usr/lib/libXi.so.6.0.0
7fa7549e4000-7fa7549e9000 r-xp 00000000 08:13 2806834                    /usr/lib/libXtst.so.6.1.0
7fa7549e9000-7fa754be9000 ---p 00005000 08:13 2806834                    /usr/lib/libXtst.so.6.1.0
7fa754be9000-7fa754bea000 r-xp 00005000 08:13 2806834                    /usr/lib/libXtst.so.6.1.0
7fa754bea000-7fa754beb000 rwxp 00006000 08:13 2806834                    /usr/lib/libXtst.so.6.1.0
7fa754beb000-7fa754ced000 r-xp 00000000 08:13 2805388                    /usr/lib/libX11.so.6.2.0
7fa754ced000-7fa754eed000 ---p 00102000 08:13 2805388                    /usr/lib/libX11.so.6.2.0
7fa754eed000-7fa754eee000 r-xp 00102000 08:13 2805388                    /usr/lib/libX11.so.6.2.0
7fa754eee000-7fa754ef2000 rwxp 00103000 08:13 2805388                    /usr/lib/libX11.so.6.2.0
7fa754ef2000-7fa754f03000 r-xp 00000000 08:13 2805394                    /usr/lib/libXext.so.6.4.0
7fa754f03000-7fa755102000 ---p 00011000 08:13 2805394                    /usr/lib/libXext.so.6.4.0
7fa755102000-7fa755103000 r-xp 00010000 08:13 2805394                    /usr/lib/libXext.so.6.4.0
7fa755103000-7fa755104000 rwxp 00011000 08:13 2805394                    /usr/lib/libXext.so.6.4.0
7fa755105000-7fa755111000 r-xs 00000000 08:13 3197416                    /var/cache/fontconfig/089dead882dea3570ffc31a9898cfb69-x86-64.cache-2
7fa755111000-7fa755115000 r-xs 00000000 08:13 3197398                    /var/cache/fontconfig/cabbd14511b9e8a55e92af97fb3a0461-x86-64.cache-2
7fa755115000-7fa75511f000 r-xs 00000000 08:13 3195524                    /var/cache/fontconfig/e13b20fdb08344e0e664864cc2ede53d-x86-64.cache-2
7fa75511f000-7fa755160000 r-xp 00000000 08:13 3163194                    /usr/lib/jvm/java-6-sun-1.6.0.13/jre/lib/amd64/xawt/libmawt.so
7fa755160000-7fa75525f000 ---p 00041000 08:13 3163194                    /usr/lib/jvm/java-6-sun-1.6.0.13/jre/lib/amd64/xawt/libmawt.so
7fa75525f000-7fa75526b000 rwxp 00040000 08:13 3163194                    /usr/lib/jvm/java-6-sun-1.6.0.13/jre/lib/amd64/xawt/libmawt.so
7fa75526b000-7fa75526c000 rwxp 7fa75526b000 00:00 0 
7fa75526c000-7fa7552fe000 r-xp 00000000 08:13 3163239                    /usr/lib/jvm/java-6-sun-1.6.0.13/jre/lib/amd64/libawt.so
7fa7552fe000-7fa7553fd000 ---p 00092000 08:13 3163239                    /usr/lib/jvm/java-6-sun-1.6.0.13/jre/lib/amd64/libawt.so
7fa7553fd000-7fa755416000 rwxp 00091000 08:13 3163239                    /usr/lib/jvm/java-6-sun-1.6.0.13/jre/lib/amd64/libawt.so
7fa755416000-7fa75543b000 rwxp 7fa755416000 00:00 0 
7fa75543b000-7fa755442000 r-xs 00059000 08:11 1172178                    /home/epsilon/文档/4_java/javaTools/apache-log4j-1.2.15/log4j-1.2.15.jar
7fa755442000-7fa75544a000 r-xs 0004b000 08:11 162661                     /home/epsilon/文档/4_java/javaTools/commons-math-1.2/commons-math-1.2.jar
7fa75544a000-7fa75544b000 ---p 7fa75544a000 00:00 0 
7fa75544b000-7fa75554b000 rwxp 7fa75544b000 00:00 0 
7fa75554b000-7fa75554e000 ---p 7fa75554b000 00:00 0 
7fa75554e000-7fa75564c000 rwxp 7fa75554e000 00:00 0 
7fa75564c000-7fa75564f000 ---p 7fa75564c000 00:00 0 
7fa75564f000-7fa75574d000 rwxp 7fa75564f000 00:00 0 
7fa75574d000-7fa755750000 ---p 7fa75574d000 00:00 0 
7fa755750000-7fa75584e000 rwxp 7fa755750000 00:00 0 
7fa75584e000-7fa755851000 ---p 7fa75584e000 00:00 0 
7fa755851000-7fa75594f000 rwxp 7fa755851000 00:00 0 
7fa75594f000-7fa75598e000 r-xp 00000000 08:13 2827839                    /usr/lib/locale/zh_CN.utf8/LC_CTYPE
7fa75598e000-7fa755991000 ---p 7fa75598e000 00:00 0 
7fa755991000-7fa755a8f000 rwxp 7fa755991000 00:00 0 
7fa755a8f000-7fa755a92000 ---p 7fa755a8f000 00:00 0 
7fa755a92000-7fa755b90000 rwxp 7fa755a92000 00:00 0 
7fa755b90000-7fa755b91000 ---p 7fa755b90000 00:00 0 
7fa755b91000-7fa755d06000 rwxp 7fa755b91000 00:00 0 
7fa755d06000-7fa755e98000 r-xs 02f34000 08:13 2942580                    /usr/lib/jvm/java-6-sun-1.6.0.13/jre/lib/rt.jar
7fa755e98000-7fa755ec0000 rwxp 7fa755e98000 00:00 0 
7fa755ec0000-7fa755ec1000 ---p 7fa755ec0000 00:00 0 
7fa755ec1000-7fa755fc1000 rwxp 7fa755ec1000 00:00 0 
7fa755fc1000-7fa755fc2000 ---p 7fa755fc1000 00:00 0 
7fa755fc2000-7fa7560cd000 rwxp 7fa755fc2000 00:00 0 
7fa7560cd000-7fa7560ec000 rwxp 7fa7560cd000 00:00 0 
7fa7560ec000-7fa75610a000 rwxp 7fa7560ec000 00:00 0 
7fa75610a000-7fa7562c3000 rwxp 7fa75610a000 00:00 0 
7fa7562c3000-7fa7562ce000 rwxp 7fa7562c3000 00:00 0 
7fa7562ce000-7fa7562ed000 rwxp 7fa7562ce000 00:00 0 
7fa7562ed000-7fa75630b000 rwxp 7fa7562ed000 00:00 0 
7fa75630b000-7fa7564c3000 rwxp 7fa75630b000 00:00 0 
7fa7564c3000-7fa7564d3000 rwxp 7fa7564c3000 00:00 0 
7fa7564d3000-7fa7565af000 rwxp 7fa7564d3000 00:00 0 
7fa7565af000-7fa757a70000 rwxp 7fa7565af000 00:00 0 
7fa757a70000-7fa75b9b0000 rwxp 7fa757a70000 00:00 0 
7fa75b9b0000-7fa75f490000 rwxp 7fa75b9b0000 00:00 0 
7fa75f490000-7fa796710000 rwxp 7fa75f490000 00:00 0 
7fa796710000-7fa798470000 rwxp 7fa796710000 00:00 0 
7fa798470000-7fa7b3db0000 rwxp 7fa798470000 00:00 0 
7fa7b3db5000-7fa7b4025000 rwxp 7fa7b3db5000 00:00 0 
7fa7b4025000-7fa7b6db5000 rwxp 7fa7b4025000 00:00 0 
7fa7b6db5000-7fa7b6dc3000 r-xp 00000000 08:13 3163206                    /usr/lib/jvm/java-6-sun-1.6.0.13/jre/lib/amd64/libzip.so
7fa7b6dc3000-7fa7b6ec5000 ---p 0000e000 08:13 3163206                    /usr/lib/jvm/java-6-sun-1.6.0.13/jre/lib/amd64/libzip.so
7fa7b6ec5000-7fa7b6ec8000 rwxp 00010000 08:13 3163206                    /usr/lib/jvm/java-6-sun-1.6.0.13/jre/lib/amd64/libzip.so
7fa7b6ec8000-7fa7b6ec9000 rwxp 7fa7b6ec8000 00:00 0 
7fa7b6ec9000-7fa7b6ef2000 r-xp 00000000 08:13 3163219                    /usr/lib/jvm/java-6-sun-1.6.0.13/jre/lib/amd64/libjava.so
7fa7b6ef2000-7fa7b6ff1000 ---p 00029000 08:13 3163219                    /usr/lib/jvm/java-6-sun-1.6.0.13/jre/lib/amd64/libjava.so
7fa7b6ff1000-7fa7b6ff8000 rwxp 00028000 08:13 3163219                    /usr/lib/jvm/java-6-sun-1.6.0.13/jre/lib/amd64/libjava.so
7fa7b6ff8000-7fa7b7005000 r-xp 00000000 08:13 3163201                    /usr/lib/jvm/java-6-sun-1.6.0.13/jre/lib/amd64/libverify.so
7fa7b7005000-7fa7b7104000 ---p 0000d000 08:13 3163201                    /usr/lib/jvm/java-6-sun-1.6.0.13/jre/lib/amd64/libverify.so
7fa7b7104000-7fa7b7107000 rwxp 0000c000 08:13 3163201                    /usr/lib/jvm/java-6-sun-1.6.0.13/jre/lib/amd64/libverify.so
7fa7b7107000-7fa7b7113000 r-xp 00000000 08:13 213021                     /lib/libnss_files-2.9.so
7fa7b7113000-7fa7b7312000 ---p 0000c000 08:13 213021                     /lib/libnss_files-2.9.so
7fa7b7312000-7fa7b7313000 r-xp 0000b000 08:13 213021                     /lib/libnss_files-2.9.so
7fa7b7313000-7fa7b7314000 rwxp 0000c000 08:13 213021                     /lib/libnss_files-2.9.so
7fa7b7314000-7fa7b731e000 r-xp 00000000 08:13 213023                     /lib/libnss_nis-2.9.so
7fa7b731e000-7fa7b751d000 ---p 0000a000 08:13 213023                     /lib/libnss_nis-2.9.so
7fa7b751d000-7fa7b751e000 r-xp 00009000 08:13 213023                     /lib/libnss_nis-2.9.so
7fa7b751e000-7fa7b751f000 rwxp 0000a000 08:13 213023                     /lib/libnss_nis-2.9.so
7fa7b751f000-7fa7b7527000 r-xp 00000000 08:13 213019                     /lib/libnss_compat-2.9.so
7fa7b7527000-7fa7b7726000 ---p 00008000 08:13 213019                     /lib/libnss_compat-2.9.so
7fa7b7726000-7fa7b7727000 r-xp 00007000 08:13 213019                     /lib/libnss_compat-2.9.so
7fa7b7727000-7fa7b7728000 rwxp 00008000 08:13 213019                     /lib/libnss_compat-2.9.so
7fa7b7728000-7fa7b773e000 r-xp 00000000 08:13 213018                     /lib/libnsl-2.9.so
7fa7b773e000-7fa7b793e000 ---p 00016000 08:13 213018                     /lib/libnsl-2.9.so
7fa7b793e000-7fa7b793f000 r-xp 00016000 08:13 213018                     /lib/libnsl-2.9.so
7fa7b793f000-7fa7b7940000 rwxp 00017000 08:13 213018                     /lib/libnsl-2.9.so
7fa7b7940000-7fa7b7942000 rwxp 7fa7b7940000 00:00 0 
7fa7b7942000-7fa7b7949000 r-xp 00000000 08:13 3163208                    /usr/lib/jvm/java-6-sun-1.6.0.13/jre/lib/amd64/native_threads/libhpi.so
7fa7b7949000-7fa7b7a4a000 ---p 00007000 08:13 3163208                    /usr/lib/jvm/java-6-sun-1.6.0.13/jre/lib/amd64/native_threads/libhpi.so
7fa7b7a4a000-7fa7b7a4c000 rwxp 00008000 08:13 3163208                    /usr/lib/jvm/java-6-sun-1.6.0.13/jre/lib/amd64/native_threads/libhpi.so
7fa7b7a4c000-7fa7b7a4d000 rwxp 7fa7b7a4c000 00:00 0 
7fa7b7a4d000-7fa7b7a54000 r-xp 00000000 08:13 213028                     /lib/librt-2.9.so
7fa7b7a54000-7fa7b7c53000 ---p 00007000 08:13 213028                     /lib/librt-2.9.so
7fa7b7c53000-7fa7b7c54000 r-xp 00006000 08:13 213028                     /lib/librt-2.9.so
7fa7b7c54000-7fa7b7c55000 rwxp 00007000 08:13 213028                     /lib/librt-2.9.so
7fa7b7c55000-7fa7b7c58000 ---p 7fa7b7c55000 00:00 0 
7fa7b7c58000-7fa7b7d56000 rwxp 7fa7b7c58000 00:00 0 
7fa7b7d56000-7fa7b7dda000 r-xp 00000000 08:13 213016                     /lib/libm-2.9.so
7fa7b7dda000-7fa7b7fd9000 ---p 00084000 08:13 213016                     /lib/libm-2.9.so
7fa7b7fd9000-7fa7b7fda000 r-xp 00083000 08:13 213016                     /lib/libm-2.9.so
7fa7b7fda000-7fa7b7fdb000 rwxp 00084000 08:13 213016                     /lib/libm-2.9.so
7fa7b7fdb000-7fa7b8668000 r-xp 00000000 08:13 3163226                    /usr/lib/jvm/java-6-sun-1.6.0.13/jre/lib/amd64/server/libjvm.so
7fa7b8668000-7fa7b8767000 ---p 0068d000 08:13 3163226                    /usr/lib/jvm/java-6-sun-1.6.0.13/jre/lib/amd64/server/libjvm.so
7fa7b8767000-7fa7b88b8000 rwxp 0068c000 08:13 3163226                    /usr/lib/jvm/java-6-sun-1.6.0.13/jre/lib/amd64/server/libjvm.so
7fa7b88b8000-7fa7b88f5000 rwxp 7fa7b88b8000 00:00 0 
7fa7b88f5000-7fa7b8a5d000 r-xp 00000000 08:13 213012                     /lib/libc-2.9.so
7fa7b8a5d000-7fa7b8c5d000 ---p 00168000 08:13 213012                     /lib/libc-2.9.so
7fa7b8c5d000-7fa7b8c61000 r-xp 00168000 08:13 213012                     /lib/libc-2.9.so
7fa7b8c61000-7fa7b8c62000 rwxp 0016c000 08:13 213012                     /lib/libc-2.9.so
7fa7b8c62000-7fa7b8c67000 rwxp 7fa7b8c62000 00:00 0 
7fa7b8c67000-7fa7b8c69000 r-xp 00000000 08:13 213015                     /lib/libdl-2.9.so
7fa7b8c69000-7fa7b8e69000 ---p 00002000 08:13 213015                     /lib/libdl-2.9.so
7fa7b8e69000-7fa7b8e6a000 r-xp 00002000 08:13 213015                     /lib/libdl-2.9.so
7fa7b8e6a000-7fa7b8e6b000 rwxp 00003000 08:13 213015                     /lib/libdl-2.9.so
7fa7b8e6b000-7fa7b8e82000 r-xp 00000000 08:13 213026                     /lib/libpthread-2.9.so
7fa7b8e82000-7fa7b9081000 ---p 00017000 08:13 213026                     /lib/libpthread-2.9.so
7fa7b9081000-7fa7b9082000 r-xp 00016000 08:13 213026                     /lib/libpthread-2.9.so
7fa7b9082000-7fa7b9083000 rwxp 00017000 08:13 213026                     /lib/libpthread-2.9.so
7fa7b9083000-7fa7b9087000 rwxp 7fa7b9083000 00:00 0 
7fa7b9087000-7fa7b90a7000 r-xp 00000000 08:13 213006                     /lib/ld-2.9.so
7fa7b90ad000-7fa7b90bb000 r-xs 000ba000 08:11 422677                     /home/epsilon/文档/4_java/javaTools/mtj.jar
7fa7b90bb000-7fa7b90c5000 rwxp 7fa7b90bb000 00:00 0 
7fa7b90c5000-7fa7b917b000 rwxp 7fa7b90c5000 00:00 0 
7fa7b917b000-7fa7b917d000 rwxp 7fa7b917b000 00:00 0 
7fa7b917d000-7fa7b9184000 r-xp 00000000 08:13 3163192                    /usr/lib/jvm/java-6-sun-1.6.0.13/jre/lib/amd64/jli/libjli.so
7fa7b9184000-7fa7b9285000 ---p 00007000 08:13 3163192                    /usr/lib/jvm/java-6-sun-1.6.0.13/jre/lib/amd64/jli/libjli.so
7fa7b9285000-7fa7b9287000 rwxp 00008000 08:13 3163192                    /usr/lib/jvm/java-6-sun-1.6.0.13/jre/lib/amd64/jli/libjli.so
7fa7b9287000-7fa7b9288000 rwxp 7fa7b9287000 00:00 0 
7fa7b9288000-7fa7b928b000 r-xs 000cb000 08:13 3162696                    /usr/lib/jvm/java-6-sun-1.6.0.13/jre/lib/ext/localedata.jar
7fa7b928b000-7fa7b928e000 r-xs 00000000 08:13 3196574                    /var/cache/fontconfig/7ef2298fde41cc6eeb7af42e48b7d293-x86-64.cache-2
7fa7b928e000-7fa7b9292000 r-xs 00042000 08:11 181747                     /home/epsilon/NetBeansProjects/EpsilonUtils/trunk/dist/EpsilonYUtil.jar
7fa7b9292000-7fa7b9299000 r-xs 00000000 08:13 2803699                    /usr/lib/gconv/gconv-modules.cache
7fa7b9299000-7fa7b92a1000 rwxs 00000000 08:13 377139                     /tmp/hsperfdata_epsilon/13302
7fa7b92a1000-7fa7b92a2000 rwxp 7fa7b92a1000 00:00 0 
7fa7b92a2000-7fa7b92a3000 r-xp 7fa7b92a2000 00:00 0 
7fa7b92a3000-7fa7b92a6000 rwxp 7fa7b92a3000 00:00 0 
7fa7b92a6000-7fa7b92a7000 r-xp 0001f000 08:13 213006                     /lib/ld-2.9.so
7fa7b92a7000-7fa7b92a8000 rwxp 00020000 08:13 213006                     /lib/ld-2.9.so
7fffc1293000-7fffc12a8000 rwxp 7ffffffea000 00:00 0                      [stack]
7fffc13ff000-7fffc1400000 r-xp 7fffc13ff000 00:00 0                      [vdso]
ffffffffff600000-ffffffffff601000 r-xp 00000000 00:00 0                  [vsyscall]

VM Arguments:
jvm_args: -Dawt.useSystemAAFontSettings=on 
java_command: net.epsilony.simpmeshfree.model.ModelTestFrame
Launcher Type: SUN_STANDARD

Environment Variables:
_JAVA_OPTIONS=-Dawt.useSystemAAFontSettings=on
PATH=/usr/local/sbin:/usr/local/bin:/usr/sbin:/usr/bin:/sbin:/bin:/usr/games
USERNAME=epsilon
LD_LIBRARY_PATH=/usr/lib/jvm/java-6-sun-1.6.0.13/jre/lib/amd64/server:/usr/lib/jvm/java-6-sun-1.6.0.13/jre/lib/amd64:/usr/lib/jvm/java-6-sun-1.6.0.13/jre/../lib/amd64
SHELL=/bin/bash
DISPLAY=:0.0

Signal Handlers:
SIGSEGV: [libjvm.so+0x5fcd20], sa_mask[0]=0x7ffbfeff, sa_flags=0x10000004
SIGBUS: [libjvm.so+0x5fcd20], sa_mask[0]=0x7ffbfeff, sa_flags=0x10000004
SIGFPE: [libjvm.so+0x4e0eb0], sa_mask[0]=0x7ffbfeff, sa_flags=0x10000004
SIGPIPE: [libjvm.so+0x4e0eb0], sa_mask[0]=0x7ffbfeff, sa_flags=0x10000004
SIGXFSZ: [libjvm.so+0x4e0eb0], sa_mask[0]=0x7ffbfeff, sa_flags=0x10000004
SIGILL: [libjvm.so+0x4e0eb0], sa_mask[0]=0x7ffbfeff, sa_flags=0x10000004
SIGUSR1: SIG_DFL, sa_mask[0]=0x00000000, sa_flags=0x00000000
SIGUSR2: [libjvm.so+0x4e35d0], sa_mask[0]=0x00000004, sa_flags=0x10000004
SIGHUP: [libjvm.so+0x4e3320], sa_mask[0]=0x7ffbfeff, sa_flags=0x10000004
SIGINT: SIG_IGN, sa_mask[0]=0x00000000, sa_flags=0x00000000
SIGTERM: [libjvm.so+0x4e3320], sa_mask[0]=0x7ffbfeff, sa_flags=0x10000004
SIGQUIT: [libjvm.so+0x4e3320], sa_mask[0]=0x7ffbfeff, sa_flags=0x10000004


---------------  S Y S T E M  ---------------

OS:5.0

uname:Linux 2.6.28-12-generic #43-Ubuntu SMP Fri May 1 19:31:32 UTC 2009 x86_64
libc:glibc 2.9 NPTL 2.9 
rlimit: STACK 8192k, CORE 0k, NPROC infinity, NOFILE 1024, AS infinity
load average:0.07 0.16 0.21

CPU:total 2 (2 cores per cpu, 1 threads per core) family 16 model 2 stepping 3, cmov, cx8, fxsr, mmx, sse, sse2, sse3, mmxext, 3dnow, 3dnowext, sse4a

Memory: 4k page, physical 5780180k(3200368k free), swap 3903752k(3865604k free)

vm_info: Java HotSpot(TM) 64-Bit Server VM (11.3-b02) for linux-amd64 JRE (1.6.0_13-b03), built on Mar  9 2009 11:08:22 by "java_re" with gcc 3.2.2 (SuSE Linux)

time: Mon May 18 12:24:23 2009
elapsed time: 1 seconds

