#
# An unexpected error has been detected by Java Runtime Environment:
#
#  SIGSEGV (0xb) at pc=0x00007f26007a211b, pid=2795, tid=139799495178576
#
# Java VM: Java HotSpot(TM) 64-Bit Server VM (11.3-b02 mixed mode linux-amd64)
# Problematic frame:
# C  [libc.so.6+0x8411b]  memcpy+0x15b
#
# If you would like to submit a bug report, please visit:
#   http://java.sun.com/webapps/bugreport/crash.jsp
#

---------------  T H R E A D  ---------------

Current thread (0x000000004200b800):  JavaThread "AWT-EventQueue-0" [_thread_in_vm, id=2815, stack(0x00007f259b2ff000,0x00007f259b400000)]

siginfo:si_signo=SIGSEGV: si_errno=0, si_code=2 (SEGV_ACCERR), si_addr=0x00007f25940b8000

Registers:
RAX=0x00007f25ded93ec0, RBX=0x00007f259e3d12a0, RCX=0x0000000000000098, RDX=0x0000000000004540
RSP=0x00007f259b3fe238, RBP=0x00007f259b3fe2c0, RSI=0x00007f25940b8000, RDI=0x00007f25ded97f40
R8 =0x0000000000000ffc, R9 =0x00007f26005ee5b8, R10=0x00007f26005f2028, R11=0x0000000000004540
R12=0x0000000000004540, R13=0x0000000000000000, R14=0x000000004200c940, R15=0x00007f259b3fe250
RIP=0x00007f26007a211b, EFL=0x0000000000010212, CSGSFS=0x0000000000000033, ERR=0x0000000000000004
  TRAPNO=0x000000000000000e

Top of Stack: (sp=0x00007f259b3fe238)
0x00007f259b3fe238:   00007f260014a600 000000004200b9c0
0x00007f259b3fe248:   00007f25940b3f80 000000004200b800
0x00007f259b3fe258:   0000000000000000 000000004200b800
0x00007f259b3fe268:   0000000000000000 000000004200b800
0x00007f259b3fe278:   00007f259b3fe3b8 000000004200b800
0x00007f259b3fe288:   00007f2600798276 000000004200b800
0x00007f259b3fe298:   000000004200c940 00007f2594006240
0x00007f259b3fe2a8:   00007f2594008150 00007f259b3fe3b8
0x00007f259b3fe2b8:   000000004200c8e0 000000004200b9c0
0x00007f259b3fe2c8:   00007f259aedc486 00007f25940080a0
0x00007f259b3fe2d8:   000000004200c8e8 000000004200c8f0
0x00007f259b3fe2e8:   000000004200c8f8 000000004200c900
0x00007f259b3fe2f8:   000000004200c908 000000004200c910
0x00007f259b3fe308:   0000000041eebf10 010101010100b800
0x00007f259b3fe318:   00007f259edcebd0 00007f259b3fe398
0x00007f259b3fe328:   0000000000000101 00007f259edcebd0
0x00007f259b3fe338:   00007f259b3fe3b8 000000004200b800
0x00007f259b3fe348:   00007f25fbbec852 000000004200b800
0x00007f259b3fe358:   00007f259b3fe358 00007f259edcebd0
0x00007f259b3fe368:   00007f259b3fe3b8 00007f259edcf608
0x00007f259b3fe378:   0000000000000000 00007f259edcebd0
0x00007f259b3fe388:   0000000000000000 00007f259b3fe3b8
0x00007f259b3fe398:   00007f259b3fe400 00007f25fbbe1322
0x00007f259b3fe3a8:   0000000000000000 00007f25fbbe9358
0x00007f259b3fe3b8:   00007f25ded5c530 00007f259b3fe3c0
0x00007f259b3fe3c8:   00007f259edcd6ad 00007f259b3fe448
0x00007f259b3fe3d8:   00007f259edcf608 0000000000000000
0x00007f259b3fe3e8:   00007f259edcd738 00007f259b3fe3b8
0x00007f259b3fe3f8:   00007f259b3fe438 00007f259b3fe490
0x00007f259b3fe408:   00007f25fbbe1322 00007f25ded8c658
0x00007f259b3fe418:   00007f25ded8ca48 0000000000000002
0x00007f259b3fe428:   00007f25ded8ca10 00007f25ded8b558 

Instructions: (pc=0x00007f26007a211b)
0x00007f26007a210b:   0f 47 da 4c 89 d9 49 83 e3 f8 48 c1 e9 03 74 05
0x00007f26007a211b:   f3 48 a5 66 90 4c 29 da 48 f7 c2 f8 ff ff ff 75 

Stack: [0x00007f259b2ff000,0x00007f259b400000],  sp=0x00007f259b3fe238,  free space=1020k
Native frames: (J=compiled Java code, j=interpreted, Vv=VM code, C=native code)
C  [libc.so.6+0x8411b]  memcpy+0x15b

Java frames: (J=compiled Java code, j=interpreted, Vv=VM code)
j  net.epsilony.simpmeshfree.model.geometry.TriangleJni.triangleFun()V+0
j  net.epsilony.simpmeshfree.model.geometry.TriangleJni.complie(Lnet/epsilony/simpmeshfree/model/geometry/GeometryModel;Ljava/lang/String;)V+141
j  net.epsilony.simpmeshfree.model.mechanics.MechanicsModel.generateNodesByTriangle(DDLjava/lang/String;ZZ)V+110
j  net.epsilony.simpmeshfree.model.ModelTestFrame.<init>()V+659
j  net.epsilony.simpmeshfree.model.ModelTestFrame$1.run()V+4
j  java.awt.event.InvocationEvent.dispatch()V+47
j  java.awt.EventQueue.dispatchEvent(Ljava/awt/AWTEvent;)V+26
j  java.awt.EventDispatchThread.pumpOneEventForFilters(I)Z+204
j  java.awt.EventDispatchThread.pumpEventsForFilter(ILjava/awt/Conditional;Ljava/awt/EventFilter;)V+30
j  java.awt.EventDispatchThread.pumpEventsForHierarchy(ILjava/awt/Conditional;Ljava/awt/Component;)V+11
j  java.awt.EventDispatchThread.pumpEvents(ILjava/awt/Conditional;)V+4
j  java.awt.EventDispatchThread.pumpEvents(Ljava/awt/Conditional;)V+3
j  java.awt.EventDispatchThread.run()V+9
v  ~StubRoutines::call_stub

---------------  P R O C E S S  ---------------

Java Threads: ( => current thread )
  0x00007f2594005000 JavaThread "Thread-3" [_thread_blocked, id=2817, stack(0x00007f259b0fd000,0x00007f259b1fe000)]
  0x00007f2594003c00 JavaThread "Thread-2" [_thread_blocked, id=2816, stack(0x00007f259b1fe000,0x00007f259b2ff000)]
  0x0000000041b09000 JavaThread "DestroyJavaVM" [_thread_blocked, id=2796, stack(0x00007f25ffa7e000,0x00007f25ffb7f000)]
=>0x000000004200b800 JavaThread "AWT-EventQueue-0" [_thread_in_vm, id=2815, stack(0x00007f259b2ff000,0x00007f259b400000)]
  0x0000000041eeac00 JavaThread "AWT-Shutdown" [_thread_blocked, id=2814, stack(0x00007f259b502000,0x00007f259b603000)]
  0x0000000041eea000 JavaThread "AWT-XAWT" daemon [_thread_in_native, id=2813, stack(0x00007f259b603000,0x00007f259b704000)]
  0x0000000041d41000 JavaThread "Java2D Disposer" daemon [_thread_blocked, id=2809, stack(0x00007f259bd38000,0x00007f259be39000)]
  0x0000000041bc0800 JavaThread "Low Memory Detector" daemon [_thread_blocked, id=2805, stack(0x00007f259d36b000,0x00007f259d46c000)]
  0x0000000041bbe000 JavaThread "CompilerThread1" daemon [_thread_in_native, id=2804, stack(0x00007f259d46c000,0x00007f259d56d000)]
  0x0000000041bba000 JavaThread "CompilerThread0" daemon [_thread_blocked, id=2803, stack(0x00007f259d56d000,0x00007f259d66e000)]
  0x0000000041bb8000 JavaThread "Signal Dispatcher" daemon [_thread_blocked, id=2802, stack(0x00007f259d66e000,0x00007f259d76f000)]
  0x0000000041b96c00 JavaThread "Finalizer" daemon [_thread_blocked, id=2801, stack(0x00007f259d7ae000,0x00007f259d8af000)]
  0x0000000041b8f800 JavaThread "Reference Handler" daemon [_thread_blocked, id=2800, stack(0x00007f259d8af000,0x00007f259d9b0000)]

Other Threads:
  0x0000000041b8a000 VMThread [stack: 0x00007f259d9b0000,0x00007f259dab1000] [id=2799]
  0x0000000041bc2c00 WatcherThread [stack: 0x00007f259d26a000,0x00007f259d36b000] [id=2806]

VM state:not at safepoint (normal execution)

VM Mutex/Monitor currently owned by a thread: None

Heap
 PSYoungGen      total 26368K, used 19326K [0x00007f25de530000, 0x00007f25e0290000, 0x00007f25fbbd0000)
  eden space 22656K, 85% used [0x00007f25de530000,0x00007f25df80fbf8,0x00007f25dfb50000)
  from space 3712K, 0% used [0x00007f25dfef0000,0x00007f25dfef0000,0x00007f25e0290000)
  to   space 3712K, 0% used [0x00007f25dfb50000,0x00007f25dfb50000,0x00007f25dfef0000)
 PSOldGen        total 60288K, used 0K [0x00007f25a37d0000, 0x00007f25a72b0000, 0x00007f25de530000)
  object space 60288K, 0% used [0x00007f25a37d0000,0x00007f25a37d0000,0x00007f25a72b0000)
 PSPermGen       total 21248K, used 10262K [0x00007f259e3d0000, 0x00007f259f890000, 0x00007f25a37d0000)
  object space 21248K, 48% used [0x00007f259e3d0000,0x00007f259edd58e8,0x00007f259f890000)

Dynamic libraries:
40000000-40009000 r-xp 00000000 08:13 3163089                            /usr/lib/jvm/java-6-sun-1.6.0.13/jre/bin/java
40108000-4010a000 rwxp 00008000 08:13 3163089                            /usr/lib/jvm/java-6-sun-1.6.0.13/jre/bin/java
41b01000-42d94000 rwxp 41b01000 00:00 0                                  [heap]
7f2594000000-7f25940b8000 rwxp 7f2594000000 00:00 0 
7f25940b8000-7f2598000000 ---p 7f25940b8000 00:00 0 
7f259a9b3000-7f259a9c9000 r-xp 00000000 08:13 213005                     /lib/libgcc_s.so.1
7f259a9c9000-7f259abc9000 ---p 00016000 08:13 213005                     /lib/libgcc_s.so.1
7f259abc9000-7f259abca000 r-xp 00016000 08:13 213005                     /lib/libgcc_s.so.1
7f259abca000-7f259abcb000 rwxp 00017000 08:13 213005                     /lib/libgcc_s.so.1
7f259abcb000-7f259acbc000 r-xp 00000000 08:13 2802601                    /usr/lib/libstdc++.so.6.0.10
7f259acbc000-7f259aebc000 ---p 000f1000 08:13 2802601                    /usr/lib/libstdc++.so.6.0.10
7f259aebc000-7f259aec3000 r-xp 000f1000 08:13 2802601                    /usr/lib/libstdc++.so.6.0.10
7f259aec3000-7f259aec5000 rwxp 000f8000 08:13 2802601                    /usr/lib/libstdc++.so.6.0.10
7f259aec5000-7f259aed8000 rwxp 7f259aec5000 00:00 0 
7f259aed8000-7f259aefc000 r-xp 00000000 08:13 1942103                    /usr/lib/TriangleJniAmd64.so
7f259aefc000-7f259b0fb000 ---p 00024000 08:13 1942103                    /usr/lib/TriangleJniAmd64.so
7f259b0fb000-7f259b0fc000 r-xp 00023000 08:13 1942103                    /usr/lib/TriangleJniAmd64.so
7f259b0fc000-7f259b0fd000 rwxp 00024000 08:13 1942103                    /usr/lib/TriangleJniAmd64.so
7f259b0fd000-7f259b100000 ---p 7f259b0fd000 00:00 0 
7f259b100000-7f259b1fe000 rwxp 7f259b100000 00:00 0 
7f259b1fe000-7f259b201000 ---p 7f259b1fe000 00:00 0 
7f259b201000-7f259b2ff000 rwxp 7f259b201000 00:00 0 
7f259b2ff000-7f259b302000 ---p 7f259b2ff000 00:00 0 
7f259b302000-7f259b400000 rwxp 7f259b302000 00:00 0 
7f259b400000-7f259b409000 r-xs 00000000 08:13 3197464                    /var/cache/fontconfig/945677eb7aeaf62f1d50efc3fb3ec7d8-x86-64.cache-2
7f259b409000-7f259b40b000 r-xs 00000000 08:13 3197468                    /var/cache/fontconfig/99e8ed0e538f840c565b6ed5dad60d56-x86-64.cache-2
7f259b40b000-7f259b40e000 r-xs 00000000 08:13 3197466                    /var/cache/fontconfig/e383d7ea5fbe662a33d9b44caf393297-x86-64.cache-2
7f259b40e000-7f259b412000 r-xs 00000000 08:13 3196573                    /var/cache/fontconfig/a755afe4a08bf5b97852ceb7400b47bc-x86-64.cache-2
7f259b412000-7f259b41b000 r-xs 00000000 08:13 3197440                    /var/cache/fontconfig/6d41288fd70b0be22e8c3a91e032eec0-x86-64.cache-2
7f259b41b000-7f259b426000 r-xs 00000000 08:13 3197435                    /var/cache/fontconfig/e3de0de479f42330eadf588a55fb5bf4-x86-64.cache-2
7f259b426000-7f259b435000 r-xs 00000000 08:13 3197434                    /var/cache/fontconfig/0f34bcd4b6ee430af32735b75db7f02b-x86-64.cache-2
7f259b435000-7f259b43e000 r-xs 00000000 08:13 3197417                    /var/cache/fontconfig/d52a8644073d54c13679302ca1180695-x86-64.cache-2
7f259b502000-7f259b505000 ---p 7f259b502000 00:00 0 
7f259b505000-7f259b603000 rwxp 7f259b505000 00:00 0 
7f259b603000-7f259b606000 ---p 7f259b603000 00:00 0 
7f259b606000-7f259b704000 rwxp 7f259b606000 00:00 0 
7f259b704000-7f259b709000 r-xp 00000000 08:13 2805390                    /usr/lib/libXfixes.so.3.1.0
7f259b709000-7f259b908000 ---p 00005000 08:13 2805390                    /usr/lib/libXfixes.so.3.1.0
7f259b908000-7f259b909000 rwxp 00004000 08:13 2805390                    /usr/lib/libXfixes.so.3.1.0
7f259b909000-7f259b912000 r-xp 00000000 08:13 2805803                    /usr/lib/libXrender.so.1.3.0
7f259b912000-7f259bb11000 ---p 00009000 08:13 2805803                    /usr/lib/libXrender.so.1.3.0
7f259bb11000-7f259bb12000 r-xp 00008000 08:13 2805803                    /usr/lib/libXrender.so.1.3.0
7f259bb12000-7f259bb13000 rwxp 00009000 08:13 2805803                    /usr/lib/libXrender.so.1.3.0
7f259bb13000-7f259bb1c000 r-xp 00000000 08:13 2805843                    /usr/lib/libXcursor.so.1.0.2
7f259bb1c000-7f259bd1c000 ---p 00009000 08:13 2805843                    /usr/lib/libXcursor.so.1.0.2
7f259bd1c000-7f259bd1d000 rwxp 00009000 08:13 2805843                    /usr/lib/libXcursor.so.1.0.2
7f259bd35000-7f259bd38000 r-xs 000cb000 08:13 3162696                    /usr/lib/jvm/java-6-sun-1.6.0.13/jre/lib/ext/localedata.jar
7f259bd38000-7f259bd3b000 ---p 7f259bd38000 00:00 0 
7f259bd3b000-7f259be39000 rwxp 7f259bd3b000 00:00 0 
7f259be39000-7f259beb7000 r-xp 00000000 08:13 3163204                    /usr/lib/jvm/java-6-sun-1.6.0.13/jre/lib/amd64/libfontmanager.so
7f259beb7000-7f259bfb6000 ---p 0007e000 08:13 3163204                    /usr/lib/jvm/java-6-sun-1.6.0.13/jre/lib/amd64/libfontmanager.so
7f259bfb6000-7f259bfcc000 rwxp 0007d000 08:13 3163204                    /usr/lib/jvm/java-6-sun-1.6.0.13/jre/lib/amd64/libfontmanager.so
7f259bfcc000-7f259bfdd000 rwxp 7f259bfcc000 00:00 0 
7f259bfdd000-7f259bfe2000 r-xp 00000000 08:13 2805384                    /usr/lib/libXdmcp.so.6.0.0
7f259bfe2000-7f259c1e1000 ---p 00005000 08:13 2805384                    /usr/lib/libXdmcp.so.6.0.0
7f259c1e1000-7f259c1e2000 rwxp 00004000 08:13 2805384                    /usr/lib/libXdmcp.so.6.0.0
7f259c1e2000-7f259c1fd000 r-xp 00000000 08:13 2805386                    /usr/lib/libxcb.so.1.1.0
7f259c1fd000-7f259c3fc000 ---p 0001b000 08:13 2805386                    /usr/lib/libxcb.so.1.1.0
7f259c3fc000-7f259c3fd000 r-xp 0001a000 08:13 2805386                    /usr/lib/libxcb.so.1.1.0
7f259c3fd000-7f259c3fe000 rwxp 0001b000 08:13 2805386                    /usr/lib/libxcb.so.1.1.0
7f259c3fe000-7f259c400000 r-xp 00000000 08:13 2805382                    /usr/lib/libXau.so.6.0.0
7f259c400000-7f259c5ff000 ---p 00002000 08:13 2805382                    /usr/lib/libXau.so.6.0.0
7f259c5ff000-7f259c600000 r-xp 00001000 08:13 2805382                    /usr/lib/libXau.so.6.0.0
7f259c600000-7f259c601000 rwxp 00002000 08:13 2805382                    /usr/lib/libXau.so.6.0.0
7f259c601000-7f259c60a000 r-xp 00000000 08:13 2805586                    /usr/lib/libXi.so.6.0.0
7f259c60a000-7f259c80a000 ---p 00009000 08:13 2805586                    /usr/lib/libXi.so.6.0.0
7f259c80a000-7f259c80b000 r-xp 00009000 08:13 2805586                    /usr/lib/libXi.so.6.0.0
7f259c80b000-7f259c80c000 rwxp 0000a000 08:13 2805586                    /usr/lib/libXi.so.6.0.0
7f259c80c000-7f259c811000 r-xp 00000000 08:13 2806834                    /usr/lib/libXtst.so.6.1.0
7f259c811000-7f259ca11000 ---p 00005000 08:13 2806834                    /usr/lib/libXtst.so.6.1.0
7f259ca11000-7f259ca12000 r-xp 00005000 08:13 2806834                    /usr/lib/libXtst.so.6.1.0
7f259ca12000-7f259ca13000 rwxp 00006000 08:13 2806834                    /usr/lib/libXtst.so.6.1.0
7f259ca13000-7f259cb15000 r-xp 00000000 08:13 2805388                    /usr/lib/libX11.so.6.2.0
7f259cb15000-7f259cd15000 ---p 00102000 08:13 2805388                    /usr/lib/libX11.so.6.2.0
7f259cd15000-7f259cd16000 r-xp 00102000 08:13 2805388                    /usr/lib/libX11.so.6.2.0
7f259cd16000-7f259cd1a000 rwxp 00103000 08:13 2805388                    /usr/lib/libX11.so.6.2.0
7f259cd1a000-7f259cd2b000 r-xp 00000000 08:13 2805394                    /usr/lib/libXext.so.6.4.0
7f259cd2b000-7f259cf2a000 ---p 00011000 08:13 2805394                    /usr/lib/libXext.so.6.4.0
7f259cf2a000-7f259cf2b000 r-xp 00010000 08:13 2805394                    /usr/lib/libXext.so.6.4.0
7f259cf2b000-7f259cf2c000 rwxp 00011000 08:13 2805394                    /usr/lib/libXext.so.6.4.0
7f259cf2d000-7f259cf39000 r-xs 00000000 08:13 3197416                    /var/cache/fontconfig/089dead882dea3570ffc31a9898cfb69-x86-64.cache-2
7f259cf39000-7f259cf3d000 r-xs 00000000 08:13 3197398                    /var/cache/fontconfig/cabbd14511b9e8a55e92af97fb3a0461-x86-64.cache-2
7f259cf3d000-7f259cf47000 r-xs 00000000 08:13 3195524                    /var/cache/fontconfig/e13b20fdb08344e0e664864cc2ede53d-x86-64.cache-2
7f259cf47000-7f259cf88000 r-xp 00000000 08:13 3163194                    /usr/lib/jvm/java-6-sun-1.6.0.13/jre/lib/amd64/xawt/libmawt.so
7f259cf88000-7f259d087000 ---p 00041000 08:13 3163194                    /usr/lib/jvm/java-6-sun-1.6.0.13/jre/lib/amd64/xawt/libmawt.so
7f259d087000-7f259d093000 rwxp 00040000 08:13 3163194                    /usr/lib/jvm/java-6-sun-1.6.0.13/jre/lib/amd64/xawt/libmawt.so
7f259d093000-7f259d094000 rwxp 7f259d093000 00:00 0 
7f259d094000-7f259d126000 r-xp 00000000 08:13 3163239                    /usr/lib/jvm/java-6-sun-1.6.0.13/jre/lib/amd64/libawt.so
7f259d126000-7f259d225000 ---p 00092000 08:13 3163239                    /usr/lib/jvm/java-6-sun-1.6.0.13/jre/lib/amd64/libawt.so
7f259d225000-7f259d23e000 rwxp 00091000 08:13 3163239                    /usr/lib/jvm/java-6-sun-1.6.0.13/jre/lib/amd64/libawt.so
7f259d23e000-7f259d263000 rwxp 7f259d23e000 00:00 0 
7f259d263000-7f259d26a000 r-xs 00059000 08:11 1172178                    /home/epsilon/文档/4_java/javaTools/apache-log4j-1.2.15/log4j-1.2.15.jar
7f259d26a000-7f259d26b000 ---p 7f259d26a000 00:00 0 
7f259d26b000-7f259d36b000 rwxp 7f259d26b000 00:00 0 
7f259d36b000-7f259d36e000 ---p 7f259d36b000 00:00 0 
7f259d36e000-7f259d46c000 rwxp 7f259d36e000 00:00 0 
7f259d46c000-7f259d46f000 ---p 7f259d46c000 00:00 0 
7f259d46f000-7f259d56d000 rwxp 7f259d46f000 00:00 0 
7f259d56d000-7f259d570000 ---p 7f259d56d000 00:00 0 
7f259d570000-7f259d66e000 rwxp 7f259d570000 00:00 0 
7f259d66e000-7f259d671000 ---p 7f259d66e000 00:00 0 
7f259d671000-7f259d76f000 rwxp 7f259d671000 00:00 0 
7f259d76f000-7f259d7ae000 r-xp 00000000 08:13 2827839                    /usr/lib/locale/zh_CN.utf8/LC_CTYPE
7f259d7ae000-7f259d7b1000 ---p 7f259d7ae000 00:00 0 
7f259d7b1000-7f259d8af000 rwxp 7f259d7b1000 00:00 0 
7f259d8af000-7f259d8b2000 ---p 7f259d8af000 00:00 0 
7f259d8b2000-7f259d9b0000 rwxp 7f259d8b2000 00:00 0 
7f259d9b0000-7f259d9b1000 ---p 7f259d9b0000 00:00 0 
7f259d9b1000-7f259db26000 rwxp 7f259d9b1000 00:00 0 
7f259db26000-7f259dcb8000 r-xs 02f34000 08:13 2942580                    /usr/lib/jvm/java-6-sun-1.6.0.13/jre/lib/rt.jar
7f259dcb8000-7f259dce0000 rwxp 7f259dcb8000 00:00 0 
7f259dce0000-7f259dce1000 ---p 7f259dce0000 00:00 0 
7f259dce1000-7f259dde1000 rwxp 7f259dce1000 00:00 0 
7f259dde1000-7f259dde2000 ---p 7f259dde1000 00:00 0 
7f259dde2000-7f259deed000 rwxp 7f259dde2000 00:00 0 
7f259deed000-7f259df0c000 rwxp 7f259deed000 00:00 0 
7f259df0c000-7f259df2a000 rwxp 7f259df0c000 00:00 0 
7f259df2a000-7f259e0e3000 rwxp 7f259df2a000 00:00 0 
7f259e0e3000-7f259e0ee000 rwxp 7f259e0e3000 00:00 0 
7f259e0ee000-7f259e10d000 rwxp 7f259e0ee000 00:00 0 
7f259e10d000-7f259e12b000 rwxp 7f259e10d000 00:00 0 
7f259e12b000-7f259e2e3000 rwxp 7f259e12b000 00:00 0 
7f259e2e3000-7f259e2f3000 rwxp 7f259e2e3000 00:00 0 
7f259e2f3000-7f259e3cf000 rwxp 7f259e2f3000 00:00 0 
7f259e3cf000-7f259f890000 rwxp 7f259e3cf000 00:00 0 
7f259f890000-7f25a37d0000 rwxp 7f259f890000 00:00 0 
7f25a37d0000-7f25a72b0000 rwxp 7f25a37d0000 00:00 0 
7f25a72b0000-7f25de530000 rwxp 7f25a72b0000 00:00 0 
7f25de530000-7f25e0290000 rwxp 7f25de530000 00:00 0 
7f25e0290000-7f25fbbd0000 rwxp 7f25e0290000 00:00 0 
7f25fbbd2000-7f25fbbd6000 r-xs 00000000 08:13 3197459                    /var/cache/fontconfig/6eb3985aa4124903f6ff08ba781cd364-x86-64.cache-2
7f25fbbd6000-7f25fbbde000 r-xs 0004b000 08:11 162661                     /home/epsilon/文档/4_java/javaTools/commons-math-1.2/commons-math-1.2.jar
7f25fbbde000-7f25fbe4e000 rwxp 7f25fbbde000 00:00 0 
7f25fbe4e000-7f25febde000 rwxp 7f25fbe4e000 00:00 0 
7f25febde000-7f25febec000 r-xp 00000000 08:13 3163206                    /usr/lib/jvm/java-6-sun-1.6.0.13/jre/lib/amd64/libzip.so
7f25febec000-7f25fecee000 ---p 0000e000 08:13 3163206                    /usr/lib/jvm/java-6-sun-1.6.0.13/jre/lib/amd64/libzip.so
7f25fecee000-7f25fecf1000 rwxp 00010000 08:13 3163206                    /usr/lib/jvm/java-6-sun-1.6.0.13/jre/lib/amd64/libzip.so
7f25fecf1000-7f25fecf2000 rwxp 7f25fecf1000 00:00 0 
7f25fecf2000-7f25fed1b000 r-xp 00000000 08:13 3163219                    /usr/lib/jvm/java-6-sun-1.6.0.13/jre/lib/amd64/libjava.so
7f25fed1b000-7f25fee1a000 ---p 00029000 08:13 3163219                    /usr/lib/jvm/java-6-sun-1.6.0.13/jre/lib/amd64/libjava.so
7f25fee1a000-7f25fee21000 rwxp 00028000 08:13 3163219                    /usr/lib/jvm/java-6-sun-1.6.0.13/jre/lib/amd64/libjava.so
7f25fee21000-7f25fee2e000 r-xp 00000000 08:13 3163201                    /usr/lib/jvm/java-6-sun-1.6.0.13/jre/lib/amd64/libverify.so
7f25fee2e000-7f25fef2d000 ---p 0000d000 08:13 3163201                    /usr/lib/jvm/java-6-sun-1.6.0.13/jre/lib/amd64/libverify.so
7f25fef2d000-7f25fef30000 rwxp 0000c000 08:13 3163201                    /usr/lib/jvm/java-6-sun-1.6.0.13/jre/lib/amd64/libverify.so
7f25fef30000-7f25fef3c000 r-xp 00000000 08:13 213021                     /lib/libnss_files-2.9.so
7f25fef3c000-7f25ff13b000 ---p 0000c000 08:13 213021                     /lib/libnss_files-2.9.so
7f25ff13b000-7f25ff13c000 r-xp 0000b000 08:13 213021                     /lib/libnss_files-2.9.so
7f25ff13c000-7f25ff13d000 rwxp 0000c000 08:13 213021                     /lib/libnss_files-2.9.so
7f25ff13d000-7f25ff147000 r-xp 00000000 08:13 213023                     /lib/libnss_nis-2.9.so
7f25ff147000-7f25ff346000 ---p 0000a000 08:13 213023                     /lib/libnss_nis-2.9.so
7f25ff346000-7f25ff347000 r-xp 00009000 08:13 213023                     /lib/libnss_nis-2.9.so
7f25ff347000-7f25ff348000 rwxp 0000a000 08:13 213023                     /lib/libnss_nis-2.9.so
7f25ff348000-7f25ff350000 r-xp 00000000 08:13 213019                     /lib/libnss_compat-2.9.so
7f25ff350000-7f25ff54f000 ---p 00008000 08:13 213019                     /lib/libnss_compat-2.9.so
7f25ff54f000-7f25ff550000 r-xp 00007000 08:13 213019                     /lib/libnss_compat-2.9.so
7f25ff550000-7f25ff551000 rwxp 00008000 08:13 213019                     /lib/libnss_compat-2.9.so
7f25ff551000-7f25ff567000 r-xp 00000000 08:13 213018                     /lib/libnsl-2.9.so
7f25ff567000-7f25ff767000 ---p 00016000 08:13 213018                     /lib/libnsl-2.9.so
7f25ff767000-7f25ff768000 r-xp 00016000 08:13 213018                     /lib/libnsl-2.9.so
7f25ff768000-7f25ff769000 rwxp 00017000 08:13 213018                     /lib/libnsl-2.9.so
7f25ff769000-7f25ff76b000 rwxp 7f25ff769000 00:00 0 
7f25ff76b000-7f25ff772000 r-xp 00000000 08:13 3163208                    /usr/lib/jvm/java-6-sun-1.6.0.13/jre/lib/amd64/native_threads/libhpi.so
7f25ff772000-7f25ff873000 ---p 00007000 08:13 3163208                    /usr/lib/jvm/java-6-sun-1.6.0.13/jre/lib/amd64/native_threads/libhpi.so
7f25ff873000-7f25ff875000 rwxp 00008000 08:13 3163208                    /usr/lib/jvm/java-6-sun-1.6.0.13/jre/lib/amd64/native_threads/libhpi.so
7f25ff875000-7f25ff876000 rwxp 7f25ff875000 00:00 0 
7f25ff876000-7f25ff87d000 r-xp 00000000 08:13 213028                     /lib/librt-2.9.so
7f25ff87d000-7f25ffa7c000 ---p 00007000 08:13 213028                     /lib/librt-2.9.so
7f25ffa7c000-7f25ffa7d000 r-xp 00006000 08:13 213028                     /lib/librt-2.9.so
7f25ffa7d000-7f25ffa7e000 rwxp 00007000 08:13 213028                     /lib/librt-2.9.so
7f25ffa7e000-7f25ffa81000 ---p 7f25ffa7e000 00:00 0 
7f25ffa81000-7f25ffb7f000 rwxp 7f25ffa81000 00:00 0 
7f25ffb7f000-7f25ffc03000 r-xp 00000000 08:13 213016                     /lib/libm-2.9.so
7f25ffc03000-7f25ffe02000 ---p 00084000 08:13 213016                     /lib/libm-2.9.so
7f25ffe02000-7f25ffe03000 r-xp 00083000 08:13 213016                     /lib/libm-2.9.so
7f25ffe03000-7f25ffe04000 rwxp 00084000 08:13 213016                     /lib/libm-2.9.so
7f25ffe04000-7f2600491000 r-xp 00000000 08:13 3163226                    /usr/lib/jvm/java-6-sun-1.6.0.13/jre/lib/amd64/server/libjvm.so
7f2600491000-7f2600590000 ---p 0068d000 08:13 3163226                    /usr/lib/jvm/java-6-sun-1.6.0.13/jre/lib/amd64/server/libjvm.so
7f2600590000-7f26006e1000 rwxp 0068c000 08:13 3163226                    /usr/lib/jvm/java-6-sun-1.6.0.13/jre/lib/amd64/server/libjvm.so
7f26006e1000-7f260071e000 rwxp 7f26006e1000 00:00 0 
7f260071e000-7f2600886000 r-xp 00000000 08:13 213012                     /lib/libc-2.9.so
7f2600886000-7f2600a86000 ---p 00168000 08:13 213012                     /lib/libc-2.9.so
7f2600a86000-7f2600a8a000 r-xp 00168000 08:13 213012                     /lib/libc-2.9.so
7f2600a8a000-7f2600a8b000 rwxp 0016c000 08:13 213012                     /lib/libc-2.9.so
7f2600a8b000-7f2600a90000 rwxp 7f2600a8b000 00:00 0 
7f2600a90000-7f2600a92000 r-xp 00000000 08:13 213015                     /lib/libdl-2.9.so
7f2600a92000-7f2600c92000 ---p 00002000 08:13 213015                     /lib/libdl-2.9.so
7f2600c92000-7f2600c93000 r-xp 00002000 08:13 213015                     /lib/libdl-2.9.so
7f2600c93000-7f2600c94000 rwxp 00003000 08:13 213015                     /lib/libdl-2.9.so
7f2600c94000-7f2600cab000 r-xp 00000000 08:13 213026                     /lib/libpthread-2.9.so
7f2600cab000-7f2600eaa000 ---p 00017000 08:13 213026                     /lib/libpthread-2.9.so
7f2600eaa000-7f2600eab000 r-xp 00016000 08:13 213026                     /lib/libpthread-2.9.so
7f2600eab000-7f2600eac000 rwxp 00017000 08:13 213026                     /lib/libpthread-2.9.so
7f2600eac000-7f2600eb0000 rwxp 7f2600eac000 00:00 0 
7f2600eb0000-7f2600ed0000 r-xp 00000000 08:13 213006                     /lib/ld-2.9.so
7f2600ed0000-7f2600ed3000 r-xs 00000000 08:13 3197439                    /var/cache/fontconfig/de156ccd2eddbdc19d37a45b8b2aac9c-x86-64.cache-2
7f2600ed3000-7f2600ed6000 r-xs 00000000 08:13 3197433                    /var/cache/fontconfig/ddd4086aec35a5275babba44bb759c3c-x86-64.cache-2
7f2600ed6000-7f2600ee4000 r-xs 000ba000 08:11 422677                     /home/epsilon/文档/4_java/javaTools/mtj.jar
7f2600ee4000-7f2600eee000 rwxp 7f2600ee4000 00:00 0 
7f2600eee000-7f2600fa4000 rwxp 7f2600eee000 00:00 0 
7f2600fa4000-7f2600fa6000 rwxp 7f2600fa4000 00:00 0 
7f2600fa6000-7f2600fad000 r-xp 00000000 08:13 3163192                    /usr/lib/jvm/java-6-sun-1.6.0.13/jre/lib/amd64/jli/libjli.so
7f2600fad000-7f26010ae000 ---p 00007000 08:13 3163192                    /usr/lib/jvm/java-6-sun-1.6.0.13/jre/lib/amd64/jli/libjli.so
7f26010ae000-7f26010b0000 rwxp 00008000 08:13 3163192                    /usr/lib/jvm/java-6-sun-1.6.0.13/jre/lib/amd64/jli/libjli.so
7f26010b0000-7f26010b1000 rwxp 7f26010b0000 00:00 0 
7f26010b2000-7f26010b3000 r-xs 00000000 08:13 3197445                    /var/cache/fontconfig/4c73fe0c47614734b17d736dbde7580a-x86-64.cache-2
7f26010b3000-7f26010b4000 r-xs 00000000 08:13 3197424                    /var/cache/fontconfig/4794a0821666d79190d59a36cb4f44b5-x86-64.cache-2
7f26010b4000-7f26010b7000 r-xs 00000000 08:13 3196574                    /var/cache/fontconfig/7ef2298fde41cc6eeb7af42e48b7d293-x86-64.cache-2
7f26010b7000-7f26010bb000 r-xs 00042000 08:11 181747                     /home/epsilon/NetBeansProjects/EpsilonUtils/trunk/dist/EpsilonYUtil.jar
7f26010bb000-7f26010c2000 r-xs 00000000 08:13 2803699                    /usr/lib/gconv/gconv-modules.cache
7f26010c2000-7f26010ca000 rwxs 00000000 08:13 376951                     /tmp/hsperfdata_epsilon/2795
7f26010ca000-7f26010cb000 rwxp 7f26010ca000 00:00 0 
7f26010cb000-7f26010cc000 r-xp 7f26010cb000 00:00 0 
7f26010cc000-7f26010cf000 rwxp 7f26010cc000 00:00 0 
7f26010cf000-7f26010d0000 r-xp 0001f000 08:13 213006                     /lib/ld-2.9.so
7f26010d0000-7f26010d1000 rwxp 00020000 08:13 213006                     /lib/ld-2.9.so
7fff090bc000-7fff090d1000 rwxp 7ffffffea000 00:00 0                      [stack]
7fff091ff000-7fff09200000 r-xp 7fff091ff000 00:00 0                      [vdso]
ffffffffff600000-ffffffffff601000 r-xp 00000000 00:00 0                  [vsyscall]

VM Arguments:
jvm_args: -Dawt.useSystemAAFontSettings=on 
java_command: net.epsilony.simpmeshfree.model.ModelTestFrame
Launcher Type: SUN_STANDARD

Environment Variables:
_JAVA_OPTIONS=-Dawt.useSystemAAFontSettings=on
PATH=/usr/local/sbin:/usr/local/bin:/usr/sbin:/usr/bin:/sbin:/bin:/usr/games
USERNAME=epsilon
LD_LIBRARY_PATH=/usr/lib/jvm/java-6-sun-1.6.0.13/jre/lib/amd64/server:/usr/lib/jvm/java-6-sun-1.6.0.13/jre/lib/amd64:/usr/lib/jvm/java-6-sun-1.6.0.13/jre/../lib/amd64
SHELL=/bin/bash
DISPLAY=:0.0

Signal Handlers:
SIGSEGV: [libjvm.so+0x5fcd20], sa_mask[0]=0x7ffbfeff, sa_flags=0x10000004
SIGBUS: [libjvm.so+0x5fcd20], sa_mask[0]=0x7ffbfeff, sa_flags=0x10000004
SIGFPE: [libjvm.so+0x4e0eb0], sa_mask[0]=0x7ffbfeff, sa_flags=0x10000004
SIGPIPE: [libjvm.so+0x4e0eb0], sa_mask[0]=0x7ffbfeff, sa_flags=0x10000004
SIGXFSZ: [libjvm.so+0x4e0eb0], sa_mask[0]=0x7ffbfeff, sa_flags=0x10000004
SIGILL: [libjvm.so+0x4e0eb0], sa_mask[0]=0x7ffbfeff, sa_flags=0x10000004
SIGUSR1: SIG_DFL, sa_mask[0]=0x00000000, sa_flags=0x00000000
SIGUSR2: [libjvm.so+0x4e35d0], sa_mask[0]=0x00000004, sa_flags=0x10000004
SIGHUP: [libjvm.so+0x4e3320], sa_mask[0]=0x7ffbfeff, sa_flags=0x10000004
SIGINT: SIG_IGN, sa_mask[0]=0x00000000, sa_flags=0x00000000
SIGTERM: [libjvm.so+0x4e3320], sa_mask[0]=0x7ffbfeff, sa_flags=0x10000004
SIGQUIT: [libjvm.so+0x4e3320], sa_mask[0]=0x7ffbfeff, sa_flags=0x10000004


---------------  S Y S T E M  ---------------

OS:5.0

uname:Linux 2.6.28-12-generic #43-Ubuntu SMP Fri May 1 19:31:32 UTC 2009 x86_64
libc:glibc 2.9 NPTL 2.9 
rlimit: STACK 8192k, CORE 0k, NPROC infinity, NOFILE 1024, AS infinity
load average:2.55 1.11 0.46

CPU:total 2 (2 cores per cpu, 1 threads per core) family 16 model 2 stepping 3, cmov, cx8, fxsr, mmx, sse, sse2, sse3, mmxext, 3dnow, 3dnowext, sse4a

Memory: 4k page, physical 5780180k(2939124k free), swap 3903752k(3865604k free)

vm_info: Java HotSpot(TM) 64-Bit Server VM (11.3-b02) for linux-amd64 JRE (1.6.0_13-b03), built on Mar  9 2009 11:08:22 by "java_re" with gcc 3.2.2 (SuSE Linux)

time: Mon May 18 09:59:19 2009
elapsed time: 0 seconds

