#
# An unexpected error has been detected by Java Runtime Environment:
#
#  SIGSEGV (0xb) at pc=0x00007f7fbd27f11b, pid=5912, tid=140184912771408
#
# Java VM: Java HotSpot(TM) 64-Bit Server VM (11.3-b02 mixed mode linux-amd64)
# Problematic frame:
# C  [libc.so.6+0x8411b]  memcpy+0x15b
#
# If you would like to submit a bug report, please visit:
#   http://java.sun.com/webapps/bugreport/crash.jsp
#

---------------  T H R E A D  ---------------

Current thread (0x00000000404a8000):  JavaThread "AWT-EventQueue-0" [_thread_in_vm, id=5928, stack(0x00007f7f57ddb000,0x00007f7f57edc000)]

siginfo:si_signo=SIGSEGV: si_errno=0, si_code=2 (SEGV_ACCERR), si_addr=0x00007f7f500ce000

Registers:
RAX=0x00007f7f9c2f4e40, RBX=0x00007f7f5aeb12a0, RCX=0x000000000000001e, RDX=0x0000000000001ad0
RSP=0x00007f7f57eda2d8, RBP=0x00007f7f57eda360, RSI=0x00007f7f500ce000, RDI=0x00007f7f9c2f6820
R8 =0x0000000000000ffc, R9 =0x00007f7fbd0cb5b8, R10=0x00007f7fbd0cf028, R11=0x0000000000001ad0
R12=0x0000000000001ad0, R13=0x0000000000000000, R14=0x00000000404a9838, R15=0x00007f7f57eda2f0
RIP=0x00007f7fbd27f11b, EFL=0x0000000000010216, CSGSFS=0x0000000000000033, ERR=0x0000000000000004
  TRAPNO=0x000000000000000e

Top of Stack: (sp=0x00007f7f57eda2d8)
0x00007f7f57eda2d8:   00007f7fbcc27600 00000000404a81c0
0x00007f7f57eda2e8:   00007f7f500cc620 00000000404a8000
0x00007f7f57eda2f8:   0000000000000000 00000000404a8000
0x00007f7f57eda308:   0000000000000000 00000000404a8000
0x00007f7f57eda318:   00007f7f57eda460 00000000404a8000
0x00007f7f57eda328:   00007f7fbd275276 00000000404a8000
0x00007f7f57eda338:   00000000404a9838 00007f7f50020cf0
0x00007f7f57eda348:   00007f7f50020f60 00007f7f57eda460
0x00007f7f57eda358:   00000000404a97e0 00000000404a81c0
0x00007f7f57eda368:   00007f7f579b8486 00007f7f50020eb0
0x00007f7f57eda378:   00000000404a97e8 00000000404a97f0
0x00007f7f57eda388:   00000000404a97f8 00000000404a9800
0x00007f7f57eda398:   00007f7f5b2de4be 00000000404a9808
0x00007f7f57eda3a8:   00007f7f5b2e5210 0101010100000000
0x00007f7f57eda3b8:   00007f7f5b8a80a0 00007f7f57eda440
0x00007f7f57eda3c8:   0000000000000101 00007f7f5b8a80a0
0x00007f7f57eda3d8:   00007f7f57eda460 00000000404a8000
0x00007f7f57eda3e8:   00007f7fb86c9852 00007f7f9b11fa40
0x00007f7f57eda3f8:   00007f7f5b2e5c70 00007f7f57eda400
0x00007f7f57eda408:   0000000000000000 00007f7f57eda460
0x00007f7f57eda418:   00007f7f5b8a8ad8 0000000000000000
0x00007f7f57eda428:   00007f7f5b8a80a0 0000000000000000
0x00007f7f57eda438:   00007f7f57eda460 00007f7f57eda4a8
0x00007f7f57eda448:   00007f7fb86be322 0000000000000000
0x00007f7f57eda458:   00007f7fb86c6358 00007f7f9c2e4da0
0x00007f7f57eda468:   00007f7f57eda468 00007f7f5b8a6b7d
0x00007f7f57eda478:   00007f7f57eda4f0 00007f7f5b8a8ad8
0x00007f7f57eda488:   0000000000000000 00007f7f5b8a6c08
0x00007f7f57eda498:   00007f7f57eda460 00007f7f57eda4e0
0x00007f7f57eda4a8:   00007f7f57eda538 00007f7fb86be322
0x00007f7f57eda4b8:   0000000000000000 00007f7f9c2f2098
0x00007f7f57eda4c8:   0000000000000000 00007f7f9c2f2080 

Instructions: (pc=0x00007f7fbd27f11b)
0x00007f7fbd27f10b:   0f 47 da 4c 89 d9 49 83 e3 f8 48 c1 e9 03 74 05
0x00007f7fbd27f11b:   f3 48 a5 66 90 4c 29 da 48 f7 c2 f8 ff ff ff 75 

Stack: [0x00007f7f57ddb000,0x00007f7f57edc000],  sp=0x00007f7f57eda2d8,  free space=1020k
Native frames: (J=compiled Java code, j=interpreted, Vv=VM code, C=native code)
C  [libc.so.6+0x8411b]  memcpy+0x15b

Java frames: (J=compiled Java code, j=interpreted, Vv=VM code)
j  net.epsilony.simpmeshfree.model.geometry.TriangleJni.triangleFun()V+0
j  net.epsilony.simpmeshfree.model.geometry.TriangleJni.complie(Lnet/epsilony/simpmeshfree/model/geometry/GeometryModel;Ljava/lang/String;)V+141
j  net.epsilony.simpmeshfree.model.mechanics.MechanicsModel.generateQuadratureDomainsByTriangle(DDLjava/lang/String;)V+60
j  net.epsilony.simpmeshfree.model.ModelTestFrame.<init>()V+614
j  net.epsilony.simpmeshfree.model.ModelTestFrame$1.run()V+4
j  java.awt.event.InvocationEvent.dispatch()V+47
j  java.awt.EventQueue.dispatchEvent(Ljava/awt/AWTEvent;)V+26
j  java.awt.EventDispatchThread.pumpOneEventForFilters(I)Z+204
j  java.awt.EventDispatchThread.pumpEventsForFilter(ILjava/awt/Conditional;Ljava/awt/EventFilter;)V+30
j  java.awt.EventDispatchThread.pumpEventsForHierarchy(ILjava/awt/Conditional;Ljava/awt/Component;)V+11
j  java.awt.EventDispatchThread.pumpEvents(ILjava/awt/Conditional;)V+4
j  java.awt.EventDispatchThread.pumpEvents(Ljava/awt/Conditional;)V+3
j  java.awt.EventDispatchThread.run()V+9
v  ~StubRoutines::call_stub

---------------  P R O C E S S  ---------------

Java Threads: ( => current thread )
  0x00007f7f50015800 JavaThread "Thread-3" [_thread_blocked, id=5930, stack(0x00007f7f57bd9000,0x00007f7f57cda000)]
  0x00007f7f50014800 JavaThread "Thread-2" [_thread_blocked, id=5929, stack(0x00007f7f57cda000,0x00007f7f57ddb000)]
  0x000000004014d000 JavaThread "DestroyJavaVM" [_thread_blocked, id=5913, stack(0x00007f7fbc55b000,0x00007f7fbc65c000)]
=>0x00000000404a8000 JavaThread "AWT-EventQueue-0" [_thread_in_vm, id=5928, stack(0x00007f7f57ddb000,0x00007f7f57edc000)]
  0x00000000404a2000 JavaThread "AWT-Shutdown" [_thread_blocked, id=5927, stack(0x00007f7f57fe2000,0x00007f7f580e3000)]
  0x000000004054f800 JavaThread "AWT-XAWT" daemon [_thread_in_native, id=5926, stack(0x00007f7f580e3000,0x00007f7f581e4000)]
  0x00000000403a9800 JavaThread "Java2D Disposer" daemon [_thread_blocked, id=5924, stack(0x00007f7f58818000,0x00007f7f58919000)]
  0x0000000040204800 JavaThread "Low Memory Detector" daemon [_thread_blocked, id=5922, stack(0x00007f7f59e4b000,0x00007f7f59f4c000)]
  0x0000000040202000 JavaThread "CompilerThread1" daemon [_thread_blocked, id=5921, stack(0x00007f7f59f4c000,0x00007f7f5a04d000)]
  0x00000000401fe000 JavaThread "CompilerThread0" daemon [_thread_blocked, id=5920, stack(0x00007f7f5a04d000,0x00007f7f5a14e000)]
  0x00000000401fc000 JavaThread "Signal Dispatcher" daemon [_thread_blocked, id=5919, stack(0x00007f7f5a14e000,0x00007f7f5a24f000)]
  0x00000000401dac00 JavaThread "Finalizer" daemon [_thread_blocked, id=5918, stack(0x00007f7f5a28e000,0x00007f7f5a38f000)]
  0x00000000401d3800 JavaThread "Reference Handler" daemon [_thread_blocked, id=5917, stack(0x00007f7f5a38f000,0x00007f7f5a490000)]

Other Threads:
  0x00000000401ce000 VMThread [stack: 0x00007f7f5a490000,0x00007f7f5a591000] [id=5916]
  0x0000000040206c00 WatcherThread [stack: 0x00007f7f59d4a000,0x00007f7f59e4b000] [id=5923]

VM state:not at safepoint (normal execution)

VM Mutex/Monitor currently owned by a thread: None

Heap
 PSYoungGen      total 26368K, used 19807K [0x00007f7f9b010000, 0x00007f7f9cd70000, 0x00007f7fb86b0000)
  eden space 22656K, 87% used [0x00007f7f9b010000,0x00007f7f9c367d88,0x00007f7f9c630000)
  from space 3712K, 0% used [0x00007f7f9c9d0000,0x00007f7f9c9d0000,0x00007f7f9cd70000)
  to   space 3712K, 0% used [0x00007f7f9c630000,0x00007f7f9c630000,0x00007f7f9c9d0000)
 PSOldGen        total 60288K, used 0K [0x00007f7f602b0000, 0x00007f7f63d90000, 0x00007f7f9b010000)
  object space 60288K, 0% used [0x00007f7f602b0000,0x00007f7f602b0000,0x00007f7f63d90000)
 PSPermGen       total 21248K, used 10242K [0x00007f7f5aeb0000, 0x00007f7f5c370000, 0x00007f7f602b0000)
  object space 21248K, 48% used [0x00007f7f5aeb0000,0x00007f7f5b8b0af8,0x00007f7f5c370000)

Dynamic libraries:
40000000-40009000 r-xp 00000000 08:13 3163089                            /usr/lib/jvm/java-6-sun-1.6.0.13/jre/bin/java
40108000-4010a000 rwxp 00008000 08:13 3163089                            /usr/lib/jvm/java-6-sun-1.6.0.13/jre/bin/java
40145000-40921000 rwxp 40145000 00:00 0                                  [heap]
7f7f50000000-7f7f500ce000 rwxp 7f7f50000000 00:00 0 
7f7f500ce000-7f7f54000000 ---p 7f7f500ce000 00:00 0 
7f7f5748f000-7f7f574a5000 r-xp 00000000 08:13 213005                     /lib/libgcc_s.so.1
7f7f574a5000-7f7f576a5000 ---p 00016000 08:13 213005                     /lib/libgcc_s.so.1
7f7f576a5000-7f7f576a6000 r-xp 00016000 08:13 213005                     /lib/libgcc_s.so.1
7f7f576a6000-7f7f576a7000 rwxp 00017000 08:13 213005                     /lib/libgcc_s.so.1
7f7f576a7000-7f7f57798000 r-xp 00000000 08:13 2802601                    /usr/lib/libstdc++.so.6.0.10
7f7f57798000-7f7f57998000 ---p 000f1000 08:13 2802601                    /usr/lib/libstdc++.so.6.0.10
7f7f57998000-7f7f5799f000 r-xp 000f1000 08:13 2802601                    /usr/lib/libstdc++.so.6.0.10
7f7f5799f000-7f7f579a1000 rwxp 000f8000 08:13 2802601                    /usr/lib/libstdc++.so.6.0.10
7f7f579a1000-7f7f579b4000 rwxp 7f7f579a1000 00:00 0 
7f7f579b4000-7f7f579d8000 r-xp 00000000 08:13 1942103                    /usr/lib/TriangleJniAmd64.so
7f7f579d8000-7f7f57bd7000 ---p 00024000 08:13 1942103                    /usr/lib/TriangleJniAmd64.so
7f7f57bd7000-7f7f57bd8000 r-xp 00023000 08:13 1942103                    /usr/lib/TriangleJniAmd64.so
7f7f57bd8000-7f7f57bd9000 rwxp 00024000 08:13 1942103                    /usr/lib/TriangleJniAmd64.so
7f7f57bd9000-7f7f57bdc000 ---p 7f7f57bd9000 00:00 0 
7f7f57bdc000-7f7f57cda000 rwxp 7f7f57bdc000 00:00 0 
7f7f57cda000-7f7f57cdd000 ---p 7f7f57cda000 00:00 0 
7f7f57cdd000-7f7f57ddb000 rwxp 7f7f57cdd000 00:00 0 
7f7f57ddb000-7f7f57dde000 ---p 7f7f57ddb000 00:00 0 
7f7f57dde000-7f7f57edc000 rwxp 7f7f57dde000 00:00 0 
7f7f57edc000-7f7f57ee5000 r-xs 00000000 08:13 3197464                    /var/cache/fontconfig/945677eb7aeaf62f1d50efc3fb3ec7d8-x86-64.cache-2
7f7f57ee5000-7f7f57ee7000 r-xs 00000000 08:13 3197468                    /var/cache/fontconfig/99e8ed0e538f840c565b6ed5dad60d56-x86-64.cache-2
7f7f57ee7000-7f7f57eea000 r-xs 00000000 08:13 3197466                    /var/cache/fontconfig/e383d7ea5fbe662a33d9b44caf393297-x86-64.cache-2
7f7f57eea000-7f7f57eee000 r-xs 00000000 08:13 3197459                    /var/cache/fontconfig/6eb3985aa4124903f6ff08ba781cd364-x86-64.cache-2
7f7f57eee000-7f7f57ef2000 r-xs 00000000 08:13 3196573                    /var/cache/fontconfig/a755afe4a08bf5b97852ceb7400b47bc-x86-64.cache-2
7f7f57ef2000-7f7f57efb000 r-xs 00000000 08:13 3197440                    /var/cache/fontconfig/6d41288fd70b0be22e8c3a91e032eec0-x86-64.cache-2
7f7f57efb000-7f7f57f06000 r-xs 00000000 08:13 3197435                    /var/cache/fontconfig/e3de0de479f42330eadf588a55fb5bf4-x86-64.cache-2
7f7f57f06000-7f7f57f15000 r-xs 00000000 08:13 3197434                    /var/cache/fontconfig/0f34bcd4b6ee430af32735b75db7f02b-x86-64.cache-2
7f7f57f15000-7f7f57f1e000 r-xs 00000000 08:13 3197417                    /var/cache/fontconfig/d52a8644073d54c13679302ca1180695-x86-64.cache-2
7f7f57fe2000-7f7f57fe5000 ---p 7f7f57fe2000 00:00 0 
7f7f57fe5000-7f7f580e3000 rwxp 7f7f57fe5000 00:00 0 
7f7f580e3000-7f7f580e6000 ---p 7f7f580e3000 00:00 0 
7f7f580e6000-7f7f581e4000 rwxp 7f7f580e6000 00:00 0 
7f7f581e4000-7f7f581e9000 r-xp 00000000 08:13 2805390                    /usr/lib/libXfixes.so.3.1.0
7f7f581e9000-7f7f583e8000 ---p 00005000 08:13 2805390                    /usr/lib/libXfixes.so.3.1.0
7f7f583e8000-7f7f583e9000 rwxp 00004000 08:13 2805390                    /usr/lib/libXfixes.so.3.1.0
7f7f583e9000-7f7f583f2000 r-xp 00000000 08:13 2805803                    /usr/lib/libXrender.so.1.3.0
7f7f583f2000-7f7f585f1000 ---p 00009000 08:13 2805803                    /usr/lib/libXrender.so.1.3.0
7f7f585f1000-7f7f585f2000 r-xp 00008000 08:13 2805803                    /usr/lib/libXrender.so.1.3.0
7f7f585f2000-7f7f585f3000 rwxp 00009000 08:13 2805803                    /usr/lib/libXrender.so.1.3.0
7f7f585f3000-7f7f585fc000 r-xp 00000000 08:13 2805843                    /usr/lib/libXcursor.so.1.0.2
7f7f585fc000-7f7f587fc000 ---p 00009000 08:13 2805843                    /usr/lib/libXcursor.so.1.0.2
7f7f587fc000-7f7f587fd000 rwxp 00009000 08:13 2805843                    /usr/lib/libXcursor.so.1.0.2
7f7f58818000-7f7f5881b000 ---p 7f7f58818000 00:00 0 
7f7f5881b000-7f7f58919000 rwxp 7f7f5881b000 00:00 0 
7f7f58919000-7f7f58997000 r-xp 00000000 08:13 3163204                    /usr/lib/jvm/java-6-sun-1.6.0.13/jre/lib/amd64/libfontmanager.so
7f7f58997000-7f7f58a96000 ---p 0007e000 08:13 3163204                    /usr/lib/jvm/java-6-sun-1.6.0.13/jre/lib/amd64/libfontmanager.so
7f7f58a96000-7f7f58aac000 rwxp 0007d000 08:13 3163204                    /usr/lib/jvm/java-6-sun-1.6.0.13/jre/lib/amd64/libfontmanager.so
7f7f58aac000-7f7f58abd000 rwxp 7f7f58aac000 00:00 0 
7f7f58abd000-7f7f58ac2000 r-xp 00000000 08:13 2805384                    /usr/lib/libXdmcp.so.6.0.0
7f7f58ac2000-7f7f58cc1000 ---p 00005000 08:13 2805384                    /usr/lib/libXdmcp.so.6.0.0
7f7f58cc1000-7f7f58cc2000 rwxp 00004000 08:13 2805384                    /usr/lib/libXdmcp.so.6.0.0
7f7f58cc2000-7f7f58cdd000 r-xp 00000000 08:13 2805386                    /usr/lib/libxcb.so.1.1.0
7f7f58cdd000-7f7f58edc000 ---p 0001b000 08:13 2805386                    /usr/lib/libxcb.so.1.1.0
7f7f58edc000-7f7f58edd000 r-xp 0001a000 08:13 2805386                    /usr/lib/libxcb.so.1.1.0
7f7f58edd000-7f7f58ede000 rwxp 0001b000 08:13 2805386                    /usr/lib/libxcb.so.1.1.0
7f7f58ede000-7f7f58ee0000 r-xp 00000000 08:13 2805382                    /usr/lib/libXau.so.6.0.0
7f7f58ee0000-7f7f590df000 ---p 00002000 08:13 2805382                    /usr/lib/libXau.so.6.0.0
7f7f590df000-7f7f590e0000 r-xp 00001000 08:13 2805382                    /usr/lib/libXau.so.6.0.0
7f7f590e0000-7f7f590e1000 rwxp 00002000 08:13 2805382                    /usr/lib/libXau.so.6.0.0
7f7f590e1000-7f7f590ea000 r-xp 00000000 08:13 2805586                    /usr/lib/libXi.so.6.0.0
7f7f590ea000-7f7f592ea000 ---p 00009000 08:13 2805586                    /usr/lib/libXi.so.6.0.0
7f7f592ea000-7f7f592eb000 r-xp 00009000 08:13 2805586                    /usr/lib/libXi.so.6.0.0
7f7f592eb000-7f7f592ec000 rwxp 0000a000 08:13 2805586                    /usr/lib/libXi.so.6.0.0
7f7f592ec000-7f7f592f1000 r-xp 00000000 08:13 2806834                    /usr/lib/libXtst.so.6.1.0
7f7f592f1000-7f7f594f1000 ---p 00005000 08:13 2806834                    /usr/lib/libXtst.so.6.1.0
7f7f594f1000-7f7f594f2000 r-xp 00005000 08:13 2806834                    /usr/lib/libXtst.so.6.1.0
7f7f594f2000-7f7f594f3000 rwxp 00006000 08:13 2806834                    /usr/lib/libXtst.so.6.1.0
7f7f594f3000-7f7f595f5000 r-xp 00000000 08:13 2805388                    /usr/lib/libX11.so.6.2.0
7f7f595f5000-7f7f597f5000 ---p 00102000 08:13 2805388                    /usr/lib/libX11.so.6.2.0
7f7f597f5000-7f7f597f6000 r-xp 00102000 08:13 2805388                    /usr/lib/libX11.so.6.2.0
7f7f597f6000-7f7f597fa000 rwxp 00103000 08:13 2805388                    /usr/lib/libX11.so.6.2.0
7f7f597fa000-7f7f5980b000 r-xp 00000000 08:13 2805394                    /usr/lib/libXext.so.6.4.0
7f7f5980b000-7f7f59a0a000 ---p 00011000 08:13 2805394                    /usr/lib/libXext.so.6.4.0
7f7f59a0a000-7f7f59a0b000 r-xp 00010000 08:13 2805394                    /usr/lib/libXext.so.6.4.0
7f7f59a0b000-7f7f59a0c000 rwxp 00011000 08:13 2805394                    /usr/lib/libXext.so.6.4.0
7f7f59a0d000-7f7f59a19000 r-xs 00000000 08:13 3197416                    /var/cache/fontconfig/089dead882dea3570ffc31a9898cfb69-x86-64.cache-2
7f7f59a19000-7f7f59a1d000 r-xs 00000000 08:13 3197398                    /var/cache/fontconfig/cabbd14511b9e8a55e92af97fb3a0461-x86-64.cache-2
7f7f59a1d000-7f7f59a27000 r-xs 00000000 08:13 3195524                    /var/cache/fontconfig/e13b20fdb08344e0e664864cc2ede53d-x86-64.cache-2
7f7f59a27000-7f7f59a68000 r-xp 00000000 08:13 3163194                    /usr/lib/jvm/java-6-sun-1.6.0.13/jre/lib/amd64/xawt/libmawt.so
7f7f59a68000-7f7f59b67000 ---p 00041000 08:13 3163194                    /usr/lib/jvm/java-6-sun-1.6.0.13/jre/lib/amd64/xawt/libmawt.so
7f7f59b67000-7f7f59b73000 rwxp 00040000 08:13 3163194                    /usr/lib/jvm/java-6-sun-1.6.0.13/jre/lib/amd64/xawt/libmawt.so
7f7f59b73000-7f7f59b74000 rwxp 7f7f59b73000 00:00 0 
7f7f59b74000-7f7f59c06000 r-xp 00000000 08:13 3163239                    /usr/lib/jvm/java-6-sun-1.6.0.13/jre/lib/amd64/libawt.so
7f7f59c06000-7f7f59d05000 ---p 00092000 08:13 3163239                    /usr/lib/jvm/java-6-sun-1.6.0.13/jre/lib/amd64/libawt.so
7f7f59d05000-7f7f59d1e000 rwxp 00091000 08:13 3163239                    /usr/lib/jvm/java-6-sun-1.6.0.13/jre/lib/amd64/libawt.so
7f7f59d1e000-7f7f59d43000 rwxp 7f7f59d1e000 00:00 0 
7f7f59d43000-7f7f59d4a000 r-xs 00059000 08:11 1172178                    /home/epsilon/文档/4_java/javaTools/apache-log4j-1.2.15/log4j-1.2.15.jar
7f7f59d4a000-7f7f59d4b000 ---p 7f7f59d4a000 00:00 0 
7f7f59d4b000-7f7f59e4b000 rwxp 7f7f59d4b000 00:00 0 
7f7f59e4b000-7f7f59e4e000 ---p 7f7f59e4b000 00:00 0 
7f7f59e4e000-7f7f59f4c000 rwxp 7f7f59e4e000 00:00 0 
7f7f59f4c000-7f7f59f4f000 ---p 7f7f59f4c000 00:00 0 
7f7f59f4f000-7f7f5a04d000 rwxp 7f7f59f4f000 00:00 0 
7f7f5a04d000-7f7f5a050000 ---p 7f7f5a04d000 00:00 0 
7f7f5a050000-7f7f5a14e000 rwxp 7f7f5a050000 00:00 0 
7f7f5a14e000-7f7f5a151000 ---p 7f7f5a14e000 00:00 0 
7f7f5a151000-7f7f5a24f000 rwxp 7f7f5a151000 00:00 0 
7f7f5a24f000-7f7f5a28e000 r-xp 00000000 08:13 2827839                    /usr/lib/locale/zh_CN.utf8/LC_CTYPE
7f7f5a28e000-7f7f5a291000 ---p 7f7f5a28e000 00:00 0 
7f7f5a291000-7f7f5a38f000 rwxp 7f7f5a291000 00:00 0 
7f7f5a38f000-7f7f5a392000 ---p 7f7f5a38f000 00:00 0 
7f7f5a392000-7f7f5a490000 rwxp 7f7f5a392000 00:00 0 
7f7f5a490000-7f7f5a491000 ---p 7f7f5a490000 00:00 0 
7f7f5a491000-7f7f5a606000 rwxp 7f7f5a491000 00:00 0 
7f7f5a606000-7f7f5a798000 r-xs 02f34000 08:13 2942580                    /usr/lib/jvm/java-6-sun-1.6.0.13/jre/lib/rt.jar
7f7f5a798000-7f7f5a7c0000 rwxp 7f7f5a798000 00:00 0 
7f7f5a7c0000-7f7f5a7c1000 ---p 7f7f5a7c0000 00:00 0 
7f7f5a7c1000-7f7f5a8c1000 rwxp 7f7f5a7c1000 00:00 0 
7f7f5a8c1000-7f7f5a8c2000 ---p 7f7f5a8c1000 00:00 0 
7f7f5a8c2000-7f7f5a9cd000 rwxp 7f7f5a8c2000 00:00 0 
7f7f5a9cd000-7f7f5a9ec000 rwxp 7f7f5a9cd000 00:00 0 
7f7f5a9ec000-7f7f5aa0a000 rwxp 7f7f5a9ec000 00:00 0 
7f7f5aa0a000-7f7f5abc3000 rwxp 7f7f5aa0a000 00:00 0 
7f7f5abc3000-7f7f5abce000 rwxp 7f7f5abc3000 00:00 0 
7f7f5abce000-7f7f5abed000 rwxp 7f7f5abce000 00:00 0 
7f7f5abed000-7f7f5ac0b000 rwxp 7f7f5abed000 00:00 0 
7f7f5ac0b000-7f7f5adc3000 rwxp 7f7f5ac0b000 00:00 0 
7f7f5adc3000-7f7f5add3000 rwxp 7f7f5adc3000 00:00 0 
7f7f5add3000-7f7f5aeaf000 rwxp 7f7f5add3000 00:00 0 
7f7f5aeaf000-7f7f5c370000 rwxp 7f7f5aeaf000 00:00 0 
7f7f5c370000-7f7f602b0000 rwxp 7f7f5c370000 00:00 0 
7f7f602b0000-7f7f63d90000 rwxp 7f7f602b0000 00:00 0 
7f7f63d90000-7f7f9b010000 rwxp 7f7f63d90000 00:00 0 
7f7f9b010000-7f7f9cd70000 rwxp 7f7f9b010000 00:00 0 
7f7f9cd70000-7f7fb86b0000 rwxp 7f7f9cd70000 00:00 0 
7f7fb86b0000-7f7fb86b3000 r-xs 000cb000 08:13 3162696                    /usr/lib/jvm/java-6-sun-1.6.0.13/jre/lib/ext/localedata.jar
7f7fb86b3000-7f7fb86bb000 r-xs 0004b000 08:11 162661                     /home/epsilon/文档/4_java/javaTools/commons-math-1.2/commons-math-1.2.jar
7f7fb86bb000-7f7fb892b000 rwxp 7f7fb86bb000 00:00 0 
7f7fb892b000-7f7fbb6bb000 rwxp 7f7fb892b000 00:00 0 
7f7fbb6bb000-7f7fbb6c9000 r-xp 00000000 08:13 3163206                    /usr/lib/jvm/java-6-sun-1.6.0.13/jre/lib/amd64/libzip.so
7f7fbb6c9000-7f7fbb7cb000 ---p 0000e000 08:13 3163206                    /usr/lib/jvm/java-6-sun-1.6.0.13/jre/lib/amd64/libzip.so
7f7fbb7cb000-7f7fbb7ce000 rwxp 00010000 08:13 3163206                    /usr/lib/jvm/java-6-sun-1.6.0.13/jre/lib/amd64/libzip.so
7f7fbb7ce000-7f7fbb7cf000 rwxp 7f7fbb7ce000 00:00 0 
7f7fbb7cf000-7f7fbb7f8000 r-xp 00000000 08:13 3163219                    /usr/lib/jvm/java-6-sun-1.6.0.13/jre/lib/amd64/libjava.so
7f7fbb7f8000-7f7fbb8f7000 ---p 00029000 08:13 3163219                    /usr/lib/jvm/java-6-sun-1.6.0.13/jre/lib/amd64/libjava.so
7f7fbb8f7000-7f7fbb8fe000 rwxp 00028000 08:13 3163219                    /usr/lib/jvm/java-6-sun-1.6.0.13/jre/lib/amd64/libjava.so
7f7fbb8fe000-7f7fbb90b000 r-xp 00000000 08:13 3163201                    /usr/lib/jvm/java-6-sun-1.6.0.13/jre/lib/amd64/libverify.so
7f7fbb90b000-7f7fbba0a000 ---p 0000d000 08:13 3163201                    /usr/lib/jvm/java-6-sun-1.6.0.13/jre/lib/amd64/libverify.so
7f7fbba0a000-7f7fbba0d000 rwxp 0000c000 08:13 3163201                    /usr/lib/jvm/java-6-sun-1.6.0.13/jre/lib/amd64/libverify.so
7f7fbba0d000-7f7fbba19000 r-xp 00000000 08:13 213021                     /lib/libnss_files-2.9.so
7f7fbba19000-7f7fbbc18000 ---p 0000c000 08:13 213021                     /lib/libnss_files-2.9.so
7f7fbbc18000-7f7fbbc19000 r-xp 0000b000 08:13 213021                     /lib/libnss_files-2.9.so
7f7fbbc19000-7f7fbbc1a000 rwxp 0000c000 08:13 213021                     /lib/libnss_files-2.9.so
7f7fbbc1a000-7f7fbbc24000 r-xp 00000000 08:13 213023                     /lib/libnss_nis-2.9.so
7f7fbbc24000-7f7fbbe23000 ---p 0000a000 08:13 213023                     /lib/libnss_nis-2.9.so
7f7fbbe23000-7f7fbbe24000 r-xp 00009000 08:13 213023                     /lib/libnss_nis-2.9.so
7f7fbbe24000-7f7fbbe25000 rwxp 0000a000 08:13 213023                     /lib/libnss_nis-2.9.so
7f7fbbe25000-7f7fbbe2d000 r-xp 00000000 08:13 213019                     /lib/libnss_compat-2.9.so
7f7fbbe2d000-7f7fbc02c000 ---p 00008000 08:13 213019                     /lib/libnss_compat-2.9.so
7f7fbc02c000-7f7fbc02d000 r-xp 00007000 08:13 213019                     /lib/libnss_compat-2.9.so
7f7fbc02d000-7f7fbc02e000 rwxp 00008000 08:13 213019                     /lib/libnss_compat-2.9.so
7f7fbc02e000-7f7fbc044000 r-xp 00000000 08:13 213018                     /lib/libnsl-2.9.so
7f7fbc044000-7f7fbc244000 ---p 00016000 08:13 213018                     /lib/libnsl-2.9.so
7f7fbc244000-7f7fbc245000 r-xp 00016000 08:13 213018                     /lib/libnsl-2.9.so
7f7fbc245000-7f7fbc246000 rwxp 00017000 08:13 213018                     /lib/libnsl-2.9.so
7f7fbc246000-7f7fbc248000 rwxp 7f7fbc246000 00:00 0 
7f7fbc248000-7f7fbc24f000 r-xp 00000000 08:13 3163208                    /usr/lib/jvm/java-6-sun-1.6.0.13/jre/lib/amd64/native_threads/libhpi.so
7f7fbc24f000-7f7fbc350000 ---p 00007000 08:13 3163208                    /usr/lib/jvm/java-6-sun-1.6.0.13/jre/lib/amd64/native_threads/libhpi.so
7f7fbc350000-7f7fbc352000 rwxp 00008000 08:13 3163208                    /usr/lib/jvm/java-6-sun-1.6.0.13/jre/lib/amd64/native_threads/libhpi.so
7f7fbc352000-7f7fbc353000 rwxp 7f7fbc352000 00:00 0 
7f7fbc353000-7f7fbc35a000 r-xp 00000000 08:13 213028                     /lib/librt-2.9.so
7f7fbc35a000-7f7fbc559000 ---p 00007000 08:13 213028                     /lib/librt-2.9.so
7f7fbc559000-7f7fbc55a000 r-xp 00006000 08:13 213028                     /lib/librt-2.9.so
7f7fbc55a000-7f7fbc55b000 rwxp 00007000 08:13 213028                     /lib/librt-2.9.so
7f7fbc55b000-7f7fbc55e000 ---p 7f7fbc55b000 00:00 0 
7f7fbc55e000-7f7fbc65c000 rwxp 7f7fbc55e000 00:00 0 
7f7fbc65c000-7f7fbc6e0000 r-xp 00000000 08:13 213016                     /lib/libm-2.9.so
7f7fbc6e0000-7f7fbc8df000 ---p 00084000 08:13 213016                     /lib/libm-2.9.so
7f7fbc8df000-7f7fbc8e0000 r-xp 00083000 08:13 213016                     /lib/libm-2.9.so
7f7fbc8e0000-7f7fbc8e1000 rwxp 00084000 08:13 213016                     /lib/libm-2.9.so
7f7fbc8e1000-7f7fbcf6e000 r-xp 00000000 08:13 3163226                    /usr/lib/jvm/java-6-sun-1.6.0.13/jre/lib/amd64/server/libjvm.so
7f7fbcf6e000-7f7fbd06d000 ---p 0068d000 08:13 3163226                    /usr/lib/jvm/java-6-sun-1.6.0.13/jre/lib/amd64/server/libjvm.so
7f7fbd06d000-7f7fbd1be000 rwxp 0068c000 08:13 3163226                    /usr/lib/jvm/java-6-sun-1.6.0.13/jre/lib/amd64/server/libjvm.so
7f7fbd1be000-7f7fbd1fb000 rwxp 7f7fbd1be000 00:00 0 
7f7fbd1fb000-7f7fbd363000 r-xp 00000000 08:13 213012                     /lib/libc-2.9.so
7f7fbd363000-7f7fbd563000 ---p 00168000 08:13 213012                     /lib/libc-2.9.so
7f7fbd563000-7f7fbd567000 r-xp 00168000 08:13 213012                     /lib/libc-2.9.so
7f7fbd567000-7f7fbd568000 rwxp 0016c000 08:13 213012                     /lib/libc-2.9.so
7f7fbd568000-7f7fbd56d000 rwxp 7f7fbd568000 00:00 0 
7f7fbd56d000-7f7fbd56f000 r-xp 00000000 08:13 213015                     /lib/libdl-2.9.so
7f7fbd56f000-7f7fbd76f000 ---p 00002000 08:13 213015                     /lib/libdl-2.9.so
7f7fbd76f000-7f7fbd770000 r-xp 00002000 08:13 213015                     /lib/libdl-2.9.so
7f7fbd770000-7f7fbd771000 rwxp 00003000 08:13 213015                     /lib/libdl-2.9.so
7f7fbd771000-7f7fbd788000 r-xp 00000000 08:13 213026                     /lib/libpthread-2.9.so
7f7fbd788000-7f7fbd987000 ---p 00017000 08:13 213026                     /lib/libpthread-2.9.so
7f7fbd987000-7f7fbd988000 r-xp 00016000 08:13 213026                     /lib/libpthread-2.9.so
7f7fbd988000-7f7fbd989000 rwxp 00017000 08:13 213026                     /lib/libpthread-2.9.so
7f7fbd989000-7f7fbd98d000 rwxp 7f7fbd989000 00:00 0 
7f7fbd98d000-7f7fbd9ad000 r-xp 00000000 08:13 213006                     /lib/ld-2.9.so
7f7fbd9ad000-7f7fbd9b0000 r-xs 00000000 08:13 3197439                    /var/cache/fontconfig/de156ccd2eddbdc19d37a45b8b2aac9c-x86-64.cache-2
7f7fbd9b0000-7f7fbd9b3000 r-xs 00000000 08:13 3197433                    /var/cache/fontconfig/ddd4086aec35a5275babba44bb759c3c-x86-64.cache-2
7f7fbd9b3000-7f7fbd9c1000 r-xs 000ba000 08:11 422677                     /home/epsilon/文档/4_java/javaTools/mtj.jar
7f7fbd9c1000-7f7fbd9cb000 rwxp 7f7fbd9c1000 00:00 0 
7f7fbd9cb000-7f7fbda81000 rwxp 7f7fbd9cb000 00:00 0 
7f7fbda81000-7f7fbda83000 rwxp 7f7fbda81000 00:00 0 
7f7fbda83000-7f7fbda8a000 r-xp 00000000 08:13 3163192                    /usr/lib/jvm/java-6-sun-1.6.0.13/jre/lib/amd64/jli/libjli.so
7f7fbda8a000-7f7fbdb8b000 ---p 00007000 08:13 3163192                    /usr/lib/jvm/java-6-sun-1.6.0.13/jre/lib/amd64/jli/libjli.so
7f7fbdb8b000-7f7fbdb8d000 rwxp 00008000 08:13 3163192                    /usr/lib/jvm/java-6-sun-1.6.0.13/jre/lib/amd64/jli/libjli.so
7f7fbdb8d000-7f7fbdb8e000 rwxp 7f7fbdb8d000 00:00 0 
7f7fbdb8f000-7f7fbdb90000 r-xs 00000000 08:13 3197445                    /var/cache/fontconfig/4c73fe0c47614734b17d736dbde7580a-x86-64.cache-2
7f7fbdb90000-7f7fbdb91000 r-xs 00000000 08:13 3197424                    /var/cache/fontconfig/4794a0821666d79190d59a36cb4f44b5-x86-64.cache-2
7f7fbdb91000-7f7fbdb94000 r-xs 00000000 08:13 3196574                    /var/cache/fontconfig/7ef2298fde41cc6eeb7af42e48b7d293-x86-64.cache-2
7f7fbdb94000-7f7fbdb98000 r-xs 00042000 08:11 181747                     /home/epsilon/NetBeansProjects/EpsilonUtils/trunk/dist/EpsilonYUtil.jar
7f7fbdb98000-7f7fbdb9f000 r-xs 00000000 08:13 2803699                    /usr/lib/gconv/gconv-modules.cache
7f7fbdb9f000-7f7fbdba7000 rwxs 00000000 08:13 376944                     /tmp/hsperfdata_epsilon/5912
7f7fbdba7000-7f7fbdba8000 rwxp 7f7fbdba7000 00:00 0 
7f7fbdba8000-7f7fbdba9000 r-xp 7f7fbdba8000 00:00 0 
7f7fbdba9000-7f7fbdbac000 rwxp 7f7fbdba9000 00:00 0 
7f7fbdbac000-7f7fbdbad000 r-xp 0001f000 08:13 213006                     /lib/ld-2.9.so
7f7fbdbad000-7f7fbdbae000 rwxp 00020000 08:13 213006                     /lib/ld-2.9.so
7fffc5b99000-7fffc5bae000 rwxp 7ffffffea000 00:00 0                      [stack]
7fffc5bff000-7fffc5c00000 r-xp 7fffc5bff000 00:00 0                      [vdso]
ffffffffff600000-ffffffffff601000 r-xp 00000000 00:00 0                  [vsyscall]

VM Arguments:
jvm_args: -Dawt.useSystemAAFontSettings=on 
java_command: net.epsilony.simpmeshfree.model.ModelTestFrame
Launcher Type: SUN_STANDARD

Environment Variables:
_JAVA_OPTIONS=-Dawt.useSystemAAFontSettings=on
PATH=/usr/local/sbin:/usr/local/bin:/usr/sbin:/usr/bin:/sbin:/bin:/usr/games
USERNAME=epsilon
LD_LIBRARY_PATH=/usr/lib/jvm/java-6-sun-1.6.0.13/jre/lib/amd64/server:/usr/lib/jvm/java-6-sun-1.6.0.13/jre/lib/amd64:/usr/lib/jvm/java-6-sun-1.6.0.13/jre/../lib/amd64
SHELL=/bin/bash
DISPLAY=:0.0

Signal Handlers:
SIGSEGV: [libjvm.so+0x5fcd20], sa_mask[0]=0x7ffbfeff, sa_flags=0x10000004
SIGBUS: [libjvm.so+0x5fcd20], sa_mask[0]=0x7ffbfeff, sa_flags=0x10000004
SIGFPE: [libjvm.so+0x4e0eb0], sa_mask[0]=0x7ffbfeff, sa_flags=0x10000004
SIGPIPE: [libjvm.so+0x4e0eb0], sa_mask[0]=0x7ffbfeff, sa_flags=0x10000004
SIGXFSZ: [libjvm.so+0x4e0eb0], sa_mask[0]=0x7ffbfeff, sa_flags=0x10000004
SIGILL: [libjvm.so+0x4e0eb0], sa_mask[0]=0x7ffbfeff, sa_flags=0x10000004
SIGUSR1: SIG_DFL, sa_mask[0]=0x00000000, sa_flags=0x00000000
SIGUSR2: [libjvm.so+0x4e35d0], sa_mask[0]=0x00000004, sa_flags=0x10000004
SIGHUP: [libjvm.so+0x4e3320], sa_mask[0]=0x7ffbfeff, sa_flags=0x10000004
SIGINT: SIG_IGN, sa_mask[0]=0x00000000, sa_flags=0x00000000
SIGTERM: [libjvm.so+0x4e3320], sa_mask[0]=0x7ffbfeff, sa_flags=0x10000004
SIGQUIT: [libjvm.so+0x4e3320], sa_mask[0]=0x7ffbfeff, sa_flags=0x10000004


---------------  S Y S T E M  ---------------

OS:5.0

uname:Linux 2.6.28-12-generic #43-Ubuntu SMP Fri May 1 19:31:32 UTC 2009 x86_64
libc:glibc 2.9 NPTL 2.9 
rlimit: STACK 8192k, CORE 0k, NPROC infinity, NOFILE 1024, AS infinity
load average:0.40 0.54 0.51

CPU:total 2 (2 cores per cpu, 1 threads per core) family 16 model 2 stepping 3, cmov, cx8, fxsr, mmx, sse, sse2, sse3, mmxext, 3dnow, 3dnowext, sse4a

Memory: 4k page, physical 5780180k(3353608k free), swap 3903752k(3865604k free)

vm_info: Java HotSpot(TM) 64-Bit Server VM (11.3-b02) for linux-amd64 JRE (1.6.0_13-b03), built on Mar  9 2009 11:08:22 by "java_re" with gcc 3.2.2 (SuSE Linux)

time: Mon May 18 10:38:00 2009
elapsed time: 0 seconds

