#
# An unexpected error has been detected by Java Runtime Environment:
#
#  SIGSEGV (0xb) at pc=0x00007f22ed84e11b, pid=17265, tid=139786292214096
#
# Java VM: Java HotSpot(TM) 64-Bit Server VM (11.3-b02 mixed mode linux-amd64)
# Problematic frame:
# C  [libc.so.6+0x8411b]  memcpy+0x15b
#
# If you would like to submit a bug report, please visit:
#   http://java.sun.com/webapps/bugreport/crash.jsp
#

---------------  T H R E A D  ---------------

Current thread (0x0000000040493000):  JavaThread "AWT-EventQueue-0" [_thread_in_vm, id=17282, stack(0x00007f22883ab000,0x00007f22884ac000)]

siginfo:si_signo=SIGSEGV: si_errno=0, si_code=2 (SEGV_ACCERR), si_addr=0x00007f22840ec000

Registers:
RAX=0x00007f22cbe0e870, RBX=0x00007f228b4812a0, RCX=0x000000000000009a, RDX=0x0000000000001d00
RSP=0x00007f22884aa338, RBP=0x00007f22884aa3c0, RSI=0x00007f22840ec000, RDI=0x00007f22cbe100a0
R8 =0x0000000000000ffc, R9 =0x00007f22ed69a5b8, R10=0x00007f22ed69e028, R11=0x0000000000001d00
R12=0x0000000000001d00, R13=0x0000000000000000, R14=0x0000000040494898, R15=0x00007f22884aa350
RIP=0x00007f22ed84e11b, EFL=0x0000000000010216, CSGSFS=0x0000000000000033, ERR=0x0000000000000004
  TRAPNO=0x000000000000000e

Top of Stack: (sp=0x00007f22884aa338)
0x00007f22884aa338:   00007f22ed1f6600 00000000404931c0
0x00007f22884aa348:   00007f22840ea7d0 0000000040493000
0x00007f22884aa358:   0000000000000000 0000000040493000
0x00007f22884aa368:   0000000000000000 0000000040493000
0x00007f22884aa378:   00007f22884aa4b8 0000000040493000
0x00007f22884aa388:   00007f22ed844276 0000000040493000
0x00007f22884aa398:   0000000040494898 00007f2284004120
0x00007f22884aa3a8:   00007f2284043860 00007f22884aa4b8
0x00007f22884aa3b8:   0000000040494840 00000000404931c0
0x00007f22884aa3c8:   00007f2283ddf486 00007f22840437b0
0x00007f22884aa3d8:   0000000040494848 0000000040494850
0x00007f22884aa3e8:   0000000040494858 0000000040494860
0x00007f22884aa3f8:   0000000040493718 0000000040494868
0x00007f22884aa408:   0000000040493760 0101010100493000
0x00007f22884aa418:   00007f228be78b00 00007f22884aa498
0x00007f22884aa428:   0000000000000101 00007f228be78b00
0x00007f22884aa438:   00007f22884aa4b8 0000000040493000
0x00007f22884aa448:   00007f22e8c98852 0000000040493000
0x00007f22884aa458:   00007f22884aa458 00007f228be78b00
0x00007f22884aa468:   00007f22884aa4b8 00007f228be79538
0x00007f22884aa478:   0000000000000000 00007f228be78b00
0x00007f22884aa488:   0000000000000000 00007f22884aa4b8
0x00007f22884aa498:   00007f22884aa500 00007f22e8c8d322
0x00007f22884aa4a8:   0000000000000000 00007f22e8c95358
0x00007f22884aa4b8:   00007f22cbdf35b0 00007f22884aa4c0
0x00007f22884aa4c8:   00007f228be775dd 00007f22884aa548
0x00007f22884aa4d8:   00007f228be79538 0000000000000000
0x00007f22884aa4e8:   00007f228be77668 00007f22884aa4b8
0x00007f22884aa4f8:   00007f22884aa538 00007f22884aa590
0x00007f22884aa508:   00007f22e8c8d322 0000000000000000
0x00007f22884aa518:   00007f22cbe0b4e8 0000000000000000
0x00007f22884aa528:   00007f22cbe0b4d0 00007f22cbe0b138 

Instructions: (pc=0x00007f22ed84e11b)
0x00007f22ed84e10b:   0f 47 da 4c 89 d9 49 83 e3 f8 48 c1 e9 03 74 05
0x00007f22ed84e11b:   f3 48 a5 66 90 4c 29 da 48 f7 c2 f8 ff ff ff 75 

Stack: [0x00007f22883ab000,0x00007f22884ac000],  sp=0x00007f22884aa338,  free space=1020k
Native frames: (J=compiled Java code, j=interpreted, Vv=VM code, C=native code)
C  [libc.so.6+0x8411b]  memcpy+0x15b

Java frames: (J=compiled Java code, j=interpreted, Vv=VM code)
j  net.epsilony.simpmeshfree.model.geometry.TriangleJni.triangleFun()V+0
j  net.epsilony.simpmeshfree.model.geometry.TriangleJni.complie(Lnet/epsilony/simpmeshfree/model/geometry/GeometryModel;Ljava/lang/String;)V+141
j  net.epsilony.simpmeshfree.model.mechanics.MechanicsModel.generateNodesByTriangle(DDLjava/lang/String;ZZ)V+110
j  net.epsilony.simpmeshfree.model.ModelTestFrame.<init>()V+599
j  net.epsilony.simpmeshfree.model.ModelTestFrame$1.run()V+4
j  java.awt.event.InvocationEvent.dispatch()V+47
j  java.awt.EventQueue.dispatchEvent(Ljava/awt/AWTEvent;)V+26
j  java.awt.EventDispatchThread.pumpOneEventForFilters(I)Z+204
j  java.awt.EventDispatchThread.pumpEventsForFilter(ILjava/awt/Conditional;Ljava/awt/EventFilter;)V+30
j  java.awt.EventDispatchThread.pumpEventsForHierarchy(ILjava/awt/Conditional;Ljava/awt/Component;)V+11
j  java.awt.EventDispatchThread.pumpEvents(ILjava/awt/Conditional;)V+4
j  java.awt.EventDispatchThread.pumpEvents(Ljava/awt/Conditional;)V+3
j  java.awt.EventDispatchThread.run()V+9
v  ~StubRoutines::call_stub

---------------  P R O C E S S  ---------------

Java Threads: ( => current thread )
  0x00007f228400ec00 JavaThread "Thread-3" [_thread_blocked, id=17285, stack(0x00007f22881a9000,0x00007f22882aa000)]
  0x00007f2284011c00 JavaThread "Thread-2" [_thread_blocked, id=17284, stack(0x00007f22882aa000,0x00007f22883ab000)]
  0x000000004013a000 JavaThread "DestroyJavaVM" [_thread_blocked, id=17266, stack(0x00007f22ecb2a000,0x00007f22ecc2b000)]
=>0x0000000040493000 JavaThread "AWT-EventQueue-0" [_thread_in_vm, id=17282, stack(0x00007f22883ab000,0x00007f22884ac000)]
  0x000000004048c800 JavaThread "AWT-Shutdown" [_thread_blocked, id=17281, stack(0x00007f22885b2000,0x00007f22886b3000)]
  0x000000004053dc00 JavaThread "AWT-XAWT" daemon [_thread_in_native, id=17280, stack(0x00007f22886b3000,0x00007f22887b4000)]
  0x000000004039c400 JavaThread "Java2D Disposer" daemon [_thread_blocked, id=17278, stack(0x00007f2288de8000,0x00007f2288ee9000)]
  0x00000000401f1800 JavaThread "Low Memory Detector" daemon [_thread_blocked, id=17275, stack(0x00007f228a41b000,0x00007f228a51c000)]
  0x00000000401ef000 JavaThread "CompilerThread1" daemon [_thread_in_native, id=17274, stack(0x00007f228a51c000,0x00007f228a61d000)]
  0x00000000401eb000 JavaThread "CompilerThread0" daemon [_thread_blocked, id=17273, stack(0x00007f228a61d000,0x00007f228a71e000)]
  0x00000000401e9000 JavaThread "Signal Dispatcher" daemon [_thread_blocked, id=17272, stack(0x00007f228a71e000,0x00007f228a81f000)]
  0x00000000401c7800 JavaThread "Finalizer" daemon [_thread_blocked, id=17271, stack(0x00007f228a85e000,0x00007f228a95f000)]
  0x00000000401c0800 JavaThread "Reference Handler" daemon [_thread_blocked, id=17270, stack(0x00007f228a95f000,0x00007f228aa60000)]

Other Threads:
  0x00000000401bb000 VMThread [stack: 0x00007f228aa60000,0x00007f228ab61000] [id=17269]
  0x00000000401f3c00 WatcherThread [stack: 0x00007f228a31a000,0x00007f228a41b000] [id=17276]

VM state:not at safepoint (normal execution)

VM Mutex/Monitor currently owned by a thread: None

Heap
 PSYoungGen      total 26368K, used 19348K [0x00007f22cb5e0000, 0x00007f22cd340000, 0x00007f22e8c80000)
  eden space 22656K, 85% used [0x00007f22cb5e0000,0x00007f22cc8c50d0,0x00007f22ccc00000)
  from space 3712K, 0% used [0x00007f22ccfa0000,0x00007f22ccfa0000,0x00007f22cd340000)
  to   space 3712K, 0% used [0x00007f22ccc00000,0x00007f22ccc00000,0x00007f22ccfa0000)
 PSOldGen        total 60288K, used 0K [0x00007f2290880000, 0x00007f2294360000, 0x00007f22cb5e0000)
  object space 60288K, 0% used [0x00007f2290880000,0x00007f2290880000,0x00007f2294360000)
 PSPermGen       total 21248K, used 10221K [0x00007f228b480000, 0x00007f228c940000, 0x00007f2290880000)
  object space 21248K, 48% used [0x00007f228b480000,0x00007f228be7b448,0x00007f228c940000)

Dynamic libraries:
40000000-40009000 r-xp 00000000 08:13 3163089                            /usr/lib/jvm/java-6-sun-1.6.0.13/jre/bin/java
40108000-4010a000 rwxp 00008000 08:13 3163089                            /usr/lib/jvm/java-6-sun-1.6.0.13/jre/bin/java
40132000-4102c000 rwxp 40132000 00:00 0                                  [heap]
7f22838b6000-7f22838cc000 r-xp 00000000 08:13 213005                     /lib/libgcc_s.so.1
7f22838cc000-7f2283acc000 ---p 00016000 08:13 213005                     /lib/libgcc_s.so.1
7f2283acc000-7f2283acd000 r-xp 00016000 08:13 213005                     /lib/libgcc_s.so.1
7f2283acd000-7f2283ace000 rwxp 00017000 08:13 213005                     /lib/libgcc_s.so.1
7f2283ace000-7f2283bbf000 r-xp 00000000 08:13 2802601                    /usr/lib/libstdc++.so.6.0.10
7f2283bbf000-7f2283dbf000 ---p 000f1000 08:13 2802601                    /usr/lib/libstdc++.so.6.0.10
7f2283dbf000-7f2283dc6000 r-xp 000f1000 08:13 2802601                    /usr/lib/libstdc++.so.6.0.10
7f2283dc6000-7f2283dc8000 rwxp 000f8000 08:13 2802601                    /usr/lib/libstdc++.so.6.0.10
7f2283dc8000-7f2283ddb000 rwxp 7f2283dc8000 00:00 0 
7f2283ddb000-7f2283dff000 r-xp 00000000 08:13 1942103                    /usr/lib/TriangleJniAmd64.so
7f2283dff000-7f2283ffe000 ---p 00024000 08:13 1942103                    /usr/lib/TriangleJniAmd64.so
7f2283ffe000-7f2283fff000 r-xp 00023000 08:13 1942103                    /usr/lib/TriangleJniAmd64.so
7f2283fff000-7f2284000000 rwxp 00024000 08:13 1942103                    /usr/lib/TriangleJniAmd64.so
7f2284000000-7f22840ec000 rwxp 7f2284000000 00:00 0 
7f22840ec000-7f2288000000 ---p 7f22840ec000 00:00 0 
7f22881a9000-7f22881ac000 ---p 7f22881a9000 00:00 0 
7f22881ac000-7f22882aa000 rwxp 7f22881ac000 00:00 0 
7f22882aa000-7f22882ad000 ---p 7f22882aa000 00:00 0 
7f22882ad000-7f22883ab000 rwxp 7f22882ad000 00:00 0 
7f22883ab000-7f22883ae000 ---p 7f22883ab000 00:00 0 
7f22883ae000-7f22884ac000 rwxp 7f22883ae000 00:00 0 
7f22884ac000-7f22884b5000 r-xs 00000000 08:13 3197464                    /var/cache/fontconfig/945677eb7aeaf62f1d50efc3fb3ec7d8-x86-64.cache-2
7f22884b5000-7f22884b7000 r-xs 00000000 08:13 3197468                    /var/cache/fontconfig/99e8ed0e538f840c565b6ed5dad60d56-x86-64.cache-2
7f22884b7000-7f22884ba000 r-xs 00000000 08:13 3197466                    /var/cache/fontconfig/e383d7ea5fbe662a33d9b44caf393297-x86-64.cache-2
7f22884ba000-7f22884be000 r-xs 00000000 08:13 3197459                    /var/cache/fontconfig/6eb3985aa4124903f6ff08ba781cd364-x86-64.cache-2
7f22884be000-7f22884c2000 r-xs 00000000 08:13 3196573                    /var/cache/fontconfig/a755afe4a08bf5b97852ceb7400b47bc-x86-64.cache-2
7f22884c2000-7f22884cb000 r-xs 00000000 08:13 3197440                    /var/cache/fontconfig/6d41288fd70b0be22e8c3a91e032eec0-x86-64.cache-2
7f22884cb000-7f22884d6000 r-xs 00000000 08:13 3197435                    /var/cache/fontconfig/e3de0de479f42330eadf588a55fb5bf4-x86-64.cache-2
7f22884d6000-7f22884e5000 r-xs 00000000 08:13 3197434                    /var/cache/fontconfig/0f34bcd4b6ee430af32735b75db7f02b-x86-64.cache-2
7f22884e5000-7f22884ee000 r-xs 00000000 08:13 3197417                    /var/cache/fontconfig/d52a8644073d54c13679302ca1180695-x86-64.cache-2
7f22885b2000-7f22885b5000 ---p 7f22885b2000 00:00 0 
7f22885b5000-7f22886b3000 rwxp 7f22885b5000 00:00 0 
7f22886b3000-7f22886b6000 ---p 7f22886b3000 00:00 0 
7f22886b6000-7f22887b4000 rwxp 7f22886b6000 00:00 0 
7f22887b4000-7f22887b9000 r-xp 00000000 08:13 2805390                    /usr/lib/libXfixes.so.3.1.0
7f22887b9000-7f22889b8000 ---p 00005000 08:13 2805390                    /usr/lib/libXfixes.so.3.1.0
7f22889b8000-7f22889b9000 rwxp 00004000 08:13 2805390                    /usr/lib/libXfixes.so.3.1.0
7f22889b9000-7f22889c2000 r-xp 00000000 08:13 2805803                    /usr/lib/libXrender.so.1.3.0
7f22889c2000-7f2288bc1000 ---p 00009000 08:13 2805803                    /usr/lib/libXrender.so.1.3.0
7f2288bc1000-7f2288bc2000 r-xp 00008000 08:13 2805803                    /usr/lib/libXrender.so.1.3.0
7f2288bc2000-7f2288bc3000 rwxp 00009000 08:13 2805803                    /usr/lib/libXrender.so.1.3.0
7f2288bc3000-7f2288bcc000 r-xp 00000000 08:13 2805843                    /usr/lib/libXcursor.so.1.0.2
7f2288bcc000-7f2288dcc000 ---p 00009000 08:13 2805843                    /usr/lib/libXcursor.so.1.0.2
7f2288dcc000-7f2288dcd000 rwxp 00009000 08:13 2805843                    /usr/lib/libXcursor.so.1.0.2
7f2288de5000-7f2288de8000 r-xs 000cb000 08:13 3162696                    /usr/lib/jvm/java-6-sun-1.6.0.13/jre/lib/ext/localedata.jar
7f2288de8000-7f2288deb000 ---p 7f2288de8000 00:00 0 
7f2288deb000-7f2288ee9000 rwxp 7f2288deb000 00:00 0 
7f2288ee9000-7f2288f67000 r-xp 00000000 08:13 3163204                    /usr/lib/jvm/java-6-sun-1.6.0.13/jre/lib/amd64/libfontmanager.so
7f2288f67000-7f2289066000 ---p 0007e000 08:13 3163204                    /usr/lib/jvm/java-6-sun-1.6.0.13/jre/lib/amd64/libfontmanager.so
7f2289066000-7f228907c000 rwxp 0007d000 08:13 3163204                    /usr/lib/jvm/java-6-sun-1.6.0.13/jre/lib/amd64/libfontmanager.so
7f228907c000-7f228908d000 rwxp 7f228907c000 00:00 0 
7f228908d000-7f2289092000 r-xp 00000000 08:13 2805384                    /usr/lib/libXdmcp.so.6.0.0
7f2289092000-7f2289291000 ---p 00005000 08:13 2805384                    /usr/lib/libXdmcp.so.6.0.0
7f2289291000-7f2289292000 rwxp 00004000 08:13 2805384                    /usr/lib/libXdmcp.so.6.0.0
7f2289292000-7f22892ad000 r-xp 00000000 08:13 2805386                    /usr/lib/libxcb.so.1.1.0
7f22892ad000-7f22894ac000 ---p 0001b000 08:13 2805386                    /usr/lib/libxcb.so.1.1.0
7f22894ac000-7f22894ad000 r-xp 0001a000 08:13 2805386                    /usr/lib/libxcb.so.1.1.0
7f22894ad000-7f22894ae000 rwxp 0001b000 08:13 2805386                    /usr/lib/libxcb.so.1.1.0
7f22894ae000-7f22894b0000 r-xp 00000000 08:13 2805382                    /usr/lib/libXau.so.6.0.0
7f22894b0000-7f22896af000 ---p 00002000 08:13 2805382                    /usr/lib/libXau.so.6.0.0
7f22896af000-7f22896b0000 r-xp 00001000 08:13 2805382                    /usr/lib/libXau.so.6.0.0
7f22896b0000-7f22896b1000 rwxp 00002000 08:13 2805382                    /usr/lib/libXau.so.6.0.0
7f22896b1000-7f22896ba000 r-xp 00000000 08:13 2805586                    /usr/lib/libXi.so.6.0.0
7f22896ba000-7f22898ba000 ---p 00009000 08:13 2805586                    /usr/lib/libXi.so.6.0.0
7f22898ba000-7f22898bb000 r-xp 00009000 08:13 2805586                    /usr/lib/libXi.so.6.0.0
7f22898bb000-7f22898bc000 rwxp 0000a000 08:13 2805586                    /usr/lib/libXi.so.6.0.0
7f22898bc000-7f22898c1000 r-xp 00000000 08:13 2806834                    /usr/lib/libXtst.so.6.1.0
7f22898c1000-7f2289ac1000 ---p 00005000 08:13 2806834                    /usr/lib/libXtst.so.6.1.0
7f2289ac1000-7f2289ac2000 r-xp 00005000 08:13 2806834                    /usr/lib/libXtst.so.6.1.0
7f2289ac2000-7f2289ac3000 rwxp 00006000 08:13 2806834                    /usr/lib/libXtst.so.6.1.0
7f2289ac3000-7f2289bc5000 r-xp 00000000 08:13 2805388                    /usr/lib/libX11.so.6.2.0
7f2289bc5000-7f2289dc5000 ---p 00102000 08:13 2805388                    /usr/lib/libX11.so.6.2.0
7f2289dc5000-7f2289dc6000 r-xp 00102000 08:13 2805388                    /usr/lib/libX11.so.6.2.0
7f2289dc6000-7f2289dca000 rwxp 00103000 08:13 2805388                    /usr/lib/libX11.so.6.2.0
7f2289dca000-7f2289ddb000 r-xp 00000000 08:13 2805394                    /usr/lib/libXext.so.6.4.0
7f2289ddb000-7f2289fda000 ---p 00011000 08:13 2805394                    /usr/lib/libXext.so.6.4.0
7f2289fda000-7f2289fdb000 r-xp 00010000 08:13 2805394                    /usr/lib/libXext.so.6.4.0
7f2289fdb000-7f2289fdc000 rwxp 00011000 08:13 2805394                    /usr/lib/libXext.so.6.4.0
7f2289fdd000-7f2289fe9000 r-xs 00000000 08:13 3197416                    /var/cache/fontconfig/089dead882dea3570ffc31a9898cfb69-x86-64.cache-2
7f2289fe9000-7f2289fed000 r-xs 00000000 08:13 3197398                    /var/cache/fontconfig/cabbd14511b9e8a55e92af97fb3a0461-x86-64.cache-2
7f2289fed000-7f2289ff7000 r-xs 00000000 08:13 3195524                    /var/cache/fontconfig/e13b20fdb08344e0e664864cc2ede53d-x86-64.cache-2
7f2289ff7000-7f228a038000 r-xp 00000000 08:13 3163194                    /usr/lib/jvm/java-6-sun-1.6.0.13/jre/lib/amd64/xawt/libmawt.so
7f228a038000-7f228a137000 ---p 00041000 08:13 3163194                    /usr/lib/jvm/java-6-sun-1.6.0.13/jre/lib/amd64/xawt/libmawt.so
7f228a137000-7f228a143000 rwxp 00040000 08:13 3163194                    /usr/lib/jvm/java-6-sun-1.6.0.13/jre/lib/amd64/xawt/libmawt.so
7f228a143000-7f228a144000 rwxp 7f228a143000 00:00 0 
7f228a144000-7f228a1d6000 r-xp 00000000 08:13 3163239                    /usr/lib/jvm/java-6-sun-1.6.0.13/jre/lib/amd64/libawt.so
7f228a1d6000-7f228a2d5000 ---p 00092000 08:13 3163239                    /usr/lib/jvm/java-6-sun-1.6.0.13/jre/lib/amd64/libawt.so
7f228a2d5000-7f228a2ee000 rwxp 00091000 08:13 3163239                    /usr/lib/jvm/java-6-sun-1.6.0.13/jre/lib/amd64/libawt.so
7f228a2ee000-7f228a313000 rwxp 7f228a2ee000 00:00 0 
7f228a313000-7f228a31a000 r-xs 00059000 08:11 1172178                    /home/epsilon/文档/4_java/javaTools/apache-log4j-1.2.15/log4j-1.2.15.jar
7f228a31a000-7f228a31b000 ---p 7f228a31a000 00:00 0 
7f228a31b000-7f228a41b000 rwxp 7f228a31b000 00:00 0 
7f228a41b000-7f228a41e000 ---p 7f228a41b000 00:00 0 
7f228a41e000-7f228a51c000 rwxp 7f228a41e000 00:00 0 
7f228a51c000-7f228a51f000 ---p 7f228a51c000 00:00 0 
7f228a51f000-7f228a61d000 rwxp 7f228a51f000 00:00 0 
7f228a61d000-7f228a620000 ---p 7f228a61d000 00:00 0 
7f228a620000-7f228a71e000 rwxp 7f228a620000 00:00 0 
7f228a71e000-7f228a721000 ---p 7f228a71e000 00:00 0 
7f228a721000-7f228a81f000 rwxp 7f228a721000 00:00 0 
7f228a81f000-7f228a85e000 r-xp 00000000 08:13 2827839                    /usr/lib/locale/zh_CN.utf8/LC_CTYPE
7f228a85e000-7f228a861000 ---p 7f228a85e000 00:00 0 
7f228a861000-7f228a95f000 rwxp 7f228a861000 00:00 0 
7f228a95f000-7f228a962000 ---p 7f228a95f000 00:00 0 
7f228a962000-7f228aa60000 rwxp 7f228a962000 00:00 0 
7f228aa60000-7f228aa61000 ---p 7f228aa60000 00:00 0 
7f228aa61000-7f228abd6000 rwxp 7f228aa61000 00:00 0 
7f228abd6000-7f228ad68000 r-xs 02f34000 08:13 2942580                    /usr/lib/jvm/java-6-sun-1.6.0.13/jre/lib/rt.jar
7f228ad68000-7f228ad90000 rwxp 7f228ad68000 00:00 0 
7f228ad90000-7f228ad91000 ---p 7f228ad90000 00:00 0 
7f228ad91000-7f228ae91000 rwxp 7f228ad91000 00:00 0 
7f228ae91000-7f228ae92000 ---p 7f228ae91000 00:00 0 
7f228ae92000-7f228af9d000 rwxp 7f228ae92000 00:00 0 
7f228af9d000-7f228afbc000 rwxp 7f228af9d000 00:00 0 
7f228afbc000-7f228afda000 rwxp 7f228afbc000 00:00 0 
7f228afda000-7f228b193000 rwxp 7f228afda000 00:00 0 
7f228b193000-7f228b19e000 rwxp 7f228b193000 00:00 0 
7f228b19e000-7f228b1bd000 rwxp 7f228b19e000 00:00 0 
7f228b1bd000-7f228b1db000 rwxp 7f228b1bd000 00:00 0 
7f228b1db000-7f228b393000 rwxp 7f228b1db000 00:00 0 
7f228b393000-7f228b3a3000 rwxp 7f228b393000 00:00 0 
7f228b3a3000-7f228b47f000 rwxp 7f228b3a3000 00:00 0 
7f228b47f000-7f228c940000 rwxp 7f228b47f000 00:00 0 
7f228c940000-7f2290880000 rwxp 7f228c940000 00:00 0 
7f2290880000-7f2294360000 rwxp 7f2290880000 00:00 0 
7f2294360000-7f22cb5e0000 rwxp 7f2294360000 00:00 0 
7f22cb5e0000-7f22cd340000 rwxp 7f22cb5e0000 00:00 0 
7f22cd340000-7f22e8c80000 rwxp 7f22cd340000 00:00 0 
7f22e8c82000-7f22e8c8a000 r-xs 0004b000 08:11 162661                     /home/epsilon/文档/4_java/javaTools/commons-math-1.2/commons-math-1.2.jar
7f22e8c8a000-7f22e8efa000 rwxp 7f22e8c8a000 00:00 0 
7f22e8efa000-7f22ebc8a000 rwxp 7f22e8efa000 00:00 0 
7f22ebc8a000-7f22ebc98000 r-xp 00000000 08:13 3163206                    /usr/lib/jvm/java-6-sun-1.6.0.13/jre/lib/amd64/libzip.so
7f22ebc98000-7f22ebd9a000 ---p 0000e000 08:13 3163206                    /usr/lib/jvm/java-6-sun-1.6.0.13/jre/lib/amd64/libzip.so
7f22ebd9a000-7f22ebd9d000 rwxp 00010000 08:13 3163206                    /usr/lib/jvm/java-6-sun-1.6.0.13/jre/lib/amd64/libzip.so
7f22ebd9d000-7f22ebd9e000 rwxp 7f22ebd9d000 00:00 0 
7f22ebd9e000-7f22ebdc7000 r-xp 00000000 08:13 3163219                    /usr/lib/jvm/java-6-sun-1.6.0.13/jre/lib/amd64/libjava.so
7f22ebdc7000-7f22ebec6000 ---p 00029000 08:13 3163219                    /usr/lib/jvm/java-6-sun-1.6.0.13/jre/lib/amd64/libjava.so
7f22ebec6000-7f22ebecd000 rwxp 00028000 08:13 3163219                    /usr/lib/jvm/java-6-sun-1.6.0.13/jre/lib/amd64/libjava.so
7f22ebecd000-7f22ebeda000 r-xp 00000000 08:13 3163201                    /usr/lib/jvm/java-6-sun-1.6.0.13/jre/lib/amd64/libverify.so
7f22ebeda000-7f22ebfd9000 ---p 0000d000 08:13 3163201                    /usr/lib/jvm/java-6-sun-1.6.0.13/jre/lib/amd64/libverify.so
7f22ebfd9000-7f22ebfdc000 rwxp 0000c000 08:13 3163201                    /usr/lib/jvm/java-6-sun-1.6.0.13/jre/lib/amd64/libverify.so
7f22ebfdc000-7f22ebfe8000 r-xp 00000000 08:13 213021                     /lib/libnss_files-2.9.so
7f22ebfe8000-7f22ec1e7000 ---p 0000c000 08:13 213021                     /lib/libnss_files-2.9.so
7f22ec1e7000-7f22ec1e8000 r-xp 0000b000 08:13 213021                     /lib/libnss_files-2.9.so
7f22ec1e8000-7f22ec1e9000 rwxp 0000c000 08:13 213021                     /lib/libnss_files-2.9.so
7f22ec1e9000-7f22ec1f3000 r-xp 00000000 08:13 213023                     /lib/libnss_nis-2.9.so
7f22ec1f3000-7f22ec3f2000 ---p 0000a000 08:13 213023                     /lib/libnss_nis-2.9.so
7f22ec3f2000-7f22ec3f3000 r-xp 00009000 08:13 213023                     /lib/libnss_nis-2.9.so
7f22ec3f3000-7f22ec3f4000 rwxp 0000a000 08:13 213023                     /lib/libnss_nis-2.9.so
7f22ec3f4000-7f22ec3fc000 r-xp 00000000 08:13 213019                     /lib/libnss_compat-2.9.so
7f22ec3fc000-7f22ec5fb000 ---p 00008000 08:13 213019                     /lib/libnss_compat-2.9.so
7f22ec5fb000-7f22ec5fc000 r-xp 00007000 08:13 213019                     /lib/libnss_compat-2.9.so
7f22ec5fc000-7f22ec5fd000 rwxp 00008000 08:13 213019                     /lib/libnss_compat-2.9.so
7f22ec5fd000-7f22ec613000 r-xp 00000000 08:13 213018                     /lib/libnsl-2.9.so
7f22ec613000-7f22ec813000 ---p 00016000 08:13 213018                     /lib/libnsl-2.9.so
7f22ec813000-7f22ec814000 r-xp 00016000 08:13 213018                     /lib/libnsl-2.9.so
7f22ec814000-7f22ec815000 rwxp 00017000 08:13 213018                     /lib/libnsl-2.9.so
7f22ec815000-7f22ec817000 rwxp 7f22ec815000 00:00 0 
7f22ec817000-7f22ec81e000 r-xp 00000000 08:13 3163208                    /usr/lib/jvm/java-6-sun-1.6.0.13/jre/lib/amd64/native_threads/libhpi.so
7f22ec81e000-7f22ec91f000 ---p 00007000 08:13 3163208                    /usr/lib/jvm/java-6-sun-1.6.0.13/jre/lib/amd64/native_threads/libhpi.so
7f22ec91f000-7f22ec921000 rwxp 00008000 08:13 3163208                    /usr/lib/jvm/java-6-sun-1.6.0.13/jre/lib/amd64/native_threads/libhpi.so
7f22ec921000-7f22ec922000 rwxp 7f22ec921000 00:00 0 
7f22ec922000-7f22ec929000 r-xp 00000000 08:13 213028                     /lib/librt-2.9.so
7f22ec929000-7f22ecb28000 ---p 00007000 08:13 213028                     /lib/librt-2.9.so
7f22ecb28000-7f22ecb29000 r-xp 00006000 08:13 213028                     /lib/librt-2.9.so
7f22ecb29000-7f22ecb2a000 rwxp 00007000 08:13 213028                     /lib/librt-2.9.so
7f22ecb2a000-7f22ecb2d000 ---p 7f22ecb2a000 00:00 0 
7f22ecb2d000-7f22ecc2b000 rwxp 7f22ecb2d000 00:00 0 
7f22ecc2b000-7f22eccaf000 r-xp 00000000 08:13 213016                     /lib/libm-2.9.so
7f22eccaf000-7f22eceae000 ---p 00084000 08:13 213016                     /lib/libm-2.9.so
7f22eceae000-7f22eceaf000 r-xp 00083000 08:13 213016                     /lib/libm-2.9.so
7f22eceaf000-7f22eceb0000 rwxp 00084000 08:13 213016                     /lib/libm-2.9.so
7f22eceb0000-7f22ed53d000 r-xp 00000000 08:13 3163226                    /usr/lib/jvm/java-6-sun-1.6.0.13/jre/lib/amd64/server/libjvm.so
7f22ed53d000-7f22ed63c000 ---p 0068d000 08:13 3163226                    /usr/lib/jvm/java-6-sun-1.6.0.13/jre/lib/amd64/server/libjvm.so
7f22ed63c000-7f22ed78d000 rwxp 0068c000 08:13 3163226                    /usr/lib/jvm/java-6-sun-1.6.0.13/jre/lib/amd64/server/libjvm.so
7f22ed78d000-7f22ed7ca000 rwxp 7f22ed78d000 00:00 0 
7f22ed7ca000-7f22ed932000 r-xp 00000000 08:13 213012                     /lib/libc-2.9.so
7f22ed932000-7f22edb32000 ---p 00168000 08:13 213012                     /lib/libc-2.9.so
7f22edb32000-7f22edb36000 r-xp 00168000 08:13 213012                     /lib/libc-2.9.so
7f22edb36000-7f22edb37000 rwxp 0016c000 08:13 213012                     /lib/libc-2.9.so
7f22edb37000-7f22edb3c000 rwxp 7f22edb37000 00:00 0 
7f22edb3c000-7f22edb3e000 r-xp 00000000 08:13 213015                     /lib/libdl-2.9.so
7f22edb3e000-7f22edd3e000 ---p 00002000 08:13 213015                     /lib/libdl-2.9.so
7f22edd3e000-7f22edd3f000 r-xp 00002000 08:13 213015                     /lib/libdl-2.9.so
7f22edd3f000-7f22edd40000 rwxp 00003000 08:13 213015                     /lib/libdl-2.9.so
7f22edd40000-7f22edd57000 r-xp 00000000 08:13 213026                     /lib/libpthread-2.9.so
7f22edd57000-7f22edf56000 ---p 00017000 08:13 213026                     /lib/libpthread-2.9.so
7f22edf56000-7f22edf57000 r-xp 00016000 08:13 213026                     /lib/libpthread-2.9.so
7f22edf57000-7f22edf58000 rwxp 00017000 08:13 213026                     /lib/libpthread-2.9.so
7f22edf58000-7f22edf5c000 rwxp 7f22edf58000 00:00 0 
7f22edf5c000-7f22edf7c000 r-xp 00000000 08:13 213006                     /lib/ld-2.9.so
7f22edf7c000-7f22edf7f000 r-xs 00000000 08:13 3197439                    /var/cache/fontconfig/de156ccd2eddbdc19d37a45b8b2aac9c-x86-64.cache-2
7f22edf7f000-7f22edf82000 r-xs 00000000 08:13 3197433                    /var/cache/fontconfig/ddd4086aec35a5275babba44bb759c3c-x86-64.cache-2
7f22edf82000-7f22edf90000 r-xs 000ba000 08:11 422677                     /home/epsilon/文档/4_java/javaTools/mtj.jar
7f22edf90000-7f22edf9a000 rwxp 7f22edf90000 00:00 0 
7f22edf9a000-7f22ee050000 rwxp 7f22edf9a000 00:00 0 
7f22ee050000-7f22ee052000 rwxp 7f22ee050000 00:00 0 
7f22ee052000-7f22ee059000 r-xp 00000000 08:13 3163192                    /usr/lib/jvm/java-6-sun-1.6.0.13/jre/lib/amd64/jli/libjli.so
7f22ee059000-7f22ee15a000 ---p 00007000 08:13 3163192                    /usr/lib/jvm/java-6-sun-1.6.0.13/jre/lib/amd64/jli/libjli.so
7f22ee15a000-7f22ee15c000 rwxp 00008000 08:13 3163192                    /usr/lib/jvm/java-6-sun-1.6.0.13/jre/lib/amd64/jli/libjli.so
7f22ee15c000-7f22ee15d000 rwxp 7f22ee15c000 00:00 0 
7f22ee15e000-7f22ee15f000 r-xs 00000000 08:13 3197445                    /var/cache/fontconfig/4c73fe0c47614734b17d736dbde7580a-x86-64.cache-2
7f22ee15f000-7f22ee160000 r-xs 00000000 08:13 3197424                    /var/cache/fontconfig/4794a0821666d79190d59a36cb4f44b5-x86-64.cache-2
7f22ee160000-7f22ee163000 r-xs 00000000 08:13 3196574                    /var/cache/fontconfig/7ef2298fde41cc6eeb7af42e48b7d293-x86-64.cache-2
7f22ee163000-7f22ee167000 r-xs 00042000 08:11 181747                     /home/epsilon/NetBeansProjects/EpsilonUtils/trunk/dist/EpsilonYUtil.jar
7f22ee167000-7f22ee16e000 r-xs 00000000 08:13 2803699                    /usr/lib/gconv/gconv-modules.cache
7f22ee16e000-7f22ee176000 rwxs 00000000 08:13 376961                     /tmp/hsperfdata_epsilon/17265
7f22ee176000-7f22ee177000 rwxp 7f22ee176000 00:00 0 
7f22ee177000-7f22ee178000 r-xp 7f22ee177000 00:00 0 
7f22ee178000-7f22ee17b000 rwxp 7f22ee178000 00:00 0 
7f22ee17b000-7f22ee17c000 r-xp 0001f000 08:13 213006                     /lib/ld-2.9.so
7f22ee17c000-7f22ee17d000 rwxp 00020000 08:13 213006                     /lib/ld-2.9.so
7ffff6167000-7ffff617c000 rwxp 7ffffffea000 00:00 0                      [stack]
7ffff61ff000-7ffff6200000 r-xp 7ffff61ff000 00:00 0                      [vdso]
ffffffffff600000-ffffffffff601000 r-xp 00000000 00:00 0                  [vsyscall]

VM Arguments:
jvm_args: -Dawt.useSystemAAFontSettings=on 
java_command: net.epsilony.simpmeshfree.model.ModelTestFrame
Launcher Type: SUN_STANDARD

Environment Variables:
_JAVA_OPTIONS=-Dawt.useSystemAAFontSettings=on
PATH=/usr/local/sbin:/usr/local/bin:/usr/sbin:/usr/bin:/sbin:/bin:/usr/games
USERNAME=epsilon
LD_LIBRARY_PATH=/usr/lib/jvm/java-6-sun-1.6.0.13/jre/lib/amd64/server:/usr/lib/jvm/java-6-sun-1.6.0.13/jre/lib/amd64:/usr/lib/jvm/java-6-sun-1.6.0.13/jre/../lib/amd64
SHELL=/bin/bash
DISPLAY=:0.0

Signal Handlers:
SIGSEGV: [libjvm.so+0x5fcd20], sa_mask[0]=0x7ffbfeff, sa_flags=0x10000004
SIGBUS: [libjvm.so+0x5fcd20], sa_mask[0]=0x7ffbfeff, sa_flags=0x10000004
SIGFPE: [libjvm.so+0x4e0eb0], sa_mask[0]=0x7ffbfeff, sa_flags=0x10000004
SIGPIPE: [libjvm.so+0x4e0eb0], sa_mask[0]=0x7ffbfeff, sa_flags=0x10000004
SIGXFSZ: [libjvm.so+0x4e0eb0], sa_mask[0]=0x7ffbfeff, sa_flags=0x10000004
SIGILL: [libjvm.so+0x4e0eb0], sa_mask[0]=0x7ffbfeff, sa_flags=0x10000004
SIGUSR1: SIG_DFL, sa_mask[0]=0x00000000, sa_flags=0x00000000
SIGUSR2: [libjvm.so+0x4e35d0], sa_mask[0]=0x00000004, sa_flags=0x10000004
SIGHUP: [libjvm.so+0x4e3320], sa_mask[0]=0x7ffbfeff, sa_flags=0x10000004
SIGINT: SIG_IGN, sa_mask[0]=0x00000000, sa_flags=0x00000000
SIGTERM: [libjvm.so+0x4e3320], sa_mask[0]=0x7ffbfeff, sa_flags=0x10000004
SIGQUIT: [libjvm.so+0x4e3320], sa_mask[0]=0x7ffbfeff, sa_flags=0x10000004


---------------  S Y S T E M  ---------------

OS:5.0

uname:Linux 2.6.28-12-generic #43-Ubuntu SMP Fri May 1 19:31:32 UTC 2009 x86_64
libc:glibc 2.9 NPTL 2.9 
rlimit: STACK 8192k, CORE 0k, NPROC infinity, NOFILE 1024, AS infinity
load average:0.38 0.30 0.23

CPU:total 2 (2 cores per cpu, 1 threads per core) family 16 model 2 stepping 3, cmov, cx8, fxsr, mmx, sse, sse2, sse3, mmxext, 3dnow, 3dnowext, sse4a

Memory: 4k page, physical 5780180k(3038044k free), swap 3903752k(3865604k free)

vm_info: Java HotSpot(TM) 64-Bit Server VM (11.3-b02) for linux-amd64 JRE (1.6.0_13-b03), built on Mar  9 2009 11:08:22 by "java_re" with gcc 3.2.2 (SuSE Linux)

time: Mon May 18 13:22:39 2009
elapsed time: 0 seconds

