#
# An unexpected error has been detected by Java Runtime Environment:
#
#  SIGSEGV (0xb) at pc=0x00007fe299f4711b, pid=24115, tid=140609523923280
#
# Java VM: Java HotSpot(TM) 64-Bit Server VM (11.3-b02 mixed mode linux-amd64)
# Problematic frame:
# C  [libc.so.6+0x8411b]  memcpy+0x15b
#
# If you would like to submit a bug report, please visit:
#   http://java.sun.com/webapps/bugreport/crash.jsp
#

---------------  T H R E A D  ---------------

Current thread (0x00007fe23006c800):  JavaThread "AWT-EventQueue-0" [_thread_in_vm, id=24130, stack(0x00007fe234a9b000,0x00007fe234b9c000)]

siginfo:si_signo=SIGSEGV: si_errno=0, si_code=2 (SEGV_ACCERR), si_addr=0x00007fe23011e000

Registers:
RAX=0x00007fe27909d9d0, RBX=0x00007fe237b812a0, RCX=0x0000000000000068, RDX=0x0000000000000e20
RSP=0x00007fe234b9a258, RBP=0x00007fe234b9a2e0, RSI=0x00007fe23011e000, RDI=0x00007fe27909e4b0
R8 =0x0000000000000ffc, R9 =0x00007fe299d935b8, R10=0x00007fe299d97028, R11=0x0000000000000e20
R12=0x0000000000000e20, R13=0x0000000000000000, R14=0x00000000422044c8, R15=0x00007fe234b9a270
RIP=0x00007fe299f4711b, EFL=0x0000000000010212, CSGSFS=0x0000000000000033, ERR=0x0000000000000004
  TRAPNO=0x000000000000000e

Top of Stack: (sp=0x00007fe234b9a258)
0x00007fe234b9a258:   00007fe2998ef600 00007fe23006c9c0
0x00007fe234b9a268:   00007fe23011d520 00007fe23006c800
0x00007fe234b9a278:   0000000000000000 00007fe23006c800
0x00007fe234b9a288:   0000000000000000 00007fe23006c800
0x00007fe234b9a298:   00007fe234b9a3d8 00007fe23006c800
0x00007fe234b9a2a8:   00007fe299f3d276 00007fe23006c800
0x00007fe234b9a2b8:   00000000422044c8 00007fe230073640
0x00007fe234b9a2c8:   00007fe23003b110 00007fe234b9a3d8
0x00007fe234b9a2d8:   0000000042204470 00007fe23006c9c0
0x00007fe234b9a2e8:   00007fe2345fd486 00007fe2300387b0
0x00007fe234b9a2f8:   0000000042204478 0000000042204480
0x00007fe234b9a308:   0000000042204488 0000000042204490
0x00007fe234b9a318:   00007fe234b9a378 0000000042204498
0x00007fe234b9a328:   0000000000000000 0101010100fb3db8
0x00007fe234b9a338:   00007fe238578ab8 00007fe234b9a3b8
0x00007fe234b9a348:   0000000000000101 00007fe238578ab8
0x00007fe234b9a358:   00007fe234b9a3d8 00007fe23006c800
0x00007fe234b9a368:   00007fe295391852 00007fe237fbb520
0x00007fe234b9a378:   00007fe234b9a378 0000000000000000
0x00007fe234b9a388:   00007fe234b9a3d8 00007fe2385794f0
0x00007fe234b9a398:   0000000000000000 00007fe238578ab8
0x00007fe234b9a3a8:   0000000000000000 00007fe234b9a3d8
0x00007fe234b9a3b8:   00007fe234b9a420 00007fe295386322
0x00007fe234b9a3c8:   0000000000000000 00007fe29538e358
0x00007fe234b9a3d8:   00007fe27908ec08 00007fe234b9a3e0
0x00007fe234b9a3e8:   00007fe238577595 00007fe234b9a468
0x00007fe234b9a3f8:   00007fe2385794f0 0000000000000000
0x00007fe234b9a408:   00007fe238577620 00007fe234b9a3d8
0x00007fe234b9a418:   00007fe234b9a458 00007fe234b9a4b0
0x00007fe234b9a428:   00007fe295386322 0000000000000000
0x00007fe234b9a438:   00007fe27909bf00 0000000000000000
0x00007fe234b9a448:   00007fe27909bee8 00007fe27909bb50 

Instructions: (pc=0x00007fe299f4711b)
0x00007fe299f4710b:   0f 47 da 4c 89 d9 49 83 e3 f8 48 c1 e9 03 74 05
0x00007fe299f4711b:   f3 48 a5 66 90 4c 29 da 48 f7 c2 f8 ff ff ff 75 

Stack: [0x00007fe234a9b000,0x00007fe234b9c000],  sp=0x00007fe234b9a258,  free space=1020k
Native frames: (J=compiled Java code, j=interpreted, Vv=VM code, C=native code)
C  [libc.so.6+0x8411b]  memcpy+0x15b

Java frames: (J=compiled Java code, j=interpreted, Vv=VM code)
j  net.epsilony.simpmeshfree.model.geometry.TriangleJni.triangleFun()V+0
j  net.epsilony.simpmeshfree.model.geometry.TriangleJni.complie(Lnet/epsilony/simpmeshfree/model/geometry/GeometryModel;Ljava/lang/String;)V+141
j  net.epsilony.simpmeshfree.model.mechanics.MechanicsModel.generateQuadratureDomainsByTriangle(DDLjava/lang/String;)V+60
j  net.epsilony.simpmeshfree.model.ModelTestFrame.<init>()V+614
j  net.epsilony.simpmeshfree.model.ModelTestFrame$1.run()V+4
j  java.awt.event.InvocationEvent.dispatch()V+47
j  java.awt.EventQueue.dispatchEvent(Ljava/awt/AWTEvent;)V+26
j  java.awt.EventDispatchThread.pumpOneEventForFilters(I)Z+204
j  java.awt.EventDispatchThread.pumpEventsForFilter(ILjava/awt/Conditional;Ljava/awt/EventFilter;)V+30
j  java.awt.EventDispatchThread.pumpEventsForHierarchy(ILjava/awt/Conditional;Ljava/awt/Component;)V+11
j  java.awt.EventDispatchThread.pumpEvents(ILjava/awt/Conditional;)V+4
j  java.awt.EventDispatchThread.pumpEvents(Ljava/awt/Conditional;)V+3
j  java.awt.EventDispatchThread.run()V+9
v  ~StubRoutines::call_stub

---------------  P R O C E S S  ---------------

Java Threads: ( => current thread )
  0x00007fe230071400 JavaThread "Thread-3" [_thread_blocked, id=24132, stack(0x00007fe23499a000,0x00007fe234a9b000)]
  0x00007fe230070800 JavaThread "Thread-2" [_thread_blocked, id=24131, stack(0x00007fe23481e000,0x00007fe23491f000)]
  0x00007fe23000d000 JavaThread "DestroyJavaVM" [_thread_blocked, id=24116, stack(0x00007fe299223000,0x00007fe299324000)]
=>0x00007fe23006c800 JavaThread "AWT-EventQueue-0" [_thread_in_vm, id=24130, stack(0x00007fe234a9b000,0x00007fe234b9c000)]
  0x00007fe23006b800 JavaThread "AWT-Shutdown" [_thread_blocked, id=24129, stack(0x00007fe234caa000,0x00007fe234dab000)]
  0x00007fe23006ac00 JavaThread "AWT-XAWT" daemon [_thread_in_native, id=24128, stack(0x00007fe234dab000,0x00007fe234eac000)]
  0x00007fe230008800 JavaThread "Java2D Disposer" daemon [_thread_blocked, id=24127, stack(0x00007fe2354e0000,0x00007fe2355e1000)]
  0x0000000041f27800 JavaThread "Low Memory Detector" daemon [_thread_blocked, id=24125, stack(0x00007fe236b1b000,0x00007fe236c1c000)]
  0x0000000041f25000 JavaThread "CompilerThread1" daemon [_thread_blocked, id=24124, stack(0x00007fe236c1c000,0x00007fe236d1d000)]
  0x0000000041f21000 JavaThread "CompilerThread0" daemon [_thread_in_native, id=24123, stack(0x00007fe236d1d000,0x00007fe236e1e000)]
  0x0000000041f1f000 JavaThread "Signal Dispatcher" daemon [_thread_blocked, id=24122, stack(0x00007fe236e1e000,0x00007fe236f1f000)]
  0x0000000041efd800 JavaThread "Finalizer" daemon [_thread_blocked, id=24121, stack(0x00007fe236f5e000,0x00007fe23705f000)]
  0x0000000041ef6800 JavaThread "Reference Handler" daemon [_thread_blocked, id=24120, stack(0x00007fe23705f000,0x00007fe237160000)]

Other Threads:
  0x0000000041ef1000 VMThread [stack: 0x00007fe237160000,0x00007fe237261000] [id=24119]
  0x0000000041f29c00 WatcherThread [stack: 0x00007fe236a1a000,0x00007fe236b1b000] [id=24126]

VM state:not at safepoint (normal execution)

VM Mutex/Monitor currently owned by a thread: None

Heap
 PSYoungGen      total 26368K, used 20254K [0x00007fe277ce0000, 0x00007fe279a40000, 0x00007fe295380000)
  eden space 22656K, 89% used [0x00007fe277ce0000,0x00007fe2790a7ba0,0x00007fe279300000)
  from space 3712K, 0% used [0x00007fe2796a0000,0x00007fe2796a0000,0x00007fe279a40000)
  to   space 3712K, 0% used [0x00007fe279300000,0x00007fe279300000,0x00007fe2796a0000)
 PSOldGen        total 60288K, used 0K [0x00007fe23cf80000, 0x00007fe240a60000, 0x00007fe277ce0000)
  object space 60288K, 0% used [0x00007fe23cf80000,0x00007fe23cf80000,0x00007fe240a60000)
 PSPermGen       total 21248K, used 10245K [0x00007fe237b80000, 0x00007fe239040000, 0x00007fe23cf80000)
  object space 21248K, 48% used [0x00007fe237b80000,0x00007fe238581510,0x00007fe239040000)

Dynamic libraries:
40000000-40009000 r-xp 00000000 08:13 3163089                            /usr/lib/jvm/java-6-sun-1.6.0.13/jre/bin/java
40108000-4010a000 rwxp 00008000 08:13 3163089                            /usr/lib/jvm/java-6-sun-1.6.0.13/jre/bin/java
41e68000-43133000 rwxp 41e68000 00:00 0                                  [heap]
7fe230000000-7fe23011e000 rwxp 7fe230000000 00:00 0 
7fe23011e000-7fe234000000 ---p 7fe23011e000 00:00 0 
7fe2340d4000-7fe2340ea000 r-xp 00000000 08:13 213005                     /lib/libgcc_s.so.1
7fe2340ea000-7fe2342ea000 ---p 00016000 08:13 213005                     /lib/libgcc_s.so.1
7fe2342ea000-7fe2342eb000 r-xp 00016000 08:13 213005                     /lib/libgcc_s.so.1
7fe2342eb000-7fe2342ec000 rwxp 00017000 08:13 213005                     /lib/libgcc_s.so.1
7fe2342ec000-7fe2343dd000 r-xp 00000000 08:13 2802601                    /usr/lib/libstdc++.so.6.0.10
7fe2343dd000-7fe2345dd000 ---p 000f1000 08:13 2802601                    /usr/lib/libstdc++.so.6.0.10
7fe2345dd000-7fe2345e4000 r-xp 000f1000 08:13 2802601                    /usr/lib/libstdc++.so.6.0.10
7fe2345e4000-7fe2345e6000 rwxp 000f8000 08:13 2802601                    /usr/lib/libstdc++.so.6.0.10
7fe2345e6000-7fe2345f9000 rwxp 7fe2345e6000 00:00 0 
7fe2345f9000-7fe23461d000 r-xp 00000000 08:13 1942103                    /usr/lib/TriangleJniAmd64.so
7fe23461d000-7fe23481c000 ---p 00024000 08:13 1942103                    /usr/lib/TriangleJniAmd64.so
7fe23481c000-7fe23481d000 r-xp 00023000 08:13 1942103                    /usr/lib/TriangleJniAmd64.so
7fe23481d000-7fe23481e000 rwxp 00024000 08:13 1942103                    /usr/lib/TriangleJniAmd64.so
7fe23481e000-7fe234821000 ---p 7fe23481e000 00:00 0 
7fe234821000-7fe23491f000 rwxp 7fe234821000 00:00 0 
7fe23499a000-7fe23499d000 ---p 7fe23499a000 00:00 0 
7fe23499d000-7fe234a9b000 rwxp 7fe23499d000 00:00 0 
7fe234a9b000-7fe234a9e000 ---p 7fe234a9b000 00:00 0 
7fe234a9e000-7fe234b9c000 rwxp 7fe234a9e000 00:00 0 
7fe234b9c000-7fe234ba5000 r-xs 00000000 08:13 3197464                    /var/cache/fontconfig/945677eb7aeaf62f1d50efc3fb3ec7d8-x86-64.cache-2
7fe234ba5000-7fe234ba7000 r-xs 00000000 08:13 3197468                    /var/cache/fontconfig/99e8ed0e538f840c565b6ed5dad60d56-x86-64.cache-2
7fe234ba7000-7fe234baa000 r-xs 00000000 08:13 3197466                    /var/cache/fontconfig/e383d7ea5fbe662a33d9b44caf393297-x86-64.cache-2
7fe234baa000-7fe234bae000 r-xs 00000000 08:13 3197459                    /var/cache/fontconfig/6eb3985aa4124903f6ff08ba781cd364-x86-64.cache-2
7fe234bae000-7fe234baf000 r-xs 00000000 08:13 3197445                    /var/cache/fontconfig/4c73fe0c47614734b17d736dbde7580a-x86-64.cache-2
7fe234baf000-7fe234bb3000 r-xs 00000000 08:13 3196573                    /var/cache/fontconfig/a755afe4a08bf5b97852ceb7400b47bc-x86-64.cache-2
7fe234bb3000-7fe234bbc000 r-xs 00000000 08:13 3197440                    /var/cache/fontconfig/6d41288fd70b0be22e8c3a91e032eec0-x86-64.cache-2
7fe234bbc000-7fe234bbf000 r-xs 00000000 08:13 3197439                    /var/cache/fontconfig/de156ccd2eddbdc19d37a45b8b2aac9c-x86-64.cache-2
7fe234bbf000-7fe234bca000 r-xs 00000000 08:13 3197435                    /var/cache/fontconfig/e3de0de479f42330eadf588a55fb5bf4-x86-64.cache-2
7fe234bca000-7fe234bd9000 r-xs 00000000 08:13 3197434                    /var/cache/fontconfig/0f34bcd4b6ee430af32735b75db7f02b-x86-64.cache-2
7fe234bd9000-7fe234bdc000 r-xs 00000000 08:13 3197433                    /var/cache/fontconfig/ddd4086aec35a5275babba44bb759c3c-x86-64.cache-2
7fe234bdc000-7fe234bdd000 r-xs 00000000 08:13 3197424                    /var/cache/fontconfig/4794a0821666d79190d59a36cb4f44b5-x86-64.cache-2
7fe234bdd000-7fe234be6000 r-xs 00000000 08:13 3197417                    /var/cache/fontconfig/d52a8644073d54c13679302ca1180695-x86-64.cache-2
7fe234caa000-7fe234cad000 ---p 7fe234caa000 00:00 0 
7fe234cad000-7fe234dab000 rwxp 7fe234cad000 00:00 0 
7fe234dab000-7fe234dae000 ---p 7fe234dab000 00:00 0 
7fe234dae000-7fe234eac000 rwxp 7fe234dae000 00:00 0 
7fe234eac000-7fe234eb1000 r-xp 00000000 08:13 2805390                    /usr/lib/libXfixes.so.3.1.0
7fe234eb1000-7fe2350b0000 ---p 00005000 08:13 2805390                    /usr/lib/libXfixes.so.3.1.0
7fe2350b0000-7fe2350b1000 rwxp 00004000 08:13 2805390                    /usr/lib/libXfixes.so.3.1.0
7fe2350b1000-7fe2350ba000 r-xp 00000000 08:13 2805803                    /usr/lib/libXrender.so.1.3.0
7fe2350ba000-7fe2352b9000 ---p 00009000 08:13 2805803                    /usr/lib/libXrender.so.1.3.0
7fe2352b9000-7fe2352ba000 r-xp 00008000 08:13 2805803                    /usr/lib/libXrender.so.1.3.0
7fe2352ba000-7fe2352bb000 rwxp 00009000 08:13 2805803                    /usr/lib/libXrender.so.1.3.0
7fe2352bb000-7fe2352c4000 r-xp 00000000 08:13 2805843                    /usr/lib/libXcursor.so.1.0.2
7fe2352c4000-7fe2354c4000 ---p 00009000 08:13 2805843                    /usr/lib/libXcursor.so.1.0.2
7fe2354c4000-7fe2354c5000 rwxp 00009000 08:13 2805843                    /usr/lib/libXcursor.so.1.0.2
7fe2354e0000-7fe2354e3000 ---p 7fe2354e0000 00:00 0 
7fe2354e3000-7fe2355e1000 rwxp 7fe2354e3000 00:00 0 
7fe2355e1000-7fe23565f000 r-xp 00000000 08:13 3163204                    /usr/lib/jvm/java-6-sun-1.6.0.13/jre/lib/amd64/libfontmanager.so
7fe23565f000-7fe23575e000 ---p 0007e000 08:13 3163204                    /usr/lib/jvm/java-6-sun-1.6.0.13/jre/lib/amd64/libfontmanager.so
7fe23575e000-7fe235774000 rwxp 0007d000 08:13 3163204                    /usr/lib/jvm/java-6-sun-1.6.0.13/jre/lib/amd64/libfontmanager.so
7fe235774000-7fe235785000 rwxp 7fe235774000 00:00 0 
7fe235785000-7fe23578a000 r-xp 00000000 08:13 2805384                    /usr/lib/libXdmcp.so.6.0.0
7fe23578a000-7fe235989000 ---p 00005000 08:13 2805384                    /usr/lib/libXdmcp.so.6.0.0
7fe235989000-7fe23598a000 rwxp 00004000 08:13 2805384                    /usr/lib/libXdmcp.so.6.0.0
7fe23598a000-7fe2359a5000 r-xp 00000000 08:13 2805386                    /usr/lib/libxcb.so.1.1.0
7fe2359a5000-7fe235ba4000 ---p 0001b000 08:13 2805386                    /usr/lib/libxcb.so.1.1.0
7fe235ba4000-7fe235ba5000 r-xp 0001a000 08:13 2805386                    /usr/lib/libxcb.so.1.1.0
7fe235ba5000-7fe235ba6000 rwxp 0001b000 08:13 2805386                    /usr/lib/libxcb.so.1.1.0
7fe235ba6000-7fe235ba8000 r-xp 00000000 08:13 2805382                    /usr/lib/libXau.so.6.0.0
7fe235ba8000-7fe235da7000 ---p 00002000 08:13 2805382                    /usr/lib/libXau.so.6.0.0
7fe235da7000-7fe235da8000 r-xp 00001000 08:13 2805382                    /usr/lib/libXau.so.6.0.0
7fe235da8000-7fe235da9000 rwxp 00002000 08:13 2805382                    /usr/lib/libXau.so.6.0.0
7fe235da9000-7fe235db2000 r-xp 00000000 08:13 2805586                    /usr/lib/libXi.so.6.0.0
7fe235db2000-7fe235fb2000 ---p 00009000 08:13 2805586                    /usr/lib/libXi.so.6.0.0
7fe235fb2000-7fe235fb3000 r-xp 00009000 08:13 2805586                    /usr/lib/libXi.so.6.0.0
7fe235fb3000-7fe235fb4000 rwxp 0000a000 08:13 2805586                    /usr/lib/libXi.so.6.0.0
7fe235fb4000-7fe235fb9000 r-xp 00000000 08:13 2806834                    /usr/lib/libXtst.so.6.1.0
7fe235fb9000-7fe2361b9000 ---p 00005000 08:13 2806834                    /usr/lib/libXtst.so.6.1.0
7fe2361b9000-7fe2361ba000 r-xp 00005000 08:13 2806834                    /usr/lib/libXtst.so.6.1.0
7fe2361ba000-7fe2361bb000 rwxp 00006000 08:13 2806834                    /usr/lib/libXtst.so.6.1.0
7fe2361bb000-7fe2362bd000 r-xp 00000000 08:13 2805388                    /usr/lib/libX11.so.6.2.0
7fe2362bd000-7fe2364bd000 ---p 00102000 08:13 2805388                    /usr/lib/libX11.so.6.2.0
7fe2364bd000-7fe2364be000 r-xp 00102000 08:13 2805388                    /usr/lib/libX11.so.6.2.0
7fe2364be000-7fe2364c2000 rwxp 00103000 08:13 2805388                    /usr/lib/libX11.so.6.2.0
7fe2364c2000-7fe2364d3000 r-xp 00000000 08:13 2805394                    /usr/lib/libXext.so.6.4.0
7fe2364d3000-7fe2366d2000 ---p 00011000 08:13 2805394                    /usr/lib/libXext.so.6.4.0
7fe2366d2000-7fe2366d3000 r-xp 00010000 08:13 2805394                    /usr/lib/libXext.so.6.4.0
7fe2366d3000-7fe2366d4000 rwxp 00011000 08:13 2805394                    /usr/lib/libXext.so.6.4.0
7fe2366d5000-7fe2366e1000 r-xs 00000000 08:13 3197416                    /var/cache/fontconfig/089dead882dea3570ffc31a9898cfb69-x86-64.cache-2
7fe2366e1000-7fe2366e5000 r-xs 00000000 08:13 3197398                    /var/cache/fontconfig/cabbd14511b9e8a55e92af97fb3a0461-x86-64.cache-2
7fe2366e5000-7fe2366ef000 r-xs 00000000 08:13 3195524                    /var/cache/fontconfig/e13b20fdb08344e0e664864cc2ede53d-x86-64.cache-2
7fe2366ef000-7fe236730000 r-xp 00000000 08:13 3163194                    /usr/lib/jvm/java-6-sun-1.6.0.13/jre/lib/amd64/xawt/libmawt.so
7fe236730000-7fe23682f000 ---p 00041000 08:13 3163194                    /usr/lib/jvm/java-6-sun-1.6.0.13/jre/lib/amd64/xawt/libmawt.so
7fe23682f000-7fe23683b000 rwxp 00040000 08:13 3163194                    /usr/lib/jvm/java-6-sun-1.6.0.13/jre/lib/amd64/xawt/libmawt.so
7fe23683b000-7fe23683c000 rwxp 7fe23683b000 00:00 0 
7fe23683c000-7fe2368ce000 r-xp 00000000 08:13 3163239                    /usr/lib/jvm/java-6-sun-1.6.0.13/jre/lib/amd64/libawt.so
7fe2368ce000-7fe2369cd000 ---p 00092000 08:13 3163239                    /usr/lib/jvm/java-6-sun-1.6.0.13/jre/lib/amd64/libawt.so
7fe2369cd000-7fe2369e6000 rwxp 00091000 08:13 3163239                    /usr/lib/jvm/java-6-sun-1.6.0.13/jre/lib/amd64/libawt.so
7fe2369e6000-7fe236a0b000 rwxp 7fe2369e6000 00:00 0 
7fe236a0b000-7fe236a12000 r-xs 00059000 08:11 1172178                    /home/epsilon/文档/4_java/javaTools/apache-log4j-1.2.15/log4j-1.2.15.jar
7fe236a12000-7fe236a1a000 r-xs 0004b000 08:11 162661                     /home/epsilon/文档/4_java/javaTools/commons-math-1.2/commons-math-1.2.jar
7fe236a1a000-7fe236a1b000 ---p 7fe236a1a000 00:00 0 
7fe236a1b000-7fe236b1b000 rwxp 7fe236a1b000 00:00 0 
7fe236b1b000-7fe236b1e000 ---p 7fe236b1b000 00:00 0 
7fe236b1e000-7fe236c1c000 rwxp 7fe236b1e000 00:00 0 
7fe236c1c000-7fe236c1f000 ---p 7fe236c1c000 00:00 0 
7fe236c1f000-7fe236d1d000 rwxp 7fe236c1f000 00:00 0 
7fe236d1d000-7fe236d20000 ---p 7fe236d1d000 00:00 0 
7fe236d20000-7fe236e1e000 rwxp 7fe236d20000 00:00 0 
7fe236e1e000-7fe236e21000 ---p 7fe236e1e000 00:00 0 
7fe236e21000-7fe236f1f000 rwxp 7fe236e21000 00:00 0 
7fe236f1f000-7fe236f5e000 r-xp 00000000 08:13 2827839                    /usr/lib/locale/zh_CN.utf8/LC_CTYPE
7fe236f5e000-7fe236f61000 ---p 7fe236f5e000 00:00 0 
7fe236f61000-7fe23705f000 rwxp 7fe236f61000 00:00 0 
7fe23705f000-7fe237062000 ---p 7fe23705f000 00:00 0 
7fe237062000-7fe237160000 rwxp 7fe237062000 00:00 0 
7fe237160000-7fe237161000 ---p 7fe237160000 00:00 0 
7fe237161000-7fe2372d6000 rwxp 7fe237161000 00:00 0 
7fe2372d6000-7fe237468000 r-xs 02f34000 08:13 2942580                    /usr/lib/jvm/java-6-sun-1.6.0.13/jre/lib/rt.jar
7fe237468000-7fe237490000 rwxp 7fe237468000 00:00 0 
7fe237490000-7fe237491000 ---p 7fe237490000 00:00 0 
7fe237491000-7fe237591000 rwxp 7fe237491000 00:00 0 
7fe237591000-7fe237592000 ---p 7fe237591000 00:00 0 
7fe237592000-7fe23769d000 rwxp 7fe237592000 00:00 0 
7fe23769d000-7fe2376bc000 rwxp 7fe23769d000 00:00 0 
7fe2376bc000-7fe2376da000 rwxp 7fe2376bc000 00:00 0 
7fe2376da000-7fe237893000 rwxp 7fe2376da000 00:00 0 
7fe237893000-7fe23789e000 rwxp 7fe237893000 00:00 0 
7fe23789e000-7fe2378bd000 rwxp 7fe23789e000 00:00 0 
7fe2378bd000-7fe2378db000 rwxp 7fe2378bd000 00:00 0 
7fe2378db000-7fe237a93000 rwxp 7fe2378db000 00:00 0 
7fe237a93000-7fe237aa3000 rwxp 7fe237a93000 00:00 0 
7fe237aa3000-7fe237b7f000 rwxp 7fe237aa3000 00:00 0 
7fe237b7f000-7fe239040000 rwxp 7fe237b7f000 00:00 0 
7fe239040000-7fe23cf80000 rwxp 7fe239040000 00:00 0 
7fe23cf80000-7fe240a60000 rwxp 7fe23cf80000 00:00 0 
7fe240a60000-7fe277ce0000 rwxp 7fe240a60000 00:00 0 
7fe277ce0000-7fe279a40000 rwxp 7fe277ce0000 00:00 0 
7fe279a40000-7fe295380000 rwxp 7fe279a40000 00:00 0 
7fe295383000-7fe2955f3000 rwxp 7fe295383000 00:00 0 
7fe2955f3000-7fe298383000 rwxp 7fe2955f3000 00:00 0 
7fe298383000-7fe298391000 r-xp 00000000 08:13 3163206                    /usr/lib/jvm/java-6-sun-1.6.0.13/jre/lib/amd64/libzip.so
7fe298391000-7fe298493000 ---p 0000e000 08:13 3163206                    /usr/lib/jvm/java-6-sun-1.6.0.13/jre/lib/amd64/libzip.so
7fe298493000-7fe298496000 rwxp 00010000 08:13 3163206                    /usr/lib/jvm/java-6-sun-1.6.0.13/jre/lib/amd64/libzip.so
7fe298496000-7fe298497000 rwxp 7fe298496000 00:00 0 
7fe298497000-7fe2984c0000 r-xp 00000000 08:13 3163219                    /usr/lib/jvm/java-6-sun-1.6.0.13/jre/lib/amd64/libjava.so
7fe2984c0000-7fe2985bf000 ---p 00029000 08:13 3163219                    /usr/lib/jvm/java-6-sun-1.6.0.13/jre/lib/amd64/libjava.so
7fe2985bf000-7fe2985c6000 rwxp 00028000 08:13 3163219                    /usr/lib/jvm/java-6-sun-1.6.0.13/jre/lib/amd64/libjava.so
7fe2985c6000-7fe2985d3000 r-xp 00000000 08:13 3163201                    /usr/lib/jvm/java-6-sun-1.6.0.13/jre/lib/amd64/libverify.so
7fe2985d3000-7fe2986d2000 ---p 0000d000 08:13 3163201                    /usr/lib/jvm/java-6-sun-1.6.0.13/jre/lib/amd64/libverify.so
7fe2986d2000-7fe2986d5000 rwxp 0000c000 08:13 3163201                    /usr/lib/jvm/java-6-sun-1.6.0.13/jre/lib/amd64/libverify.so
7fe2986d5000-7fe2986e1000 r-xp 00000000 08:13 213021                     /lib/libnss_files-2.9.so
7fe2986e1000-7fe2988e0000 ---p 0000c000 08:13 213021                     /lib/libnss_files-2.9.so
7fe2988e0000-7fe2988e1000 r-xp 0000b000 08:13 213021                     /lib/libnss_files-2.9.so
7fe2988e1000-7fe2988e2000 rwxp 0000c000 08:13 213021                     /lib/libnss_files-2.9.so
7fe2988e2000-7fe2988ec000 r-xp 00000000 08:13 213023                     /lib/libnss_nis-2.9.so
7fe2988ec000-7fe298aeb000 ---p 0000a000 08:13 213023                     /lib/libnss_nis-2.9.so
7fe298aeb000-7fe298aec000 r-xp 00009000 08:13 213023                     /lib/libnss_nis-2.9.so
7fe298aec000-7fe298aed000 rwxp 0000a000 08:13 213023                     /lib/libnss_nis-2.9.so
7fe298aed000-7fe298af5000 r-xp 00000000 08:13 213019                     /lib/libnss_compat-2.9.so
7fe298af5000-7fe298cf4000 ---p 00008000 08:13 213019                     /lib/libnss_compat-2.9.so
7fe298cf4000-7fe298cf5000 r-xp 00007000 08:13 213019                     /lib/libnss_compat-2.9.so
7fe298cf5000-7fe298cf6000 rwxp 00008000 08:13 213019                     /lib/libnss_compat-2.9.so
7fe298cf6000-7fe298d0c000 r-xp 00000000 08:13 213018                     /lib/libnsl-2.9.so
7fe298d0c000-7fe298f0c000 ---p 00016000 08:13 213018                     /lib/libnsl-2.9.so
7fe298f0c000-7fe298f0d000 r-xp 00016000 08:13 213018                     /lib/libnsl-2.9.so
7fe298f0d000-7fe298f0e000 rwxp 00017000 08:13 213018                     /lib/libnsl-2.9.so
7fe298f0e000-7fe298f10000 rwxp 7fe298f0e000 00:00 0 
7fe298f10000-7fe298f17000 r-xp 00000000 08:13 3163208                    /usr/lib/jvm/java-6-sun-1.6.0.13/jre/lib/amd64/native_threads/libhpi.so
7fe298f17000-7fe299018000 ---p 00007000 08:13 3163208                    /usr/lib/jvm/java-6-sun-1.6.0.13/jre/lib/amd64/native_threads/libhpi.so
7fe299018000-7fe29901a000 rwxp 00008000 08:13 3163208                    /usr/lib/jvm/java-6-sun-1.6.0.13/jre/lib/amd64/native_threads/libhpi.so
7fe29901a000-7fe29901b000 rwxp 7fe29901a000 00:00 0 
7fe29901b000-7fe299022000 r-xp 00000000 08:13 213028                     /lib/librt-2.9.so
7fe299022000-7fe299221000 ---p 00007000 08:13 213028                     /lib/librt-2.9.so
7fe299221000-7fe299222000 r-xp 00006000 08:13 213028                     /lib/librt-2.9.so
7fe299222000-7fe299223000 rwxp 00007000 08:13 213028                     /lib/librt-2.9.so
7fe299223000-7fe299226000 ---p 7fe299223000 00:00 0 
7fe299226000-7fe299324000 rwxp 7fe299226000 00:00 0 
7fe299324000-7fe2993a8000 r-xp 00000000 08:13 213016                     /lib/libm-2.9.so
7fe2993a8000-7fe2995a7000 ---p 00084000 08:13 213016                     /lib/libm-2.9.so
7fe2995a7000-7fe2995a8000 r-xp 00083000 08:13 213016                     /lib/libm-2.9.so
7fe2995a8000-7fe2995a9000 rwxp 00084000 08:13 213016                     /lib/libm-2.9.so
7fe2995a9000-7fe299c36000 r-xp 00000000 08:13 3163226                    /usr/lib/jvm/java-6-sun-1.6.0.13/jre/lib/amd64/server/libjvm.so
7fe299c36000-7fe299d35000 ---p 0068d000 08:13 3163226                    /usr/lib/jvm/java-6-sun-1.6.0.13/jre/lib/amd64/server/libjvm.so
7fe299d35000-7fe299e86000 rwxp 0068c000 08:13 3163226                    /usr/lib/jvm/java-6-sun-1.6.0.13/jre/lib/amd64/server/libjvm.so
7fe299e86000-7fe299ec3000 rwxp 7fe299e86000 00:00 0 
7fe299ec3000-7fe29a02b000 r-xp 00000000 08:13 213012                     /lib/libc-2.9.so
7fe29a02b000-7fe29a22b000 ---p 00168000 08:13 213012                     /lib/libc-2.9.so
7fe29a22b000-7fe29a22f000 r-xp 00168000 08:13 213012                     /lib/libc-2.9.so
7fe29a22f000-7fe29a230000 rwxp 0016c000 08:13 213012                     /lib/libc-2.9.so
7fe29a230000-7fe29a235000 rwxp 7fe29a230000 00:00 0 
7fe29a235000-7fe29a237000 r-xp 00000000 08:13 213015                     /lib/libdl-2.9.so
7fe29a237000-7fe29a437000 ---p 00002000 08:13 213015                     /lib/libdl-2.9.so
7fe29a437000-7fe29a438000 r-xp 00002000 08:13 213015                     /lib/libdl-2.9.so
7fe29a438000-7fe29a439000 rwxp 00003000 08:13 213015                     /lib/libdl-2.9.so
7fe29a439000-7fe29a450000 r-xp 00000000 08:13 213026                     /lib/libpthread-2.9.so
7fe29a450000-7fe29a64f000 ---p 00017000 08:13 213026                     /lib/libpthread-2.9.so
7fe29a64f000-7fe29a650000 r-xp 00016000 08:13 213026                     /lib/libpthread-2.9.so
7fe29a650000-7fe29a651000 rwxp 00017000 08:13 213026                     /lib/libpthread-2.9.so
7fe29a651000-7fe29a655000 rwxp 7fe29a651000 00:00 0 
7fe29a655000-7fe29a675000 r-xp 00000000 08:13 213006                     /lib/ld-2.9.so
7fe29a67b000-7fe29a689000 r-xs 000ba000 08:11 422677                     /home/epsilon/文档/4_java/javaTools/mtj.jar
7fe29a689000-7fe29a693000 rwxp 7fe29a689000 00:00 0 
7fe29a693000-7fe29a749000 rwxp 7fe29a693000 00:00 0 
7fe29a749000-7fe29a74b000 rwxp 7fe29a749000 00:00 0 
7fe29a74b000-7fe29a752000 r-xp 00000000 08:13 3163192                    /usr/lib/jvm/java-6-sun-1.6.0.13/jre/lib/amd64/jli/libjli.so
7fe29a752000-7fe29a853000 ---p 00007000 08:13 3163192                    /usr/lib/jvm/java-6-sun-1.6.0.13/jre/lib/amd64/jli/libjli.so
7fe29a853000-7fe29a855000 rwxp 00008000 08:13 3163192                    /usr/lib/jvm/java-6-sun-1.6.0.13/jre/lib/amd64/jli/libjli.so
7fe29a855000-7fe29a856000 rwxp 7fe29a855000 00:00 0 
7fe29a856000-7fe29a859000 r-xs 000cb000 08:13 3162696                    /usr/lib/jvm/java-6-sun-1.6.0.13/jre/lib/ext/localedata.jar
7fe29a859000-7fe29a85c000 r-xs 00000000 08:13 3196574                    /var/cache/fontconfig/7ef2298fde41cc6eeb7af42e48b7d293-x86-64.cache-2
7fe29a85c000-7fe29a860000 r-xs 00042000 08:11 181746                     /home/epsilon/NetBeansProjects/EpsilonUtils/trunk/dist/EpsilonYUtil.jar
7fe29a860000-7fe29a867000 r-xs 00000000 08:13 2803699                    /usr/lib/gconv/gconv-modules.cache
7fe29a867000-7fe29a86f000 rwxs 00000000 08:13 377147                     /tmp/hsperfdata_epsilon/24115
7fe29a86f000-7fe29a870000 rwxp 7fe29a86f000 00:00 0 
7fe29a870000-7fe29a871000 r-xp 7fe29a870000 00:00 0 
7fe29a871000-7fe29a874000 rwxp 7fe29a871000 00:00 0 
7fe29a874000-7fe29a875000 r-xp 0001f000 08:13 213006                     /lib/ld-2.9.so
7fe29a875000-7fe29a876000 rwxp 00020000 08:13 213006                     /lib/ld-2.9.so
7fffa2860000-7fffa2875000 rwxp 7ffffffea000 00:00 0                      [stack]
7fffa29fe000-7fffa29ff000 r-xp 7fffa29fe000 00:00 0                      [vdso]
ffffffffff600000-ffffffffff601000 r-xp 00000000 00:00 0                  [vsyscall]

VM Arguments:
jvm_args: -Dawt.useSystemAAFontSettings=on 
java_command: net.epsilony.simpmeshfree.model.ModelTestFrame
Launcher Type: SUN_STANDARD

Environment Variables:
_JAVA_OPTIONS=-Dawt.useSystemAAFontSettings=on
PATH=/usr/local/sbin:/usr/local/bin:/usr/sbin:/usr/bin:/sbin:/bin:/usr/games
USERNAME=epsilon
LD_LIBRARY_PATH=/usr/lib/jvm/java-6-sun-1.6.0.13/jre/lib/amd64/server:/usr/lib/jvm/java-6-sun-1.6.0.13/jre/lib/amd64:/usr/lib/jvm/java-6-sun-1.6.0.13/jre/../lib/amd64
SHELL=/bin/bash
DISPLAY=:0.0

Signal Handlers:
SIGSEGV: [libjvm.so+0x5fcd20], sa_mask[0]=0x7ffbfeff, sa_flags=0x10000004
SIGBUS: [libjvm.so+0x5fcd20], sa_mask[0]=0x7ffbfeff, sa_flags=0x10000004
SIGFPE: [libjvm.so+0x4e0eb0], sa_mask[0]=0x7ffbfeff, sa_flags=0x10000004
SIGPIPE: [libjvm.so+0x4e0eb0], sa_mask[0]=0x7ffbfeff, sa_flags=0x10000004
SIGXFSZ: [libjvm.so+0x4e0eb0], sa_mask[0]=0x7ffbfeff, sa_flags=0x10000004
SIGILL: [libjvm.so+0x4e0eb0], sa_mask[0]=0x7ffbfeff, sa_flags=0x10000004
SIGUSR1: SIG_DFL, sa_mask[0]=0x00000000, sa_flags=0x00000000
SIGUSR2: [libjvm.so+0x4e35d0], sa_mask[0]=0x00000004, sa_flags=0x10000004
SIGHUP: [libjvm.so+0x4e3320], sa_mask[0]=0x7ffbfeff, sa_flags=0x10000004
SIGINT: SIG_IGN, sa_mask[0]=0x00000000, sa_flags=0x00000000
SIGTERM: [libjvm.so+0x4e3320], sa_mask[0]=0x7ffbfeff, sa_flags=0x10000004
SIGQUIT: [libjvm.so+0x4e3320], sa_mask[0]=0x7ffbfeff, sa_flags=0x10000004


---------------  S Y S T E M  ---------------

OS:5.0

uname:Linux 2.6.28-12-generic #43-Ubuntu SMP Fri May 1 19:31:32 UTC 2009 x86_64
libc:glibc 2.9 NPTL 2.9 
rlimit: STACK 8192k, CORE 0k, NPROC infinity, NOFILE 1024, AS infinity
load average:0.95 0.84 0.72

CPU:total 2 (2 cores per cpu, 1 threads per core) family 16 model 2 stepping 3, cmov, cx8, fxsr, mmx, sse, sse2, sse3, mmxext, 3dnow, 3dnowext, sse4a

Memory: 4k page, physical 5780180k(2291016k free), swap 3903752k(3865604k free)

vm_info: Java HotSpot(TM) 64-Bit Server VM (11.3-b02) for linux-amd64 JRE (1.6.0_13-b03), built on Mar  9 2009 11:08:22 by "java_re" with gcc 3.2.2 (SuSE Linux)

time: Mon May 18 15:18:03 2009
elapsed time: 0 seconds

