#
# An unexpected error has been detected by Java Runtime Environment:
#
#  SIGSEGV (0xb) at pc=0x00007fa63f8fe11b, pid=6609, tid=140350309382480
#
# Java VM: Java HotSpot(TM) 64-Bit Server VM (11.3-b02 mixed mode linux-amd64)
# Problematic frame:
# C  [libc.so.6+0x8411b]  memcpy+0x15b
#
# If you would like to submit a bug report, please visit:
#   http://java.sun.com/webapps/bugreport/crash.jsp
#

---------------  T H R E A D  ---------------

Current thread (0x00007fa5d4062c00):  JavaThread "AWT-EventQueue-0" [_thread_in_vm, id=6626, stack(0x00007fa5da45b000,0x00007fa5da55c000)]

siginfo:si_signo=SIGSEGV: si_errno=0, si_code=2 (SEGV_ACCERR), si_addr=0x00007fa5d418a000

Registers:
RAX=0x00007fa61e9e60a8, RBX=0x00007fa5dd5312a0, RCX=0x0000000000000076, RDX=0x0000000000001ad0
RSP=0x00007fa5da55a358, RBP=0x00007fa5da55a3e0, RSI=0x00007fa5d418a000, RDI=0x00007fa61e9e77c8
R8 =0x0000000000000ffc, R9 =0x00007fa63f74a5b8, R10=0x00007fa63f74e028, R11=0x0000000000001ad0
R12=0x0000000000001ad0, R13=0x0000000000000000, R14=0x0000000041f960a8, R15=0x00007fa5da55a370
RIP=0x00007fa63f8fe11b, EFL=0x0000000000010216, CSGSFS=0x0000000000000033, ERR=0x0000000000000004
  TRAPNO=0x000000000000000e

Top of Stack: (sp=0x00007fa5da55a358)
0x00007fa5da55a358:   00007fa63f2a6600 00007fa5d4062dc0
0x00007fa5da55a368:   00007fa5d41888e0 00007fa5d4062c00
0x00007fa5da55a378:   0000000000000000 00007fa5d4062c00
0x00007fa5da55a388:   0000000000000000 00007fa5d4062c00
0x00007fa5da55a398:   00007fa5da55a4e0 00007fa5d4062c00
0x00007fa5da55a3a8:   00007fa63f8f4276 00007fa5d4062c00
0x00007fa5da55a3b8:   0000000041f960a8 00007fa5d4038ee0
0x00007fa5da55a3c8:   00007fa5d400e180 00007fa5da55a4e0
0x00007fa5da55a3d8:   0000000041f96050 00007fa5d4062dc0
0x00007fa5da55a3e8:   00007fa5da038486 00007fa5d400e0d0
0x00007fa5da55a3f8:   0000000041f96058 0000000041f96060
0x00007fa5da55a408:   0000000041f96068 0000000041f96070
0x00007fa5da55a418:   00007fa5dd95e4be 0000000041f96078
0x00007fa5da55a428:   00007fa5dd965210 0101010100000000
0x00007fa5da55a438:   00007fa5ddf27e58 00007fa5da55a4c0
0x00007fa5da55a448:   0000000000000101 00007fa5ddf27e58
0x00007fa5da55a458:   00007fa5da55a4e0 00007fa5d4062c00
0x00007fa5da55a468:   00007fa63ad48852 00007fa61d79fa40
0x00007fa5da55a478:   00007fa5dd965c70 00007fa5da55a480
0x00007fa5da55a488:   0000000000000000 00007fa5da55a4e0
0x00007fa5da55a498:   00007fa5ddf28890 0000000000000000
0x00007fa5da55a4a8:   00007fa5ddf27e58 0000000000000000
0x00007fa5da55a4b8:   00007fa5da55a4e0 00007fa5da55a528
0x00007fa5da55a4c8:   00007fa63ad3d322 0000000000000000
0x00007fa5da55a4d8:   00007fa63ad45358 00007fa61e9d6008
0x00007fa5da55a4e8:   00007fa5da55a4e8 00007fa5ddf26935
0x00007fa5da55a4f8:   00007fa5da55a570 00007fa5ddf28890
0x00007fa5da55a508:   0000000000000000 00007fa5ddf269c0
0x00007fa5da55a518:   00007fa5da55a4e0 00007fa5da55a560
0x00007fa5da55a528:   00007fa5da55a5b8 00007fa63ad3d322
0x00007fa5da55a538:   0000000000000000 00007fa61e9e3300
0x00007fa5da55a548:   0000000000000000 00007fa61e9e32e8 

Instructions: (pc=0x00007fa63f8fe11b)
0x00007fa63f8fe10b:   0f 47 da 4c 89 d9 49 83 e3 f8 48 c1 e9 03 74 05
0x00007fa63f8fe11b:   f3 48 a5 66 90 4c 29 da 48 f7 c2 f8 ff ff ff 75 

Stack: [0x00007fa5da45b000,0x00007fa5da55c000],  sp=0x00007fa5da55a358,  free space=1020k
Native frames: (J=compiled Java code, j=interpreted, Vv=VM code, C=native code)
C  [libc.so.6+0x8411b]  memcpy+0x15b

Java frames: (J=compiled Java code, j=interpreted, Vv=VM code)
j  net.epsilony.simpmeshfree.model.geometry.TriangleJni.triangleFun()V+0
j  net.epsilony.simpmeshfree.model.geometry.TriangleJni.complie(Lnet/epsilony/simpmeshfree/model/geometry/GeometryModel;Ljava/lang/String;)V+141
j  net.epsilony.simpmeshfree.model.mechanics.MechanicsModel.generateQuadratureDomainsByTriangle(DDLjava/lang/String;)V+60
j  net.epsilony.simpmeshfree.model.ModelTestFrame.<init>()V+614
j  net.epsilony.simpmeshfree.model.ModelTestFrame$1.run()V+4
j  java.awt.event.InvocationEvent.dispatch()V+47
j  java.awt.EventQueue.dispatchEvent(Ljava/awt/AWTEvent;)V+26
j  java.awt.EventDispatchThread.pumpOneEventForFilters(I)Z+204
j  java.awt.EventDispatchThread.pumpEventsForFilter(ILjava/awt/Conditional;Ljava/awt/EventFilter;)V+30
j  java.awt.EventDispatchThread.pumpEventsForHierarchy(ILjava/awt/Conditional;Ljava/awt/Component;)V+11
j  java.awt.EventDispatchThread.pumpEvents(ILjava/awt/Conditional;)V+4
j  java.awt.EventDispatchThread.pumpEvents(Ljava/awt/Conditional;)V+3
j  java.awt.EventDispatchThread.run()V+9
v  ~StubRoutines::call_stub

---------------  P R O C E S S  ---------------

Java Threads: ( => current thread )
  0x00007fa5d407b400 JavaThread "Thread-3" [_thread_blocked, id=6630, stack(0x00007fa5da259000,0x00007fa5da35a000)]
  0x00007fa5d4064000 JavaThread "Thread-2" [_thread_blocked, id=6629, stack(0x00007fa5da35a000,0x00007fa5da45b000)]
  0x00007fa5d4004400 JavaThread "DestroyJavaVM" [_thread_blocked, id=6610, stack(0x00007fa63ebda000,0x00007fa63ecdb000)]
=>0x00007fa5d4062c00 JavaThread "AWT-EventQueue-0" [_thread_in_vm, id=6626, stack(0x00007fa5da45b000,0x00007fa5da55c000)]
  0x00007fa5d4061c00 JavaThread "AWT-Shutdown" [_thread_blocked, id=6625, stack(0x00007fa5da662000,0x00007fa5da763000)]
  0x00007fa5d4061000 JavaThread "AWT-XAWT" daemon [_thread_in_native, id=6624, stack(0x00007fa5da763000,0x00007fa5da864000)]
  0x0000000041dbd000 JavaThread "Java2D Disposer" daemon [_thread_blocked, id=6623, stack(0x00007fa5dae98000,0x00007fa5daf99000)]
  0x0000000041b81800 JavaThread "Low Memory Detector" daemon [_thread_blocked, id=6620, stack(0x00007fa5dc4cb000,0x00007fa5dc5cc000)]
  0x0000000041b7f000 JavaThread "CompilerThread1" daemon [_thread_in_native, id=6619, stack(0x00007fa5dc5cc000,0x00007fa5dc6cd000)]
  0x0000000041b7b000 JavaThread "CompilerThread0" daemon [_thread_blocked, id=6618, stack(0x00007fa5dc6cd000,0x00007fa5dc7ce000)]
  0x0000000041b79000 JavaThread "Signal Dispatcher" daemon [_thread_blocked, id=6617, stack(0x00007fa5dc7ce000,0x00007fa5dc8cf000)]
  0x0000000041b57c00 JavaThread "Finalizer" daemon [_thread_blocked, id=6616, stack(0x00007fa5dc90e000,0x00007fa5dca0f000)]
  0x0000000041b50800 JavaThread "Reference Handler" daemon [_thread_blocked, id=6615, stack(0x00007fa5dca0f000,0x00007fa5dcb10000)]

Other Threads:
  0x0000000041b4b000 VMThread [stack: 0x00007fa5dcb10000,0x00007fa5dcc11000] [id=6614]
  0x0000000041b83c00 WatcherThread [stack: 0x00007fa5dc3ca000,0x00007fa5dc4cb000] [id=6621]

VM state:not at safepoint (normal execution)

VM Mutex/Monitor currently owned by a thread: None

Heap
 PSYoungGen      total 26368K, used 20259K [0x00007fa61d690000, 0x00007fa61f3f0000, 0x00007fa63ad30000)
  eden space 22656K, 89% used [0x00007fa61d690000,0x00007fa61ea58ff0,0x00007fa61ecb0000)
  from space 3712K, 0% used [0x00007fa61f050000,0x00007fa61f050000,0x00007fa61f3f0000)
  to   space 3712K, 0% used [0x00007fa61ecb0000,0x00007fa61ecb0000,0x00007fa61f050000)
 PSOldGen        total 60288K, used 0K [0x00007fa5e2930000, 0x00007fa5e6410000, 0x00007fa61d690000)
  object space 60288K, 0% used [0x00007fa5e2930000,0x00007fa5e2930000,0x00007fa5e6410000)
 PSPermGen       total 21248K, used 10242K [0x00007fa5dd530000, 0x00007fa5de9f0000, 0x00007fa5e2930000)
  object space 21248K, 48% used [0x00007fa5dd530000,0x00007fa5ddf30930,0x00007fa5de9f0000)

Dynamic libraries:
40000000-40009000 r-xp 00000000 08:13 3163089                            /usr/lib/jvm/java-6-sun-1.6.0.13/jre/bin/java
40108000-4010a000 rwxp 00008000 08:13 3163089                            /usr/lib/jvm/java-6-sun-1.6.0.13/jre/bin/java
41ac2000-423b5000 rwxp 41ac2000 00:00 0                                  [heap]
7fa5d4000000-7fa5d418a000 rwxp 7fa5d4000000 00:00 0 
7fa5d418a000-7fa5d8000000 ---p 7fa5d418a000 00:00 0 
7fa5d99e6000-7fa5d9b0f000 rwxp 7fa5d99e6000 00:00 0 
7fa5d9b0f000-7fa5d9b25000 r-xp 00000000 08:13 213005                     /lib/libgcc_s.so.1
7fa5d9b25000-7fa5d9d25000 ---p 00016000 08:13 213005                     /lib/libgcc_s.so.1
7fa5d9d25000-7fa5d9d26000 r-xp 00016000 08:13 213005                     /lib/libgcc_s.so.1
7fa5d9d26000-7fa5d9d27000 rwxp 00017000 08:13 213005                     /lib/libgcc_s.so.1
7fa5d9d27000-7fa5d9e18000 r-xp 00000000 08:13 2802601                    /usr/lib/libstdc++.so.6.0.10
7fa5d9e18000-7fa5da018000 ---p 000f1000 08:13 2802601                    /usr/lib/libstdc++.so.6.0.10
7fa5da018000-7fa5da01f000 r-xp 000f1000 08:13 2802601                    /usr/lib/libstdc++.so.6.0.10
7fa5da01f000-7fa5da021000 rwxp 000f8000 08:13 2802601                    /usr/lib/libstdc++.so.6.0.10
7fa5da021000-7fa5da034000 rwxp 7fa5da021000 00:00 0 
7fa5da034000-7fa5da058000 r-xp 00000000 08:13 1942103                    /usr/lib/TriangleJniAmd64.so
7fa5da058000-7fa5da257000 ---p 00024000 08:13 1942103                    /usr/lib/TriangleJniAmd64.so
7fa5da257000-7fa5da258000 r-xp 00023000 08:13 1942103                    /usr/lib/TriangleJniAmd64.so
7fa5da258000-7fa5da259000 rwxp 00024000 08:13 1942103                    /usr/lib/TriangleJniAmd64.so
7fa5da259000-7fa5da25c000 ---p 7fa5da259000 00:00 0 
7fa5da25c000-7fa5da35a000 rwxp 7fa5da25c000 00:00 0 
7fa5da35a000-7fa5da35d000 ---p 7fa5da35a000 00:00 0 
7fa5da35d000-7fa5da45b000 rwxp 7fa5da35d000 00:00 0 
7fa5da45b000-7fa5da45e000 ---p 7fa5da45b000 00:00 0 
7fa5da45e000-7fa5da55c000 rwxp 7fa5da45e000 00:00 0 
7fa5da55c000-7fa5da565000 r-xs 00000000 08:13 3197464                    /var/cache/fontconfig/945677eb7aeaf62f1d50efc3fb3ec7d8-x86-64.cache-2
7fa5da565000-7fa5da567000 r-xs 00000000 08:13 3197468                    /var/cache/fontconfig/99e8ed0e538f840c565b6ed5dad60d56-x86-64.cache-2
7fa5da567000-7fa5da56a000 r-xs 00000000 08:13 3197466                    /var/cache/fontconfig/e383d7ea5fbe662a33d9b44caf393297-x86-64.cache-2
7fa5da56a000-7fa5da56e000 r-xs 00000000 08:13 3197459                    /var/cache/fontconfig/6eb3985aa4124903f6ff08ba781cd364-x86-64.cache-2
7fa5da56e000-7fa5da572000 r-xs 00000000 08:13 3196573                    /var/cache/fontconfig/a755afe4a08bf5b97852ceb7400b47bc-x86-64.cache-2
7fa5da572000-7fa5da57b000 r-xs 00000000 08:13 3197440                    /var/cache/fontconfig/6d41288fd70b0be22e8c3a91e032eec0-x86-64.cache-2
7fa5da57b000-7fa5da586000 r-xs 00000000 08:13 3197435                    /var/cache/fontconfig/e3de0de479f42330eadf588a55fb5bf4-x86-64.cache-2
7fa5da586000-7fa5da595000 r-xs 00000000 08:13 3197434                    /var/cache/fontconfig/0f34bcd4b6ee430af32735b75db7f02b-x86-64.cache-2
7fa5da595000-7fa5da59e000 r-xs 00000000 08:13 3197417                    /var/cache/fontconfig/d52a8644073d54c13679302ca1180695-x86-64.cache-2
7fa5da662000-7fa5da665000 ---p 7fa5da662000 00:00 0 
7fa5da665000-7fa5da763000 rwxp 7fa5da665000 00:00 0 
7fa5da763000-7fa5da766000 ---p 7fa5da763000 00:00 0 
7fa5da766000-7fa5da864000 rwxp 7fa5da766000 00:00 0 
7fa5da864000-7fa5da869000 r-xp 00000000 08:13 2805390                    /usr/lib/libXfixes.so.3.1.0
7fa5da869000-7fa5daa68000 ---p 00005000 08:13 2805390                    /usr/lib/libXfixes.so.3.1.0
7fa5daa68000-7fa5daa69000 rwxp 00004000 08:13 2805390                    /usr/lib/libXfixes.so.3.1.0
7fa5daa69000-7fa5daa72000 r-xp 00000000 08:13 2805803                    /usr/lib/libXrender.so.1.3.0
7fa5daa72000-7fa5dac71000 ---p 00009000 08:13 2805803                    /usr/lib/libXrender.so.1.3.0
7fa5dac71000-7fa5dac72000 r-xp 00008000 08:13 2805803                    /usr/lib/libXrender.so.1.3.0
7fa5dac72000-7fa5dac73000 rwxp 00009000 08:13 2805803                    /usr/lib/libXrender.so.1.3.0
7fa5dac73000-7fa5dac7c000 r-xp 00000000 08:13 2805843                    /usr/lib/libXcursor.so.1.0.2
7fa5dac7c000-7fa5dae7c000 ---p 00009000 08:13 2805843                    /usr/lib/libXcursor.so.1.0.2
7fa5dae7c000-7fa5dae7d000 rwxp 00009000 08:13 2805843                    /usr/lib/libXcursor.so.1.0.2
7fa5dae95000-7fa5dae98000 r-xs 000cb000 08:13 3162696                    /usr/lib/jvm/java-6-sun-1.6.0.13/jre/lib/ext/localedata.jar
7fa5dae98000-7fa5dae9b000 ---p 7fa5dae98000 00:00 0 
7fa5dae9b000-7fa5daf99000 rwxp 7fa5dae9b000 00:00 0 
7fa5daf99000-7fa5db017000 r-xp 00000000 08:13 3163204                    /usr/lib/jvm/java-6-sun-1.6.0.13/jre/lib/amd64/libfontmanager.so
7fa5db017000-7fa5db116000 ---p 0007e000 08:13 3163204                    /usr/lib/jvm/java-6-sun-1.6.0.13/jre/lib/amd64/libfontmanager.so
7fa5db116000-7fa5db12c000 rwxp 0007d000 08:13 3163204                    /usr/lib/jvm/java-6-sun-1.6.0.13/jre/lib/amd64/libfontmanager.so
7fa5db12c000-7fa5db13d000 rwxp 7fa5db12c000 00:00 0 
7fa5db13d000-7fa5db142000 r-xp 00000000 08:13 2805384                    /usr/lib/libXdmcp.so.6.0.0
7fa5db142000-7fa5db341000 ---p 00005000 08:13 2805384                    /usr/lib/libXdmcp.so.6.0.0
7fa5db341000-7fa5db342000 rwxp 00004000 08:13 2805384                    /usr/lib/libXdmcp.so.6.0.0
7fa5db342000-7fa5db35d000 r-xp 00000000 08:13 2805386                    /usr/lib/libxcb.so.1.1.0
7fa5db35d000-7fa5db55c000 ---p 0001b000 08:13 2805386                    /usr/lib/libxcb.so.1.1.0
7fa5db55c000-7fa5db55d000 r-xp 0001a000 08:13 2805386                    /usr/lib/libxcb.so.1.1.0
7fa5db55d000-7fa5db55e000 rwxp 0001b000 08:13 2805386                    /usr/lib/libxcb.so.1.1.0
7fa5db55e000-7fa5db560000 r-xp 00000000 08:13 2805382                    /usr/lib/libXau.so.6.0.0
7fa5db560000-7fa5db75f000 ---p 00002000 08:13 2805382                    /usr/lib/libXau.so.6.0.0
7fa5db75f000-7fa5db760000 r-xp 00001000 08:13 2805382                    /usr/lib/libXau.so.6.0.0
7fa5db760000-7fa5db761000 rwxp 00002000 08:13 2805382                    /usr/lib/libXau.so.6.0.0
7fa5db761000-7fa5db76a000 r-xp 00000000 08:13 2805586                    /usr/lib/libXi.so.6.0.0
7fa5db76a000-7fa5db96a000 ---p 00009000 08:13 2805586                    /usr/lib/libXi.so.6.0.0
7fa5db96a000-7fa5db96b000 r-xp 00009000 08:13 2805586                    /usr/lib/libXi.so.6.0.0
7fa5db96b000-7fa5db96c000 rwxp 0000a000 08:13 2805586                    /usr/lib/libXi.so.6.0.0
7fa5db96c000-7fa5db971000 r-xp 00000000 08:13 2806834                    /usr/lib/libXtst.so.6.1.0
7fa5db971000-7fa5dbb71000 ---p 00005000 08:13 2806834                    /usr/lib/libXtst.so.6.1.0
7fa5dbb71000-7fa5dbb72000 r-xp 00005000 08:13 2806834                    /usr/lib/libXtst.so.6.1.0
7fa5dbb72000-7fa5dbb73000 rwxp 00006000 08:13 2806834                    /usr/lib/libXtst.so.6.1.0
7fa5dbb73000-7fa5dbc75000 r-xp 00000000 08:13 2805388                    /usr/lib/libX11.so.6.2.0
7fa5dbc75000-7fa5dbe75000 ---p 00102000 08:13 2805388                    /usr/lib/libX11.so.6.2.0
7fa5dbe75000-7fa5dbe76000 r-xp 00102000 08:13 2805388                    /usr/lib/libX11.so.6.2.0
7fa5dbe76000-7fa5dbe7a000 rwxp 00103000 08:13 2805388                    /usr/lib/libX11.so.6.2.0
7fa5dbe7a000-7fa5dbe8b000 r-xp 00000000 08:13 2805394                    /usr/lib/libXext.so.6.4.0
7fa5dbe8b000-7fa5dc08a000 ---p 00011000 08:13 2805394                    /usr/lib/libXext.so.6.4.0
7fa5dc08a000-7fa5dc08b000 r-xp 00010000 08:13 2805394                    /usr/lib/libXext.so.6.4.0
7fa5dc08b000-7fa5dc08c000 rwxp 00011000 08:13 2805394                    /usr/lib/libXext.so.6.4.0
7fa5dc08d000-7fa5dc099000 r-xs 00000000 08:13 3197416                    /var/cache/fontconfig/089dead882dea3570ffc31a9898cfb69-x86-64.cache-2
7fa5dc099000-7fa5dc09d000 r-xs 00000000 08:13 3197398                    /var/cache/fontconfig/cabbd14511b9e8a55e92af97fb3a0461-x86-64.cache-2
7fa5dc09d000-7fa5dc0a7000 r-xs 00000000 08:13 3195524                    /var/cache/fontconfig/e13b20fdb08344e0e664864cc2ede53d-x86-64.cache-2
7fa5dc0a7000-7fa5dc0e8000 r-xp 00000000 08:13 3163194                    /usr/lib/jvm/java-6-sun-1.6.0.13/jre/lib/amd64/xawt/libmawt.so
7fa5dc0e8000-7fa5dc1e7000 ---p 00041000 08:13 3163194                    /usr/lib/jvm/java-6-sun-1.6.0.13/jre/lib/amd64/xawt/libmawt.so
7fa5dc1e7000-7fa5dc1f3000 rwxp 00040000 08:13 3163194                    /usr/lib/jvm/java-6-sun-1.6.0.13/jre/lib/amd64/xawt/libmawt.so
7fa5dc1f3000-7fa5dc1f4000 rwxp 7fa5dc1f3000 00:00 0 
7fa5dc1f4000-7fa5dc286000 r-xp 00000000 08:13 3163239                    /usr/lib/jvm/java-6-sun-1.6.0.13/jre/lib/amd64/libawt.so
7fa5dc286000-7fa5dc385000 ---p 00092000 08:13 3163239                    /usr/lib/jvm/java-6-sun-1.6.0.13/jre/lib/amd64/libawt.so
7fa5dc385000-7fa5dc39e000 rwxp 00091000 08:13 3163239                    /usr/lib/jvm/java-6-sun-1.6.0.13/jre/lib/amd64/libawt.so
7fa5dc39e000-7fa5dc3c3000 rwxp 7fa5dc39e000 00:00 0 
7fa5dc3c3000-7fa5dc3ca000 r-xs 00059000 08:11 1172178                    /home/epsilon/文档/4_java/javaTools/apache-log4j-1.2.15/log4j-1.2.15.jar
7fa5dc3ca000-7fa5dc3cb000 ---p 7fa5dc3ca000 00:00 0 
7fa5dc3cb000-7fa5dc4cb000 rwxp 7fa5dc3cb000 00:00 0 
7fa5dc4cb000-7fa5dc4ce000 ---p 7fa5dc4cb000 00:00 0 
7fa5dc4ce000-7fa5dc5cc000 rwxp 7fa5dc4ce000 00:00 0 
7fa5dc5cc000-7fa5dc5cf000 ---p 7fa5dc5cc000 00:00 0 
7fa5dc5cf000-7fa5dc6cd000 rwxp 7fa5dc5cf000 00:00 0 
7fa5dc6cd000-7fa5dc6d0000 ---p 7fa5dc6cd000 00:00 0 
7fa5dc6d0000-7fa5dc7ce000 rwxp 7fa5dc6d0000 00:00 0 
7fa5dc7ce000-7fa5dc7d1000 ---p 7fa5dc7ce000 00:00 0 
7fa5dc7d1000-7fa5dc8cf000 rwxp 7fa5dc7d1000 00:00 0 
7fa5dc8cf000-7fa5dc90e000 r-xp 00000000 08:13 2827839                    /usr/lib/locale/zh_CN.utf8/LC_CTYPE
7fa5dc90e000-7fa5dc911000 ---p 7fa5dc90e000 00:00 0 
7fa5dc911000-7fa5dca0f000 rwxp 7fa5dc911000 00:00 0 
7fa5dca0f000-7fa5dca12000 ---p 7fa5dca0f000 00:00 0 
7fa5dca12000-7fa5dcb10000 rwxp 7fa5dca12000 00:00 0 
7fa5dcb10000-7fa5dcb11000 ---p 7fa5dcb10000 00:00 0 
7fa5dcb11000-7fa5dcc86000 rwxp 7fa5dcb11000 00:00 0 
7fa5dcc86000-7fa5dce18000 r-xs 02f34000 08:13 2942580                    /usr/lib/jvm/java-6-sun-1.6.0.13/jre/lib/rt.jar
7fa5dce18000-7fa5dce40000 rwxp 7fa5dce18000 00:00 0 
7fa5dce40000-7fa5dce41000 ---p 7fa5dce40000 00:00 0 
7fa5dce41000-7fa5dcf41000 rwxp 7fa5dce41000 00:00 0 
7fa5dcf41000-7fa5dcf42000 ---p 7fa5dcf41000 00:00 0 
7fa5dcf42000-7fa5dd04d000 rwxp 7fa5dcf42000 00:00 0 
7fa5dd04d000-7fa5dd06c000 rwxp 7fa5dd04d000 00:00 0 
7fa5dd06c000-7fa5dd08a000 rwxp 7fa5dd06c000 00:00 0 
7fa5dd08a000-7fa5dd243000 rwxp 7fa5dd08a000 00:00 0 
7fa5dd243000-7fa5dd24e000 rwxp 7fa5dd243000 00:00 0 
7fa5dd24e000-7fa5dd26d000 rwxp 7fa5dd24e000 00:00 0 
7fa5dd26d000-7fa5dd28b000 rwxp 7fa5dd26d000 00:00 0 
7fa5dd28b000-7fa5dd443000 rwxp 7fa5dd28b000 00:00 0 
7fa5dd443000-7fa5dd453000 rwxp 7fa5dd443000 00:00 0 
7fa5dd453000-7fa5dd52f000 rwxp 7fa5dd453000 00:00 0 
7fa5dd52f000-7fa5de9f0000 rwxp 7fa5dd52f000 00:00 0 
7fa5de9f0000-7fa5e2930000 rwxp 7fa5de9f0000 00:00 0 
7fa5e2930000-7fa5e6410000 rwxp 7fa5e2930000 00:00 0 
7fa5e6410000-7fa61d690000 rwxp 7fa5e6410000 00:00 0 
7fa61d690000-7fa61f3f0000 rwxp 7fa61d690000 00:00 0 
7fa61f3f0000-7fa63ad30000 rwxp 7fa61f3f0000 00:00 0 
7fa63ad32000-7fa63ad3a000 r-xs 0004b000 08:11 162661                     /home/epsilon/文档/4_java/javaTools/commons-math-1.2/commons-math-1.2.jar
7fa63ad3a000-7fa63afaa000 rwxp 7fa63ad3a000 00:00 0 
7fa63afaa000-7fa63dd3a000 rwxp 7fa63afaa000 00:00 0 
7fa63dd3a000-7fa63dd48000 r-xp 00000000 08:13 3163206                    /usr/lib/jvm/java-6-sun-1.6.0.13/jre/lib/amd64/libzip.so
7fa63dd48000-7fa63de4a000 ---p 0000e000 08:13 3163206                    /usr/lib/jvm/java-6-sun-1.6.0.13/jre/lib/amd64/libzip.so
7fa63de4a000-7fa63de4d000 rwxp 00010000 08:13 3163206                    /usr/lib/jvm/java-6-sun-1.6.0.13/jre/lib/amd64/libzip.so
7fa63de4d000-7fa63de4e000 rwxp 7fa63de4d000 00:00 0 
7fa63de4e000-7fa63de77000 r-xp 00000000 08:13 3163219                    /usr/lib/jvm/java-6-sun-1.6.0.13/jre/lib/amd64/libjava.so
7fa63de77000-7fa63df76000 ---p 00029000 08:13 3163219                    /usr/lib/jvm/java-6-sun-1.6.0.13/jre/lib/amd64/libjava.so
7fa63df76000-7fa63df7d000 rwxp 00028000 08:13 3163219                    /usr/lib/jvm/java-6-sun-1.6.0.13/jre/lib/amd64/libjava.so
7fa63df7d000-7fa63df8a000 r-xp 00000000 08:13 3163201                    /usr/lib/jvm/java-6-sun-1.6.0.13/jre/lib/amd64/libverify.so
7fa63df8a000-7fa63e089000 ---p 0000d000 08:13 3163201                    /usr/lib/jvm/java-6-sun-1.6.0.13/jre/lib/amd64/libverify.so
7fa63e089000-7fa63e08c000 rwxp 0000c000 08:13 3163201                    /usr/lib/jvm/java-6-sun-1.6.0.13/jre/lib/amd64/libverify.so
7fa63e08c000-7fa63e098000 r-xp 00000000 08:13 213021                     /lib/libnss_files-2.9.so
7fa63e098000-7fa63e297000 ---p 0000c000 08:13 213021                     /lib/libnss_files-2.9.so
7fa63e297000-7fa63e298000 r-xp 0000b000 08:13 213021                     /lib/libnss_files-2.9.so
7fa63e298000-7fa63e299000 rwxp 0000c000 08:13 213021                     /lib/libnss_files-2.9.so
7fa63e299000-7fa63e2a3000 r-xp 00000000 08:13 213023                     /lib/libnss_nis-2.9.so
7fa63e2a3000-7fa63e4a2000 ---p 0000a000 08:13 213023                     /lib/libnss_nis-2.9.so
7fa63e4a2000-7fa63e4a3000 r-xp 00009000 08:13 213023                     /lib/libnss_nis-2.9.so
7fa63e4a3000-7fa63e4a4000 rwxp 0000a000 08:13 213023                     /lib/libnss_nis-2.9.so
7fa63e4a4000-7fa63e4ac000 r-xp 00000000 08:13 213019                     /lib/libnss_compat-2.9.so
7fa63e4ac000-7fa63e6ab000 ---p 00008000 08:13 213019                     /lib/libnss_compat-2.9.so
7fa63e6ab000-7fa63e6ac000 r-xp 00007000 08:13 213019                     /lib/libnss_compat-2.9.so
7fa63e6ac000-7fa63e6ad000 rwxp 00008000 08:13 213019                     /lib/libnss_compat-2.9.so
7fa63e6ad000-7fa63e6c3000 r-xp 00000000 08:13 213018                     /lib/libnsl-2.9.so
7fa63e6c3000-7fa63e8c3000 ---p 00016000 08:13 213018                     /lib/libnsl-2.9.so
7fa63e8c3000-7fa63e8c4000 r-xp 00016000 08:13 213018                     /lib/libnsl-2.9.so
7fa63e8c4000-7fa63e8c5000 rwxp 00017000 08:13 213018                     /lib/libnsl-2.9.so
7fa63e8c5000-7fa63e8c7000 rwxp 7fa63e8c5000 00:00 0 
7fa63e8c7000-7fa63e8ce000 r-xp 00000000 08:13 3163208                    /usr/lib/jvm/java-6-sun-1.6.0.13/jre/lib/amd64/native_threads/libhpi.so
7fa63e8ce000-7fa63e9cf000 ---p 00007000 08:13 3163208                    /usr/lib/jvm/java-6-sun-1.6.0.13/jre/lib/amd64/native_threads/libhpi.so
7fa63e9cf000-7fa63e9d1000 rwxp 00008000 08:13 3163208                    /usr/lib/jvm/java-6-sun-1.6.0.13/jre/lib/amd64/native_threads/libhpi.so
7fa63e9d1000-7fa63e9d2000 rwxp 7fa63e9d1000 00:00 0 
7fa63e9d2000-7fa63e9d9000 r-xp 00000000 08:13 213028                     /lib/librt-2.9.so
7fa63e9d9000-7fa63ebd8000 ---p 00007000 08:13 213028                     /lib/librt-2.9.so
7fa63ebd8000-7fa63ebd9000 r-xp 00006000 08:13 213028                     /lib/librt-2.9.so
7fa63ebd9000-7fa63ebda000 rwxp 00007000 08:13 213028                     /lib/librt-2.9.so
7fa63ebda000-7fa63ebdd000 ---p 7fa63ebda000 00:00 0 
7fa63ebdd000-7fa63ecdb000 rwxp 7fa63ebdd000 00:00 0 
7fa63ecdb000-7fa63ed5f000 r-xp 00000000 08:13 213016                     /lib/libm-2.9.so
7fa63ed5f000-7fa63ef5e000 ---p 00084000 08:13 213016                     /lib/libm-2.9.so
7fa63ef5e000-7fa63ef5f000 r-xp 00083000 08:13 213016                     /lib/libm-2.9.so
7fa63ef5f000-7fa63ef60000 rwxp 00084000 08:13 213016                     /lib/libm-2.9.so
7fa63ef60000-7fa63f5ed000 r-xp 00000000 08:13 3163226                    /usr/lib/jvm/java-6-sun-1.6.0.13/jre/lib/amd64/server/libjvm.so
7fa63f5ed000-7fa63f6ec000 ---p 0068d000 08:13 3163226                    /usr/lib/jvm/java-6-sun-1.6.0.13/jre/lib/amd64/server/libjvm.so
7fa63f6ec000-7fa63f83d000 rwxp 0068c000 08:13 3163226                    /usr/lib/jvm/java-6-sun-1.6.0.13/jre/lib/amd64/server/libjvm.so
7fa63f83d000-7fa63f87a000 rwxp 7fa63f83d000 00:00 0 
7fa63f87a000-7fa63f9e2000 r-xp 00000000 08:13 213012                     /lib/libc-2.9.so
7fa63f9e2000-7fa63fbe2000 ---p 00168000 08:13 213012                     /lib/libc-2.9.so
7fa63fbe2000-7fa63fbe6000 r-xp 00168000 08:13 213012                     /lib/libc-2.9.so
7fa63fbe6000-7fa63fbe7000 rwxp 0016c000 08:13 213012                     /lib/libc-2.9.so
7fa63fbe7000-7fa63fbec000 rwxp 7fa63fbe7000 00:00 0 
7fa63fbec000-7fa63fbee000 r-xp 00000000 08:13 213015                     /lib/libdl-2.9.so
7fa63fbee000-7fa63fdee000 ---p 00002000 08:13 213015                     /lib/libdl-2.9.so
7fa63fdee000-7fa63fdef000 r-xp 00002000 08:13 213015                     /lib/libdl-2.9.so
7fa63fdef000-7fa63fdf0000 rwxp 00003000 08:13 213015                     /lib/libdl-2.9.so
7fa63fdf0000-7fa63fe07000 r-xp 00000000 08:13 213026                     /lib/libpthread-2.9.so
7fa63fe07000-7fa640006000 ---p 00017000 08:13 213026                     /lib/libpthread-2.9.so
7fa640006000-7fa640007000 r-xp 00016000 08:13 213026                     /lib/libpthread-2.9.so
7fa640007000-7fa640008000 rwxp 00017000 08:13 213026                     /lib/libpthread-2.9.so
7fa640008000-7fa64000c000 rwxp 7fa640008000 00:00 0 
7fa64000c000-7fa64002c000 r-xp 00000000 08:13 213006                     /lib/ld-2.9.so
7fa64002c000-7fa64002f000 r-xs 00000000 08:13 3197439                    /var/cache/fontconfig/de156ccd2eddbdc19d37a45b8b2aac9c-x86-64.cache-2
7fa64002f000-7fa640032000 r-xs 00000000 08:13 3197433                    /var/cache/fontconfig/ddd4086aec35a5275babba44bb759c3c-x86-64.cache-2
7fa640032000-7fa640040000 r-xs 000ba000 08:11 422677                     /home/epsilon/文档/4_java/javaTools/mtj.jar
7fa640040000-7fa64004a000 rwxp 7fa640040000 00:00 0 
7fa64004a000-7fa640100000 rwxp 7fa64004a000 00:00 0 
7fa640100000-7fa640102000 rwxp 7fa640100000 00:00 0 
7fa640102000-7fa640109000 r-xp 00000000 08:13 3163192                    /usr/lib/jvm/java-6-sun-1.6.0.13/jre/lib/amd64/jli/libjli.so
7fa640109000-7fa64020a000 ---p 00007000 08:13 3163192                    /usr/lib/jvm/java-6-sun-1.6.0.13/jre/lib/amd64/jli/libjli.so
7fa64020a000-7fa64020c000 rwxp 00008000 08:13 3163192                    /usr/lib/jvm/java-6-sun-1.6.0.13/jre/lib/amd64/jli/libjli.so
7fa64020c000-7fa64020d000 rwxp 7fa64020c000 00:00 0 
7fa64020e000-7fa64020f000 r-xs 00000000 08:13 3197445                    /var/cache/fontconfig/4c73fe0c47614734b17d736dbde7580a-x86-64.cache-2
7fa64020f000-7fa640210000 r-xs 00000000 08:13 3197424                    /var/cache/fontconfig/4794a0821666d79190d59a36cb4f44b5-x86-64.cache-2
7fa640210000-7fa640213000 r-xs 00000000 08:13 3196574                    /var/cache/fontconfig/7ef2298fde41cc6eeb7af42e48b7d293-x86-64.cache-2
7fa640213000-7fa640217000 r-xs 00042000 08:11 181747                     /home/epsilon/NetBeansProjects/EpsilonUtils/trunk/dist/EpsilonYUtil.jar
7fa640217000-7fa64021e000 r-xs 00000000 08:13 2803699                    /usr/lib/gconv/gconv-modules.cache
7fa64021e000-7fa640226000 rwxs 00000000 08:13 377137                     /tmp/hsperfdata_epsilon/6609
7fa640226000-7fa640227000 rwxp 7fa640226000 00:00 0 
7fa640227000-7fa640228000 r-xp 7fa640227000 00:00 0 
7fa640228000-7fa64022b000 rwxp 7fa640228000 00:00 0 
7fa64022b000-7fa64022c000 r-xp 0001f000 08:13 213006                     /lib/ld-2.9.so
7fa64022c000-7fa64022d000 rwxp 00020000 08:13 213006                     /lib/ld-2.9.so
7fff48217000-7fff4822c000 rwxp 7ffffffea000 00:00 0                      [stack]
7fff483fe000-7fff483ff000 r-xp 7fff483fe000 00:00 0                      [vdso]
ffffffffff600000-ffffffffff601000 r-xp 00000000 00:00 0                  [vsyscall]

VM Arguments:
jvm_args: -Dawt.useSystemAAFontSettings=on 
java_command: net.epsilony.simpmeshfree.model.ModelTestFrame
Launcher Type: SUN_STANDARD

Environment Variables:
_JAVA_OPTIONS=-Dawt.useSystemAAFontSettings=on
PATH=/usr/local/sbin:/usr/local/bin:/usr/sbin:/usr/bin:/sbin:/bin:/usr/games
USERNAME=epsilon
LD_LIBRARY_PATH=/usr/lib/jvm/java-6-sun-1.6.0.13/jre/lib/amd64/server:/usr/lib/jvm/java-6-sun-1.6.0.13/jre/lib/amd64:/usr/lib/jvm/java-6-sun-1.6.0.13/jre/../lib/amd64
SHELL=/bin/bash
DISPLAY=:0.0

Signal Handlers:
SIGSEGV: [libjvm.so+0x5fcd20], sa_mask[0]=0x7ffbfeff, sa_flags=0x10000004
SIGBUS: [libjvm.so+0x5fcd20], sa_mask[0]=0x7ffbfeff, sa_flags=0x10000004
SIGFPE: [libjvm.so+0x4e0eb0], sa_mask[0]=0x7ffbfeff, sa_flags=0x10000004
SIGPIPE: [libjvm.so+0x4e0eb0], sa_mask[0]=0x7ffbfeff, sa_flags=0x10000004
SIGXFSZ: [libjvm.so+0x4e0eb0], sa_mask[0]=0x7ffbfeff, sa_flags=0x10000004
SIGILL: [libjvm.so+0x4e0eb0], sa_mask[0]=0x7ffbfeff, sa_flags=0x10000004
SIGUSR1: SIG_DFL, sa_mask[0]=0x00000000, sa_flags=0x00000000
SIGUSR2: [libjvm.so+0x4e35d0], sa_mask[0]=0x00000004, sa_flags=0x10000004
SIGHUP: [libjvm.so+0x4e3320], sa_mask[0]=0x7ffbfeff, sa_flags=0x10000004
SIGINT: SIG_IGN, sa_mask[0]=0x00000000, sa_flags=0x00000000
SIGTERM: [libjvm.so+0x4e3320], sa_mask[0]=0x7ffbfeff, sa_flags=0x10000004
SIGQUIT: [libjvm.so+0x4e3320], sa_mask[0]=0x7ffbfeff, sa_flags=0x10000004


---------------  S Y S T E M  ---------------

OS:5.0

uname:Linux 2.6.28-12-generic #43-Ubuntu SMP Fri May 1 19:31:32 UTC 2009 x86_64
libc:glibc 2.9 NPTL 2.9 
rlimit: STACK 8192k, CORE 0k, NPROC infinity, NOFILE 1024, AS infinity
load average:0.69 0.44 0.44

CPU:total 2 (2 cores per cpu, 1 threads per core) family 16 model 2 stepping 3, cmov, cx8, fxsr, mmx, sse, sse2, sse3, mmxext, 3dnow, 3dnowext, sse4a

Memory: 4k page, physical 5780180k(3115128k free), swap 3903752k(3865604k free)

vm_info: Java HotSpot(TM) 64-Bit Server VM (11.3-b02) for linux-amd64 JRE (1.6.0_13-b03), built on Mar  9 2009 11:08:22 by "java_re" with gcc 3.2.2 (SuSE Linux)

time: Mon May 18 10:49:11 2009
elapsed time: 0 seconds

