#
# An unexpected error has been detected by Java Runtime Environment:
#
#  SIGSEGV (0xb) at pc=0x00007f52bef8c11b, pid=2614, tid=139991661730128
#
# Java VM: Java HotSpot(TM) 64-Bit Server VM (11.3-b02 mixed mode linux-amd64)
# Problematic frame:
# C  [libc.so.6+0x8411b]  memcpy+0x15b
#
# If you would like to submit a bug report, please visit:
#   http://java.sun.com/webapps/bugreport/crash.jsp
#

---------------  T H R E A D  ---------------

Current thread (0x00007f52540d9000):  JavaThread "AWT-EventQueue-0" [_thread_in_vm, id=2635, stack(0x00007f525934d000,0x00007f525944e000)]

siginfo:si_signo=SIGSEGV: si_errno=0, si_code=2 (SEGV_ACCERR), si_addr=0x00007f5254ca8000

Registers:
RAX=0x00007f529d20a9b8, RBX=0x00007f525c7a12a0, RCX=0x000000000000014c, RDX=0x00000000000037a0
RSP=0x00007f525944c238, RBP=0x00007f525944c2c0, RSI=0x00007f5254ca8000, RDI=0x00007f529d20d6f8
R8 =0x0000000000000ffc, R9 =0x00007f52bedd85b8, R10=0x00007f52beddc028, R11=0x00000000000037a0
R12=0x00000000000037a0, R13=0x0000000000000000, R14=0x000000004102d6f8, R15=0x00007f525944c250
RIP=0x00007f52bef8c11b, EFL=0x0000000000010212, CSGSFS=0x0000000000000033, ERR=0x0000000000000004
  TRAPNO=0x000000000000000e

Top of Stack: (sp=0x00007f525944c238)
0x00007f525944c238:   00007f52be934600 00007f52540d91c0
0x00007f525944c248:   00007f5254ca52c0 00007f52540d9000
0x00007f525944c258:   0000000000000000 00007f52540d9000
0x00007f525944c268:   0000000000000000 00007f52540d9000
0x00007f525944c278:   00007f525944c3b8 00007f52540d9000
0x00007f525944c288:   00007f52bef82276 00007f52540d9000
0x00007f525944c298:   000000004102d6f8 00007f52549b57a0
0x00007f525944c2a8:   00007f52549b4cb0 00007f525944c3b8
0x00007f525944c2b8:   000000004102d6a0 00007f52540d91c0
0x00007f525944c2c8:   00007f5258f2a486 00007f52549b4c00
0x00007f525944c2d8:   000000004102d6a8 000000004102d6b0
0x00007f525944c2e8:   000000004102d6b8 000000004102d6c0
0x00007f525944c2f8:   00007f52540d9418 000000004102d6c8
0x00007f525944c308:   00007f52540d9460 01010101000d9000
0x00007f525944c318:   00007f525d1b1990 00007f525944c398
0x00007f525944c328:   0000000000000101 00007f525d1b1990
0x00007f525944c338:   00007f525944c3b8 00007f52540d9000
0x00007f525944c348:   00007f52ba07c1cd 00007f525d1b1990
0x00007f525944c358:   00007f525944c358 00007f525d1b1990
0x00007f525944c368:   00007f525944c3b8 00007f525d1b2418
0x00007f525944c378:   0000000000000000 00007f525d1b1990
0x00007f525944c388:   0000000000000000 00007f525944c3b8
0x00007f525944c398:   00007f525944c400 00007f52ba06a3c2
0x00007f525944c3a8:   0000000000000000 00007f52ba076658
0x00007f525944c3b8:   00007f529d1ed260 00007f525944c3c0
0x00007f525944c3c8:   00007f525d1b046d 00007f525944c448
0x00007f525944c3d8:   00007f525d1b2418 0000000000000000
0x00007f525944c3e8:   00007f525d1b04f8 00007f525944c3b8
0x00007f525944c3f8:   00007f525944c438 00007f525944c490
0x00007f525944c408:   00007f52ba06a3c2 0000000000000000
0x00007f525944c418:   00007f529d205198 0000000000000000
0x00007f525944c428:   00007f529d205180 00007f529d204de8 

Instructions: (pc=0x00007f52bef8c11b)
0x00007f52bef8c10b:   0f 47 da 4c 89 d9 49 83 e3 f8 48 c1 e9 03 74 05
0x00007f52bef8c11b:   f3 48 a5 66 90 4c 29 da 48 f7 c2 f8 ff ff ff 75 

Stack: [0x00007f525934d000,0x00007f525944e000],  sp=0x00007f525944c238,  free space=1020k
Native frames: (J=compiled Java code, j=interpreted, Vv=VM code, C=native code)
C  [libc.so.6+0x8411b]  memcpy+0x15b

Java frames: (J=compiled Java code, j=interpreted, Vv=VM code)
j  net.epsilony.simpmeshfree.model.geometry.TriangleJni.triangleFun()V+0
j  net.epsilony.simpmeshfree.model.geometry.TriangleJni.complie(Lnet/epsilony/simpmeshfree/model/geometry/GeometryModel;Ljava/lang/String;)V+141
j  net.epsilony.simpmeshfree.model.mechanics.MechanicsModel.generateNodesByTriangle(DDLjava/lang/String;ZZ)V+110
j  net.epsilony.simpmeshfree.model.ModelTestFrame.<init>()V+559
j  net.epsilony.simpmeshfree.model.ModelTestFrame$2.run()V+4
j  java.awt.event.InvocationEvent.dispatch()V+47
j  java.awt.EventQueue.dispatchEvent(Ljava/awt/AWTEvent;)V+26
j  java.awt.EventDispatchThread.pumpOneEventForFilters(I)Z+204
j  java.awt.EventDispatchThread.pumpEventsForFilter(ILjava/awt/Conditional;Ljava/awt/EventFilter;)V+30
j  java.awt.EventDispatchThread.pumpEventsForHierarchy(ILjava/awt/Conditional;Ljava/awt/Component;)V+11
j  java.awt.EventDispatchThread.pumpEvents(ILjava/awt/Conditional;)V+4
j  java.awt.EventDispatchThread.pumpEvents(Ljava/awt/Conditional;)V+3
j  java.awt.EventDispatchThread.run()V+9
v  ~StubRoutines::call_stub

---------------  P R O C E S S  ---------------

Java Threads: ( => current thread )
  0x00007f5254027400 JavaThread "Thread-3" [_thread_blocked, id=2637, stack(0x00007f525914b000,0x00007f525924c000)]
  0x00007f5254026400 JavaThread "Thread-2" [_thread_blocked, id=2636, stack(0x00007f525924c000,0x00007f525934d000)]
  0x00007f525407a000 JavaThread "DestroyJavaVM" [_thread_blocked, id=2615, stack(0x00007f52be268000,0x00007f52be369000)]
=>0x00007f52540d9000 JavaThread "AWT-EventQueue-0" [_thread_in_vm, id=2635, stack(0x00007f525934d000,0x00007f525944e000)]
  0x00007f52540d8000 JavaThread "AWT-Shutdown" [_thread_blocked, id=2634, stack(0x00007f525954e000,0x00007f525964f000)]
  0x00007f52540d7800 JavaThread "AWT-XAWT" daemon [_thread_in_native, id=2633, stack(0x00007f525964f000,0x00007f5259750000)]
  0x00007f5254071c00 JavaThread "Java2D Disposer" daemon [_thread_blocked, id=2632, stack(0x00007f5259d9c000,0x00007f5259e9d000)]
  0x0000000040f11800 JavaThread "Low Memory Detector" daemon [_thread_blocked, id=2630, stack(0x00007f525b3d7000,0x00007f525b4d8000)]
  0x0000000040f0ec00 JavaThread "CompilerThread1" daemon [_thread_in_native, id=2629, stack(0x00007f525b4d8000,0x00007f525b5d9000)]
  0x0000000040f0a400 JavaThread "CompilerThread0" daemon [_thread_blocked, id=2628, stack(0x00007f525b5d9000,0x00007f525b6da000)]
  0x0000000040ef4c00 JavaThread "JDWP Command Reader" daemon [_thread_in_native, id=2624, stack(0x00007f525b6da000,0x00007f525b7db000)]
  0x0000000040ef2400 JavaThread "JDWP Event Helper Thread" daemon [_thread_blocked, id=2623, stack(0x00007f525b7db000,0x00007f525b8dc000)]
  0x0000000040eef000 JavaThread "JDWP Transport Listener: dt_socket" daemon [_thread_blocked, id=2622, stack(0x00007f525b8dc000,0x00007f525b9dd000)]
  0x0000000040ee3400 JavaThread "Signal Dispatcher" daemon [_thread_blocked, id=2621, stack(0x00007f525bae1000,0x00007f525bbe2000)]
  0x0000000040ec3800 JavaThread "Finalizer" daemon [_thread_blocked, id=2620, stack(0x00007f525bbe2000,0x00007f525bce3000)]
  0x0000000040ebc400 JavaThread "Reference Handler" daemon [_thread_blocked, id=2619, stack(0x00007f525bce3000,0x00007f525bde4000)]

Other Threads:
  0x0000000040eb6c00 VMThread [stack: 0x00007f525bde4000,0x00007f525bee5000] [id=2618]
  0x0000000040f13c00 WatcherThread [stack: 0x00007f525b2d6000,0x00007f525b3d7000] [id=2631]

VM state:not at safepoint (normal execution)

VM Mutex/Monitor currently owned by a thread: None

Heap
 PSYoungGen      total 26368K, used 19782K [0x00007f529c900000, 0x00007f529e660000, 0x00007f52b9fa0000)
  eden space 22656K, 87% used [0x00007f529c900000,0x00007f529dc51978,0x00007f529df20000)
  from space 3712K, 0% used [0x00007f529e2c0000,0x00007f529e2c0000,0x00007f529e660000)
  to   space 3712K, 0% used [0x00007f529df20000,0x00007f529df20000,0x00007f529e2c0000)
 PSOldGen        total 60288K, used 0K [0x00007f5261ba0000, 0x00007f5265680000, 0x00007f529c900000)
  object space 60288K, 0% used [0x00007f5261ba0000,0x00007f5261ba0000,0x00007f5265680000)
 PSPermGen       total 21248K, used 10321K [0x00007f525c7a0000, 0x00007f525dc60000, 0x00007f5261ba0000)
  object space 21248K, 48% used [0x00007f525c7a0000,0x00007f525d1b4430,0x00007f525dc60000)

Dynamic libraries:
40000000-40009000 r-xp 00000000 08:13 3163089                            /usr/lib/jvm/java-6-sun-1.6.0.13/jre/bin/java
40108000-4010a000 rwxp 00008000 08:13 3163089                            /usr/lib/jvm/java-6-sun-1.6.0.13/jre/bin/java
40e43000-41400000 rwxp 40e43000 00:00 0                                  [heap]
7f5254000000-7f5254ca8000 rwxp 7f5254000000 00:00 0 
7f5254ca8000-7f5258000000 ---p 7f5254ca8000 00:00 0 
7f5258a01000-7f5258a17000 r-xp 00000000 08:13 213005                     /lib/libgcc_s.so.1
7f5258a17000-7f5258c17000 ---p 00016000 08:13 213005                     /lib/libgcc_s.so.1
7f5258c17000-7f5258c18000 r-xp 00016000 08:13 213005                     /lib/libgcc_s.so.1
7f5258c18000-7f5258c19000 rwxp 00017000 08:13 213005                     /lib/libgcc_s.so.1
7f5258c19000-7f5258d0a000 r-xp 00000000 08:13 2802601                    /usr/lib/libstdc++.so.6.0.10
7f5258d0a000-7f5258f0a000 ---p 000f1000 08:13 2802601                    /usr/lib/libstdc++.so.6.0.10
7f5258f0a000-7f5258f11000 r-xp 000f1000 08:13 2802601                    /usr/lib/libstdc++.so.6.0.10
7f5258f11000-7f5258f13000 rwxp 000f8000 08:13 2802601                    /usr/lib/libstdc++.so.6.0.10
7f5258f13000-7f5258f26000 rwxp 7f5258f13000 00:00 0 
7f5258f26000-7f5258f4a000 r-xp 00000000 08:13 1942103                    /usr/lib/TriangleJniAmd64.so
7f5258f4a000-7f5259149000 ---p 00024000 08:13 1942103                    /usr/lib/TriangleJniAmd64.so
7f5259149000-7f525914a000 r-xp 00023000 08:13 1942103                    /usr/lib/TriangleJniAmd64.so
7f525914a000-7f525914b000 rwxp 00024000 08:13 1942103                    /usr/lib/TriangleJniAmd64.so
7f525914b000-7f525914e000 ---p 7f525914b000 00:00 0 
7f525914e000-7f525924c000 rwxp 7f525914e000 00:00 0 
7f525924c000-7f525924f000 ---p 7f525924c000 00:00 0 
7f525924f000-7f525934d000 rwxp 7f525924f000 00:00 0 
7f525934d000-7f5259350000 ---p 7f525934d000 00:00 0 
7f5259350000-7f525944e000 rwxp 7f5259350000 00:00 0 
7f525944e000-7f5259457000 r-xs 00000000 08:13 3197464                    /var/cache/fontconfig/945677eb7aeaf62f1d50efc3fb3ec7d8-x86-64.cache-2
7f5259457000-7f5259459000 r-xs 00000000 08:13 3197468                    /var/cache/fontconfig/99e8ed0e538f840c565b6ed5dad60d56-x86-64.cache-2
7f5259459000-7f525945c000 r-xs 00000000 08:13 3197466                    /var/cache/fontconfig/e383d7ea5fbe662a33d9b44caf393297-x86-64.cache-2
7f525945c000-7f5259460000 r-xs 00000000 08:13 3197459                    /var/cache/fontconfig/6eb3985aa4124903f6ff08ba781cd364-x86-64.cache-2
7f5259460000-7f5259464000 r-xs 00000000 08:13 3196573                    /var/cache/fontconfig/a755afe4a08bf5b97852ceb7400b47bc-x86-64.cache-2
7f5259464000-7f525946d000 r-xs 00000000 08:13 3197440                    /var/cache/fontconfig/6d41288fd70b0be22e8c3a91e032eec0-x86-64.cache-2
7f525946d000-7f5259478000 r-xs 00000000 08:13 3197435                    /var/cache/fontconfig/e3de0de479f42330eadf588a55fb5bf4-x86-64.cache-2
7f5259478000-7f5259487000 r-xs 00000000 08:13 3197434                    /var/cache/fontconfig/0f34bcd4b6ee430af32735b75db7f02b-x86-64.cache-2
7f525954e000-7f5259551000 ---p 7f525954e000 00:00 0 
7f5259551000-7f525964f000 rwxp 7f5259551000 00:00 0 
7f525964f000-7f5259652000 ---p 7f525964f000 00:00 0 
7f5259652000-7f5259750000 rwxp 7f5259652000 00:00 0 
7f5259750000-7f5259755000 r-xp 00000000 08:13 2805390                    /usr/lib/libXfixes.so.3.1.0
7f5259755000-7f5259954000 ---p 00005000 08:13 2805390                    /usr/lib/libXfixes.so.3.1.0
7f5259954000-7f5259955000 rwxp 00004000 08:13 2805390                    /usr/lib/libXfixes.so.3.1.0
7f5259955000-7f525995e000 r-xp 00000000 08:13 2805803                    /usr/lib/libXrender.so.1.3.0
7f525995e000-7f5259b5d000 ---p 00009000 08:13 2805803                    /usr/lib/libXrender.so.1.3.0
7f5259b5d000-7f5259b5e000 r-xp 00008000 08:13 2805803                    /usr/lib/libXrender.so.1.3.0
7f5259b5e000-7f5259b5f000 rwxp 00009000 08:13 2805803                    /usr/lib/libXrender.so.1.3.0
7f5259b5f000-7f5259b68000 r-xp 00000000 08:13 2805843                    /usr/lib/libXcursor.so.1.0.2
7f5259b68000-7f5259d68000 ---p 00009000 08:13 2805843                    /usr/lib/libXcursor.so.1.0.2
7f5259d68000-7f5259d69000 rwxp 00009000 08:13 2805843                    /usr/lib/libXcursor.so.1.0.2
7f5259d81000-7f5259d84000 r-xs 000cb000 08:13 3162696                    /usr/lib/jvm/java-6-sun-1.6.0.13/jre/lib/ext/localedata.jar
7f5259d84000-7f5259d87000 r-xs 00000000 08:13 3197439                    /var/cache/fontconfig/de156ccd2eddbdc19d37a45b8b2aac9c-x86-64.cache-2
7f5259d87000-7f5259d90000 r-xs 00000000 08:13 3197417                    /var/cache/fontconfig/d52a8644073d54c13679302ca1180695-x86-64.cache-2
7f5259d90000-7f5259d9c000 r-xs 00000000 08:13 3197416                    /var/cache/fontconfig/089dead882dea3570ffc31a9898cfb69-x86-64.cache-2
7f5259d9c000-7f5259d9f000 ---p 7f5259d9c000 00:00 0 
7f5259d9f000-7f5259e9d000 rwxp 7f5259d9f000 00:00 0 
7f5259e9d000-7f5259f1b000 r-xp 00000000 08:13 3163204                    /usr/lib/jvm/java-6-sun-1.6.0.13/jre/lib/amd64/libfontmanager.so
7f5259f1b000-7f525a01a000 ---p 0007e000 08:13 3163204                    /usr/lib/jvm/java-6-sun-1.6.0.13/jre/lib/amd64/libfontmanager.so
7f525a01a000-7f525a030000 rwxp 0007d000 08:13 3163204                    /usr/lib/jvm/java-6-sun-1.6.0.13/jre/lib/amd64/libfontmanager.so
7f525a030000-7f525a041000 rwxp 7f525a030000 00:00 0 
7f525a041000-7f525a046000 r-xp 00000000 08:13 2805384                    /usr/lib/libXdmcp.so.6.0.0
7f525a046000-7f525a245000 ---p 00005000 08:13 2805384                    /usr/lib/libXdmcp.so.6.0.0
7f525a245000-7f525a246000 rwxp 00004000 08:13 2805384                    /usr/lib/libXdmcp.so.6.0.0
7f525a246000-7f525a261000 r-xp 00000000 08:13 2805386                    /usr/lib/libxcb.so.1.1.0
7f525a261000-7f525a460000 ---p 0001b000 08:13 2805386                    /usr/lib/libxcb.so.1.1.0
7f525a460000-7f525a461000 r-xp 0001a000 08:13 2805386                    /usr/lib/libxcb.so.1.1.0
7f525a461000-7f525a462000 rwxp 0001b000 08:13 2805386                    /usr/lib/libxcb.so.1.1.0
7f525a462000-7f525a464000 r-xp 00000000 08:13 2805382                    /usr/lib/libXau.so.6.0.0
7f525a464000-7f525a663000 ---p 00002000 08:13 2805382                    /usr/lib/libXau.so.6.0.0
7f525a663000-7f525a664000 r-xp 00001000 08:13 2805382                    /usr/lib/libXau.so.6.0.0
7f525a664000-7f525a665000 rwxp 00002000 08:13 2805382                    /usr/lib/libXau.so.6.0.0
7f525a665000-7f525a66e000 r-xp 00000000 08:13 2805586                    /usr/lib/libXi.so.6.0.0
7f525a66e000-7f525a86e000 ---p 00009000 08:13 2805586                    /usr/lib/libXi.so.6.0.0
7f525a86e000-7f525a86f000 r-xp 00009000 08:13 2805586                    /usr/lib/libXi.so.6.0.0
7f525a86f000-7f525a870000 rwxp 0000a000 08:13 2805586                    /usr/lib/libXi.so.6.0.0
7f525a870000-7f525a875000 r-xp 00000000 08:13 2806834                    /usr/lib/libXtst.so.6.1.0
7f525a875000-7f525aa75000 ---p 00005000 08:13 2806834                    /usr/lib/libXtst.so.6.1.0
7f525aa75000-7f525aa76000 r-xp 00005000 08:13 2806834                    /usr/lib/libXtst.so.6.1.0
7f525aa76000-7f525aa77000 rwxp 00006000 08:13 2806834                    /usr/lib/libXtst.so.6.1.0
7f525aa77000-7f525ab79000 r-xp 00000000 08:13 2805388                    /usr/lib/libX11.so.6.2.0
7f525ab79000-7f525ad79000 ---p 00102000 08:13 2805388                    /usr/lib/libX11.so.6.2.0
7f525ad79000-7f525ad7a000 r-xp 00102000 08:13 2805388                    /usr/lib/libX11.so.6.2.0
7f525ad7a000-7f525ad7e000 rwxp 00103000 08:13 2805388                    /usr/lib/libX11.so.6.2.0
7f525ad7e000-7f525ad8f000 r-xp 00000000 08:13 2805394                    /usr/lib/libXext.so.6.4.0
7f525ad8f000-7f525af8e000 ---p 00011000 08:13 2805394                    /usr/lib/libXext.so.6.4.0
7f525af8e000-7f525af8f000 r-xp 00010000 08:13 2805394                    /usr/lib/libXext.so.6.4.0
7f525af8f000-7f525af90000 rwxp 00011000 08:13 2805394                    /usr/lib/libXext.so.6.4.0
7f525af92000-7f525af95000 r-xs 00000000 08:13 3197433                    /var/cache/fontconfig/ddd4086aec35a5275babba44bb759c3c-x86-64.cache-2
7f525af95000-7f525af99000 r-xs 00000000 08:13 3197398                    /var/cache/fontconfig/cabbd14511b9e8a55e92af97fb3a0461-x86-64.cache-2
7f525af99000-7f525afa3000 r-xs 00000000 08:13 3195524                    /var/cache/fontconfig/e13b20fdb08344e0e664864cc2ede53d-x86-64.cache-2
7f525afa3000-7f525afab000 r-xp 00000000 08:13 2828206                    /usr/share/locale-langpack/zh_CN/LC_MESSAGES/libc.mo
7f525afab000-7f525afec000 r-xp 00000000 08:13 3163194                    /usr/lib/jvm/java-6-sun-1.6.0.13/jre/lib/amd64/xawt/libmawt.so
7f525afec000-7f525b0eb000 ---p 00041000 08:13 3163194                    /usr/lib/jvm/java-6-sun-1.6.0.13/jre/lib/amd64/xawt/libmawt.so
7f525b0eb000-7f525b0f7000 rwxp 00040000 08:13 3163194                    /usr/lib/jvm/java-6-sun-1.6.0.13/jre/lib/amd64/xawt/libmawt.so
7f525b0f7000-7f525b0f8000 rwxp 7f525b0f7000 00:00 0 
7f525b0f8000-7f525b18a000 r-xp 00000000 08:13 3163239                    /usr/lib/jvm/java-6-sun-1.6.0.13/jre/lib/amd64/libawt.so
7f525b18a000-7f525b289000 ---p 00092000 08:13 3163239                    /usr/lib/jvm/java-6-sun-1.6.0.13/jre/lib/amd64/libawt.so
7f525b289000-7f525b2a2000 rwxp 00091000 08:13 3163239                    /usr/lib/jvm/java-6-sun-1.6.0.13/jre/lib/amd64/libawt.so
7f525b2a2000-7f525b2c7000 rwxp 7f525b2a2000 00:00 0 
7f525b2c7000-7f525b2ce000 r-xs 00059000 08:11 1172178                    /home/epsilon/文档/4_java/javaTools/apache-log4j-1.2.15/log4j-1.2.15.jar
7f525b2ce000-7f525b2d6000 r-xs 0004b000 08:11 162661                     /home/epsilon/文档/4_java/javaTools/commons-math-1.2/commons-math-1.2.jar
7f525b2d6000-7f525b2d7000 ---p 7f525b2d6000 00:00 0 
7f525b2d7000-7f525b3d7000 rwxp 7f525b2d7000 00:00 0 
7f525b3d7000-7f525b3da000 ---p 7f525b3d7000 00:00 0 
7f525b3da000-7f525b4d8000 rwxp 7f525b3da000 00:00 0 
7f525b4d8000-7f525b4db000 ---p 7f525b4d8000 00:00 0 
7f525b4db000-7f525b5d9000 rwxp 7f525b4db000 00:00 0 
7f525b5d9000-7f525b5dc000 ---p 7f525b5d9000 00:00 0 
7f525b5dc000-7f525b6da000 rwxp 7f525b5dc000 00:00 0 
7f525b6da000-7f525b6dd000 ---p 7f525b6da000 00:00 0 
7f525b6dd000-7f525b7db000 rwxp 7f525b6dd000 00:00 0 
7f525b7db000-7f525b7de000 ---p 7f525b7db000 00:00 0 
7f525b7de000-7f525b8dc000 rwxp 7f525b7de000 00:00 0 
7f525b8dc000-7f525b8df000 ---p 7f525b8dc000 00:00 0 
7f525b8df000-7f525b9dd000 rwxp 7f525b8df000 00:00 0 
7f525b9dd000-7f525b9e0000 r-xp 00000000 08:13 3163230                    /usr/lib/jvm/java-6-sun-1.6.0.13/jre/lib/amd64/libdt_socket.so
7f525b9e0000-7f525badf000 ---p 00003000 08:13 3163230                    /usr/lib/jvm/java-6-sun-1.6.0.13/jre/lib/amd64/libdt_socket.so
7f525badf000-7f525bae1000 rwxp 00002000 08:13 3163230                    /usr/lib/jvm/java-6-sun-1.6.0.13/jre/lib/amd64/libdt_socket.so
7f525bae1000-7f525bae4000 ---p 7f525bae1000 00:00 0 
7f525bae4000-7f525bbe2000 rwxp 7f525bae4000 00:00 0 
7f525bbe2000-7f525bbe5000 ---p 7f525bbe2000 00:00 0 
7f525bbe5000-7f525bce3000 rwxp 7f525bbe5000 00:00 0 
7f525bce3000-7f525bce6000 ---p 7f525bce3000 00:00 0 
7f525bce6000-7f525bde4000 rwxp 7f525bce6000 00:00 0 
7f525bde4000-7f525bde5000 ---p 7f525bde4000 00:00 0 
7f525bde5000-7f525bf48000 rwxp 7f525bde5000 00:00 0 
7f525bf48000-7f525c0da000 r-xs 02f34000 08:13 2942580                    /usr/lib/jvm/java-6-sun-1.6.0.13/jre/lib/rt.jar
7f525c0da000-7f525c0db000 ---p 7f525c0da000 00:00 0 
7f525c0db000-7f525c1db000 rwxp 7f525c0db000 00:00 0 
7f525c1db000-7f525c1dc000 ---p 7f525c1db000 00:00 0 
7f525c1dc000-7f525c2fa000 rwxp 7f525c1dc000 00:00 0 
7f525c2fa000-7f525c4b3000 rwxp 7f525c2fa000 00:00 0 
7f525c4b3000-7f525c4be000 rwxp 7f525c4b3000 00:00 0 
7f525c4be000-7f525c4dd000 rwxp 7f525c4be000 00:00 0 
7f525c4dd000-7f525c4fb000 rwxp 7f525c4dd000 00:00 0 
7f525c4fb000-7f525c6b3000 rwxp 7f525c4fb000 00:00 0 
7f525c6b3000-7f525c6c3000 rwxp 7f525c6b3000 00:00 0 
7f525c6c3000-7f525c79f000 rwxp 7f525c6c3000 00:00 0 
7f525c79f000-7f525dc60000 rwxp 7f525c79f000 00:00 0 
7f525dc60000-7f5261ba0000 rwxp 7f525dc60000 00:00 0 
7f5261ba0000-7f5265680000 rwxp 7f5261ba0000 00:00 0 
7f5265680000-7f529c900000 rwxp 7f5265680000 00:00 0 
7f529c900000-7f529e660000 rwxp 7f529c900000 00:00 0 
7f529e660000-7f52b9fa0000 rwxp 7f529e660000 00:00 0 
7f52b9fa0000-7f52b9fa3000 r-xs 00000000 08:13 3196574                    /var/cache/fontconfig/7ef2298fde41cc6eeb7af42e48b7d293-x86-64.cache-2
7f52b9fa3000-7f52b9fa7000 r-xs 00042000 08:11 181746                     /home/epsilon/NetBeansProjects/EpsilonUtils/trunk/dist/EpsilonYUtil.jar
7f52b9fa7000-7f52b9fb1000 rwxp 7f52b9fa7000 00:00 0 
7f52b9fb1000-7f52ba067000 rwxp 7f52b9fb1000 00:00 0 
7f52ba067000-7f52ba2d7000 rwxp 7f52ba067000 00:00 0 
7f52ba2d7000-7f52bd067000 rwxp 7f52ba2d7000 00:00 0 
7f52bd067000-7f52bd075000 r-xp 00000000 08:13 3163206                    /usr/lib/jvm/java-6-sun-1.6.0.13/jre/lib/amd64/libzip.so
7f52bd075000-7f52bd177000 ---p 0000e000 08:13 3163206                    /usr/lib/jvm/java-6-sun-1.6.0.13/jre/lib/amd64/libzip.so
7f52bd177000-7f52bd17a000 rwxp 00010000 08:13 3163206                    /usr/lib/jvm/java-6-sun-1.6.0.13/jre/lib/amd64/libzip.so
7f52bd17a000-7f52bd17b000 rwxp 7f52bd17a000 00:00 0 
7f52bd17b000-7f52bd1a4000 r-xp 00000000 08:13 3163219                    /usr/lib/jvm/java-6-sun-1.6.0.13/jre/lib/amd64/libjava.so
7f52bd1a4000-7f52bd2a3000 ---p 00029000 08:13 3163219                    /usr/lib/jvm/java-6-sun-1.6.0.13/jre/lib/amd64/libjava.so
7f52bd2a3000-7f52bd2aa000 rwxp 00028000 08:13 3163219                    /usr/lib/jvm/java-6-sun-1.6.0.13/jre/lib/amd64/libjava.so
7f52bd2aa000-7f52bd2b7000 r-xp 00000000 08:13 3163201                    /usr/lib/jvm/java-6-sun-1.6.0.13/jre/lib/amd64/libverify.so
7f52bd2b7000-7f52bd3b6000 ---p 0000d000 08:13 3163201                    /usr/lib/jvm/java-6-sun-1.6.0.13/jre/lib/amd64/libverify.so
7f52bd3b6000-7f52bd3b9000 rwxp 0000c000 08:13 3163201                    /usr/lib/jvm/java-6-sun-1.6.0.13/jre/lib/amd64/libverify.so
7f52bd3b9000-7f52bd3c5000 r-xp 00000000 08:13 213021                     /lib/libnss_files-2.9.so
7f52bd3c5000-7f52bd5c4000 ---p 0000c000 08:13 213021                     /lib/libnss_files-2.9.so
7f52bd5c4000-7f52bd5c5000 r-xp 0000b000 08:13 213021                     /lib/libnss_files-2.9.so
7f52bd5c5000-7f52bd5c6000 rwxp 0000c000 08:13 213021                     /lib/libnss_files-2.9.so
7f52bd5c6000-7f52bd5d0000 r-xp 00000000 08:13 213023                     /lib/libnss_nis-2.9.so
7f52bd5d0000-7f52bd7cf000 ---p 0000a000 08:13 213023                     /lib/libnss_nis-2.9.so
7f52bd7cf000-7f52bd7d0000 r-xp 00009000 08:13 213023                     /lib/libnss_nis-2.9.so
7f52bd7d0000-7f52bd7d1000 rwxp 0000a000 08:13 213023                     /lib/libnss_nis-2.9.so
7f52bd7d1000-7f52bd7d9000 r-xp 00000000 08:13 213019                     /lib/libnss_compat-2.9.so
7f52bd7d9000-7f52bd9d8000 ---p 00008000 08:13 213019                     /lib/libnss_compat-2.9.so
7f52bd9d8000-7f52bd9d9000 r-xp 00007000 08:13 213019                     /lib/libnss_compat-2.9.so
7f52bd9d9000-7f52bd9da000 rwxp 00008000 08:13 213019                     /lib/libnss_compat-2.9.so
7f52bd9da000-7f52bdaf9000 r-xp 00000000 08:13 2827842                    /usr/lib/locale/zh_CN.utf8/LC_COLLATE
7f52bdaf9000-7f52bdafc000 r-xp 00000000 08:13 3163198                    /usr/lib/jvm/java-6-sun-1.6.0.13/jre/lib/amd64/libnpt.so
7f52bdafc000-7f52bdbfb000 ---p 00003000 08:13 3163198                    /usr/lib/jvm/java-6-sun-1.6.0.13/jre/lib/amd64/libnpt.so
7f52bdbfb000-7f52bdbfc000 rwxp 00002000 08:13 3163198                    /usr/lib/jvm/java-6-sun-1.6.0.13/jre/lib/amd64/libnpt.so
7f52bdbfc000-7f52bdc32000 r-xp 00000000 08:13 3163223                    /usr/lib/jvm/java-6-sun-1.6.0.13/jre/lib/amd64/libjdwp.so
7f52bdc32000-7f52bdd31000 ---p 00036000 08:13 3163223                    /usr/lib/jvm/java-6-sun-1.6.0.13/jre/lib/amd64/libjdwp.so
7f52bdd31000-7f52bdd3a000 rwxp 00035000 08:13 3163223                    /usr/lib/jvm/java-6-sun-1.6.0.13/jre/lib/amd64/libjdwp.so
7f52bdd3a000-7f52bdd3b000 rwxp 7f52bdd3a000 00:00 0 
7f52bdd3b000-7f52bdd51000 r-xp 00000000 08:13 213018                     /lib/libnsl-2.9.so
7f52bdd51000-7f52bdf51000 ---p 00016000 08:13 213018                     /lib/libnsl-2.9.so
7f52bdf51000-7f52bdf52000 r-xp 00016000 08:13 213018                     /lib/libnsl-2.9.so
7f52bdf52000-7f52bdf53000 rwxp 00017000 08:13 213018                     /lib/libnsl-2.9.so
7f52bdf53000-7f52bdf55000 rwxp 7f52bdf53000 00:00 0 
7f52bdf55000-7f52bdf5c000 r-xp 00000000 08:13 3163208                    /usr/lib/jvm/java-6-sun-1.6.0.13/jre/lib/amd64/native_threads/libhpi.so
7f52bdf5c000-7f52be05d000 ---p 00007000 08:13 3163208                    /usr/lib/jvm/java-6-sun-1.6.0.13/jre/lib/amd64/native_threads/libhpi.so
7f52be05d000-7f52be05f000 rwxp 00008000 08:13 3163208                    /usr/lib/jvm/java-6-sun-1.6.0.13/jre/lib/amd64/native_threads/libhpi.so
7f52be05f000-7f52be060000 rwxp 7f52be05f000 00:00 0 
7f52be060000-7f52be067000 r-xp 00000000 08:13 213028                     /lib/librt-2.9.so
7f52be067000-7f52be266000 ---p 00007000 08:13 213028                     /lib/librt-2.9.so
7f52be266000-7f52be267000 r-xp 00006000 08:13 213028                     /lib/librt-2.9.so
7f52be267000-7f52be268000 rwxp 00007000 08:13 213028                     /lib/librt-2.9.so
7f52be268000-7f52be26b000 ---p 7f52be268000 00:00 0 
7f52be26b000-7f52be369000 rwxp 7f52be26b000 00:00 0 
7f52be369000-7f52be3ed000 r-xp 00000000 08:13 213016                     /lib/libm-2.9.so
7f52be3ed000-7f52be5ec000 ---p 00084000 08:13 213016                     /lib/libm-2.9.so
7f52be5ec000-7f52be5ed000 r-xp 00083000 08:13 213016                     /lib/libm-2.9.so
7f52be5ed000-7f52be5ee000 rwxp 00084000 08:13 213016                     /lib/libm-2.9.so
7f52be5ee000-7f52bec7b000 r-xp 00000000 08:13 3163226                    /usr/lib/jvm/java-6-sun-1.6.0.13/jre/lib/amd64/server/libjvm.so
7f52bec7b000-7f52bed7a000 ---p 0068d000 08:13 3163226                    /usr/lib/jvm/java-6-sun-1.6.0.13/jre/lib/amd64/server/libjvm.so
7f52bed7a000-7f52beecb000 rwxp 0068c000 08:13 3163226                    /usr/lib/jvm/java-6-sun-1.6.0.13/jre/lib/amd64/server/libjvm.so
7f52beecb000-7f52bef08000 rwxp 7f52beecb000 00:00 0 
7f52bef08000-7f52bf070000 r-xp 00000000 08:13 213012                     /lib/libc-2.9.so
7f52bf070000-7f52bf270000 ---p 00168000 08:13 213012                     /lib/libc-2.9.so
7f52bf270000-7f52bf274000 r-xp 00168000 08:13 213012                     /lib/libc-2.9.so
7f52bf274000-7f52bf275000 rwxp 0016c000 08:13 213012                     /lib/libc-2.9.so
7f52bf275000-7f52bf27a000 rwxp 7f52bf275000 00:00 0 
7f52bf27a000-7f52bf27c000 r-xp 00000000 08:13 213015                     /lib/libdl-2.9.so
7f52bf27c000-7f52bf47c000 ---p 00002000 08:13 213015                     /lib/libdl-2.9.so
7f52bf47c000-7f52bf47d000 r-xp 00002000 08:13 213015                     /lib/libdl-2.9.so
7f52bf47d000-7f52bf47e000 rwxp 00003000 08:13 213015                     /lib/libdl-2.9.so
7f52bf47e000-7f52bf495000 r-xp 00000000 08:13 213026                     /lib/libpthread-2.9.so
7f52bf495000-7f52bf694000 ---p 00017000 08:13 213026                     /lib/libpthread-2.9.so
7f52bf694000-7f52bf695000 r-xp 00016000 08:13 213026                     /lib/libpthread-2.9.so
7f52bf695000-7f52bf696000 rwxp 00017000 08:13 213026                     /lib/libpthread-2.9.so
7f52bf696000-7f52bf69a000 rwxp 7f52bf696000 00:00 0 
7f52bf69a000-7f52bf6ba000 r-xp 00000000 08:13 213006                     /lib/ld-2.9.so
7f52bf6ba000-7f52bf6bb000 r-xs 00000000 08:13 3197445                    /var/cache/fontconfig/4c73fe0c47614734b17d736dbde7580a-x86-64.cache-2
7f52bf6bb000-7f52bf6bc000 r-xs 00000000 08:13 3197424                    /var/cache/fontconfig/4794a0821666d79190d59a36cb4f44b5-x86-64.cache-2
7f52bf6bc000-7f52bf6ca000 r-xs 000ba000 08:11 422677                     /home/epsilon/文档/4_java/javaTools/mtj.jar
7f52bf6ca000-7f52bf730000 rwxp 7f52bf6ca000 00:00 0 
7f52bf730000-7f52bf74f000 rwxp 7f52bf730000 00:00 0 
7f52bf74f000-7f52bf78e000 r-xp 00000000 08:13 2827839                    /usr/lib/locale/zh_CN.utf8/LC_CTYPE
7f52bf78e000-7f52bf790000 rwxp 7f52bf78e000 00:00 0 
7f52bf790000-7f52bf797000 r-xp 00000000 08:13 3163192                    /usr/lib/jvm/java-6-sun-1.6.0.13/jre/lib/amd64/jli/libjli.so
7f52bf797000-7f52bf898000 ---p 00007000 08:13 3163192                    /usr/lib/jvm/java-6-sun-1.6.0.13/jre/lib/amd64/jli/libjli.so
7f52bf898000-7f52bf89a000 rwxp 00008000 08:13 3163192                    /usr/lib/jvm/java-6-sun-1.6.0.13/jre/lib/amd64/jli/libjli.so
7f52bf89a000-7f52bf89b000 rwxp 7f52bf89a000 00:00 0 
7f52bf89b000-7f52bf8a3000 rwxs 00000000 08:13 377145                     /tmp/hsperfdata_epsilon/2614
7f52bf8a3000-7f52bf8a4000 r-xp 00000000 08:13 2827840                    /usr/lib/locale/zh_CN.utf8/LC_NUMERIC
7f52bf8a4000-7f52bf8a5000 r-xp 00000000 08:13 2827841                    /usr/lib/locale/zh_CN.utf8/LC_TIME
7f52bf8a5000-7f52bf8a6000 r-xp 00000000 08:13 2827843                    /usr/lib/locale/zh_CN.utf8/LC_MONETARY
7f52bf8a6000-7f52bf8a7000 r-xp 00000000 08:13 2827845                    /usr/lib/locale/zh_CN.utf8/LC_MESSAGES/SYS_LC_MESSAGES
7f52bf8a7000-7f52bf8a8000 r-xp 00000000 08:13 2827846                    /usr/lib/locale/zh_CN.utf8/LC_PAPER
7f52bf8a8000-7f52bf8a9000 r-xp 00000000 08:13 2827847                    /usr/lib/locale/zh_CN.utf8/LC_NAME
7f52bf8a9000-7f52bf8aa000 r-xp 00000000 08:13 2827848                    /usr/lib/locale/zh_CN.utf8/LC_ADDRESS
7f52bf8aa000-7f52bf8ab000 r-xp 00000000 08:13 2827849                    /usr/lib/locale/zh_CN.utf8/LC_TELEPHONE
7f52bf8ab000-7f52bf8ac000 r-xp 00000000 08:13 2827850                    /usr/lib/locale/zh_CN.utf8/LC_MEASUREMENT
7f52bf8ac000-7f52bf8b3000 r-xs 00000000 08:13 2803699                    /usr/lib/gconv/gconv-modules.cache
7f52bf8b3000-7f52bf8b4000 r-xp 00000000 08:13 2827851                    /usr/lib/locale/zh_CN.utf8/LC_IDENTIFICATION
7f52bf8b4000-7f52bf8b5000 rwxp 7f52bf8b4000 00:00 0 
7f52bf8b5000-7f52bf8b6000 r-xp 7f52bf8b5000 00:00 0 
7f52bf8b6000-7f52bf8b9000 rwxp 7f52bf8b6000 00:00 0 
7f52bf8b9000-7f52bf8ba000 r-xp 0001f000 08:13 213006                     /lib/ld-2.9.so
7f52bf8ba000-7f52bf8bb000 rwxp 00020000 08:13 213006                     /lib/ld-2.9.so
7fffc78a6000-7fffc78bb000 rwxp 7ffffffea000 00:00 0                      [stack]
7fffc79ff000-7fffc7a00000 r-xp 7fffc79ff000 00:00 0                      [vdso]
ffffffffff600000-ffffffffff601000 r-xp 00000000 00:00 0                  [vsyscall]

VM Arguments:
jvm_args: -Xdebug -Xrunjdwp:transport=dt_socket,address=epsilon-desktop:48373 -Dawt.useSystemAAFontSettings=on 
java_command: net.epsilony.simpmeshfree.model.ModelTestFrame
Launcher Type: SUN_STANDARD

Environment Variables:
_JAVA_OPTIONS=-Dawt.useSystemAAFontSettings=on
PATH=/usr/local/sbin:/usr/local/bin:/usr/sbin:/usr/bin:/sbin:/bin:/usr/games
USERNAME=epsilon
LD_LIBRARY_PATH=/usr/lib/jvm/java-6-sun-1.6.0.13/jre/lib/amd64/server:/usr/lib/jvm/java-6-sun-1.6.0.13/jre/lib/amd64:/usr/lib/jvm/java-6-sun-1.6.0.13/jre/../lib/amd64
SHELL=/bin/bash
DISPLAY=:0.0

Signal Handlers:
SIGSEGV: [libjvm.so+0x5fcd20], sa_mask[0]=0x7ffbfeff, sa_flags=0x10000004
SIGBUS: [libjvm.so+0x5fcd20], sa_mask[0]=0x7ffbfeff, sa_flags=0x10000004
SIGFPE: [libjvm.so+0x4e0eb0], sa_mask[0]=0x7ffbfeff, sa_flags=0x10000004
SIGPIPE: [libjvm.so+0x4e0eb0], sa_mask[0]=0x7ffbfeff, sa_flags=0x10000004
SIGXFSZ: [libjvm.so+0x4e0eb0], sa_mask[0]=0x7ffbfeff, sa_flags=0x10000004
SIGILL: [libjvm.so+0x4e0eb0], sa_mask[0]=0x7ffbfeff, sa_flags=0x10000004
SIGUSR1: SIG_DFL, sa_mask[0]=0x00000000, sa_flags=0x00000000
SIGUSR2: [libjvm.so+0x4e35d0], sa_mask[0]=0x00000004, sa_flags=0x10000004
SIGHUP: [libjvm.so+0x4e3320], sa_mask[0]=0x7ffbfeff, sa_flags=0x10000004
SIGINT: SIG_IGN, sa_mask[0]=0x00000000, sa_flags=0x00000000
SIGTERM: [libjvm.so+0x4e3320], sa_mask[0]=0x7ffbfeff, sa_flags=0x10000004
SIGQUIT: [libjvm.so+0x4e3320], sa_mask[0]=0x7ffbfeff, sa_flags=0x10000004


---------------  S Y S T E M  ---------------

OS:5.0

uname:Linux 2.6.28-12-generic #43-Ubuntu SMP Fri May 1 19:31:32 UTC 2009 x86_64
libc:glibc 2.9 NPTL 2.9 
rlimit: STACK 8192k, CORE 0k, NPROC infinity, NOFILE 1024, AS infinity
load average:0.31 0.25 0.20

CPU:total 2 (2 cores per cpu, 1 threads per core) family 16 model 2 stepping 3, cmov, cx8, fxsr, mmx, sse, sse2, sse3, mmxext, 3dnow, 3dnowext, sse4a

Memory: 4k page, physical 5780180k(2898196k free), swap 3903752k(3851972k free)

vm_info: Java HotSpot(TM) 64-Bit Server VM (11.3-b02) for linux-amd64 JRE (1.6.0_13-b03), built on Mar  9 2009 11:08:22 by "java_re" with gcc 3.2.2 (SuSE Linux)

time: Mon May 18 17:52:52 2009
elapsed time: 1 seconds

