#
# An unexpected error has been detected by Java Runtime Environment:
#
#  SIGSEGV (0xb) at pc=0x00007fc74dd5611b, pid=14945, tid=140492282706256
#
# Java VM: Java HotSpot(TM) 64-Bit Server VM (11.3-b02 mixed mode linux-amd64)
# Problematic frame:
# C  [libc.so.6+0x8411b]  memcpy+0x15b
#
# If you would like to submit a bug report, please visit:
#   http://java.sun.com/webapps/bugreport/crash.jsp
#

---------------  T H R E A D  ---------------

Current thread (0x0000000041d15000):  JavaThread "AWT-EventQueue-0" [_thread_in_vm, id=14960, stack(0x00007fc6e88ab000,0x00007fc6e89ac000)]

siginfo:si_signo=SIGSEGV: si_errno=0, si_code=2 (SEGV_ACCERR), si_addr=0x00007fc6e464b000

Registers:
RAX=0x00007fc72c39e618, RBX=0x00007fc6eb9912a0, RCX=0x00000000000002f8, RDX=0x0000000000006e80
RSP=0x00007fc6e89aa338, RBP=0x00007fc6e89aa3c0, RSI=0x00007fc6e464b000, RDI=0x00007fc72c3a3cd8
R8 =0x0000000000000ffc, R9 =0x00007fc74dba25b8, R10=0x00007fc74dba6028, R11=0x0000000000006e80
R12=0x0000000000006e80, R13=0x0000000000000000, R14=0x0000000041d165d8, R15=0x00007fc6e89aa350
RIP=0x00007fc74dd5611b, EFL=0x0000000000010212, CSGSFS=0x0000000000000033, ERR=0x0000000000000004
  TRAPNO=0x000000000000000e

Top of Stack: (sp=0x00007fc6e89aa338)
0x00007fc6e89aa338:   00007fc74d6fe600 0000000041d151c0
0x00007fc6e89aa348:   00007fc6e4645940 0000000041d15000
0x00007fc6e89aa358:   0000000000000000 0000000041d15000
0x00007fc6e89aa368:   0000000000000000 0000000041d15000
0x00007fc6e89aa378:   00007fc6e89aa4b8 0000000041d15000
0x00007fc6e89aa388:   00007fc74dd4c276 0000000041d15000
0x00007fc6e89aa398:   0000000041d165d8 00007fc6e42db1f0
0x00007fc6e89aa3a8:   00007fc6e41f6d30 00007fc6e89aa4b8
0x00007fc6e89aa3b8:   0000000041d16580 0000000041d151c0
0x00007fc6e89aa3c8:   00007fc6e8488486 00007fc6e4057500
0x00007fc6e89aa3d8:   0000000041d16588 0000000041d16590
0x00007fc6e89aa3e8:   0000000041d16598 0000000041d165a0
0x00007fc6e89aa3f8:   0000000041d15458 0000000041d165a8
0x00007fc6e89aa408:   0000000041d154a0 0101010100d15000
0x00007fc6e89aa418:   00007fc6ec388790 00007fc6e89aa498
0x00007fc6e89aa428:   0000000000000101 00007fc6ec388790
0x00007fc6e89aa438:   00007fc6e89aa4b8 0000000041d15000
0x00007fc6e89aa448:   00007fc7491a0852 0000000041d15000
0x00007fc6e89aa458:   00007fc6e89aa458 00007fc6ec388790
0x00007fc6e89aa468:   00007fc6e89aa4b8 00007fc6ec3891c8
0x00007fc6e89aa478:   0000000000000000 00007fc6ec388790
0x00007fc6e89aa488:   0000000000000000 00007fc6e89aa4b8
0x00007fc6e89aa498:   00007fc6e89aa500 00007fc749195322
0x00007fc6e89aa4a8:   0000000000000000 00007fc74919d358
0x00007fc6e89aa4b8:   00007fc72c36bfe8 00007fc6e89aa4c0
0x00007fc6e89aa4c8:   00007fc6ec38726d 00007fc6e89aa548
0x00007fc6e89aa4d8:   00007fc6ec3891c8 0000000000000000
0x00007fc6e89aa4e8:   00007fc6ec3872f8 00007fc6e89aa4b8
0x00007fc6e89aa4f8:   00007fc6e89aa538 00007fc6e89aa590
0x00007fc6e89aa508:   00007fc749195322 0000000000000000
0x00007fc6e89aa518:   00007fc72c393ba0 0000000000000000
0x00007fc6e89aa528:   00007fc72c393b88 00007fc72c3937f0 

Instructions: (pc=0x00007fc74dd5611b)
0x00007fc74dd5610b:   0f 47 da 4c 89 d9 49 83 e3 f8 48 c1 e9 03 74 05
0x00007fc74dd5611b:   f3 48 a5 66 90 4c 29 da 48 f7 c2 f8 ff ff ff 75 

Stack: [0x00007fc6e88ab000,0x00007fc6e89ac000],  sp=0x00007fc6e89aa338,  free space=1020k
Native frames: (J=compiled Java code, j=interpreted, Vv=VM code, C=native code)
C  [libc.so.6+0x8411b]  memcpy+0x15b

Java frames: (J=compiled Java code, j=interpreted, Vv=VM code)
j  net.epsilony.simpmeshfree.model.geometry.TriangleJni.triangleFun()V+0
j  net.epsilony.simpmeshfree.model.geometry.TriangleJni.complie(Lnet/epsilony/simpmeshfree/model/geometry/GeometryModel;Ljava/lang/String;)V+141
j  net.epsilony.simpmeshfree.model.mechanics.MechanicsModel.generateNodesByTriangle(DDLjava/lang/String;ZZ)V+110
j  net.epsilony.simpmeshfree.model.ModelTestFrame.<init>()V+557
j  net.epsilony.simpmeshfree.model.ModelTestFrame$2.run()V+4
j  java.awt.event.InvocationEvent.dispatch()V+47
j  java.awt.EventQueue.dispatchEvent(Ljava/awt/AWTEvent;)V+26
j  java.awt.EventDispatchThread.pumpOneEventForFilters(I)Z+204
j  java.awt.EventDispatchThread.pumpEventsForFilter(ILjava/awt/Conditional;Ljava/awt/EventFilter;)V+30
j  java.awt.EventDispatchThread.pumpEventsForHierarchy(ILjava/awt/Conditional;Ljava/awt/Component;)V+11
j  java.awt.EventDispatchThread.pumpEvents(ILjava/awt/Conditional;)V+4
j  java.awt.EventDispatchThread.pumpEvents(Ljava/awt/Conditional;)V+3
j  java.awt.EventDispatchThread.run()V+9
v  ~StubRoutines::call_stub

---------------  P R O C E S S  ---------------

Java Threads: ( => current thread )
  0x00007fc6e4022400 JavaThread "Thread-3" [_thread_blocked, id=14963, stack(0x00007fc6e86a9000,0x00007fc6e87aa000)]
  0x00007fc6e4054c00 JavaThread "Thread-2" [_thread_blocked, id=14962, stack(0x00007fc6e87aa000,0x00007fc6e88ab000)]
  0x00000000419bc000 JavaThread "DestroyJavaVM" [_thread_blocked, id=14946, stack(0x00007fc74d032000,0x00007fc74d133000)]
=>0x0000000041d15000 JavaThread "AWT-EventQueue-0" [_thread_in_vm, id=14960, stack(0x00007fc6e88ab000,0x00007fc6e89ac000)]
  0x0000000041d0e400 JavaThread "AWT-Shutdown" [_thread_blocked, id=14959, stack(0x00007fc6e8aba000,0x00007fc6e8bbb000)]
  0x0000000041d07800 JavaThread "AWT-XAWT" daemon [_thread_in_native, id=14958, stack(0x00007fc6e8bbb000,0x00007fc6e8cbc000)]
  0x0000000041c18800 JavaThread "Java2D Disposer" daemon [_thread_blocked, id=14957, stack(0x00007fc6e92f0000,0x00007fc6e93f1000)]
  0x0000000041a73800 JavaThread "Low Memory Detector" daemon [_thread_blocked, id=14955, stack(0x00007fc6ea92b000,0x00007fc6eaa2c000)]
  0x0000000041a70c00 JavaThread "CompilerThread1" daemon [_thread_in_native, id=14954, stack(0x00007fc6eaa2c000,0x00007fc6eab2d000)]
  0x0000000041a6cc00 JavaThread "CompilerThread0" daemon [_thread_in_native, id=14953, stack(0x00007fc6eab2d000,0x00007fc6eac2e000)]
  0x0000000041a6b000 JavaThread "Signal Dispatcher" daemon [_thread_blocked, id=14952, stack(0x00007fc6eac2e000,0x00007fc6ead2f000)]
  0x0000000041a44400 JavaThread "Finalizer" daemon [_thread_blocked, id=14951, stack(0x00007fc6ead6e000,0x00007fc6eae6f000)]
  0x0000000041a42800 JavaThread "Reference Handler" daemon [_thread_blocked, id=14950, stack(0x00007fc6eae6f000,0x00007fc6eaf70000)]

Other Threads:
  0x0000000041a3d000 VMThread [stack: 0x00007fc6eaf70000,0x00007fc6eb071000] [id=14949]
  0x0000000041a75c00 WatcherThread [stack: 0x00007fc6ea82a000,0x00007fc6ea92b000] [id=14956]

VM state:not at safepoint (normal execution)

VM Mutex/Monitor currently owned by a thread: None

Heap
 PSYoungGen      total 26368K, used 19329K [0x00007fc72baf0000, 0x00007fc72d850000, 0x00007fc749190000)
  eden space 22656K, 85% used [0x00007fc72baf0000,0x00007fc72cdd0618,0x00007fc72d110000)
  from space 3712K, 0% used [0x00007fc72d4b0000,0x00007fc72d4b0000,0x00007fc72d850000)
  to   space 3712K, 0% used [0x00007fc72d110000,0x00007fc72d110000,0x00007fc72d4b0000)
 PSOldGen        total 60288K, used 0K [0x00007fc6f0d90000, 0x00007fc6f4870000, 0x00007fc72baf0000)
  object space 60288K, 0% used [0x00007fc6f0d90000,0x00007fc6f0d90000,0x00007fc6f4870000)
 PSPermGen       total 21248K, used 10220K [0x00007fc6eb990000, 0x00007fc6ece50000, 0x00007fc6f0d90000)
  object space 21248K, 48% used [0x00007fc6eb990000,0x00007fc6ec38b248,0x00007fc6ece50000)

Dynamic libraries:
40000000-40009000 r-xp 00000000 08:13 3163089                            /usr/lib/jvm/java-6-sun-1.6.0.13/jre/bin/java
40108000-4010a000 rwxp 00008000 08:13 3163089                            /usr/lib/jvm/java-6-sun-1.6.0.13/jre/bin/java
419b4000-4225c000 rwxp 419b4000 00:00 0                                  [heap]
7fc6e3de8000-7fc6e3dfe000 r-xp 00000000 08:13 213005                     /lib/libgcc_s.so.1
7fc6e3dfe000-7fc6e3ffe000 ---p 00016000 08:13 213005                     /lib/libgcc_s.so.1
7fc6e3ffe000-7fc6e3fff000 r-xp 00016000 08:13 213005                     /lib/libgcc_s.so.1
7fc6e3fff000-7fc6e4000000 rwxp 00017000 08:13 213005                     /lib/libgcc_s.so.1
7fc6e4000000-7fc6e464b000 rwxp 7fc6e4000000 00:00 0 
7fc6e464b000-7fc6e8000000 ---p 7fc6e464b000 00:00 0 
7fc6e8177000-7fc6e8268000 r-xp 00000000 08:13 2802601                    /usr/lib/libstdc++.so.6.0.10
7fc6e8268000-7fc6e8468000 ---p 000f1000 08:13 2802601                    /usr/lib/libstdc++.so.6.0.10
7fc6e8468000-7fc6e846f000 r-xp 000f1000 08:13 2802601                    /usr/lib/libstdc++.so.6.0.10
7fc6e846f000-7fc6e8471000 rwxp 000f8000 08:13 2802601                    /usr/lib/libstdc++.so.6.0.10
7fc6e8471000-7fc6e8484000 rwxp 7fc6e8471000 00:00 0 
7fc6e8484000-7fc6e84a8000 r-xp 00000000 08:13 1942103                    /usr/lib/TriangleJniAmd64.so
7fc6e84a8000-7fc6e86a7000 ---p 00024000 08:13 1942103                    /usr/lib/TriangleJniAmd64.so
7fc6e86a7000-7fc6e86a8000 r-xp 00023000 08:13 1942103                    /usr/lib/TriangleJniAmd64.so
7fc6e86a8000-7fc6e86a9000 rwxp 00024000 08:13 1942103                    /usr/lib/TriangleJniAmd64.so
7fc6e86a9000-7fc6e86ac000 ---p 7fc6e86a9000 00:00 0 
7fc6e86ac000-7fc6e87aa000 rwxp 7fc6e86ac000 00:00 0 
7fc6e87aa000-7fc6e87ad000 ---p 7fc6e87aa000 00:00 0 
7fc6e87ad000-7fc6e88ab000 rwxp 7fc6e87ad000 00:00 0 
7fc6e88ab000-7fc6e88ae000 ---p 7fc6e88ab000 00:00 0 
7fc6e88ae000-7fc6e89ac000 rwxp 7fc6e88ae000 00:00 0 
7fc6e89ac000-7fc6e89b5000 r-xs 00000000 08:13 3197464                    /var/cache/fontconfig/945677eb7aeaf62f1d50efc3fb3ec7d8-x86-64.cache-2
7fc6e89b5000-7fc6e89b7000 r-xs 00000000 08:13 3197468                    /var/cache/fontconfig/99e8ed0e538f840c565b6ed5dad60d56-x86-64.cache-2
7fc6e89b7000-7fc6e89ba000 r-xs 00000000 08:13 3197466                    /var/cache/fontconfig/e383d7ea5fbe662a33d9b44caf393297-x86-64.cache-2
7fc6e89ba000-7fc6e89be000 r-xs 00000000 08:13 3197459                    /var/cache/fontconfig/6eb3985aa4124903f6ff08ba781cd364-x86-64.cache-2
7fc6e89be000-7fc6e89bf000 r-xs 00000000 08:13 3197445                    /var/cache/fontconfig/4c73fe0c47614734b17d736dbde7580a-x86-64.cache-2
7fc6e89bf000-7fc6e89c3000 r-xs 00000000 08:13 3196573                    /var/cache/fontconfig/a755afe4a08bf5b97852ceb7400b47bc-x86-64.cache-2
7fc6e89c3000-7fc6e89cc000 r-xs 00000000 08:13 3197440                    /var/cache/fontconfig/6d41288fd70b0be22e8c3a91e032eec0-x86-64.cache-2
7fc6e89cc000-7fc6e89cf000 r-xs 00000000 08:13 3197439                    /var/cache/fontconfig/de156ccd2eddbdc19d37a45b8b2aac9c-x86-64.cache-2
7fc6e89cf000-7fc6e89da000 r-xs 00000000 08:13 3197435                    /var/cache/fontconfig/e3de0de479f42330eadf588a55fb5bf4-x86-64.cache-2
7fc6e89da000-7fc6e89e9000 r-xs 00000000 08:13 3197434                    /var/cache/fontconfig/0f34bcd4b6ee430af32735b75db7f02b-x86-64.cache-2
7fc6e89e9000-7fc6e89ec000 r-xs 00000000 08:13 3197433                    /var/cache/fontconfig/ddd4086aec35a5275babba44bb759c3c-x86-64.cache-2
7fc6e89ec000-7fc6e89ed000 r-xs 00000000 08:13 3197424                    /var/cache/fontconfig/4794a0821666d79190d59a36cb4f44b5-x86-64.cache-2
7fc6e89ed000-7fc6e89f6000 r-xs 00000000 08:13 3197417                    /var/cache/fontconfig/d52a8644073d54c13679302ca1180695-x86-64.cache-2
7fc6e8aba000-7fc6e8abd000 ---p 7fc6e8aba000 00:00 0 
7fc6e8abd000-7fc6e8bbb000 rwxp 7fc6e8abd000 00:00 0 
7fc6e8bbb000-7fc6e8bbe000 ---p 7fc6e8bbb000 00:00 0 
7fc6e8bbe000-7fc6e8cbc000 rwxp 7fc6e8bbe000 00:00 0 
7fc6e8cbc000-7fc6e8cc1000 r-xp 00000000 08:13 2805390                    /usr/lib/libXfixes.so.3.1.0
7fc6e8cc1000-7fc6e8ec0000 ---p 00005000 08:13 2805390                    /usr/lib/libXfixes.so.3.1.0
7fc6e8ec0000-7fc6e8ec1000 rwxp 00004000 08:13 2805390                    /usr/lib/libXfixes.so.3.1.0
7fc6e8ec1000-7fc6e8eca000 r-xp 00000000 08:13 2805803                    /usr/lib/libXrender.so.1.3.0
7fc6e8eca000-7fc6e90c9000 ---p 00009000 08:13 2805803                    /usr/lib/libXrender.so.1.3.0
7fc6e90c9000-7fc6e90ca000 r-xp 00008000 08:13 2805803                    /usr/lib/libXrender.so.1.3.0
7fc6e90ca000-7fc6e90cb000 rwxp 00009000 08:13 2805803                    /usr/lib/libXrender.so.1.3.0
7fc6e90cb000-7fc6e90d4000 r-xp 00000000 08:13 2805843                    /usr/lib/libXcursor.so.1.0.2
7fc6e90d4000-7fc6e92d4000 ---p 00009000 08:13 2805843                    /usr/lib/libXcursor.so.1.0.2
7fc6e92d4000-7fc6e92d5000 rwxp 00009000 08:13 2805843                    /usr/lib/libXcursor.so.1.0.2
7fc6e92f0000-7fc6e92f3000 ---p 7fc6e92f0000 00:00 0 
7fc6e92f3000-7fc6e93f1000 rwxp 7fc6e92f3000 00:00 0 
7fc6e93f1000-7fc6e946f000 r-xp 00000000 08:13 3163204                    /usr/lib/jvm/java-6-sun-1.6.0.13/jre/lib/amd64/libfontmanager.so
7fc6e946f000-7fc6e956e000 ---p 0007e000 08:13 3163204                    /usr/lib/jvm/java-6-sun-1.6.0.13/jre/lib/amd64/libfontmanager.so
7fc6e956e000-7fc6e9584000 rwxp 0007d000 08:13 3163204                    /usr/lib/jvm/java-6-sun-1.6.0.13/jre/lib/amd64/libfontmanager.so
7fc6e9584000-7fc6e9595000 rwxp 7fc6e9584000 00:00 0 
7fc6e9595000-7fc6e959a000 r-xp 00000000 08:13 2805384                    /usr/lib/libXdmcp.so.6.0.0
7fc6e959a000-7fc6e9799000 ---p 00005000 08:13 2805384                    /usr/lib/libXdmcp.so.6.0.0
7fc6e9799000-7fc6e979a000 rwxp 00004000 08:13 2805384                    /usr/lib/libXdmcp.so.6.0.0
7fc6e979a000-7fc6e97b5000 r-xp 00000000 08:13 2805386                    /usr/lib/libxcb.so.1.1.0
7fc6e97b5000-7fc6e99b4000 ---p 0001b000 08:13 2805386                    /usr/lib/libxcb.so.1.1.0
7fc6e99b4000-7fc6e99b5000 r-xp 0001a000 08:13 2805386                    /usr/lib/libxcb.so.1.1.0
7fc6e99b5000-7fc6e99b6000 rwxp 0001b000 08:13 2805386                    /usr/lib/libxcb.so.1.1.0
7fc6e99b6000-7fc6e99b8000 r-xp 00000000 08:13 2805382                    /usr/lib/libXau.so.6.0.0
7fc6e99b8000-7fc6e9bb7000 ---p 00002000 08:13 2805382                    /usr/lib/libXau.so.6.0.0
7fc6e9bb7000-7fc6e9bb8000 r-xp 00001000 08:13 2805382                    /usr/lib/libXau.so.6.0.0
7fc6e9bb8000-7fc6e9bb9000 rwxp 00002000 08:13 2805382                    /usr/lib/libXau.so.6.0.0
7fc6e9bb9000-7fc6e9bc2000 r-xp 00000000 08:13 2805586                    /usr/lib/libXi.so.6.0.0
7fc6e9bc2000-7fc6e9dc2000 ---p 00009000 08:13 2805586                    /usr/lib/libXi.so.6.0.0
7fc6e9dc2000-7fc6e9dc3000 r-xp 00009000 08:13 2805586                    /usr/lib/libXi.so.6.0.0
7fc6e9dc3000-7fc6e9dc4000 rwxp 0000a000 08:13 2805586                    /usr/lib/libXi.so.6.0.0
7fc6e9dc4000-7fc6e9dc9000 r-xp 00000000 08:13 2806834                    /usr/lib/libXtst.so.6.1.0
7fc6e9dc9000-7fc6e9fc9000 ---p 00005000 08:13 2806834                    /usr/lib/libXtst.so.6.1.0
7fc6e9fc9000-7fc6e9fca000 r-xp 00005000 08:13 2806834                    /usr/lib/libXtst.so.6.1.0
7fc6e9fca000-7fc6e9fcb000 rwxp 00006000 08:13 2806834                    /usr/lib/libXtst.so.6.1.0
7fc6e9fcb000-7fc6ea0cd000 r-xp 00000000 08:13 2805388                    /usr/lib/libX11.so.6.2.0
7fc6ea0cd000-7fc6ea2cd000 ---p 00102000 08:13 2805388                    /usr/lib/libX11.so.6.2.0
7fc6ea2cd000-7fc6ea2ce000 r-xp 00102000 08:13 2805388                    /usr/lib/libX11.so.6.2.0
7fc6ea2ce000-7fc6ea2d2000 rwxp 00103000 08:13 2805388                    /usr/lib/libX11.so.6.2.0
7fc6ea2d2000-7fc6ea2e3000 r-xp 00000000 08:13 2805394                    /usr/lib/libXext.so.6.4.0
7fc6ea2e3000-7fc6ea4e2000 ---p 00011000 08:13 2805394                    /usr/lib/libXext.so.6.4.0
7fc6ea4e2000-7fc6ea4e3000 r-xp 00010000 08:13 2805394                    /usr/lib/libXext.so.6.4.0
7fc6ea4e3000-7fc6ea4e4000 rwxp 00011000 08:13 2805394                    /usr/lib/libXext.so.6.4.0
7fc6ea4e5000-7fc6ea4f1000 r-xs 00000000 08:13 3197416                    /var/cache/fontconfig/089dead882dea3570ffc31a9898cfb69-x86-64.cache-2
7fc6ea4f1000-7fc6ea4f5000 r-xs 00000000 08:13 3197398                    /var/cache/fontconfig/cabbd14511b9e8a55e92af97fb3a0461-x86-64.cache-2
7fc6ea4f5000-7fc6ea4ff000 r-xs 00000000 08:13 3195524                    /var/cache/fontconfig/e13b20fdb08344e0e664864cc2ede53d-x86-64.cache-2
7fc6ea4ff000-7fc6ea540000 r-xp 00000000 08:13 3163194                    /usr/lib/jvm/java-6-sun-1.6.0.13/jre/lib/amd64/xawt/libmawt.so
7fc6ea540000-7fc6ea63f000 ---p 00041000 08:13 3163194                    /usr/lib/jvm/java-6-sun-1.6.0.13/jre/lib/amd64/xawt/libmawt.so
7fc6ea63f000-7fc6ea64b000 rwxp 00040000 08:13 3163194                    /usr/lib/jvm/java-6-sun-1.6.0.13/jre/lib/amd64/xawt/libmawt.so
7fc6ea64b000-7fc6ea64c000 rwxp 7fc6ea64b000 00:00 0 
7fc6ea64c000-7fc6ea6de000 r-xp 00000000 08:13 3163239                    /usr/lib/jvm/java-6-sun-1.6.0.13/jre/lib/amd64/libawt.so
7fc6ea6de000-7fc6ea7dd000 ---p 00092000 08:13 3163239                    /usr/lib/jvm/java-6-sun-1.6.0.13/jre/lib/amd64/libawt.so
7fc6ea7dd000-7fc6ea7f6000 rwxp 00091000 08:13 3163239                    /usr/lib/jvm/java-6-sun-1.6.0.13/jre/lib/amd64/libawt.so
7fc6ea7f6000-7fc6ea81b000 rwxp 7fc6ea7f6000 00:00 0 
7fc6ea81b000-7fc6ea822000 r-xs 00059000 08:11 1172178                    /home/epsilon/文档/4_java/javaTools/apache-log4j-1.2.15/log4j-1.2.15.jar
7fc6ea822000-7fc6ea82a000 r-xs 0004b000 08:11 162661                     /home/epsilon/文档/4_java/javaTools/commons-math-1.2/commons-math-1.2.jar
7fc6ea82a000-7fc6ea82b000 ---p 7fc6ea82a000 00:00 0 
7fc6ea82b000-7fc6ea92b000 rwxp 7fc6ea82b000 00:00 0 
7fc6ea92b000-7fc6ea92e000 ---p 7fc6ea92b000 00:00 0 
7fc6ea92e000-7fc6eaa2c000 rwxp 7fc6ea92e000 00:00 0 
7fc6eaa2c000-7fc6eaa2f000 ---p 7fc6eaa2c000 00:00 0 
7fc6eaa2f000-7fc6eab2d000 rwxp 7fc6eaa2f000 00:00 0 
7fc6eab2d000-7fc6eab30000 ---p 7fc6eab2d000 00:00 0 
7fc6eab30000-7fc6eac2e000 rwxp 7fc6eab30000 00:00 0 
7fc6eac2e000-7fc6eac31000 ---p 7fc6eac2e000 00:00 0 
7fc6eac31000-7fc6ead2f000 rwxp 7fc6eac31000 00:00 0 
7fc6ead2f000-7fc6ead6e000 r-xp 00000000 08:13 2827839                    /usr/lib/locale/zh_CN.utf8/LC_CTYPE
7fc6ead6e000-7fc6ead71000 ---p 7fc6ead6e000 00:00 0 
7fc6ead71000-7fc6eae6f000 rwxp 7fc6ead71000 00:00 0 
7fc6eae6f000-7fc6eae72000 ---p 7fc6eae6f000 00:00 0 
7fc6eae72000-7fc6eaf70000 rwxp 7fc6eae72000 00:00 0 
7fc6eaf70000-7fc6eaf71000 ---p 7fc6eaf70000 00:00 0 
7fc6eaf71000-7fc6eb0e6000 rwxp 7fc6eaf71000 00:00 0 
7fc6eb0e6000-7fc6eb278000 r-xs 02f34000 08:13 2942580                    /usr/lib/jvm/java-6-sun-1.6.0.13/jre/lib/rt.jar
7fc6eb278000-7fc6eb2a0000 rwxp 7fc6eb278000 00:00 0 
7fc6eb2a0000-7fc6eb2a1000 ---p 7fc6eb2a0000 00:00 0 
7fc6eb2a1000-7fc6eb3a1000 rwxp 7fc6eb2a1000 00:00 0 
7fc6eb3a1000-7fc6eb3a2000 ---p 7fc6eb3a1000 00:00 0 
7fc6eb3a2000-7fc6eb4ad000 rwxp 7fc6eb3a2000 00:00 0 
7fc6eb4ad000-7fc6eb4cc000 rwxp 7fc6eb4ad000 00:00 0 
7fc6eb4cc000-7fc6eb4ea000 rwxp 7fc6eb4cc000 00:00 0 
7fc6eb4ea000-7fc6eb6a3000 rwxp 7fc6eb4ea000 00:00 0 
7fc6eb6a3000-7fc6eb6ae000 rwxp 7fc6eb6a3000 00:00 0 
7fc6eb6ae000-7fc6eb6cd000 rwxp 7fc6eb6ae000 00:00 0 
7fc6eb6cd000-7fc6eb6eb000 rwxp 7fc6eb6cd000 00:00 0 
7fc6eb6eb000-7fc6eb8a3000 rwxp 7fc6eb6eb000 00:00 0 
7fc6eb8a3000-7fc6eb8b3000 rwxp 7fc6eb8a3000 00:00 0 
7fc6eb8b3000-7fc6eb98f000 rwxp 7fc6eb8b3000 00:00 0 
7fc6eb98f000-7fc6ece50000 rwxp 7fc6eb98f000 00:00 0 
7fc6ece50000-7fc6f0d90000 rwxp 7fc6ece50000 00:00 0 
7fc6f0d90000-7fc6f4870000 rwxp 7fc6f0d90000 00:00 0 
7fc6f4870000-7fc72baf0000 rwxp 7fc6f4870000 00:00 0 
7fc72baf0000-7fc72d850000 rwxp 7fc72baf0000 00:00 0 
7fc72d850000-7fc749190000 rwxp 7fc72d850000 00:00 0 
7fc749192000-7fc749402000 rwxp 7fc749192000 00:00 0 
7fc749402000-7fc74c192000 rwxp 7fc749402000 00:00 0 
7fc74c192000-7fc74c1a0000 r-xp 00000000 08:13 3163206                    /usr/lib/jvm/java-6-sun-1.6.0.13/jre/lib/amd64/libzip.so
7fc74c1a0000-7fc74c2a2000 ---p 0000e000 08:13 3163206                    /usr/lib/jvm/java-6-sun-1.6.0.13/jre/lib/amd64/libzip.so
7fc74c2a2000-7fc74c2a5000 rwxp 00010000 08:13 3163206                    /usr/lib/jvm/java-6-sun-1.6.0.13/jre/lib/amd64/libzip.so
7fc74c2a5000-7fc74c2a6000 rwxp 7fc74c2a5000 00:00 0 
7fc74c2a6000-7fc74c2cf000 r-xp 00000000 08:13 3163219                    /usr/lib/jvm/java-6-sun-1.6.0.13/jre/lib/amd64/libjava.so
7fc74c2cf000-7fc74c3ce000 ---p 00029000 08:13 3163219                    /usr/lib/jvm/java-6-sun-1.6.0.13/jre/lib/amd64/libjava.so
7fc74c3ce000-7fc74c3d5000 rwxp 00028000 08:13 3163219                    /usr/lib/jvm/java-6-sun-1.6.0.13/jre/lib/amd64/libjava.so
7fc74c3d5000-7fc74c3e2000 r-xp 00000000 08:13 3163201                    /usr/lib/jvm/java-6-sun-1.6.0.13/jre/lib/amd64/libverify.so
7fc74c3e2000-7fc74c4e1000 ---p 0000d000 08:13 3163201                    /usr/lib/jvm/java-6-sun-1.6.0.13/jre/lib/amd64/libverify.so
7fc74c4e1000-7fc74c4e4000 rwxp 0000c000 08:13 3163201                    /usr/lib/jvm/java-6-sun-1.6.0.13/jre/lib/amd64/libverify.so
7fc74c4e4000-7fc74c4f0000 r-xp 00000000 08:13 213021                     /lib/libnss_files-2.9.so
7fc74c4f0000-7fc74c6ef000 ---p 0000c000 08:13 213021                     /lib/libnss_files-2.9.so
7fc74c6ef000-7fc74c6f0000 r-xp 0000b000 08:13 213021                     /lib/libnss_files-2.9.so
7fc74c6f0000-7fc74c6f1000 rwxp 0000c000 08:13 213021                     /lib/libnss_files-2.9.so
7fc74c6f1000-7fc74c6fb000 r-xp 00000000 08:13 213023                     /lib/libnss_nis-2.9.so
7fc74c6fb000-7fc74c8fa000 ---p 0000a000 08:13 213023                     /lib/libnss_nis-2.9.so
7fc74c8fa000-7fc74c8fb000 r-xp 00009000 08:13 213023                     /lib/libnss_nis-2.9.so
7fc74c8fb000-7fc74c8fc000 rwxp 0000a000 08:13 213023                     /lib/libnss_nis-2.9.so
7fc74c8fc000-7fc74c904000 r-xp 00000000 08:13 213019                     /lib/libnss_compat-2.9.so
7fc74c904000-7fc74cb03000 ---p 00008000 08:13 213019                     /lib/libnss_compat-2.9.so
7fc74cb03000-7fc74cb04000 r-xp 00007000 08:13 213019                     /lib/libnss_compat-2.9.so
7fc74cb04000-7fc74cb05000 rwxp 00008000 08:13 213019                     /lib/libnss_compat-2.9.so
7fc74cb05000-7fc74cb1b000 r-xp 00000000 08:13 213018                     /lib/libnsl-2.9.so
7fc74cb1b000-7fc74cd1b000 ---p 00016000 08:13 213018                     /lib/libnsl-2.9.so
7fc74cd1b000-7fc74cd1c000 r-xp 00016000 08:13 213018                     /lib/libnsl-2.9.so
7fc74cd1c000-7fc74cd1d000 rwxp 00017000 08:13 213018                     /lib/libnsl-2.9.so
7fc74cd1d000-7fc74cd1f000 rwxp 7fc74cd1d000 00:00 0 
7fc74cd1f000-7fc74cd26000 r-xp 00000000 08:13 3163208                    /usr/lib/jvm/java-6-sun-1.6.0.13/jre/lib/amd64/native_threads/libhpi.so
7fc74cd26000-7fc74ce27000 ---p 00007000 08:13 3163208                    /usr/lib/jvm/java-6-sun-1.6.0.13/jre/lib/amd64/native_threads/libhpi.so
7fc74ce27000-7fc74ce29000 rwxp 00008000 08:13 3163208                    /usr/lib/jvm/java-6-sun-1.6.0.13/jre/lib/amd64/native_threads/libhpi.so
7fc74ce29000-7fc74ce2a000 rwxp 7fc74ce29000 00:00 0 
7fc74ce2a000-7fc74ce31000 r-xp 00000000 08:13 213028                     /lib/librt-2.9.so
7fc74ce31000-7fc74d030000 ---p 00007000 08:13 213028                     /lib/librt-2.9.so
7fc74d030000-7fc74d031000 r-xp 00006000 08:13 213028                     /lib/librt-2.9.so
7fc74d031000-7fc74d032000 rwxp 00007000 08:13 213028                     /lib/librt-2.9.so
7fc74d032000-7fc74d035000 ---p 7fc74d032000 00:00 0 
7fc74d035000-7fc74d133000 rwxp 7fc74d035000 00:00 0 
7fc74d133000-7fc74d1b7000 r-xp 00000000 08:13 213016                     /lib/libm-2.9.so
7fc74d1b7000-7fc74d3b6000 ---p 00084000 08:13 213016                     /lib/libm-2.9.so
7fc74d3b6000-7fc74d3b7000 r-xp 00083000 08:13 213016                     /lib/libm-2.9.so
7fc74d3b7000-7fc74d3b8000 rwxp 00084000 08:13 213016                     /lib/libm-2.9.so
7fc74d3b8000-7fc74da45000 r-xp 00000000 08:13 3163226                    /usr/lib/jvm/java-6-sun-1.6.0.13/jre/lib/amd64/server/libjvm.so
7fc74da45000-7fc74db44000 ---p 0068d000 08:13 3163226                    /usr/lib/jvm/java-6-sun-1.6.0.13/jre/lib/amd64/server/libjvm.so
7fc74db44000-7fc74dc95000 rwxp 0068c000 08:13 3163226                    /usr/lib/jvm/java-6-sun-1.6.0.13/jre/lib/amd64/server/libjvm.so
7fc74dc95000-7fc74dcd2000 rwxp 7fc74dc95000 00:00 0 
7fc74dcd2000-7fc74de3a000 r-xp 00000000 08:13 213012                     /lib/libc-2.9.so
7fc74de3a000-7fc74e03a000 ---p 00168000 08:13 213012                     /lib/libc-2.9.so
7fc74e03a000-7fc74e03e000 r-xp 00168000 08:13 213012                     /lib/libc-2.9.so
7fc74e03e000-7fc74e03f000 rwxp 0016c000 08:13 213012                     /lib/libc-2.9.so
7fc74e03f000-7fc74e044000 rwxp 7fc74e03f000 00:00 0 
7fc74e044000-7fc74e046000 r-xp 00000000 08:13 213015                     /lib/libdl-2.9.so
7fc74e046000-7fc74e246000 ---p 00002000 08:13 213015                     /lib/libdl-2.9.so
7fc74e246000-7fc74e247000 r-xp 00002000 08:13 213015                     /lib/libdl-2.9.so
7fc74e247000-7fc74e248000 rwxp 00003000 08:13 213015                     /lib/libdl-2.9.so
7fc74e248000-7fc74e25f000 r-xp 00000000 08:13 213026                     /lib/libpthread-2.9.so
7fc74e25f000-7fc74e45e000 ---p 00017000 08:13 213026                     /lib/libpthread-2.9.so
7fc74e45e000-7fc74e45f000 r-xp 00016000 08:13 213026                     /lib/libpthread-2.9.so
7fc74e45f000-7fc74e460000 rwxp 00017000 08:13 213026                     /lib/libpthread-2.9.so
7fc74e460000-7fc74e464000 rwxp 7fc74e460000 00:00 0 
7fc74e464000-7fc74e484000 r-xp 00000000 08:13 213006                     /lib/ld-2.9.so
7fc74e48a000-7fc74e498000 r-xs 000ba000 08:11 422677                     /home/epsilon/文档/4_java/javaTools/mtj.jar
7fc74e498000-7fc74e4a2000 rwxp 7fc74e498000 00:00 0 
7fc74e4a2000-7fc74e558000 rwxp 7fc74e4a2000 00:00 0 
7fc74e558000-7fc74e55a000 rwxp 7fc74e558000 00:00 0 
7fc74e55a000-7fc74e561000 r-xp 00000000 08:13 3163192                    /usr/lib/jvm/java-6-sun-1.6.0.13/jre/lib/amd64/jli/libjli.so
7fc74e561000-7fc74e662000 ---p 00007000 08:13 3163192                    /usr/lib/jvm/java-6-sun-1.6.0.13/jre/lib/amd64/jli/libjli.so
7fc74e662000-7fc74e664000 rwxp 00008000 08:13 3163192                    /usr/lib/jvm/java-6-sun-1.6.0.13/jre/lib/amd64/jli/libjli.so
7fc74e664000-7fc74e665000 rwxp 7fc74e664000 00:00 0 
7fc74e665000-7fc74e668000 r-xs 000cb000 08:13 3162696                    /usr/lib/jvm/java-6-sun-1.6.0.13/jre/lib/ext/localedata.jar
7fc74e668000-7fc74e66b000 r-xs 00000000 08:13 3196574                    /var/cache/fontconfig/7ef2298fde41cc6eeb7af42e48b7d293-x86-64.cache-2
7fc74e66b000-7fc74e66f000 r-xs 00042000 08:11 181746                     /home/epsilon/NetBeansProjects/EpsilonUtils/trunk/dist/EpsilonYUtil.jar
7fc74e66f000-7fc74e676000 r-xs 00000000 08:13 2803699                    /usr/lib/gconv/gconv-modules.cache
7fc74e676000-7fc74e67e000 rwxs 00000000 08:13 377145                     /tmp/hsperfdata_epsilon/14945
7fc74e67e000-7fc74e67f000 rwxp 7fc74e67e000 00:00 0 
7fc74e67f000-7fc74e680000 r-xp 7fc74e67f000 00:00 0 
7fc74e680000-7fc74e683000 rwxp 7fc74e680000 00:00 0 
7fc74e683000-7fc74e684000 r-xp 0001f000 08:13 213006                     /lib/ld-2.9.so
7fc74e684000-7fc74e685000 rwxp 00020000 08:13 213006                     /lib/ld-2.9.so
7fff5666f000-7fff56684000 rwxp 7ffffffea000 00:00 0                      [stack]
7fff567fe000-7fff567ff000 r-xp 7fff567fe000 00:00 0                      [vdso]
ffffffffff600000-ffffffffff601000 r-xp 00000000 00:00 0                  [vsyscall]

VM Arguments:
jvm_args: -Dawt.useSystemAAFontSettings=on 
java_command: net.epsilony.simpmeshfree.model.ModelTestFrame
Launcher Type: SUN_STANDARD

Environment Variables:
_JAVA_OPTIONS=-Dawt.useSystemAAFontSettings=on
PATH=/usr/local/sbin:/usr/local/bin:/usr/sbin:/usr/bin:/sbin:/bin:/usr/games
USERNAME=epsilon
LD_LIBRARY_PATH=/usr/lib/jvm/java-6-sun-1.6.0.13/jre/lib/amd64/server:/usr/lib/jvm/java-6-sun-1.6.0.13/jre/lib/amd64:/usr/lib/jvm/java-6-sun-1.6.0.13/jre/../lib/amd64
SHELL=/bin/bash
DISPLAY=:0.0

Signal Handlers:
SIGSEGV: [libjvm.so+0x5fcd20], sa_mask[0]=0x7ffbfeff, sa_flags=0x10000004
SIGBUS: [libjvm.so+0x5fcd20], sa_mask[0]=0x7ffbfeff, sa_flags=0x10000004
SIGFPE: [libjvm.so+0x4e0eb0], sa_mask[0]=0x7ffbfeff, sa_flags=0x10000004
SIGPIPE: [libjvm.so+0x4e0eb0], sa_mask[0]=0x7ffbfeff, sa_flags=0x10000004
SIGXFSZ: [libjvm.so+0x4e0eb0], sa_mask[0]=0x7ffbfeff, sa_flags=0x10000004
SIGILL: [libjvm.so+0x4e0eb0], sa_mask[0]=0x7ffbfeff, sa_flags=0x10000004
SIGUSR1: SIG_DFL, sa_mask[0]=0x00000000, sa_flags=0x00000000
SIGUSR2: [libjvm.so+0x4e35d0], sa_mask[0]=0x00000004, sa_flags=0x10000004
SIGHUP: [libjvm.so+0x4e3320], sa_mask[0]=0x7ffbfeff, sa_flags=0x10000004
SIGINT: SIG_IGN, sa_mask[0]=0x00000000, sa_flags=0x00000000
SIGTERM: [libjvm.so+0x4e3320], sa_mask[0]=0x7ffbfeff, sa_flags=0x10000004
SIGQUIT: [libjvm.so+0x4e3320], sa_mask[0]=0x7ffbfeff, sa_flags=0x10000004


---------------  S Y S T E M  ---------------

OS:5.0

uname:Linux 2.6.28-12-generic #43-Ubuntu SMP Fri May 1 19:31:32 UTC 2009 x86_64
libc:glibc 2.9 NPTL 2.9 
rlimit: STACK 8192k, CORE 0k, NPROC infinity, NOFILE 1024, AS infinity
load average:0.33 0.31 0.39

CPU:total 2 (2 cores per cpu, 1 threads per core) family 16 model 2 stepping 3, cmov, cx8, fxsr, mmx, sse, sse2, sse3, mmxext, 3dnow, 3dnowext, sse4a

Memory: 4k page, physical 5780180k(2669996k free), swap 3903752k(3851980k free)

vm_info: Java HotSpot(TM) 64-Bit Server VM (11.3-b02) for linux-amd64 JRE (1.6.0_13-b03), built on Mar  9 2009 11:08:22 by "java_re" with gcc 3.2.2 (SuSE Linux)

time: Mon May 18 21:08:00 2009
elapsed time: 0 seconds

