#
# An unexpected error has been detected by Java Runtime Environment:
#
#  SIGSEGV (0xb) at pc=0x00007f3f24be011b, pid=14116, tid=139907477797200
#
# Java VM: Java HotSpot(TM) 64-Bit Server VM (11.3-b02 mixed mode linux-amd64)
# Problematic frame:
# C  [libc.so.6+0x8411b]  memcpy+0x15b
#
# If you would like to submit a bug report, please visit:
#   http://java.sun.com/webapps/bugreport/crash.jsp
#

---------------  T H R E A D  ---------------

Current thread (0x000000004053f000):  JavaThread "AWT-EventQueue-0" [_thread_in_vm, id=14131, stack(0x00007f3ebf73f000,0x00007f3ebf840000)]

siginfo:si_signo=SIGSEGV: si_errno=0, si_code=2 (SEGV_ACCERR), si_addr=0x00007f3eb00ca000

Registers:
RAX=0x00007f3f031ad178, RBX=0x00007f3ec28112a0, RCX=0x00000000000002a0, RDX=0x0000000000006e80
RSP=0x00007f3ebf83e4b8, RBP=0x00007f3ebf83e540, RSI=0x00007f3eb00ca000, RDI=0x00007f3f031b2af8
R8 =0x0000000000000ffc, R9 =0x00007f3f24a2c5b8, R10=0x00007f3f24a30028, R11=0x0000000000006e80
R12=0x0000000000006e80, R13=0x0000000000000000, R14=0x0000000040540518, R15=0x00007f3ebf83e4d0
RIP=0x00007f3f24be011b, EFL=0x0000000000010212, CSGSFS=0x0000000000000033, ERR=0x0000000000000004
  TRAPNO=0x000000000000000e

Top of Stack: (sp=0x00007f3ebf83e4b8)
0x00007f3ebf83e4b8:   00007f3f24588600 000000004053f1c0
0x00007f3ebf83e4c8:   00007f3eb00c4680 000000004053f000
0x00007f3ebf83e4d8:   0000000000000000 000000004053f000
0x00007f3ebf83e4e8:   0000000000000000 000000004053f000
0x00007f3ebf83e4f8:   00007f3ebf83e638 000000004053f000
0x00007f3ebf83e508:   00007f3f24bd6276 000000004053f000
0x00007f3ebf83e518:   0000000040540518 00007f3eb00138a0
0x00007f3ebf83e528:   00007f3eb0015620 00007f3ebf83e638
0x00007f3ebf83e538:   00000000405404c0 000000004053f1c0
0x00007f3ebf83e548:   00007f3ebf2a1486 00007f3eb0015570
0x00007f3ebf83e558:   00000000405404c8 00000000405404d0
0x00007f3ebf83e568:   00000000405404d8 00000000405404e0
0x00007f3ebf83e578:   000000004053f428 00000000405404e8
0x00007f3ebf83e588:   000000004053f470 010101010053f000
0x00007f3ebf83e598:   00007f3ec32072a8 00007f3ebf83e618
0x00007f3ebf83e5a8:   0000000000000101 00007f3ec32072a8
0x00007f3ebf83e5b8:   00007f3ebf83e638 000000004053f000
0x00007f3ebf83e5c8:   00007f3f2002a852 000000004053f000
0x00007f3ebf83e5d8:   00007f3ebf83e5d8 00007f3ec32072a8
0x00007f3ebf83e5e8:   00007f3ebf83e638 00007f3ec3207ce0
0x00007f3ebf83e5f8:   0000000000000000 00007f3ec32072a8
0x00007f3ebf83e608:   0000000000000000 00007f3ebf83e638
0x00007f3ebf83e618:   00007f3ebf83e680 00007f3f2001f322
0x00007f3ebf83e628:   0000000000000000 00007f3f20027358
0x00007f3ebf83e638:   00007f3f0317ab48 00007f3ebf83e640
0x00007f3ebf83e648:   00007f3ec3205d85 00007f3ebf83e6c8
0x00007f3ebf83e658:   00007f3ec3207ce0 0000000000000000
0x00007f3ebf83e668:   00007f3ec3205e10 00007f3ebf83e638
0x00007f3ebf83e678:   00007f3ebf83e6b8 00007f3ebf83e710
0x00007f3ebf83e688:   00007f3f2001f322 0000000000000000
0x00007f3ebf83e698:   00007f3f031a2700 0000000000000000
0x00007f3ebf83e6a8:   00007f3f031a26e8 00007f3f031a2350 

Instructions: (pc=0x00007f3f24be011b)
0x00007f3f24be010b:   0f 47 da 4c 89 d9 49 83 e3 f8 48 c1 e9 03 74 05
0x00007f3f24be011b:   f3 48 a5 66 90 4c 29 da 48 f7 c2 f8 ff ff ff 75 

Stack: [0x00007f3ebf73f000,0x00007f3ebf840000],  sp=0x00007f3ebf83e4b8,  free space=1021k
Native frames: (J=compiled Java code, j=interpreted, Vv=VM code, C=native code)
C  [libc.so.6+0x8411b]  memcpy+0x15b

Java frames: (J=compiled Java code, j=interpreted, Vv=VM code)
j  net.epsilony.simpmeshfree.model.geometry.TriangleJni.triangleFun()V+0
j  net.epsilony.simpmeshfree.model.geometry.TriangleJni.complie(Lnet/epsilony/simpmeshfree/model/geometry/GeometryModel;Ljava/lang/String;)V+141
j  net.epsilony.simpmeshfree.model.mechanics.MechanicsModel.generateNodesByTriangle(DDLjava/lang/String;ZZ)V+110
j  net.epsilony.simpmeshfree.model.ModelTestFrame.<init>()V+557
j  net.epsilony.simpmeshfree.model.ModelTestFrame$2.run()V+4
j  java.awt.event.InvocationEvent.dispatch()V+47
j  java.awt.EventQueue.dispatchEvent(Ljava/awt/AWTEvent;)V+26
j  java.awt.EventDispatchThread.pumpOneEventForFilters(I)Z+204
j  java.awt.EventDispatchThread.pumpEventsForFilter(ILjava/awt/Conditional;Ljava/awt/EventFilter;)V+30
j  java.awt.EventDispatchThread.pumpEventsForHierarchy(ILjava/awt/Conditional;Ljava/awt/Component;)V+11
j  java.awt.EventDispatchThread.pumpEvents(ILjava/awt/Conditional;)V+4
j  java.awt.EventDispatchThread.pumpEvents(Ljava/awt/Conditional;)V+3
j  java.awt.EventDispatchThread.run()V+9
v  ~StubRoutines::call_stub

---------------  P R O C E S S  ---------------

Java Threads: ( => current thread )
  0x00007f3eb0012400 JavaThread "Thread-3" [_thread_blocked, id=14135, stack(0x00007f3ebf63e000,0x00007f3ebf73f000)]
  0x00007f3eb0000c00 JavaThread "Thread-2" [_thread_blocked, id=14134, stack(0x00007f3ebf4c2000,0x00007f3ebf5c3000)]
  0x00000000401e5000 JavaThread "DestroyJavaVM" [_thread_blocked, id=14117, stack(0x00007f3f23ebc000,0x00007f3f23fbd000)]
=>0x000000004053f000 JavaThread "AWT-EventQueue-0" [_thread_in_vm, id=14131, stack(0x00007f3ebf73f000,0x00007f3ebf840000)]
  0x0000000040538800 JavaThread "AWT-Shutdown" [_thread_blocked, id=14130, stack(0x00007f3ebf942000,0x00007f3ebfa43000)]
  0x00000000405e8800 JavaThread "AWT-XAWT" daemon [_thread_in_native, id=14129, stack(0x00007f3ebfa43000,0x00007f3ebfb44000)]
  0x0000000040441800 JavaThread "Java2D Disposer" daemon [_thread_blocked, id=14128, stack(0x00007f3ec0178000,0x00007f3ec0279000)]
  0x000000004029c800 JavaThread "Low Memory Detector" daemon [_thread_blocked, id=14126, stack(0x00007f3ec17ab000,0x00007f3ec18ac000)]
  0x000000004029a000 JavaThread "CompilerThread1" daemon [_thread_blocked, id=14125, stack(0x00007f3ec18ac000,0x00007f3ec19ad000)]
  0x0000000040296000 JavaThread "CompilerThread0" daemon [_thread_in_native, id=14124, stack(0x00007f3ec19ad000,0x00007f3ec1aae000)]
  0x0000000040294000 JavaThread "Signal Dispatcher" daemon [_thread_blocked, id=14123, stack(0x00007f3ec1aae000,0x00007f3ec1baf000)]
  0x0000000040272800 JavaThread "Finalizer" daemon [_thread_blocked, id=14122, stack(0x00007f3ec1bee000,0x00007f3ec1cef000)]
  0x000000004026b800 JavaThread "Reference Handler" daemon [_thread_blocked, id=14121, stack(0x00007f3ec1cef000,0x00007f3ec1df0000)]

Other Threads:
  0x0000000040266000 VMThread [stack: 0x00007f3ec1df0000,0x00007f3ec1ef1000] [id=14120]
  0x000000004029ec00 WatcherThread [stack: 0x00007f3ec16aa000,0x00007f3ec17ab000] [id=14127]

VM state:not at safepoint (normal execution)

VM Mutex/Monitor currently owned by a thread: None

Heap
 PSYoungGen      total 26368K, used 19782K [0x00007f3f02970000, 0x00007f3f046d0000, 0x00007f3f20010000)
  eden space 22656K, 87% used [0x00007f3f02970000,0x00007f3f03cc1a80,0x00007f3f03f90000)
  from space 3712K, 0% used [0x00007f3f04330000,0x00007f3f04330000,0x00007f3f046d0000)
  to   space 3712K, 0% used [0x00007f3f03f90000,0x00007f3f03f90000,0x00007f3f04330000)
 PSOldGen        total 60288K, used 0K [0x00007f3ec7c10000, 0x00007f3ecb6f0000, 0x00007f3f02970000)
  object space 60288K, 0% used [0x00007f3ec7c10000,0x00007f3ec7c10000,0x00007f3ecb6f0000)
 PSPermGen       total 21248K, used 10220K [0x00007f3ec2810000, 0x00007f3ec3cd0000, 0x00007f3ec7c10000)
  object space 21248K, 48% used [0x00007f3ec2810000,0x00007f3ec320b250,0x00007f3ec3cd0000)

Dynamic libraries:
40000000-40009000 r-xp 00000000 08:13 3163089                            /usr/lib/jvm/java-6-sun-1.6.0.13/jre/bin/java
40108000-4010a000 rwxp 00008000 08:13 3163089                            /usr/lib/jvm/java-6-sun-1.6.0.13/jre/bin/java
401dd000-415e8000 rwxp 401dd000 00:00 0                                  [heap]
7f3eb0000000-7f3eb00ca000 rwxp 7f3eb0000000 00:00 0 
7f3eb00ca000-7f3eb4000000 ---p 7f3eb00ca000 00:00 0 
7f3eb8000000-7f3eb81df000 rwxp 7f3eb8000000 00:00 0 
7f3eb81df000-7f3ebc000000 ---p 7f3eb81df000 00:00 0 
7f3ebed78000-7f3ebed8e000 r-xp 00000000 08:13 213005                     /lib/libgcc_s.so.1
7f3ebed8e000-7f3ebef8e000 ---p 00016000 08:13 213005                     /lib/libgcc_s.so.1
7f3ebef8e000-7f3ebef8f000 r-xp 00016000 08:13 213005                     /lib/libgcc_s.so.1
7f3ebef8f000-7f3ebef90000 rwxp 00017000 08:13 213005                     /lib/libgcc_s.so.1
7f3ebef90000-7f3ebf081000 r-xp 00000000 08:13 2802601                    /usr/lib/libstdc++.so.6.0.10
7f3ebf081000-7f3ebf281000 ---p 000f1000 08:13 2802601                    /usr/lib/libstdc++.so.6.0.10
7f3ebf281000-7f3ebf288000 r-xp 000f1000 08:13 2802601                    /usr/lib/libstdc++.so.6.0.10
7f3ebf288000-7f3ebf28a000 rwxp 000f8000 08:13 2802601                    /usr/lib/libstdc++.so.6.0.10
7f3ebf28a000-7f3ebf29d000 rwxp 7f3ebf28a000 00:00 0 
7f3ebf29d000-7f3ebf2c1000 r-xp 00000000 08:13 1942103                    /usr/lib/TriangleJniAmd64.so
7f3ebf2c1000-7f3ebf4c0000 ---p 00024000 08:13 1942103                    /usr/lib/TriangleJniAmd64.so
7f3ebf4c0000-7f3ebf4c1000 r-xp 00023000 08:13 1942103                    /usr/lib/TriangleJniAmd64.so
7f3ebf4c1000-7f3ebf4c2000 rwxp 00024000 08:13 1942103                    /usr/lib/TriangleJniAmd64.so
7f3ebf4c2000-7f3ebf4c5000 ---p 7f3ebf4c2000 00:00 0 
7f3ebf4c5000-7f3ebf5c3000 rwxp 7f3ebf4c5000 00:00 0 
7f3ebf63e000-7f3ebf641000 ---p 7f3ebf63e000 00:00 0 
7f3ebf641000-7f3ebf73f000 rwxp 7f3ebf641000 00:00 0 
7f3ebf73f000-7f3ebf742000 ---p 7f3ebf73f000 00:00 0 
7f3ebf742000-7f3ebf840000 rwxp 7f3ebf742000 00:00 0 
7f3ebf840000-7f3ebf849000 r-xs 00000000 08:13 3197464                    /var/cache/fontconfig/945677eb7aeaf62f1d50efc3fb3ec7d8-x86-64.cache-2
7f3ebf849000-7f3ebf84b000 r-xs 00000000 08:13 3197468                    /var/cache/fontconfig/99e8ed0e538f840c565b6ed5dad60d56-x86-64.cache-2
7f3ebf84b000-7f3ebf84e000 r-xs 00000000 08:13 3197466                    /var/cache/fontconfig/e383d7ea5fbe662a33d9b44caf393297-x86-64.cache-2
7f3ebf84e000-7f3ebf852000 r-xs 00000000 08:13 3196573                    /var/cache/fontconfig/a755afe4a08bf5b97852ceb7400b47bc-x86-64.cache-2
7f3ebf852000-7f3ebf85b000 r-xs 00000000 08:13 3197440                    /var/cache/fontconfig/6d41288fd70b0be22e8c3a91e032eec0-x86-64.cache-2
7f3ebf85b000-7f3ebf866000 r-xs 00000000 08:13 3197435                    /var/cache/fontconfig/e3de0de479f42330eadf588a55fb5bf4-x86-64.cache-2
7f3ebf866000-7f3ebf875000 r-xs 00000000 08:13 3197434                    /var/cache/fontconfig/0f34bcd4b6ee430af32735b75db7f02b-x86-64.cache-2
7f3ebf875000-7f3ebf87e000 r-xs 00000000 08:13 3197417                    /var/cache/fontconfig/d52a8644073d54c13679302ca1180695-x86-64.cache-2
7f3ebf942000-7f3ebf945000 ---p 7f3ebf942000 00:00 0 
7f3ebf945000-7f3ebfa43000 rwxp 7f3ebf945000 00:00 0 
7f3ebfa43000-7f3ebfa46000 ---p 7f3ebfa43000 00:00 0 
7f3ebfa46000-7f3ebfb44000 rwxp 7f3ebfa46000 00:00 0 
7f3ebfb44000-7f3ebfb49000 r-xp 00000000 08:13 2805390                    /usr/lib/libXfixes.so.3.1.0
7f3ebfb49000-7f3ebfd48000 ---p 00005000 08:13 2805390                    /usr/lib/libXfixes.so.3.1.0
7f3ebfd48000-7f3ebfd49000 rwxp 00004000 08:13 2805390                    /usr/lib/libXfixes.so.3.1.0
7f3ebfd49000-7f3ebfd52000 r-xp 00000000 08:13 2805803                    /usr/lib/libXrender.so.1.3.0
7f3ebfd52000-7f3ebff51000 ---p 00009000 08:13 2805803                    /usr/lib/libXrender.so.1.3.0
7f3ebff51000-7f3ebff52000 r-xp 00008000 08:13 2805803                    /usr/lib/libXrender.so.1.3.0
7f3ebff52000-7f3ebff53000 rwxp 00009000 08:13 2805803                    /usr/lib/libXrender.so.1.3.0
7f3ebff53000-7f3ebff5c000 r-xp 00000000 08:13 2805843                    /usr/lib/libXcursor.so.1.0.2
7f3ebff5c000-7f3ec015c000 ---p 00009000 08:13 2805843                    /usr/lib/libXcursor.so.1.0.2
7f3ec015c000-7f3ec015d000 rwxp 00009000 08:13 2805843                    /usr/lib/libXcursor.so.1.0.2
7f3ec0175000-7f3ec0178000 r-xs 000cb000 08:13 3162696                    /usr/lib/jvm/java-6-sun-1.6.0.13/jre/lib/ext/localedata.jar
7f3ec0178000-7f3ec017b000 ---p 7f3ec0178000 00:00 0 
7f3ec017b000-7f3ec0279000 rwxp 7f3ec017b000 00:00 0 
7f3ec0279000-7f3ec02f7000 r-xp 00000000 08:13 3163204                    /usr/lib/jvm/java-6-sun-1.6.0.13/jre/lib/amd64/libfontmanager.so
7f3ec02f7000-7f3ec03f6000 ---p 0007e000 08:13 3163204                    /usr/lib/jvm/java-6-sun-1.6.0.13/jre/lib/amd64/libfontmanager.so
7f3ec03f6000-7f3ec040c000 rwxp 0007d000 08:13 3163204                    /usr/lib/jvm/java-6-sun-1.6.0.13/jre/lib/amd64/libfontmanager.so
7f3ec040c000-7f3ec041d000 rwxp 7f3ec040c000 00:00 0 
7f3ec041d000-7f3ec0422000 r-xp 00000000 08:13 2805384                    /usr/lib/libXdmcp.so.6.0.0
7f3ec0422000-7f3ec0621000 ---p 00005000 08:13 2805384                    /usr/lib/libXdmcp.so.6.0.0
7f3ec0621000-7f3ec0622000 rwxp 00004000 08:13 2805384                    /usr/lib/libXdmcp.so.6.0.0
7f3ec0622000-7f3ec063d000 r-xp 00000000 08:13 2805386                    /usr/lib/libxcb.so.1.1.0
7f3ec063d000-7f3ec083c000 ---p 0001b000 08:13 2805386                    /usr/lib/libxcb.so.1.1.0
7f3ec083c000-7f3ec083d000 r-xp 0001a000 08:13 2805386                    /usr/lib/libxcb.so.1.1.0
7f3ec083d000-7f3ec083e000 rwxp 0001b000 08:13 2805386                    /usr/lib/libxcb.so.1.1.0
7f3ec083e000-7f3ec0840000 r-xp 00000000 08:13 2805382                    /usr/lib/libXau.so.6.0.0
7f3ec0840000-7f3ec0a3f000 ---p 00002000 08:13 2805382                    /usr/lib/libXau.so.6.0.0
7f3ec0a3f000-7f3ec0a40000 r-xp 00001000 08:13 2805382                    /usr/lib/libXau.so.6.0.0
7f3ec0a40000-7f3ec0a41000 rwxp 00002000 08:13 2805382                    /usr/lib/libXau.so.6.0.0
7f3ec0a41000-7f3ec0a4a000 r-xp 00000000 08:13 2805586                    /usr/lib/libXi.so.6.0.0
7f3ec0a4a000-7f3ec0c4a000 ---p 00009000 08:13 2805586                    /usr/lib/libXi.so.6.0.0
7f3ec0c4a000-7f3ec0c4b000 r-xp 00009000 08:13 2805586                    /usr/lib/libXi.so.6.0.0
7f3ec0c4b000-7f3ec0c4c000 rwxp 0000a000 08:13 2805586                    /usr/lib/libXi.so.6.0.0
7f3ec0c4c000-7f3ec0c51000 r-xp 00000000 08:13 2806834                    /usr/lib/libXtst.so.6.1.0
7f3ec0c51000-7f3ec0e51000 ---p 00005000 08:13 2806834                    /usr/lib/libXtst.so.6.1.0
7f3ec0e51000-7f3ec0e52000 r-xp 00005000 08:13 2806834                    /usr/lib/libXtst.so.6.1.0
7f3ec0e52000-7f3ec0e53000 rwxp 00006000 08:13 2806834                    /usr/lib/libXtst.so.6.1.0
7f3ec0e53000-7f3ec0f55000 r-xp 00000000 08:13 2805388                    /usr/lib/libX11.so.6.2.0
7f3ec0f55000-7f3ec1155000 ---p 00102000 08:13 2805388                    /usr/lib/libX11.so.6.2.0
7f3ec1155000-7f3ec1156000 r-xp 00102000 08:13 2805388                    /usr/lib/libX11.so.6.2.0
7f3ec1156000-7f3ec115a000 rwxp 00103000 08:13 2805388                    /usr/lib/libX11.so.6.2.0
7f3ec115a000-7f3ec116b000 r-xp 00000000 08:13 2805394                    /usr/lib/libXext.so.6.4.0
7f3ec116b000-7f3ec136a000 ---p 00011000 08:13 2805394                    /usr/lib/libXext.so.6.4.0
7f3ec136a000-7f3ec136b000 r-xp 00010000 08:13 2805394                    /usr/lib/libXext.so.6.4.0
7f3ec136b000-7f3ec136c000 rwxp 00011000 08:13 2805394                    /usr/lib/libXext.so.6.4.0
7f3ec136d000-7f3ec1379000 r-xs 00000000 08:13 3197416                    /var/cache/fontconfig/089dead882dea3570ffc31a9898cfb69-x86-64.cache-2
7f3ec1379000-7f3ec137d000 r-xs 00000000 08:13 3197398                    /var/cache/fontconfig/cabbd14511b9e8a55e92af97fb3a0461-x86-64.cache-2
7f3ec137d000-7f3ec1387000 r-xs 00000000 08:13 3195524                    /var/cache/fontconfig/e13b20fdb08344e0e664864cc2ede53d-x86-64.cache-2
7f3ec1387000-7f3ec13c8000 r-xp 00000000 08:13 3163194                    /usr/lib/jvm/java-6-sun-1.6.0.13/jre/lib/amd64/xawt/libmawt.so
7f3ec13c8000-7f3ec14c7000 ---p 00041000 08:13 3163194                    /usr/lib/jvm/java-6-sun-1.6.0.13/jre/lib/amd64/xawt/libmawt.so
7f3ec14c7000-7f3ec14d3000 rwxp 00040000 08:13 3163194                    /usr/lib/jvm/java-6-sun-1.6.0.13/jre/lib/amd64/xawt/libmawt.so
7f3ec14d3000-7f3ec14d4000 rwxp 7f3ec14d3000 00:00 0 
7f3ec14d4000-7f3ec1566000 r-xp 00000000 08:13 3163239                    /usr/lib/jvm/java-6-sun-1.6.0.13/jre/lib/amd64/libawt.so
7f3ec1566000-7f3ec1665000 ---p 00092000 08:13 3163239                    /usr/lib/jvm/java-6-sun-1.6.0.13/jre/lib/amd64/libawt.so
7f3ec1665000-7f3ec167e000 rwxp 00091000 08:13 3163239                    /usr/lib/jvm/java-6-sun-1.6.0.13/jre/lib/amd64/libawt.so
7f3ec167e000-7f3ec16a3000 rwxp 7f3ec167e000 00:00 0 
7f3ec16a3000-7f3ec16aa000 r-xs 00059000 08:11 1172178                    /home/epsilon/文档/4_java/javaTools/apache-log4j-1.2.15/log4j-1.2.15.jar
7f3ec16aa000-7f3ec16ab000 ---p 7f3ec16aa000 00:00 0 
7f3ec16ab000-7f3ec17ab000 rwxp 7f3ec16ab000 00:00 0 
7f3ec17ab000-7f3ec17ae000 ---p 7f3ec17ab000 00:00 0 
7f3ec17ae000-7f3ec18ac000 rwxp 7f3ec17ae000 00:00 0 
7f3ec18ac000-7f3ec18af000 ---p 7f3ec18ac000 00:00 0 
7f3ec18af000-7f3ec19ad000 rwxp 7f3ec18af000 00:00 0 
7f3ec19ad000-7f3ec19b0000 ---p 7f3ec19ad000 00:00 0 
7f3ec19b0000-7f3ec1aae000 rwxp 7f3ec19b0000 00:00 0 
7f3ec1aae000-7f3ec1ab1000 ---p 7f3ec1aae000 00:00 0 
7f3ec1ab1000-7f3ec1baf000 rwxp 7f3ec1ab1000 00:00 0 
7f3ec1baf000-7f3ec1bee000 r-xp 00000000 08:13 2827839                    /usr/lib/locale/zh_CN.utf8/LC_CTYPE
7f3ec1bee000-7f3ec1bf1000 ---p 7f3ec1bee000 00:00 0 
7f3ec1bf1000-7f3ec1cef000 rwxp 7f3ec1bf1000 00:00 0 
7f3ec1cef000-7f3ec1cf2000 ---p 7f3ec1cef000 00:00 0 
7f3ec1cf2000-7f3ec1df0000 rwxp 7f3ec1cf2000 00:00 0 
7f3ec1df0000-7f3ec1df1000 ---p 7f3ec1df0000 00:00 0 
7f3ec1df1000-7f3ec1f66000 rwxp 7f3ec1df1000 00:00 0 
7f3ec1f66000-7f3ec20f8000 r-xs 02f34000 08:13 2942580                    /usr/lib/jvm/java-6-sun-1.6.0.13/jre/lib/rt.jar
7f3ec20f8000-7f3ec2120000 rwxp 7f3ec20f8000 00:00 0 
7f3ec2120000-7f3ec2121000 ---p 7f3ec2120000 00:00 0 
7f3ec2121000-7f3ec2221000 rwxp 7f3ec2121000 00:00 0 
7f3ec2221000-7f3ec2222000 ---p 7f3ec2221000 00:00 0 
7f3ec2222000-7f3ec232d000 rwxp 7f3ec2222000 00:00 0 
7f3ec232d000-7f3ec234c000 rwxp 7f3ec232d000 00:00 0 
7f3ec234c000-7f3ec236a000 rwxp 7f3ec234c000 00:00 0 
7f3ec236a000-7f3ec2523000 rwxp 7f3ec236a000 00:00 0 
7f3ec2523000-7f3ec252e000 rwxp 7f3ec2523000 00:00 0 
7f3ec252e000-7f3ec254d000 rwxp 7f3ec252e000 00:00 0 
7f3ec254d000-7f3ec256b000 rwxp 7f3ec254d000 00:00 0 
7f3ec256b000-7f3ec2723000 rwxp 7f3ec256b000 00:00 0 
7f3ec2723000-7f3ec2733000 rwxp 7f3ec2723000 00:00 0 
7f3ec2733000-7f3ec280f000 rwxp 7f3ec2733000 00:00 0 
7f3ec280f000-7f3ec3cd0000 rwxp 7f3ec280f000 00:00 0 
7f3ec3cd0000-7f3ec7c10000 rwxp 7f3ec3cd0000 00:00 0 
7f3ec7c10000-7f3ecb6f0000 rwxp 7f3ec7c10000 00:00 0 
7f3ecb6f0000-7f3f02970000 rwxp 7f3ecb6f0000 00:00 0 
7f3f02970000-7f3f046d0000 rwxp 7f3f02970000 00:00 0 
7f3f046d0000-7f3f20010000 rwxp 7f3f046d0000 00:00 0 
7f3f20010000-7f3f20014000 r-xs 00000000 08:13 3197459                    /var/cache/fontconfig/6eb3985aa4124903f6ff08ba781cd364-x86-64.cache-2
7f3f20014000-7f3f2001c000 r-xs 0004b000 08:11 162661                     /home/epsilon/文档/4_java/javaTools/commons-math-1.2/commons-math-1.2.jar
7f3f2001c000-7f3f2028c000 rwxp 7f3f2001c000 00:00 0 
7f3f2028c000-7f3f2301c000 rwxp 7f3f2028c000 00:00 0 
7f3f2301c000-7f3f2302a000 r-xp 00000000 08:13 3163206                    /usr/lib/jvm/java-6-sun-1.6.0.13/jre/lib/amd64/libzip.so
7f3f2302a000-7f3f2312c000 ---p 0000e000 08:13 3163206                    /usr/lib/jvm/java-6-sun-1.6.0.13/jre/lib/amd64/libzip.so
7f3f2312c000-7f3f2312f000 rwxp 00010000 08:13 3163206                    /usr/lib/jvm/java-6-sun-1.6.0.13/jre/lib/amd64/libzip.so
7f3f2312f000-7f3f23130000 rwxp 7f3f2312f000 00:00 0 
7f3f23130000-7f3f23159000 r-xp 00000000 08:13 3163219                    /usr/lib/jvm/java-6-sun-1.6.0.13/jre/lib/amd64/libjava.so
7f3f23159000-7f3f23258000 ---p 00029000 08:13 3163219                    /usr/lib/jvm/java-6-sun-1.6.0.13/jre/lib/amd64/libjava.so
7f3f23258000-7f3f2325f000 rwxp 00028000 08:13 3163219                    /usr/lib/jvm/java-6-sun-1.6.0.13/jre/lib/amd64/libjava.so
7f3f2325f000-7f3f2326c000 r-xp 00000000 08:13 3163201                    /usr/lib/jvm/java-6-sun-1.6.0.13/jre/lib/amd64/libverify.so
7f3f2326c000-7f3f2336b000 ---p 0000d000 08:13 3163201                    /usr/lib/jvm/java-6-sun-1.6.0.13/jre/lib/amd64/libverify.so
7f3f2336b000-7f3f2336e000 rwxp 0000c000 08:13 3163201                    /usr/lib/jvm/java-6-sun-1.6.0.13/jre/lib/amd64/libverify.so
7f3f2336e000-7f3f2337a000 r-xp 00000000 08:13 213021                     /lib/libnss_files-2.9.so
7f3f2337a000-7f3f23579000 ---p 0000c000 08:13 213021                     /lib/libnss_files-2.9.so
7f3f23579000-7f3f2357a000 r-xp 0000b000 08:13 213021                     /lib/libnss_files-2.9.so
7f3f2357a000-7f3f2357b000 rwxp 0000c000 08:13 213021                     /lib/libnss_files-2.9.so
7f3f2357b000-7f3f23585000 r-xp 00000000 08:13 213023                     /lib/libnss_nis-2.9.so
7f3f23585000-7f3f23784000 ---p 0000a000 08:13 213023                     /lib/libnss_nis-2.9.so
7f3f23784000-7f3f23785000 r-xp 00009000 08:13 213023                     /lib/libnss_nis-2.9.so
7f3f23785000-7f3f23786000 rwxp 0000a000 08:13 213023                     /lib/libnss_nis-2.9.so
7f3f23786000-7f3f2378e000 r-xp 00000000 08:13 213019                     /lib/libnss_compat-2.9.so
7f3f2378e000-7f3f2398d000 ---p 00008000 08:13 213019                     /lib/libnss_compat-2.9.so
7f3f2398d000-7f3f2398e000 r-xp 00007000 08:13 213019                     /lib/libnss_compat-2.9.so
7f3f2398e000-7f3f2398f000 rwxp 00008000 08:13 213019                     /lib/libnss_compat-2.9.so
7f3f2398f000-7f3f239a5000 r-xp 00000000 08:13 213018                     /lib/libnsl-2.9.so
7f3f239a5000-7f3f23ba5000 ---p 00016000 08:13 213018                     /lib/libnsl-2.9.so
7f3f23ba5000-7f3f23ba6000 r-xp 00016000 08:13 213018                     /lib/libnsl-2.9.so
7f3f23ba6000-7f3f23ba7000 rwxp 00017000 08:13 213018                     /lib/libnsl-2.9.so
7f3f23ba7000-7f3f23ba9000 rwxp 7f3f23ba7000 00:00 0 
7f3f23ba9000-7f3f23bb0000 r-xp 00000000 08:13 3163208                    /usr/lib/jvm/java-6-sun-1.6.0.13/jre/lib/amd64/native_threads/libhpi.so
7f3f23bb0000-7f3f23cb1000 ---p 00007000 08:13 3163208                    /usr/lib/jvm/java-6-sun-1.6.0.13/jre/lib/amd64/native_threads/libhpi.so
7f3f23cb1000-7f3f23cb3000 rwxp 00008000 08:13 3163208                    /usr/lib/jvm/java-6-sun-1.6.0.13/jre/lib/amd64/native_threads/libhpi.so
7f3f23cb3000-7f3f23cb4000 rwxp 7f3f23cb3000 00:00 0 
7f3f23cb4000-7f3f23cbb000 r-xp 00000000 08:13 213028                     /lib/librt-2.9.so
7f3f23cbb000-7f3f23eba000 ---p 00007000 08:13 213028                     /lib/librt-2.9.so
7f3f23eba000-7f3f23ebb000 r-xp 00006000 08:13 213028                     /lib/librt-2.9.so
7f3f23ebb000-7f3f23ebc000 rwxp 00007000 08:13 213028                     /lib/librt-2.9.so
7f3f23ebc000-7f3f23ebf000 ---p 7f3f23ebc000 00:00 0 
7f3f23ebf000-7f3f23fbd000 rwxp 7f3f23ebf000 00:00 0 
7f3f23fbd000-7f3f24041000 r-xp 00000000 08:13 213016                     /lib/libm-2.9.so
7f3f24041000-7f3f24240000 ---p 00084000 08:13 213016                     /lib/libm-2.9.so
7f3f24240000-7f3f24241000 r-xp 00083000 08:13 213016                     /lib/libm-2.9.so
7f3f24241000-7f3f24242000 rwxp 00084000 08:13 213016                     /lib/libm-2.9.so
7f3f24242000-7f3f248cf000 r-xp 00000000 08:13 3163226                    /usr/lib/jvm/java-6-sun-1.6.0.13/jre/lib/amd64/server/libjvm.so
7f3f248cf000-7f3f249ce000 ---p 0068d000 08:13 3163226                    /usr/lib/jvm/java-6-sun-1.6.0.13/jre/lib/amd64/server/libjvm.so
7f3f249ce000-7f3f24b1f000 rwxp 0068c000 08:13 3163226                    /usr/lib/jvm/java-6-sun-1.6.0.13/jre/lib/amd64/server/libjvm.so
7f3f24b1f000-7f3f24b5c000 rwxp 7f3f24b1f000 00:00 0 
7f3f24b5c000-7f3f24cc4000 r-xp 00000000 08:13 213012                     /lib/libc-2.9.so
7f3f24cc4000-7f3f24ec4000 ---p 00168000 08:13 213012                     /lib/libc-2.9.so
7f3f24ec4000-7f3f24ec8000 r-xp 00168000 08:13 213012                     /lib/libc-2.9.so
7f3f24ec8000-7f3f24ec9000 rwxp 0016c000 08:13 213012                     /lib/libc-2.9.so
7f3f24ec9000-7f3f24ece000 rwxp 7f3f24ec9000 00:00 0 
7f3f24ece000-7f3f24ed0000 r-xp 00000000 08:13 213015                     /lib/libdl-2.9.so
7f3f24ed0000-7f3f250d0000 ---p 00002000 08:13 213015                     /lib/libdl-2.9.so
7f3f250d0000-7f3f250d1000 r-xp 00002000 08:13 213015                     /lib/libdl-2.9.so
7f3f250d1000-7f3f250d2000 rwxp 00003000 08:13 213015                     /lib/libdl-2.9.so
7f3f250d2000-7f3f250e9000 r-xp 00000000 08:13 213026                     /lib/libpthread-2.9.so
7f3f250e9000-7f3f252e8000 ---p 00017000 08:13 213026                     /lib/libpthread-2.9.so
7f3f252e8000-7f3f252e9000 r-xp 00016000 08:13 213026                     /lib/libpthread-2.9.so
7f3f252e9000-7f3f252ea000 rwxp 00017000 08:13 213026                     /lib/libpthread-2.9.so
7f3f252ea000-7f3f252ee000 rwxp 7f3f252ea000 00:00 0 
7f3f252ee000-7f3f2530e000 r-xp 00000000 08:13 213006                     /lib/ld-2.9.so
7f3f2530e000-7f3f25311000 r-xs 00000000 08:13 3197439                    /var/cache/fontconfig/de156ccd2eddbdc19d37a45b8b2aac9c-x86-64.cache-2
7f3f25311000-7f3f25314000 r-xs 00000000 08:13 3197433                    /var/cache/fontconfig/ddd4086aec35a5275babba44bb759c3c-x86-64.cache-2
7f3f25314000-7f3f25322000 r-xs 000ba000 08:11 422677                     /home/epsilon/文档/4_java/javaTools/mtj.jar
7f3f25322000-7f3f2532c000 rwxp 7f3f25322000 00:00 0 
7f3f2532c000-7f3f253e2000 rwxp 7f3f2532c000 00:00 0 
7f3f253e2000-7f3f253e4000 rwxp 7f3f253e2000 00:00 0 
7f3f253e4000-7f3f253eb000 r-xp 00000000 08:13 3163192                    /usr/lib/jvm/java-6-sun-1.6.0.13/jre/lib/amd64/jli/libjli.so
7f3f253eb000-7f3f254ec000 ---p 00007000 08:13 3163192                    /usr/lib/jvm/java-6-sun-1.6.0.13/jre/lib/amd64/jli/libjli.so
7f3f254ec000-7f3f254ee000 rwxp 00008000 08:13 3163192                    /usr/lib/jvm/java-6-sun-1.6.0.13/jre/lib/amd64/jli/libjli.so
7f3f254ee000-7f3f254ef000 rwxp 7f3f254ee000 00:00 0 
7f3f254f0000-7f3f254f1000 r-xs 00000000 08:13 3197445                    /var/cache/fontconfig/4c73fe0c47614734b17d736dbde7580a-x86-64.cache-2
7f3f254f1000-7f3f254f2000 r-xs 00000000 08:13 3197424                    /var/cache/fontconfig/4794a0821666d79190d59a36cb4f44b5-x86-64.cache-2
7f3f254f2000-7f3f254f5000 r-xs 00000000 08:13 3196574                    /var/cache/fontconfig/7ef2298fde41cc6eeb7af42e48b7d293-x86-64.cache-2
7f3f254f5000-7f3f254f9000 r-xs 00042000 08:11 181746                     /home/epsilon/NetBeansProjects/EpsilonUtils/trunk/dist/EpsilonYUtil.jar
7f3f254f9000-7f3f25500000 r-xs 00000000 08:13 2803699                    /usr/lib/gconv/gconv-modules.cache
7f3f25500000-7f3f25508000 rwxs 00000000 08:13 377144                     /tmp/hsperfdata_epsilon/14116
7f3f25508000-7f3f25509000 rwxp 7f3f25508000 00:00 0 
7f3f25509000-7f3f2550a000 r-xp 7f3f25509000 00:00 0 
7f3f2550a000-7f3f2550d000 rwxp 7f3f2550a000 00:00 0 
7f3f2550d000-7f3f2550e000 r-xp 0001f000 08:13 213006                     /lib/ld-2.9.so
7f3f2550e000-7f3f2550f000 rwxp 00020000 08:13 213006                     /lib/ld-2.9.so
7fff2d4fa000-7fff2d50f000 rwxp 7ffffffea000 00:00 0                      [stack]
7fff2d5ff000-7fff2d600000 r-xp 7fff2d5ff000 00:00 0                      [vdso]
ffffffffff600000-ffffffffff601000 r-xp 00000000 00:00 0                  [vsyscall]

VM Arguments:
jvm_args: -Dawt.useSystemAAFontSettings=on 
java_command: net.epsilony.simpmeshfree.model.ModelTestFrame
Launcher Type: SUN_STANDARD

Environment Variables:
_JAVA_OPTIONS=-Dawt.useSystemAAFontSettings=on
PATH=/usr/local/sbin:/usr/local/bin:/usr/sbin:/usr/bin:/sbin:/bin:/usr/games
USERNAME=epsilon
LD_LIBRARY_PATH=/usr/lib/jvm/java-6-sun-1.6.0.13/jre/lib/amd64/server:/usr/lib/jvm/java-6-sun-1.6.0.13/jre/lib/amd64:/usr/lib/jvm/java-6-sun-1.6.0.13/jre/../lib/amd64
SHELL=/bin/bash
DISPLAY=:0.0

Signal Handlers:
SIGSEGV: [libjvm.so+0x5fcd20], sa_mask[0]=0x7ffbfeff, sa_flags=0x10000004
SIGBUS: [libjvm.so+0x5fcd20], sa_mask[0]=0x7ffbfeff, sa_flags=0x10000004
SIGFPE: [libjvm.so+0x4e0eb0], sa_mask[0]=0x7ffbfeff, sa_flags=0x10000004
SIGPIPE: [libjvm.so+0x4e0eb0], sa_mask[0]=0x7ffbfeff, sa_flags=0x10000004
SIGXFSZ: [libjvm.so+0x4e0eb0], sa_mask[0]=0x7ffbfeff, sa_flags=0x10000004
SIGILL: [libjvm.so+0x4e0eb0], sa_mask[0]=0x7ffbfeff, sa_flags=0x10000004
SIGUSR1: SIG_DFL, sa_mask[0]=0x00000000, sa_flags=0x00000000
SIGUSR2: [libjvm.so+0x4e35d0], sa_mask[0]=0x00000004, sa_flags=0x10000004
SIGHUP: [libjvm.so+0x4e3320], sa_mask[0]=0x7ffbfeff, sa_flags=0x10000004
SIGINT: SIG_IGN, sa_mask[0]=0x00000000, sa_flags=0x00000000
SIGTERM: [libjvm.so+0x4e3320], sa_mask[0]=0x7ffbfeff, sa_flags=0x10000004
SIGQUIT: [libjvm.so+0x4e3320], sa_mask[0]=0x7ffbfeff, sa_flags=0x10000004


---------------  S Y S T E M  ---------------

OS:5.0

uname:Linux 2.6.28-12-generic #43-Ubuntu SMP Fri May 1 19:31:32 UTC 2009 x86_64
libc:glibc 2.9 NPTL 2.9 
rlimit: STACK 8192k, CORE 0k, NPROC infinity, NOFILE 1024, AS infinity
load average:0.91 0.61 0.35

CPU:total 2 (2 cores per cpu, 1 threads per core) family 16 model 2 stepping 3, cmov, cx8, fxsr, mmx, sse, sse2, sse3, mmxext, 3dnow, 3dnowext, sse4a

Memory: 4k page, physical 5780180k(2675728k free), swap 3903752k(3851980k free)

vm_info: Java HotSpot(TM) 64-Bit Server VM (11.3-b02) for linux-amd64 JRE (1.6.0_13-b03), built on Mar  9 2009 11:08:22 by "java_re" with gcc 3.2.2 (SuSE Linux)

time: Mon May 18 20:52:04 2009
elapsed time: 0 seconds

