#
# An unexpected error has been detected by Java Runtime Environment:
#
#  SIGSEGV (0xb) at pc=0x00007f096fc0711b, pid=32418, tid=139676741568848
#
# Java VM: Java HotSpot(TM) 64-Bit Server VM (11.3-b02 mixed mode linux-amd64)
# Problematic frame:
# C  [libc.so.6+0x8411b]  memcpy+0x15b
#
# If you would like to submit a bug report, please visit:
#   http://java.sun.com/webapps/bugreport/crash.jsp
#

---------------  T H R E A D  ---------------

Current thread (0x00007f090805f400):  JavaThread "AWT-EventQueue-0" [_thread_in_vm, id=32433, stack(0x00007f0906808000,0x00007f0906909000)]

siginfo:si_signo=SIGSEGV: si_errno=0, si_code=2 (SEGV_ACCERR), si_addr=0x00007f0908132000

Registers:
RAX=0x00007f094e24e470, RBX=0x00007f090d8412a0, RCX=0x0000000000000368, RDX=0x0000000000006e80
RSP=0x00007f09069071b8, RBP=0x00007f0906907240, RSI=0x00007f0908132000, RDI=0x00007f094e2537b0
R8 =0x0000000000000ffc, R9 =0x00007f096fa535b8, R10=0x00007f096fa57028, R11=0x0000000000006e80
R12=0x0000000000006e80, R13=0x0000000000000000, R14=0x0000000041ca6be8, R15=0x00007f09069071d0
RIP=0x00007f096fc0711b, EFL=0x0000000000010212, CSGSFS=0x0000000000000033, ERR=0x0000000000000004
  TRAPNO=0x000000000000000e

Top of Stack: (sp=0x00007f09069071b8)
0x00007f09069071b8:   00007f096f5af600 00007f090805f5c0
0x00007f09069071c8:   00007f090812ccc0 00007f090805f400
0x00007f09069071d8:   0000000000000000 00007f090805f400
0x00007f09069071e8:   0000000000000000 00007f090805f400
0x00007f09069071f8:   00007f0906907338 00007f090805f400
0x00007f0906907208:   00007f096fbfd276 00007f090805f400
0x00007f0906907218:   0000000041ca6be8 00007f090802b830
0x00007f0906907228:   00007f090802b780 00007f0906907338
0x00007f0906907238:   0000000041ca6b90 00007f090805f5c0
0x00007f0906907248:   00007f09063e5486 00007f090802b6d0
0x00007f0906907258:   0000000041ca6b98 0000000041ca6ba0
0x00007f0906907268:   0000000041ca6ba8 0000000041ca6bb0
0x00007f0906907278:   00007f090805f8c8 0000000041ca6bb8
0x00007f0906907288:   00007f090805f910 010101010005f400
0x00007f0906907298:   00007f090e2383e8 00007f0906907318
0x00007f09069072a8:   0000000000000101 00007f090e2383e8
0x00007f09069072b8:   00007f0906907338 00007f090805f400
0x00007f09069072c8:   00007f096b051852 00007f090805f400
0x00007f09069072d8:   00007f09069072d8 00007f090e2383e8
0x00007f09069072e8:   00007f0906907338 00007f090e238e20
0x00007f09069072f8:   0000000000000000 00007f090e2383e8
0x00007f0906907308:   0000000000000000 00007f0906907338
0x00007f0906907318:   00007f0906907380 00007f096b046322
0x00007f0906907328:   0000000000000000 00007f096b04e358
0x00007f0906907338:   00007f094e21be50 00007f0906907340
0x00007f0906907348:   00007f090e236ec5 00007f09069073c8
0x00007f0906907358:   00007f090e238e20 0000000000000000
0x00007f0906907368:   00007f090e236f50 00007f0906907338
0x00007f0906907378:   00007f09069073b8 00007f0906907410
0x00007f0906907388:   00007f096b046322 0000000000000000
0x00007f0906907398:   00007f094e2439f8 0000000000000000
0x00007f09069073a8:   00007f094e2439e0 00007f094e243648 

Instructions: (pc=0x00007f096fc0711b)
0x00007f096fc0710b:   0f 47 da 4c 89 d9 49 83 e3 f8 48 c1 e9 03 74 05
0x00007f096fc0711b:   f3 48 a5 66 90 4c 29 da 48 f7 c2 f8 ff ff ff 75 

Stack: [0x00007f0906808000,0x00007f0906909000],  sp=0x00007f09069071b8,  free space=1020k
Native frames: (J=compiled Java code, j=interpreted, Vv=VM code, C=native code)
C  [libc.so.6+0x8411b]  memcpy+0x15b

Java frames: (J=compiled Java code, j=interpreted, Vv=VM code)
j  net.epsilony.simpmeshfree.model.geometry.TriangleJni.triangleFun()V+0
j  net.epsilony.simpmeshfree.model.geometry.TriangleJni.complie(Lnet/epsilony/simpmeshfree/model/geometry/GeometryModel;Ljava/lang/String;)V+141
j  net.epsilony.simpmeshfree.model.mechanics.MechanicsModel.generateNodesByTriangle(DDLjava/lang/String;ZZ)V+110
j  net.epsilony.simpmeshfree.model.ModelTestFrame.<init>()V+557
j  net.epsilony.simpmeshfree.model.ModelTestFrame$2.run()V+4
j  java.awt.event.InvocationEvent.dispatch()V+47
j  java.awt.EventQueue.dispatchEvent(Ljava/awt/AWTEvent;)V+26
j  java.awt.EventDispatchThread.pumpOneEventForFilters(I)Z+204
j  java.awt.EventDispatchThread.pumpEventsForFilter(ILjava/awt/Conditional;Ljava/awt/EventFilter;)V+30
j  java.awt.EventDispatchThread.pumpEventsForHierarchy(ILjava/awt/Conditional;Ljava/awt/Component;)V+11
j  java.awt.EventDispatchThread.pumpEvents(ILjava/awt/Conditional;)V+4
j  java.awt.EventDispatchThread.pumpEvents(Ljava/awt/Conditional;)V+3
j  java.awt.EventDispatchThread.run()V+9
v  ~StubRoutines::call_stub

---------------  P R O C E S S  ---------------

Java Threads: ( => current thread )
  0x00007f090807b400 JavaThread "Thread-3" [_thread_blocked, id=32435, stack(0x00007f0906606000,0x00007f0906707000)]
  0x00007f0908064400 JavaThread "Thread-2" [_thread_blocked, id=32434, stack(0x00007f0906707000,0x00007f0906808000)]
  0x00007f0908060400 JavaThread "DestroyJavaVM" [_thread_blocked, id=32419, stack(0x00007f096eee3000,0x00007f096efe4000)]
=>0x00007f090805f400 JavaThread "AWT-EventQueue-0" [_thread_in_vm, id=32433, stack(0x00007f0906808000,0x00007f0906909000)]
  0x00007f090805e400 JavaThread "AWT-Shutdown" [_thread_blocked, id=32432, stack(0x00007f0906909000,0x00007f0906a0a000)]
  0x00007f090805dc00 JavaThread "AWT-XAWT" daemon [_thread_in_native, id=32431, stack(0x00007f0906a0a000,0x00007f0906b0b000)]
  0x0000000041961c00 JavaThread "Java2D Disposer" daemon [_thread_blocked, id=32430, stack(0x00007f0907124000,0x00007f0907225000)]
  0x0000000041851800 JavaThread "Low Memory Detector" daemon [_thread_blocked, id=32428, stack(0x00007f090c8d5000,0x00007f090c9d6000)]
  0x000000004184f000 JavaThread "CompilerThread1" daemon [_thread_in_native, id=32427, stack(0x00007f090c9d6000,0x00007f090cad7000)]
  0x000000004184b000 JavaThread "CompilerThread0" daemon [_thread_in_native, id=32426, stack(0x00007f090cad7000,0x00007f090cbd8000)]
  0x0000000041849000 JavaThread "Signal Dispatcher" daemon [_thread_blocked, id=32425, stack(0x00007f090cbd8000,0x00007f090ccd9000)]
  0x0000000041827800 JavaThread "Finalizer" daemon [_thread_blocked, id=32424, stack(0x00007f0907eff000,0x00007f0908000000)]
  0x0000000041820800 JavaThread "Reference Handler" daemon [_thread_blocked, id=32423, stack(0x00007f090cd1f000,0x00007f090ce20000)]

Other Threads:
  0x000000004181b000 VMThread [stack: 0x00007f090ce20000,0x00007f090cf21000] [id=32422]
  0x0000000041853c00 WatcherThread [stack: 0x00007f090c7d4000,0x00007f090c8d5000] [id=32429]

VM state:not at safepoint (normal execution)

VM Mutex/Monitor currently owned by a thread: None

Heap
 PSYoungGen      total 26368K, used 19329K [0x00007f094d9a0000, 0x00007f094f700000, 0x00007f096b040000)
  eden space 22656K, 85% used [0x00007f094d9a0000,0x00007f094ec80560,0x00007f094efc0000)
  from space 3712K, 0% used [0x00007f094f360000,0x00007f094f360000,0x00007f094f700000)
  to   space 3712K, 0% used [0x00007f094efc0000,0x00007f094efc0000,0x00007f094f360000)
 PSOldGen        total 60288K, used 0K [0x00007f0912c40000, 0x00007f0916720000, 0x00007f094d9a0000)
  object space 60288K, 0% used [0x00007f0912c40000,0x00007f0912c40000,0x00007f0916720000)
 PSPermGen       total 21248K, used 10219K [0x00007f090d840000, 0x00007f090ed00000, 0x00007f0912c40000)
  object space 21248K, 48% used [0x00007f090d840000,0x00007f090e23aea0,0x00007f090ed00000)

Dynamic libraries:
40000000-40009000 r-xp 00000000 08:13 3163089                            /usr/lib/jvm/java-6-sun-1.6.0.13/jre/bin/java
40108000-4010a000 rwxp 00008000 08:13 3163089                            /usr/lib/jvm/java-6-sun-1.6.0.13/jre/bin/java
41792000-41f22000 rwxp 41792000 00:00 0                                  [heap]
7f0905ebc000-7f0905ed2000 r-xp 00000000 08:13 213005                     /lib/libgcc_s.so.1
7f0905ed2000-7f09060d2000 ---p 00016000 08:13 213005                     /lib/libgcc_s.so.1
7f09060d2000-7f09060d3000 r-xp 00016000 08:13 213005                     /lib/libgcc_s.so.1
7f09060d3000-7f09060d4000 rwxp 00017000 08:13 213005                     /lib/libgcc_s.so.1
7f09060d4000-7f09061c5000 r-xp 00000000 08:13 2802601                    /usr/lib/libstdc++.so.6.0.10
7f09061c5000-7f09063c5000 ---p 000f1000 08:13 2802601                    /usr/lib/libstdc++.so.6.0.10
7f09063c5000-7f09063cc000 r-xp 000f1000 08:13 2802601                    /usr/lib/libstdc++.so.6.0.10
7f09063cc000-7f09063ce000 rwxp 000f8000 08:13 2802601                    /usr/lib/libstdc++.so.6.0.10
7f09063ce000-7f09063e1000 rwxp 7f09063ce000 00:00 0 
7f09063e1000-7f0906405000 r-xp 00000000 08:13 1942103                    /usr/lib/TriangleJniAmd64.so
7f0906405000-7f0906604000 ---p 00024000 08:13 1942103                    /usr/lib/TriangleJniAmd64.so
7f0906604000-7f0906605000 r-xp 00023000 08:13 1942103                    /usr/lib/TriangleJniAmd64.so
7f0906605000-7f0906606000 rwxp 00024000 08:13 1942103                    /usr/lib/TriangleJniAmd64.so
7f0906606000-7f0906609000 ---p 7f0906606000 00:00 0 
7f0906609000-7f0906707000 rwxp 7f0906609000 00:00 0 
7f0906707000-7f090670a000 ---p 7f0906707000 00:00 0 
7f090670a000-7f0906808000 rwxp 7f090670a000 00:00 0 
7f0906808000-7f090680b000 ---p 7f0906808000 00:00 0 
7f090680b000-7f0906909000 rwxp 7f090680b000 00:00 0 
7f0906909000-7f090690c000 ---p 7f0906909000 00:00 0 
7f090690c000-7f0906a0a000 rwxp 7f090690c000 00:00 0 
7f0906a0a000-7f0906a0d000 ---p 7f0906a0a000 00:00 0 
7f0906a0d000-7f0906b0b000 rwxp 7f0906a0d000 00:00 0 
7f0906b0b000-7f0906b10000 r-xp 00000000 08:13 2805390                    /usr/lib/libXfixes.so.3.1.0
7f0906b10000-7f0906d0f000 ---p 00005000 08:13 2805390                    /usr/lib/libXfixes.so.3.1.0
7f0906d0f000-7f0906d10000 rwxp 00004000 08:13 2805390                    /usr/lib/libXfixes.so.3.1.0
7f0906d10000-7f0906d19000 r-xp 00000000 08:13 2805803                    /usr/lib/libXrender.so.1.3.0
7f0906d19000-7f0906f18000 ---p 00009000 08:13 2805803                    /usr/lib/libXrender.so.1.3.0
7f0906f18000-7f0906f19000 r-xp 00008000 08:13 2805803                    /usr/lib/libXrender.so.1.3.0
7f0906f19000-7f0906f1a000 rwxp 00009000 08:13 2805803                    /usr/lib/libXrender.so.1.3.0
7f0906f1a000-7f0906f23000 r-xp 00000000 08:13 2805843                    /usr/lib/libXcursor.so.1.0.2
7f0906f23000-7f0907123000 ---p 00009000 08:13 2805843                    /usr/lib/libXcursor.so.1.0.2
7f0907123000-7f0907124000 rwxp 00009000 08:13 2805843                    /usr/lib/libXcursor.so.1.0.2
7f0907124000-7f0907127000 ---p 7f0907124000 00:00 0 
7f0907127000-7f0907225000 rwxp 7f0907127000 00:00 0 
7f0907225000-7f09072a3000 r-xp 00000000 08:13 3163204                    /usr/lib/jvm/java-6-sun-1.6.0.13/jre/lib/amd64/libfontmanager.so
7f09072a3000-7f09073a2000 ---p 0007e000 08:13 3163204                    /usr/lib/jvm/java-6-sun-1.6.0.13/jre/lib/amd64/libfontmanager.so
7f09073a2000-7f09073b8000 rwxp 0007d000 08:13 3163204                    /usr/lib/jvm/java-6-sun-1.6.0.13/jre/lib/amd64/libfontmanager.so
7f09073b8000-7f09073c9000 rwxp 7f09073b8000 00:00 0 
7f09073c9000-7f09073ce000 r-xp 00000000 08:13 2805384                    /usr/lib/libXdmcp.so.6.0.0
7f09073ce000-7f09075cd000 ---p 00005000 08:13 2805384                    /usr/lib/libXdmcp.so.6.0.0
7f09075cd000-7f09075ce000 rwxp 00004000 08:13 2805384                    /usr/lib/libXdmcp.so.6.0.0
7f09075ce000-7f09075e9000 r-xp 00000000 08:13 2805386                    /usr/lib/libxcb.so.1.1.0
7f09075e9000-7f09077e8000 ---p 0001b000 08:13 2805386                    /usr/lib/libxcb.so.1.1.0
7f09077e8000-7f09077e9000 r-xp 0001a000 08:13 2805386                    /usr/lib/libxcb.so.1.1.0
7f09077e9000-7f09077ea000 rwxp 0001b000 08:13 2805386                    /usr/lib/libxcb.so.1.1.0
7f09077ea000-7f09077ec000 r-xp 00000000 08:13 2805382                    /usr/lib/libXau.so.6.0.0
7f09077ec000-7f09079eb000 ---p 00002000 08:13 2805382                    /usr/lib/libXau.so.6.0.0
7f09079eb000-7f09079ec000 r-xp 00001000 08:13 2805382                    /usr/lib/libXau.so.6.0.0
7f09079ec000-7f09079ed000 rwxp 00002000 08:13 2805382                    /usr/lib/libXau.so.6.0.0
7f09079ed000-7f09079f6000 r-xp 00000000 08:13 2805586                    /usr/lib/libXi.so.6.0.0
7f09079f6000-7f0907bf6000 ---p 00009000 08:13 2805586                    /usr/lib/libXi.so.6.0.0
7f0907bf6000-7f0907bf7000 r-xp 00009000 08:13 2805586                    /usr/lib/libXi.so.6.0.0
7f0907bf7000-7f0907bf8000 rwxp 0000a000 08:13 2805586                    /usr/lib/libXi.so.6.0.0
7f0907bf8000-7f0907cfa000 r-xp 00000000 08:13 2805388                    /usr/lib/libX11.so.6.2.0
7f0907cfa000-7f0907efa000 ---p 00102000 08:13 2805388                    /usr/lib/libX11.so.6.2.0
7f0907efa000-7f0907efb000 r-xp 00102000 08:13 2805388                    /usr/lib/libX11.so.6.2.0
7f0907efb000-7f0907eff000 rwxp 00103000 08:13 2805388                    /usr/lib/libX11.so.6.2.0
7f0907eff000-7f0907f02000 ---p 7f0907eff000 00:00 0 
7f0907f02000-7f0908000000 rwxp 7f0907f02000 00:00 0 
7f0908000000-7f0908132000 rwxp 7f0908000000 00:00 0 
7f0908132000-7f090c000000 ---p 7f0908132000 00:00 0 
7f090c03c000-7f090c03f000 r-xs 000cb000 08:13 3162696                    /usr/lib/jvm/java-6-sun-1.6.0.13/jre/lib/ext/localedata.jar
7f090c03f000-7f090c048000 r-xs 00000000 08:13 3197464                    /var/cache/fontconfig/945677eb7aeaf62f1d50efc3fb3ec7d8-x86-64.cache-2
7f090c048000-7f090c04a000 r-xs 00000000 08:13 3197468                    /var/cache/fontconfig/99e8ed0e538f840c565b6ed5dad60d56-x86-64.cache-2
7f090c04a000-7f090c04d000 r-xs 00000000 08:13 3197466                    /var/cache/fontconfig/e383d7ea5fbe662a33d9b44caf393297-x86-64.cache-2
7f090c04d000-7f090c051000 r-xs 00000000 08:13 3197459                    /var/cache/fontconfig/6eb3985aa4124903f6ff08ba781cd364-x86-64.cache-2
7f090c051000-7f090c055000 r-xs 00000000 08:13 3196573                    /var/cache/fontconfig/a755afe4a08bf5b97852ceb7400b47bc-x86-64.cache-2
7f090c055000-7f090c05e000 r-xs 00000000 08:13 3197440                    /var/cache/fontconfig/6d41288fd70b0be22e8c3a91e032eec0-x86-64.cache-2
7f090c05e000-7f090c061000 r-xs 00000000 08:13 3197439                    /var/cache/fontconfig/de156ccd2eddbdc19d37a45b8b2aac9c-x86-64.cache-2
7f090c061000-7f090c06c000 r-xs 00000000 08:13 3197435                    /var/cache/fontconfig/e3de0de479f42330eadf588a55fb5bf4-x86-64.cache-2
7f090c06c000-7f090c07b000 r-xs 00000000 08:13 3197434                    /var/cache/fontconfig/0f34bcd4b6ee430af32735b75db7f02b-x86-64.cache-2
7f090c07b000-7f090c084000 r-xs 00000000 08:13 3197417                    /var/cache/fontconfig/d52a8644073d54c13679302ca1180695-x86-64.cache-2
7f090c084000-7f090c089000 r-xp 00000000 08:13 2806834                    /usr/lib/libXtst.so.6.1.0
7f090c089000-7f090c289000 ---p 00005000 08:13 2806834                    /usr/lib/libXtst.so.6.1.0
7f090c289000-7f090c28a000 r-xp 00005000 08:13 2806834                    /usr/lib/libXtst.so.6.1.0
7f090c28a000-7f090c28b000 rwxp 00006000 08:13 2806834                    /usr/lib/libXtst.so.6.1.0
7f090c28b000-7f090c29c000 r-xp 00000000 08:13 2805394                    /usr/lib/libXext.so.6.4.0
7f090c29c000-7f090c49b000 ---p 00011000 08:13 2805394                    /usr/lib/libXext.so.6.4.0
7f090c49b000-7f090c49c000 r-xp 00010000 08:13 2805394                    /usr/lib/libXext.so.6.4.0
7f090c49c000-7f090c49d000 rwxp 00011000 08:13 2805394                    /usr/lib/libXext.so.6.4.0
7f090c49d000-7f090c49e000 r-xs 00000000 08:13 3197445                    /var/cache/fontconfig/4c73fe0c47614734b17d736dbde7580a-x86-64.cache-2
7f090c49e000-7f090c4aa000 r-xs 00000000 08:13 3197416                    /var/cache/fontconfig/089dead882dea3570ffc31a9898cfb69-x86-64.cache-2
7f090c4aa000-7f090c4ae000 r-xs 00000000 08:13 3197398                    /var/cache/fontconfig/cabbd14511b9e8a55e92af97fb3a0461-x86-64.cache-2
7f090c4ae000-7f090c4b8000 r-xs 00000000 08:13 3195524                    /var/cache/fontconfig/e13b20fdb08344e0e664864cc2ede53d-x86-64.cache-2
7f090c4b8000-7f090c4f9000 r-xp 00000000 08:13 3163194                    /usr/lib/jvm/java-6-sun-1.6.0.13/jre/lib/amd64/xawt/libmawt.so
7f090c4f9000-7f090c5f8000 ---p 00041000 08:13 3163194                    /usr/lib/jvm/java-6-sun-1.6.0.13/jre/lib/amd64/xawt/libmawt.so
7f090c5f8000-7f090c604000 rwxp 00040000 08:13 3163194                    /usr/lib/jvm/java-6-sun-1.6.0.13/jre/lib/amd64/xawt/libmawt.so
7f090c604000-7f090c605000 rwxp 7f090c604000 00:00 0 
7f090c605000-7f090c697000 r-xp 00000000 08:13 3163239                    /usr/lib/jvm/java-6-sun-1.6.0.13/jre/lib/amd64/libawt.so
7f090c697000-7f090c796000 ---p 00092000 08:13 3163239                    /usr/lib/jvm/java-6-sun-1.6.0.13/jre/lib/amd64/libawt.so
7f090c796000-7f090c7af000 rwxp 00091000 08:13 3163239                    /usr/lib/jvm/java-6-sun-1.6.0.13/jre/lib/amd64/libawt.so
7f090c7af000-7f090c7d4000 rwxp 7f090c7af000 00:00 0 
7f090c7d4000-7f090c7d5000 ---p 7f090c7d4000 00:00 0 
7f090c7d5000-7f090c8d5000 rwxp 7f090c7d5000 00:00 0 
7f090c8d5000-7f090c8d8000 ---p 7f090c8d5000 00:00 0 
7f090c8d8000-7f090c9d6000 rwxp 7f090c8d8000 00:00 0 
7f090c9d6000-7f090c9d9000 ---p 7f090c9d6000 00:00 0 
7f090c9d9000-7f090cad7000 rwxp 7f090c9d9000 00:00 0 
7f090cad7000-7f090cada000 ---p 7f090cad7000 00:00 0 
7f090cada000-7f090cbd8000 rwxp 7f090cada000 00:00 0 
7f090cbd8000-7f090cbdb000 ---p 7f090cbd8000 00:00 0 
7f090cbdb000-7f090ccd9000 rwxp 7f090cbdb000 00:00 0 
7f090ccd9000-7f090cce0000 r-xs 00000000 08:13 2803699                    /usr/lib/gconv/gconv-modules.cache
7f090cce0000-7f090cd1f000 r-xp 00000000 08:13 2827839                    /usr/lib/locale/zh_CN.utf8/LC_CTYPE
7f090cd1f000-7f090cd22000 ---p 7f090cd1f000 00:00 0 
7f090cd22000-7f090ce20000 rwxp 7f090cd22000 00:00 0 
7f090ce20000-7f090ce21000 ---p 7f090ce20000 00:00 0 
7f090ce21000-7f090cf96000 rwxp 7f090ce21000 00:00 0 
7f090cf96000-7f090d128000 r-xs 02f34000 08:13 2942580                    /usr/lib/jvm/java-6-sun-1.6.0.13/jre/lib/rt.jar
7f090d128000-7f090d150000 rwxp 7f090d128000 00:00 0 
7f090d150000-7f090d151000 ---p 7f090d150000 00:00 0 
7f090d151000-7f090d251000 rwxp 7f090d151000 00:00 0 
7f090d251000-7f090d252000 ---p 7f090d251000 00:00 0 
7f090d252000-7f090d35d000 rwxp 7f090d252000 00:00 0 
7f090d35d000-7f090d37c000 rwxp 7f090d35d000 00:00 0 
7f090d37c000-7f090d39a000 rwxp 7f090d37c000 00:00 0 
7f090d39a000-7f090d553000 rwxp 7f090d39a000 00:00 0 
7f090d553000-7f090d55e000 rwxp 7f090d553000 00:00 0 
7f090d55e000-7f090d57d000 rwxp 7f090d55e000 00:00 0 
7f090d57d000-7f090d59b000 rwxp 7f090d57d000 00:00 0 
7f090d59b000-7f090d753000 rwxp 7f090d59b000 00:00 0 
7f090d753000-7f090d763000 rwxp 7f090d753000 00:00 0 
7f090d763000-7f090d83f000 rwxp 7f090d763000 00:00 0 
7f090d83f000-7f090ed00000 rwxp 7f090d83f000 00:00 0 
7f090ed00000-7f0912c40000 rwxp 7f090ed00000 00:00 0 
7f0912c40000-7f0916720000 rwxp 7f0912c40000 00:00 0 
7f0916720000-7f094d9a0000 rwxp 7f0916720000 00:00 0 
7f094d9a0000-7f094f700000 rwxp 7f094d9a0000 00:00 0 
7f094f700000-7f096b040000 rwxp 7f094f700000 00:00 0 
7f096b040000-7f096b043000 r-xs 00000000 08:13 3197433                    /var/cache/fontconfig/ddd4086aec35a5275babba44bb759c3c-x86-64.cache-2
7f096b043000-7f096b2b3000 rwxp 7f096b043000 00:00 0 
7f096b2b3000-7f096e043000 rwxp 7f096b2b3000 00:00 0 
7f096e043000-7f096e051000 r-xp 00000000 08:13 3163206                    /usr/lib/jvm/java-6-sun-1.6.0.13/jre/lib/amd64/libzip.so
7f096e051000-7f096e153000 ---p 0000e000 08:13 3163206                    /usr/lib/jvm/java-6-sun-1.6.0.13/jre/lib/amd64/libzip.so
7f096e153000-7f096e156000 rwxp 00010000 08:13 3163206                    /usr/lib/jvm/java-6-sun-1.6.0.13/jre/lib/amd64/libzip.so
7f096e156000-7f096e157000 rwxp 7f096e156000 00:00 0 
7f096e157000-7f096e180000 r-xp 00000000 08:13 3163219                    /usr/lib/jvm/java-6-sun-1.6.0.13/jre/lib/amd64/libjava.so
7f096e180000-7f096e27f000 ---p 00029000 08:13 3163219                    /usr/lib/jvm/java-6-sun-1.6.0.13/jre/lib/amd64/libjava.so
7f096e27f000-7f096e286000 rwxp 00028000 08:13 3163219                    /usr/lib/jvm/java-6-sun-1.6.0.13/jre/lib/amd64/libjava.so
7f096e286000-7f096e293000 r-xp 00000000 08:13 3163201                    /usr/lib/jvm/java-6-sun-1.6.0.13/jre/lib/amd64/libverify.so
7f096e293000-7f096e392000 ---p 0000d000 08:13 3163201                    /usr/lib/jvm/java-6-sun-1.6.0.13/jre/lib/amd64/libverify.so
7f096e392000-7f096e395000 rwxp 0000c000 08:13 3163201                    /usr/lib/jvm/java-6-sun-1.6.0.13/jre/lib/amd64/libverify.so
7f096e395000-7f096e3a1000 r-xp 00000000 08:13 213021                     /lib/libnss_files-2.9.so
7f096e3a1000-7f096e5a0000 ---p 0000c000 08:13 213021                     /lib/libnss_files-2.9.so
7f096e5a0000-7f096e5a1000 r-xp 0000b000 08:13 213021                     /lib/libnss_files-2.9.so
7f096e5a1000-7f096e5a2000 rwxp 0000c000 08:13 213021                     /lib/libnss_files-2.9.so
7f096e5a2000-7f096e5ac000 r-xp 00000000 08:13 213023                     /lib/libnss_nis-2.9.so
7f096e5ac000-7f096e7ab000 ---p 0000a000 08:13 213023                     /lib/libnss_nis-2.9.so
7f096e7ab000-7f096e7ac000 r-xp 00009000 08:13 213023                     /lib/libnss_nis-2.9.so
7f096e7ac000-7f096e7ad000 rwxp 0000a000 08:13 213023                     /lib/libnss_nis-2.9.so
7f096e7ad000-7f096e7b5000 r-xp 00000000 08:13 213019                     /lib/libnss_compat-2.9.so
7f096e7b5000-7f096e9b4000 ---p 00008000 08:13 213019                     /lib/libnss_compat-2.9.so
7f096e9b4000-7f096e9b5000 r-xp 00007000 08:13 213019                     /lib/libnss_compat-2.9.so
7f096e9b5000-7f096e9b6000 rwxp 00008000 08:13 213019                     /lib/libnss_compat-2.9.so
7f096e9b6000-7f096e9cc000 r-xp 00000000 08:13 213018                     /lib/libnsl-2.9.so
7f096e9cc000-7f096ebcc000 ---p 00016000 08:13 213018                     /lib/libnsl-2.9.so
7f096ebcc000-7f096ebcd000 r-xp 00016000 08:13 213018                     /lib/libnsl-2.9.so
7f096ebcd000-7f096ebce000 rwxp 00017000 08:13 213018                     /lib/libnsl-2.9.so
7f096ebce000-7f096ebd0000 rwxp 7f096ebce000 00:00 0 
7f096ebd0000-7f096ebd7000 r-xp 00000000 08:13 3163208                    /usr/lib/jvm/java-6-sun-1.6.0.13/jre/lib/amd64/native_threads/libhpi.so
7f096ebd7000-7f096ecd8000 ---p 00007000 08:13 3163208                    /usr/lib/jvm/java-6-sun-1.6.0.13/jre/lib/amd64/native_threads/libhpi.so
7f096ecd8000-7f096ecda000 rwxp 00008000 08:13 3163208                    /usr/lib/jvm/java-6-sun-1.6.0.13/jre/lib/amd64/native_threads/libhpi.so
7f096ecda000-7f096ecdb000 rwxp 7f096ecda000 00:00 0 
7f096ecdb000-7f096ece2000 r-xp 00000000 08:13 213028                     /lib/librt-2.9.so
7f096ece2000-7f096eee1000 ---p 00007000 08:13 213028                     /lib/librt-2.9.so
7f096eee1000-7f096eee2000 r-xp 00006000 08:13 213028                     /lib/librt-2.9.so
7f096eee2000-7f096eee3000 rwxp 00007000 08:13 213028                     /lib/librt-2.9.so
7f096eee3000-7f096eee6000 ---p 7f096eee3000 00:00 0 
7f096eee6000-7f096efe4000 rwxp 7f096eee6000 00:00 0 
7f096efe4000-7f096f068000 r-xp 00000000 08:13 213016                     /lib/libm-2.9.so
7f096f068000-7f096f267000 ---p 00084000 08:13 213016                     /lib/libm-2.9.so
7f096f267000-7f096f268000 r-xp 00083000 08:13 213016                     /lib/libm-2.9.so
7f096f268000-7f096f269000 rwxp 00084000 08:13 213016                     /lib/libm-2.9.so
7f096f269000-7f096f8f6000 r-xp 00000000 08:13 3163226                    /usr/lib/jvm/java-6-sun-1.6.0.13/jre/lib/amd64/server/libjvm.so
7f096f8f6000-7f096f9f5000 ---p 0068d000 08:13 3163226                    /usr/lib/jvm/java-6-sun-1.6.0.13/jre/lib/amd64/server/libjvm.so
7f096f9f5000-7f096fb46000 rwxp 0068c000 08:13 3163226                    /usr/lib/jvm/java-6-sun-1.6.0.13/jre/lib/amd64/server/libjvm.so
7f096fb46000-7f096fb83000 rwxp 7f096fb46000 00:00 0 
7f096fb83000-7f096fceb000 r-xp 00000000 08:13 213012                     /lib/libc-2.9.so
7f096fceb000-7f096feeb000 ---p 00168000 08:13 213012                     /lib/libc-2.9.so
7f096feeb000-7f096feef000 r-xp 00168000 08:13 213012                     /lib/libc-2.9.so
7f096feef000-7f096fef0000 rwxp 0016c000 08:13 213012                     /lib/libc-2.9.so
7f096fef0000-7f096fef5000 rwxp 7f096fef0000 00:00 0 
7f096fef5000-7f096fef7000 r-xp 00000000 08:13 213015                     /lib/libdl-2.9.so
7f096fef7000-7f09700f7000 ---p 00002000 08:13 213015                     /lib/libdl-2.9.so
7f09700f7000-7f09700f8000 r-xp 00002000 08:13 213015                     /lib/libdl-2.9.so
7f09700f8000-7f09700f9000 rwxp 00003000 08:13 213015                     /lib/libdl-2.9.so
7f09700f9000-7f0970110000 r-xp 00000000 08:13 213026                     /lib/libpthread-2.9.so
7f0970110000-7f097030f000 ---p 00017000 08:13 213026                     /lib/libpthread-2.9.so
7f097030f000-7f0970310000 r-xp 00016000 08:13 213026                     /lib/libpthread-2.9.so
7f0970310000-7f0970311000 rwxp 00017000 08:13 213026                     /lib/libpthread-2.9.so
7f0970311000-7f0970315000 rwxp 7f0970311000 00:00 0 
7f0970315000-7f0970335000 r-xp 00000000 08:13 213006                     /lib/ld-2.9.so
7f0970335000-7f0970336000 r-xs 00000000 08:13 3197424                    /var/cache/fontconfig/4794a0821666d79190d59a36cb4f44b5-x86-64.cache-2
7f0970336000-7f097033d000 r-xs 00059000 08:11 1172178                    /home/epsilon/文档/4_java/javaTools/apache-log4j-1.2.15/log4j-1.2.15.jar
7f097033d000-7f0970345000 r-xs 0004b000 08:11 162661                     /home/epsilon/文档/4_java/javaTools/commons-math-1.2/commons-math-1.2.jar
7f0970345000-7f0970349000 r-xs 00042000 08:11 181746                     /home/epsilon/NetBeansProjects/EpsilonUtils/trunk/dist/EpsilonYUtil.jar
7f0970349000-7f0970353000 rwxp 7f0970349000 00:00 0 
7f0970353000-7f0970409000 rwxp 7f0970353000 00:00 0 
7f0970409000-7f097040b000 rwxp 7f0970409000 00:00 0 
7f097040b000-7f0970412000 r-xp 00000000 08:13 3163192                    /usr/lib/jvm/java-6-sun-1.6.0.13/jre/lib/amd64/jli/libjli.so
7f0970412000-7f0970513000 ---p 00007000 08:13 3163192                    /usr/lib/jvm/java-6-sun-1.6.0.13/jre/lib/amd64/jli/libjli.so
7f0970513000-7f0970515000 rwxp 00008000 08:13 3163192                    /usr/lib/jvm/java-6-sun-1.6.0.13/jre/lib/amd64/jli/libjli.so
7f0970515000-7f0970516000 rwxp 7f0970515000 00:00 0 
7f0970516000-7f0970519000 r-xs 00000000 08:13 3196574                    /var/cache/fontconfig/7ef2298fde41cc6eeb7af42e48b7d293-x86-64.cache-2
7f0970519000-7f0970527000 r-xs 000ba000 08:11 422677                     /home/epsilon/文档/4_java/javaTools/mtj.jar
7f0970527000-7f097052f000 rwxs 00000000 08:13 377147                     /tmp/hsperfdata_epsilon/32418
7f097052f000-7f0970530000 rwxp 7f097052f000 00:00 0 
7f0970530000-7f0970531000 r-xp 7f0970530000 00:00 0 
7f0970531000-7f0970534000 rwxp 7f0970531000 00:00 0 
7f0970534000-7f0970535000 r-xp 0001f000 08:13 213006                     /lib/ld-2.9.so
7f0970535000-7f0970536000 rwxp 00020000 08:13 213006                     /lib/ld-2.9.so
7fff78520000-7fff78535000 rwxp 7ffffffea000 00:00 0                      [stack]
7fff785fe000-7fff785ff000 r-xp 7fff785fe000 00:00 0                      [vdso]
ffffffffff600000-ffffffffff601000 r-xp 00000000 00:00 0                  [vsyscall]

VM Arguments:
jvm_args: -Dawt.useSystemAAFontSettings=on 
java_command: net.epsilony.simpmeshfree.model.ModelTestFrame
Launcher Type: SUN_STANDARD

Environment Variables:
_JAVA_OPTIONS=-Dawt.useSystemAAFontSettings=on
PATH=/usr/local/sbin:/usr/local/bin:/usr/sbin:/usr/bin:/sbin:/bin:/usr/games
USERNAME=epsilon
LD_LIBRARY_PATH=/usr/lib/jvm/java-6-sun-1.6.0.13/jre/lib/amd64/server:/usr/lib/jvm/java-6-sun-1.6.0.13/jre/lib/amd64:/usr/lib/jvm/java-6-sun-1.6.0.13/jre/../lib/amd64
SHELL=/bin/bash
DISPLAY=:0.0

Signal Handlers:
SIGSEGV: [libjvm.so+0x5fcd20], sa_mask[0]=0x7ffbfeff, sa_flags=0x10000004
SIGBUS: [libjvm.so+0x5fcd20], sa_mask[0]=0x7ffbfeff, sa_flags=0x10000004
SIGFPE: [libjvm.so+0x4e0eb0], sa_mask[0]=0x7ffbfeff, sa_flags=0x10000004
SIGPIPE: [libjvm.so+0x4e0eb0], sa_mask[0]=0x7ffbfeff, sa_flags=0x10000004
SIGXFSZ: [libjvm.so+0x4e0eb0], sa_mask[0]=0x7ffbfeff, sa_flags=0x10000004
SIGILL: [libjvm.so+0x4e0eb0], sa_mask[0]=0x7ffbfeff, sa_flags=0x10000004
SIGUSR1: SIG_DFL, sa_mask[0]=0x00000000, sa_flags=0x00000000
SIGUSR2: [libjvm.so+0x4e35d0], sa_mask[0]=0x00000004, sa_flags=0x10000004
SIGHUP: [libjvm.so+0x4e3320], sa_mask[0]=0x7ffbfeff, sa_flags=0x10000004
SIGINT: SIG_IGN, sa_mask[0]=0x00000000, sa_flags=0x00000000
SIGTERM: [libjvm.so+0x4e3320], sa_mask[0]=0x7ffbfeff, sa_flags=0x10000004
SIGQUIT: [libjvm.so+0x4e3320], sa_mask[0]=0x7ffbfeff, sa_flags=0x10000004


---------------  S Y S T E M  ---------------

OS:5.0

uname:Linux 2.6.28-12-generic #43-Ubuntu SMP Fri May 1 19:31:32 UTC 2009 x86_64
libc:glibc 2.9 NPTL 2.9 
rlimit: STACK 8192k, CORE 0k, NPROC infinity, NOFILE 1024, AS infinity
load average:0.36 0.30 0.28

CPU:total 2 (2 cores per cpu, 1 threads per core) family 16 model 2 stepping 3, cmov, cx8, fxsr, mmx, sse, sse2, sse3, mmxext, 3dnow, 3dnowext, sse4a

Memory: 4k page, physical 5780180k(2911448k free), swap 3903752k(3851972k free)

vm_info: Java HotSpot(TM) 64-Bit Server VM (11.3-b02) for linux-amd64 JRE (1.6.0_13-b03), built on Mar  9 2009 11:08:22 by "java_re" with gcc 3.2.2 (SuSE Linux)

time: Mon May 18 17:14:20 2009
elapsed time: 0 seconds

