#
# An unexpected error has been detected by Java Runtime Environment:
#
#  SIGSEGV (0xb) at pc=0x00007f990f71811b, pid=1855, tid=140293667469648
#
# Java VM: Java HotSpot(TM) 64-Bit Server VM (11.3-b02 mixed mode linux-amd64)
# Problematic frame:
# C  [libc.so.6+0x8411b]  memcpy+0x15b
#
# If you would like to submit a bug report, please visit:
#   http://java.sun.com/webapps/bugreport/crash.jsp
#

---------------  T H R E A D  ---------------

Current thread (0x00007f98a40ac800):  JavaThread "AWT-EventQueue-0" [_thread_in_vm, id=1870, stack(0x00007f98aa26b000,0x00007f98aa36c000)]

siginfo:si_signo=SIGSEGV: si_errno=0, si_code=2 (SEGV_ACCERR), si_addr=0x00007f98a4160000

Registers:
RAX=0x00007f98ee871b58, RBX=0x00007f98ad3512a0, RCX=0x0000000000000018, RDX=0x0000000000000e20
RSP=0x00007f98aa36a458, RBP=0x00007f98aa36a4e0, RSI=0x00007f98a4160000, RDI=0x00007f98ee8728b8
R8 =0x0000000000000ffc, R9 =0x00007f990f5645b8, R10=0x00007f990f568028, R11=0x0000000000000e20
R12=0x0000000000000e20, R13=0x0000000000000000, R14=0x000000004083aab8, R15=0x00007f98aa36a470
RIP=0x00007f990f71811b, EFL=0x0000000000010212, CSGSFS=0x0000000000000033, ERR=0x0000000000000004
  TRAPNO=0x000000000000000e

Top of Stack: (sp=0x00007f98aa36a458)
0x00007f98aa36a458:   00007f990f0c0600 00007f98a40ac9c0
0x00007f98aa36a468:   00007f98a415f2a0 00007f98a40ac800
0x00007f98aa36a478:   0000000000000000 00007f98a40ac800
0x00007f98aa36a488:   0000000000000000 00007f98a40ac800
0x00007f98aa36a498:   00007f98aa36a5d8 00007f98a40ac800
0x00007f98aa36a4a8:   00007f990f70e276 00007f98a40ac800
0x00007f98aa36a4b8:   000000004083aab8 00007f98a4079730
0x00007f98aa36a4c8:   00007f98a407a880 00007f98aa36a5d8
0x00007f98aa36a4d8:   000000004083aa60 00007f98a40ac9c0
0x00007f98aa36a4e8:   00007f98a9e48486 00007f98a406ed90
0x00007f98aa36a4f8:   000000004083aa68 000000004083aa70
0x00007f98aa36a508:   000000004083aa78 000000004083aa80
0x00007f98aa36a518:   00007f98aa36a578 000000004083aa88
0x00007f98aa36a528:   0000000000000000 01010101007871e0
0x00007f98aa36a538:   00007f98add48670 00007f98aa36a5b8
0x00007f98aa36a548:   0000000000000101 00007f98add48670
0x00007f98aa36a558:   00007f98aa36a5d8 00007f98a40ac800
0x00007f98aa36a568:   00007f990ab62852 00007f98ad78e948
0x00007f98aa36a578:   00007f98aa36a578 0000000000000000
0x00007f98aa36a588:   00007f98aa36a5d8 00007f98add490a8
0x00007f98aa36a598:   0000000000000000 00007f98add48670
0x00007f98aa36a5a8:   0000000000000000 00007f98aa36a5d8
0x00007f98aa36a5b8:   00007f98aa36a620 00007f990ab57322
0x00007f98aa36a5c8:   0000000000000000 00007f990ab5f358
0x00007f98aa36a5d8:   00007f98ee862d90 00007f98aa36a5e0
0x00007f98aa36a5e8:   00007f98add4714d 00007f98aa36a668
0x00007f98aa36a5f8:   00007f98add490a8 0000000000000000
0x00007f98aa36a608:   00007f98add471d8 00007f98aa36a5d8
0x00007f98aa36a618:   00007f98aa36a658 00007f98aa36a6b0
0x00007f98aa36a628:   00007f990ab57322 0000000000000000
0x00007f98aa36a638:   00007f98ee870088 0000000000000000
0x00007f98aa36a648:   00007f98ee870070 00007f98ee86fcd8 

Instructions: (pc=0x00007f990f71811b)
0x00007f990f71810b:   0f 47 da 4c 89 d9 49 83 e3 f8 48 c1 e9 03 74 05
0x00007f990f71811b:   f3 48 a5 66 90 4c 29 da 48 f7 c2 f8 ff ff ff 75 

Stack: [0x00007f98aa26b000,0x00007f98aa36c000],  sp=0x00007f98aa36a458,  free space=1021k
Native frames: (J=compiled Java code, j=interpreted, Vv=VM code, C=native code)
C  [libc.so.6+0x8411b]  memcpy+0x15b

Java frames: (J=compiled Java code, j=interpreted, Vv=VM code)
j  net.epsilony.simpmeshfree.model.geometry.TriangleJni.triangleFun()V+0
j  net.epsilony.simpmeshfree.model.geometry.TriangleJni.complie(Lnet/epsilony/simpmeshfree/model/geometry/GeometryModel;Ljava/lang/String;)V+141
j  net.epsilony.simpmeshfree.model.mechanics.MechanicsModel.generateQuadratureDomainsByTriangle(DDLjava/lang/String;)V+60
j  net.epsilony.simpmeshfree.model.ModelTestFrame.<init>()V+574
j  net.epsilony.simpmeshfree.model.ModelTestFrame$2.run()V+4
j  java.awt.event.InvocationEvent.dispatch()V+47
j  java.awt.EventQueue.dispatchEvent(Ljava/awt/AWTEvent;)V+26
j  java.awt.EventDispatchThread.pumpOneEventForFilters(I)Z+204
j  java.awt.EventDispatchThread.pumpEventsForFilter(ILjava/awt/Conditional;Ljava/awt/EventFilter;)V+30
j  java.awt.EventDispatchThread.pumpEventsForHierarchy(ILjava/awt/Conditional;Ljava/awt/Component;)V+11
j  java.awt.EventDispatchThread.pumpEvents(ILjava/awt/Conditional;)V+4
j  java.awt.EventDispatchThread.pumpEvents(Ljava/awt/Conditional;)V+3
j  java.awt.EventDispatchThread.run()V+9
v  ~StubRoutines::call_stub

---------------  P R O C E S S  ---------------

Java Threads: ( => current thread )
  0x00007f98a4002000 JavaThread "Thread-3" [_thread_blocked, id=1873, stack(0x00007f98aa069000,0x00007f98aa16a000)]
  0x00007f98a4012000 JavaThread "Thread-2" [_thread_blocked, id=1872, stack(0x00007f98aa16a000,0x00007f98aa26b000)]
  0x00007f98a404e400 JavaThread "DestroyJavaVM" [_thread_blocked, id=1856, stack(0x00007f990e9f4000,0x00007f990eaf5000)]
=>0x00007f98a40ac800 JavaThread "AWT-EventQueue-0" [_thread_in_vm, id=1870, stack(0x00007f98aa26b000,0x00007f98aa36c000)]
  0x00007f98a40ab800 JavaThread "AWT-Shutdown" [_thread_blocked, id=1869, stack(0x00007f98aa47a000,0x00007f98aa57b000)]
  0x00007f98a40aac00 JavaThread "AWT-XAWT" daemon [_thread_in_native, id=1868, stack(0x00007f98aa57b000,0x00007f98aa67c000)]
  0x00007f98a4019800 JavaThread "Java2D Disposer" daemon [_thread_blocked, id=1867, stack(0x00007f98aacb0000,0x00007f98aadb1000)]
  0x000000004043b800 JavaThread "Low Memory Detector" daemon [_thread_blocked, id=1865, stack(0x00007f98ac2eb000,0x00007f98ac3ec000)]
  0x0000000040439000 JavaThread "CompilerThread1" daemon [_thread_in_native, id=1864, stack(0x00007f98ac3ec000,0x00007f98ac4ed000)]
  0x0000000040435000 JavaThread "CompilerThread0" daemon [_thread_in_native, id=1863, stack(0x00007f98ac4ed000,0x00007f98ac5ee000)]
  0x0000000040433000 JavaThread "Signal Dispatcher" daemon [_thread_blocked, id=1862, stack(0x00007f98ac5ee000,0x00007f98ac6ef000)]
  0x0000000040411800 JavaThread "Finalizer" daemon [_thread_blocked, id=1861, stack(0x00007f98ac72e000,0x00007f98ac82f000)]
  0x000000004040a800 JavaThread "Reference Handler" daemon [_thread_blocked, id=1860, stack(0x00007f98ac82f000,0x00007f98ac930000)]

Other Threads:
  0x0000000040405000 VMThread [stack: 0x00007f98ac930000,0x00007f98aca31000] [id=1859]
  0x000000004043dc00 WatcherThread [stack: 0x00007f98ac1ea000,0x00007f98ac2eb000] [id=1866]

VM state:not at safepoint (normal execution)

VM Mutex/Monitor currently owned by a thread: None

Heap
 PSYoungGen      total 26368K, used 20247K [0x00007f98ed4b0000, 0x00007f98ef210000, 0x00007f990ab50000)
  eden space 22656K, 89% used [0x00007f98ed4b0000,0x00007f98ee875c58,0x00007f98eead0000)
  from space 3712K, 0% used [0x00007f98eee70000,0x00007f98eee70000,0x00007f98ef210000)
  to   space 3712K, 0% used [0x00007f98eead0000,0x00007f98eead0000,0x00007f98eee70000)
 PSOldGen        total 60288K, used 0K [0x00007f98b2750000, 0x00007f98b6230000, 0x00007f98ed4b0000)
  object space 60288K, 0% used [0x00007f98b2750000,0x00007f98b2750000,0x00007f98b6230000)
 PSPermGen       total 21248K, used 10246K [0x00007f98ad350000, 0x00007f98ae810000, 0x00007f98b2750000)
  object space 21248K, 48% used [0x00007f98ad350000,0x00007f98add51af0,0x00007f98ae810000)

Dynamic libraries:
40000000-40009000 r-xp 00000000 08:13 3163089                            /usr/lib/jvm/java-6-sun-1.6.0.13/jre/bin/java
40108000-4010a000 rwxp 00008000 08:13 3163089                            /usr/lib/jvm/java-6-sun-1.6.0.13/jre/bin/java
4037c000-410b7000 rwxp 4037c000 00:00 0                                  [heap]
7f98a4000000-7f98a4160000 rwxp 7f98a4000000 00:00 0 
7f98a4160000-7f98a8000000 ---p 7f98a4160000 00:00 0 
7f98a991f000-7f98a9935000 r-xp 00000000 08:13 213005                     /lib/libgcc_s.so.1
7f98a9935000-7f98a9b35000 ---p 00016000 08:13 213005                     /lib/libgcc_s.so.1
7f98a9b35000-7f98a9b36000 r-xp 00016000 08:13 213005                     /lib/libgcc_s.so.1
7f98a9b36000-7f98a9b37000 rwxp 00017000 08:13 213005                     /lib/libgcc_s.so.1
7f98a9b37000-7f98a9c28000 r-xp 00000000 08:13 2802601                    /usr/lib/libstdc++.so.6.0.10
7f98a9c28000-7f98a9e28000 ---p 000f1000 08:13 2802601                    /usr/lib/libstdc++.so.6.0.10
7f98a9e28000-7f98a9e2f000 r-xp 000f1000 08:13 2802601                    /usr/lib/libstdc++.so.6.0.10
7f98a9e2f000-7f98a9e31000 rwxp 000f8000 08:13 2802601                    /usr/lib/libstdc++.so.6.0.10
7f98a9e31000-7f98a9e44000 rwxp 7f98a9e31000 00:00 0 
7f98a9e44000-7f98a9e68000 r-xp 00000000 08:13 1942103                    /usr/lib/TriangleJniAmd64.so
7f98a9e68000-7f98aa067000 ---p 00024000 08:13 1942103                    /usr/lib/TriangleJniAmd64.so
7f98aa067000-7f98aa068000 r-xp 00023000 08:13 1942103                    /usr/lib/TriangleJniAmd64.so
7f98aa068000-7f98aa069000 rwxp 00024000 08:13 1942103                    /usr/lib/TriangleJniAmd64.so
7f98aa069000-7f98aa06c000 ---p 7f98aa069000 00:00 0 
7f98aa06c000-7f98aa16a000 rwxp 7f98aa06c000 00:00 0 
7f98aa16a000-7f98aa16d000 ---p 7f98aa16a000 00:00 0 
7f98aa16d000-7f98aa26b000 rwxp 7f98aa16d000 00:00 0 
7f98aa26b000-7f98aa26e000 ---p 7f98aa26b000 00:00 0 
7f98aa26e000-7f98aa36c000 rwxp 7f98aa26e000 00:00 0 
7f98aa36c000-7f98aa375000 r-xs 00000000 08:13 3197464                    /var/cache/fontconfig/945677eb7aeaf62f1d50efc3fb3ec7d8-x86-64.cache-2
7f98aa375000-7f98aa377000 r-xs 00000000 08:13 3197468                    /var/cache/fontconfig/99e8ed0e538f840c565b6ed5dad60d56-x86-64.cache-2
7f98aa377000-7f98aa37a000 r-xs 00000000 08:13 3197466                    /var/cache/fontconfig/e383d7ea5fbe662a33d9b44caf393297-x86-64.cache-2
7f98aa37a000-7f98aa37e000 r-xs 00000000 08:13 3197459                    /var/cache/fontconfig/6eb3985aa4124903f6ff08ba781cd364-x86-64.cache-2
7f98aa37e000-7f98aa37f000 r-xs 00000000 08:13 3197445                    /var/cache/fontconfig/4c73fe0c47614734b17d736dbde7580a-x86-64.cache-2
7f98aa37f000-7f98aa383000 r-xs 00000000 08:13 3196573                    /var/cache/fontconfig/a755afe4a08bf5b97852ceb7400b47bc-x86-64.cache-2
7f98aa383000-7f98aa38c000 r-xs 00000000 08:13 3197440                    /var/cache/fontconfig/6d41288fd70b0be22e8c3a91e032eec0-x86-64.cache-2
7f98aa38c000-7f98aa38f000 r-xs 00000000 08:13 3197439                    /var/cache/fontconfig/de156ccd2eddbdc19d37a45b8b2aac9c-x86-64.cache-2
7f98aa38f000-7f98aa39a000 r-xs 00000000 08:13 3197435                    /var/cache/fontconfig/e3de0de479f42330eadf588a55fb5bf4-x86-64.cache-2
7f98aa39a000-7f98aa3a9000 r-xs 00000000 08:13 3197434                    /var/cache/fontconfig/0f34bcd4b6ee430af32735b75db7f02b-x86-64.cache-2
7f98aa3a9000-7f98aa3ac000 r-xs 00000000 08:13 3197433                    /var/cache/fontconfig/ddd4086aec35a5275babba44bb759c3c-x86-64.cache-2
7f98aa3ac000-7f98aa3ad000 r-xs 00000000 08:13 3197424                    /var/cache/fontconfig/4794a0821666d79190d59a36cb4f44b5-x86-64.cache-2
7f98aa3ad000-7f98aa3b6000 r-xs 00000000 08:13 3197417                    /var/cache/fontconfig/d52a8644073d54c13679302ca1180695-x86-64.cache-2
7f98aa47a000-7f98aa47d000 ---p 7f98aa47a000 00:00 0 
7f98aa47d000-7f98aa57b000 rwxp 7f98aa47d000 00:00 0 
7f98aa57b000-7f98aa57e000 ---p 7f98aa57b000 00:00 0 
7f98aa57e000-7f98aa67c000 rwxp 7f98aa57e000 00:00 0 
7f98aa67c000-7f98aa681000 r-xp 00000000 08:13 2805390                    /usr/lib/libXfixes.so.3.1.0
7f98aa681000-7f98aa880000 ---p 00005000 08:13 2805390                    /usr/lib/libXfixes.so.3.1.0
7f98aa880000-7f98aa881000 rwxp 00004000 08:13 2805390                    /usr/lib/libXfixes.so.3.1.0
7f98aa881000-7f98aa88a000 r-xp 00000000 08:13 2805803                    /usr/lib/libXrender.so.1.3.0
7f98aa88a000-7f98aaa89000 ---p 00009000 08:13 2805803                    /usr/lib/libXrender.so.1.3.0
7f98aaa89000-7f98aaa8a000 r-xp 00008000 08:13 2805803                    /usr/lib/libXrender.so.1.3.0
7f98aaa8a000-7f98aaa8b000 rwxp 00009000 08:13 2805803                    /usr/lib/libXrender.so.1.3.0
7f98aaa8b000-7f98aaa94000 r-xp 00000000 08:13 2805843                    /usr/lib/libXcursor.so.1.0.2
7f98aaa94000-7f98aac94000 ---p 00009000 08:13 2805843                    /usr/lib/libXcursor.so.1.0.2
7f98aac94000-7f98aac95000 rwxp 00009000 08:13 2805843                    /usr/lib/libXcursor.so.1.0.2
7f98aacb0000-7f98aacb3000 ---p 7f98aacb0000 00:00 0 
7f98aacb3000-7f98aadb1000 rwxp 7f98aacb3000 00:00 0 
7f98aadb1000-7f98aae2f000 r-xp 00000000 08:13 3163204                    /usr/lib/jvm/java-6-sun-1.6.0.13/jre/lib/amd64/libfontmanager.so
7f98aae2f000-7f98aaf2e000 ---p 0007e000 08:13 3163204                    /usr/lib/jvm/java-6-sun-1.6.0.13/jre/lib/amd64/libfontmanager.so
7f98aaf2e000-7f98aaf44000 rwxp 0007d000 08:13 3163204                    /usr/lib/jvm/java-6-sun-1.6.0.13/jre/lib/amd64/libfontmanager.so
7f98aaf44000-7f98aaf55000 rwxp 7f98aaf44000 00:00 0 
7f98aaf55000-7f98aaf5a000 r-xp 00000000 08:13 2805384                    /usr/lib/libXdmcp.so.6.0.0
7f98aaf5a000-7f98ab159000 ---p 00005000 08:13 2805384                    /usr/lib/libXdmcp.so.6.0.0
7f98ab159000-7f98ab15a000 rwxp 00004000 08:13 2805384                    /usr/lib/libXdmcp.so.6.0.0
7f98ab15a000-7f98ab175000 r-xp 00000000 08:13 2805386                    /usr/lib/libxcb.so.1.1.0
7f98ab175000-7f98ab374000 ---p 0001b000 08:13 2805386                    /usr/lib/libxcb.so.1.1.0
7f98ab374000-7f98ab375000 r-xp 0001a000 08:13 2805386                    /usr/lib/libxcb.so.1.1.0
7f98ab375000-7f98ab376000 rwxp 0001b000 08:13 2805386                    /usr/lib/libxcb.so.1.1.0
7f98ab376000-7f98ab378000 r-xp 00000000 08:13 2805382                    /usr/lib/libXau.so.6.0.0
7f98ab378000-7f98ab577000 ---p 00002000 08:13 2805382                    /usr/lib/libXau.so.6.0.0
7f98ab577000-7f98ab578000 r-xp 00001000 08:13 2805382                    /usr/lib/libXau.so.6.0.0
7f98ab578000-7f98ab579000 rwxp 00002000 08:13 2805382                    /usr/lib/libXau.so.6.0.0
7f98ab579000-7f98ab582000 r-xp 00000000 08:13 2805586                    /usr/lib/libXi.so.6.0.0
7f98ab582000-7f98ab782000 ---p 00009000 08:13 2805586                    /usr/lib/libXi.so.6.0.0
7f98ab782000-7f98ab783000 r-xp 00009000 08:13 2805586                    /usr/lib/libXi.so.6.0.0
7f98ab783000-7f98ab784000 rwxp 0000a000 08:13 2805586                    /usr/lib/libXi.so.6.0.0
7f98ab784000-7f98ab789000 r-xp 00000000 08:13 2806834                    /usr/lib/libXtst.so.6.1.0
7f98ab789000-7f98ab989000 ---p 00005000 08:13 2806834                    /usr/lib/libXtst.so.6.1.0
7f98ab989000-7f98ab98a000 r-xp 00005000 08:13 2806834                    /usr/lib/libXtst.so.6.1.0
7f98ab98a000-7f98ab98b000 rwxp 00006000 08:13 2806834                    /usr/lib/libXtst.so.6.1.0
7f98ab98b000-7f98aba8d000 r-xp 00000000 08:13 2805388                    /usr/lib/libX11.so.6.2.0
7f98aba8d000-7f98abc8d000 ---p 00102000 08:13 2805388                    /usr/lib/libX11.so.6.2.0
7f98abc8d000-7f98abc8e000 r-xp 00102000 08:13 2805388                    /usr/lib/libX11.so.6.2.0
7f98abc8e000-7f98abc92000 rwxp 00103000 08:13 2805388                    /usr/lib/libX11.so.6.2.0
7f98abc92000-7f98abca3000 r-xp 00000000 08:13 2805394                    /usr/lib/libXext.so.6.4.0
7f98abca3000-7f98abea2000 ---p 00011000 08:13 2805394                    /usr/lib/libXext.so.6.4.0
7f98abea2000-7f98abea3000 r-xp 00010000 08:13 2805394                    /usr/lib/libXext.so.6.4.0
7f98abea3000-7f98abea4000 rwxp 00011000 08:13 2805394                    /usr/lib/libXext.so.6.4.0
7f98abea5000-7f98abeb1000 r-xs 00000000 08:13 3197416                    /var/cache/fontconfig/089dead882dea3570ffc31a9898cfb69-x86-64.cache-2
7f98abeb1000-7f98abeb5000 r-xs 00000000 08:13 3197398                    /var/cache/fontconfig/cabbd14511b9e8a55e92af97fb3a0461-x86-64.cache-2
7f98abeb5000-7f98abebf000 r-xs 00000000 08:13 3195524                    /var/cache/fontconfig/e13b20fdb08344e0e664864cc2ede53d-x86-64.cache-2
7f98abebf000-7f98abf00000 r-xp 00000000 08:13 3163194                    /usr/lib/jvm/java-6-sun-1.6.0.13/jre/lib/amd64/xawt/libmawt.so
7f98abf00000-7f98abfff000 ---p 00041000 08:13 3163194                    /usr/lib/jvm/java-6-sun-1.6.0.13/jre/lib/amd64/xawt/libmawt.so
7f98abfff000-7f98ac00b000 rwxp 00040000 08:13 3163194                    /usr/lib/jvm/java-6-sun-1.6.0.13/jre/lib/amd64/xawt/libmawt.so
7f98ac00b000-7f98ac00c000 rwxp 7f98ac00b000 00:00 0 
7f98ac00c000-7f98ac09e000 r-xp 00000000 08:13 3163239                    /usr/lib/jvm/java-6-sun-1.6.0.13/jre/lib/amd64/libawt.so
7f98ac09e000-7f98ac19d000 ---p 00092000 08:13 3163239                    /usr/lib/jvm/java-6-sun-1.6.0.13/jre/lib/amd64/libawt.so
7f98ac19d000-7f98ac1b6000 rwxp 00091000 08:13 3163239                    /usr/lib/jvm/java-6-sun-1.6.0.13/jre/lib/amd64/libawt.so
7f98ac1b6000-7f98ac1db000 rwxp 7f98ac1b6000 00:00 0 
7f98ac1db000-7f98ac1e2000 r-xs 00059000 08:11 1172178                    /home/epsilon/文档/4_java/javaTools/apache-log4j-1.2.15/log4j-1.2.15.jar
7f98ac1e2000-7f98ac1ea000 r-xs 0004b000 08:11 162661                     /home/epsilon/文档/4_java/javaTools/commons-math-1.2/commons-math-1.2.jar
7f98ac1ea000-7f98ac1eb000 ---p 7f98ac1ea000 00:00 0 
7f98ac1eb000-7f98ac2eb000 rwxp 7f98ac1eb000 00:00 0 
7f98ac2eb000-7f98ac2ee000 ---p 7f98ac2eb000 00:00 0 
7f98ac2ee000-7f98ac3ec000 rwxp 7f98ac2ee000 00:00 0 
7f98ac3ec000-7f98ac3ef000 ---p 7f98ac3ec000 00:00 0 
7f98ac3ef000-7f98ac4ed000 rwxp 7f98ac3ef000 00:00 0 
7f98ac4ed000-7f98ac4f0000 ---p 7f98ac4ed000 00:00 0 
7f98ac4f0000-7f98ac5ee000 rwxp 7f98ac4f0000 00:00 0 
7f98ac5ee000-7f98ac5f1000 ---p 7f98ac5ee000 00:00 0 
7f98ac5f1000-7f98ac6ef000 rwxp 7f98ac5f1000 00:00 0 
7f98ac6ef000-7f98ac72e000 r-xp 00000000 08:13 2827839                    /usr/lib/locale/zh_CN.utf8/LC_CTYPE
7f98ac72e000-7f98ac731000 ---p 7f98ac72e000 00:00 0 
7f98ac731000-7f98ac82f000 rwxp 7f98ac731000 00:00 0 
7f98ac82f000-7f98ac832000 ---p 7f98ac82f000 00:00 0 
7f98ac832000-7f98ac930000 rwxp 7f98ac832000 00:00 0 
7f98ac930000-7f98ac931000 ---p 7f98ac930000 00:00 0 
7f98ac931000-7f98acaa6000 rwxp 7f98ac931000 00:00 0 
7f98acaa6000-7f98acc38000 r-xs 02f34000 08:13 2942580                    /usr/lib/jvm/java-6-sun-1.6.0.13/jre/lib/rt.jar
7f98acc38000-7f98acc60000 rwxp 7f98acc38000 00:00 0 
7f98acc60000-7f98acc61000 ---p 7f98acc60000 00:00 0 
7f98acc61000-7f98acd61000 rwxp 7f98acc61000 00:00 0 
7f98acd61000-7f98acd62000 ---p 7f98acd61000 00:00 0 
7f98acd62000-7f98ace6d000 rwxp 7f98acd62000 00:00 0 
7f98ace6d000-7f98ace8c000 rwxp 7f98ace6d000 00:00 0 
7f98ace8c000-7f98aceaa000 rwxp 7f98ace8c000 00:00 0 
7f98aceaa000-7f98ad063000 rwxp 7f98aceaa000 00:00 0 
7f98ad063000-7f98ad06e000 rwxp 7f98ad063000 00:00 0 
7f98ad06e000-7f98ad08d000 rwxp 7f98ad06e000 00:00 0 
7f98ad08d000-7f98ad0ab000 rwxp 7f98ad08d000 00:00 0 
7f98ad0ab000-7f98ad263000 rwxp 7f98ad0ab000 00:00 0 
7f98ad263000-7f98ad273000 rwxp 7f98ad263000 00:00 0 
7f98ad273000-7f98ad34f000 rwxp 7f98ad273000 00:00 0 
7f98ad34f000-7f98ae810000 rwxp 7f98ad34f000 00:00 0 
7f98ae810000-7f98b2750000 rwxp 7f98ae810000 00:00 0 
7f98b2750000-7f98b6230000 rwxp 7f98b2750000 00:00 0 
7f98b6230000-7f98ed4b0000 rwxp 7f98b6230000 00:00 0 
7f98ed4b0000-7f98ef210000 rwxp 7f98ed4b0000 00:00 0 
7f98ef210000-7f990ab50000 rwxp 7f98ef210000 00:00 0 
7f990ab54000-7f990adc4000 rwxp 7f990ab54000 00:00 0 
7f990adc4000-7f990db54000 rwxp 7f990adc4000 00:00 0 
7f990db54000-7f990db62000 r-xp 00000000 08:13 3163206                    /usr/lib/jvm/java-6-sun-1.6.0.13/jre/lib/amd64/libzip.so
7f990db62000-7f990dc64000 ---p 0000e000 08:13 3163206                    /usr/lib/jvm/java-6-sun-1.6.0.13/jre/lib/amd64/libzip.so
7f990dc64000-7f990dc67000 rwxp 00010000 08:13 3163206                    /usr/lib/jvm/java-6-sun-1.6.0.13/jre/lib/amd64/libzip.so
7f990dc67000-7f990dc68000 rwxp 7f990dc67000 00:00 0 
7f990dc68000-7f990dc91000 r-xp 00000000 08:13 3163219                    /usr/lib/jvm/java-6-sun-1.6.0.13/jre/lib/amd64/libjava.so
7f990dc91000-7f990dd90000 ---p 00029000 08:13 3163219                    /usr/lib/jvm/java-6-sun-1.6.0.13/jre/lib/amd64/libjava.so
7f990dd90000-7f990dd97000 rwxp 00028000 08:13 3163219                    /usr/lib/jvm/java-6-sun-1.6.0.13/jre/lib/amd64/libjava.so
7f990dd97000-7f990dda4000 r-xp 00000000 08:13 3163201                    /usr/lib/jvm/java-6-sun-1.6.0.13/jre/lib/amd64/libverify.so
7f990dda4000-7f990dea3000 ---p 0000d000 08:13 3163201                    /usr/lib/jvm/java-6-sun-1.6.0.13/jre/lib/amd64/libverify.so
7f990dea3000-7f990dea6000 rwxp 0000c000 08:13 3163201                    /usr/lib/jvm/java-6-sun-1.6.0.13/jre/lib/amd64/libverify.so
7f990dea6000-7f990deb2000 r-xp 00000000 08:13 213021                     /lib/libnss_files-2.9.so
7f990deb2000-7f990e0b1000 ---p 0000c000 08:13 213021                     /lib/libnss_files-2.9.so
7f990e0b1000-7f990e0b2000 r-xp 0000b000 08:13 213021                     /lib/libnss_files-2.9.so
7f990e0b2000-7f990e0b3000 rwxp 0000c000 08:13 213021                     /lib/libnss_files-2.9.so
7f990e0b3000-7f990e0bd000 r-xp 00000000 08:13 213023                     /lib/libnss_nis-2.9.so
7f990e0bd000-7f990e2bc000 ---p 0000a000 08:13 213023                     /lib/libnss_nis-2.9.so
7f990e2bc000-7f990e2bd000 r-xp 00009000 08:13 213023                     /lib/libnss_nis-2.9.so
7f990e2bd000-7f990e2be000 rwxp 0000a000 08:13 213023                     /lib/libnss_nis-2.9.so
7f990e2be000-7f990e2c6000 r-xp 00000000 08:13 213019                     /lib/libnss_compat-2.9.so
7f990e2c6000-7f990e4c5000 ---p 00008000 08:13 213019                     /lib/libnss_compat-2.9.so
7f990e4c5000-7f990e4c6000 r-xp 00007000 08:13 213019                     /lib/libnss_compat-2.9.so
7f990e4c6000-7f990e4c7000 rwxp 00008000 08:13 213019                     /lib/libnss_compat-2.9.so
7f990e4c7000-7f990e4dd000 r-xp 00000000 08:13 213018                     /lib/libnsl-2.9.so
7f990e4dd000-7f990e6dd000 ---p 00016000 08:13 213018                     /lib/libnsl-2.9.so
7f990e6dd000-7f990e6de000 r-xp 00016000 08:13 213018                     /lib/libnsl-2.9.so
7f990e6de000-7f990e6df000 rwxp 00017000 08:13 213018                     /lib/libnsl-2.9.so
7f990e6df000-7f990e6e1000 rwxp 7f990e6df000 00:00 0 
7f990e6e1000-7f990e6e8000 r-xp 00000000 08:13 3163208                    /usr/lib/jvm/java-6-sun-1.6.0.13/jre/lib/amd64/native_threads/libhpi.so
7f990e6e8000-7f990e7e9000 ---p 00007000 08:13 3163208                    /usr/lib/jvm/java-6-sun-1.6.0.13/jre/lib/amd64/native_threads/libhpi.so
7f990e7e9000-7f990e7eb000 rwxp 00008000 08:13 3163208                    /usr/lib/jvm/java-6-sun-1.6.0.13/jre/lib/amd64/native_threads/libhpi.so
7f990e7eb000-7f990e7ec000 rwxp 7f990e7eb000 00:00 0 
7f990e7ec000-7f990e7f3000 r-xp 00000000 08:13 213028                     /lib/librt-2.9.so
7f990e7f3000-7f990e9f2000 ---p 00007000 08:13 213028                     /lib/librt-2.9.so
7f990e9f2000-7f990e9f3000 r-xp 00006000 08:13 213028                     /lib/librt-2.9.so
7f990e9f3000-7f990e9f4000 rwxp 00007000 08:13 213028                     /lib/librt-2.9.so
7f990e9f4000-7f990e9f7000 ---p 7f990e9f4000 00:00 0 
7f990e9f7000-7f990eaf5000 rwxp 7f990e9f7000 00:00 0 
7f990eaf5000-7f990eb79000 r-xp 00000000 08:13 213016                     /lib/libm-2.9.so
7f990eb79000-7f990ed78000 ---p 00084000 08:13 213016                     /lib/libm-2.9.so
7f990ed78000-7f990ed79000 r-xp 00083000 08:13 213016                     /lib/libm-2.9.so
7f990ed79000-7f990ed7a000 rwxp 00084000 08:13 213016                     /lib/libm-2.9.so
7f990ed7a000-7f990f407000 r-xp 00000000 08:13 3163226                    /usr/lib/jvm/java-6-sun-1.6.0.13/jre/lib/amd64/server/libjvm.so
7f990f407000-7f990f506000 ---p 0068d000 08:13 3163226                    /usr/lib/jvm/java-6-sun-1.6.0.13/jre/lib/amd64/server/libjvm.so
7f990f506000-7f990f657000 rwxp 0068c000 08:13 3163226                    /usr/lib/jvm/java-6-sun-1.6.0.13/jre/lib/amd64/server/libjvm.so
7f990f657000-7f990f694000 rwxp 7f990f657000 00:00 0 
7f990f694000-7f990f7fc000 r-xp 00000000 08:13 213012                     /lib/libc-2.9.so
7f990f7fc000-7f990f9fc000 ---p 00168000 08:13 213012                     /lib/libc-2.9.so
7f990f9fc000-7f990fa00000 r-xp 00168000 08:13 213012                     /lib/libc-2.9.so
7f990fa00000-7f990fa01000 rwxp 0016c000 08:13 213012                     /lib/libc-2.9.so
7f990fa01000-7f990fa06000 rwxp 7f990fa01000 00:00 0 
7f990fa06000-7f990fa08000 r-xp 00000000 08:13 213015                     /lib/libdl-2.9.so
7f990fa08000-7f990fc08000 ---p 00002000 08:13 213015                     /lib/libdl-2.9.so
7f990fc08000-7f990fc09000 r-xp 00002000 08:13 213015                     /lib/libdl-2.9.so
7f990fc09000-7f990fc0a000 rwxp 00003000 08:13 213015                     /lib/libdl-2.9.so
7f990fc0a000-7f990fc21000 r-xp 00000000 08:13 213026                     /lib/libpthread-2.9.so
7f990fc21000-7f990fe20000 ---p 00017000 08:13 213026                     /lib/libpthread-2.9.so
7f990fe20000-7f990fe21000 r-xp 00016000 08:13 213026                     /lib/libpthread-2.9.so
7f990fe21000-7f990fe22000 rwxp 00017000 08:13 213026                     /lib/libpthread-2.9.so
7f990fe22000-7f990fe26000 rwxp 7f990fe22000 00:00 0 
7f990fe26000-7f990fe46000 r-xp 00000000 08:13 213006                     /lib/ld-2.9.so
7f990fe4c000-7f990fe5a000 r-xs 000ba000 08:11 422677                     /home/epsilon/文档/4_java/javaTools/mtj.jar
7f990fe5a000-7f990fe64000 rwxp 7f990fe5a000 00:00 0 
7f990fe64000-7f990ff1a000 rwxp 7f990fe64000 00:00 0 
7f990ff1a000-7f990ff1c000 rwxp 7f990ff1a000 00:00 0 
7f990ff1c000-7f990ff23000 r-xp 00000000 08:13 3163192                    /usr/lib/jvm/java-6-sun-1.6.0.13/jre/lib/amd64/jli/libjli.so
7f990ff23000-7f9910024000 ---p 00007000 08:13 3163192                    /usr/lib/jvm/java-6-sun-1.6.0.13/jre/lib/amd64/jli/libjli.so
7f9910024000-7f9910026000 rwxp 00008000 08:13 3163192                    /usr/lib/jvm/java-6-sun-1.6.0.13/jre/lib/amd64/jli/libjli.so
7f9910026000-7f9910027000 rwxp 7f9910026000 00:00 0 
7f9910027000-7f991002a000 r-xs 000cb000 08:13 3162696                    /usr/lib/jvm/java-6-sun-1.6.0.13/jre/lib/ext/localedata.jar
7f991002a000-7f991002d000 r-xs 00000000 08:13 3196574                    /var/cache/fontconfig/7ef2298fde41cc6eeb7af42e48b7d293-x86-64.cache-2
7f991002d000-7f9910031000 r-xs 00042000 08:11 181746                     /home/epsilon/NetBeansProjects/EpsilonUtils/trunk/dist/EpsilonYUtil.jar
7f9910031000-7f9910038000 r-xs 00000000 08:13 2803699                    /usr/lib/gconv/gconv-modules.cache
7f9910038000-7f9910040000 rwxs 00000000 08:13 377138                     /tmp/hsperfdata_epsilon/1855
7f9910040000-7f9910041000 rwxp 7f9910040000 00:00 0 
7f9910041000-7f9910042000 r-xp 7f9910041000 00:00 0 
7f9910042000-7f9910045000 rwxp 7f9910042000 00:00 0 
7f9910045000-7f9910046000 r-xp 0001f000 08:13 213006                     /lib/ld-2.9.so
7f9910046000-7f9910047000 rwxp 00020000 08:13 213006                     /lib/ld-2.9.so
7fff18031000-7fff18046000 rwxp 7ffffffea000 00:00 0                      [stack]
7fff181fe000-7fff181ff000 r-xp 7fff181fe000 00:00 0                      [vdso]
ffffffffff600000-ffffffffff601000 r-xp 00000000 00:00 0                  [vsyscall]

VM Arguments:
jvm_args: -Dawt.useSystemAAFontSettings=on 
java_command: net.epsilony.simpmeshfree.model.ModelTestFrame
Launcher Type: SUN_STANDARD

Environment Variables:
_JAVA_OPTIONS=-Dawt.useSystemAAFontSettings=on
PATH=/usr/local/sbin:/usr/local/bin:/usr/sbin:/usr/bin:/sbin:/bin:/usr/games
USERNAME=epsilon
LD_LIBRARY_PATH=/usr/lib/jvm/java-6-sun-1.6.0.13/jre/lib/amd64/server:/usr/lib/jvm/java-6-sun-1.6.0.13/jre/lib/amd64:/usr/lib/jvm/java-6-sun-1.6.0.13/jre/../lib/amd64
SHELL=/bin/bash
DISPLAY=:0.0

Signal Handlers:
SIGSEGV: [libjvm.so+0x5fcd20], sa_mask[0]=0x7ffbfeff, sa_flags=0x10000004
SIGBUS: [libjvm.so+0x5fcd20], sa_mask[0]=0x7ffbfeff, sa_flags=0x10000004
SIGFPE: [libjvm.so+0x4e0eb0], sa_mask[0]=0x7ffbfeff, sa_flags=0x10000004
SIGPIPE: [libjvm.so+0x4e0eb0], sa_mask[0]=0x7ffbfeff, sa_flags=0x10000004
SIGXFSZ: [libjvm.so+0x4e0eb0], sa_mask[0]=0x7ffbfeff, sa_flags=0x10000004
SIGILL: [libjvm.so+0x4e0eb0], sa_mask[0]=0x7ffbfeff, sa_flags=0x10000004
SIGUSR1: SIG_DFL, sa_mask[0]=0x00000000, sa_flags=0x00000000
SIGUSR2: [libjvm.so+0x4e35d0], sa_mask[0]=0x00000004, sa_flags=0x10000004
SIGHUP: [libjvm.so+0x4e3320], sa_mask[0]=0x7ffbfeff, sa_flags=0x10000004
SIGINT: SIG_IGN, sa_mask[0]=0x00000000, sa_flags=0x00000000
SIGTERM: [libjvm.so+0x4e3320], sa_mask[0]=0x7ffbfeff, sa_flags=0x10000004
SIGQUIT: [libjvm.so+0x4e3320], sa_mask[0]=0x7ffbfeff, sa_flags=0x10000004


---------------  S Y S T E M  ---------------

OS:5.0

uname:Linux 2.6.28-12-generic #43-Ubuntu SMP Fri May 1 19:31:32 UTC 2009 x86_64
libc:glibc 2.9 NPTL 2.9 
rlimit: STACK 8192k, CORE 0k, NPROC infinity, NOFILE 1024, AS infinity
load average:0.14 0.17 0.18

CPU:total 2 (2 cores per cpu, 1 threads per core) family 16 model 2 stepping 3, cmov, cx8, fxsr, mmx, sse, sse2, sse3, mmxext, 3dnow, 3dnowext, sse4a

Memory: 4k page, physical 5780180k(2972868k free), swap 3903752k(3851972k free)

vm_info: Java HotSpot(TM) 64-Bit Server VM (11.3-b02) for linux-amd64 JRE (1.6.0_13-b03), built on Mar  9 2009 11:08:22 by "java_re" with gcc 3.2.2 (SuSE Linux)

time: Mon May 18 17:41:59 2009
elapsed time: 0 seconds

