#
# An unexpected error has been detected by Java Runtime Environment:
#
#  SIGSEGV (0xb) at pc=0x00007fed31aab11b, pid=1934, tid=140655018912080
#
# Java VM: Java HotSpot(TM) 64-Bit Server VM (11.3-b02 mixed mode linux-amd64)
# Problematic frame:
# C  [libc.so.6+0x8411b]  memcpy+0x15b
#
# If you would like to submit a bug report, please visit:
#   http://java.sun.com/webapps/bugreport/crash.jsp
#

---------------  T H R E A D  ---------------

Current thread (0x0000000041238c00):  JavaThread "AWT-EventQueue-0" [_thread_in_vm, id=1949, stack(0x00007feccc602000,0x00007feccc703000)]

siginfo:si_signo=SIGSEGV: si_errno=0, si_code=2 (SEGV_ACCERR), si_addr=0x00007fecc80b2000

Registers:
RAX=0x00007fed100d9580, RBX=0x00007feccf6e12a0, RCX=0x0000000000000050, RDX=0x00000000000037a0
RSP=0x00007feccc7013b8, RBP=0x00007feccc701440, RSI=0x00007fecc80b2000, RDI=0x00007fed100dcaa0
R8 =0x0000000000000ffc, R9 =0x00007fed318f75b8, R10=0x00007fed318fb028, R11=0x00000000000037a0
R12=0x00000000000037a0, R13=0x0000000000000000, R14=0x0000000041239da8, R15=0x00007feccc7013d0
RIP=0x00007fed31aab11b, EFL=0x0000000000010212, CSGSFS=0x0000000000000033, ERR=0x0000000000000004
  TRAPNO=0x000000000000000e

Top of Stack: (sp=0x00007feccc7013b8)
0x00007feccc7013b8:   00007fed31453600 0000000041238dc0
0x00007feccc7013c8:   00007fecc80aeae0 0000000041238c00
0x00007feccc7013d8:   0000000000000000 0000000041238c00
0x00007feccc7013e8:   0000000000000000 0000000041238c00
0x00007feccc7013f8:   00007feccc701538 0000000041238c00
0x00007feccc701408:   00007fed31aa1276 0000000041238c00
0x00007feccc701418:   0000000041239da8 00007fecc8003830
0x00007feccc701428:   00007fecc80056e0 00007feccc701538
0x00007feccc701438:   0000000041239d50 0000000041238dc0
0x00007feccc701448:   00007feccc1df486 00007fecc8005630
0x00007feccc701458:   0000000041239d58 0000000041239d60
0x00007feccc701468:   0000000041239d68 0000000041239d70
0x00007feccc701478:   0000000041372848 0000000041239d78
0x00007feccc701488:   0000000041372890 0101010100238c00
0x00007feccc701498:   00007fecd00d8688 00007feccc701518
0x00007feccc7014a8:   0000000000000101 00007fecd00d8688
0x00007feccc7014b8:   00007feccc701538 0000000041238c00
0x00007feccc7014c8:   00007fed2cef5852 0000000041238c00
0x00007feccc7014d8:   00007feccc7014d8 00007fecd00d8688
0x00007feccc7014e8:   00007feccc701538 00007fecd00d90c0
0x00007feccc7014f8:   0000000000000000 00007fecd00d8688
0x00007feccc701508:   0000000000000000 00007feccc701538
0x00007feccc701518:   00007feccc701580 00007fed2ceea322
0x00007feccc701528:   0000000000000000 00007fed2cef2358
0x00007feccc701538:   00007fed100bbe28 00007feccc701540
0x00007feccc701548:   00007fecd00d7165 00007feccc7015c8
0x00007feccc701558:   00007fecd00d90c0 0000000000000000
0x00007feccc701568:   00007fecd00d71f0 00007feccc701538
0x00007feccc701578:   00007feccc7015b8 00007feccc701610
0x00007feccc701588:   00007fed2ceea322 0000000000000000
0x00007feccc701598:   00007fed100d3d60 0000000000000000
0x00007feccc7015a8:   00007fed100d3d48 00007fed100d39b0 

Instructions: (pc=0x00007fed31aab11b)
0x00007fed31aab10b:   0f 47 da 4c 89 d9 49 83 e3 f8 48 c1 e9 03 74 05
0x00007fed31aab11b:   f3 48 a5 66 90 4c 29 da 48 f7 c2 f8 ff ff ff 75 

Stack: [0x00007feccc602000,0x00007feccc703000],  sp=0x00007feccc7013b8,  free space=1020k
Native frames: (J=compiled Java code, j=interpreted, Vv=VM code, C=native code)
C  [libc.so.6+0x8411b]  memcpy+0x15b

Java frames: (J=compiled Java code, j=interpreted, Vv=VM code)
j  net.epsilony.simpmeshfree.model.geometry.TriangleJni.triangleFun()V+0
j  net.epsilony.simpmeshfree.model.geometry.TriangleJni.complie(Lnet/epsilony/simpmeshfree/model/geometry/GeometryModel;Ljava/lang/String;)V+141
j  net.epsilony.simpmeshfree.model.mechanics.MechanicsModel.generateNodesByTriangle(DDLjava/lang/String;ZZ)V+110
j  net.epsilony.simpmeshfree.model.ModelTestFrame.<init>()V+559
j  net.epsilony.simpmeshfree.model.ModelTestFrame$2.run()V+4
j  java.awt.event.InvocationEvent.dispatch()V+47
j  java.awt.EventQueue.dispatchEvent(Ljava/awt/AWTEvent;)V+26
j  java.awt.EventDispatchThread.pumpOneEventForFilters(I)Z+204
j  java.awt.EventDispatchThread.pumpEventsForFilter(ILjava/awt/Conditional;Ljava/awt/EventFilter;)V+30
j  java.awt.EventDispatchThread.pumpEventsForHierarchy(ILjava/awt/Conditional;Ljava/awt/Component;)V+11
j  java.awt.EventDispatchThread.pumpEvents(ILjava/awt/Conditional;)V+4
j  java.awt.EventDispatchThread.pumpEvents(Ljava/awt/Conditional;)V+3
j  java.awt.EventDispatchThread.run()V+9
v  ~StubRoutines::call_stub

---------------  P R O C E S S  ---------------

Java Threads: ( => current thread )
  0x00007fecc8002800 JavaThread "Thread-3" [_thread_blocked, id=1953, stack(0x00007feccc400000,0x00007feccc501000)]
  0x00007fecc8000c00 JavaThread "Thread-2" [_thread_blocked, id=1952, stack(0x00007feccc501000,0x00007feccc602000)]
  0x0000000040ef4000 JavaThread "DestroyJavaVM" [_thread_blocked, id=1935, stack(0x00007fed30d87000,0x00007fed30e88000)]
=>0x0000000041238c00 JavaThread "AWT-EventQueue-0" [_thread_in_vm, id=1949, stack(0x00007feccc602000,0x00007feccc703000)]
  0x0000000041232400 JavaThread "AWT-Shutdown" [_thread_blocked, id=1948, stack(0x00007feccc811000,0x00007feccc912000)]
  0x000000004147d800 JavaThread "AWT-XAWT" daemon [_thread_in_native, id=1947, stack(0x00007feccc912000,0x00007feccca13000)]
  0x0000000041147c00 JavaThread "Java2D Disposer" daemon [_thread_blocked, id=1946, stack(0x00007feccd047000,0x00007feccd148000)]
  0x0000000040fab800 JavaThread "Low Memory Detector" daemon [_thread_blocked, id=1944, stack(0x00007fecce67b000,0x00007fecce77c000)]
  0x0000000040fa9000 JavaThread "CompilerThread1" daemon [_thread_in_native, id=1943, stack(0x00007fecce77c000,0x00007fecce87d000)]
  0x0000000040fa5000 JavaThread "CompilerThread0" daemon [_thread_blocked, id=1942, stack(0x00007fecce87d000,0x00007fecce97e000)]
  0x0000000040fa3000 JavaThread "Signal Dispatcher" daemon [_thread_blocked, id=1941, stack(0x00007fecce97e000,0x00007feccea7f000)]
  0x0000000040f81c00 JavaThread "Finalizer" daemon [_thread_blocked, id=1940, stack(0x00007fecceabe000,0x00007feccebbf000)]
  0x0000000040f7a800 JavaThread "Reference Handler" daemon [_thread_blocked, id=1939, stack(0x00007feccebbf000,0x00007feccecc0000)]

Other Threads:
  0x0000000040f75000 VMThread [stack: 0x00007feccecc0000,0x00007feccedc1000] [id=1938]
  0x0000000040fadc00 WatcherThread [stack: 0x00007fecce57a000,0x00007fecce67b000] [id=1945]

VM state:not at safepoint (normal execution)

VM Mutex/Monitor currently owned by a thread: None

Heap
 PSYoungGen      total 26368K, used 19329K [0x00007fed0f840000, 0x00007fed115a0000, 0x00007fed2cee0000)
  eden space 22656K, 85% used [0x00007fed0f840000,0x00007fed10b20540,0x00007fed10e60000)
  from space 3712K, 0% used [0x00007fed11200000,0x00007fed11200000,0x00007fed115a0000)
  to   space 3712K, 0% used [0x00007fed10e60000,0x00007fed10e60000,0x00007fed11200000)
 PSOldGen        total 60288K, used 0K [0x00007fecd4ae0000, 0x00007fecd85c0000, 0x00007fed0f840000)
  object space 60288K, 0% used [0x00007fecd4ae0000,0x00007fecd4ae0000,0x00007fecd85c0000)
 PSPermGen       total 21248K, used 10219K [0x00007feccf6e0000, 0x00007fecd0ba0000, 0x00007fecd4ae0000)
  object space 21248K, 48% used [0x00007feccf6e0000,0x00007fecd00dafd0,0x00007fecd0ba0000)

Dynamic libraries:
40000000-40009000 r-xp 00000000 08:13 3163089                            /usr/lib/jvm/java-6-sun-1.6.0.13/jre/bin/java
40108000-4010a000 rwxp 00008000 08:13 3163089                            /usr/lib/jvm/java-6-sun-1.6.0.13/jre/bin/java
40eec000-41a95000 rwxp 40eec000 00:00 0                                  [heap]
7fecc7adb000-7fecc7af1000 r-xp 00000000 08:13 213005                     /lib/libgcc_s.so.1
7fecc7af1000-7fecc7cf1000 ---p 00016000 08:13 213005                     /lib/libgcc_s.so.1
7fecc7cf1000-7fecc7cf2000 r-xp 00016000 08:13 213005                     /lib/libgcc_s.so.1
7fecc7cf2000-7fecc7cf3000 rwxp 00017000 08:13 213005                     /lib/libgcc_s.so.1
7fecc7cf3000-7fecc7de4000 r-xp 00000000 08:13 2802601                    /usr/lib/libstdc++.so.6.0.10
7fecc7de4000-7fecc7fe4000 ---p 000f1000 08:13 2802601                    /usr/lib/libstdc++.so.6.0.10
7fecc7fe4000-7fecc7feb000 r-xp 000f1000 08:13 2802601                    /usr/lib/libstdc++.so.6.0.10
7fecc7feb000-7fecc7fed000 rwxp 000f8000 08:13 2802601                    /usr/lib/libstdc++.so.6.0.10
7fecc7fed000-7fecc8000000 rwxp 7fecc7fed000 00:00 0 
7fecc8000000-7fecc80b2000 rwxp 7fecc8000000 00:00 0 
7fecc80b2000-7feccc000000 ---p 7fecc80b2000 00:00 0 
7feccc0b2000-7feccc1db000 rwxp 7feccc0b2000 00:00 0 
7feccc1db000-7feccc1ff000 r-xp 00000000 08:13 1942103                    /usr/lib/TriangleJniAmd64.so
7feccc1ff000-7feccc3fe000 ---p 00024000 08:13 1942103                    /usr/lib/TriangleJniAmd64.so
7feccc3fe000-7feccc3ff000 r-xp 00023000 08:13 1942103                    /usr/lib/TriangleJniAmd64.so
7feccc3ff000-7feccc400000 rwxp 00024000 08:13 1942103                    /usr/lib/TriangleJniAmd64.so
7feccc400000-7feccc403000 ---p 7feccc400000 00:00 0 
7feccc403000-7feccc501000 rwxp 7feccc403000 00:00 0 
7feccc501000-7feccc504000 ---p 7feccc501000 00:00 0 
7feccc504000-7feccc602000 rwxp 7feccc504000 00:00 0 
7feccc602000-7feccc605000 ---p 7feccc602000 00:00 0 
7feccc605000-7feccc703000 rwxp 7feccc605000 00:00 0 
7feccc703000-7feccc70c000 r-xs 00000000 08:13 3197464                    /var/cache/fontconfig/945677eb7aeaf62f1d50efc3fb3ec7d8-x86-64.cache-2
7feccc70c000-7feccc70e000 r-xs 00000000 08:13 3197468                    /var/cache/fontconfig/99e8ed0e538f840c565b6ed5dad60d56-x86-64.cache-2
7feccc70e000-7feccc711000 r-xs 00000000 08:13 3197466                    /var/cache/fontconfig/e383d7ea5fbe662a33d9b44caf393297-x86-64.cache-2
7feccc711000-7feccc715000 r-xs 00000000 08:13 3197459                    /var/cache/fontconfig/6eb3985aa4124903f6ff08ba781cd364-x86-64.cache-2
7feccc715000-7feccc716000 r-xs 00000000 08:13 3197445                    /var/cache/fontconfig/4c73fe0c47614734b17d736dbde7580a-x86-64.cache-2
7feccc716000-7feccc71a000 r-xs 00000000 08:13 3196573                    /var/cache/fontconfig/a755afe4a08bf5b97852ceb7400b47bc-x86-64.cache-2
7feccc71a000-7feccc723000 r-xs 00000000 08:13 3197440                    /var/cache/fontconfig/6d41288fd70b0be22e8c3a91e032eec0-x86-64.cache-2
7feccc723000-7feccc726000 r-xs 00000000 08:13 3197439                    /var/cache/fontconfig/de156ccd2eddbdc19d37a45b8b2aac9c-x86-64.cache-2
7feccc726000-7feccc731000 r-xs 00000000 08:13 3197435                    /var/cache/fontconfig/e3de0de479f42330eadf588a55fb5bf4-x86-64.cache-2
7feccc731000-7feccc740000 r-xs 00000000 08:13 3197434                    /var/cache/fontconfig/0f34bcd4b6ee430af32735b75db7f02b-x86-64.cache-2
7feccc740000-7feccc743000 r-xs 00000000 08:13 3197433                    /var/cache/fontconfig/ddd4086aec35a5275babba44bb759c3c-x86-64.cache-2
7feccc743000-7feccc744000 r-xs 00000000 08:13 3197424                    /var/cache/fontconfig/4794a0821666d79190d59a36cb4f44b5-x86-64.cache-2
7feccc744000-7feccc74d000 r-xs 00000000 08:13 3197417                    /var/cache/fontconfig/d52a8644073d54c13679302ca1180695-x86-64.cache-2
7feccc811000-7feccc814000 ---p 7feccc811000 00:00 0 
7feccc814000-7feccc912000 rwxp 7feccc814000 00:00 0 
7feccc912000-7feccc915000 ---p 7feccc912000 00:00 0 
7feccc915000-7feccca13000 rwxp 7feccc915000 00:00 0 
7feccca13000-7feccca18000 r-xp 00000000 08:13 2805390                    /usr/lib/libXfixes.so.3.1.0
7feccca18000-7fecccc17000 ---p 00005000 08:13 2805390                    /usr/lib/libXfixes.so.3.1.0
7fecccc17000-7fecccc18000 rwxp 00004000 08:13 2805390                    /usr/lib/libXfixes.so.3.1.0
7fecccc18000-7fecccc21000 r-xp 00000000 08:13 2805803                    /usr/lib/libXrender.so.1.3.0
7fecccc21000-7feccce20000 ---p 00009000 08:13 2805803                    /usr/lib/libXrender.so.1.3.0
7feccce20000-7feccce21000 r-xp 00008000 08:13 2805803                    /usr/lib/libXrender.so.1.3.0
7feccce21000-7feccce22000 rwxp 00009000 08:13 2805803                    /usr/lib/libXrender.so.1.3.0
7feccce22000-7feccce2b000 r-xp 00000000 08:13 2805843                    /usr/lib/libXcursor.so.1.0.2
7feccce2b000-7feccd02b000 ---p 00009000 08:13 2805843                    /usr/lib/libXcursor.so.1.0.2
7feccd02b000-7feccd02c000 rwxp 00009000 08:13 2805843                    /usr/lib/libXcursor.so.1.0.2
7feccd047000-7feccd04a000 ---p 7feccd047000 00:00 0 
7feccd04a000-7feccd148000 rwxp 7feccd04a000 00:00 0 
7feccd148000-7feccd1c6000 r-xp 00000000 08:13 3163204                    /usr/lib/jvm/java-6-sun-1.6.0.13/jre/lib/amd64/libfontmanager.so
7feccd1c6000-7feccd2c5000 ---p 0007e000 08:13 3163204                    /usr/lib/jvm/java-6-sun-1.6.0.13/jre/lib/amd64/libfontmanager.so
7feccd2c5000-7feccd2db000 rwxp 0007d000 08:13 3163204                    /usr/lib/jvm/java-6-sun-1.6.0.13/jre/lib/amd64/libfontmanager.so
7feccd2db000-7feccd2ec000 rwxp 7feccd2db000 00:00 0 
7feccd2ec000-7feccd2f1000 r-xp 00000000 08:13 2805384                    /usr/lib/libXdmcp.so.6.0.0
7feccd2f1000-7feccd4f0000 ---p 00005000 08:13 2805384                    /usr/lib/libXdmcp.so.6.0.0
7feccd4f0000-7feccd4f1000 rwxp 00004000 08:13 2805384                    /usr/lib/libXdmcp.so.6.0.0
7feccd4f1000-7feccd50c000 r-xp 00000000 08:13 2805386                    /usr/lib/libxcb.so.1.1.0
7feccd50c000-7feccd70b000 ---p 0001b000 08:13 2805386                    /usr/lib/libxcb.so.1.1.0
7feccd70b000-7feccd70c000 r-xp 0001a000 08:13 2805386                    /usr/lib/libxcb.so.1.1.0
7feccd70c000-7feccd70d000 rwxp 0001b000 08:13 2805386                    /usr/lib/libxcb.so.1.1.0
7feccd70d000-7feccd70f000 r-xp 00000000 08:13 2805382                    /usr/lib/libXau.so.6.0.0
7feccd70f000-7feccd90e000 ---p 00002000 08:13 2805382                    /usr/lib/libXau.so.6.0.0
7feccd90e000-7feccd90f000 r-xp 00001000 08:13 2805382                    /usr/lib/libXau.so.6.0.0
7feccd90f000-7feccd910000 rwxp 00002000 08:13 2805382                    /usr/lib/libXau.so.6.0.0
7feccd910000-7feccd919000 r-xp 00000000 08:13 2805586                    /usr/lib/libXi.so.6.0.0
7feccd919000-7feccdb19000 ---p 00009000 08:13 2805586                    /usr/lib/libXi.so.6.0.0
7feccdb19000-7feccdb1a000 r-xp 00009000 08:13 2805586                    /usr/lib/libXi.so.6.0.0
7feccdb1a000-7feccdb1b000 rwxp 0000a000 08:13 2805586                    /usr/lib/libXi.so.6.0.0
7feccdb1b000-7feccdb20000 r-xp 00000000 08:13 2806834                    /usr/lib/libXtst.so.6.1.0
7feccdb20000-7feccdd20000 ---p 00005000 08:13 2806834                    /usr/lib/libXtst.so.6.1.0
7feccdd20000-7feccdd21000 r-xp 00005000 08:13 2806834                    /usr/lib/libXtst.so.6.1.0
7feccdd21000-7feccdd22000 rwxp 00006000 08:13 2806834                    /usr/lib/libXtst.so.6.1.0
7feccdd22000-7feccde24000 r-xp 00000000 08:13 2805388                    /usr/lib/libX11.so.6.2.0
7feccde24000-7fecce024000 ---p 00102000 08:13 2805388                    /usr/lib/libX11.so.6.2.0
7fecce024000-7fecce025000 r-xp 00102000 08:13 2805388                    /usr/lib/libX11.so.6.2.0
7fecce025000-7fecce029000 rwxp 00103000 08:13 2805388                    /usr/lib/libX11.so.6.2.0
7fecce029000-7fecce03a000 r-xp 00000000 08:13 2805394                    /usr/lib/libXext.so.6.4.0
7fecce03a000-7fecce239000 ---p 00011000 08:13 2805394                    /usr/lib/libXext.so.6.4.0
7fecce239000-7fecce23a000 r-xp 00010000 08:13 2805394                    /usr/lib/libXext.so.6.4.0
7fecce23a000-7fecce23b000 rwxp 00011000 08:13 2805394                    /usr/lib/libXext.so.6.4.0
7fecce23c000-7fecce248000 r-xs 00000000 08:13 3197416                    /var/cache/fontconfig/089dead882dea3570ffc31a9898cfb69-x86-64.cache-2
7fecce248000-7fecce24c000 r-xs 00000000 08:13 3197398                    /var/cache/fontconfig/cabbd14511b9e8a55e92af97fb3a0461-x86-64.cache-2
7fecce24c000-7fecce256000 r-xs 00000000 08:13 3195524                    /var/cache/fontconfig/e13b20fdb08344e0e664864cc2ede53d-x86-64.cache-2
7fecce256000-7fecce297000 r-xp 00000000 08:13 3163194                    /usr/lib/jvm/java-6-sun-1.6.0.13/jre/lib/amd64/xawt/libmawt.so
7fecce297000-7fecce396000 ---p 00041000 08:13 3163194                    /usr/lib/jvm/java-6-sun-1.6.0.13/jre/lib/amd64/xawt/libmawt.so
7fecce396000-7fecce3a2000 rwxp 00040000 08:13 3163194                    /usr/lib/jvm/java-6-sun-1.6.0.13/jre/lib/amd64/xawt/libmawt.so
7fecce3a2000-7fecce3a3000 rwxp 7fecce3a2000 00:00 0 
7fecce3a3000-7fecce435000 r-xp 00000000 08:13 3163239                    /usr/lib/jvm/java-6-sun-1.6.0.13/jre/lib/amd64/libawt.so
7fecce435000-7fecce534000 ---p 00092000 08:13 3163239                    /usr/lib/jvm/java-6-sun-1.6.0.13/jre/lib/amd64/libawt.so
7fecce534000-7fecce54d000 rwxp 00091000 08:13 3163239                    /usr/lib/jvm/java-6-sun-1.6.0.13/jre/lib/amd64/libawt.so
7fecce54d000-7fecce572000 rwxp 7fecce54d000 00:00 0 
7fecce572000-7fecce57a000 r-xs 0004b000 08:11 162661                     /home/epsilon/文档/4_java/javaTools/commons-math-1.2/commons-math-1.2.jar
7fecce57a000-7fecce57b000 ---p 7fecce57a000 00:00 0 
7fecce57b000-7fecce67b000 rwxp 7fecce57b000 00:00 0 
7fecce67b000-7fecce67e000 ---p 7fecce67b000 00:00 0 
7fecce67e000-7fecce77c000 rwxp 7fecce67e000 00:00 0 
7fecce77c000-7fecce77f000 ---p 7fecce77c000 00:00 0 
7fecce77f000-7fecce87d000 rwxp 7fecce77f000 00:00 0 
7fecce87d000-7fecce880000 ---p 7fecce87d000 00:00 0 
7fecce880000-7fecce97e000 rwxp 7fecce880000 00:00 0 
7fecce97e000-7fecce981000 ---p 7fecce97e000 00:00 0 
7fecce981000-7feccea7f000 rwxp 7fecce981000 00:00 0 
7feccea7f000-7fecceabe000 r-xp 00000000 08:13 2827839                    /usr/lib/locale/zh_CN.utf8/LC_CTYPE
7fecceabe000-7fecceac1000 ---p 7fecceabe000 00:00 0 
7fecceac1000-7feccebbf000 rwxp 7fecceac1000 00:00 0 
7feccebbf000-7feccebc2000 ---p 7feccebbf000 00:00 0 
7feccebc2000-7feccecc0000 rwxp 7feccebc2000 00:00 0 
7feccecc0000-7feccecc1000 ---p 7feccecc0000 00:00 0 
7feccecc1000-7feccee36000 rwxp 7feccecc1000 00:00 0 
7feccee36000-7feccefc8000 r-xs 02f34000 08:13 2942580                    /usr/lib/jvm/java-6-sun-1.6.0.13/jre/lib/rt.jar
7feccefc8000-7fecceff0000 rwxp 7feccefc8000 00:00 0 
7fecceff0000-7fecceff1000 ---p 7fecceff0000 00:00 0 
7fecceff1000-7feccf0f1000 rwxp 7fecceff1000 00:00 0 
7feccf0f1000-7feccf0f2000 ---p 7feccf0f1000 00:00 0 
7feccf0f2000-7feccf1fd000 rwxp 7feccf0f2000 00:00 0 
7feccf1fd000-7feccf21c000 rwxp 7feccf1fd000 00:00 0 
7feccf21c000-7feccf23a000 rwxp 7feccf21c000 00:00 0 
7feccf23a000-7feccf3f3000 rwxp 7feccf23a000 00:00 0 
7feccf3f3000-7feccf3fe000 rwxp 7feccf3f3000 00:00 0 
7feccf3fe000-7feccf41d000 rwxp 7feccf3fe000 00:00 0 
7feccf41d000-7feccf43b000 rwxp 7feccf41d000 00:00 0 
7feccf43b000-7feccf5f3000 rwxp 7feccf43b000 00:00 0 
7feccf5f3000-7feccf603000 rwxp 7feccf5f3000 00:00 0 
7feccf603000-7feccf6df000 rwxp 7feccf603000 00:00 0 
7feccf6df000-7fecd0ba0000 rwxp 7feccf6df000 00:00 0 
7fecd0ba0000-7fecd4ae0000 rwxp 7fecd0ba0000 00:00 0 
7fecd4ae0000-7fecd85c0000 rwxp 7fecd4ae0000 00:00 0 
7fecd85c0000-7fed0f840000 rwxp 7fecd85c0000 00:00 0 
7fed0f840000-7fed115a0000 rwxp 7fed0f840000 00:00 0 
7fed115a0000-7fed2cee0000 rwxp 7fed115a0000 00:00 0 
7fed2cee0000-7fed2cee7000 r-xs 00059000 08:11 1172178                    /home/epsilon/文档/4_java/javaTools/apache-log4j-1.2.15/log4j-1.2.15.jar
7fed2cee7000-7fed2d157000 rwxp 7fed2cee7000 00:00 0 
7fed2d157000-7fed2fee7000 rwxp 7fed2d157000 00:00 0 
7fed2fee7000-7fed2fef5000 r-xp 00000000 08:13 3163206                    /usr/lib/jvm/java-6-sun-1.6.0.13/jre/lib/amd64/libzip.so
7fed2fef5000-7fed2fff7000 ---p 0000e000 08:13 3163206                    /usr/lib/jvm/java-6-sun-1.6.0.13/jre/lib/amd64/libzip.so
7fed2fff7000-7fed2fffa000 rwxp 00010000 08:13 3163206                    /usr/lib/jvm/java-6-sun-1.6.0.13/jre/lib/amd64/libzip.so
7fed2fffa000-7fed2fffb000 rwxp 7fed2fffa000 00:00 0 
7fed2fffb000-7fed30024000 r-xp 00000000 08:13 3163219                    /usr/lib/jvm/java-6-sun-1.6.0.13/jre/lib/amd64/libjava.so
7fed30024000-7fed30123000 ---p 00029000 08:13 3163219                    /usr/lib/jvm/java-6-sun-1.6.0.13/jre/lib/amd64/libjava.so
7fed30123000-7fed3012a000 rwxp 00028000 08:13 3163219                    /usr/lib/jvm/java-6-sun-1.6.0.13/jre/lib/amd64/libjava.so
7fed3012a000-7fed30137000 r-xp 00000000 08:13 3163201                    /usr/lib/jvm/java-6-sun-1.6.0.13/jre/lib/amd64/libverify.so
7fed30137000-7fed30236000 ---p 0000d000 08:13 3163201                    /usr/lib/jvm/java-6-sun-1.6.0.13/jre/lib/amd64/libverify.so
7fed30236000-7fed30239000 rwxp 0000c000 08:13 3163201                    /usr/lib/jvm/java-6-sun-1.6.0.13/jre/lib/amd64/libverify.so
7fed30239000-7fed30245000 r-xp 00000000 08:13 213021                     /lib/libnss_files-2.9.so
7fed30245000-7fed30444000 ---p 0000c000 08:13 213021                     /lib/libnss_files-2.9.so
7fed30444000-7fed30445000 r-xp 0000b000 08:13 213021                     /lib/libnss_files-2.9.so
7fed30445000-7fed30446000 rwxp 0000c000 08:13 213021                     /lib/libnss_files-2.9.so
7fed30446000-7fed30450000 r-xp 00000000 08:13 213023                     /lib/libnss_nis-2.9.so
7fed30450000-7fed3064f000 ---p 0000a000 08:13 213023                     /lib/libnss_nis-2.9.so
7fed3064f000-7fed30650000 r-xp 00009000 08:13 213023                     /lib/libnss_nis-2.9.so
7fed30650000-7fed30651000 rwxp 0000a000 08:13 213023                     /lib/libnss_nis-2.9.so
7fed30651000-7fed30659000 r-xp 00000000 08:13 213019                     /lib/libnss_compat-2.9.so
7fed30659000-7fed30858000 ---p 00008000 08:13 213019                     /lib/libnss_compat-2.9.so
7fed30858000-7fed30859000 r-xp 00007000 08:13 213019                     /lib/libnss_compat-2.9.so
7fed30859000-7fed3085a000 rwxp 00008000 08:13 213019                     /lib/libnss_compat-2.9.so
7fed3085a000-7fed30870000 r-xp 00000000 08:13 213018                     /lib/libnsl-2.9.so
7fed30870000-7fed30a70000 ---p 00016000 08:13 213018                     /lib/libnsl-2.9.so
7fed30a70000-7fed30a71000 r-xp 00016000 08:13 213018                     /lib/libnsl-2.9.so
7fed30a71000-7fed30a72000 rwxp 00017000 08:13 213018                     /lib/libnsl-2.9.so
7fed30a72000-7fed30a74000 rwxp 7fed30a72000 00:00 0 
7fed30a74000-7fed30a7b000 r-xp 00000000 08:13 3163208                    /usr/lib/jvm/java-6-sun-1.6.0.13/jre/lib/amd64/native_threads/libhpi.so
7fed30a7b000-7fed30b7c000 ---p 00007000 08:13 3163208                    /usr/lib/jvm/java-6-sun-1.6.0.13/jre/lib/amd64/native_threads/libhpi.so
7fed30b7c000-7fed30b7e000 rwxp 00008000 08:13 3163208                    /usr/lib/jvm/java-6-sun-1.6.0.13/jre/lib/amd64/native_threads/libhpi.so
7fed30b7e000-7fed30b7f000 rwxp 7fed30b7e000 00:00 0 
7fed30b7f000-7fed30b86000 r-xp 00000000 08:13 213028                     /lib/librt-2.9.so
7fed30b86000-7fed30d85000 ---p 00007000 08:13 213028                     /lib/librt-2.9.so
7fed30d85000-7fed30d86000 r-xp 00006000 08:13 213028                     /lib/librt-2.9.so
7fed30d86000-7fed30d87000 rwxp 00007000 08:13 213028                     /lib/librt-2.9.so
7fed30d87000-7fed30d8a000 ---p 7fed30d87000 00:00 0 
7fed30d8a000-7fed30e88000 rwxp 7fed30d8a000 00:00 0 
7fed30e88000-7fed30f0c000 r-xp 00000000 08:13 213016                     /lib/libm-2.9.so
7fed30f0c000-7fed3110b000 ---p 00084000 08:13 213016                     /lib/libm-2.9.so
7fed3110b000-7fed3110c000 r-xp 00083000 08:13 213016                     /lib/libm-2.9.so
7fed3110c000-7fed3110d000 rwxp 00084000 08:13 213016                     /lib/libm-2.9.so
7fed3110d000-7fed3179a000 r-xp 00000000 08:13 3163226                    /usr/lib/jvm/java-6-sun-1.6.0.13/jre/lib/amd64/server/libjvm.so
7fed3179a000-7fed31899000 ---p 0068d000 08:13 3163226                    /usr/lib/jvm/java-6-sun-1.6.0.13/jre/lib/amd64/server/libjvm.so
7fed31899000-7fed319ea000 rwxp 0068c000 08:13 3163226                    /usr/lib/jvm/java-6-sun-1.6.0.13/jre/lib/amd64/server/libjvm.so
7fed319ea000-7fed31a27000 rwxp 7fed319ea000 00:00 0 
7fed31a27000-7fed31b8f000 r-xp 00000000 08:13 213012                     /lib/libc-2.9.so
7fed31b8f000-7fed31d8f000 ---p 00168000 08:13 213012                     /lib/libc-2.9.so
7fed31d8f000-7fed31d93000 r-xp 00168000 08:13 213012                     /lib/libc-2.9.so
7fed31d93000-7fed31d94000 rwxp 0016c000 08:13 213012                     /lib/libc-2.9.so
7fed31d94000-7fed31d99000 rwxp 7fed31d94000 00:00 0 
7fed31d99000-7fed31d9b000 r-xp 00000000 08:13 213015                     /lib/libdl-2.9.so
7fed31d9b000-7fed31f9b000 ---p 00002000 08:13 213015                     /lib/libdl-2.9.so
7fed31f9b000-7fed31f9c000 r-xp 00002000 08:13 213015                     /lib/libdl-2.9.so
7fed31f9c000-7fed31f9d000 rwxp 00003000 08:13 213015                     /lib/libdl-2.9.so
7fed31f9d000-7fed31fb4000 r-xp 00000000 08:13 213026                     /lib/libpthread-2.9.so
7fed31fb4000-7fed321b3000 ---p 00017000 08:13 213026                     /lib/libpthread-2.9.so
7fed321b3000-7fed321b4000 r-xp 00016000 08:13 213026                     /lib/libpthread-2.9.so
7fed321b4000-7fed321b5000 rwxp 00017000 08:13 213026                     /lib/libpthread-2.9.so
7fed321b5000-7fed321b9000 rwxp 7fed321b5000 00:00 0 
7fed321b9000-7fed321d9000 r-xp 00000000 08:13 213006                     /lib/ld-2.9.so
7fed321df000-7fed321ed000 r-xs 000ba000 08:11 422677                     /home/epsilon/文档/4_java/javaTools/mtj.jar
7fed321ed000-7fed321f7000 rwxp 7fed321ed000 00:00 0 
7fed321f7000-7fed322ad000 rwxp 7fed321f7000 00:00 0 
7fed322ad000-7fed322af000 rwxp 7fed322ad000 00:00 0 
7fed322af000-7fed322b6000 r-xp 00000000 08:13 3163192                    /usr/lib/jvm/java-6-sun-1.6.0.13/jre/lib/amd64/jli/libjli.so
7fed322b6000-7fed323b7000 ---p 00007000 08:13 3163192                    /usr/lib/jvm/java-6-sun-1.6.0.13/jre/lib/amd64/jli/libjli.so
7fed323b7000-7fed323b9000 rwxp 00008000 08:13 3163192                    /usr/lib/jvm/java-6-sun-1.6.0.13/jre/lib/amd64/jli/libjli.so
7fed323b9000-7fed323ba000 rwxp 7fed323b9000 00:00 0 
7fed323ba000-7fed323bd000 r-xs 000cb000 08:13 3162696                    /usr/lib/jvm/java-6-sun-1.6.0.13/jre/lib/ext/localedata.jar
7fed323bd000-7fed323c0000 r-xs 00000000 08:13 3196574                    /var/cache/fontconfig/7ef2298fde41cc6eeb7af42e48b7d293-x86-64.cache-2
7fed323c0000-7fed323c4000 r-xs 00042000 08:11 181746                     /home/epsilon/NetBeansProjects/EpsilonUtils/trunk/dist/EpsilonYUtil.jar
7fed323c4000-7fed323cb000 r-xs 00000000 08:13 2803699                    /usr/lib/gconv/gconv-modules.cache
7fed323cb000-7fed323d3000 rwxs 00000000 08:13 376943                     /tmp/hsperfdata_epsilon/1934
7fed323d3000-7fed323d4000 rwxp 7fed323d3000 00:00 0 
7fed323d4000-7fed323d5000 r-xp 7fed323d4000 00:00 0 
7fed323d5000-7fed323d8000 rwxp 7fed323d5000 00:00 0 
7fed323d8000-7fed323d9000 r-xp 0001f000 08:13 213006                     /lib/ld-2.9.so
7fed323d9000-7fed323da000 rwxp 00020000 08:13 213006                     /lib/ld-2.9.so
7fff3a3c4000-7fff3a3d9000 rwxp 7ffffffea000 00:00 0                      [stack]
7fff3a3e2000-7fff3a3e3000 r-xp 7fff3a3e2000 00:00 0                      [vdso]
ffffffffff600000-ffffffffff601000 r-xp 00000000 00:00 0                  [vsyscall]

VM Arguments:
jvm_args: -Dawt.useSystemAAFontSettings=on 
java_command: net.epsilony.simpmeshfree.model.ModelTestFrame
Launcher Type: SUN_STANDARD

Environment Variables:
_JAVA_OPTIONS=-Dawt.useSystemAAFontSettings=on
PATH=/usr/local/sbin:/usr/local/bin:/usr/sbin:/usr/bin:/sbin:/bin:/usr/games
USERNAME=epsilon
LD_LIBRARY_PATH=/usr/lib/jvm/java-6-sun-1.6.0.13/jre/lib/amd64/server:/usr/lib/jvm/java-6-sun-1.6.0.13/jre/lib/amd64:/usr/lib/jvm/java-6-sun-1.6.0.13/jre/../lib/amd64
SHELL=/bin/bash
DISPLAY=:0.0

Signal Handlers:
SIGSEGV: [libjvm.so+0x5fcd20], sa_mask[0]=0x7ffbfeff, sa_flags=0x10000004
SIGBUS: [libjvm.so+0x5fcd20], sa_mask[0]=0x7ffbfeff, sa_flags=0x10000004
SIGFPE: [libjvm.so+0x4e0eb0], sa_mask[0]=0x7ffbfeff, sa_flags=0x10000004
SIGPIPE: [libjvm.so+0x4e0eb0], sa_mask[0]=0x7ffbfeff, sa_flags=0x10000004
SIGXFSZ: [libjvm.so+0x4e0eb0], sa_mask[0]=0x7ffbfeff, sa_flags=0x10000004
SIGILL: [libjvm.so+0x4e0eb0], sa_mask[0]=0x7ffbfeff, sa_flags=0x10000004
SIGUSR1: SIG_DFL, sa_mask[0]=0x00000000, sa_flags=0x00000000
SIGUSR2: [libjvm.so+0x4e35d0], sa_mask[0]=0x00000004, sa_flags=0x10000004
SIGHUP: [libjvm.so+0x4e3320], sa_mask[0]=0x7ffbfeff, sa_flags=0x10000004
SIGINT: SIG_IGN, sa_mask[0]=0x00000000, sa_flags=0x00000000
SIGTERM: [libjvm.so+0x4e3320], sa_mask[0]=0x7ffbfeff, sa_flags=0x10000004
SIGQUIT: [libjvm.so+0x4e3320], sa_mask[0]=0x7ffbfeff, sa_flags=0x10000004


---------------  S Y S T E M  ---------------

OS:5.0

uname:Linux 2.6.28-12-generic #43-Ubuntu SMP Fri May 1 19:31:32 UTC 2009 x86_64
libc:glibc 2.9 NPTL 2.9 
rlimit: STACK 8192k, CORE 0k, NPROC infinity, NOFILE 1024, AS infinity
load average:0.92 0.33 0.22

CPU:total 2 (2 cores per cpu, 1 threads per core) family 16 model 2 stepping 3, cmov, cx8, fxsr, mmx, sse, sse2, sse3, mmxext, 3dnow, 3dnowext, sse4a

Memory: 4k page, physical 5780180k(2892516k free), swap 3903752k(3851972k free)

vm_info: Java HotSpot(TM) 64-Bit Server VM (11.3-b02) for linux-amd64 JRE (1.6.0_13-b03), built on Mar  9 2009 11:08:22 by "java_re" with gcc 3.2.2 (SuSE Linux)

time: Mon May 18 17:45:21 2009
elapsed time: 0 seconds

