#
# An unexpected error has been detected by Java Runtime Environment:
#
#  SIGSEGV (0xb) at pc=0x00007fe66de0911b, pid=2597, tid=140625964284240
#
# Java VM: Java HotSpot(TM) 64-Bit Server VM (11.3-b02 mixed mode linux-amd64)
# Problematic frame:
# C  [libc.so.6+0x8411b]  memcpy+0x15b
#
# If you would like to submit a bug report, please visit:
#   http://java.sun.com/webapps/bugreport/crash.jsp
#

---------------  T H R E A D  ---------------

Current thread (0x00007fe604002000):  JavaThread "AWT-EventQueue-0" [_thread_in_vm, id=2612, stack(0x00007fe60895b000,0x00007fe608a5c000)]

siginfo:si_signo=SIGSEGV: si_errno=0, si_code=2 (SEGV_ACCERR), si_addr=0x00007fe6040db000

Registers:
RAX=0x00007fe64c403f20, RBX=0x00007fe60ba412a0, RCX=0x00000000000000e4, RDX=0x0000000000004540
RSP=0x00007fe608a5a538, RBP=0x00007fe608a5a5c0, RSI=0x00007fe6040db000, RDI=0x00007fe64c407d40
R8 =0x0000000000000ffc, R9 =0x00007fe66dc555b8, R10=0x00007fe66dc59028, R11=0x0000000000004540
R12=0x0000000000004540, R13=0x0000000000000000, R14=0x0000000041da8530, R15=0x00007fe608a5a550
RIP=0x00007fe66de0911b, EFL=0x0000000000010212, CSGSFS=0x0000000000000033, ERR=0x0000000000000004
  TRAPNO=0x000000000000000e

Top of Stack: (sp=0x00007fe608a5a538)
0x00007fe608a5a538:   00007fe66d7b1600 00007fe6040021c0
0x00007fe608a5a548:   00007fe6040d71e0 00007fe604002000
0x00007fe608a5a558:   0000000000000000 00007fe604002000
0x00007fe608a5a568:   0000000000000000 00007fe604002000
0x00007fe608a5a578:   00007fe608a5a6b8 00007fe604002000
0x00007fe608a5a588:   00007fe66ddff276 00007fe604002000
0x00007fe608a5a598:   0000000041da8530 00007fe6040129e0
0x00007fe608a5a5a8:   00007fe60402b460 00007fe608a5a6b8
0x00007fe608a5a5b8:   0000000041da84d0 00007fe6040021c0
0x00007fe608a5a5c8:   00007fe608538486 00007fe60402b3b0
0x00007fe608a5a5d8:   0000000041da84d8 0000000041da84e0
0x00007fe608a5a5e8:   0000000041da84e8 0000000041da84f0
0x00007fe608a5a5f8:   0000000041da84f8 0000000041da8500
0x00007fe608a5a608:   00007fe604002420 0101010101002000
0x00007fe608a5a618:   00007fe60c43ed38 00007fe608a5a698
0x00007fe608a5a628:   0000000000000101 00007fe60c43ed38
0x00007fe608a5a638:   00007fe608a5a6b8 00007fe604002000
0x00007fe608a5a648:   00007fe669253852 00007fe604002000
0x00007fe608a5a658:   00007fe608a5a658 00007fe60c43ed38
0x00007fe608a5a668:   00007fe608a5a6b8 00007fe60c43f770
0x00007fe608a5a678:   0000000000000000 00007fe60c43ed38
0x00007fe608a5a688:   0000000000000000 00007fe608a5a6b8
0x00007fe608a5a698:   00007fe608a5a700 00007fe669248322
0x00007fe608a5a6a8:   0000000000000000 00007fe669250358
0x00007fe608a5a6b8:   00007fe64c3cc590 00007fe608a5a6c0
0x00007fe608a5a6c8:   00007fe60c43d815 00007fe608a5a748
0x00007fe608a5a6d8:   00007fe60c43f770 0000000000000000
0x00007fe608a5a6e8:   00007fe60c43d8a0 00007fe608a5a6b8
0x00007fe608a5a6f8:   00007fe608a5a738 00007fe608a5a790
0x00007fe608a5a708:   00007fe669248322 00007fe64c3fc6b8
0x00007fe608a5a718:   00007fe64c3fcaa8 0000000000000002
0x00007fe608a5a728:   00007fe64c3fca70 00007fe64c3fb5b8 

Instructions: (pc=0x00007fe66de0911b)
0x00007fe66de0910b:   0f 47 da 4c 89 d9 49 83 e3 f8 48 c1 e9 03 74 05
0x00007fe66de0911b:   f3 48 a5 66 90 4c 29 da 48 f7 c2 f8 ff ff ff 75 

Stack: [0x00007fe60895b000,0x00007fe608a5c000],  sp=0x00007fe608a5a538,  free space=1021k
Native frames: (J=compiled Java code, j=interpreted, Vv=VM code, C=native code)
C  [libc.so.6+0x8411b]  memcpy+0x15b

Java frames: (J=compiled Java code, j=interpreted, Vv=VM code)
j  net.epsilony.simpmeshfree.model.geometry.TriangleJni.triangleFun()V+0
j  net.epsilony.simpmeshfree.model.geometry.TriangleJni.complie(Lnet/epsilony/simpmeshfree/model/geometry/GeometryModel;Ljava/lang/String;)V+141
j  net.epsilony.simpmeshfree.model.mechanics.MechanicsModel.generateNodesByTriangle(DDLjava/lang/String;ZZ)V+110
j  net.epsilony.simpmeshfree.model.ModelTestFrame.<init>()V+659
j  net.epsilony.simpmeshfree.model.ModelTestFrame$1.run()V+4
j  java.awt.event.InvocationEvent.dispatch()V+47
j  java.awt.EventQueue.dispatchEvent(Ljava/awt/AWTEvent;)V+26
j  java.awt.EventDispatchThread.pumpOneEventForFilters(I)Z+204
j  java.awt.EventDispatchThread.pumpEventsForFilter(ILjava/awt/Conditional;Ljava/awt/EventFilter;)V+30
j  java.awt.EventDispatchThread.pumpEventsForHierarchy(ILjava/awt/Conditional;Ljava/awt/Component;)V+11
j  java.awt.EventDispatchThread.pumpEvents(ILjava/awt/Conditional;)V+4
j  java.awt.EventDispatchThread.pumpEvents(Ljava/awt/Conditional;)V+3
j  java.awt.EventDispatchThread.run()V+9
v  ~StubRoutines::call_stub

---------------  P R O C E S S  ---------------

Java Threads: ( => current thread )
  0x00007fe60400b000 JavaThread "Thread-3" [_thread_blocked, id=2614, stack(0x00007fe608759000,0x00007fe60885a000)]
  0x00007fe60400a400 JavaThread "Thread-2" [_thread_blocked, id=2613, stack(0x00007fe60885a000,0x00007fe60895b000)]
  0x00007fe604003400 JavaThread "DestroyJavaVM" [_thread_blocked, id=2598, stack(0x00007fe66d0e5000,0x00007fe66d1e6000)]
=>0x00007fe604002000 JavaThread "AWT-EventQueue-0" [_thread_in_vm, id=2612, stack(0x00007fe60895b000,0x00007fe608a5c000)]
  0x00007fe604000c00 JavaThread "AWT-Shutdown" [_thread_blocked, id=2611, stack(0x00007fe608b6a000,0x00007fe608c6b000)]
  0x0000000041eac400 JavaThread "AWT-XAWT" daemon [_thread_in_native, id=2610, stack(0x00007fe608c6b000,0x00007fe608d6c000)]
  0x0000000041d82800 JavaThread "Java2D Disposer" daemon [_thread_blocked, id=2609, stack(0x00007fe6093a0000,0x00007fe6094a1000)]
  0x0000000041b53800 JavaThread "Low Memory Detector" daemon [_thread_blocked, id=2607, stack(0x00007fe60a9db000,0x00007fe60aadc000)]
  0x0000000041b51000 JavaThread "CompilerThread1" daemon [_thread_in_native, id=2606, stack(0x00007fe60aadc000,0x00007fe60abdd000)]
  0x0000000041b4d000 JavaThread "CompilerThread0" daemon [_thread_blocked, id=2605, stack(0x00007fe60abdd000,0x00007fe60acde000)]
  0x0000000041b4b000 JavaThread "Signal Dispatcher" daemon [_thread_blocked, id=2604, stack(0x00007fe60acde000,0x00007fe60addf000)]
  0x0000000041b29c00 JavaThread "Finalizer" daemon [_thread_blocked, id=2603, stack(0x00007fe60ae1e000,0x00007fe60af1f000)]
  0x0000000041b22800 JavaThread "Reference Handler" daemon [_thread_blocked, id=2602, stack(0x00007fe60af1f000,0x00007fe60b020000)]

Other Threads:
  0x0000000041b1d000 VMThread [stack: 0x00007fe60b020000,0x00007fe60b121000] [id=2601]
  0x0000000041b55c00 WatcherThread [stack: 0x00007fe60a8da000,0x00007fe60a9db000] [id=2608]

VM state:not at safepoint (normal execution)

VM Mutex/Monitor currently owned by a thread: None

Heap
 PSYoungGen      total 26368K, used 19327K [0x00007fe64bba0000, 0x00007fe64d900000, 0x00007fe669240000)
  eden space 22656K, 85% used [0x00007fe64bba0000,0x00007fe64ce7fc58,0x00007fe64d1c0000)
  from space 3712K, 0% used [0x00007fe64d560000,0x00007fe64d560000,0x00007fe64d900000)
  to   space 3712K, 0% used [0x00007fe64d1c0000,0x00007fe64d1c0000,0x00007fe64d560000)
 PSOldGen        total 60288K, used 0K [0x00007fe610e40000, 0x00007fe614920000, 0x00007fe64bba0000)
  object space 60288K, 0% used [0x00007fe610e40000,0x00007fe610e40000,0x00007fe614920000)
 PSPermGen       total 21248K, used 10262K [0x00007fe60ba40000, 0x00007fe60cf00000, 0x00007fe610e40000)
  object space 21248K, 48% used [0x00007fe60ba40000,0x00007fe60c445a50,0x00007fe60cf00000)

Dynamic libraries:
40000000-40009000 r-xp 00000000 08:13 3163089                            /usr/lib/jvm/java-6-sun-1.6.0.13/jre/bin/java
40108000-4010a000 rwxp 00008000 08:13 3163089                            /usr/lib/jvm/java-6-sun-1.6.0.13/jre/bin/java
41a94000-42bf1000 rwxp 41a94000 00:00 0                                  [heap]
7fe604000000-7fe6040db000 rwxp 7fe604000000 00:00 0 
7fe6040db000-7fe608000000 ---p 7fe6040db000 00:00 0 
7fe60800f000-7fe608025000 r-xp 00000000 08:13 213005                     /lib/libgcc_s.so.1
7fe608025000-7fe608225000 ---p 00016000 08:13 213005                     /lib/libgcc_s.so.1
7fe608225000-7fe608226000 r-xp 00016000 08:13 213005                     /lib/libgcc_s.so.1
7fe608226000-7fe608227000 rwxp 00017000 08:13 213005                     /lib/libgcc_s.so.1
7fe608227000-7fe608318000 r-xp 00000000 08:13 2802601                    /usr/lib/libstdc++.so.6.0.10
7fe608318000-7fe608518000 ---p 000f1000 08:13 2802601                    /usr/lib/libstdc++.so.6.0.10
7fe608518000-7fe60851f000 r-xp 000f1000 08:13 2802601                    /usr/lib/libstdc++.so.6.0.10
7fe60851f000-7fe608521000 rwxp 000f8000 08:13 2802601                    /usr/lib/libstdc++.so.6.0.10
7fe608521000-7fe608534000 rwxp 7fe608521000 00:00 0 
7fe608534000-7fe608558000 r-xp 00000000 08:13 1942103                    /usr/lib/TriangleJniAmd64.so
7fe608558000-7fe608757000 ---p 00024000 08:13 1942103                    /usr/lib/TriangleJniAmd64.so
7fe608757000-7fe608758000 r-xp 00023000 08:13 1942103                    /usr/lib/TriangleJniAmd64.so
7fe608758000-7fe608759000 rwxp 00024000 08:13 1942103                    /usr/lib/TriangleJniAmd64.so
7fe608759000-7fe60875c000 ---p 7fe608759000 00:00 0 
7fe60875c000-7fe60885a000 rwxp 7fe60875c000 00:00 0 
7fe60885a000-7fe60885d000 ---p 7fe60885a000 00:00 0 
7fe60885d000-7fe60895b000 rwxp 7fe60885d000 00:00 0 
7fe60895b000-7fe60895e000 ---p 7fe60895b000 00:00 0 
7fe60895e000-7fe608a5c000 rwxp 7fe60895e000 00:00 0 
7fe608a5c000-7fe608a65000 r-xs 00000000 08:13 3197464                    /var/cache/fontconfig/945677eb7aeaf62f1d50efc3fb3ec7d8-x86-64.cache-2
7fe608a65000-7fe608a67000 r-xs 00000000 08:13 3197468                    /var/cache/fontconfig/99e8ed0e538f840c565b6ed5dad60d56-x86-64.cache-2
7fe608a67000-7fe608a6a000 r-xs 00000000 08:13 3197466                    /var/cache/fontconfig/e383d7ea5fbe662a33d9b44caf393297-x86-64.cache-2
7fe608a6a000-7fe608a6e000 r-xs 00000000 08:13 3197459                    /var/cache/fontconfig/6eb3985aa4124903f6ff08ba781cd364-x86-64.cache-2
7fe608a6e000-7fe608a6f000 r-xs 00000000 08:13 3197445                    /var/cache/fontconfig/4c73fe0c47614734b17d736dbde7580a-x86-64.cache-2
7fe608a6f000-7fe608a73000 r-xs 00000000 08:13 3196573                    /var/cache/fontconfig/a755afe4a08bf5b97852ceb7400b47bc-x86-64.cache-2
7fe608a73000-7fe608a7c000 r-xs 00000000 08:13 3197440                    /var/cache/fontconfig/6d41288fd70b0be22e8c3a91e032eec0-x86-64.cache-2
7fe608a7c000-7fe608a7f000 r-xs 00000000 08:13 3197439                    /var/cache/fontconfig/de156ccd2eddbdc19d37a45b8b2aac9c-x86-64.cache-2
7fe608a7f000-7fe608a8a000 r-xs 00000000 08:13 3197435                    /var/cache/fontconfig/e3de0de479f42330eadf588a55fb5bf4-x86-64.cache-2
7fe608a8a000-7fe608a99000 r-xs 00000000 08:13 3197434                    /var/cache/fontconfig/0f34bcd4b6ee430af32735b75db7f02b-x86-64.cache-2
7fe608a99000-7fe608a9c000 r-xs 00000000 08:13 3197433                    /var/cache/fontconfig/ddd4086aec35a5275babba44bb759c3c-x86-64.cache-2
7fe608a9c000-7fe608a9d000 r-xs 00000000 08:13 3197424                    /var/cache/fontconfig/4794a0821666d79190d59a36cb4f44b5-x86-64.cache-2
7fe608a9d000-7fe608aa6000 r-xs 00000000 08:13 3197417                    /var/cache/fontconfig/d52a8644073d54c13679302ca1180695-x86-64.cache-2
7fe608b6a000-7fe608b6d000 ---p 7fe608b6a000 00:00 0 
7fe608b6d000-7fe608c6b000 rwxp 7fe608b6d000 00:00 0 
7fe608c6b000-7fe608c6e000 ---p 7fe608c6b000 00:00 0 
7fe608c6e000-7fe608d6c000 rwxp 7fe608c6e000 00:00 0 
7fe608d6c000-7fe608d71000 r-xp 00000000 08:13 2805390                    /usr/lib/libXfixes.so.3.1.0
7fe608d71000-7fe608f70000 ---p 00005000 08:13 2805390                    /usr/lib/libXfixes.so.3.1.0
7fe608f70000-7fe608f71000 rwxp 00004000 08:13 2805390                    /usr/lib/libXfixes.so.3.1.0
7fe608f71000-7fe608f7a000 r-xp 00000000 08:13 2805803                    /usr/lib/libXrender.so.1.3.0
7fe608f7a000-7fe609179000 ---p 00009000 08:13 2805803                    /usr/lib/libXrender.so.1.3.0
7fe609179000-7fe60917a000 r-xp 00008000 08:13 2805803                    /usr/lib/libXrender.so.1.3.0
7fe60917a000-7fe60917b000 rwxp 00009000 08:13 2805803                    /usr/lib/libXrender.so.1.3.0
7fe60917b000-7fe609184000 r-xp 00000000 08:13 2805843                    /usr/lib/libXcursor.so.1.0.2
7fe609184000-7fe609384000 ---p 00009000 08:13 2805843                    /usr/lib/libXcursor.so.1.0.2
7fe609384000-7fe609385000 rwxp 00009000 08:13 2805843                    /usr/lib/libXcursor.so.1.0.2
7fe6093a0000-7fe6093a3000 ---p 7fe6093a0000 00:00 0 
7fe6093a3000-7fe6094a1000 rwxp 7fe6093a3000 00:00 0 
7fe6094a1000-7fe60951f000 r-xp 00000000 08:13 3163204                    /usr/lib/jvm/java-6-sun-1.6.0.13/jre/lib/amd64/libfontmanager.so
7fe60951f000-7fe60961e000 ---p 0007e000 08:13 3163204                    /usr/lib/jvm/java-6-sun-1.6.0.13/jre/lib/amd64/libfontmanager.so
7fe60961e000-7fe609634000 rwxp 0007d000 08:13 3163204                    /usr/lib/jvm/java-6-sun-1.6.0.13/jre/lib/amd64/libfontmanager.so
7fe609634000-7fe609645000 rwxp 7fe609634000 00:00 0 
7fe609645000-7fe60964a000 r-xp 00000000 08:13 2805384                    /usr/lib/libXdmcp.so.6.0.0
7fe60964a000-7fe609849000 ---p 00005000 08:13 2805384                    /usr/lib/libXdmcp.so.6.0.0
7fe609849000-7fe60984a000 rwxp 00004000 08:13 2805384                    /usr/lib/libXdmcp.so.6.0.0
7fe60984a000-7fe609865000 r-xp 00000000 08:13 2805386                    /usr/lib/libxcb.so.1.1.0
7fe609865000-7fe609a64000 ---p 0001b000 08:13 2805386                    /usr/lib/libxcb.so.1.1.0
7fe609a64000-7fe609a65000 r-xp 0001a000 08:13 2805386                    /usr/lib/libxcb.so.1.1.0
7fe609a65000-7fe609a66000 rwxp 0001b000 08:13 2805386                    /usr/lib/libxcb.so.1.1.0
7fe609a66000-7fe609a68000 r-xp 00000000 08:13 2805382                    /usr/lib/libXau.so.6.0.0
7fe609a68000-7fe609c67000 ---p 00002000 08:13 2805382                    /usr/lib/libXau.so.6.0.0
7fe609c67000-7fe609c68000 r-xp 00001000 08:13 2805382                    /usr/lib/libXau.so.6.0.0
7fe609c68000-7fe609c69000 rwxp 00002000 08:13 2805382                    /usr/lib/libXau.so.6.0.0
7fe609c69000-7fe609c72000 r-xp 00000000 08:13 2805586                    /usr/lib/libXi.so.6.0.0
7fe609c72000-7fe609e72000 ---p 00009000 08:13 2805586                    /usr/lib/libXi.so.6.0.0
7fe609e72000-7fe609e73000 r-xp 00009000 08:13 2805586                    /usr/lib/libXi.so.6.0.0
7fe609e73000-7fe609e74000 rwxp 0000a000 08:13 2805586                    /usr/lib/libXi.so.6.0.0
7fe609e74000-7fe609e79000 r-xp 00000000 08:13 2806834                    /usr/lib/libXtst.so.6.1.0
7fe609e79000-7fe60a079000 ---p 00005000 08:13 2806834                    /usr/lib/libXtst.so.6.1.0
7fe60a079000-7fe60a07a000 r-xp 00005000 08:13 2806834                    /usr/lib/libXtst.so.6.1.0
7fe60a07a000-7fe60a07b000 rwxp 00006000 08:13 2806834                    /usr/lib/libXtst.so.6.1.0
7fe60a07b000-7fe60a17d000 r-xp 00000000 08:13 2805388                    /usr/lib/libX11.so.6.2.0
7fe60a17d000-7fe60a37d000 ---p 00102000 08:13 2805388                    /usr/lib/libX11.so.6.2.0
7fe60a37d000-7fe60a37e000 r-xp 00102000 08:13 2805388                    /usr/lib/libX11.so.6.2.0
7fe60a37e000-7fe60a382000 rwxp 00103000 08:13 2805388                    /usr/lib/libX11.so.6.2.0
7fe60a382000-7fe60a393000 r-xp 00000000 08:13 2805394                    /usr/lib/libXext.so.6.4.0
7fe60a393000-7fe60a592000 ---p 00011000 08:13 2805394                    /usr/lib/libXext.so.6.4.0
7fe60a592000-7fe60a593000 r-xp 00010000 08:13 2805394                    /usr/lib/libXext.so.6.4.0
7fe60a593000-7fe60a594000 rwxp 00011000 08:13 2805394                    /usr/lib/libXext.so.6.4.0
7fe60a595000-7fe60a5a1000 r-xs 00000000 08:13 3197416                    /var/cache/fontconfig/089dead882dea3570ffc31a9898cfb69-x86-64.cache-2
7fe60a5a1000-7fe60a5a5000 r-xs 00000000 08:13 3197398                    /var/cache/fontconfig/cabbd14511b9e8a55e92af97fb3a0461-x86-64.cache-2
7fe60a5a5000-7fe60a5af000 r-xs 00000000 08:13 3195524                    /var/cache/fontconfig/e13b20fdb08344e0e664864cc2ede53d-x86-64.cache-2
7fe60a5af000-7fe60a5f0000 r-xp 00000000 08:13 3163194                    /usr/lib/jvm/java-6-sun-1.6.0.13/jre/lib/amd64/xawt/libmawt.so
7fe60a5f0000-7fe60a6ef000 ---p 00041000 08:13 3163194                    /usr/lib/jvm/java-6-sun-1.6.0.13/jre/lib/amd64/xawt/libmawt.so
7fe60a6ef000-7fe60a6fb000 rwxp 00040000 08:13 3163194                    /usr/lib/jvm/java-6-sun-1.6.0.13/jre/lib/amd64/xawt/libmawt.so
7fe60a6fb000-7fe60a6fc000 rwxp 7fe60a6fb000 00:00 0 
7fe60a6fc000-7fe60a78e000 r-xp 00000000 08:13 3163239                    /usr/lib/jvm/java-6-sun-1.6.0.13/jre/lib/amd64/libawt.so
7fe60a78e000-7fe60a88d000 ---p 00092000 08:13 3163239                    /usr/lib/jvm/java-6-sun-1.6.0.13/jre/lib/amd64/libawt.so
7fe60a88d000-7fe60a8a6000 rwxp 00091000 08:13 3163239                    /usr/lib/jvm/java-6-sun-1.6.0.13/jre/lib/amd64/libawt.so
7fe60a8a6000-7fe60a8cb000 rwxp 7fe60a8a6000 00:00 0 
7fe60a8cb000-7fe60a8d2000 r-xs 00059000 08:11 1172178                    /home/epsilon/文档/4_java/javaTools/apache-log4j-1.2.15/log4j-1.2.15.jar
7fe60a8d2000-7fe60a8da000 r-xs 0004b000 08:11 162661                     /home/epsilon/文档/4_java/javaTools/commons-math-1.2/commons-math-1.2.jar
7fe60a8da000-7fe60a8db000 ---p 7fe60a8da000 00:00 0 
7fe60a8db000-7fe60a9db000 rwxp 7fe60a8db000 00:00 0 
7fe60a9db000-7fe60a9de000 ---p 7fe60a9db000 00:00 0 
7fe60a9de000-7fe60aadc000 rwxp 7fe60a9de000 00:00 0 
7fe60aadc000-7fe60aadf000 ---p 7fe60aadc000 00:00 0 
7fe60aadf000-7fe60abdd000 rwxp 7fe60aadf000 00:00 0 
7fe60abdd000-7fe60abe0000 ---p 7fe60abdd000 00:00 0 
7fe60abe0000-7fe60acde000 rwxp 7fe60abe0000 00:00 0 
7fe60acde000-7fe60ace1000 ---p 7fe60acde000 00:00 0 
7fe60ace1000-7fe60addf000 rwxp 7fe60ace1000 00:00 0 
7fe60addf000-7fe60ae1e000 r-xp 00000000 08:13 2827839                    /usr/lib/locale/zh_CN.utf8/LC_CTYPE
7fe60ae1e000-7fe60ae21000 ---p 7fe60ae1e000 00:00 0 
7fe60ae21000-7fe60af1f000 rwxp 7fe60ae21000 00:00 0 
7fe60af1f000-7fe60af22000 ---p 7fe60af1f000 00:00 0 
7fe60af22000-7fe60b020000 rwxp 7fe60af22000 00:00 0 
7fe60b020000-7fe60b021000 ---p 7fe60b020000 00:00 0 
7fe60b021000-7fe60b196000 rwxp 7fe60b021000 00:00 0 
7fe60b196000-7fe60b328000 r-xs 02f34000 08:13 2942580                    /usr/lib/jvm/java-6-sun-1.6.0.13/jre/lib/rt.jar
7fe60b328000-7fe60b350000 rwxp 7fe60b328000 00:00 0 
7fe60b350000-7fe60b351000 ---p 7fe60b350000 00:00 0 
7fe60b351000-7fe60b451000 rwxp 7fe60b351000 00:00 0 
7fe60b451000-7fe60b452000 ---p 7fe60b451000 00:00 0 
7fe60b452000-7fe60b55d000 rwxp 7fe60b452000 00:00 0 
7fe60b55d000-7fe60b57c000 rwxp 7fe60b55d000 00:00 0 
7fe60b57c000-7fe60b59a000 rwxp 7fe60b57c000 00:00 0 
7fe60b59a000-7fe60b753000 rwxp 7fe60b59a000 00:00 0 
7fe60b753000-7fe60b75e000 rwxp 7fe60b753000 00:00 0 
7fe60b75e000-7fe60b77d000 rwxp 7fe60b75e000 00:00 0 
7fe60b77d000-7fe60b79b000 rwxp 7fe60b77d000 00:00 0 
7fe60b79b000-7fe60b953000 rwxp 7fe60b79b000 00:00 0 
7fe60b953000-7fe60b963000 rwxp 7fe60b953000 00:00 0 
7fe60b963000-7fe60ba3f000 rwxp 7fe60b963000 00:00 0 
7fe60ba3f000-7fe60cf00000 rwxp 7fe60ba3f000 00:00 0 
7fe60cf00000-7fe610e40000 rwxp 7fe60cf00000 00:00 0 
7fe610e40000-7fe614920000 rwxp 7fe610e40000 00:00 0 
7fe614920000-7fe64bba0000 rwxp 7fe614920000 00:00 0 
7fe64bba0000-7fe64d900000 rwxp 7fe64bba0000 00:00 0 
7fe64d900000-7fe669240000 rwxp 7fe64d900000 00:00 0 
7fe669245000-7fe6694b5000 rwxp 7fe669245000 00:00 0 
7fe6694b5000-7fe66c245000 rwxp 7fe6694b5000 00:00 0 
7fe66c245000-7fe66c253000 r-xp 00000000 08:13 3163206                    /usr/lib/jvm/java-6-sun-1.6.0.13/jre/lib/amd64/libzip.so
7fe66c253000-7fe66c355000 ---p 0000e000 08:13 3163206                    /usr/lib/jvm/java-6-sun-1.6.0.13/jre/lib/amd64/libzip.so
7fe66c355000-7fe66c358000 rwxp 00010000 08:13 3163206                    /usr/lib/jvm/java-6-sun-1.6.0.13/jre/lib/amd64/libzip.so
7fe66c358000-7fe66c359000 rwxp 7fe66c358000 00:00 0 
7fe66c359000-7fe66c382000 r-xp 00000000 08:13 3163219                    /usr/lib/jvm/java-6-sun-1.6.0.13/jre/lib/amd64/libjava.so
7fe66c382000-7fe66c481000 ---p 00029000 08:13 3163219                    /usr/lib/jvm/java-6-sun-1.6.0.13/jre/lib/amd64/libjava.so
7fe66c481000-7fe66c488000 rwxp 00028000 08:13 3163219                    /usr/lib/jvm/java-6-sun-1.6.0.13/jre/lib/amd64/libjava.so
7fe66c488000-7fe66c495000 r-xp 00000000 08:13 3163201                    /usr/lib/jvm/java-6-sun-1.6.0.13/jre/lib/amd64/libverify.so
7fe66c495000-7fe66c594000 ---p 0000d000 08:13 3163201                    /usr/lib/jvm/java-6-sun-1.6.0.13/jre/lib/amd64/libverify.so
7fe66c594000-7fe66c597000 rwxp 0000c000 08:13 3163201                    /usr/lib/jvm/java-6-sun-1.6.0.13/jre/lib/amd64/libverify.so
7fe66c597000-7fe66c5a3000 r-xp 00000000 08:13 213021                     /lib/libnss_files-2.9.so
7fe66c5a3000-7fe66c7a2000 ---p 0000c000 08:13 213021                     /lib/libnss_files-2.9.so
7fe66c7a2000-7fe66c7a3000 r-xp 0000b000 08:13 213021                     /lib/libnss_files-2.9.so
7fe66c7a3000-7fe66c7a4000 rwxp 0000c000 08:13 213021                     /lib/libnss_files-2.9.so
7fe66c7a4000-7fe66c7ae000 r-xp 00000000 08:13 213023                     /lib/libnss_nis-2.9.so
7fe66c7ae000-7fe66c9ad000 ---p 0000a000 08:13 213023                     /lib/libnss_nis-2.9.so
7fe66c9ad000-7fe66c9ae000 r-xp 00009000 08:13 213023                     /lib/libnss_nis-2.9.so
7fe66c9ae000-7fe66c9af000 rwxp 0000a000 08:13 213023                     /lib/libnss_nis-2.9.so
7fe66c9af000-7fe66c9b7000 r-xp 00000000 08:13 213019                     /lib/libnss_compat-2.9.so
7fe66c9b7000-7fe66cbb6000 ---p 00008000 08:13 213019                     /lib/libnss_compat-2.9.so
7fe66cbb6000-7fe66cbb7000 r-xp 00007000 08:13 213019                     /lib/libnss_compat-2.9.so
7fe66cbb7000-7fe66cbb8000 rwxp 00008000 08:13 213019                     /lib/libnss_compat-2.9.so
7fe66cbb8000-7fe66cbce000 r-xp 00000000 08:13 213018                     /lib/libnsl-2.9.so
7fe66cbce000-7fe66cdce000 ---p 00016000 08:13 213018                     /lib/libnsl-2.9.so
7fe66cdce000-7fe66cdcf000 r-xp 00016000 08:13 213018                     /lib/libnsl-2.9.so
7fe66cdcf000-7fe66cdd0000 rwxp 00017000 08:13 213018                     /lib/libnsl-2.9.so
7fe66cdd0000-7fe66cdd2000 rwxp 7fe66cdd0000 00:00 0 
7fe66cdd2000-7fe66cdd9000 r-xp 00000000 08:13 3163208                    /usr/lib/jvm/java-6-sun-1.6.0.13/jre/lib/amd64/native_threads/libhpi.so
7fe66cdd9000-7fe66ceda000 ---p 00007000 08:13 3163208                    /usr/lib/jvm/java-6-sun-1.6.0.13/jre/lib/amd64/native_threads/libhpi.so
7fe66ceda000-7fe66cedc000 rwxp 00008000 08:13 3163208                    /usr/lib/jvm/java-6-sun-1.6.0.13/jre/lib/amd64/native_threads/libhpi.so
7fe66cedc000-7fe66cedd000 rwxp 7fe66cedc000 00:00 0 
7fe66cedd000-7fe66cee4000 r-xp 00000000 08:13 213028                     /lib/librt-2.9.so
7fe66cee4000-7fe66d0e3000 ---p 00007000 08:13 213028                     /lib/librt-2.9.so
7fe66d0e3000-7fe66d0e4000 r-xp 00006000 08:13 213028                     /lib/librt-2.9.so
7fe66d0e4000-7fe66d0e5000 rwxp 00007000 08:13 213028                     /lib/librt-2.9.so
7fe66d0e5000-7fe66d0e8000 ---p 7fe66d0e5000 00:00 0 
7fe66d0e8000-7fe66d1e6000 rwxp 7fe66d0e8000 00:00 0 
7fe66d1e6000-7fe66d26a000 r-xp 00000000 08:13 213016                     /lib/libm-2.9.so
7fe66d26a000-7fe66d469000 ---p 00084000 08:13 213016                     /lib/libm-2.9.so
7fe66d469000-7fe66d46a000 r-xp 00083000 08:13 213016                     /lib/libm-2.9.so
7fe66d46a000-7fe66d46b000 rwxp 00084000 08:13 213016                     /lib/libm-2.9.so
7fe66d46b000-7fe66daf8000 r-xp 00000000 08:13 3163226                    /usr/lib/jvm/java-6-sun-1.6.0.13/jre/lib/amd64/server/libjvm.so
7fe66daf8000-7fe66dbf7000 ---p 0068d000 08:13 3163226                    /usr/lib/jvm/java-6-sun-1.6.0.13/jre/lib/amd64/server/libjvm.so
7fe66dbf7000-7fe66dd48000 rwxp 0068c000 08:13 3163226                    /usr/lib/jvm/java-6-sun-1.6.0.13/jre/lib/amd64/server/libjvm.so
7fe66dd48000-7fe66dd85000 rwxp 7fe66dd48000 00:00 0 
7fe66dd85000-7fe66deed000 r-xp 00000000 08:13 213012                     /lib/libc-2.9.so
7fe66deed000-7fe66e0ed000 ---p 00168000 08:13 213012                     /lib/libc-2.9.so
7fe66e0ed000-7fe66e0f1000 r-xp 00168000 08:13 213012                     /lib/libc-2.9.so
7fe66e0f1000-7fe66e0f2000 rwxp 0016c000 08:13 213012                     /lib/libc-2.9.so
7fe66e0f2000-7fe66e0f7000 rwxp 7fe66e0f2000 00:00 0 
7fe66e0f7000-7fe66e0f9000 r-xp 00000000 08:13 213015                     /lib/libdl-2.9.so
7fe66e0f9000-7fe66e2f9000 ---p 00002000 08:13 213015                     /lib/libdl-2.9.so
7fe66e2f9000-7fe66e2fa000 r-xp 00002000 08:13 213015                     /lib/libdl-2.9.so
7fe66e2fa000-7fe66e2fb000 rwxp 00003000 08:13 213015                     /lib/libdl-2.9.so
7fe66e2fb000-7fe66e312000 r-xp 00000000 08:13 213026                     /lib/libpthread-2.9.so
7fe66e312000-7fe66e511000 ---p 00017000 08:13 213026                     /lib/libpthread-2.9.so
7fe66e511000-7fe66e512000 r-xp 00016000 08:13 213026                     /lib/libpthread-2.9.so
7fe66e512000-7fe66e513000 rwxp 00017000 08:13 213026                     /lib/libpthread-2.9.so
7fe66e513000-7fe66e517000 rwxp 7fe66e513000 00:00 0 
7fe66e517000-7fe66e537000 r-xp 00000000 08:13 213006                     /lib/ld-2.9.so
7fe66e53d000-7fe66e54b000 r-xs 000ba000 08:11 422677                     /home/epsilon/文档/4_java/javaTools/mtj.jar
7fe66e54b000-7fe66e555000 rwxp 7fe66e54b000 00:00 0 
7fe66e555000-7fe66e60b000 rwxp 7fe66e555000 00:00 0 
7fe66e60b000-7fe66e60d000 rwxp 7fe66e60b000 00:00 0 
7fe66e60d000-7fe66e614000 r-xp 00000000 08:13 3163192                    /usr/lib/jvm/java-6-sun-1.6.0.13/jre/lib/amd64/jli/libjli.so
7fe66e614000-7fe66e715000 ---p 00007000 08:13 3163192                    /usr/lib/jvm/java-6-sun-1.6.0.13/jre/lib/amd64/jli/libjli.so
7fe66e715000-7fe66e717000 rwxp 00008000 08:13 3163192                    /usr/lib/jvm/java-6-sun-1.6.0.13/jre/lib/amd64/jli/libjli.so
7fe66e717000-7fe66e718000 rwxp 7fe66e717000 00:00 0 
7fe66e718000-7fe66e71b000 r-xs 000cb000 08:13 3162696                    /usr/lib/jvm/java-6-sun-1.6.0.13/jre/lib/ext/localedata.jar
7fe66e71b000-7fe66e71e000 r-xs 00000000 08:13 3196574                    /var/cache/fontconfig/7ef2298fde41cc6eeb7af42e48b7d293-x86-64.cache-2
7fe66e71e000-7fe66e722000 r-xs 00042000 08:11 181747                     /home/epsilon/NetBeansProjects/EpsilonUtils/trunk/dist/EpsilonYUtil.jar
7fe66e722000-7fe66e729000 r-xs 00000000 08:13 2803699                    /usr/lib/gconv/gconv-modules.cache
7fe66e729000-7fe66e731000 rwxs 00000000 08:13 376935                     /tmp/hsperfdata_epsilon/2597
7fe66e731000-7fe66e732000 rwxp 7fe66e731000 00:00 0 
7fe66e732000-7fe66e733000 r-xp 7fe66e732000 00:00 0 
7fe66e733000-7fe66e736000 rwxp 7fe66e733000 00:00 0 
7fe66e736000-7fe66e737000 r-xp 0001f000 08:13 213006                     /lib/ld-2.9.so
7fe66e737000-7fe66e738000 rwxp 00020000 08:13 213006                     /lib/ld-2.9.so
7fff76722000-7fff76737000 rwxp 7ffffffea000 00:00 0                      [stack]
7fff767fe000-7fff767ff000 r-xp 7fff767fe000 00:00 0                      [vdso]
ffffffffff600000-ffffffffff601000 r-xp 00000000 00:00 0                  [vsyscall]

VM Arguments:
jvm_args: -Dawt.useSystemAAFontSettings=on 
java_command: net.epsilony.simpmeshfree.model.ModelTestFrame
Launcher Type: SUN_STANDARD

Environment Variables:
_JAVA_OPTIONS=-Dawt.useSystemAAFontSettings=on
PATH=/usr/local/sbin:/usr/local/bin:/usr/sbin:/usr/bin:/sbin:/bin:/usr/games
USERNAME=epsilon
LD_LIBRARY_PATH=/usr/lib/jvm/java-6-sun-1.6.0.13/jre/lib/amd64/server:/usr/lib/jvm/java-6-sun-1.6.0.13/jre/lib/amd64:/usr/lib/jvm/java-6-sun-1.6.0.13/jre/../lib/amd64
SHELL=/bin/bash
DISPLAY=:0.0

Signal Handlers:
SIGSEGV: [libjvm.so+0x5fcd20], sa_mask[0]=0x7ffbfeff, sa_flags=0x10000004
SIGBUS: [libjvm.so+0x5fcd20], sa_mask[0]=0x7ffbfeff, sa_flags=0x10000004
SIGFPE: [libjvm.so+0x4e0eb0], sa_mask[0]=0x7ffbfeff, sa_flags=0x10000004
SIGPIPE: [libjvm.so+0x4e0eb0], sa_mask[0]=0x7ffbfeff, sa_flags=0x10000004
SIGXFSZ: [libjvm.so+0x4e0eb0], sa_mask[0]=0x7ffbfeff, sa_flags=0x10000004
SIGILL: [libjvm.so+0x4e0eb0], sa_mask[0]=0x7ffbfeff, sa_flags=0x10000004
SIGUSR1: SIG_DFL, sa_mask[0]=0x00000000, sa_flags=0x00000000
SIGUSR2: [libjvm.so+0x4e35d0], sa_mask[0]=0x00000004, sa_flags=0x10000004
SIGHUP: [libjvm.so+0x4e3320], sa_mask[0]=0x7ffbfeff, sa_flags=0x10000004
SIGINT: SIG_IGN, sa_mask[0]=0x00000000, sa_flags=0x00000000
SIGTERM: [libjvm.so+0x4e3320], sa_mask[0]=0x7ffbfeff, sa_flags=0x10000004
SIGQUIT: [libjvm.so+0x4e3320], sa_mask[0]=0x7ffbfeff, sa_flags=0x10000004


---------------  S Y S T E M  ---------------

OS:5.0

uname:Linux 2.6.28-12-generic #43-Ubuntu SMP Fri May 1 19:31:32 UTC 2009 x86_64
libc:glibc 2.9 NPTL 2.9 
rlimit: STACK 8192k, CORE 0k, NPROC infinity, NOFILE 1024, AS infinity
load average:0.37 0.18 0.10

CPU:total 2 (2 cores per cpu, 1 threads per core) family 16 model 2 stepping 3, cmov, cx8, fxsr, mmx, sse, sse2, sse3, mmxext, 3dnow, 3dnowext, sse4a

Memory: 4k page, physical 5780180k(3694260k free), swap 3903752k(3865604k free)

vm_info: Java HotSpot(TM) 64-Bit Server VM (11.3-b02) for linux-amd64 JRE (1.6.0_13-b03), built on Mar  9 2009 11:08:22 by "java_re" with gcc 3.2.2 (SuSE Linux)

time: Mon May 18 09:56:15 2009
elapsed time: 0 seconds

