#
# An unexpected error has been detected by Java Runtime Environment:
#
#  SIGSEGV (0xb) at pc=0x00007f5d5ec9c11b, pid=8670, tid=140037300631888
#
# Java VM: Java HotSpot(TM) 64-Bit Server VM (11.3-b02 mixed mode linux-amd64)
# Problematic frame:
# C  [libc.so.6+0x8411b]  memcpy+0x15b
#
# If you would like to submit a bug report, please visit:
#   http://java.sun.com/webapps/bugreport/crash.jsp
#

---------------  T H R E A D  ---------------

Current thread (0x00007f5cf4138c00):  JavaThread "AWT-EventQueue-0" [_thread_in_vm, id=8685, stack(0x00007f5cf97f3000,0x00007f5cf98f4000)]

siginfo:si_signo=SIGSEGV: si_errno=0, si_code=2 (SEGV_ACCERR), si_addr=0x00007f5cf41fe000

Registers:
RAX=0x00007f5d3dd15270, RBX=0x00007f5cfc8d12a0, RCX=0x0000000000000012, RDX=0x0000000000001ad0
RSP=0x00007f5cf98f23d8, RBP=0x00007f5cf98f2460, RSI=0x00007f5cf41fe000, RDI=0x00007f5d3dd16cb0
R8 =0x0000000000000ffc, R9 =0x00007f5d5eae85b8, R10=0x00007f5d5eaec028, R11=0x0000000000001ad0
R12=0x0000000000001ad0, R13=0x0000000000000000, R14=0x0000000040450fd8, R15=0x00007f5cf98f23f0
RIP=0x00007f5d5ec9c11b, EFL=0x0000000000010216, CSGSFS=0x0000000000000033, ERR=0x0000000000000004
  TRAPNO=0x000000000000000e

Top of Stack: (sp=0x00007f5cf98f23d8)
0x00007f5cf98f23d8:   00007f5d5e644600 00007f5cf4138dc0
0x00007f5cf98f23e8:   00007f5cf41fc5c0 00007f5cf4138c00
0x00007f5cf98f23f8:   0000000000000000 00007f5cf4138c00
0x00007f5cf98f2408:   0000000000000000 00007f5cf4138c00
0x00007f5cf98f2418:   00007f5cf98f2560 00007f5cf4138c00
0x00007f5cf98f2428:   00007f5d5ec92276 00007f5cf4138c00
0x00007f5cf98f2438:   0000000040450fd8 00007f5cf413a290
0x00007f5cf98f2448:   00007f5cf4144140 00007f5cf98f2560
0x00007f5cf98f2458:   0000000040450f80 00007f5cf4138dc0
0x00007f5cf98f2468:   00007f5cf93d0486 00007f5cf40e0330
0x00007f5cf98f2478:   0000000040450f88 0000000040450f90
0x00007f5cf98f2488:   0000000040450f98 0000000040450fa0
0x00007f5cf98f2498:   00007f5cfccfe49e 0000000040450fa8
0x00007f5cf98f24a8:   00007f5cfcd051f0 0101010100000000
0x00007f5cf98f24b8:   00007f5cfd2c8700 00007f5cf98f2540
0x00007f5cf98f24c8:   0000000000000101 00007f5cfd2c8700
0x00007f5cf98f24d8:   00007f5cf98f2560 00007f5cf4138c00
0x00007f5cf98f24e8:   00007f5d5a0e6852 00007f5d3cb3fa40
0x00007f5cf98f24f8:   00007f5cfcd05c50 00007f5cf98f2500
0x00007f5cf98f2508:   0000000000000000 00007f5cf98f2560
0x00007f5cf98f2518:   00007f5cfd2c9138 0000000000000000
0x00007f5cf98f2528:   00007f5cfd2c8700 0000000000000000
0x00007f5cf98f2538:   00007f5cf98f2560 00007f5cf98f25a8
0x00007f5cf98f2548:   00007f5d5a0db322 0000000000000000
0x00007f5cf98f2558:   00007f5d5a0e3358 00007f5d3dd051d0
0x00007f5cf98f2568:   00007f5cf98f2568 00007f5cfd2c71dd
0x00007f5cf98f2578:   00007f5cf98f25f0 00007f5cfd2c9138
0x00007f5cf98f2588:   0000000000000000 00007f5cfd2c7268
0x00007f5cf98f2598:   00007f5cf98f2560 00007f5cf98f25e0
0x00007f5cf98f25a8:   00007f5cf98f2638 00007f5d5a0db322
0x00007f5cf98f25b8:   0000000000000000 00007f5d3dd124c8
0x00007f5cf98f25c8:   0000000000000000 00007f5d3dd124b0 

Instructions: (pc=0x00007f5d5ec9c11b)
0x00007f5d5ec9c10b:   0f 47 da 4c 89 d9 49 83 e3 f8 48 c1 e9 03 74 05
0x00007f5d5ec9c11b:   f3 48 a5 66 90 4c 29 da 48 f7 c2 f8 ff ff ff 75 

Stack: [0x00007f5cf97f3000,0x00007f5cf98f4000],  sp=0x00007f5cf98f23d8,  free space=1020k
Native frames: (J=compiled Java code, j=interpreted, Vv=VM code, C=native code)
C  [libc.so.6+0x8411b]  memcpy+0x15b

Java frames: (J=compiled Java code, j=interpreted, Vv=VM code)
j  net.epsilony.simpmeshfree.model.geometry.TriangleJni.triangleFun()V+0
j  net.epsilony.simpmeshfree.model.geometry.TriangleJni.complie(Lnet/epsilony/simpmeshfree/model/geometry/GeometryModel;Ljava/lang/String;)V+141
j  net.epsilony.simpmeshfree.model.mechanics.MechanicsModel.generateQuadratureDomainsByTriangle(DDLjava/lang/String;)V+60
j  net.epsilony.simpmeshfree.model.ModelTestFrame.<init>()V+614
j  net.epsilony.simpmeshfree.model.ModelTestFrame$1.run()V+4
j  java.awt.event.InvocationEvent.dispatch()V+47
j  java.awt.EventQueue.dispatchEvent(Ljava/awt/AWTEvent;)V+26
j  java.awt.EventDispatchThread.pumpOneEventForFilters(I)Z+204
j  java.awt.EventDispatchThread.pumpEventsForFilter(ILjava/awt/Conditional;Ljava/awt/EventFilter;)V+30
j  java.awt.EventDispatchThread.pumpEventsForHierarchy(ILjava/awt/Conditional;Ljava/awt/Component;)V+11
j  java.awt.EventDispatchThread.pumpEvents(ILjava/awt/Conditional;)V+4
j  java.awt.EventDispatchThread.pumpEvents(Ljava/awt/Conditional;)V+3
j  java.awt.EventDispatchThread.run()V+9
v  ~StubRoutines::call_stub

---------------  P R O C E S S  ---------------

Java Threads: ( => current thread )
  0x00007f5cf40a9000 JavaThread "Thread-3" [_thread_blocked, id=8687, stack(0x00007f5cf95f1000,0x00007f5cf96f2000)]
  0x00007f5cf40ab400 JavaThread "Thread-2" [_thread_blocked, id=8686, stack(0x00007f5cf96f2000,0x00007f5cf97f3000)]
  0x00007f5cf40c1400 JavaThread "DestroyJavaVM" [_thread_blocked, id=8671, stack(0x00007f5d5df78000,0x00007f5d5e079000)]
=>0x00007f5cf4138c00 JavaThread "AWT-EventQueue-0" [_thread_in_vm, id=8685, stack(0x00007f5cf97f3000,0x00007f5cf98f4000)]
  0x00007f5cf4138000 JavaThread "AWT-Shutdown" [_thread_blocked, id=8684, stack(0x00007f5cf9a02000,0x00007f5cf9b03000)]
  0x00007f5cf4137400 JavaThread "AWT-XAWT" daemon [_thread_in_native, id=8683, stack(0x00007f5cf9b03000,0x00007f5cf9c04000)]
  0x00007f5cf40d4c00 JavaThread "Java2D Disposer" daemon [_thread_blocked, id=8682, stack(0x00007f5cfa238000,0x00007f5cfa339000)]
  0x00007f5cf4001c00 JavaThread "Low Memory Detector" daemon [_thread_blocked, id=8680, stack(0x00007f5cfb86b000,0x00007f5cfb96c000)]
  0x000000004045fc00 JavaThread "CompilerThread1" daemon [_thread_blocked, id=8679, stack(0x00007f5cfb96c000,0x00007f5cfba6d000)]
  0x000000004045c000 JavaThread "CompilerThread0" daemon [_thread_in_native, id=8678, stack(0x00007f5cfba6d000,0x00007f5cfbb6e000)]
  0x000000004045a000 JavaThread "Signal Dispatcher" daemon [_thread_blocked, id=8677, stack(0x00007f5cfbb6e000,0x00007f5cfbc6f000)]
  0x0000000040433400 JavaThread "Finalizer" daemon [_thread_blocked, id=8676, stack(0x00007f5cfbcae000,0x00007f5cfbdaf000)]
  0x0000000040431800 JavaThread "Reference Handler" daemon [_thread_blocked, id=8675, stack(0x00007f5cfbdaf000,0x00007f5cfbeb0000)]

Other Threads:
  0x000000004042c000 VMThread [stack: 0x00007f5cfbeb0000,0x00007f5cfbfb1000] [id=8674]
  0x00007f5cf4004400 WatcherThread [stack: 0x00007f5cfb76a000,0x00007f5cfb86b000] [id=8681]

VM state:not at safepoint (normal execution)

VM Mutex/Monitor currently owned by a thread: None

Heap
 PSYoungGen      total 26368K, used 19808K [0x00007f5d3ca30000, 0x00007f5d3e790000, 0x00007f5d5a0d0000)
  eden space 22656K, 87% used [0x00007f5d3ca30000,0x00007f5d3dd881b8,0x00007f5d3e050000)
  from space 3712K, 0% used [0x00007f5d3e3f0000,0x00007f5d3e3f0000,0x00007f5d3e790000)
  to   space 3712K, 0% used [0x00007f5d3e050000,0x00007f5d3e050000,0x00007f5d3e3f0000)
 PSOldGen        total 60288K, used 0K [0x00007f5d01cd0000, 0x00007f5d057b0000, 0x00007f5d3ca30000)
  object space 60288K, 0% used [0x00007f5d01cd0000,0x00007f5d01cd0000,0x00007f5d057b0000)
 PSPermGen       total 21248K, used 10244K [0x00007f5cfc8d0000, 0x00007f5cfdd90000, 0x00007f5d01cd0000)
  object space 21248K, 48% used [0x00007f5cfc8d0000,0x00007f5cfd2d1158,0x00007f5cfdd90000)

Dynamic libraries:
40000000-40009000 r-xp 00000000 08:13 3163089                            /usr/lib/jvm/java-6-sun-1.6.0.13/jre/bin/java
40108000-4010a000 rwxp 00008000 08:13 3163089                            /usr/lib/jvm/java-6-sun-1.6.0.13/jre/bin/java
403a3000-40a27000 rwxp 403a3000 00:00 0                                  [heap]
7f5cf4000000-7f5cf41fe000 rwxp 7f5cf4000000 00:00 0 
7f5cf41fe000-7f5cf8000000 ---p 7f5cf41fe000 00:00 0 
7f5cf8ea7000-7f5cf8ebd000 r-xp 00000000 08:13 213005                     /lib/libgcc_s.so.1
7f5cf8ebd000-7f5cf90bd000 ---p 00016000 08:13 213005                     /lib/libgcc_s.so.1
7f5cf90bd000-7f5cf90be000 r-xp 00016000 08:13 213005                     /lib/libgcc_s.so.1
7f5cf90be000-7f5cf90bf000 rwxp 00017000 08:13 213005                     /lib/libgcc_s.so.1
7f5cf90bf000-7f5cf91b0000 r-xp 00000000 08:13 2802601                    /usr/lib/libstdc++.so.6.0.10
7f5cf91b0000-7f5cf93b0000 ---p 000f1000 08:13 2802601                    /usr/lib/libstdc++.so.6.0.10
7f5cf93b0000-7f5cf93b7000 r-xp 000f1000 08:13 2802601                    /usr/lib/libstdc++.so.6.0.10
7f5cf93b7000-7f5cf93b9000 rwxp 000f8000 08:13 2802601                    /usr/lib/libstdc++.so.6.0.10
7f5cf93b9000-7f5cf93cc000 rwxp 7f5cf93b9000 00:00 0 
7f5cf93cc000-7f5cf93f0000 r-xp 00000000 08:13 1942103                    /usr/lib/TriangleJniAmd64.so
7f5cf93f0000-7f5cf95ef000 ---p 00024000 08:13 1942103                    /usr/lib/TriangleJniAmd64.so
7f5cf95ef000-7f5cf95f0000 r-xp 00023000 08:13 1942103                    /usr/lib/TriangleJniAmd64.so
7f5cf95f0000-7f5cf95f1000 rwxp 00024000 08:13 1942103                    /usr/lib/TriangleJniAmd64.so
7f5cf95f1000-7f5cf95f4000 ---p 7f5cf95f1000 00:00 0 
7f5cf95f4000-7f5cf96f2000 rwxp 7f5cf95f4000 00:00 0 
7f5cf96f2000-7f5cf96f5000 ---p 7f5cf96f2000 00:00 0 
7f5cf96f5000-7f5cf97f3000 rwxp 7f5cf96f5000 00:00 0 
7f5cf97f3000-7f5cf97f6000 ---p 7f5cf97f3000 00:00 0 
7f5cf97f6000-7f5cf98f4000 rwxp 7f5cf97f6000 00:00 0 
7f5cf98f4000-7f5cf98fd000 r-xs 00000000 08:13 3197464                    /var/cache/fontconfig/945677eb7aeaf62f1d50efc3fb3ec7d8-x86-64.cache-2
7f5cf98fd000-7f5cf98ff000 r-xs 00000000 08:13 3197468                    /var/cache/fontconfig/99e8ed0e538f840c565b6ed5dad60d56-x86-64.cache-2
7f5cf98ff000-7f5cf9902000 r-xs 00000000 08:13 3197466                    /var/cache/fontconfig/e383d7ea5fbe662a33d9b44caf393297-x86-64.cache-2
7f5cf9902000-7f5cf9906000 r-xs 00000000 08:13 3197459                    /var/cache/fontconfig/6eb3985aa4124903f6ff08ba781cd364-x86-64.cache-2
7f5cf9906000-7f5cf9907000 r-xs 00000000 08:13 3197445                    /var/cache/fontconfig/4c73fe0c47614734b17d736dbde7580a-x86-64.cache-2
7f5cf9907000-7f5cf990b000 r-xs 00000000 08:13 3196573                    /var/cache/fontconfig/a755afe4a08bf5b97852ceb7400b47bc-x86-64.cache-2
7f5cf990b000-7f5cf9914000 r-xs 00000000 08:13 3197440                    /var/cache/fontconfig/6d41288fd70b0be22e8c3a91e032eec0-x86-64.cache-2
7f5cf9914000-7f5cf9917000 r-xs 00000000 08:13 3197439                    /var/cache/fontconfig/de156ccd2eddbdc19d37a45b8b2aac9c-x86-64.cache-2
7f5cf9917000-7f5cf9922000 r-xs 00000000 08:13 3197435                    /var/cache/fontconfig/e3de0de479f42330eadf588a55fb5bf4-x86-64.cache-2
7f5cf9922000-7f5cf9931000 r-xs 00000000 08:13 3197434                    /var/cache/fontconfig/0f34bcd4b6ee430af32735b75db7f02b-x86-64.cache-2
7f5cf9931000-7f5cf9934000 r-xs 00000000 08:13 3197433                    /var/cache/fontconfig/ddd4086aec35a5275babba44bb759c3c-x86-64.cache-2
7f5cf9934000-7f5cf9935000 r-xs 00000000 08:13 3197424                    /var/cache/fontconfig/4794a0821666d79190d59a36cb4f44b5-x86-64.cache-2
7f5cf9935000-7f5cf993e000 r-xs 00000000 08:13 3197417                    /var/cache/fontconfig/d52a8644073d54c13679302ca1180695-x86-64.cache-2
7f5cf9a02000-7f5cf9a05000 ---p 7f5cf9a02000 00:00 0 
7f5cf9a05000-7f5cf9b03000 rwxp 7f5cf9a05000 00:00 0 
7f5cf9b03000-7f5cf9b06000 ---p 7f5cf9b03000 00:00 0 
7f5cf9b06000-7f5cf9c04000 rwxp 7f5cf9b06000 00:00 0 
7f5cf9c04000-7f5cf9c09000 r-xp 00000000 08:13 2805390                    /usr/lib/libXfixes.so.3.1.0
7f5cf9c09000-7f5cf9e08000 ---p 00005000 08:13 2805390                    /usr/lib/libXfixes.so.3.1.0
7f5cf9e08000-7f5cf9e09000 rwxp 00004000 08:13 2805390                    /usr/lib/libXfixes.so.3.1.0
7f5cf9e09000-7f5cf9e12000 r-xp 00000000 08:13 2805803                    /usr/lib/libXrender.so.1.3.0
7f5cf9e12000-7f5cfa011000 ---p 00009000 08:13 2805803                    /usr/lib/libXrender.so.1.3.0
7f5cfa011000-7f5cfa012000 r-xp 00008000 08:13 2805803                    /usr/lib/libXrender.so.1.3.0
7f5cfa012000-7f5cfa013000 rwxp 00009000 08:13 2805803                    /usr/lib/libXrender.so.1.3.0
7f5cfa013000-7f5cfa01c000 r-xp 00000000 08:13 2805843                    /usr/lib/libXcursor.so.1.0.2
7f5cfa01c000-7f5cfa21c000 ---p 00009000 08:13 2805843                    /usr/lib/libXcursor.so.1.0.2
7f5cfa21c000-7f5cfa21d000 rwxp 00009000 08:13 2805843                    /usr/lib/libXcursor.so.1.0.2
7f5cfa238000-7f5cfa23b000 ---p 7f5cfa238000 00:00 0 
7f5cfa23b000-7f5cfa339000 rwxp 7f5cfa23b000 00:00 0 
7f5cfa339000-7f5cfa3b7000 r-xp 00000000 08:13 3163204                    /usr/lib/jvm/java-6-sun-1.6.0.13/jre/lib/amd64/libfontmanager.so
7f5cfa3b7000-7f5cfa4b6000 ---p 0007e000 08:13 3163204                    /usr/lib/jvm/java-6-sun-1.6.0.13/jre/lib/amd64/libfontmanager.so
7f5cfa4b6000-7f5cfa4cc000 rwxp 0007d000 08:13 3163204                    /usr/lib/jvm/java-6-sun-1.6.0.13/jre/lib/amd64/libfontmanager.so
7f5cfa4cc000-7f5cfa4dd000 rwxp 7f5cfa4cc000 00:00 0 
7f5cfa4dd000-7f5cfa4e2000 r-xp 00000000 08:13 2805384                    /usr/lib/libXdmcp.so.6.0.0
7f5cfa4e2000-7f5cfa6e1000 ---p 00005000 08:13 2805384                    /usr/lib/libXdmcp.so.6.0.0
7f5cfa6e1000-7f5cfa6e2000 rwxp 00004000 08:13 2805384                    /usr/lib/libXdmcp.so.6.0.0
7f5cfa6e2000-7f5cfa6fd000 r-xp 00000000 08:13 2805386                    /usr/lib/libxcb.so.1.1.0
7f5cfa6fd000-7f5cfa8fc000 ---p 0001b000 08:13 2805386                    /usr/lib/libxcb.so.1.1.0
7f5cfa8fc000-7f5cfa8fd000 r-xp 0001a000 08:13 2805386                    /usr/lib/libxcb.so.1.1.0
7f5cfa8fd000-7f5cfa8fe000 rwxp 0001b000 08:13 2805386                    /usr/lib/libxcb.so.1.1.0
7f5cfa8fe000-7f5cfa900000 r-xp 00000000 08:13 2805382                    /usr/lib/libXau.so.6.0.0
7f5cfa900000-7f5cfaaff000 ---p 00002000 08:13 2805382                    /usr/lib/libXau.so.6.0.0
7f5cfaaff000-7f5cfab00000 r-xp 00001000 08:13 2805382                    /usr/lib/libXau.so.6.0.0
7f5cfab00000-7f5cfab01000 rwxp 00002000 08:13 2805382                    /usr/lib/libXau.so.6.0.0
7f5cfab01000-7f5cfab0a000 r-xp 00000000 08:13 2805586                    /usr/lib/libXi.so.6.0.0
7f5cfab0a000-7f5cfad0a000 ---p 00009000 08:13 2805586                    /usr/lib/libXi.so.6.0.0
7f5cfad0a000-7f5cfad0b000 r-xp 00009000 08:13 2805586                    /usr/lib/libXi.so.6.0.0
7f5cfad0b000-7f5cfad0c000 rwxp 0000a000 08:13 2805586                    /usr/lib/libXi.so.6.0.0
7f5cfad0c000-7f5cfad11000 r-xp 00000000 08:13 2806834                    /usr/lib/libXtst.so.6.1.0
7f5cfad11000-7f5cfaf11000 ---p 00005000 08:13 2806834                    /usr/lib/libXtst.so.6.1.0
7f5cfaf11000-7f5cfaf12000 r-xp 00005000 08:13 2806834                    /usr/lib/libXtst.so.6.1.0
7f5cfaf12000-7f5cfaf13000 rwxp 00006000 08:13 2806834                    /usr/lib/libXtst.so.6.1.0
7f5cfaf13000-7f5cfb015000 r-xp 00000000 08:13 2805388                    /usr/lib/libX11.so.6.2.0
7f5cfb015000-7f5cfb215000 ---p 00102000 08:13 2805388                    /usr/lib/libX11.so.6.2.0
7f5cfb215000-7f5cfb216000 r-xp 00102000 08:13 2805388                    /usr/lib/libX11.so.6.2.0
7f5cfb216000-7f5cfb21a000 rwxp 00103000 08:13 2805388                    /usr/lib/libX11.so.6.2.0
7f5cfb21a000-7f5cfb22b000 r-xp 00000000 08:13 2805394                    /usr/lib/libXext.so.6.4.0
7f5cfb22b000-7f5cfb42a000 ---p 00011000 08:13 2805394                    /usr/lib/libXext.so.6.4.0
7f5cfb42a000-7f5cfb42b000 r-xp 00010000 08:13 2805394                    /usr/lib/libXext.so.6.4.0
7f5cfb42b000-7f5cfb42c000 rwxp 00011000 08:13 2805394                    /usr/lib/libXext.so.6.4.0
7f5cfb42d000-7f5cfb439000 r-xs 00000000 08:13 3197416                    /var/cache/fontconfig/089dead882dea3570ffc31a9898cfb69-x86-64.cache-2
7f5cfb439000-7f5cfb43d000 r-xs 00000000 08:13 3197398                    /var/cache/fontconfig/cabbd14511b9e8a55e92af97fb3a0461-x86-64.cache-2
7f5cfb43d000-7f5cfb447000 r-xs 00000000 08:13 3195524                    /var/cache/fontconfig/e13b20fdb08344e0e664864cc2ede53d-x86-64.cache-2
7f5cfb447000-7f5cfb488000 r-xp 00000000 08:13 3163194                    /usr/lib/jvm/java-6-sun-1.6.0.13/jre/lib/amd64/xawt/libmawt.so
7f5cfb488000-7f5cfb587000 ---p 00041000 08:13 3163194                    /usr/lib/jvm/java-6-sun-1.6.0.13/jre/lib/amd64/xawt/libmawt.so
7f5cfb587000-7f5cfb593000 rwxp 00040000 08:13 3163194                    /usr/lib/jvm/java-6-sun-1.6.0.13/jre/lib/amd64/xawt/libmawt.so
7f5cfb593000-7f5cfb594000 rwxp 7f5cfb593000 00:00 0 
7f5cfb594000-7f5cfb626000 r-xp 00000000 08:13 3163239                    /usr/lib/jvm/java-6-sun-1.6.0.13/jre/lib/amd64/libawt.so
7f5cfb626000-7f5cfb725000 ---p 00092000 08:13 3163239                    /usr/lib/jvm/java-6-sun-1.6.0.13/jre/lib/amd64/libawt.so
7f5cfb725000-7f5cfb73e000 rwxp 00091000 08:13 3163239                    /usr/lib/jvm/java-6-sun-1.6.0.13/jre/lib/amd64/libawt.so
7f5cfb73e000-7f5cfb763000 rwxp 7f5cfb73e000 00:00 0 
7f5cfb763000-7f5cfb76a000 r-xs 00059000 08:11 1172178                    /home/epsilon/文档/4_java/javaTools/apache-log4j-1.2.15/log4j-1.2.15.jar
7f5cfb76a000-7f5cfb76b000 ---p 7f5cfb76a000 00:00 0 
7f5cfb76b000-7f5cfb86b000 rwxp 7f5cfb76b000 00:00 0 
7f5cfb86b000-7f5cfb86e000 ---p 7f5cfb86b000 00:00 0 
7f5cfb86e000-7f5cfb96c000 rwxp 7f5cfb86e000 00:00 0 
7f5cfb96c000-7f5cfb96f000 ---p 7f5cfb96c000 00:00 0 
7f5cfb96f000-7f5cfba6d000 rwxp 7f5cfb96f000 00:00 0 
7f5cfba6d000-7f5cfba70000 ---p 7f5cfba6d000 00:00 0 
7f5cfba70000-7f5cfbb6e000 rwxp 7f5cfba70000 00:00 0 
7f5cfbb6e000-7f5cfbb71000 ---p 7f5cfbb6e000 00:00 0 
7f5cfbb71000-7f5cfbc6f000 rwxp 7f5cfbb71000 00:00 0 
7f5cfbc6f000-7f5cfbcae000 r-xp 00000000 08:13 2827839                    /usr/lib/locale/zh_CN.utf8/LC_CTYPE
7f5cfbcae000-7f5cfbcb1000 ---p 7f5cfbcae000 00:00 0 
7f5cfbcb1000-7f5cfbdaf000 rwxp 7f5cfbcb1000 00:00 0 
7f5cfbdaf000-7f5cfbdb2000 ---p 7f5cfbdaf000 00:00 0 
7f5cfbdb2000-7f5cfbeb0000 rwxp 7f5cfbdb2000 00:00 0 
7f5cfbeb0000-7f5cfbeb1000 ---p 7f5cfbeb0000 00:00 0 
7f5cfbeb1000-7f5cfc026000 rwxp 7f5cfbeb1000 00:00 0 
7f5cfc026000-7f5cfc1b8000 r-xs 02f34000 08:13 2942580                    /usr/lib/jvm/java-6-sun-1.6.0.13/jre/lib/rt.jar
7f5cfc1b8000-7f5cfc1e0000 rwxp 7f5cfc1b8000 00:00 0 
7f5cfc1e0000-7f5cfc1e1000 ---p 7f5cfc1e0000 00:00 0 
7f5cfc1e1000-7f5cfc2e1000 rwxp 7f5cfc1e1000 00:00 0 
7f5cfc2e1000-7f5cfc2e2000 ---p 7f5cfc2e1000 00:00 0 
7f5cfc2e2000-7f5cfc3ed000 rwxp 7f5cfc2e2000 00:00 0 
7f5cfc3ed000-7f5cfc40c000 rwxp 7f5cfc3ed000 00:00 0 
7f5cfc40c000-7f5cfc42a000 rwxp 7f5cfc40c000 00:00 0 
7f5cfc42a000-7f5cfc5e3000 rwxp 7f5cfc42a000 00:00 0 
7f5cfc5e3000-7f5cfc5ee000 rwxp 7f5cfc5e3000 00:00 0 
7f5cfc5ee000-7f5cfc60d000 rwxp 7f5cfc5ee000 00:00 0 
7f5cfc60d000-7f5cfc62b000 rwxp 7f5cfc60d000 00:00 0 
7f5cfc62b000-7f5cfc7e3000 rwxp 7f5cfc62b000 00:00 0 
7f5cfc7e3000-7f5cfc7f3000 rwxp 7f5cfc7e3000 00:00 0 
7f5cfc7f3000-7f5cfc8cf000 rwxp 7f5cfc7f3000 00:00 0 
7f5cfc8cf000-7f5cfdd90000 rwxp 7f5cfc8cf000 00:00 0 
7f5cfdd90000-7f5d01cd0000 rwxp 7f5cfdd90000 00:00 0 
7f5d01cd0000-7f5d057b0000 rwxp 7f5d01cd0000 00:00 0 
7f5d057b0000-7f5d3ca30000 rwxp 7f5d057b0000 00:00 0 
7f5d3ca30000-7f5d3e790000 rwxp 7f5d3ca30000 00:00 0 
7f5d3e790000-7f5d5a0d0000 rwxp 7f5d3e790000 00:00 0 
7f5d5a0d0000-7f5d5a0d8000 r-xs 0004b000 08:11 162661                     /home/epsilon/文档/4_java/javaTools/commons-math-1.2/commons-math-1.2.jar
7f5d5a0d8000-7f5d5a348000 rwxp 7f5d5a0d8000 00:00 0 
7f5d5a348000-7f5d5d0d8000 rwxp 7f5d5a348000 00:00 0 
7f5d5d0d8000-7f5d5d0e6000 r-xp 00000000 08:13 3163206                    /usr/lib/jvm/java-6-sun-1.6.0.13/jre/lib/amd64/libzip.so
7f5d5d0e6000-7f5d5d1e8000 ---p 0000e000 08:13 3163206                    /usr/lib/jvm/java-6-sun-1.6.0.13/jre/lib/amd64/libzip.so
7f5d5d1e8000-7f5d5d1eb000 rwxp 00010000 08:13 3163206                    /usr/lib/jvm/java-6-sun-1.6.0.13/jre/lib/amd64/libzip.so
7f5d5d1eb000-7f5d5d1ec000 rwxp 7f5d5d1eb000 00:00 0 
7f5d5d1ec000-7f5d5d215000 r-xp 00000000 08:13 3163219                    /usr/lib/jvm/java-6-sun-1.6.0.13/jre/lib/amd64/libjava.so
7f5d5d215000-7f5d5d314000 ---p 00029000 08:13 3163219                    /usr/lib/jvm/java-6-sun-1.6.0.13/jre/lib/amd64/libjava.so
7f5d5d314000-7f5d5d31b000 rwxp 00028000 08:13 3163219                    /usr/lib/jvm/java-6-sun-1.6.0.13/jre/lib/amd64/libjava.so
7f5d5d31b000-7f5d5d328000 r-xp 00000000 08:13 3163201                    /usr/lib/jvm/java-6-sun-1.6.0.13/jre/lib/amd64/libverify.so
7f5d5d328000-7f5d5d427000 ---p 0000d000 08:13 3163201                    /usr/lib/jvm/java-6-sun-1.6.0.13/jre/lib/amd64/libverify.so
7f5d5d427000-7f5d5d42a000 rwxp 0000c000 08:13 3163201                    /usr/lib/jvm/java-6-sun-1.6.0.13/jre/lib/amd64/libverify.so
7f5d5d42a000-7f5d5d436000 r-xp 00000000 08:13 213021                     /lib/libnss_files-2.9.so
7f5d5d436000-7f5d5d635000 ---p 0000c000 08:13 213021                     /lib/libnss_files-2.9.so
7f5d5d635000-7f5d5d636000 r-xp 0000b000 08:13 213021                     /lib/libnss_files-2.9.so
7f5d5d636000-7f5d5d637000 rwxp 0000c000 08:13 213021                     /lib/libnss_files-2.9.so
7f5d5d637000-7f5d5d641000 r-xp 00000000 08:13 213023                     /lib/libnss_nis-2.9.so
7f5d5d641000-7f5d5d840000 ---p 0000a000 08:13 213023                     /lib/libnss_nis-2.9.so
7f5d5d840000-7f5d5d841000 r-xp 00009000 08:13 213023                     /lib/libnss_nis-2.9.so
7f5d5d841000-7f5d5d842000 rwxp 0000a000 08:13 213023                     /lib/libnss_nis-2.9.so
7f5d5d842000-7f5d5d84a000 r-xp 00000000 08:13 213019                     /lib/libnss_compat-2.9.so
7f5d5d84a000-7f5d5da49000 ---p 00008000 08:13 213019                     /lib/libnss_compat-2.9.so
7f5d5da49000-7f5d5da4a000 r-xp 00007000 08:13 213019                     /lib/libnss_compat-2.9.so
7f5d5da4a000-7f5d5da4b000 rwxp 00008000 08:13 213019                     /lib/libnss_compat-2.9.so
7f5d5da4b000-7f5d5da61000 r-xp 00000000 08:13 213018                     /lib/libnsl-2.9.so
7f5d5da61000-7f5d5dc61000 ---p 00016000 08:13 213018                     /lib/libnsl-2.9.so
7f5d5dc61000-7f5d5dc62000 r-xp 00016000 08:13 213018                     /lib/libnsl-2.9.so
7f5d5dc62000-7f5d5dc63000 rwxp 00017000 08:13 213018                     /lib/libnsl-2.9.so
7f5d5dc63000-7f5d5dc65000 rwxp 7f5d5dc63000 00:00 0 
7f5d5dc65000-7f5d5dc6c000 r-xp 00000000 08:13 3163208                    /usr/lib/jvm/java-6-sun-1.6.0.13/jre/lib/amd64/native_threads/libhpi.so
7f5d5dc6c000-7f5d5dd6d000 ---p 00007000 08:13 3163208                    /usr/lib/jvm/java-6-sun-1.6.0.13/jre/lib/amd64/native_threads/libhpi.so
7f5d5dd6d000-7f5d5dd6f000 rwxp 00008000 08:13 3163208                    /usr/lib/jvm/java-6-sun-1.6.0.13/jre/lib/amd64/native_threads/libhpi.so
7f5d5dd6f000-7f5d5dd70000 rwxp 7f5d5dd6f000 00:00 0 
7f5d5dd70000-7f5d5dd77000 r-xp 00000000 08:13 213028                     /lib/librt-2.9.so
7f5d5dd77000-7f5d5df76000 ---p 00007000 08:13 213028                     /lib/librt-2.9.so
7f5d5df76000-7f5d5df77000 r-xp 00006000 08:13 213028                     /lib/librt-2.9.so
7f5d5df77000-7f5d5df78000 rwxp 00007000 08:13 213028                     /lib/librt-2.9.so
7f5d5df78000-7f5d5df7b000 ---p 7f5d5df78000 00:00 0 
7f5d5df7b000-7f5d5e079000 rwxp 7f5d5df7b000 00:00 0 
7f5d5e079000-7f5d5e0fd000 r-xp 00000000 08:13 213016                     /lib/libm-2.9.so
7f5d5e0fd000-7f5d5e2fc000 ---p 00084000 08:13 213016                     /lib/libm-2.9.so
7f5d5e2fc000-7f5d5e2fd000 r-xp 00083000 08:13 213016                     /lib/libm-2.9.so
7f5d5e2fd000-7f5d5e2fe000 rwxp 00084000 08:13 213016                     /lib/libm-2.9.so
7f5d5e2fe000-7f5d5e98b000 r-xp 00000000 08:13 3163226                    /usr/lib/jvm/java-6-sun-1.6.0.13/jre/lib/amd64/server/libjvm.so
7f5d5e98b000-7f5d5ea8a000 ---p 0068d000 08:13 3163226                    /usr/lib/jvm/java-6-sun-1.6.0.13/jre/lib/amd64/server/libjvm.so
7f5d5ea8a000-7f5d5ebdb000 rwxp 0068c000 08:13 3163226                    /usr/lib/jvm/java-6-sun-1.6.0.13/jre/lib/amd64/server/libjvm.so
7f5d5ebdb000-7f5d5ec18000 rwxp 7f5d5ebdb000 00:00 0 
7f5d5ec18000-7f5d5ed80000 r-xp 00000000 08:13 213012                     /lib/libc-2.9.so
7f5d5ed80000-7f5d5ef80000 ---p 00168000 08:13 213012                     /lib/libc-2.9.so
7f5d5ef80000-7f5d5ef84000 r-xp 00168000 08:13 213012                     /lib/libc-2.9.so
7f5d5ef84000-7f5d5ef85000 rwxp 0016c000 08:13 213012                     /lib/libc-2.9.so
7f5d5ef85000-7f5d5ef8a000 rwxp 7f5d5ef85000 00:00 0 
7f5d5ef8a000-7f5d5ef8c000 r-xp 00000000 08:13 213015                     /lib/libdl-2.9.so
7f5d5ef8c000-7f5d5f18c000 ---p 00002000 08:13 213015                     /lib/libdl-2.9.so
7f5d5f18c000-7f5d5f18d000 r-xp 00002000 08:13 213015                     /lib/libdl-2.9.so
7f5d5f18d000-7f5d5f18e000 rwxp 00003000 08:13 213015                     /lib/libdl-2.9.so
7f5d5f18e000-7f5d5f1a5000 r-xp 00000000 08:13 213026                     /lib/libpthread-2.9.so
7f5d5f1a5000-7f5d5f3a4000 ---p 00017000 08:13 213026                     /lib/libpthread-2.9.so
7f5d5f3a4000-7f5d5f3a5000 r-xp 00016000 08:13 213026                     /lib/libpthread-2.9.so
7f5d5f3a5000-7f5d5f3a6000 rwxp 00017000 08:13 213026                     /lib/libpthread-2.9.so
7f5d5f3a6000-7f5d5f3aa000 rwxp 7f5d5f3a6000 00:00 0 
7f5d5f3aa000-7f5d5f3ca000 r-xp 00000000 08:13 213006                     /lib/ld-2.9.so
7f5d5f3d0000-7f5d5f3de000 r-xs 000ba000 08:11 422677                     /home/epsilon/文档/4_java/javaTools/mtj.jar
7f5d5f3de000-7f5d5f3e8000 rwxp 7f5d5f3de000 00:00 0 
7f5d5f3e8000-7f5d5f49e000 rwxp 7f5d5f3e8000 00:00 0 
7f5d5f49e000-7f5d5f4a0000 rwxp 7f5d5f49e000 00:00 0 
7f5d5f4a0000-7f5d5f4a7000 r-xp 00000000 08:13 3163192                    /usr/lib/jvm/java-6-sun-1.6.0.13/jre/lib/amd64/jli/libjli.so
7f5d5f4a7000-7f5d5f5a8000 ---p 00007000 08:13 3163192                    /usr/lib/jvm/java-6-sun-1.6.0.13/jre/lib/amd64/jli/libjli.so
7f5d5f5a8000-7f5d5f5aa000 rwxp 00008000 08:13 3163192                    /usr/lib/jvm/java-6-sun-1.6.0.13/jre/lib/amd64/jli/libjli.so
7f5d5f5aa000-7f5d5f5ab000 rwxp 7f5d5f5aa000 00:00 0 
7f5d5f5ab000-7f5d5f5ae000 r-xs 000cb000 08:13 3162696                    /usr/lib/jvm/java-6-sun-1.6.0.13/jre/lib/ext/localedata.jar
7f5d5f5ae000-7f5d5f5b1000 r-xs 00000000 08:13 3196574                    /var/cache/fontconfig/7ef2298fde41cc6eeb7af42e48b7d293-x86-64.cache-2
7f5d5f5b1000-7f5d5f5b5000 r-xs 00042000 08:11 181747                     /home/epsilon/NetBeansProjects/EpsilonUtils/trunk/dist/EpsilonYUtil.jar
7f5d5f5b5000-7f5d5f5bc000 r-xs 00000000 08:13 2803699                    /usr/lib/gconv/gconv-modules.cache
7f5d5f5bc000-7f5d5f5c4000 rwxs 00000000 08:13 376928                     /tmp/hsperfdata_epsilon/8670
7f5d5f5c4000-7f5d5f5c5000 rwxp 7f5d5f5c4000 00:00 0 
7f5d5f5c5000-7f5d5f5c6000 r-xp 7f5d5f5c5000 00:00 0 
7f5d5f5c6000-7f5d5f5c9000 rwxp 7f5d5f5c6000 00:00 0 
7f5d5f5c9000-7f5d5f5ca000 r-xp 0001f000 08:13 213006                     /lib/ld-2.9.so
7f5d5f5ca000-7f5d5f5cb000 rwxp 00020000 08:13 213006                     /lib/ld-2.9.so
7fff675b6000-7fff675cb000 rwxp 7ffffffea000 00:00 0                      [stack]
7fff675ff000-7fff67600000 r-xp 7fff675ff000 00:00 0                      [vdso]
ffffffffff600000-ffffffffff601000 r-xp 00000000 00:00 0                  [vsyscall]

VM Arguments:
jvm_args: -Dawt.useSystemAAFontSettings=on 
java_command: net.epsilony.simpmeshfree.model.ModelTestFrame
Launcher Type: SUN_STANDARD

Environment Variables:
_JAVA_OPTIONS=-Dawt.useSystemAAFontSettings=on
PATH=/usr/local/sbin:/usr/local/bin:/usr/sbin:/usr/bin:/sbin:/bin:/usr/games
USERNAME=epsilon
LD_LIBRARY_PATH=/usr/lib/jvm/java-6-sun-1.6.0.13/jre/lib/amd64/server:/usr/lib/jvm/java-6-sun-1.6.0.13/jre/lib/amd64:/usr/lib/jvm/java-6-sun-1.6.0.13/jre/../lib/amd64
SHELL=/bin/bash
DISPLAY=:0.0

Signal Handlers:
SIGSEGV: [libjvm.so+0x5fcd20], sa_mask[0]=0x7ffbfeff, sa_flags=0x10000004
SIGBUS: [libjvm.so+0x5fcd20], sa_mask[0]=0x7ffbfeff, sa_flags=0x10000004
SIGFPE: [libjvm.so+0x4e0eb0], sa_mask[0]=0x7ffbfeff, sa_flags=0x10000004
SIGPIPE: [libjvm.so+0x4e0eb0], sa_mask[0]=0x7ffbfeff, sa_flags=0x10000004
SIGXFSZ: [libjvm.so+0x4e0eb0], sa_mask[0]=0x7ffbfeff, sa_flags=0x10000004
SIGILL: [libjvm.so+0x4e0eb0], sa_mask[0]=0x7ffbfeff, sa_flags=0x10000004
SIGUSR1: SIG_DFL, sa_mask[0]=0x00000000, sa_flags=0x00000000
SIGUSR2: [libjvm.so+0x4e35d0], sa_mask[0]=0x00000004, sa_flags=0x10000004
SIGHUP: [libjvm.so+0x4e3320], sa_mask[0]=0x7ffbfeff, sa_flags=0x10000004
SIGINT: SIG_IGN, sa_mask[0]=0x00000000, sa_flags=0x00000000
SIGTERM: [libjvm.so+0x4e3320], sa_mask[0]=0x7ffbfeff, sa_flags=0x10000004
SIGQUIT: [libjvm.so+0x4e3320], sa_mask[0]=0x7ffbfeff, sa_flags=0x10000004


---------------  S Y S T E M  ---------------

OS:5.0

uname:Linux 2.6.28-12-generic #43-Ubuntu SMP Fri May 1 19:31:32 UTC 2009 x86_64
libc:glibc 2.9 NPTL 2.9 
rlimit: STACK 8192k, CORE 0k, NPROC infinity, NOFILE 1024, AS infinity
load average:0.91 0.64 0.48

CPU:total 2 (2 cores per cpu, 1 threads per core) family 16 model 2 stepping 3, cmov, cx8, fxsr, mmx, sse, sse2, sse3, mmxext, 3dnow, 3dnowext, sse4a

Memory: 4k page, physical 5780180k(3104336k free), swap 3903752k(3865604k free)

vm_info: Java HotSpot(TM) 64-Bit Server VM (11.3-b02) for linux-amd64 JRE (1.6.0_13-b03), built on Mar  9 2009 11:08:22 by "java_re" with gcc 3.2.2 (SuSE Linux)

time: Mon May 18 11:18:50 2009
elapsed time: 0 seconds

