#
# An unexpected error has been detected by Java Runtime Environment:
#
#  SIGSEGV (0xb) at pc=0x00007fce860b611b, pid=3670, tid=140523290540368
#
# Java VM: Java HotSpot(TM) 64-Bit Server VM (11.3-b02 mixed mode linux-amd64)
# Problematic frame:
# C  [libc.so.6+0x8411b]  memcpy+0x15b
#
# If you would like to submit a bug report, please visit:
#   http://java.sun.com/webapps/bugreport/crash.jsp
#

---------------  T H R E A D  ---------------

Current thread (0x00000000415dd000):  JavaThread "AWT-EventQueue-0" [_thread_in_vm, id=3705, stack(0x00007fce20c0b000,0x00007fce20d0c000)]

siginfo:si_signo=SIGSEGV: si_errno=0, si_code=2 (SEGV_ACCERR), si_addr=0x00007fce1c0d2000

Registers:
RAX=0x00007fce646b3f70, RBX=0x00007fce23cf12a0, RCX=0x0000000000000076, RDX=0x0000000000004540
RSP=0x00007fce20d0a3b8, RBP=0x00007fce20d0a440, RSI=0x00007fce1c0d2000, RDI=0x00007fce646b8100
R8 =0x0000000000000ffc, R9 =0x00007fce85f025b8, R10=0x00007fce85f06028, R11=0x0000000000004540
R12=0x0000000000004540, R13=0x0000000000000000, R14=0x00000000415de4a0, R15=0x00007fce20d0a3d0
RIP=0x00007fce860b611b, EFL=0x0000000000010212, CSGSFS=0x0000000000000033, ERR=0x0000000000000004
  TRAPNO=0x000000000000000e

Top of Stack: (sp=0x00007fce20d0a3b8)
0x00007fce20d0a3b8:   00007fce85a5e600 00000000415dd1c0
0x00007fce20d0a3c8:   00007fce1c0cde70 00000000415dd000
0x00007fce20d0a3d8:   0000000000000000 00000000415dd000
0x00007fce20d0a3e8:   0000000000000000 00000000415dd000
0x00007fce20d0a3f8:   00007fce20d0a538 00000000415dd000
0x00007fce20d0a408:   00007fce860ac276 00000000415dd000
0x00007fce20d0a418:   00000000415de4a0 00007fce1c011e50
0x00007fce20d0a428:   00007fce1c0120a0 00007fce20d0a538
0x00007fce20d0a438:   00000000415de440 00000000415dd1c0
0x00007fce20d0a448:   00007fce206a7486 00007fce1c011ff0
0x00007fce20d0a458:   00000000415de448 00000000415de450
0x00007fce20d0a468:   00000000415de458 00000000415de460
0x00007fce20d0a478:   00000000415de468 00000000415de470
0x00007fce20d0a488:   00000000415dd3f0 01010101015dd000
0x00007fce20d0a498:   00007fce246eec80 00007fce20d0a518
0x00007fce20d0a4a8:   0000000000000101 00007fce246eec80
0x00007fce20d0a4b8:   00007fce20d0a538 00000000415dd000
0x00007fce20d0a4c8:   00007fce81500852 00000000415dd000
0x00007fce20d0a4d8:   00007fce20d0a4d8 00007fce246eec80
0x00007fce20d0a4e8:   00007fce20d0a538 00007fce246ef6b8
0x00007fce20d0a4f8:   0000000000000000 00007fce246eec80
0x00007fce20d0a508:   0000000000000000 00007fce20d0a538
0x00007fce20d0a518:   00007fce20d0a580 00007fce814f5322
0x00007fce20d0a528:   0000000000000000 00007fce814fd358
0x00007fce20d0a538:   00007fce6467c5e0 00007fce20d0a540
0x00007fce20d0a548:   00007fce246ed75d 00007fce20d0a5c8
0x00007fce20d0a558:   00007fce246ef6b8 0000000000000000
0x00007fce20d0a568:   00007fce246ed7e8 00007fce20d0a538
0x00007fce20d0a578:   00007fce20d0a5b8 00007fce20d0a610
0x00007fce20d0a588:   00007fce814f5322 00007fce646ac708
0x00007fce20d0a598:   00007fce646acaf8 0000000000000002
0x00007fce20d0a5a8:   00007fce646acac0 00007fce646ab608 

Instructions: (pc=0x00007fce860b611b)
0x00007fce860b610b:   0f 47 da 4c 89 d9 49 83 e3 f8 48 c1 e9 03 74 05
0x00007fce860b611b:   f3 48 a5 66 90 4c 29 da 48 f7 c2 f8 ff ff ff 75 

Stack: [0x00007fce20c0b000,0x00007fce20d0c000],  sp=0x00007fce20d0a3b8,  free space=1020k
Native frames: (J=compiled Java code, j=interpreted, Vv=VM code, C=native code)
C  [libc.so.6+0x8411b]  memcpy+0x15b

Java frames: (J=compiled Java code, j=interpreted, Vv=VM code)
j  net.epsilony.simpmeshfree.model.geometry.TriangleJni.triangleFun()V+0
j  net.epsilony.simpmeshfree.model.geometry.TriangleJni.complie(Lnet/epsilony/simpmeshfree/model/geometry/GeometryModel;Ljava/lang/String;)V+141
j  net.epsilony.simpmeshfree.model.mechanics.MechanicsModel.generateNodesByTriangle(DDLjava/lang/String;ZZ)V+110
j  net.epsilony.simpmeshfree.model.ModelTestFrame.<init>()V+659
j  net.epsilony.simpmeshfree.model.ModelTestFrame$1.run()V+4
j  java.awt.event.InvocationEvent.dispatch()V+47
j  java.awt.EventQueue.dispatchEvent(Ljava/awt/AWTEvent;)V+26
j  java.awt.EventDispatchThread.pumpOneEventForFilters(I)Z+204
j  java.awt.EventDispatchThread.pumpEventsForFilter(ILjava/awt/Conditional;Ljava/awt/EventFilter;)V+30
j  java.awt.EventDispatchThread.pumpEventsForHierarchy(ILjava/awt/Conditional;Ljava/awt/Component;)V+11
j  java.awt.EventDispatchThread.pumpEvents(ILjava/awt/Conditional;)V+4
j  java.awt.EventDispatchThread.pumpEvents(Ljava/awt/Conditional;)V+3
j  java.awt.EventDispatchThread.run()V+9
v  ~StubRoutines::call_stub

---------------  P R O C E S S  ---------------

Java Threads: ( => current thread )
  0x000000004144d800 JavaThread "Thread-3" [_thread_blocked, id=3707, stack(0x00007fce20a09000,0x00007fce20b0a000)]
  0x00000000414c4000 JavaThread "Thread-2" [_thread_blocked, id=3706, stack(0x00007fce20b0a000,0x00007fce20c0b000)]
  0x0000000041284000 JavaThread "DestroyJavaVM" [_thread_blocked, id=3671, stack(0x00007fce85392000,0x00007fce85493000)]
=>0x00000000415dd000 JavaThread "AWT-EventQueue-0" [_thread_in_vm, id=3705, stack(0x00007fce20c0b000,0x00007fce20d0c000)]
  0x00000000415d6800 JavaThread "AWT-Shutdown" [_thread_blocked, id=3704, stack(0x00007fce20e1a000,0x00007fce20f1b000)]
  0x0000000041687000 JavaThread "AWT-XAWT" daemon [_thread_in_native, id=3703, stack(0x00007fce20f1b000,0x00007fce2101c000)]
  0x00000000414bc000 JavaThread "Java2D Disposer" daemon [_thread_blocked, id=3700, stack(0x00007fce21650000,0x00007fce21751000)]
  0x000000004133b800 JavaThread "Low Memory Detector" daemon [_thread_blocked, id=3694, stack(0x00007fce22c8b000,0x00007fce22d8c000)]
  0x0000000041339000 JavaThread "CompilerThread1" daemon [_thread_in_native, id=3691, stack(0x00007fce22d8c000,0x00007fce22e8d000)]
  0x0000000041335000 JavaThread "CompilerThread0" daemon [_thread_blocked, id=3687, stack(0x00007fce22e8d000,0x00007fce22f8e000)]
  0x0000000041333000 JavaThread "Signal Dispatcher" daemon [_thread_blocked, id=3686, stack(0x00007fce22f8e000,0x00007fce2308f000)]
  0x0000000041311800 JavaThread "Finalizer" daemon [_thread_blocked, id=3684, stack(0x00007fce230ce000,0x00007fce231cf000)]
  0x000000004130a800 JavaThread "Reference Handler" daemon [_thread_blocked, id=3683, stack(0x00007fce231cf000,0x00007fce232d0000)]

Other Threads:
  0x0000000041305000 VMThread [stack: 0x00007fce232d0000,0x00007fce233d1000] [id=3680]
  0x000000004133dc00 WatcherThread [stack: 0x00007fce22b8a000,0x00007fce22c8b000] [id=3696]

VM state:not at safepoint (normal execution)

VM Mutex/Monitor currently owned by a thread: None

Heap
 PSYoungGen      total 26368K, used 19327K [0x00007fce63e50000, 0x00007fce65bb0000, 0x00007fce814f0000)
  eden space 22656K, 85% used [0x00007fce63e50000,0x00007fce6512fca8,0x00007fce65470000)
  from space 3712K, 0% used [0x00007fce65810000,0x00007fce65810000,0x00007fce65bb0000)
  to   space 3712K, 0% used [0x00007fce65470000,0x00007fce65470000,0x00007fce65810000)
 PSOldGen        total 60288K, used 0K [0x00007fce290f0000, 0x00007fce2cbd0000, 0x00007fce63e50000)
  object space 60288K, 0% used [0x00007fce290f0000,0x00007fce290f0000,0x00007fce2cbd0000)
 PSPermGen       total 21248K, used 10262K [0x00007fce23cf0000, 0x00007fce251b0000, 0x00007fce290f0000)
  object space 21248K, 48% used [0x00007fce23cf0000,0x00007fce246f5998,0x00007fce251b0000)

Dynamic libraries:
40000000-40009000 r-xp 00000000 08:13 3163089                            /usr/lib/jvm/java-6-sun-1.6.0.13/jre/bin/java
40108000-4010a000 rwxp 00008000 08:13 3163089                            /usr/lib/jvm/java-6-sun-1.6.0.13/jre/bin/java
4127c000-42507000 rwxp 4127c000 00:00 0                                  [heap]
7fce1c000000-7fce1c0d2000 rwxp 7fce1c000000 00:00 0 
7fce1c0d2000-7fce20000000 ---p 7fce1c0d2000 00:00 0 
7fce2017e000-7fce20194000 r-xp 00000000 08:13 213005                     /lib/libgcc_s.so.1
7fce20194000-7fce20394000 ---p 00016000 08:13 213005                     /lib/libgcc_s.so.1
7fce20394000-7fce20395000 r-xp 00016000 08:13 213005                     /lib/libgcc_s.so.1
7fce20395000-7fce20396000 rwxp 00017000 08:13 213005                     /lib/libgcc_s.so.1
7fce20396000-7fce20487000 r-xp 00000000 08:13 2802601                    /usr/lib/libstdc++.so.6.0.10
7fce20487000-7fce20687000 ---p 000f1000 08:13 2802601                    /usr/lib/libstdc++.so.6.0.10
7fce20687000-7fce2068e000 r-xp 000f1000 08:13 2802601                    /usr/lib/libstdc++.so.6.0.10
7fce2068e000-7fce20690000 rwxp 000f8000 08:13 2802601                    /usr/lib/libstdc++.so.6.0.10
7fce20690000-7fce206a3000 rwxp 7fce20690000 00:00 0 
7fce206a3000-7fce206c7000 r-xp 00000000 08:13 1942103                    /usr/lib/TriangleJniAmd64.so
7fce206c7000-7fce208c6000 ---p 00024000 08:13 1942103                    /usr/lib/TriangleJniAmd64.so
7fce208c6000-7fce208c7000 r-xp 00023000 08:13 1942103                    /usr/lib/TriangleJniAmd64.so
7fce208c7000-7fce208c8000 rwxp 00024000 08:13 1942103                    /usr/lib/TriangleJniAmd64.so
7fce208c8000-7fce20a09000 rwxp 7fce208c8000 00:00 0 
7fce20a09000-7fce20a0c000 ---p 7fce20a09000 00:00 0 
7fce20a0c000-7fce20b0a000 rwxp 7fce20a0c000 00:00 0 
7fce20b0a000-7fce20b0d000 ---p 7fce20b0a000 00:00 0 
7fce20b0d000-7fce20c0b000 rwxp 7fce20b0d000 00:00 0 
7fce20c0b000-7fce20c0e000 ---p 7fce20c0b000 00:00 0 
7fce20c0e000-7fce20d0c000 rwxp 7fce20c0e000 00:00 0 
7fce20d0c000-7fce20d15000 r-xs 00000000 08:13 3197464                    /var/cache/fontconfig/945677eb7aeaf62f1d50efc3fb3ec7d8-x86-64.cache-2
7fce20d15000-7fce20d17000 r-xs 00000000 08:13 3197468                    /var/cache/fontconfig/99e8ed0e538f840c565b6ed5dad60d56-x86-64.cache-2
7fce20d17000-7fce20d1a000 r-xs 00000000 08:13 3197466                    /var/cache/fontconfig/e383d7ea5fbe662a33d9b44caf393297-x86-64.cache-2
7fce20d1a000-7fce20d1e000 r-xs 00000000 08:13 3197459                    /var/cache/fontconfig/6eb3985aa4124903f6ff08ba781cd364-x86-64.cache-2
7fce20d1e000-7fce20d1f000 r-xs 00000000 08:13 3197445                    /var/cache/fontconfig/4c73fe0c47614734b17d736dbde7580a-x86-64.cache-2
7fce20d1f000-7fce20d23000 r-xs 00000000 08:13 3196573                    /var/cache/fontconfig/a755afe4a08bf5b97852ceb7400b47bc-x86-64.cache-2
7fce20d23000-7fce20d2c000 r-xs 00000000 08:13 3197440                    /var/cache/fontconfig/6d41288fd70b0be22e8c3a91e032eec0-x86-64.cache-2
7fce20d2c000-7fce20d2f000 r-xs 00000000 08:13 3197439                    /var/cache/fontconfig/de156ccd2eddbdc19d37a45b8b2aac9c-x86-64.cache-2
7fce20d2f000-7fce20d3a000 r-xs 00000000 08:13 3197435                    /var/cache/fontconfig/e3de0de479f42330eadf588a55fb5bf4-x86-64.cache-2
7fce20d3a000-7fce20d49000 r-xs 00000000 08:13 3197434                    /var/cache/fontconfig/0f34bcd4b6ee430af32735b75db7f02b-x86-64.cache-2
7fce20d49000-7fce20d4c000 r-xs 00000000 08:13 3197433                    /var/cache/fontconfig/ddd4086aec35a5275babba44bb759c3c-x86-64.cache-2
7fce20d4c000-7fce20d4d000 r-xs 00000000 08:13 3197424                    /var/cache/fontconfig/4794a0821666d79190d59a36cb4f44b5-x86-64.cache-2
7fce20d4d000-7fce20d56000 r-xs 00000000 08:13 3197417                    /var/cache/fontconfig/d52a8644073d54c13679302ca1180695-x86-64.cache-2
7fce20e1a000-7fce20e1d000 ---p 7fce20e1a000 00:00 0 
7fce20e1d000-7fce20f1b000 rwxp 7fce20e1d000 00:00 0 
7fce20f1b000-7fce20f1e000 ---p 7fce20f1b000 00:00 0 
7fce20f1e000-7fce2101c000 rwxp 7fce20f1e000 00:00 0 
7fce2101c000-7fce21021000 r-xp 00000000 08:13 2805390                    /usr/lib/libXfixes.so.3.1.0
7fce21021000-7fce21220000 ---p 00005000 08:13 2805390                    /usr/lib/libXfixes.so.3.1.0
7fce21220000-7fce21221000 rwxp 00004000 08:13 2805390                    /usr/lib/libXfixes.so.3.1.0
7fce21221000-7fce2122a000 r-xp 00000000 08:13 2805803                    /usr/lib/libXrender.so.1.3.0
7fce2122a000-7fce21429000 ---p 00009000 08:13 2805803                    /usr/lib/libXrender.so.1.3.0
7fce21429000-7fce2142a000 r-xp 00008000 08:13 2805803                    /usr/lib/libXrender.so.1.3.0
7fce2142a000-7fce2142b000 rwxp 00009000 08:13 2805803                    /usr/lib/libXrender.so.1.3.0
7fce2142b000-7fce21434000 r-xp 00000000 08:13 2805843                    /usr/lib/libXcursor.so.1.0.2
7fce21434000-7fce21634000 ---p 00009000 08:13 2805843                    /usr/lib/libXcursor.so.1.0.2
7fce21634000-7fce21635000 rwxp 00009000 08:13 2805843                    /usr/lib/libXcursor.so.1.0.2
7fce21650000-7fce21653000 ---p 7fce21650000 00:00 0 
7fce21653000-7fce21751000 rwxp 7fce21653000 00:00 0 
7fce21751000-7fce217cf000 r-xp 00000000 08:13 3163204                    /usr/lib/jvm/java-6-sun-1.6.0.13/jre/lib/amd64/libfontmanager.so
7fce217cf000-7fce218ce000 ---p 0007e000 08:13 3163204                    /usr/lib/jvm/java-6-sun-1.6.0.13/jre/lib/amd64/libfontmanager.so
7fce218ce000-7fce218e4000 rwxp 0007d000 08:13 3163204                    /usr/lib/jvm/java-6-sun-1.6.0.13/jre/lib/amd64/libfontmanager.so
7fce218e4000-7fce218f5000 rwxp 7fce218e4000 00:00 0 
7fce218f5000-7fce218fa000 r-xp 00000000 08:13 2805384                    /usr/lib/libXdmcp.so.6.0.0
7fce218fa000-7fce21af9000 ---p 00005000 08:13 2805384                    /usr/lib/libXdmcp.so.6.0.0
7fce21af9000-7fce21afa000 rwxp 00004000 08:13 2805384                    /usr/lib/libXdmcp.so.6.0.0
7fce21afa000-7fce21b15000 r-xp 00000000 08:13 2805386                    /usr/lib/libxcb.so.1.1.0
7fce21b15000-7fce21d14000 ---p 0001b000 08:13 2805386                    /usr/lib/libxcb.so.1.1.0
7fce21d14000-7fce21d15000 r-xp 0001a000 08:13 2805386                    /usr/lib/libxcb.so.1.1.0
7fce21d15000-7fce21d16000 rwxp 0001b000 08:13 2805386                    /usr/lib/libxcb.so.1.1.0
7fce21d16000-7fce21d18000 r-xp 00000000 08:13 2805382                    /usr/lib/libXau.so.6.0.0
7fce21d18000-7fce21f17000 ---p 00002000 08:13 2805382                    /usr/lib/libXau.so.6.0.0
7fce21f17000-7fce21f18000 r-xp 00001000 08:13 2805382                    /usr/lib/libXau.so.6.0.0
7fce21f18000-7fce21f19000 rwxp 00002000 08:13 2805382                    /usr/lib/libXau.so.6.0.0
7fce21f19000-7fce21f22000 r-xp 00000000 08:13 2805586                    /usr/lib/libXi.so.6.0.0
7fce21f22000-7fce22122000 ---p 00009000 08:13 2805586                    /usr/lib/libXi.so.6.0.0
7fce22122000-7fce22123000 r-xp 00009000 08:13 2805586                    /usr/lib/libXi.so.6.0.0
7fce22123000-7fce22124000 rwxp 0000a000 08:13 2805586                    /usr/lib/libXi.so.6.0.0
7fce22124000-7fce22129000 r-xp 00000000 08:13 2806834                    /usr/lib/libXtst.so.6.1.0
7fce22129000-7fce22329000 ---p 00005000 08:13 2806834                    /usr/lib/libXtst.so.6.1.0
7fce22329000-7fce2232a000 r-xp 00005000 08:13 2806834                    /usr/lib/libXtst.so.6.1.0
7fce2232a000-7fce2232b000 rwxp 00006000 08:13 2806834                    /usr/lib/libXtst.so.6.1.0
7fce2232b000-7fce2242d000 r-xp 00000000 08:13 2805388                    /usr/lib/libX11.so.6.2.0
7fce2242d000-7fce2262d000 ---p 00102000 08:13 2805388                    /usr/lib/libX11.so.6.2.0
7fce2262d000-7fce2262e000 r-xp 00102000 08:13 2805388                    /usr/lib/libX11.so.6.2.0
7fce2262e000-7fce22632000 rwxp 00103000 08:13 2805388                    /usr/lib/libX11.so.6.2.0
7fce22632000-7fce22643000 r-xp 00000000 08:13 2805394                    /usr/lib/libXext.so.6.4.0
7fce22643000-7fce22842000 ---p 00011000 08:13 2805394                    /usr/lib/libXext.so.6.4.0
7fce22842000-7fce22843000 r-xp 00010000 08:13 2805394                    /usr/lib/libXext.so.6.4.0
7fce22843000-7fce22844000 rwxp 00011000 08:13 2805394                    /usr/lib/libXext.so.6.4.0
7fce22845000-7fce22851000 r-xs 00000000 08:13 3197416                    /var/cache/fontconfig/089dead882dea3570ffc31a9898cfb69-x86-64.cache-2
7fce22851000-7fce22855000 r-xs 00000000 08:13 3197398                    /var/cache/fontconfig/cabbd14511b9e8a55e92af97fb3a0461-x86-64.cache-2
7fce22855000-7fce2285f000 r-xs 00000000 08:13 3195524                    /var/cache/fontconfig/e13b20fdb08344e0e664864cc2ede53d-x86-64.cache-2
7fce2285f000-7fce228a0000 r-xp 00000000 08:13 3163194                    /usr/lib/jvm/java-6-sun-1.6.0.13/jre/lib/amd64/xawt/libmawt.so
7fce228a0000-7fce2299f000 ---p 00041000 08:13 3163194                    /usr/lib/jvm/java-6-sun-1.6.0.13/jre/lib/amd64/xawt/libmawt.so
7fce2299f000-7fce229ab000 rwxp 00040000 08:13 3163194                    /usr/lib/jvm/java-6-sun-1.6.0.13/jre/lib/amd64/xawt/libmawt.so
7fce229ab000-7fce229ac000 rwxp 7fce229ab000 00:00 0 
7fce229ac000-7fce22a3e000 r-xp 00000000 08:13 3163239                    /usr/lib/jvm/java-6-sun-1.6.0.13/jre/lib/amd64/libawt.so
7fce22a3e000-7fce22b3d000 ---p 00092000 08:13 3163239                    /usr/lib/jvm/java-6-sun-1.6.0.13/jre/lib/amd64/libawt.so
7fce22b3d000-7fce22b56000 rwxp 00091000 08:13 3163239                    /usr/lib/jvm/java-6-sun-1.6.0.13/jre/lib/amd64/libawt.so
7fce22b56000-7fce22b7b000 rwxp 7fce22b56000 00:00 0 
7fce22b7b000-7fce22b82000 r-xs 00059000 08:11 1172178                    /home/epsilon/文档/4_java/javaTools/apache-log4j-1.2.15/log4j-1.2.15.jar
7fce22b82000-7fce22b8a000 r-xs 0004b000 08:11 162661                     /home/epsilon/文档/4_java/javaTools/commons-math-1.2/commons-math-1.2.jar
7fce22b8a000-7fce22b8b000 ---p 7fce22b8a000 00:00 0 
7fce22b8b000-7fce22c8b000 rwxp 7fce22b8b000 00:00 0 
7fce22c8b000-7fce22c8e000 ---p 7fce22c8b000 00:00 0 
7fce22c8e000-7fce22d8c000 rwxp 7fce22c8e000 00:00 0 
7fce22d8c000-7fce22d8f000 ---p 7fce22d8c000 00:00 0 
7fce22d8f000-7fce22e8d000 rwxp 7fce22d8f000 00:00 0 
7fce22e8d000-7fce22e90000 ---p 7fce22e8d000 00:00 0 
7fce22e90000-7fce22f8e000 rwxp 7fce22e90000 00:00 0 
7fce22f8e000-7fce22f91000 ---p 7fce22f8e000 00:00 0 
7fce22f91000-7fce2308f000 rwxp 7fce22f91000 00:00 0 
7fce2308f000-7fce230ce000 r-xp 00000000 08:13 2827839                    /usr/lib/locale/zh_CN.utf8/LC_CTYPE
7fce230ce000-7fce230d1000 ---p 7fce230ce000 00:00 0 
7fce230d1000-7fce231cf000 rwxp 7fce230d1000 00:00 0 
7fce231cf000-7fce231d2000 ---p 7fce231cf000 00:00 0 
7fce231d2000-7fce232d0000 rwxp 7fce231d2000 00:00 0 
7fce232d0000-7fce232d1000 ---p 7fce232d0000 00:00 0 
7fce232d1000-7fce23446000 rwxp 7fce232d1000 00:00 0 
7fce23446000-7fce235d8000 r-xs 02f34000 08:13 2942580                    /usr/lib/jvm/java-6-sun-1.6.0.13/jre/lib/rt.jar
7fce235d8000-7fce23600000 rwxp 7fce235d8000 00:00 0 
7fce23600000-7fce23601000 ---p 7fce23600000 00:00 0 
7fce23601000-7fce23701000 rwxp 7fce23601000 00:00 0 
7fce23701000-7fce23702000 ---p 7fce23701000 00:00 0 
7fce23702000-7fce2380d000 rwxp 7fce23702000 00:00 0 
7fce2380d000-7fce2382c000 rwxp 7fce2380d000 00:00 0 
7fce2382c000-7fce2384a000 rwxp 7fce2382c000 00:00 0 
7fce2384a000-7fce23a03000 rwxp 7fce2384a000 00:00 0 
7fce23a03000-7fce23a0e000 rwxp 7fce23a03000 00:00 0 
7fce23a0e000-7fce23a2d000 rwxp 7fce23a0e000 00:00 0 
7fce23a2d000-7fce23a4b000 rwxp 7fce23a2d000 00:00 0 
7fce23a4b000-7fce23c03000 rwxp 7fce23a4b000 00:00 0 
7fce23c03000-7fce23c13000 rwxp 7fce23c03000 00:00 0 
7fce23c13000-7fce23cef000 rwxp 7fce23c13000 00:00 0 
7fce23cef000-7fce251b0000 rwxp 7fce23cef000 00:00 0 
7fce251b0000-7fce290f0000 rwxp 7fce251b0000 00:00 0 
7fce290f0000-7fce2cbd0000 rwxp 7fce290f0000 00:00 0 
7fce2cbd0000-7fce63e50000 rwxp 7fce2cbd0000 00:00 0 
7fce63e50000-7fce65bb0000 rwxp 7fce63e50000 00:00 0 
7fce65bb0000-7fce814f0000 rwxp 7fce65bb0000 00:00 0 
7fce814f2000-7fce81762000 rwxp 7fce814f2000 00:00 0 
7fce81762000-7fce844f2000 rwxp 7fce81762000 00:00 0 
7fce844f2000-7fce84500000 r-xp 00000000 08:13 3163206                    /usr/lib/jvm/java-6-sun-1.6.0.13/jre/lib/amd64/libzip.so
7fce84500000-7fce84602000 ---p 0000e000 08:13 3163206                    /usr/lib/jvm/java-6-sun-1.6.0.13/jre/lib/amd64/libzip.so
7fce84602000-7fce84605000 rwxp 00010000 08:13 3163206                    /usr/lib/jvm/java-6-sun-1.6.0.13/jre/lib/amd64/libzip.so
7fce84605000-7fce84606000 rwxp 7fce84605000 00:00 0 
7fce84606000-7fce8462f000 r-xp 00000000 08:13 3163219                    /usr/lib/jvm/java-6-sun-1.6.0.13/jre/lib/amd64/libjava.so
7fce8462f000-7fce8472e000 ---p 00029000 08:13 3163219                    /usr/lib/jvm/java-6-sun-1.6.0.13/jre/lib/amd64/libjava.so
7fce8472e000-7fce84735000 rwxp 00028000 08:13 3163219                    /usr/lib/jvm/java-6-sun-1.6.0.13/jre/lib/amd64/libjava.so
7fce84735000-7fce84742000 r-xp 00000000 08:13 3163201                    /usr/lib/jvm/java-6-sun-1.6.0.13/jre/lib/amd64/libverify.so
7fce84742000-7fce84841000 ---p 0000d000 08:13 3163201                    /usr/lib/jvm/java-6-sun-1.6.0.13/jre/lib/amd64/libverify.so
7fce84841000-7fce84844000 rwxp 0000c000 08:13 3163201                    /usr/lib/jvm/java-6-sun-1.6.0.13/jre/lib/amd64/libverify.so
7fce84844000-7fce84850000 r-xp 00000000 08:13 213021                     /lib/libnss_files-2.9.so
7fce84850000-7fce84a4f000 ---p 0000c000 08:13 213021                     /lib/libnss_files-2.9.so
7fce84a4f000-7fce84a50000 r-xp 0000b000 08:13 213021                     /lib/libnss_files-2.9.so
7fce84a50000-7fce84a51000 rwxp 0000c000 08:13 213021                     /lib/libnss_files-2.9.so
7fce84a51000-7fce84a5b000 r-xp 00000000 08:13 213023                     /lib/libnss_nis-2.9.so
7fce84a5b000-7fce84c5a000 ---p 0000a000 08:13 213023                     /lib/libnss_nis-2.9.so
7fce84c5a000-7fce84c5b000 r-xp 00009000 08:13 213023                     /lib/libnss_nis-2.9.so
7fce84c5b000-7fce84c5c000 rwxp 0000a000 08:13 213023                     /lib/libnss_nis-2.9.so
7fce84c5c000-7fce84c64000 r-xp 00000000 08:13 213019                     /lib/libnss_compat-2.9.so
7fce84c64000-7fce84e63000 ---p 00008000 08:13 213019                     /lib/libnss_compat-2.9.so
7fce84e63000-7fce84e64000 r-xp 00007000 08:13 213019                     /lib/libnss_compat-2.9.so
7fce84e64000-7fce84e65000 rwxp 00008000 08:13 213019                     /lib/libnss_compat-2.9.so
7fce84e65000-7fce84e7b000 r-xp 00000000 08:13 213018                     /lib/libnsl-2.9.so
7fce84e7b000-7fce8507b000 ---p 00016000 08:13 213018                     /lib/libnsl-2.9.so
7fce8507b000-7fce8507c000 r-xp 00016000 08:13 213018                     /lib/libnsl-2.9.so
7fce8507c000-7fce8507d000 rwxp 00017000 08:13 213018                     /lib/libnsl-2.9.so
7fce8507d000-7fce8507f000 rwxp 7fce8507d000 00:00 0 
7fce8507f000-7fce85086000 r-xp 00000000 08:13 3163208                    /usr/lib/jvm/java-6-sun-1.6.0.13/jre/lib/amd64/native_threads/libhpi.so
7fce85086000-7fce85187000 ---p 00007000 08:13 3163208                    /usr/lib/jvm/java-6-sun-1.6.0.13/jre/lib/amd64/native_threads/libhpi.so
7fce85187000-7fce85189000 rwxp 00008000 08:13 3163208                    /usr/lib/jvm/java-6-sun-1.6.0.13/jre/lib/amd64/native_threads/libhpi.so
7fce85189000-7fce8518a000 rwxp 7fce85189000 00:00 0 
7fce8518a000-7fce85191000 r-xp 00000000 08:13 213028                     /lib/librt-2.9.so
7fce85191000-7fce85390000 ---p 00007000 08:13 213028                     /lib/librt-2.9.so
7fce85390000-7fce85391000 r-xp 00006000 08:13 213028                     /lib/librt-2.9.so
7fce85391000-7fce85392000 rwxp 00007000 08:13 213028                     /lib/librt-2.9.so
7fce85392000-7fce85395000 ---p 7fce85392000 00:00 0 
7fce85395000-7fce85493000 rwxp 7fce85395000 00:00 0 
7fce85493000-7fce85517000 r-xp 00000000 08:13 213016                     /lib/libm-2.9.so
7fce85517000-7fce85716000 ---p 00084000 08:13 213016                     /lib/libm-2.9.so
7fce85716000-7fce85717000 r-xp 00083000 08:13 213016                     /lib/libm-2.9.so
7fce85717000-7fce85718000 rwxp 00084000 08:13 213016                     /lib/libm-2.9.so
7fce85718000-7fce85da5000 r-xp 00000000 08:13 3163226                    /usr/lib/jvm/java-6-sun-1.6.0.13/jre/lib/amd64/server/libjvm.so
7fce85da5000-7fce85ea4000 ---p 0068d000 08:13 3163226                    /usr/lib/jvm/java-6-sun-1.6.0.13/jre/lib/amd64/server/libjvm.so
7fce85ea4000-7fce85ff5000 rwxp 0068c000 08:13 3163226                    /usr/lib/jvm/java-6-sun-1.6.0.13/jre/lib/amd64/server/libjvm.so
7fce85ff5000-7fce86032000 rwxp 7fce85ff5000 00:00 0 
7fce86032000-7fce8619a000 r-xp 00000000 08:13 213012                     /lib/libc-2.9.so
7fce8619a000-7fce8639a000 ---p 00168000 08:13 213012                     /lib/libc-2.9.so
7fce8639a000-7fce8639e000 r-xp 00168000 08:13 213012                     /lib/libc-2.9.so
7fce8639e000-7fce8639f000 rwxp 0016c000 08:13 213012                     /lib/libc-2.9.so
7fce8639f000-7fce863a4000 rwxp 7fce8639f000 00:00 0 
7fce863a4000-7fce863a6000 r-xp 00000000 08:13 213015                     /lib/libdl-2.9.so
7fce863a6000-7fce865a6000 ---p 00002000 08:13 213015                     /lib/libdl-2.9.so
7fce865a6000-7fce865a7000 r-xp 00002000 08:13 213015                     /lib/libdl-2.9.so
7fce865a7000-7fce865a8000 rwxp 00003000 08:13 213015                     /lib/libdl-2.9.so
7fce865a8000-7fce865bf000 r-xp 00000000 08:13 213026                     /lib/libpthread-2.9.so
7fce865bf000-7fce867be000 ---p 00017000 08:13 213026                     /lib/libpthread-2.9.so
7fce867be000-7fce867bf000 r-xp 00016000 08:13 213026                     /lib/libpthread-2.9.so
7fce867bf000-7fce867c0000 rwxp 00017000 08:13 213026                     /lib/libpthread-2.9.so
7fce867c0000-7fce867c4000 rwxp 7fce867c0000 00:00 0 
7fce867c4000-7fce867e4000 r-xp 00000000 08:13 213006                     /lib/ld-2.9.so
7fce867ea000-7fce867f8000 r-xs 000ba000 08:11 422677                     /home/epsilon/文档/4_java/javaTools/mtj.jar
7fce867f8000-7fce86802000 rwxp 7fce867f8000 00:00 0 
7fce86802000-7fce868b8000 rwxp 7fce86802000 00:00 0 
7fce868b8000-7fce868ba000 rwxp 7fce868b8000 00:00 0 
7fce868ba000-7fce868c1000 r-xp 00000000 08:13 3163192                    /usr/lib/jvm/java-6-sun-1.6.0.13/jre/lib/amd64/jli/libjli.so
7fce868c1000-7fce869c2000 ---p 00007000 08:13 3163192                    /usr/lib/jvm/java-6-sun-1.6.0.13/jre/lib/amd64/jli/libjli.so
7fce869c2000-7fce869c4000 rwxp 00008000 08:13 3163192                    /usr/lib/jvm/java-6-sun-1.6.0.13/jre/lib/amd64/jli/libjli.so
7fce869c4000-7fce869c5000 rwxp 7fce869c4000 00:00 0 
7fce869c5000-7fce869c8000 r-xs 000cb000 08:13 3162696                    /usr/lib/jvm/java-6-sun-1.6.0.13/jre/lib/ext/localedata.jar
7fce869c8000-7fce869cb000 r-xs 00000000 08:13 3196574                    /var/cache/fontconfig/7ef2298fde41cc6eeb7af42e48b7d293-x86-64.cache-2
7fce869cb000-7fce869cf000 r-xs 00042000 08:11 181747                     /home/epsilon/NetBeansProjects/EpsilonUtils/trunk/dist/EpsilonYUtil.jar
7fce869cf000-7fce869d6000 r-xs 00000000 08:13 2803699                    /usr/lib/gconv/gconv-modules.cache
7fce869d6000-7fce869de000 rwxs 00000000 08:13 376945                     /tmp/hsperfdata_epsilon/3670
7fce869de000-7fce869df000 rwxp 7fce869de000 00:00 0 
7fce869df000-7fce869e0000 r-xp 7fce869df000 00:00 0 
7fce869e0000-7fce869e3000 rwxp 7fce869e0000 00:00 0 
7fce869e3000-7fce869e4000 r-xp 0001f000 08:13 213006                     /lib/ld-2.9.so
7fce869e4000-7fce869e5000 rwxp 00020000 08:13 213006                     /lib/ld-2.9.so
7fff8e9cf000-7fff8e9e4000 rwxp 7ffffffea000 00:00 0                      [stack]
7fff8e9fe000-7fff8e9ff000 r-xp 7fff8e9fe000 00:00 0                      [vdso]
ffffffffff600000-ffffffffff601000 r-xp 00000000 00:00 0                  [vsyscall]

VM Arguments:
jvm_args: -Dawt.useSystemAAFontSettings=on 
java_command: net.epsilony.simpmeshfree.model.ModelTestFrame
Launcher Type: SUN_STANDARD

Environment Variables:
_JAVA_OPTIONS=-Dawt.useSystemAAFontSettings=on
PATH=/usr/local/sbin:/usr/local/bin:/usr/sbin:/usr/bin:/sbin:/bin:/usr/games
USERNAME=epsilon
LD_LIBRARY_PATH=/usr/lib/jvm/java-6-sun-1.6.0.13/jre/lib/amd64/server:/usr/lib/jvm/java-6-sun-1.6.0.13/jre/lib/amd64:/usr/lib/jvm/java-6-sun-1.6.0.13/jre/../lib/amd64
SHELL=/bin/bash
DISPLAY=:0.0

Signal Handlers:
SIGSEGV: [libjvm.so+0x5fcd20], sa_mask[0]=0x7ffbfeff, sa_flags=0x10000004
SIGBUS: [libjvm.so+0x5fcd20], sa_mask[0]=0x7ffbfeff, sa_flags=0x10000004
SIGFPE: [libjvm.so+0x4e0eb0], sa_mask[0]=0x7ffbfeff, sa_flags=0x10000004
SIGPIPE: [libjvm.so+0x4e0eb0], sa_mask[0]=0x7ffbfeff, sa_flags=0x10000004
SIGXFSZ: [libjvm.so+0x4e0eb0], sa_mask[0]=0x7ffbfeff, sa_flags=0x10000004
SIGILL: [libjvm.so+0x4e0eb0], sa_mask[0]=0x7ffbfeff, sa_flags=0x10000004
SIGUSR1: SIG_DFL, sa_mask[0]=0x00000000, sa_flags=0x00000000
SIGUSR2: [libjvm.so+0x4e35d0], sa_mask[0]=0x00000004, sa_flags=0x10000004
SIGHUP: [libjvm.so+0x4e3320], sa_mask[0]=0x7ffbfeff, sa_flags=0x10000004
SIGINT: SIG_IGN, sa_mask[0]=0x00000000, sa_flags=0x00000000
SIGTERM: [libjvm.so+0x4e3320], sa_mask[0]=0x7ffbfeff, sa_flags=0x10000004
SIGQUIT: [libjvm.so+0x4e3320], sa_mask[0]=0x7ffbfeff, sa_flags=0x10000004


---------------  S Y S T E M  ---------------

OS:5.0

uname:Linux 2.6.28-12-generic #43-Ubuntu SMP Fri May 1 19:31:32 UTC 2009 x86_64
libc:glibc 2.9 NPTL 2.9 
rlimit: STACK 8192k, CORE 0k, NPROC infinity, NOFILE 1024, AS infinity
load average:0.86 0.76 0.48

CPU:total 2 (2 cores per cpu, 1 threads per core) family 16 model 2 stepping 3, cmov, cx8, fxsr, mmx, sse, sse2, sse3, mmxext, 3dnow, 3dnowext, sse4a

Memory: 4k page, physical 5780180k(3482592k free), swap 3903752k(3865604k free)

vm_info: Java HotSpot(TM) 64-Bit Server VM (11.3-b02) for linux-amd64 JRE (1.6.0_13-b03), built on Mar  9 2009 11:08:22 by "java_re" with gcc 3.2.2 (SuSE Linux)

time: Mon May 18 10:05:37 2009
elapsed time: 1 seconds

