#
# An unexpected error has been detected by Java Runtime Environment:
#
#  SIGBUS (0x7) at pc=0xb7fb8a6c, pid=13637, tid=3049204624
#
# Java VM: Java HotSpot(TM) Client VM (11.3-b02 mixed mode, sharing linux-x86)
# Problematic frame:
# C  [ld-linux.so.2+0xea6c]
#
# If you would like to submit a bug report, please visit:
#   http://java.sun.com/webapps/bugreport/crash.jsp
#

---------------  T H R E A D  ---------------

Current thread (0x08e8bc00):  VMThread [stack: 0xb5b72000,0xb5bf3000] [id=13640]

siginfo:si_signo=SIGBUS: si_errno=0, si_code=2 (BUS_ADRERR), si_addr=0xb50c7f2c

Registers:
EAX=0xb50c7f28, EBX=0xb7fc6ff4, ECX=0xb7f7a000, EDX=0x08fc9478
ESP=0xb5bf1e60, EBP=0xb5bf1f58, ESI=0x00000000, EDI=0x00000022
EIP=0xb7fb8a6c, CR2=0xb50c7f2c, EFLAGS=0x00210286

Top of Stack: (sp=0xb5bf1e60)
0xb5bf1e60:   b7fc7260 00000000 0000000a 00000000
0xb5bf1e70:   b7fc7670 b7fc7958 08e67b58 08f847d0
0xb5bf1e80:   08f28188 08f27c78 08e676f0 08e672d8
0xb5bf1e90:   08e5f460 08e60170 08e615e8 b7fa8bf0
0xb5bf1ea0:   b7f7a000 08fabf70 08f28b78 08f28df0
0xb5bf1eb0:   08f28688 08fac1e8 08fac460 08f28900
0xb5bf1ec0:   b7f7a2d8 08fc9478 08fc9700 08e5f708
0xb5bf1ed0:   08e64068 08e64310 08e61a48 08e645e0 

Instructions: (pc=0xb7fb8a6c)
0xb7fb8a5c:   04 83 ef 01 75 f6 8b 55 e8 8b 42 54 85 c0 74 07
0xb7fb8a6c:   8b 40 04 03 02 ff d0 8b 45 d8 85 c0 74 66 8b 45 

Stack: [0xb5b72000,0xb5bf3000],  sp=0xb5bf1e60,  free space=511k
Native frames: (J=compiled Java code, j=interpreted, Vv=VM code, C=native code)
C  [ld-linux.so.2+0xea6c]
C  [libc.so.6+0x2ebb9]  exit+0x89
V  [libjvm.so+0x219a6f]
V  [libjvm.so+0x3da727]
V  [libjvm.so+0x3d9d3c]
V  [libjvm.so+0x3d9f11]
V  [libjvm.so+0x3d9aef]
V  [libjvm.so+0x310ac9]
C  [libpthread.so.0+0x64ff]

VM_Operation (0xb525cec0): Exit, mode: safepoint, requested by thread 0x08fad800


---------------  P R O C E S S  ---------------

Java Threads: ( => current thread )
  0x08fad800 JavaThread "SIGTERM handler" daemon [_thread_blocked, id=13759, stack(0xb520d000,0xb525e000)]
  0x08fc1800 JavaThread "Thread-3" [_thread_blocked, id=13652, stack(0xb50c9000,0xb511a000)]
  0x08e97400 JavaThread "Thread-2" [_thread_blocked, id=13651, stack(0xb511a000,0xb516b000)]
  0x08e64c00 JavaThread "DestroyJavaVM" [_thread_blocked, id=13638, stack(0xb7d92000,0xb7de3000)]
  0x08fad000 JavaThread "AWT-XAWT" daemon [_thread_blocked, id=13648, stack(0xb525e000,0xb52af000)]
  0x08f85800 JavaThread "Java2D Disposer" daemon [_thread_blocked, id=13647, stack(0xb52af000,0xb5300000)]
  0x08e9cc00 JavaThread "Low Memory Detector" daemon [_thread_blocked, id=13645, stack(0xb5967000,0xb59b8000)]
  0x08e99c00 JavaThread "CompilerThread0" daemon [_thread_blocked, id=13644, stack(0xb59b8000,0xb5a39000)]
  0x08e92000 JavaThread "Finalizer" daemon [_thread_blocked, id=13642, stack(0xb5ad0000,0xb5b21000)]
  0x08e8d800 JavaThread "Reference Handler" daemon [_thread_blocked, id=13641, stack(0xb5b21000,0xb5b72000)]

Other Threads:
=>0x08e8bc00 VMThread [stack: 0xb5b72000,0xb5bf3000] [id=13640]

VM state:at safepoint (shutting down)

VM Mutex/Monitor currently owned by a thread:  ([mutex/lock_event])
[0x08e62b38] UNKNOWN - owner thread: 0x08e8bc00

Heap
 def new generation   total 960K, used 259K [0x8c040000, 0x8c140000, 0x8c520000)
  eden space 896K,  28% used [0x8c040000, 0x8c080dd8, 0x8c120000)
  from space 64K,   0% used [0x8c130000, 0x8c130000, 0x8c140000)
  to   space 64K,   0% used [0x8c120000, 0x8c120000, 0x8c130000)
 tenured generation   total 15580K, used 11393K [0x8c520000, 0x8d457000, 0x90040000)
   the space 15580K,  73% used [0x8c520000, 0x8d0404a8, 0x8d040600, 0x8d457000)
 compacting perm gen  total 12288K, used 984K [0x90040000, 0x90c40000, 0x94040000)
   the space 12288K,   8% used [0x90040000, 0x90136070, 0x90136200, 0x90c40000)
    ro space 8192K,  74% used [0x94040000, 0x94638b48, 0x94638c00, 0x94840000)
    rw space 12288K,  58% used [0x94840000, 0x94f53df0, 0x94f53e00, 0x95440000)

Dynamic libraries:
06000000-0642a000 r-xp 00000000 08:08 113975     /usr/lib/jvm/java-6-sun-1.6.0.13/jre/lib/i386/client/libjvm.so
0642a000-06444000 rwxp 0042a000 08:08 113975     /usr/lib/jvm/java-6-sun-1.6.0.13/jre/lib/i386/client/libjvm.so
06444000-06864000 rwxp 06444000 00:00 0 
08048000-08052000 r-xp 00000000 08:08 113936     /usr/lib/jvm/java-6-sun-1.6.0.13/jre/bin/java
08052000-08053000 rwxp 00009000 08:08 113936     /usr/lib/jvm/java-6-sun-1.6.0.13/jre/bin/java
08e5f000-08fe6000 rwxp 08e5f000 00:00 0          [heap]
8c040000-8c140000 rwxp 8c040000 00:00 0 
8c140000-8c520000 rwxp 8c140000 00:00 0 
8c520000-8d457000 rwxp 8c520000 00:00 0 
8d457000-90040000 rwxp 8d457000 00:00 0 
90040000-90c40000 rwxp 90040000 00:00 0 
90c40000-94040000 rwxp 90c40000 00:00 0 
94040000-94639000 r-xs 00001000 08:08 138929     /usr/lib/jvm/java-6-sun-1.6.0.13/jre/lib/i386/client/classes.jsa
94639000-94840000 rwxp 94639000 00:00 0 
94840000-94f54000 rwxp 005fa000 08:08 138929     /usr/lib/jvm/java-6-sun-1.6.0.13/jre/lib/i386/client/classes.jsa
94f54000-95440000 rwxp 94f54000 00:00 0 
95440000-9551c000 rwxp 00d0e000 08:08 138929     /usr/lib/jvm/java-6-sun-1.6.0.13/jre/lib/i386/client/classes.jsa
9551c000-95840000 rwxp 9551c000 00:00 0 
95840000-95844000 r-xs 00dea000 08:08 138929     /usr/lib/jvm/java-6-sun-1.6.0.13/jre/lib/i386/client/classes.jsa
95844000-95c40000 rwxp 95844000 00:00 0 
b4f48000-b4f4b000 rwxp b4f48000 00:00 0 
b4f4b000-b4f99000 rwxp b4f4b000 00:00 0 
b4f99000-b507d000 r-xp 00000000 08:08 159763     /usr/lib/libstdc++.so.6.0.10
b507d000-b5081000 r-xp 000e3000 08:08 159763     /usr/lib/libstdc++.so.6.0.10
b5081000-b5082000 rwxp 000e7000 08:08 159763     /usr/lib/libstdc++.so.6.0.10
b5082000-b5088000 rwxp b5082000 00:00 0 
b509b000-b50c7000 r-xp 00000000 08:08 97065      /usr/lib/TriangleJni32.so
b50c7000-b50c8000 r-xp 0002b000 08:08 97065      /usr/lib/TriangleJni32.so
b50c8000-b50c9000 rwxp 0002c000 08:08 97065      /usr/lib/TriangleJni32.so
b50c9000-b50cc000 ---p b50c9000 00:00 0 
b50cc000-b511a000 rwxp b50cc000 00:00 0 
b511a000-b511d000 ---p b511a000 00:00 0 
b511d000-b516b000 rwxp b511d000 00:00 0 
b516b000-b516e000 rwxp b516b000 00:00 0 
b516e000-b51bc000 rwxp b516e000 00:00 0 
b51bc000-b51c2000 r-xs 00000000 08:08 39977      /var/cache/fontconfig/945677eb7aeaf62f1d50efc3fb3ec7d8-x86.cache-2
b51c2000-b51c4000 r-xs 00000000 08:08 39975      /var/cache/fontconfig/99e8ed0e538f840c565b6ed5dad60d56-x86.cache-2
b51c4000-b51c7000 r-xs 00000000 08:08 39971      /var/cache/fontconfig/e383d7ea5fbe662a33d9b44caf393297-x86.cache-2
b51c7000-b51c9000 r-xs 00000000 08:08 39964      /var/cache/fontconfig/c69f04ab05004e31a6d5e715764f16d8-x86.cache-2
b51c9000-b51cd000 r-xs 00000000 08:08 139024     /var/cache/fontconfig/926e794c3d5e5dffcaf2fa83ef8d36c2-x86.cache-2
b51cd000-b51ce000 r-xs 00000000 08:08 1788       /var/cache/fontconfig/4c73fe0c47614734b17d736dbde7580a-x86.cache-2
b51ce000-b51d1000 r-xs 00000000 08:08 1781       /var/cache/fontconfig/a755afe4a08bf5b97852ceb7400b47bc-x86.cache-2
b51d1000-b51d8000 r-xs 00000000 08:08 341086     /var/cache/fontconfig/6d41288fd70b0be22e8c3a91e032eec0-x86.cache-2
b51d8000-b51db000 r-xs 00000000 08:08 1671       /var/cache/fontconfig/de156ccd2eddbdc19d37a45b8b2aac9c-x86.cache-2
b51db000-b51e3000 r-xs 00000000 08:08 1627       /var/cache/fontconfig/e3de0de479f42330eadf588a55fb5bf4-x86.cache-2
b51e3000-b51ee000 r-xs 00000000 08:08 1611       /var/cache/fontconfig/0f34bcd4b6ee430af32735b75db7f02b-x86.cache-2
b51ee000-b51f0000 r-xs 00000000 08:08 1605       /var/cache/fontconfig/ddd4086aec35a5275babba44bb759c3c-x86.cache-2
b51f0000-b51f1000 r-xs 00000000 08:08 1603       /var/cache/fontconfig/4794a0821666d79190d59a36cb4f44b5-x86.cache-2
b51f1000-b51f4000 r-xs 00000000 08:08 166537     /var/cache/fontconfig/de9486f0b47a4d768a594cb4198cb1c6-x86.cache-2
b51f4000-b51fb000 r-xs 00000000 08:08 1500       /var/cache/fontconfig/d52a8644073d54c13679302ca1180695-x86.cache-2
b520d000-b5210000 ---p b520d000 00:00 0 
b5210000-b525e000 rwxp b5210000 00:00 0 
b525e000-b5261000 ---p b525e000 00:00 0 
b5261000-b52af000 rwxp b5261000 00:00 0 
b52af000-b52b2000 ---p b52af000 00:00 0 
b52b2000-b5300000 rwxp b52b2000 00:00 0 
b5300000-b5321000 rwxp b5300000 00:00 0 
b5321000-b5400000 ---p b5321000 00:00 0 
b5406000-b540a000 r-xp 00000000 08:08 8411       /usr/lib/libXfixes.so.3.1.0
b540a000-b540b000 rwxp 00003000 08:08 8411       /usr/lib/libXfixes.so.3.1.0
b540b000-b5413000 r-xp 00000000 08:08 22642      /usr/lib/libXrender.so.1.3.0
b5413000-b5414000 r-xp 00007000 08:08 22642      /usr/lib/libXrender.so.1.3.0
b5414000-b5415000 rwxp 00008000 08:08 22642      /usr/lib/libXrender.so.1.3.0
b5415000-b541d000 r-xp 00000000 08:08 8401       /usr/lib/libXcursor.so.1.0.2
b541d000-b541e000 rwxp 00007000 08:08 8401       /usr/lib/libXcursor.so.1.0.2
b541f000-b542c000 r-xp 00000000 08:08 13605      /lib/libgcc_s.so.1
b542c000-b542d000 r-xp 0000c000 08:08 13605      /lib/libgcc_s.so.1
b542d000-b542e000 rwxp 0000d000 08:08 13605      /lib/libgcc_s.so.1
b542e000-b5431000 r-xs 000cb000 08:08 137068     /usr/lib/jvm/java-6-sun-1.6.0.13/jre/lib/ext/localedata.jar
b5431000-b54b0000 r-xp 00000000 08:08 136268     /usr/lib/jvm/java-6-sun-1.6.0.13/jre/lib/i386/libfontmanager.so
b54b0000-b54bb000 rwxp 0007e000 08:08 136268     /usr/lib/jvm/java-6-sun-1.6.0.13/jre/lib/i386/libfontmanager.so
b54bb000-b54bf000 rwxp b54bb000 00:00 0 
b54bf000-b54c3000 r-xp 00000000 08:08 75901      /usr/lib/libXdmcp.so.6.0.0
b54c3000-b54c4000 rwxp 00003000 08:08 75901      /usr/lib/libXdmcp.so.6.0.0
b54c4000-b54dc000 r-xp 00000000 08:08 11836      /usr/lib/libxcb.so.1.1.0
b54dc000-b54dd000 r-xp 00017000 08:08 11836      /usr/lib/libxcb.so.1.1.0
b54dd000-b54de000 rwxp 00018000 08:08 11836      /usr/lib/libxcb.so.1.1.0
b54de000-b54e6000 r-xp 00000000 08:08 150414     /usr/lib/libXi.so.6.0.0
b54e6000-b54e7000 r-xp 00007000 08:08 150414     /usr/lib/libXi.so.6.0.0
b54e7000-b54e8000 rwxp 00008000 08:08 150414     /usr/lib/libXi.so.6.0.0
b54e8000-b54ec000 r-xp 00000000 08:08 35135      /usr/lib/libXtst.so.6.1.0
b54ec000-b54ed000 r-xp 00004000 08:08 35135      /usr/lib/libXtst.so.6.1.0
b54ed000-b54ee000 rwxp 00005000 08:08 35135      /usr/lib/libXtst.so.6.1.0
b54ee000-b55d8000 r-xp 00000000 08:08 159942     /usr/lib/libX11.so.6.2.0
b55d8000-b55d9000 ---p 000ea000 08:08 159942     /usr/lib/libX11.so.6.2.0
b55d9000-b55da000 r-xp 000ea000 08:08 159942     /usr/lib/libX11.so.6.2.0
b55da000-b55dc000 rwxp 000eb000 08:08 159942     /usr/lib/libX11.so.6.2.0
b55dc000-b55dd000 rwxp b55dc000 00:00 0 
b55dd000-b55eb000 r-xp 00000000 08:08 11878      /usr/lib/libXext.so.6.4.0
b55eb000-b55ec000 r-xp 0000d000 08:08 11878      /usr/lib/libXext.so.6.4.0
b55ec000-b55ed000 rwxp 0000e000 08:08 11878      /usr/lib/libXext.so.6.4.0
b55ed000-b55f9000 r-xs 00000000 08:08 1485       /var/cache/fontconfig/089dead882dea3570ffc31a9898cfb69-x86.cache-2
b55f9000-b55fc000 r-xs 00000000 08:08 428        /var/cache/fontconfig/cabbd14511b9e8a55e92af97fb3a0461-x86.cache-2
b55fc000-b55fe000 r-xs 00000000 08:08 27757      /var/cache/fontconfig/e13b20fdb08344e0e664864cc2ede53d-x86.cache-2
b55fe000-b5600000 r-xs 00000000 08:08 38857      /var/cache/fontconfig/7ef2298fde41cc6eeb7af42e48b7d293-x86.cache-2
b5600000-b5643000 r-xp 00000000 08:08 115261     /usr/lib/jvm/java-6-sun-1.6.0.13/jre/lib/i386/xawt/libmawt.so
b5643000-b5646000 rwxp 00042000 08:08 115261     /usr/lib/jvm/java-6-sun-1.6.0.13/jre/lib/i386/xawt/libmawt.so
b5646000-b56ca000 r-xp 00000000 08:08 115141     /usr/lib/jvm/java-6-sun-1.6.0.13/jre/lib/i386/libawt.so
b56ca000-b56d1000 rwxp 00084000 08:08 115141     /usr/lib/jvm/java-6-sun-1.6.0.13/jre/lib/i386/libawt.so
b56d1000-b5728000 rwxp b56d1000 00:00 0 
b5728000-b58ba000 r-xs 02f34000 08:08 136460     /usr/lib/jvm/java-6-sun-1.6.0.13/jre/lib/rt.jar
b58ba000-b58bf000 r-xs 00043000 08:07 55349      /home/epsilon/NetbeansProjects/EpsilonUtils/trunk/dist/EpsilonYUtil.jar
b58bf000-b58c5000 r-xs 0008a000 08:07 53264      /home/epsilon/文档/4_java/javaTools/mtj-0.9.12/mtj-0.9.12.jar
b58c5000-b58d7000 r-xs 00112000 08:07 53811      /home/epsilon/文档/4_java/javaTools/mtj-0.9.12/lib/netlib-java/arpack_combo-0.1.jar
b58d7000-b58de000 r-xs 00059000 08:07 55317      /home/epsilon/文档/4_java/javaTools/apache-log4j-1.2.15/log4j-1.2.15.jar
b58de000-b58e6000 r-xs 0004b000 08:07 7412       /home/epsilon/文档/4_java/commons-math-1.2/commons-math-1.2.jar
b58e6000-b58e7000 ---p b58e6000 00:00 0 
b58e7000-b5967000 rwxp b58e7000 00:00 0 
b5967000-b596a000 ---p b5967000 00:00 0 
b596a000-b59b8000 rwxp b596a000 00:00 0 
b59b8000-b59bb000 ---p b59b8000 00:00 0 
b59bb000-b5a39000 rwxp b59bb000 00:00 0 
b5a39000-b5a3c000 rwxp b5a39000 00:00 0 
b5a3c000-b5a8a000 rwxp b5a3c000 00:00 0 
b5a8a000-b5a91000 r-xs 00000000 08:08 13597      /usr/lib/gconv/gconv-modules.cache
b5a91000-b5ad0000 r-xp 00000000 08:08 12214      /usr/lib/locale/zh_CN.utf8/LC_CTYPE
b5ad0000-b5ad3000 ---p b5ad0000 00:00 0 
b5ad3000-b5b21000 rwxp b5ad3000 00:00 0 
b5b21000-b5b24000 ---p b5b21000 00:00 0 
b5b24000-b5b72000 rwxp b5b24000 00:00 0 
b5b72000-b5b73000 ---p b5b72000 00:00 0 
b5b73000-b5c01000 rwxp b5b73000 00:00 0 
b5c01000-b5c1b000 rwxp b5c01000 00:00 0 
b5c1b000-b5c23000 rwxp b5c1b000 00:00 0 
b5c23000-b5c39000 rwxp b5c23000 00:00 0 
b5c39000-b5c3a000 rwxp b5c39000 00:00 0 
b5c3a000-b5c3b000 rwxp b5c3a000 00:00 0 
b5c3b000-b5c44000 rwxp b5c3b000 00:00 0 
b5c44000-b5c59000 rwxp b5c44000 00:00 0 
b5c59000-b5c5f000 rwxp b5c59000 00:00 0 
b5c5f000-b5c79000 rwxp b5c5f000 00:00 0 
b5c79000-b5c87000 rwxp b5c79000 00:00 0 
b5c87000-b5d04000 rwxp b5c87000 00:00 0 
b5d04000-b5dc4000 rwxp b5d04000 00:00 0 
b5dc4000-b7d04000 rwxp b5dc4000 00:00 0 
b7d04000-b7d13000 r-xp 00000000 08:08 113998     /usr/lib/jvm/java-6-sun-1.6.0.13/jre/lib/i386/libzip.so
b7d13000-b7d15000 rwxp 0000e000 08:08 113998     /usr/lib/jvm/java-6-sun-1.6.0.13/jre/lib/i386/libzip.so
b7d15000-b7d38000 r-xp 00000000 08:08 113987     /usr/lib/jvm/java-6-sun-1.6.0.13/jre/lib/i386/libjava.so
b7d38000-b7d3a000 rwxp 00023000 08:08 113987     /usr/lib/jvm/java-6-sun-1.6.0.13/jre/lib/i386/libjava.so
b7d3a000-b7d45000 r-xp 00000000 08:08 113983     /usr/lib/jvm/java-6-sun-1.6.0.13/jre/lib/i386/libverify.so
b7d45000-b7d46000 rwxp 0000b000 08:08 113983     /usr/lib/jvm/java-6-sun-1.6.0.13/jre/lib/i386/libverify.so
b7d46000-b7d50000 r-xp 00000000 08:08 29655      /lib/tls/i686/cmov/libnss_files-2.9.so
b7d50000-b7d51000 r-xp 00009000 08:08 29655      /lib/tls/i686/cmov/libnss_files-2.9.so
b7d51000-b7d52000 rwxp 0000a000 08:08 29655      /lib/tls/i686/cmov/libnss_files-2.9.so
b7d52000-b7d5b000 r-xp 00000000 08:08 75567      /lib/tls/i686/cmov/libnss_nis-2.9.so
b7d5b000-b7d5c000 r-xp 00008000 08:08 75567      /lib/tls/i686/cmov/libnss_nis-2.9.so
b7d5c000-b7d5d000 rwxp 00009000 08:08 75567      /lib/tls/i686/cmov/libnss_nis-2.9.so
b7d5d000-b7d72000 r-xp 00000000 08:08 28613      /lib/tls/i686/cmov/libnsl-2.9.so
b7d72000-b7d73000 r-xp 00014000 08:08 28613      /lib/tls/i686/cmov/libnsl-2.9.so
b7d73000-b7d74000 rwxp 00015000 08:08 28613      /lib/tls/i686/cmov/libnsl-2.9.so
b7d74000-b7d76000 rwxp b7d74000 00:00 0 
b7d76000-b7d78000 r-xp 00000000 08:08 7479       /usr/lib/libXau.so.6.0.0
b7d78000-b7d79000 r-xp 00001000 08:08 7479       /usr/lib/libXau.so.6.0.0
b7d79000-b7d7a000 rwxp 00002000 08:08 7479       /usr/lib/libXau.so.6.0.0
b7d7a000-b7d7c000 r-xs 00019000 08:07 53810      /home/epsilon/文档/4_java/javaTools/mtj-0.9.12/lib/netlib-java/netlib-java-0.9.1.jar
b7d7c000-b7d81000 rwxp b7d7c000 00:00 0 
b7d81000-b7d89000 rwxs 00000000 08:08 205667     /tmp/hsperfdata_epsilon/13637 (deleted)
b7d89000-b7d90000 r-xp 00000000 08:08 76327      /lib/tls/i686/cmov/librt-2.9.so
b7d90000-b7d91000 r-xp 00006000 08:08 76327      /lib/tls/i686/cmov/librt-2.9.so
b7d91000-b7d92000 rwxp 00007000 08:08 76327      /lib/tls/i686/cmov/librt-2.9.so
b7d92000-b7d95000 ---p b7d92000 00:00 0 
b7d95000-b7de3000 rwxp b7d95000 00:00 0 
b7de3000-b7e07000 r-xp 00000000 08:08 18258      /lib/tls/i686/cmov/libm-2.9.so
b7e07000-b7e08000 r-xp 00023000 08:08 18258      /lib/tls/i686/cmov/libm-2.9.so
b7e08000-b7e09000 rwxp 00024000 08:08 18258      /lib/tls/i686/cmov/libm-2.9.so
b7e09000-b7e0a000 rwxp b7e09000 00:00 0 
b7e0a000-b7f66000 r-xp 00000000 08:08 17676      /lib/tls/i686/cmov/libc-2.9.so
b7f66000-b7f67000 ---p 0015c000 08:08 17676      /lib/tls/i686/cmov/libc-2.9.so
b7f67000-b7f69000 r-xp 0015c000 08:08 17676      /lib/tls/i686/cmov/libc-2.9.so
b7f69000-b7f6a000 rwxp 0015e000 08:08 17676      /lib/tls/i686/cmov/libc-2.9.so
b7f6a000-b7f6d000 rwxp b7f6a000 00:00 0 
b7f6d000-b7f6f000 r-xp 00000000 08:08 18257      /lib/tls/i686/cmov/libdl-2.9.so
b7f6f000-b7f70000 r-xp 00001000 08:08 18257      /lib/tls/i686/cmov/libdl-2.9.so
b7f70000-b7f71000 rwxp 00002000 08:08 18257      /lib/tls/i686/cmov/libdl-2.9.so
b7f71000-b7f78000 r-xp 00000000 08:08 113995     /usr/lib/jvm/java-6-sun-1.6.0.13/jre/lib/i386/jli/libjli.so
b7f78000-b7f7a000 rwxp 00006000 08:08 113995     /usr/lib/jvm/java-6-sun-1.6.0.13/jre/lib/i386/jli/libjli.so
b7f7a000-b7f7b000 rwxp b7f7a000 00:00 0 
b7f7b000-b7f90000 r-xp 00000000 08:08 76184      /lib/tls/i686/cmov/libpthread-2.9.so
b7f90000-b7f91000 r-xp 00014000 08:08 76184      /lib/tls/i686/cmov/libpthread-2.9.so
b7f91000-b7f92000 rwxp 00015000 08:08 76184      /lib/tls/i686/cmov/libpthread-2.9.so
b7f92000-b7f94000 rwxp b7f92000 00:00 0 
b7f95000-b7f9c000 r-xp 00000000 08:08 28614      /lib/tls/i686/cmov/libnss_compat-2.9.so
b7f9c000-b7f9d000 r-xp 00006000 08:08 28614      /lib/tls/i686/cmov/libnss_compat-2.9.so
b7f9d000-b7f9e000 rwxp 00007000 08:08 28614      /lib/tls/i686/cmov/libnss_compat-2.9.so
b7f9e000-b7fa4000 r-xp 00000000 08:08 113966     /usr/lib/jvm/java-6-sun-1.6.0.13/jre/lib/i386/native_threads/libhpi.so
b7fa4000-b7fa5000 rwxp 00006000 08:08 113966     /usr/lib/jvm/java-6-sun-1.6.0.13/jre/lib/i386/native_threads/libhpi.so
b7fa5000-b7fa6000 rwxp b7fa5000 00:00 0 
b7fa6000-b7fa7000 ---p b7fa6000 00:00 0 
b7fa7000-b7fa9000 rwxp b7fa7000 00:00 0 
b7fa9000-b7faa000 r-xp b7fa9000 00:00 0          [vdso]
b7faa000-b7fc6000 r-xp 00000000 08:08 159270     /lib/ld-2.9.so
b7fc6000-b7fc7000 r-xp 0001b000 08:08 159270     /lib/ld-2.9.so
b7fc7000-b7fc8000 rwxp 0001c000 08:08 159270     /lib/ld-2.9.so
bfeb2000-bfec7000 rwxp bffeb000 00:00 0          [stack]

VM Arguments:
java_command: net.epsilony.simpmeshfree.model.ModelTestFrame
Launcher Type: SUN_STANDARD

Environment Variables:
PATH=/usr/local/sbin:/usr/local/bin:/usr/sbin:/usr/bin:/sbin:/bin:/usr/games
USERNAME=epsilon
LD_LIBRARY_PATH=/usr/lib/jvm/java-6-sun-1.6.0.13/jre/lib/i386/client:/usr/lib/jvm/java-6-sun-1.6.0.13/jre/lib/i386:/usr/lib/jvm/java-6-sun-1.6.0.13/jre/../lib/i386
SHELL=/bin/bash
DISPLAY=:0.0

Signal Handlers:
SIGSEGV: [libjvm.so+0x3cd180], sa_mask[0]=0x7ffbfeff, sa_flags=0x10000004
SIGBUS: [libjvm.so+0x3cd180], sa_mask[0]=0x7ffbfeff, sa_flags=0x10000004
SIGFPE: [libjvm.so+0x30ea50], sa_mask[0]=0x7ffbfeff, sa_flags=0x10000004
SIGPIPE: [libjvm.so+0x30ea50], sa_mask[0]=0x7ffbfeff, sa_flags=0x10000004
SIGXFSZ: [libjvm.so+0x30ea50], sa_mask[0]=0x7ffbfeff, sa_flags=0x10000004
SIGILL: [libjvm.so+0x30ea50], sa_mask[0]=0x7ffbfeff, sa_flags=0x10000004
SIGUSR1: SIG_DFL, sa_mask[0]=0x00000000, sa_flags=0x00000000
SIGUSR2: [libjvm.so+0x310f20], sa_mask[0]=0x00000004, sa_flags=0x10000004
SIGHUP: [libjvm.so+0x310cc0], sa_mask[0]=0x7ffbfeff, sa_flags=0x10000004
SIGINT: SIG_IGN, sa_mask[0]=0x00000000, sa_flags=0x00000000
SIGTERM: [libjvm.so+0x310cc0], sa_mask[0]=0x7ffbfeff, sa_flags=0x10000004
SIGQUIT: [libjvm.so+0x310cc0], sa_mask[0]=0x7ffbfeff, sa_flags=0x10000004


---------------  S Y S T E M  ---------------

OS:5.0

uname:Linux 2.6.28-13-generic #44-Ubuntu SMP Tue Jun 2 07:57:31 UTC 2009 i686
libc:glibc 2.9 NPTL 2.9 
rlimit: STACK 8192k, CORE 0k, NPROC infinity, NOFILE 1024, AS infinity
load average:0.13 0.38 0.59

CPU:total 2 (2 cores per cpu, 1 threads per core) family 15 model 104 stepping 1, cmov, cx8, fxsr, mmx, sse, sse2, sse3, mmxext, 3dnow, 3dnowext

Memory: 4k page, physical 895696k(38960k free), swap 2040212k(2003496k free)

vm_info: Java HotSpot(TM) Client VM (11.3-b02) for linux-x86 JRE (1.6.0_13-b03), built on Mar  9 2009 01:29:45 by "java_re" with gcc 3.2.1-7a (J2SE release)

time: Tue Jun 23 01:15:54 2009
elapsed time: 91 seconds

