#
# An unexpected error has been detected by Java Runtime Environment:
#
#  SIGSEGV (0xb) at pc=0x00007f089294911b, pid=2648, tid=139673097320784
#
# Java VM: Java HotSpot(TM) 64-Bit Server VM (11.3-b02 mixed mode linux-amd64)
# Problematic frame:
# C  [libc.so.6+0x8411b]  memcpy+0x15b
#
# If you would like to submit a bug report, please visit:
#   http://java.sun.com/webapps/bugreport/crash.jsp
#

---------------  T H R E A D  ---------------

Current thread (0x0000000041bcb000):  JavaThread "AWT-EventQueue-0" [_thread_in_vm, id=2680, stack(0x00007f082d49b000,0x00007f082d59c000)]

siginfo:si_signo=SIGSEGV: si_errno=0, si_code=2 (SEGV_ACCERR), si_addr=0x00007f0828110000

Registers:
RAX=0x00007f0870f43ec0, RBX=0x00007f08305812a0, RCX=0x000000000000009a, RDX=0x0000000000004540
RSP=0x00007f082d59a2b8, RBP=0x00007f082d59a340, RSI=0x00007f0828110000, RDI=0x00007f0870f47f30
R8 =0x0000000000000ffc, R9 =0x00007f08927955b8, R10=0x00007f0892799028, R11=0x0000000000004540
R12=0x0000000000004540, R13=0x0000000000000000, R14=0x0000000041bcc600, R15=0x00007f082d59a2d0
RIP=0x00007f089294911b, EFL=0x0000000000010212, CSGSFS=0x0000000000000033, ERR=0x0000000000000004
  TRAPNO=0x000000000000000e

Top of Stack: (sp=0x00007f082d59a2b8)
0x00007f082d59a2b8:   00007f08922f1600 0000000041bcb1c0
0x00007f082d59a2c8:   00007f082810bf90 0000000041bcb000
0x00007f082d59a2d8:   0000000000000000 0000000041bcb000
0x00007f082d59a2e8:   0000000000000000 0000000041bcb000
0x00007f082d59a2f8:   00007f082d59a438 0000000041bcb000
0x00007f082d59a308:   00007f089293f276 0000000041bcb000
0x00007f082d59a318:   0000000041bcc600 00007f082800aac0
0x00007f082d59a328:   00007f0828048110 00007f082d59a438
0x00007f082d59a338:   0000000041bcc5a0 0000000041bcb1c0
0x00007f082d59a348:   00007f082d078486 00007f0828048060
0x00007f082d59a358:   0000000041bcc5a8 0000000041bcc5b0
0x00007f082d59a368:   0000000041bcc5b8 0000000041bcc5c0
0x00007f082d59a378:   0000000041bcc5c8 0000000041bcc5d0
0x00007f082d59a388:   0000000041bcb480 0101010101bcb000
0x00007f082d59a398:   00007f0830f7ec20 00007f082d59a418
0x00007f082d59a3a8:   0000000000000101 00007f0830f7ec20
0x00007f082d59a3b8:   00007f082d59a438 0000000041bcb000
0x00007f082d59a3c8:   00007f088dd93852 0000000041bcb000
0x00007f082d59a3d8:   00007f082d59a3d8 00007f0830f7ec20
0x00007f082d59a3e8:   00007f082d59a438 00007f0830f7f658
0x00007f082d59a3f8:   0000000000000000 00007f0830f7ec20
0x00007f082d59a408:   0000000000000000 00007f082d59a438
0x00007f082d59a418:   00007f082d59a480 00007f088dd88322
0x00007f082d59a428:   0000000000000000 00007f088dd90358
0x00007f082d59a438:   00007f0870f0c530 00007f082d59a440
0x00007f082d59a448:   00007f0830f7d6fd 00007f082d59a4c8
0x00007f082d59a458:   00007f0830f7f658 0000000000000000
0x00007f082d59a468:   00007f0830f7d788 00007f082d59a438
0x00007f082d59a478:   00007f082d59a4b8 00007f082d59a510
0x00007f082d59a488:   00007f088dd88322 00007f0870f3c658
0x00007f082d59a498:   00007f0870f3ca48 0000000000000002
0x00007f082d59a4a8:   00007f0870f3ca10 00007f0870f3b558 

Instructions: (pc=0x00007f089294911b)
0x00007f089294910b:   0f 47 da 4c 89 d9 49 83 e3 f8 48 c1 e9 03 74 05
0x00007f089294911b:   f3 48 a5 66 90 4c 29 da 48 f7 c2 f8 ff ff ff 75 

Stack: [0x00007f082d49b000,0x00007f082d59c000],  sp=0x00007f082d59a2b8,  free space=1020k
Native frames: (J=compiled Java code, j=interpreted, Vv=VM code, C=native code)
C  [libc.so.6+0x8411b]  memcpy+0x15b

Java frames: (J=compiled Java code, j=interpreted, Vv=VM code)
j  net.epsilony.simpmeshfree.model.geometry.TriangleJni.triangleFun()V+0
j  net.epsilony.simpmeshfree.model.geometry.TriangleJni.complie(Lnet/epsilony/simpmeshfree/model/geometry/GeometryModel;Ljava/lang/String;)V+141
j  net.epsilony.simpmeshfree.model.mechanics.MechanicsModel.generateNodesByTriangle(DDLjava/lang/String;ZZ)V+110
j  net.epsilony.simpmeshfree.model.ModelTestFrame.<init>()V+659
j  net.epsilony.simpmeshfree.model.ModelTestFrame$1.run()V+4
j  java.awt.event.InvocationEvent.dispatch()V+47
j  java.awt.EventQueue.dispatchEvent(Ljava/awt/AWTEvent;)V+26
j  java.awt.EventDispatchThread.pumpOneEventForFilters(I)Z+204
j  java.awt.EventDispatchThread.pumpEventsForFilter(ILjava/awt/Conditional;Ljava/awt/EventFilter;)V+30
j  java.awt.EventDispatchThread.pumpEventsForHierarchy(ILjava/awt/Conditional;Ljava/awt/Component;)V+11
j  java.awt.EventDispatchThread.pumpEvents(ILjava/awt/Conditional;)V+4
j  java.awt.EventDispatchThread.pumpEvents(Ljava/awt/Conditional;)V+3
j  java.awt.EventDispatchThread.run()V+9
v  ~StubRoutines::call_stub

---------------  P R O C E S S  ---------------

Java Threads: ( => current thread )
  0x00007f082800e400 JavaThread "Thread-3" [_thread_new, id=2686, stack(0x0000000000000000,0x0000000000000000)]
  0x00007f0828002400 JavaThread "Thread-2" [_thread_blocked, id=2684, stack(0x00007f082d39a000,0x00007f082d49b000)]
  0x0000000041877000 JavaThread "DestroyJavaVM" [_thread_blocked, id=2649, stack(0x00007f0891c25000,0x00007f0891d26000)]
=>0x0000000041bcb000 JavaThread "AWT-EventQueue-0" [_thread_in_vm, id=2680, stack(0x00007f082d49b000,0x00007f082d59c000)]
  0x0000000041bc9400 JavaThread "AWT-Shutdown" [_thread_blocked, id=2679, stack(0x00007f082d6aa000,0x00007f082d7ab000)]
  0x0000000041c7a000 JavaThread "AWT-XAWT" daemon [_thread_in_native, id=2677, stack(0x00007f082d7ab000,0x00007f082d8ac000)]
  0x0000000041aaf000 JavaThread "Java2D Disposer" daemon [_thread_blocked, id=2668, stack(0x00007f082dee0000,0x00007f082dfe1000)]
  0x000000004192e800 JavaThread "Low Memory Detector" daemon [_thread_blocked, id=2658, stack(0x00007f082f51b000,0x00007f082f61c000)]
  0x000000004192c000 JavaThread "CompilerThread1" daemon [_thread_in_native, id=2657, stack(0x00007f082f61c000,0x00007f082f71d000)]
  0x0000000041928000 JavaThread "CompilerThread0" daemon [_thread_blocked, id=2656, stack(0x00007f082f71d000,0x00007f082f81e000)]
  0x0000000041926000 JavaThread "Signal Dispatcher" daemon [_thread_blocked, id=2655, stack(0x00007f082f81e000,0x00007f082f91f000)]
  0x0000000041904c00 JavaThread "Finalizer" daemon [_thread_blocked, id=2654, stack(0x00007f082f95e000,0x00007f082fa5f000)]
  0x00000000418fd800 JavaThread "Reference Handler" daemon [_thread_blocked, id=2653, stack(0x00007f082fa5f000,0x00007f082fb60000)]

Other Threads:
  0x00000000418f8000 VMThread [stack: 0x00007f082fb60000,0x00007f082fc61000] [id=2652]
  0x0000000041930c00 WatcherThread [stack: 0x00007f082f41a000,0x00007f082f51b000] [id=2659]

VM state:not at safepoint (normal execution)

VM Mutex/Monitor currently owned by a thread: None

Heap
 PSYoungGen      total 26368K, used 19326K [0x00007f08706e0000, 0x00007f0872440000, 0x00007f088dd80000)
  eden space 22656K, 85% used [0x00007f08706e0000,0x00007f08719bfbc0,0x00007f0871d00000)
  from space 3712K, 0% used [0x00007f08720a0000,0x00007f08720a0000,0x00007f0872440000)
  to   space 3712K, 0% used [0x00007f0871d00000,0x00007f0871d00000,0x00007f08720a0000)
 PSOldGen        total 60288K, used 0K [0x00007f0835980000, 0x00007f0839460000, 0x00007f08706e0000)
  object space 60288K, 0% used [0x00007f0835980000,0x00007f0835980000,0x00007f0839460000)
 PSPermGen       total 21248K, used 10262K [0x00007f0830580000, 0x00007f0831a40000, 0x00007f0835980000)
  object space 21248K, 48% used [0x00007f0830580000,0x00007f0830f85938,0x00007f0831a40000)

Dynamic libraries:
40000000-40009000 r-xp 00000000 08:13 3163089                            /usr/lib/jvm/java-6-sun-1.6.0.13/jre/bin/java
40108000-4010a000 rwxp 00008000 08:13 3163089                            /usr/lib/jvm/java-6-sun-1.6.0.13/jre/bin/java
4186f000-42e21000 rwxp 4186f000 00:00 0                                  [heap]
7f0828000000-7f0828110000 rwxp 7f0828000000 00:00 0 
7f0828110000-7f082c000000 ---p 7f0828110000 00:00 0 
7f082cb4f000-7f082cb65000 r-xp 00000000 08:13 213005                     /lib/libgcc_s.so.1
7f082cb65000-7f082cd65000 ---p 00016000 08:13 213005                     /lib/libgcc_s.so.1
7f082cd65000-7f082cd66000 r-xp 00016000 08:13 213005                     /lib/libgcc_s.so.1
7f082cd66000-7f082cd67000 rwxp 00017000 08:13 213005                     /lib/libgcc_s.so.1
7f082cd67000-7f082ce58000 r-xp 00000000 08:13 2802601                    /usr/lib/libstdc++.so.6.0.10
7f082ce58000-7f082d058000 ---p 000f1000 08:13 2802601                    /usr/lib/libstdc++.so.6.0.10
7f082d058000-7f082d05f000 r-xp 000f1000 08:13 2802601                    /usr/lib/libstdc++.so.6.0.10
7f082d05f000-7f082d061000 rwxp 000f8000 08:13 2802601                    /usr/lib/libstdc++.so.6.0.10
7f082d061000-7f082d074000 rwxp 7f082d061000 00:00 0 
7f082d074000-7f082d098000 r-xp 00000000 08:13 1942103                    /usr/lib/TriangleJniAmd64.so
7f082d098000-7f082d297000 ---p 00024000 08:13 1942103                    /usr/lib/TriangleJniAmd64.so
7f082d297000-7f082d298000 r-xp 00023000 08:13 1942103                    /usr/lib/TriangleJniAmd64.so
7f082d298000-7f082d299000 rwxp 00024000 08:13 1942103                    /usr/lib/TriangleJniAmd64.so
7f082d299000-7f082d39a000 rwxp 7f082d299000 00:00 0 
7f082d39a000-7f082d39d000 ---p 7f082d39a000 00:00 0 
7f082d39d000-7f082d49b000 rwxp 7f082d39d000 00:00 0 
7f082d49b000-7f082d49e000 ---p 7f082d49b000 00:00 0 
7f082d49e000-7f082d59c000 rwxp 7f082d49e000 00:00 0 
7f082d59c000-7f082d5a5000 r-xs 00000000 08:13 3197464                    /var/cache/fontconfig/945677eb7aeaf62f1d50efc3fb3ec7d8-x86-64.cache-2
7f082d5a5000-7f082d5a7000 r-xs 00000000 08:13 3197468                    /var/cache/fontconfig/99e8ed0e538f840c565b6ed5dad60d56-x86-64.cache-2
7f082d5a7000-7f082d5aa000 r-xs 00000000 08:13 3197466                    /var/cache/fontconfig/e383d7ea5fbe662a33d9b44caf393297-x86-64.cache-2
7f082d5aa000-7f082d5ae000 r-xs 00000000 08:13 3197459                    /var/cache/fontconfig/6eb3985aa4124903f6ff08ba781cd364-x86-64.cache-2
7f082d5ae000-7f082d5af000 r-xs 00000000 08:13 3197445                    /var/cache/fontconfig/4c73fe0c47614734b17d736dbde7580a-x86-64.cache-2
7f082d5af000-7f082d5b3000 r-xs 00000000 08:13 3196573                    /var/cache/fontconfig/a755afe4a08bf5b97852ceb7400b47bc-x86-64.cache-2
7f082d5b3000-7f082d5bc000 r-xs 00000000 08:13 3197440                    /var/cache/fontconfig/6d41288fd70b0be22e8c3a91e032eec0-x86-64.cache-2
7f082d5bc000-7f082d5bf000 r-xs 00000000 08:13 3197439                    /var/cache/fontconfig/de156ccd2eddbdc19d37a45b8b2aac9c-x86-64.cache-2
7f082d5bf000-7f082d5ca000 r-xs 00000000 08:13 3197435                    /var/cache/fontconfig/e3de0de479f42330eadf588a55fb5bf4-x86-64.cache-2
7f082d5ca000-7f082d5d9000 r-xs 00000000 08:13 3197434                    /var/cache/fontconfig/0f34bcd4b6ee430af32735b75db7f02b-x86-64.cache-2
7f082d5d9000-7f082d5dc000 r-xs 00000000 08:13 3197433                    /var/cache/fontconfig/ddd4086aec35a5275babba44bb759c3c-x86-64.cache-2
7f082d5dc000-7f082d5dd000 r-xs 00000000 08:13 3197424                    /var/cache/fontconfig/4794a0821666d79190d59a36cb4f44b5-x86-64.cache-2
7f082d5dd000-7f082d5e6000 r-xs 00000000 08:13 3197417                    /var/cache/fontconfig/d52a8644073d54c13679302ca1180695-x86-64.cache-2
7f082d6aa000-7f082d6ad000 ---p 7f082d6aa000 00:00 0 
7f082d6ad000-7f082d7ab000 rwxp 7f082d6ad000 00:00 0 
7f082d7ab000-7f082d7ae000 ---p 7f082d7ab000 00:00 0 
7f082d7ae000-7f082d8ac000 rwxp 7f082d7ae000 00:00 0 
7f082d8ac000-7f082d8b1000 r-xp 00000000 08:13 2805390                    /usr/lib/libXfixes.so.3.1.0
7f082d8b1000-7f082dab0000 ---p 00005000 08:13 2805390                    /usr/lib/libXfixes.so.3.1.0
7f082dab0000-7f082dab1000 rwxp 00004000 08:13 2805390                    /usr/lib/libXfixes.so.3.1.0
7f082dab1000-7f082daba000 r-xp 00000000 08:13 2805803                    /usr/lib/libXrender.so.1.3.0
7f082daba000-7f082dcb9000 ---p 00009000 08:13 2805803                    /usr/lib/libXrender.so.1.3.0
7f082dcb9000-7f082dcba000 r-xp 00008000 08:13 2805803                    /usr/lib/libXrender.so.1.3.0
7f082dcba000-7f082dcbb000 rwxp 00009000 08:13 2805803                    /usr/lib/libXrender.so.1.3.0
7f082dcbb000-7f082dcc4000 r-xp 00000000 08:13 2805843                    /usr/lib/libXcursor.so.1.0.2
7f082dcc4000-7f082dec4000 ---p 00009000 08:13 2805843                    /usr/lib/libXcursor.so.1.0.2
7f082dec4000-7f082dec5000 rwxp 00009000 08:13 2805843                    /usr/lib/libXcursor.so.1.0.2
7f082dee0000-7f082dee3000 ---p 7f082dee0000 00:00 0 
7f082dee3000-7f082dfe1000 rwxp 7f082dee3000 00:00 0 
7f082dfe1000-7f082e05f000 r-xp 00000000 08:13 3163204                    /usr/lib/jvm/java-6-sun-1.6.0.13/jre/lib/amd64/libfontmanager.so
7f082e05f000-7f082e15e000 ---p 0007e000 08:13 3163204                    /usr/lib/jvm/java-6-sun-1.6.0.13/jre/lib/amd64/libfontmanager.so
7f082e15e000-7f082e174000 rwxp 0007d000 08:13 3163204                    /usr/lib/jvm/java-6-sun-1.6.0.13/jre/lib/amd64/libfontmanager.so
7f082e174000-7f082e185000 rwxp 7f082e174000 00:00 0 
7f082e185000-7f082e18a000 r-xp 00000000 08:13 2805384                    /usr/lib/libXdmcp.so.6.0.0
7f082e18a000-7f082e389000 ---p 00005000 08:13 2805384                    /usr/lib/libXdmcp.so.6.0.0
7f082e389000-7f082e38a000 rwxp 00004000 08:13 2805384                    /usr/lib/libXdmcp.so.6.0.0
7f082e38a000-7f082e3a5000 r-xp 00000000 08:13 2805386                    /usr/lib/libxcb.so.1.1.0
7f082e3a5000-7f082e5a4000 ---p 0001b000 08:13 2805386                    /usr/lib/libxcb.so.1.1.0
7f082e5a4000-7f082e5a5000 r-xp 0001a000 08:13 2805386                    /usr/lib/libxcb.so.1.1.0
7f082e5a5000-7f082e5a6000 rwxp 0001b000 08:13 2805386                    /usr/lib/libxcb.so.1.1.0
7f082e5a6000-7f082e5a8000 r-xp 00000000 08:13 2805382                    /usr/lib/libXau.so.6.0.0
7f082e5a8000-7f082e7a7000 ---p 00002000 08:13 2805382                    /usr/lib/libXau.so.6.0.0
7f082e7a7000-7f082e7a8000 r-xp 00001000 08:13 2805382                    /usr/lib/libXau.so.6.0.0
7f082e7a8000-7f082e7a9000 rwxp 00002000 08:13 2805382                    /usr/lib/libXau.so.6.0.0
7f082e7a9000-7f082e7b2000 r-xp 00000000 08:13 2805586                    /usr/lib/libXi.so.6.0.0
7f082e7b2000-7f082e9b2000 ---p 00009000 08:13 2805586                    /usr/lib/libXi.so.6.0.0
7f082e9b2000-7f082e9b3000 r-xp 00009000 08:13 2805586                    /usr/lib/libXi.so.6.0.0
7f082e9b3000-7f082e9b4000 rwxp 0000a000 08:13 2805586                    /usr/lib/libXi.so.6.0.0
7f082e9b4000-7f082e9b9000 r-xp 00000000 08:13 2806834                    /usr/lib/libXtst.so.6.1.0
7f082e9b9000-7f082ebb9000 ---p 00005000 08:13 2806834                    /usr/lib/libXtst.so.6.1.0
7f082ebb9000-7f082ebba000 r-xp 00005000 08:13 2806834                    /usr/lib/libXtst.so.6.1.0
7f082ebba000-7f082ebbb000 rwxp 00006000 08:13 2806834                    /usr/lib/libXtst.so.6.1.0
7f082ebbb000-7f082ecbd000 r-xp 00000000 08:13 2805388                    /usr/lib/libX11.so.6.2.0
7f082ecbd000-7f082eebd000 ---p 00102000 08:13 2805388                    /usr/lib/libX11.so.6.2.0
7f082eebd000-7f082eebe000 r-xp 00102000 08:13 2805388                    /usr/lib/libX11.so.6.2.0
7f082eebe000-7f082eec2000 rwxp 00103000 08:13 2805388                    /usr/lib/libX11.so.6.2.0
7f082eec2000-7f082eed3000 r-xp 00000000 08:13 2805394                    /usr/lib/libXext.so.6.4.0
7f082eed3000-7f082f0d2000 ---p 00011000 08:13 2805394                    /usr/lib/libXext.so.6.4.0
7f082f0d2000-7f082f0d3000 r-xp 00010000 08:13 2805394                    /usr/lib/libXext.so.6.4.0
7f082f0d3000-7f082f0d4000 rwxp 00011000 08:13 2805394                    /usr/lib/libXext.so.6.4.0
7f082f0d5000-7f082f0e1000 r-xs 00000000 08:13 3197416                    /var/cache/fontconfig/089dead882dea3570ffc31a9898cfb69-x86-64.cache-2
7f082f0e1000-7f082f0e5000 r-xs 00000000 08:13 3197398                    /var/cache/fontconfig/cabbd14511b9e8a55e92af97fb3a0461-x86-64.cache-2
7f082f0e5000-7f082f0ef000 r-xs 00000000 08:13 3195524                    /var/cache/fontconfig/e13b20fdb08344e0e664864cc2ede53d-x86-64.cache-2
7f082f0ef000-7f082f130000 r-xp 00000000 08:13 3163194                    /usr/lib/jvm/java-6-sun-1.6.0.13/jre/lib/amd64/xawt/libmawt.so
7f082f130000-7f082f22f000 ---p 00041000 08:13 3163194                    /usr/lib/jvm/java-6-sun-1.6.0.13/jre/lib/amd64/xawt/libmawt.so
7f082f22f000-7f082f23b000 rwxp 00040000 08:13 3163194                    /usr/lib/jvm/java-6-sun-1.6.0.13/jre/lib/amd64/xawt/libmawt.so
7f082f23b000-7f082f23c000 rwxp 7f082f23b000 00:00 0 
7f082f23c000-7f082f2ce000 r-xp 00000000 08:13 3163239                    /usr/lib/jvm/java-6-sun-1.6.0.13/jre/lib/amd64/libawt.so
7f082f2ce000-7f082f3cd000 ---p 00092000 08:13 3163239                    /usr/lib/jvm/java-6-sun-1.6.0.13/jre/lib/amd64/libawt.so
7f082f3cd000-7f082f3e6000 rwxp 00091000 08:13 3163239                    /usr/lib/jvm/java-6-sun-1.6.0.13/jre/lib/amd64/libawt.so
7f082f3e6000-7f082f40b000 rwxp 7f082f3e6000 00:00 0 
7f082f40b000-7f082f412000 r-xs 00059000 08:11 1172178                    /home/epsilon/文档/4_java/javaTools/apache-log4j-1.2.15/log4j-1.2.15.jar
7f082f412000-7f082f41a000 r-xs 0004b000 08:11 162661                     /home/epsilon/文档/4_java/javaTools/commons-math-1.2/commons-math-1.2.jar
7f082f41a000-7f082f41b000 ---p 7f082f41a000 00:00 0 
7f082f41b000-7f082f51b000 rwxp 7f082f41b000 00:00 0 
7f082f51b000-7f082f51e000 ---p 7f082f51b000 00:00 0 
7f082f51e000-7f082f61c000 rwxp 7f082f51e000 00:00 0 
7f082f61c000-7f082f61f000 ---p 7f082f61c000 00:00 0 
7f082f61f000-7f082f71d000 rwxp 7f082f61f000 00:00 0 
7f082f71d000-7f082f720000 ---p 7f082f71d000 00:00 0 
7f082f720000-7f082f81e000 rwxp 7f082f720000 00:00 0 
7f082f81e000-7f082f821000 ---p 7f082f81e000 00:00 0 
7f082f821000-7f082f91f000 rwxp 7f082f821000 00:00 0 
7f082f91f000-7f082f95e000 r-xp 00000000 08:13 2827839                    /usr/lib/locale/zh_CN.utf8/LC_CTYPE
7f082f95e000-7f082f961000 ---p 7f082f95e000 00:00 0 
7f082f961000-7f082fa5f000 rwxp 7f082f961000 00:00 0 
7f082fa5f000-7f082fa62000 ---p 7f082fa5f000 00:00 0 
7f082fa62000-7f082fb60000 rwxp 7f082fa62000 00:00 0 
7f082fb60000-7f082fb61000 ---p 7f082fb60000 00:00 0 
7f082fb61000-7f082fcd6000 rwxp 7f082fb61000 00:00 0 
7f082fcd6000-7f082fe68000 r-xs 02f34000 08:13 2942580                    /usr/lib/jvm/java-6-sun-1.6.0.13/jre/lib/rt.jar
7f082fe68000-7f082fe90000 rwxp 7f082fe68000 00:00 0 
7f082fe90000-7f082fe91000 ---p 7f082fe90000 00:00 0 
7f082fe91000-7f082ff91000 rwxp 7f082fe91000 00:00 0 
7f082ff91000-7f082ff92000 ---p 7f082ff91000 00:00 0 
7f082ff92000-7f083009d000 rwxp 7f082ff92000 00:00 0 
7f083009d000-7f08300bc000 rwxp 7f083009d000 00:00 0 
7f08300bc000-7f08300da000 rwxp 7f08300bc000 00:00 0 
7f08300da000-7f0830293000 rwxp 7f08300da000 00:00 0 
7f0830293000-7f083029e000 rwxp 7f0830293000 00:00 0 
7f083029e000-7f08302bd000 rwxp 7f083029e000 00:00 0 
7f08302bd000-7f08302db000 rwxp 7f08302bd000 00:00 0 
7f08302db000-7f0830493000 rwxp 7f08302db000 00:00 0 
7f0830493000-7f08304a3000 rwxp 7f0830493000 00:00 0 
7f08304a3000-7f083057f000 rwxp 7f08304a3000 00:00 0 
7f083057f000-7f0831a40000 rwxp 7f083057f000 00:00 0 
7f0831a40000-7f0835980000 rwxp 7f0831a40000 00:00 0 
7f0835980000-7f0839460000 rwxp 7f0835980000 00:00 0 
7f0839460000-7f08706e0000 rwxp 7f0839460000 00:00 0 
7f08706e0000-7f0872440000 rwxp 7f08706e0000 00:00 0 
7f0872440000-7f088dd80000 rwxp 7f0872440000 00:00 0 
7f088dd85000-7f088dff5000 rwxp 7f088dd85000 00:00 0 
7f088dff5000-7f0890d85000 rwxp 7f088dff5000 00:00 0 
7f0890d85000-7f0890d93000 r-xp 00000000 08:13 3163206                    /usr/lib/jvm/java-6-sun-1.6.0.13/jre/lib/amd64/libzip.so
7f0890d93000-7f0890e95000 ---p 0000e000 08:13 3163206                    /usr/lib/jvm/java-6-sun-1.6.0.13/jre/lib/amd64/libzip.so
7f0890e95000-7f0890e98000 rwxp 00010000 08:13 3163206                    /usr/lib/jvm/java-6-sun-1.6.0.13/jre/lib/amd64/libzip.so
7f0890e98000-7f0890e99000 rwxp 7f0890e98000 00:00 0 
7f0890e99000-7f0890ec2000 r-xp 00000000 08:13 3163219                    /usr/lib/jvm/java-6-sun-1.6.0.13/jre/lib/amd64/libjava.so
7f0890ec2000-7f0890fc1000 ---p 00029000 08:13 3163219                    /usr/lib/jvm/java-6-sun-1.6.0.13/jre/lib/amd64/libjava.so
7f0890fc1000-7f0890fc8000 rwxp 00028000 08:13 3163219                    /usr/lib/jvm/java-6-sun-1.6.0.13/jre/lib/amd64/libjava.so
7f0890fc8000-7f0890fd5000 r-xp 00000000 08:13 3163201                    /usr/lib/jvm/java-6-sun-1.6.0.13/jre/lib/amd64/libverify.so
7f0890fd5000-7f08910d4000 ---p 0000d000 08:13 3163201                    /usr/lib/jvm/java-6-sun-1.6.0.13/jre/lib/amd64/libverify.so
7f08910d4000-7f08910d7000 rwxp 0000c000 08:13 3163201                    /usr/lib/jvm/java-6-sun-1.6.0.13/jre/lib/amd64/libverify.so
7f08910d7000-7f08910e3000 r-xp 00000000 08:13 213021                     /lib/libnss_files-2.9.so
7f08910e3000-7f08912e2000 ---p 0000c000 08:13 213021                     /lib/libnss_files-2.9.so
7f08912e2000-7f08912e3000 r-xp 0000b000 08:13 213021                     /lib/libnss_files-2.9.so
7f08912e3000-7f08912e4000 rwxp 0000c000 08:13 213021                     /lib/libnss_files-2.9.so
7f08912e4000-7f08912ee000 r-xp 00000000 08:13 213023                     /lib/libnss_nis-2.9.so
7f08912ee000-7f08914ed000 ---p 0000a000 08:13 213023                     /lib/libnss_nis-2.9.so
7f08914ed000-7f08914ee000 r-xp 00009000 08:13 213023                     /lib/libnss_nis-2.9.so
7f08914ee000-7f08914ef000 rwxp 0000a000 08:13 213023                     /lib/libnss_nis-2.9.so
7f08914ef000-7f08914f7000 r-xp 00000000 08:13 213019                     /lib/libnss_compat-2.9.so
7f08914f7000-7f08916f6000 ---p 00008000 08:13 213019                     /lib/libnss_compat-2.9.so
7f08916f6000-7f08916f7000 r-xp 00007000 08:13 213019                     /lib/libnss_compat-2.9.so
7f08916f7000-7f08916f8000 rwxp 00008000 08:13 213019                     /lib/libnss_compat-2.9.so
7f08916f8000-7f089170e000 r-xp 00000000 08:13 213018                     /lib/libnsl-2.9.so
7f089170e000-7f089190e000 ---p 00016000 08:13 213018                     /lib/libnsl-2.9.so
7f089190e000-7f089190f000 r-xp 00016000 08:13 213018                     /lib/libnsl-2.9.so
7f089190f000-7f0891910000 rwxp 00017000 08:13 213018                     /lib/libnsl-2.9.so
7f0891910000-7f0891912000 rwxp 7f0891910000 00:00 0 
7f0891912000-7f0891919000 r-xp 00000000 08:13 3163208                    /usr/lib/jvm/java-6-sun-1.6.0.13/jre/lib/amd64/native_threads/libhpi.so
7f0891919000-7f0891a1a000 ---p 00007000 08:13 3163208                    /usr/lib/jvm/java-6-sun-1.6.0.13/jre/lib/amd64/native_threads/libhpi.so
7f0891a1a000-7f0891a1c000 rwxp 00008000 08:13 3163208                    /usr/lib/jvm/java-6-sun-1.6.0.13/jre/lib/amd64/native_threads/libhpi.so
7f0891a1c000-7f0891a1d000 rwxp 7f0891a1c000 00:00 0 
7f0891a1d000-7f0891a24000 r-xp 00000000 08:13 213028                     /lib/librt-2.9.so
7f0891a24000-7f0891c23000 ---p 00007000 08:13 213028                     /lib/librt-2.9.so
7f0891c23000-7f0891c24000 r-xp 00006000 08:13 213028                     /lib/librt-2.9.so
7f0891c24000-7f0891c25000 rwxp 00007000 08:13 213028                     /lib/librt-2.9.so
7f0891c25000-7f0891c28000 ---p 7f0891c25000 00:00 0 
7f0891c28000-7f0891d26000 rwxp 7f0891c28000 00:00 0 
7f0891d26000-7f0891daa000 r-xp 00000000 08:13 213016                     /lib/libm-2.9.so
7f0891daa000-7f0891fa9000 ---p 00084000 08:13 213016                     /lib/libm-2.9.so
7f0891fa9000-7f0891faa000 r-xp 00083000 08:13 213016                     /lib/libm-2.9.so
7f0891faa000-7f0891fab000 rwxp 00084000 08:13 213016                     /lib/libm-2.9.so
7f0891fab000-7f0892638000 r-xp 00000000 08:13 3163226                    /usr/lib/jvm/java-6-sun-1.6.0.13/jre/lib/amd64/server/libjvm.so
7f0892638000-7f0892737000 ---p 0068d000 08:13 3163226                    /usr/lib/jvm/java-6-sun-1.6.0.13/jre/lib/amd64/server/libjvm.so
7f0892737000-7f0892888000 rwxp 0068c000 08:13 3163226                    /usr/lib/jvm/java-6-sun-1.6.0.13/jre/lib/amd64/server/libjvm.so
7f0892888000-7f08928c5000 rwxp 7f0892888000 00:00 0 
7f08928c5000-7f0892a2d000 r-xp 00000000 08:13 213012                     /lib/libc-2.9.so
7f0892a2d000-7f0892c2d000 ---p 00168000 08:13 213012                     /lib/libc-2.9.so
7f0892c2d000-7f0892c31000 r-xp 00168000 08:13 213012                     /lib/libc-2.9.so
7f0892c31000-7f0892c32000 rwxp 0016c000 08:13 213012                     /lib/libc-2.9.so
7f0892c32000-7f0892c37000 rwxp 7f0892c32000 00:00 0 
7f0892c37000-7f0892c39000 r-xp 00000000 08:13 213015                     /lib/libdl-2.9.so
7f0892c39000-7f0892e39000 ---p 00002000 08:13 213015                     /lib/libdl-2.9.so
7f0892e39000-7f0892e3a000 r-xp 00002000 08:13 213015                     /lib/libdl-2.9.so
7f0892e3a000-7f0892e3b000 rwxp 00003000 08:13 213015                     /lib/libdl-2.9.so
7f0892e3b000-7f0892e52000 r-xp 00000000 08:13 213026                     /lib/libpthread-2.9.so
7f0892e52000-7f0893051000 ---p 00017000 08:13 213026                     /lib/libpthread-2.9.so
7f0893051000-7f0893052000 r-xp 00016000 08:13 213026                     /lib/libpthread-2.9.so
7f0893052000-7f0893053000 rwxp 00017000 08:13 213026                     /lib/libpthread-2.9.so
7f0893053000-7f0893057000 rwxp 7f0893053000 00:00 0 
7f0893057000-7f0893077000 r-xp 00000000 08:13 213006                     /lib/ld-2.9.so
7f089307d000-7f089308b000 r-xs 000ba000 08:11 422677                     /home/epsilon/文档/4_java/javaTools/mtj.jar
7f089308b000-7f0893095000 rwxp 7f089308b000 00:00 0 
7f0893095000-7f089314b000 rwxp 7f0893095000 00:00 0 
7f089314b000-7f089314d000 rwxp 7f089314b000 00:00 0 
7f089314d000-7f0893154000 r-xp 00000000 08:13 3163192                    /usr/lib/jvm/java-6-sun-1.6.0.13/jre/lib/amd64/jli/libjli.so
7f0893154000-7f0893255000 ---p 00007000 08:13 3163192                    /usr/lib/jvm/java-6-sun-1.6.0.13/jre/lib/amd64/jli/libjli.so
7f0893255000-7f0893257000 rwxp 00008000 08:13 3163192                    /usr/lib/jvm/java-6-sun-1.6.0.13/jre/lib/amd64/jli/libjli.so
7f0893257000-7f0893258000 rwxp 7f0893257000 00:00 0 
7f0893258000-7f089325b000 r-xs 000cb000 08:13 3162696                    /usr/lib/jvm/java-6-sun-1.6.0.13/jre/lib/ext/localedata.jar
7f089325b000-7f089325e000 r-xs 00000000 08:13 3196574                    /var/cache/fontconfig/7ef2298fde41cc6eeb7af42e48b7d293-x86-64.cache-2
7f089325e000-7f0893262000 r-xs 00042000 08:11 181747                     /home/epsilon/NetBeansProjects/EpsilonUtils/trunk/dist/EpsilonYUtil.jar
7f0893262000-7f0893269000 r-xs 00000000 08:13 2803699                    /usr/lib/gconv/gconv-modules.cache
7f0893269000-7f0893271000 rwxs 00000000 08:13 376944                     /tmp/hsperfdata_epsilon/2648
7f0893271000-7f0893272000 rwxp 7f0893271000 00:00 0 
7f0893272000-7f0893273000 r-xp 7f0893272000 00:00 0 
7f0893273000-7f0893276000 rwxp 7f0893273000 00:00 0 
7f0893276000-7f0893277000 r-xp 0001f000 08:13 213006                     /lib/ld-2.9.so
7f0893277000-7f0893278000 rwxp 00020000 08:13 213006                     /lib/ld-2.9.so
7fff9b263000-7fff9b278000 rwxp 7ffffffea000 00:00 0                      [stack]
7fff9b3ff000-7fff9b400000 r-xp 7fff9b3ff000 00:00 0                      [vdso]
ffffffffff600000-ffffffffff601000 r-xp 00000000 00:00 0                  [vsyscall]

VM Arguments:
jvm_args: -Dawt.useSystemAAFontSettings=on 
java_command: net.epsilony.simpmeshfree.model.ModelTestFrame
Launcher Type: SUN_STANDARD

Environment Variables:
_JAVA_OPTIONS=-Dawt.useSystemAAFontSettings=on
PATH=/usr/local/sbin:/usr/local/bin:/usr/sbin:/usr/bin:/sbin:/bin:/usr/games
USERNAME=epsilon
LD_LIBRARY_PATH=/usr/lib/jvm/java-6-sun-1.6.0.13/jre/lib/amd64/server:/usr/lib/jvm/java-6-sun-1.6.0.13/jre/lib/amd64:/usr/lib/jvm/java-6-sun-1.6.0.13/jre/../lib/amd64
SHELL=/bin/bash
DISPLAY=:0.0

Signal Handlers:
SIGSEGV: [libjvm.so+0x5fcd20], sa_mask[0]=0x7ffbfeff, sa_flags=0x10000004
SIGBUS: [libjvm.so+0x5fcd20], sa_mask[0]=0x7ffbfeff, sa_flags=0x10000004
SIGFPE: [libjvm.so+0x4e0eb0], sa_mask[0]=0x7ffbfeff, sa_flags=0x10000004
SIGPIPE: [libjvm.so+0x4e0eb0], sa_mask[0]=0x7ffbfeff, sa_flags=0x10000004
SIGXFSZ: [libjvm.so+0x4e0eb0], sa_mask[0]=0x7ffbfeff, sa_flags=0x10000004
SIGILL: [libjvm.so+0x4e0eb0], sa_mask[0]=0x7ffbfeff, sa_flags=0x10000004
SIGUSR1: SIG_DFL, sa_mask[0]=0x00000000, sa_flags=0x00000000
SIGUSR2: [libjvm.so+0x4e35d0], sa_mask[0]=0x00000004, sa_flags=0x10000004
SIGHUP: [libjvm.so+0x4e3320], sa_mask[0]=0x7ffbfeff, sa_flags=0x10000004
SIGINT: SIG_IGN, sa_mask[0]=0x00000000, sa_flags=0x00000000
SIGTERM: [libjvm.so+0x4e3320], sa_mask[0]=0x7ffbfeff, sa_flags=0x10000004
SIGQUIT: [libjvm.so+0x4e3320], sa_mask[0]=0x7ffbfeff, sa_flags=0x10000004


---------------  S Y S T E M  ---------------

OS:5.0

uname:Linux 2.6.28-12-generic #43-Ubuntu SMP Fri May 1 19:31:32 UTC 2009 x86_64
libc:glibc 2.9 NPTL 2.9 
rlimit: STACK 8192k, CORE 0k, NPROC infinity, NOFILE 1024, AS infinity
load average:1.17 0.49 0.21

CPU:total 2 (2 cores per cpu, 1 threads per core) family 16 model 2 stepping 3, cmov, cx8, fxsr, mmx, sse, sse2, sse3, mmxext, 3dnow, 3dnowext, sse4a

Memory: 4k page, physical 5780180k(3622248k free), swap 3903752k(3865604k free)

vm_info: Java HotSpot(TM) 64-Bit Server VM (11.3-b02) for linux-amd64 JRE (1.6.0_13-b03), built on Mar  9 2009 11:08:22 by "java_re" with gcc 3.2.2 (SuSE Linux)

time: Mon May 18 09:57:49 2009
elapsed time: 1 seconds

