#
# An unexpected error has been detected by Java Runtime Environment:
#
#  SIGSEGV (0xb) at pc=0x00007f79da7a911b, pid=5885, tid=140159634880848
#
# Java VM: Java HotSpot(TM) 64-Bit Server VM (11.3-b02 mixed mode linux-amd64)
# Problematic frame:
# C  [libc.so.6+0x8411b]  memcpy+0x15b
#
# If you would like to submit a bug report, please visit:
#   http://java.sun.com/webapps/bugreport/crash.jsp
#

---------------  T H R E A D  ---------------

Current thread (0x00007f797008c800):  JavaThread "AWT-EventQueue-0" [_thread_in_vm, id=5907, stack(0x00007f79752fb000,0x00007f79753fc000)]

siginfo:si_signo=SIGSEGV: si_errno=0, si_code=2 (SEGV_ACCERR), si_addr=0x00007f79700f2000

Registers:
RAX=0x00007f79b8d05f60, RBX=0x00007f79783e12a0, RCX=0x000000000000006e, RDX=0x0000000000001d00
RSP=0x00007f79753fa538, RBP=0x00007f79753fa5c0, RSI=0x00007f79700f2000, RDI=0x00007f79b8d078f0
R8 =0x0000000000000ffc, R9 =0x00007f79da5f55b8, R10=0x00007f79da5f9028, R11=0x0000000000001d00
R12=0x0000000000001d00, R13=0x0000000000000000, R14=0x00000000407d4f98, R15=0x00007f79753fa550
RIP=0x00007f79da7a911b, EFL=0x0000000000010216, CSGSFS=0x0000000000000033, ERR=0x0000000000000004
  TRAPNO=0x000000000000000e

Top of Stack: (sp=0x00007f79753fa538)
0x00007f79753fa538:   00007f79da151600 00007f797008c9c0
0x00007f79753fa548:   00007f79700f0670 00007f797008c800
0x00007f79753fa558:   0000000000000000 00007f797008c800
0x00007f79753fa568:   0000000000000000 00007f797008c800
0x00007f79753fa578:   00007f79753fa6c0 00007f797008c800
0x00007f79753fa588:   00007f79da79f276 00007f797008c800
0x00007f79753fa598:   00000000407d4f98 00007f797005b190
0x00007f79753fa5a8:   00007f797005b0e0 00007f79753fa6c0
0x00007f79753fa5b8:   00000000407d4f40 00007f797008c9c0
0x00007f79753fa5c8:   00007f7974ed8486 00007f797005b030
0x00007f79753fa5d8:   00000000407d4f48 00000000407d4f50
0x00007f79753fa5e8:   00000000407d4f58 00000000407d4f60
0x00007f79753fa5f8:   0000000040941d88 00000000407d4f68
0x00007f79753fa608:   0000000040941dd0 010101010008c800
0x00007f79753fa618:   00007f7978dd80a0 00007f79753fa6a0
0x00007f79753fa628:   0000000000000101 00007f7978dd80a0
0x00007f79753fa638:   00007f79753fa6c0 00007f797008c800
0x00007f79753fa648:   00007f79d5bf3852 00007f797008c800
0x00007f79753fa658:   00007f7978815c50 00007f79753fa660
0x00007f79753fa668:   00007f7978dd80a0 00007f79753fa6c0
0x00007f79753fa678:   00007f7978dd8ad8 0000000000000000
0x00007f79753fa688:   00007f7978dd80a0 0000000000000000
0x00007f79753fa698:   00007f79753fa6c0 00007f79753fa708
0x00007f79753fa6a8:   00007f79d5be8322 0000000000000000
0x00007f79753fa6b8:   00007f79d5bf0358 00007f79b8ceaca0
0x00007f79753fa6c8:   00007f79753fa6c8 00007f7978dd6b7d
0x00007f79753fa6d8:   00007f79753fa750 00007f7978dd8ad8
0x00007f79753fa6e8:   0000000000000000 00007f7978dd6c08
0x00007f79753fa6f8:   00007f79753fa6c0 00007f79753fa740
0x00007f79753fa708:   00007f79753fa798 00007f79d5be8322
0x00007f79753fa718:   0000000000000000 00007f79b8d02bd8
0x00007f79753fa728:   0000000000000000 00007f79b8d02bc0 

Instructions: (pc=0x00007f79da7a911b)
0x00007f79da7a910b:   0f 47 da 4c 89 d9 49 83 e3 f8 48 c1 e9 03 74 05
0x00007f79da7a911b:   f3 48 a5 66 90 4c 29 da 48 f7 c2 f8 ff ff ff 75 

Stack: [0x00007f79752fb000,0x00007f79753fc000],  sp=0x00007f79753fa538,  free space=1021k
Native frames: (J=compiled Java code, j=interpreted, Vv=VM code, C=native code)
C  [libc.so.6+0x8411b]  memcpy+0x15b

Java frames: (J=compiled Java code, j=interpreted, Vv=VM code)
j  net.epsilony.simpmeshfree.model.geometry.TriangleJni.triangleFun()V+0
j  net.epsilony.simpmeshfree.model.geometry.TriangleJni.complie(Lnet/epsilony/simpmeshfree/model/geometry/GeometryModel;Ljava/lang/String;)V+141
j  net.epsilony.simpmeshfree.model.mechanics.MechanicsModel.generateNodesByTriangle(DDLjava/lang/String;ZZ)V+110
j  net.epsilony.simpmeshfree.model.ModelTestFrame.<init>()V+599
j  net.epsilony.simpmeshfree.model.ModelTestFrame$1.run()V+4
j  java.awt.event.InvocationEvent.dispatch()V+47
j  java.awt.EventQueue.dispatchEvent(Ljava/awt/AWTEvent;)V+26
j  java.awt.EventDispatchThread.pumpOneEventForFilters(I)Z+204
j  java.awt.EventDispatchThread.pumpEventsForFilter(ILjava/awt/Conditional;Ljava/awt/EventFilter;)V+30
j  java.awt.EventDispatchThread.pumpEventsForHierarchy(ILjava/awt/Conditional;Ljava/awt/Component;)V+11
j  java.awt.EventDispatchThread.pumpEvents(ILjava/awt/Conditional;)V+4
j  java.awt.EventDispatchThread.pumpEvents(Ljava/awt/Conditional;)V+3
j  java.awt.EventDispatchThread.run()V+9
v  ~StubRoutines::call_stub

---------------  P R O C E S S  ---------------

Java Threads: ( => current thread )
  0x00007f7970005c00 JavaThread "Thread-3" [_thread_blocked, id=5909, stack(0x00007f79750f9000,0x00007f79751fa000)]
  0x00007f7970005400 JavaThread "Thread-2" [_thread_blocked, id=5908, stack(0x00007f79751fa000,0x00007f79752fb000)]
  0x00007f797008d800 JavaThread "DestroyJavaVM" [_thread_blocked, id=5887, stack(0x00007f79d9a85000,0x00007f79d9b86000)]
=>0x00007f797008c800 JavaThread "AWT-EventQueue-0" [_thread_in_vm, id=5907, stack(0x00007f79752fb000,0x00007f79753fc000)]
  0x00007f797008bc00 JavaThread "AWT-Shutdown" [_thread_blocked, id=5906, stack(0x00007f797550a000,0x00007f797560b000)]
  0x00007f797008b000 JavaThread "AWT-XAWT" daemon [_thread_in_native, id=5905, stack(0x00007f797560b000,0x00007f797570c000)]
  0x00007f7970013400 JavaThread "Java2D Disposer" daemon [_thread_blocked, id=5904, stack(0x00007f7975d40000,0x00007f7975e41000)]
  0x00000000407e6800 JavaThread "Low Memory Detector" daemon [_thread_blocked, id=5898, stack(0x00007f797737b000,0x00007f797747c000)]
  0x00000000407e4000 JavaThread "CompilerThread1" daemon [_thread_blocked, id=5896, stack(0x00007f797747c000,0x00007f797757d000)]
  0x00000000407e0000 JavaThread "CompilerThread0" daemon [_thread_blocked, id=5895, stack(0x00007f797757d000,0x00007f797767e000)]
  0x00000000407de000 JavaThread "Signal Dispatcher" daemon [_thread_blocked, id=5894, stack(0x00007f797767e000,0x00007f797777f000)]
  0x00000000407bc800 JavaThread "Finalizer" daemon [_thread_blocked, id=5893, stack(0x00007f79777be000,0x00007f79778bf000)]
  0x00000000407b5800 JavaThread "Reference Handler" daemon [_thread_blocked, id=5892, stack(0x00007f79778bf000,0x00007f79779c0000)]

Other Threads:
  0x00000000407b0000 VMThread [stack: 0x00007f79779c0000,0x00007f7977ac1000] [id=5890]
  0x00000000407e8c00 WatcherThread [stack: 0x00007f797727a000,0x00007f797737b000] [id=5899]

VM state:not at safepoint (normal execution)

VM Mutex/Monitor currently owned by a thread: None

Heap
 PSYoungGen      total 26368K, used 18894K [0x00007f79b8540000, 0x00007f79ba2a0000, 0x00007f79d5be0000)
  eden space 22656K, 83% used [0x00007f79b8540000,0x00007f79b97b38a8,0x00007f79b9b60000)
  from space 3712K, 0% used [0x00007f79b9f00000,0x00007f79b9f00000,0x00007f79ba2a0000)
  to   space 3712K, 0% used [0x00007f79b9b60000,0x00007f79b9b60000,0x00007f79b9f00000)
 PSOldGen        total 60288K, used 0K [0x00007f797d7e0000, 0x00007f79812c0000, 0x00007f79b8540000)
  object space 60288K, 0% used [0x00007f797d7e0000,0x00007f797d7e0000,0x00007f79812c0000)
 PSPermGen       total 21248K, used 10218K [0x00007f79783e0000, 0x00007f79798a0000, 0x00007f797d7e0000)
  object space 21248K, 48% used [0x00007f79783e0000,0x00007f7978dda9e8,0x00007f79798a0000)

Dynamic libraries:
40000000-40009000 r-xp 00000000 08:13 3163089                            /usr/lib/jvm/java-6-sun-1.6.0.13/jre/bin/java
40108000-4010a000 rwxp 00008000 08:13 3163089                            /usr/lib/jvm/java-6-sun-1.6.0.13/jre/bin/java
40727000-40ead000 rwxp 40727000 00:00 0                                  [heap]
7f7970000000-7f79700f2000 rwxp 7f7970000000 00:00 0 
7f79700f2000-7f7974000000 ---p 7f79700f2000 00:00 0 
7f79749af000-7f79749c5000 r-xp 00000000 08:13 213005                     /lib/libgcc_s.so.1
7f79749c5000-7f7974bc5000 ---p 00016000 08:13 213005                     /lib/libgcc_s.so.1
7f7974bc5000-7f7974bc6000 r-xp 00016000 08:13 213005                     /lib/libgcc_s.so.1
7f7974bc6000-7f7974bc7000 rwxp 00017000 08:13 213005                     /lib/libgcc_s.so.1
7f7974bc7000-7f7974cb8000 r-xp 00000000 08:13 2802601                    /usr/lib/libstdc++.so.6.0.10
7f7974cb8000-7f7974eb8000 ---p 000f1000 08:13 2802601                    /usr/lib/libstdc++.so.6.0.10
7f7974eb8000-7f7974ebf000 r-xp 000f1000 08:13 2802601                    /usr/lib/libstdc++.so.6.0.10
7f7974ebf000-7f7974ec1000 rwxp 000f8000 08:13 2802601                    /usr/lib/libstdc++.so.6.0.10
7f7974ec1000-7f7974ed4000 rwxp 7f7974ec1000 00:00 0 
7f7974ed4000-7f7974ef8000 r-xp 00000000 08:13 1942103                    /usr/lib/TriangleJniAmd64.so
7f7974ef8000-7f79750f7000 ---p 00024000 08:13 1942103                    /usr/lib/TriangleJniAmd64.so
7f79750f7000-7f79750f8000 r-xp 00023000 08:13 1942103                    /usr/lib/TriangleJniAmd64.so
7f79750f8000-7f79750f9000 rwxp 00024000 08:13 1942103                    /usr/lib/TriangleJniAmd64.so
7f79750f9000-7f79750fc000 ---p 7f79750f9000 00:00 0 
7f79750fc000-7f79751fa000 rwxp 7f79750fc000 00:00 0 
7f79751fa000-7f79751fd000 ---p 7f79751fa000 00:00 0 
7f79751fd000-7f79752fb000 rwxp 7f79751fd000 00:00 0 
7f79752fb000-7f79752fe000 ---p 7f79752fb000 00:00 0 
7f79752fe000-7f79753fc000 rwxp 7f79752fe000 00:00 0 
7f79753fc000-7f7975405000 r-xs 00000000 08:13 3197464                    /var/cache/fontconfig/945677eb7aeaf62f1d50efc3fb3ec7d8-x86-64.cache-2
7f7975405000-7f7975407000 r-xs 00000000 08:13 3197468                    /var/cache/fontconfig/99e8ed0e538f840c565b6ed5dad60d56-x86-64.cache-2
7f7975407000-7f797540a000 r-xs 00000000 08:13 3197466                    /var/cache/fontconfig/e383d7ea5fbe662a33d9b44caf393297-x86-64.cache-2
7f797540a000-7f797540e000 r-xs 00000000 08:13 3197459                    /var/cache/fontconfig/6eb3985aa4124903f6ff08ba781cd364-x86-64.cache-2
7f797540e000-7f797540f000 r-xs 00000000 08:13 3197445                    /var/cache/fontconfig/4c73fe0c47614734b17d736dbde7580a-x86-64.cache-2
7f797540f000-7f7975413000 r-xs 00000000 08:13 3196573                    /var/cache/fontconfig/a755afe4a08bf5b97852ceb7400b47bc-x86-64.cache-2
7f7975413000-7f797541c000 r-xs 00000000 08:13 3197440                    /var/cache/fontconfig/6d41288fd70b0be22e8c3a91e032eec0-x86-64.cache-2
7f797541c000-7f797541f000 r-xs 00000000 08:13 3197439                    /var/cache/fontconfig/de156ccd2eddbdc19d37a45b8b2aac9c-x86-64.cache-2
7f797541f000-7f797542a000 r-xs 00000000 08:13 3197435                    /var/cache/fontconfig/e3de0de479f42330eadf588a55fb5bf4-x86-64.cache-2
7f797542a000-7f7975439000 r-xs 00000000 08:13 3197434                    /var/cache/fontconfig/0f34bcd4b6ee430af32735b75db7f02b-x86-64.cache-2
7f7975439000-7f797543c000 r-xs 00000000 08:13 3197433                    /var/cache/fontconfig/ddd4086aec35a5275babba44bb759c3c-x86-64.cache-2
7f797543c000-7f797543d000 r-xs 00000000 08:13 3197424                    /var/cache/fontconfig/4794a0821666d79190d59a36cb4f44b5-x86-64.cache-2
7f797543d000-7f7975446000 r-xs 00000000 08:13 3197417                    /var/cache/fontconfig/d52a8644073d54c13679302ca1180695-x86-64.cache-2
7f797550a000-7f797550d000 ---p 7f797550a000 00:00 0 
7f797550d000-7f797560b000 rwxp 7f797550d000 00:00 0 
7f797560b000-7f797560e000 ---p 7f797560b000 00:00 0 
7f797560e000-7f797570c000 rwxp 7f797560e000 00:00 0 
7f797570c000-7f7975711000 r-xp 00000000 08:13 2805390                    /usr/lib/libXfixes.so.3.1.0
7f7975711000-7f7975910000 ---p 00005000 08:13 2805390                    /usr/lib/libXfixes.so.3.1.0
7f7975910000-7f7975911000 rwxp 00004000 08:13 2805390                    /usr/lib/libXfixes.so.3.1.0
7f7975911000-7f797591a000 r-xp 00000000 08:13 2805803                    /usr/lib/libXrender.so.1.3.0
7f797591a000-7f7975b19000 ---p 00009000 08:13 2805803                    /usr/lib/libXrender.so.1.3.0
7f7975b19000-7f7975b1a000 r-xp 00008000 08:13 2805803                    /usr/lib/libXrender.so.1.3.0
7f7975b1a000-7f7975b1b000 rwxp 00009000 08:13 2805803                    /usr/lib/libXrender.so.1.3.0
7f7975b1b000-7f7975b24000 r-xp 00000000 08:13 2805843                    /usr/lib/libXcursor.so.1.0.2
7f7975b24000-7f7975d24000 ---p 00009000 08:13 2805843                    /usr/lib/libXcursor.so.1.0.2
7f7975d24000-7f7975d25000 rwxp 00009000 08:13 2805843                    /usr/lib/libXcursor.so.1.0.2
7f7975d40000-7f7975d43000 ---p 7f7975d40000 00:00 0 
7f7975d43000-7f7975e41000 rwxp 7f7975d43000 00:00 0 
7f7975e41000-7f7975ebf000 r-xp 00000000 08:13 3163204                    /usr/lib/jvm/java-6-sun-1.6.0.13/jre/lib/amd64/libfontmanager.so
7f7975ebf000-7f7975fbe000 ---p 0007e000 08:13 3163204                    /usr/lib/jvm/java-6-sun-1.6.0.13/jre/lib/amd64/libfontmanager.so
7f7975fbe000-7f7975fd4000 rwxp 0007d000 08:13 3163204                    /usr/lib/jvm/java-6-sun-1.6.0.13/jre/lib/amd64/libfontmanager.so
7f7975fd4000-7f7975fe5000 rwxp 7f7975fd4000 00:00 0 
7f7975fe5000-7f7975fea000 r-xp 00000000 08:13 2805384                    /usr/lib/libXdmcp.so.6.0.0
7f7975fea000-7f79761e9000 ---p 00005000 08:13 2805384                    /usr/lib/libXdmcp.so.6.0.0
7f79761e9000-7f79761ea000 rwxp 00004000 08:13 2805384                    /usr/lib/libXdmcp.so.6.0.0
7f79761ea000-7f7976205000 r-xp 00000000 08:13 2805386                    /usr/lib/libxcb.so.1.1.0
7f7976205000-7f7976404000 ---p 0001b000 08:13 2805386                    /usr/lib/libxcb.so.1.1.0
7f7976404000-7f7976405000 r-xp 0001a000 08:13 2805386                    /usr/lib/libxcb.so.1.1.0
7f7976405000-7f7976406000 rwxp 0001b000 08:13 2805386                    /usr/lib/libxcb.so.1.1.0
7f7976406000-7f7976408000 r-xp 00000000 08:13 2805382                    /usr/lib/libXau.so.6.0.0
7f7976408000-7f7976607000 ---p 00002000 08:13 2805382                    /usr/lib/libXau.so.6.0.0
7f7976607000-7f7976608000 r-xp 00001000 08:13 2805382                    /usr/lib/libXau.so.6.0.0
7f7976608000-7f7976609000 rwxp 00002000 08:13 2805382                    /usr/lib/libXau.so.6.0.0
7f7976609000-7f7976612000 r-xp 00000000 08:13 2805586                    /usr/lib/libXi.so.6.0.0
7f7976612000-7f7976812000 ---p 00009000 08:13 2805586                    /usr/lib/libXi.so.6.0.0
7f7976812000-7f7976813000 r-xp 00009000 08:13 2805586                    /usr/lib/libXi.so.6.0.0
7f7976813000-7f7976814000 rwxp 0000a000 08:13 2805586                    /usr/lib/libXi.so.6.0.0
7f7976814000-7f7976819000 r-xp 00000000 08:13 2806834                    /usr/lib/libXtst.so.6.1.0
7f7976819000-7f7976a19000 ---p 00005000 08:13 2806834                    /usr/lib/libXtst.so.6.1.0
7f7976a19000-7f7976a1a000 r-xp 00005000 08:13 2806834                    /usr/lib/libXtst.so.6.1.0
7f7976a1a000-7f7976a1b000 rwxp 00006000 08:13 2806834                    /usr/lib/libXtst.so.6.1.0
7f7976a1b000-7f7976b1d000 r-xp 00000000 08:13 2805388                    /usr/lib/libX11.so.6.2.0
7f7976b1d000-7f7976d1d000 ---p 00102000 08:13 2805388                    /usr/lib/libX11.so.6.2.0
7f7976d1d000-7f7976d1e000 r-xp 00102000 08:13 2805388                    /usr/lib/libX11.so.6.2.0
7f7976d1e000-7f7976d22000 rwxp 00103000 08:13 2805388                    /usr/lib/libX11.so.6.2.0
7f7976d22000-7f7976d33000 r-xp 00000000 08:13 2805394                    /usr/lib/libXext.so.6.4.0
7f7976d33000-7f7976f32000 ---p 00011000 08:13 2805394                    /usr/lib/libXext.so.6.4.0
7f7976f32000-7f7976f33000 r-xp 00010000 08:13 2805394                    /usr/lib/libXext.so.6.4.0
7f7976f33000-7f7976f34000 rwxp 00011000 08:13 2805394                    /usr/lib/libXext.so.6.4.0
7f7976f35000-7f7976f41000 r-xs 00000000 08:13 3197416                    /var/cache/fontconfig/089dead882dea3570ffc31a9898cfb69-x86-64.cache-2
7f7976f41000-7f7976f45000 r-xs 00000000 08:13 3197398                    /var/cache/fontconfig/cabbd14511b9e8a55e92af97fb3a0461-x86-64.cache-2
7f7976f45000-7f7976f4f000 r-xs 00000000 08:13 3195524                    /var/cache/fontconfig/e13b20fdb08344e0e664864cc2ede53d-x86-64.cache-2
7f7976f4f000-7f7976f90000 r-xp 00000000 08:13 3163194                    /usr/lib/jvm/java-6-sun-1.6.0.13/jre/lib/amd64/xawt/libmawt.so
7f7976f90000-7f797708f000 ---p 00041000 08:13 3163194                    /usr/lib/jvm/java-6-sun-1.6.0.13/jre/lib/amd64/xawt/libmawt.so
7f797708f000-7f797709b000 rwxp 00040000 08:13 3163194                    /usr/lib/jvm/java-6-sun-1.6.0.13/jre/lib/amd64/xawt/libmawt.so
7f797709b000-7f797709c000 rwxp 7f797709b000 00:00 0 
7f797709c000-7f797712e000 r-xp 00000000 08:13 3163239                    /usr/lib/jvm/java-6-sun-1.6.0.13/jre/lib/amd64/libawt.so
7f797712e000-7f797722d000 ---p 00092000 08:13 3163239                    /usr/lib/jvm/java-6-sun-1.6.0.13/jre/lib/amd64/libawt.so
7f797722d000-7f7977246000 rwxp 00091000 08:13 3163239                    /usr/lib/jvm/java-6-sun-1.6.0.13/jre/lib/amd64/libawt.so
7f7977246000-7f797726b000 rwxp 7f7977246000 00:00 0 
7f797726b000-7f7977272000 r-xs 00059000 08:11 1172178                    /home/epsilon/文档/4_java/javaTools/apache-log4j-1.2.15/log4j-1.2.15.jar
7f7977272000-7f797727a000 r-xs 0004b000 08:11 162661                     /home/epsilon/文档/4_java/javaTools/commons-math-1.2/commons-math-1.2.jar
7f797727a000-7f797727b000 ---p 7f797727a000 00:00 0 
7f797727b000-7f797737b000 rwxp 7f797727b000 00:00 0 
7f797737b000-7f797737e000 ---p 7f797737b000 00:00 0 
7f797737e000-7f797747c000 rwxp 7f797737e000 00:00 0 
7f797747c000-7f797747f000 ---p 7f797747c000 00:00 0 
7f797747f000-7f797757d000 rwxp 7f797747f000 00:00 0 
7f797757d000-7f7977580000 ---p 7f797757d000 00:00 0 
7f7977580000-7f797767e000 rwxp 7f7977580000 00:00 0 
7f797767e000-7f7977681000 ---p 7f797767e000 00:00 0 
7f7977681000-7f797777f000 rwxp 7f7977681000 00:00 0 
7f797777f000-7f79777be000 r-xp 00000000 08:13 2827839                    /usr/lib/locale/zh_CN.utf8/LC_CTYPE
7f79777be000-7f79777c1000 ---p 7f79777be000 00:00 0 
7f79777c1000-7f79778bf000 rwxp 7f79777c1000 00:00 0 
7f79778bf000-7f79778c2000 ---p 7f79778bf000 00:00 0 
7f79778c2000-7f79779c0000 rwxp 7f79778c2000 00:00 0 
7f79779c0000-7f79779c1000 ---p 7f79779c0000 00:00 0 
7f79779c1000-7f7977b36000 rwxp 7f79779c1000 00:00 0 
7f7977b36000-7f7977cc8000 r-xs 02f34000 08:13 2942580                    /usr/lib/jvm/java-6-sun-1.6.0.13/jre/lib/rt.jar
7f7977cc8000-7f7977cf0000 rwxp 7f7977cc8000 00:00 0 
7f7977cf0000-7f7977cf1000 ---p 7f7977cf0000 00:00 0 
7f7977cf1000-7f7977df1000 rwxp 7f7977cf1000 00:00 0 
7f7977df1000-7f7977df2000 ---p 7f7977df1000 00:00 0 
7f7977df2000-7f7977efd000 rwxp 7f7977df2000 00:00 0 
7f7977efd000-7f7977f1c000 rwxp 7f7977efd000 00:00 0 
7f7977f1c000-7f7977f3a000 rwxp 7f7977f1c000 00:00 0 
7f7977f3a000-7f79780f3000 rwxp 7f7977f3a000 00:00 0 
7f79780f3000-7f79780fe000 rwxp 7f79780f3000 00:00 0 
7f79780fe000-7f797811d000 rwxp 7f79780fe000 00:00 0 
7f797811d000-7f797813b000 rwxp 7f797811d000 00:00 0 
7f797813b000-7f79782f3000 rwxp 7f797813b000 00:00 0 
7f79782f3000-7f7978303000 rwxp 7f79782f3000 00:00 0 
7f7978303000-7f79783df000 rwxp 7f7978303000 00:00 0 
7f79783df000-7f79798a0000 rwxp 7f79783df000 00:00 0 
7f79798a0000-7f797d7e0000 rwxp 7f79798a0000 00:00 0 
7f797d7e0000-7f79812c0000 rwxp 7f797d7e0000 00:00 0 
7f79812c0000-7f79b8540000 rwxp 7f79812c0000 00:00 0 
7f79b8540000-7f79ba2a0000 rwxp 7f79b8540000 00:00 0 
7f79ba2a0000-7f79d5be0000 rwxp 7f79ba2a0000 00:00 0 
7f79d5be5000-7f79d5e55000 rwxp 7f79d5be5000 00:00 0 
7f79d5e55000-7f79d8be5000 rwxp 7f79d5e55000 00:00 0 
7f79d8be5000-7f79d8bf3000 r-xp 00000000 08:13 3163206                    /usr/lib/jvm/java-6-sun-1.6.0.13/jre/lib/amd64/libzip.so
7f79d8bf3000-7f79d8cf5000 ---p 0000e000 08:13 3163206                    /usr/lib/jvm/java-6-sun-1.6.0.13/jre/lib/amd64/libzip.so
7f79d8cf5000-7f79d8cf8000 rwxp 00010000 08:13 3163206                    /usr/lib/jvm/java-6-sun-1.6.0.13/jre/lib/amd64/libzip.so
7f79d8cf8000-7f79d8cf9000 rwxp 7f79d8cf8000 00:00 0 
7f79d8cf9000-7f79d8d22000 r-xp 00000000 08:13 3163219                    /usr/lib/jvm/java-6-sun-1.6.0.13/jre/lib/amd64/libjava.so
7f79d8d22000-7f79d8e21000 ---p 00029000 08:13 3163219                    /usr/lib/jvm/java-6-sun-1.6.0.13/jre/lib/amd64/libjava.so
7f79d8e21000-7f79d8e28000 rwxp 00028000 08:13 3163219                    /usr/lib/jvm/java-6-sun-1.6.0.13/jre/lib/amd64/libjava.so
7f79d8e28000-7f79d8e35000 r-xp 00000000 08:13 3163201                    /usr/lib/jvm/java-6-sun-1.6.0.13/jre/lib/amd64/libverify.so
7f79d8e35000-7f79d8f34000 ---p 0000d000 08:13 3163201                    /usr/lib/jvm/java-6-sun-1.6.0.13/jre/lib/amd64/libverify.so
7f79d8f34000-7f79d8f37000 rwxp 0000c000 08:13 3163201                    /usr/lib/jvm/java-6-sun-1.6.0.13/jre/lib/amd64/libverify.so
7f79d8f37000-7f79d8f43000 r-xp 00000000 08:13 213021                     /lib/libnss_files-2.9.so
7f79d8f43000-7f79d9142000 ---p 0000c000 08:13 213021                     /lib/libnss_files-2.9.so
7f79d9142000-7f79d9143000 r-xp 0000b000 08:13 213021                     /lib/libnss_files-2.9.so
7f79d9143000-7f79d9144000 rwxp 0000c000 08:13 213021                     /lib/libnss_files-2.9.so
7f79d9144000-7f79d914e000 r-xp 00000000 08:13 213023                     /lib/libnss_nis-2.9.so
7f79d914e000-7f79d934d000 ---p 0000a000 08:13 213023                     /lib/libnss_nis-2.9.so
7f79d934d000-7f79d934e000 r-xp 00009000 08:13 213023                     /lib/libnss_nis-2.9.so
7f79d934e000-7f79d934f000 rwxp 0000a000 08:13 213023                     /lib/libnss_nis-2.9.so
7f79d934f000-7f79d9357000 r-xp 00000000 08:13 213019                     /lib/libnss_compat-2.9.so
7f79d9357000-7f79d9556000 ---p 00008000 08:13 213019                     /lib/libnss_compat-2.9.so
7f79d9556000-7f79d9557000 r-xp 00007000 08:13 213019                     /lib/libnss_compat-2.9.so
7f79d9557000-7f79d9558000 rwxp 00008000 08:13 213019                     /lib/libnss_compat-2.9.so
7f79d9558000-7f79d956e000 r-xp 00000000 08:13 213018                     /lib/libnsl-2.9.so
7f79d956e000-7f79d976e000 ---p 00016000 08:13 213018                     /lib/libnsl-2.9.so
7f79d976e000-7f79d976f000 r-xp 00016000 08:13 213018                     /lib/libnsl-2.9.so
7f79d976f000-7f79d9770000 rwxp 00017000 08:13 213018                     /lib/libnsl-2.9.so
7f79d9770000-7f79d9772000 rwxp 7f79d9770000 00:00 0 
7f79d9772000-7f79d9779000 r-xp 00000000 08:13 3163208                    /usr/lib/jvm/java-6-sun-1.6.0.13/jre/lib/amd64/native_threads/libhpi.so
7f79d9779000-7f79d987a000 ---p 00007000 08:13 3163208                    /usr/lib/jvm/java-6-sun-1.6.0.13/jre/lib/amd64/native_threads/libhpi.so
7f79d987a000-7f79d987c000 rwxp 00008000 08:13 3163208                    /usr/lib/jvm/java-6-sun-1.6.0.13/jre/lib/amd64/native_threads/libhpi.so
7f79d987c000-7f79d987d000 rwxp 7f79d987c000 00:00 0 
7f79d987d000-7f79d9884000 r-xp 00000000 08:13 213028                     /lib/librt-2.9.so
7f79d9884000-7f79d9a83000 ---p 00007000 08:13 213028                     /lib/librt-2.9.so
7f79d9a83000-7f79d9a84000 r-xp 00006000 08:13 213028                     /lib/librt-2.9.so
7f79d9a84000-7f79d9a85000 rwxp 00007000 08:13 213028                     /lib/librt-2.9.so
7f79d9a85000-7f79d9a88000 ---p 7f79d9a85000 00:00 0 
7f79d9a88000-7f79d9b86000 rwxp 7f79d9a88000 00:00 0 
7f79d9b86000-7f79d9c0a000 r-xp 00000000 08:13 213016                     /lib/libm-2.9.so
7f79d9c0a000-7f79d9e09000 ---p 00084000 08:13 213016                     /lib/libm-2.9.so
7f79d9e09000-7f79d9e0a000 r-xp 00083000 08:13 213016                     /lib/libm-2.9.so
7f79d9e0a000-7f79d9e0b000 rwxp 00084000 08:13 213016                     /lib/libm-2.9.so
7f79d9e0b000-7f79da498000 r-xp 00000000 08:13 3163226                    /usr/lib/jvm/java-6-sun-1.6.0.13/jre/lib/amd64/server/libjvm.so
7f79da498000-7f79da597000 ---p 0068d000 08:13 3163226                    /usr/lib/jvm/java-6-sun-1.6.0.13/jre/lib/amd64/server/libjvm.so
7f79da597000-7f79da6e8000 rwxp 0068c000 08:13 3163226                    /usr/lib/jvm/java-6-sun-1.6.0.13/jre/lib/amd64/server/libjvm.so
7f79da6e8000-7f79da725000 rwxp 7f79da6e8000 00:00 0 
7f79da725000-7f79da88d000 r-xp 00000000 08:13 213012                     /lib/libc-2.9.so
7f79da88d000-7f79daa8d000 ---p 00168000 08:13 213012                     /lib/libc-2.9.so
7f79daa8d000-7f79daa91000 r-xp 00168000 08:13 213012                     /lib/libc-2.9.so
7f79daa91000-7f79daa92000 rwxp 0016c000 08:13 213012                     /lib/libc-2.9.so
7f79daa92000-7f79daa97000 rwxp 7f79daa92000 00:00 0 
7f79daa97000-7f79daa99000 r-xp 00000000 08:13 213015                     /lib/libdl-2.9.so
7f79daa99000-7f79dac99000 ---p 00002000 08:13 213015                     /lib/libdl-2.9.so
7f79dac99000-7f79dac9a000 r-xp 00002000 08:13 213015                     /lib/libdl-2.9.so
7f79dac9a000-7f79dac9b000 rwxp 00003000 08:13 213015                     /lib/libdl-2.9.so
7f79dac9b000-7f79dacb2000 r-xp 00000000 08:13 213026                     /lib/libpthread-2.9.so
7f79dacb2000-7f79daeb1000 ---p 00017000 08:13 213026                     /lib/libpthread-2.9.so
7f79daeb1000-7f79daeb2000 r-xp 00016000 08:13 213026                     /lib/libpthread-2.9.so
7f79daeb2000-7f79daeb3000 rwxp 00017000 08:13 213026                     /lib/libpthread-2.9.so
7f79daeb3000-7f79daeb7000 rwxp 7f79daeb3000 00:00 0 
7f79daeb7000-7f79daed7000 r-xp 00000000 08:13 213006                     /lib/ld-2.9.so
7f79daedd000-7f79daeeb000 r-xs 000ba000 08:11 422677                     /home/epsilon/文档/4_java/javaTools/mtj.jar
7f79daeeb000-7f79daef5000 rwxp 7f79daeeb000 00:00 0 
7f79daef5000-7f79dafab000 rwxp 7f79daef5000 00:00 0 
7f79dafab000-7f79dafad000 rwxp 7f79dafab000 00:00 0 
7f79dafad000-7f79dafb4000 r-xp 00000000 08:13 3163192                    /usr/lib/jvm/java-6-sun-1.6.0.13/jre/lib/amd64/jli/libjli.so
7f79dafb4000-7f79db0b5000 ---p 00007000 08:13 3163192                    /usr/lib/jvm/java-6-sun-1.6.0.13/jre/lib/amd64/jli/libjli.so
7f79db0b5000-7f79db0b7000 rwxp 00008000 08:13 3163192                    /usr/lib/jvm/java-6-sun-1.6.0.13/jre/lib/amd64/jli/libjli.so
7f79db0b7000-7f79db0b8000 rwxp 7f79db0b7000 00:00 0 
7f79db0b8000-7f79db0bb000 r-xs 000cb000 08:13 3162696                    /usr/lib/jvm/java-6-sun-1.6.0.13/jre/lib/ext/localedata.jar
7f79db0bb000-7f79db0be000 r-xs 00000000 08:13 3196574                    /var/cache/fontconfig/7ef2298fde41cc6eeb7af42e48b7d293-x86-64.cache-2
7f79db0be000-7f79db0c2000 r-xs 00042000 08:11 181747                     /home/epsilon/NetBeansProjects/EpsilonUtils/trunk/dist/EpsilonYUtil.jar
7f79db0c2000-7f79db0c9000 r-xs 00000000 08:13 2803699                    /usr/lib/gconv/gconv-modules.cache
7f79db0c9000-7f79db0d1000 rwxs 00000000 08:13 376951                     /tmp/hsperfdata_epsilon/5885
7f79db0d1000-7f79db0d2000 rwxp 7f79db0d1000 00:00 0 
7f79db0d2000-7f79db0d3000 r-xp 7f79db0d2000 00:00 0 
7f79db0d3000-7f79db0d6000 rwxp 7f79db0d3000 00:00 0 
7f79db0d6000-7f79db0d7000 r-xp 0001f000 08:13 213006                     /lib/ld-2.9.so
7f79db0d7000-7f79db0d8000 rwxp 00020000 08:13 213006                     /lib/ld-2.9.so
7fffe30c3000-7fffe30d8000 rwxp 7ffffffea000 00:00 0                      [stack]
7fffe31ff000-7fffe3200000 r-xp 7fffe31ff000 00:00 0                      [vdso]
ffffffffff600000-ffffffffff601000 r-xp 00000000 00:00 0                  [vsyscall]

VM Arguments:
jvm_args: -Dawt.useSystemAAFontSettings=on 
java_command: net.epsilony.simpmeshfree.model.ModelTestFrame
Launcher Type: SUN_STANDARD

Environment Variables:
_JAVA_OPTIONS=-Dawt.useSystemAAFontSettings=on
PATH=/usr/local/sbin:/usr/local/bin:/usr/sbin:/usr/bin:/sbin:/bin:/usr/games
USERNAME=epsilon
LD_LIBRARY_PATH=/usr/lib/jvm/java-6-sun-1.6.0.13/jre/lib/amd64/server:/usr/lib/jvm/java-6-sun-1.6.0.13/jre/lib/amd64:/usr/lib/jvm/java-6-sun-1.6.0.13/jre/../lib/amd64
SHELL=/bin/bash
DISPLAY=:0.0

Signal Handlers:
SIGSEGV: [libjvm.so+0x5fcd20], sa_mask[0]=0x7ffbfeff, sa_flags=0x10000004
SIGBUS: [libjvm.so+0x5fcd20], sa_mask[0]=0x7ffbfeff, sa_flags=0x10000004
SIGFPE: [libjvm.so+0x4e0eb0], sa_mask[0]=0x7ffbfeff, sa_flags=0x10000004
SIGPIPE: [libjvm.so+0x4e0eb0], sa_mask[0]=0x7ffbfeff, sa_flags=0x10000004
SIGXFSZ: [libjvm.so+0x4e0eb0], sa_mask[0]=0x7ffbfeff, sa_flags=0x10000004
SIGILL: [libjvm.so+0x4e0eb0], sa_mask[0]=0x7ffbfeff, sa_flags=0x10000004
SIGUSR1: SIG_DFL, sa_mask[0]=0x00000000, sa_flags=0x00000000
SIGUSR2: [libjvm.so+0x4e35d0], sa_mask[0]=0x00000004, sa_flags=0x10000004
SIGHUP: [libjvm.so+0x4e3320], sa_mask[0]=0x7ffbfeff, sa_flags=0x10000004
SIGINT: SIG_IGN, sa_mask[0]=0x00000000, sa_flags=0x00000000
SIGTERM: [libjvm.so+0x4e3320], sa_mask[0]=0x7ffbfeff, sa_flags=0x10000004
SIGQUIT: [libjvm.so+0x4e3320], sa_mask[0]=0x7ffbfeff, sa_flags=0x10000004


---------------  S Y S T E M  ---------------

OS:5.0

uname:Linux 2.6.28-12-generic #43-Ubuntu SMP Fri May 1 19:31:32 UTC 2009 x86_64
libc:glibc 2.9 NPTL 2.9 
rlimit: STACK 8192k, CORE 0k, NPROC infinity, NOFILE 1024, AS infinity
load average:0.44 0.56 0.52

CPU:total 2 (2 cores per cpu, 1 threads per core) family 16 model 2 stepping 3, cmov, cx8, fxsr, mmx, sse, sse2, sse3, mmxext, 3dnow, 3dnowext, sse4a

Memory: 4k page, physical 5780180k(3354884k free), swap 3903752k(3865604k free)

vm_info: Java HotSpot(TM) 64-Bit Server VM (11.3-b02) for linux-amd64 JRE (1.6.0_13-b03), built on Mar  9 2009 11:08:22 by "java_re" with gcc 3.2.2 (SuSE Linux)

time: Mon May 18 10:37:28 2009
elapsed time: 0 seconds

