#
# An unexpected error has been detected by Java Runtime Environment:
#
#  SIGBUS (0x7) at pc=0xb7fc1a6c, pid=12699, tid=3049241488
#
# Java VM: Java HotSpot(TM) Client VM (11.3-b02 mixed mode, sharing linux-x86)
# Problematic frame:
# C  [ld-linux.so.2+0xea6c]
#
# If you would like to submit a bug report, please visit:
#   http://java.sun.com/webapps/bugreport/crash.jsp
#

---------------  T H R E A D  ---------------

Current thread (0x08faac00):  VMThread [stack: 0xb5b7b000,0xb5bfc000] [id=12701]

siginfo:si_signo=SIGBUS: si_errno=0, si_code=2 (BUS_ADRERR), si_addr=0xb50d1f2c

Registers:
EAX=0xb50d1f28, EBX=0xb7fcfff4, ECX=0xb7f83000, EDX=0xb598c018
ESP=0xb5bfaf60, EBP=0xb5bfb058, ESI=0x00000000, EDI=0x00000022
EIP=0xb7fc1a6c, CR2=0xb50d1f2c, EFLAGS=0x00210286

Top of Stack: (sp=0xb5bfaf60)
0xb5bfaf60:   b7fd0260 00000000 0000000a 00000000
0xb5bfaf70:   b7fd0670 b7fd0958 08f86b58 b594e630
0xb5bfaf80:   b593f0f8 b593ec80 08f866f0 08f862d8
0xb5bfaf90:   08f7e460 08f7f170 08f805e8 b7fb1bf0
0xb5bfafa0:   b7f83000 b5981b60 b593fb28 b593fdc0
0xb5bfafb0:   b593f5f8 b5981dd8 b5982050 b593f870
0xb5bfafc0:   b7f832d8 b598c018 b598c2a0 08f7e708
0xb5bfafd0:   08f83068 08f83310 08f80a48 08f835e0 

Instructions: (pc=0xb7fc1a6c)
0xb7fc1a5c:   04 83 ef 01 75 f6 8b 55 e8 8b 42 54 85 c0 74 07
0xb7fc1a6c:   8b 40 04 03 02 ff d0 8b 45 d8 85 c0 74 66 8b 45 

Stack: [0xb5b7b000,0xb5bfc000],  sp=0xb5bfaf60,  free space=511k
Native frames: (J=compiled Java code, j=interpreted, Vv=VM code, C=native code)
C  [ld-linux.so.2+0xea6c]
C  [libc.so.6+0x2ebb9]  exit+0x89
V  [libjvm.so+0x219a6f]
V  [libjvm.so+0x3da727]
V  [libjvm.so+0x3d9d3c]
V  [libjvm.so+0x3d9f11]
V  [libjvm.so+0x3d9aef]
V  [libjvm.so+0x310ac9]
C  [libpthread.so.0+0x64ff]

VM_Operation (0xb5268bc0): Exit, mode: safepoint, requested by thread 0x09037000


---------------  P R O C E S S  ---------------

Java Threads: ( => current thread )
  0x09037000 JavaThread "SIGTERM handler" daemon [_thread_blocked, id=13767, stack(0xb5219000,0xb526a000)]
  0xb598a800 JavaThread "Thread-3" [_thread_blocked, id=12717, stack(0xb50d3000,0xb5124000)]
  0xb5904000 JavaThread "Thread-2" [_thread_blocked, id=12716, stack(0xb5124000,0xb5175000)]
  0xb5986000 JavaThread "DestroyJavaVM" [_thread_blocked, id=12700, stack(0xb7d9b000,0xb7dec000)]
  0xb5982c00 JavaThread "AWT-XAWT" daemon [_thread_in_native, id=12713, stack(0xb526a000,0xb52bb000)]
  0xb595e400 JavaThread "Java2D Disposer" daemon [_thread_blocked, id=12712, stack(0xb52e6000,0xb5337000)]
  0xb5908c00 JavaThread "Low Memory Detector" daemon [_thread_blocked, id=12706, stack(0xb582e000,0xb587f000)]
  0xb5907000 JavaThread "CompilerThread0" daemon [_thread_blocked, id=12705, stack(0xb587f000,0xb5900000)]
  0x08fae000 JavaThread "Finalizer" daemon [_thread_blocked, id=12703, stack(0xb5ad9000,0xb5b2a000)]
  0x08fac800 JavaThread "Reference Handler" daemon [_thread_blocked, id=12702, stack(0xb5b2a000,0xb5b7b000)]

Other Threads:
=>0x08faac00 VMThread [stack: 0xb5b7b000,0xb5bfc000] [id=12701]

VM state:at safepoint (shutting down)

VM Mutex/Monitor currently owned by a thread:  ([mutex/lock_event])
[0x08f81b38] UNKNOWN - owner thread: 0x08faac00

Heap
 def new generation   total 960K, used 259K [0x8c040000, 0x8c140000, 0x8c520000)
  eden space 896K,  28% used [0x8c040000, 0x8c080f38, 0x8c120000)
  from space 64K,   0% used [0x8c130000, 0x8c130000, 0x8c140000)
  to   space 64K,   0% used [0x8c120000, 0x8c120000, 0x8c130000)
 tenured generation   total 15580K, used 11393K [0x8c520000, 0x8d457000, 0x90040000)
   the space 15580K,  73% used [0x8c520000, 0x8d040478, 0x8d040600, 0x8d457000)
 compacting perm gen  total 12288K, used 984K [0x90040000, 0x90c40000, 0x94040000)
   the space 12288K,   8% used [0x90040000, 0x90136070, 0x90136200, 0x90c40000)
    ro space 8192K,  74% used [0x94040000, 0x94638b48, 0x94638c00, 0x94840000)
    rw space 12288K,  58% used [0x94840000, 0x94f53df0, 0x94f53e00, 0x95440000)

Dynamic libraries:
06000000-0642a000 r-xp 00000000 08:08 113975     /usr/lib/jvm/java-6-sun-1.6.0.13/jre/lib/i386/client/libjvm.so
0642a000-06444000 rwxp 0042a000 08:08 113975     /usr/lib/jvm/java-6-sun-1.6.0.13/jre/lib/i386/client/libjvm.so
06444000-06864000 rwxp 06444000 00:00 0 
08048000-08052000 r-xp 00000000 08:08 113936     /usr/lib/jvm/java-6-sun-1.6.0.13/jre/bin/java
08052000-08053000 rwxp 00009000 08:08 113936     /usr/lib/jvm/java-6-sun-1.6.0.13/jre/bin/java
08f7e000-09074000 rwxp 08f7e000 00:00 0          [heap]
8c040000-8c140000 rwxp 8c040000 00:00 0 
8c140000-8c520000 rwxp 8c140000 00:00 0 
8c520000-8d457000 rwxp 8c520000 00:00 0 
8d457000-90040000 rwxp 8d457000 00:00 0 
90040000-90c40000 rwxp 90040000 00:00 0 
90c40000-94040000 rwxp 90c40000 00:00 0 
94040000-94639000 r-xs 00001000 08:08 138929     /usr/lib/jvm/java-6-sun-1.6.0.13/jre/lib/i386/client/classes.jsa
94639000-94840000 rwxp 94639000 00:00 0 
94840000-94f54000 rwxp 005fa000 08:08 138929     /usr/lib/jvm/java-6-sun-1.6.0.13/jre/lib/i386/client/classes.jsa
94f54000-95440000 rwxp 94f54000 00:00 0 
95440000-9551c000 rwxp 00d0e000 08:08 138929     /usr/lib/jvm/java-6-sun-1.6.0.13/jre/lib/i386/client/classes.jsa
9551c000-95840000 rwxp 9551c000 00:00 0 
95840000-95844000 r-xs 00dea000 08:08 138929     /usr/lib/jvm/java-6-sun-1.6.0.13/jre/lib/i386/client/classes.jsa
95844000-95c40000 rwxp 95844000 00:00 0 
b4fb6000-b509a000 r-xp 00000000 08:08 159763     /usr/lib/libstdc++.so.6.0.10
b509a000-b509e000 r-xp 000e3000 08:08 159763     /usr/lib/libstdc++.so.6.0.10
b509e000-b509f000 rwxp 000e7000 08:08 159763     /usr/lib/libstdc++.so.6.0.10
b509f000-b50a5000 rwxp b509f000 00:00 0 
b50a5000-b50d1000 r-xp 00000000 08:08 97065      /usr/lib/TriangleJni32.so
b50d1000-b50d2000 r-xp 0002b000 08:08 97065      /usr/lib/TriangleJni32.so
b50d2000-b50d3000 rwxp 0002c000 08:08 97065      /usr/lib/TriangleJni32.so
b50d3000-b50d6000 ---p b50d3000 00:00 0 
b50d6000-b5124000 rwxp b50d6000 00:00 0 
b5124000-b5127000 ---p b5124000 00:00 0 
b5127000-b5175000 rwxp b5127000 00:00 0 
b5175000-b5178000 rwxp b5175000 00:00 0 
b5178000-b51c6000 rwxp b5178000 00:00 0 
b51c6000-b51cc000 r-xs 00000000 08:08 39977      /var/cache/fontconfig/945677eb7aeaf62f1d50efc3fb3ec7d8-x86.cache-2
b51cc000-b51ce000 r-xs 00000000 08:08 39975      /var/cache/fontconfig/99e8ed0e538f840c565b6ed5dad60d56-x86.cache-2
b51ce000-b51d1000 r-xs 00000000 08:08 39971      /var/cache/fontconfig/e383d7ea5fbe662a33d9b44caf393297-x86.cache-2
b51d1000-b51d3000 r-xs 00000000 08:08 39964      /var/cache/fontconfig/c69f04ab05004e31a6d5e715764f16d8-x86.cache-2
b51d3000-b51d7000 r-xs 00000000 08:08 139024     /var/cache/fontconfig/926e794c3d5e5dffcaf2fa83ef8d36c2-x86.cache-2
b51d7000-b51d8000 r-xs 00000000 08:08 1788       /var/cache/fontconfig/4c73fe0c47614734b17d736dbde7580a-x86.cache-2
b51d8000-b51db000 r-xs 00000000 08:08 1781       /var/cache/fontconfig/a755afe4a08bf5b97852ceb7400b47bc-x86.cache-2
b51db000-b51e2000 r-xs 00000000 08:08 341086     /var/cache/fontconfig/6d41288fd70b0be22e8c3a91e032eec0-x86.cache-2
b51e2000-b51e5000 r-xs 00000000 08:08 1671       /var/cache/fontconfig/de156ccd2eddbdc19d37a45b8b2aac9c-x86.cache-2
b51e5000-b51ed000 r-xs 00000000 08:08 1627       /var/cache/fontconfig/e3de0de479f42330eadf588a55fb5bf4-x86.cache-2
b51ed000-b51f8000 r-xs 00000000 08:08 1611       /var/cache/fontconfig/0f34bcd4b6ee430af32735b75db7f02b-x86.cache-2
b51f8000-b51fa000 r-xs 00000000 08:08 1605       /var/cache/fontconfig/ddd4086aec35a5275babba44bb759c3c-x86.cache-2
b51fa000-b51fb000 r-xs 00000000 08:08 1603       /var/cache/fontconfig/4794a0821666d79190d59a36cb4f44b5-x86.cache-2
b51fb000-b51fe000 r-xs 00000000 08:08 166537     /var/cache/fontconfig/de9486f0b47a4d768a594cb4198cb1c6-x86.cache-2
b51fe000-b5205000 r-xs 00000000 08:08 1500       /var/cache/fontconfig/d52a8644073d54c13679302ca1180695-x86.cache-2
b520a000-b5217000 r-xp 00000000 08:08 13605      /lib/libgcc_s.so.1
b5217000-b5218000 r-xp 0000c000 08:08 13605      /lib/libgcc_s.so.1
b5218000-b5219000 rwxp 0000d000 08:08 13605      /lib/libgcc_s.so.1
b5219000-b521c000 ---p b5219000 00:00 0 
b521c000-b526a000 rwxp b521c000 00:00 0 
b526a000-b526d000 ---p b526a000 00:00 0 
b526d000-b52bb000 rwxp b526d000 00:00 0 
b52bb000-b52bf000 r-xp 00000000 08:08 8411       /usr/lib/libXfixes.so.3.1.0
b52bf000-b52c0000 rwxp 00003000 08:08 8411       /usr/lib/libXfixes.so.3.1.0
b52c0000-b52c8000 r-xp 00000000 08:08 22642      /usr/lib/libXrender.so.1.3.0
b52c8000-b52c9000 r-xp 00007000 08:08 22642      /usr/lib/libXrender.so.1.3.0
b52c9000-b52ca000 rwxp 00008000 08:08 22642      /usr/lib/libXrender.so.1.3.0
b52ca000-b52d2000 r-xp 00000000 08:08 8401       /usr/lib/libXcursor.so.1.0.2
b52d2000-b52d3000 rwxp 00007000 08:08 8401       /usr/lib/libXcursor.so.1.0.2
b52e6000-b52e9000 ---p b52e6000 00:00 0 
b52e9000-b5337000 rwxp b52e9000 00:00 0 
b5337000-b53b6000 r-xp 00000000 08:08 136268     /usr/lib/jvm/java-6-sun-1.6.0.13/jre/lib/i386/libfontmanager.so
b53b6000-b53c1000 rwxp 0007e000 08:08 136268     /usr/lib/jvm/java-6-sun-1.6.0.13/jre/lib/i386/libfontmanager.so
b53c1000-b53c5000 rwxp b53c1000 00:00 0 
b53c5000-b53c9000 r-xp 00000000 08:08 75901      /usr/lib/libXdmcp.so.6.0.0
b53c9000-b53ca000 rwxp 00003000 08:08 75901      /usr/lib/libXdmcp.so.6.0.0
b53ca000-b53e2000 r-xp 00000000 08:08 11836      /usr/lib/libxcb.so.1.1.0
b53e2000-b53e3000 r-xp 00017000 08:08 11836      /usr/lib/libxcb.so.1.1.0
b53e3000-b53e4000 rwxp 00018000 08:08 11836      /usr/lib/libxcb.so.1.1.0
b53e4000-b53ec000 r-xp 00000000 08:08 150414     /usr/lib/libXi.so.6.0.0
b53ec000-b53ed000 r-xp 00007000 08:08 150414     /usr/lib/libXi.so.6.0.0
b53ed000-b53ee000 rwxp 00008000 08:08 150414     /usr/lib/libXi.so.6.0.0
b53ee000-b53f2000 r-xp 00000000 08:08 35135      /usr/lib/libXtst.so.6.1.0
b53f2000-b53f3000 r-xp 00004000 08:08 35135      /usr/lib/libXtst.so.6.1.0
b53f3000-b53f4000 rwxp 00005000 08:08 35135      /usr/lib/libXtst.so.6.1.0
b53f4000-b54de000 r-xp 00000000 08:08 159942     /usr/lib/libX11.so.6.2.0
b54de000-b54df000 ---p 000ea000 08:08 159942     /usr/lib/libX11.so.6.2.0
b54df000-b54e0000 r-xp 000ea000 08:08 159942     /usr/lib/libX11.so.6.2.0
b54e0000-b54e2000 rwxp 000eb000 08:08 159942     /usr/lib/libX11.so.6.2.0
b54e2000-b54e3000 rwxp b54e2000 00:00 0 
b54e3000-b54f1000 r-xp 00000000 08:08 11878      /usr/lib/libXext.so.6.4.0
b54f1000-b54f2000 r-xp 0000d000 08:08 11878      /usr/lib/libXext.so.6.4.0
b54f2000-b54f3000 rwxp 0000e000 08:08 11878      /usr/lib/libXext.so.6.4.0
b54f3000-b5536000 r-xp 00000000 08:08 115261     /usr/lib/jvm/java-6-sun-1.6.0.13/jre/lib/i386/xawt/libmawt.so
b5536000-b5539000 rwxp 00042000 08:08 115261     /usr/lib/jvm/java-6-sun-1.6.0.13/jre/lib/i386/xawt/libmawt.so
b5539000-b55bd000 r-xp 00000000 08:08 115141     /usr/lib/jvm/java-6-sun-1.6.0.13/jre/lib/i386/libawt.so
b55bd000-b55c4000 rwxp 00084000 08:08 115141     /usr/lib/jvm/java-6-sun-1.6.0.13/jre/lib/i386/libawt.so
b55c4000-b561b000 rwxp b55c4000 00:00 0 
b561b000-b57ad000 r-xs 02f34000 08:08 136460     /usr/lib/jvm/java-6-sun-1.6.0.13/jre/lib/rt.jar
b57ad000-b57ae000 ---p b57ad000 00:00 0 
b57ae000-b582e000 rwxp b57ae000 00:00 0 
b582e000-b5831000 ---p b582e000 00:00 0 
b5831000-b587f000 rwxp b5831000 00:00 0 
b587f000-b5882000 ---p b587f000 00:00 0 
b5882000-b5900000 rwxp b5882000 00:00 0 
b5900000-b599d000 rwxp b5900000 00:00 0 
b599d000-b5a00000 ---p b599d000 00:00 0 
b5a00000-b5a03000 r-xs 000cb000 08:08 137068     /usr/lib/jvm/java-6-sun-1.6.0.13/jre/lib/ext/localedata.jar
b5a03000-b5a0f000 r-xs 00000000 08:08 1485       /var/cache/fontconfig/089dead882dea3570ffc31a9898cfb69-x86.cache-2
b5a0f000-b5a12000 r-xs 00000000 08:08 428        /var/cache/fontconfig/cabbd14511b9e8a55e92af97fb3a0461-x86.cache-2
b5a12000-b5a14000 r-xs 00000000 08:08 27757      /var/cache/fontconfig/e13b20fdb08344e0e664864cc2ede53d-x86.cache-2
b5a14000-b5a16000 r-xs 00000000 08:08 38857      /var/cache/fontconfig/7ef2298fde41cc6eeb7af42e48b7d293-x86.cache-2
b5a16000-b5a1b000 r-xs 00043000 08:07 55349      /home/epsilon/NetbeansProjects/EpsilonUtils/trunk/dist/EpsilonYUtil.jar
b5a1b000-b5a21000 r-xs 0008a000 08:07 53264      /home/epsilon/文档/4_java/javaTools/mtj-0.9.12/mtj-0.9.12.jar
b5a21000-b5a33000 r-xs 00112000 08:07 53811      /home/epsilon/文档/4_java/javaTools/mtj-0.9.12/lib/netlib-java/arpack_combo-0.1.jar
b5a33000-b5a3a000 r-xs 00059000 08:07 55317      /home/epsilon/文档/4_java/javaTools/apache-log4j-1.2.15/log4j-1.2.15.jar
b5a3a000-b5a42000 r-xs 0004b000 08:07 7412       /home/epsilon/文档/4_java/commons-math-1.2/commons-math-1.2.jar
b5a42000-b5a45000 rwxp b5a42000 00:00 0 
b5a45000-b5a93000 rwxp b5a45000 00:00 0 
b5a93000-b5a9a000 r-xs 00000000 08:08 13597      /usr/lib/gconv/gconv-modules.cache
b5a9a000-b5ad9000 r-xp 00000000 08:08 12214      /usr/lib/locale/zh_CN.utf8/LC_CTYPE
b5ad9000-b5adc000 ---p b5ad9000 00:00 0 
b5adc000-b5b2a000 rwxp b5adc000 00:00 0 
b5b2a000-b5b2d000 ---p b5b2a000 00:00 0 
b5b2d000-b5b7b000 rwxp b5b2d000 00:00 0 
b5b7b000-b5b7c000 ---p b5b7b000 00:00 0 
b5b7c000-b5c0a000 rwxp b5b7c000 00:00 0 
b5c0a000-b5c24000 rwxp b5c0a000 00:00 0 
b5c24000-b5c2c000 rwxp b5c24000 00:00 0 
b5c2c000-b5c42000 rwxp b5c2c000 00:00 0 
b5c42000-b5c43000 rwxp b5c42000 00:00 0 
b5c43000-b5c44000 rwxp b5c43000 00:00 0 
b5c44000-b5c4d000 rwxp b5c44000 00:00 0 
b5c4d000-b5c62000 rwxp b5c4d000 00:00 0 
b5c62000-b5c68000 rwxp b5c62000 00:00 0 
b5c68000-b5c82000 rwxp b5c68000 00:00 0 
b5c82000-b5c90000 rwxp b5c82000 00:00 0 
b5c90000-b5d0d000 rwxp b5c90000 00:00 0 
b5d0d000-b5dcd000 rwxp b5d0d000 00:00 0 
b5dcd000-b7d0d000 rwxp b5dcd000 00:00 0 
b7d0d000-b7d1c000 r-xp 00000000 08:08 113998     /usr/lib/jvm/java-6-sun-1.6.0.13/jre/lib/i386/libzip.so
b7d1c000-b7d1e000 rwxp 0000e000 08:08 113998     /usr/lib/jvm/java-6-sun-1.6.0.13/jre/lib/i386/libzip.so
b7d1e000-b7d41000 r-xp 00000000 08:08 113987     /usr/lib/jvm/java-6-sun-1.6.0.13/jre/lib/i386/libjava.so
b7d41000-b7d43000 rwxp 00023000 08:08 113987     /usr/lib/jvm/java-6-sun-1.6.0.13/jre/lib/i386/libjava.so
b7d43000-b7d4e000 r-xp 00000000 08:08 113983     /usr/lib/jvm/java-6-sun-1.6.0.13/jre/lib/i386/libverify.so
b7d4e000-b7d4f000 rwxp 0000b000 08:08 113983     /usr/lib/jvm/java-6-sun-1.6.0.13/jre/lib/i386/libverify.so
b7d4f000-b7d59000 r-xp 00000000 08:08 29655      /lib/tls/i686/cmov/libnss_files-2.9.so
b7d59000-b7d5a000 r-xp 00009000 08:08 29655      /lib/tls/i686/cmov/libnss_files-2.9.so
b7d5a000-b7d5b000 rwxp 0000a000 08:08 29655      /lib/tls/i686/cmov/libnss_files-2.9.so
b7d5b000-b7d64000 r-xp 00000000 08:08 75567      /lib/tls/i686/cmov/libnss_nis-2.9.so
b7d64000-b7d65000 r-xp 00008000 08:08 75567      /lib/tls/i686/cmov/libnss_nis-2.9.so
b7d65000-b7d66000 rwxp 00009000 08:08 75567      /lib/tls/i686/cmov/libnss_nis-2.9.so
b7d66000-b7d7b000 r-xp 00000000 08:08 28613      /lib/tls/i686/cmov/libnsl-2.9.so
b7d7b000-b7d7c000 r-xp 00014000 08:08 28613      /lib/tls/i686/cmov/libnsl-2.9.so
b7d7c000-b7d7d000 rwxp 00015000 08:08 28613      /lib/tls/i686/cmov/libnsl-2.9.so
b7d7d000-b7d7f000 rwxp b7d7d000 00:00 0 
b7d7f000-b7d81000 r-xp 00000000 08:08 7479       /usr/lib/libXau.so.6.0.0
b7d81000-b7d82000 r-xp 00001000 08:08 7479       /usr/lib/libXau.so.6.0.0
b7d82000-b7d83000 rwxp 00002000 08:08 7479       /usr/lib/libXau.so.6.0.0
b7d83000-b7d85000 r-xs 00019000 08:07 53810      /home/epsilon/文档/4_java/javaTools/mtj-0.9.12/lib/netlib-java/netlib-java-0.9.1.jar
b7d85000-b7d8a000 rwxp b7d85000 00:00 0 
b7d8a000-b7d92000 rwxs 00000000 08:08 205658     /tmp/hsperfdata_epsilon/12699 (deleted)
b7d92000-b7d99000 r-xp 00000000 08:08 76327      /lib/tls/i686/cmov/librt-2.9.so
b7d99000-b7d9a000 r-xp 00006000 08:08 76327      /lib/tls/i686/cmov/librt-2.9.so
b7d9a000-b7d9b000 rwxp 00007000 08:08 76327      /lib/tls/i686/cmov/librt-2.9.so
b7d9b000-b7d9e000 ---p b7d9b000 00:00 0 
b7d9e000-b7dec000 rwxp b7d9e000 00:00 0 
b7dec000-b7e10000 r-xp 00000000 08:08 18258      /lib/tls/i686/cmov/libm-2.9.so
b7e10000-b7e11000 r-xp 00023000 08:08 18258      /lib/tls/i686/cmov/libm-2.9.so
b7e11000-b7e12000 rwxp 00024000 08:08 18258      /lib/tls/i686/cmov/libm-2.9.so
b7e12000-b7e13000 rwxp b7e12000 00:00 0 
b7e13000-b7f6f000 r-xp 00000000 08:08 17676      /lib/tls/i686/cmov/libc-2.9.so
b7f6f000-b7f70000 ---p 0015c000 08:08 17676      /lib/tls/i686/cmov/libc-2.9.so
b7f70000-b7f72000 r-xp 0015c000 08:08 17676      /lib/tls/i686/cmov/libc-2.9.so
b7f72000-b7f73000 rwxp 0015e000 08:08 17676      /lib/tls/i686/cmov/libc-2.9.so
b7f73000-b7f76000 rwxp b7f73000 00:00 0 
b7f76000-b7f78000 r-xp 00000000 08:08 18257      /lib/tls/i686/cmov/libdl-2.9.so
b7f78000-b7f79000 r-xp 00001000 08:08 18257      /lib/tls/i686/cmov/libdl-2.9.so
b7f79000-b7f7a000 rwxp 00002000 08:08 18257      /lib/tls/i686/cmov/libdl-2.9.so
b7f7a000-b7f81000 r-xp 00000000 08:08 113995     /usr/lib/jvm/java-6-sun-1.6.0.13/jre/lib/i386/jli/libjli.so
b7f81000-b7f83000 rwxp 00006000 08:08 113995     /usr/lib/jvm/java-6-sun-1.6.0.13/jre/lib/i386/jli/libjli.so
b7f83000-b7f84000 rwxp b7f83000 00:00 0 
b7f84000-b7f99000 r-xp 00000000 08:08 76184      /lib/tls/i686/cmov/libpthread-2.9.so
b7f99000-b7f9a000 r-xp 00014000 08:08 76184      /lib/tls/i686/cmov/libpthread-2.9.so
b7f9a000-b7f9b000 rwxp 00015000 08:08 76184      /lib/tls/i686/cmov/libpthread-2.9.so
b7f9b000-b7f9d000 rwxp b7f9b000 00:00 0 
b7f9e000-b7fa5000 r-xp 00000000 08:08 28614      /lib/tls/i686/cmov/libnss_compat-2.9.so
b7fa5000-b7fa6000 r-xp 00006000 08:08 28614      /lib/tls/i686/cmov/libnss_compat-2.9.so
b7fa6000-b7fa7000 rwxp 00007000 08:08 28614      /lib/tls/i686/cmov/libnss_compat-2.9.so
b7fa7000-b7fad000 r-xp 00000000 08:08 113966     /usr/lib/jvm/java-6-sun-1.6.0.13/jre/lib/i386/native_threads/libhpi.so
b7fad000-b7fae000 rwxp 00006000 08:08 113966     /usr/lib/jvm/java-6-sun-1.6.0.13/jre/lib/i386/native_threads/libhpi.so
b7fae000-b7faf000 rwxp b7fae000 00:00 0 
b7faf000-b7fb0000 ---p b7faf000 00:00 0 
b7fb0000-b7fb2000 rwxp b7fb0000 00:00 0 
b7fb2000-b7fb3000 r-xp b7fb2000 00:00 0          [vdso]
b7fb3000-b7fcf000 r-xp 00000000 08:08 159270     /lib/ld-2.9.so
b7fcf000-b7fd0000 r-xp 0001b000 08:08 159270     /lib/ld-2.9.so
b7fd0000-b7fd1000 rwxp 0001c000 08:08 159270     /lib/ld-2.9.so
bffbc000-bffd1000 rwxp bffeb000 00:00 0          [stack]

VM Arguments:
java_command: net.epsilony.simpmeshfree.model.ModelTestFrame
Launcher Type: SUN_STANDARD

Environment Variables:
PATH=/usr/local/sbin:/usr/local/bin:/usr/sbin:/usr/bin:/sbin:/bin:/usr/games
USERNAME=epsilon
LD_LIBRARY_PATH=/usr/lib/jvm/java-6-sun-1.6.0.13/jre/lib/i386/client:/usr/lib/jvm/java-6-sun-1.6.0.13/jre/lib/i386:/usr/lib/jvm/java-6-sun-1.6.0.13/jre/../lib/i386
SHELL=/bin/bash
DISPLAY=:0.0

Signal Handlers:
SIGSEGV: [libjvm.so+0x3cd180], sa_mask[0]=0x7ffbfeff, sa_flags=0x10000004
SIGBUS: [libjvm.so+0x3cd180], sa_mask[0]=0x7ffbfeff, sa_flags=0x10000004
SIGFPE: [libjvm.so+0x30ea50], sa_mask[0]=0x7ffbfeff, sa_flags=0x10000004
SIGPIPE: [libjvm.so+0x30ea50], sa_mask[0]=0x7ffbfeff, sa_flags=0x10000004
SIGXFSZ: [libjvm.so+0x30ea50], sa_mask[0]=0x7ffbfeff, sa_flags=0x10000004
SIGILL: [libjvm.so+0x30ea50], sa_mask[0]=0x7ffbfeff, sa_flags=0x10000004
SIGUSR1: SIG_DFL, sa_mask[0]=0x00000000, sa_flags=0x00000000
SIGUSR2: [libjvm.so+0x310f20], sa_mask[0]=0x00000004, sa_flags=0x10000004
SIGHUP: [libjvm.so+0x310cc0], sa_mask[0]=0x7ffbfeff, sa_flags=0x10000004
SIGINT: SIG_IGN, sa_mask[0]=0x00000000, sa_flags=0x00000000
SIGTERM: [libjvm.so+0x310cc0], sa_mask[0]=0x7ffbfeff, sa_flags=0x10000004
SIGQUIT: [libjvm.so+0x310cc0], sa_mask[0]=0x7ffbfeff, sa_flags=0x10000004


---------------  S Y S T E M  ---------------

OS:5.0

uname:Linux 2.6.28-13-generic #44-Ubuntu SMP Tue Jun 2 07:57:31 UTC 2009 i686
libc:glibc 2.9 NPTL 2.9 
rlimit: STACK 8192k, CORE 0k, NPROC infinity, NOFILE 1024, AS infinity
load average:0.20 0.39 0.59

CPU:total 2 (2 cores per cpu, 1 threads per core) family 15 model 104 stepping 1, cmov, cx8, fxsr, mmx, sse, sse2, sse3, mmxext, 3dnow, 3dnowext

Memory: 4k page, physical 895696k(59372k free), swap 2040212k(2003496k free)

vm_info: Java HotSpot(TM) Client VM (11.3-b02) for linux-x86 JRE (1.6.0_13-b03), built on Mar  9 2009 01:29:45 by "java_re" with gcc 3.2.1-7a (J2SE release)

time: Tue Jun 23 01:15:58 2009
elapsed time: 558 seconds

