#
# An unexpected error has been detected by Java Runtime Environment:
#
#  SIGSEGV (0xb) at pc=0x00007fc3848f911b, pid=7290, tid=140476020996432
#
# Java VM: Java HotSpot(TM) 64-Bit Server VM (11.3-b02 mixed mode linux-amd64)
# Problematic frame:
# C  [libc.so.6+0x8411b]  memcpy+0x15b
#
# If you would like to submit a bug report, please visit:
#   http://java.sun.com/webapps/bugreport/crash.jsp
#

---------------  T H R E A D  ---------------

Current thread (0x00000000422edc00):  JavaThread "AWT-EventQueue-0" [_thread_in_vm, id=7306, stack(0x00007fc31f44b000,0x00007fc31f54c000)]

siginfo:si_signo=SIGSEGV: si_errno=0, si_code=2 (SEGV_ACCERR), si_addr=0x00007fc3180d1000

Registers:
RAX=0x00007fc362e55e88, RBX=0x00007fc3225312a0, RCX=0x0000000000000022, RDX=0x0000000000001d00
RSP=0x00007fc31f54a1b8, RBP=0x00007fc31f54a240, RSI=0x00007fc3180d1000, RDI=0x00007fc362e57a78
R8 =0x0000000000000ffc, R9 =0x00007fc3847455b8, R10=0x00007fc384749028, R11=0x0000000000001d00
R12=0x0000000000001d00, R13=0x0000000000000000, R14=0x00000000420adb98, R15=0x00007fc31f54a1d0
RIP=0x00007fc3848f911b, EFL=0x0000000000010216, CSGSFS=0x0000000000000033, ERR=0x0000000000000004
  TRAPNO=0x000000000000000e

Top of Stack: (sp=0x00007fc31f54a1b8)
0x00007fc31f54a1b8:   00007fc3842a1600 00000000422eddc0
0x00007fc31f54a1c8:   00007fc3180cf410 00000000422edc00
0x00007fc31f54a1d8:   0000000000000000 00000000422edc00
0x00007fc31f54a1e8:   0000000000000000 00000000422edc00
0x00007fc31f54a1f8:   00007fc31f54a340 00000000422edc00
0x00007fc31f54a208:   00007fc3848ef276 00000000422edc00
0x00007fc31f54a218:   00000000420adb98 00007fc3180207a0
0x00007fc31f54a228:   00007fc318020450 00007fc31f54a340
0x00007fc31f54a238:   00000000420adb40 00000000422eddc0
0x00007fc31f54a248:   00007fc31f028486 00007fc3180203a0
0x00007fc31f54a258:   00000000420adb48 00000000420adb50
0x00007fc31f54a268:   00000000420adb58 00000000420adb60
0x00007fc31f54a278:   00000000420bcbf8 00000000420adb68
0x00007fc31f54a288:   00000000420bcc40 01010101002edc00
0x00007fc31f54a298:   00007fc322f28058 00007fc31f54a320
0x00007fc31f54a2a8:   0000000000000101 00007fc322f28058
0x00007fc31f54a2b8:   00007fc31f54a340 00000000422edc00
0x00007fc31f54a2c8:   00007fc37fd43852 00000000422edc00
0x00007fc31f54a2d8:   00007fc322965c70 00007fc31f54a2e0
0x00007fc31f54a2e8:   00007fc322f28058 00007fc31f54a340
0x00007fc31f54a2f8:   00007fc322f28a90 0000000000000000
0x00007fc31f54a308:   00007fc322f28058 0000000000000000
0x00007fc31f54a318:   00007fc31f54a340 00007fc31f54a388
0x00007fc31f54a328:   00007fc37fd38322 0000000000000000
0x00007fc31f54a338:   00007fc37fd40358 00007fc362e3abc8
0x00007fc31f54a348:   00007fc31f54a348 00007fc322f26b35
0x00007fc31f54a358:   00007fc31f54a3d0 00007fc322f28a90
0x00007fc31f54a368:   0000000000000000 00007fc322f26bc0
0x00007fc31f54a378:   00007fc31f54a340 00007fc31f54a3c0
0x00007fc31f54a388:   00007fc31f54a418 00007fc37fd38322
0x00007fc31f54a398:   0000000000000000 00007fc362e52b00
0x00007fc31f54a3a8:   0000000000000000 00007fc362e52ae8 

Instructions: (pc=0x00007fc3848f911b)
0x00007fc3848f910b:   0f 47 da 4c 89 d9 49 83 e3 f8 48 c1 e9 03 74 05
0x00007fc3848f911b:   f3 48 a5 66 90 4c 29 da 48 f7 c2 f8 ff ff ff 75 

Stack: [0x00007fc31f44b000,0x00007fc31f54c000],  sp=0x00007fc31f54a1b8,  free space=1020k
Native frames: (J=compiled Java code, j=interpreted, Vv=VM code, C=native code)
C  [libc.so.6+0x8411b]  memcpy+0x15b

Java frames: (J=compiled Java code, j=interpreted, Vv=VM code)
j  net.epsilony.simpmeshfree.model.geometry.TriangleJni.triangleFun()V+0
j  net.epsilony.simpmeshfree.model.geometry.TriangleJni.complie(Lnet/epsilony/simpmeshfree/model/geometry/GeometryModel;Ljava/lang/String;)V+141
j  net.epsilony.simpmeshfree.model.mechanics.MechanicsModel.generateNodesByTriangle(DDLjava/lang/String;ZZ)V+110
j  net.epsilony.simpmeshfree.model.ModelTestFrame.<init>()V+599
j  net.epsilony.simpmeshfree.model.ModelTestFrame$1.run()V+4
j  java.awt.event.InvocationEvent.dispatch()V+47
j  java.awt.EventQueue.dispatchEvent(Ljava/awt/AWTEvent;)V+26
j  java.awt.EventDispatchThread.pumpOneEventForFilters(I)Z+204
j  java.awt.EventDispatchThread.pumpEventsForFilter(ILjava/awt/Conditional;Ljava/awt/EventFilter;)V+30
j  java.awt.EventDispatchThread.pumpEventsForHierarchy(ILjava/awt/Conditional;Ljava/awt/Component;)V+11
j  java.awt.EventDispatchThread.pumpEvents(ILjava/awt/Conditional;)V+4
j  java.awt.EventDispatchThread.pumpEvents(Ljava/awt/Conditional;)V+3
j  java.awt.EventDispatchThread.run()V+9
v  ~StubRoutines::call_stub

---------------  P R O C E S S  ---------------

Java Threads: ( => current thread )
  0x00007fc31800dc00 JavaThread "Thread-3" [_thread_blocked, id=7309, stack(0x00007fc31f249000,0x00007fc31f34a000)]
  0x00007fc318007000 JavaThread "Thread-2" [_thread_blocked, id=7308, stack(0x00007fc31f34a000,0x00007fc31f44b000)]
  0x0000000041d85000 JavaThread "DestroyJavaVM" [_thread_blocked, id=7291, stack(0x00007fc383bd5000,0x00007fc383cd6000)]
=>0x00000000422edc00 JavaThread "AWT-EventQueue-0" [_thread_in_vm, id=7306, stack(0x00007fc31f44b000,0x00007fc31f54c000)]
  0x00000000422ec800 JavaThread "AWT-Shutdown" [_thread_blocked, id=7305, stack(0x00007fc31f65a000,0x00007fc31f75b000)]
  0x0000000042272000 JavaThread "AWT-XAWT" daemon [_thread_in_native, id=7304, stack(0x00007fc31f75b000,0x00007fc31f85c000)]
  0x0000000041fe1800 JavaThread "Java2D Disposer" daemon [_thread_blocked, id=7302, stack(0x00007fc31fe90000,0x00007fc31ff91000)]
  0x0000000041e3c800 JavaThread "Low Memory Detector" daemon [_thread_blocked, id=7300, stack(0x00007fc3214cb000,0x00007fc3215cc000)]
  0x0000000041e3a000 JavaThread "CompilerThread1" daemon [_thread_in_native, id=7299, stack(0x00007fc3215cc000,0x00007fc3216cd000)]
  0x0000000041e36000 JavaThread "CompilerThread0" daemon [_thread_blocked, id=7298, stack(0x00007fc3216cd000,0x00007fc3217ce000)]
  0x0000000041e34000 JavaThread "Signal Dispatcher" daemon [_thread_blocked, id=7297, stack(0x00007fc3217ce000,0x00007fc3218cf000)]
  0x0000000041e12800 JavaThread "Finalizer" daemon [_thread_blocked, id=7296, stack(0x00007fc32190e000,0x00007fc321a0f000)]
  0x0000000041e0b800 JavaThread "Reference Handler" daemon [_thread_blocked, id=7295, stack(0x00007fc321a0f000,0x00007fc321b10000)]

Other Threads:
  0x0000000041e06000 VMThread [stack: 0x00007fc321b10000,0x00007fc321c11000] [id=7294]
  0x0000000041e3ec00 WatcherThread [stack: 0x00007fc3213ca000,0x00007fc3214cb000] [id=7301]

VM state:not at safepoint (normal execution)

VM Mutex/Monitor currently owned by a thread: None

Heap
 PSYoungGen      total 26368K, used 18893K [0x00007fc362690000, 0x00007fc3643f0000, 0x00007fc37fd30000)
  eden space 22656K, 83% used [0x00007fc362690000,0x00007fc3639037d0,0x00007fc363cb0000)
  from space 3712K, 0% used [0x00007fc364050000,0x00007fc364050000,0x00007fc3643f0000)
  to   space 3712K, 0% used [0x00007fc363cb0000,0x00007fc363cb0000,0x00007fc364050000)
 PSOldGen        total 60288K, used 0K [0x00007fc327930000, 0x00007fc32b410000, 0x00007fc362690000)
  object space 60288K, 0% used [0x00007fc327930000,0x00007fc327930000,0x00007fc32b410000)
 PSPermGen       total 21248K, used 10218K [0x00007fc322530000, 0x00007fc3239f0000, 0x00007fc327930000)
  object space 21248K, 48% used [0x00007fc322530000,0x00007fc322f2a9a0,0x00007fc3239f0000)

Dynamic libraries:
40000000-40009000 r-xp 00000000 08:13 3163089                            /usr/lib/jvm/java-6-sun-1.6.0.13/jre/bin/java
40108000-4010a000 rwxp 00008000 08:13 3163089                            /usr/lib/jvm/java-6-sun-1.6.0.13/jre/bin/java
41d7d000-424a6000 rwxp 41d7d000 00:00 0                                  [heap]
7fc318000000-7fc3180d1000 rwxp 7fc318000000 00:00 0 
7fc3180d1000-7fc31c000000 ---p 7fc3180d1000 00:00 0 
7fc31eaff000-7fc31eb15000 r-xp 00000000 08:13 213005                     /lib/libgcc_s.so.1
7fc31eb15000-7fc31ed15000 ---p 00016000 08:13 213005                     /lib/libgcc_s.so.1
7fc31ed15000-7fc31ed16000 r-xp 00016000 08:13 213005                     /lib/libgcc_s.so.1
7fc31ed16000-7fc31ed17000 rwxp 00017000 08:13 213005                     /lib/libgcc_s.so.1
7fc31ed17000-7fc31ee08000 r-xp 00000000 08:13 2802601                    /usr/lib/libstdc++.so.6.0.10
7fc31ee08000-7fc31f008000 ---p 000f1000 08:13 2802601                    /usr/lib/libstdc++.so.6.0.10
7fc31f008000-7fc31f00f000 r-xp 000f1000 08:13 2802601                    /usr/lib/libstdc++.so.6.0.10
7fc31f00f000-7fc31f011000 rwxp 000f8000 08:13 2802601                    /usr/lib/libstdc++.so.6.0.10
7fc31f011000-7fc31f024000 rwxp 7fc31f011000 00:00 0 
7fc31f024000-7fc31f048000 r-xp 00000000 08:13 1942103                    /usr/lib/TriangleJniAmd64.so
7fc31f048000-7fc31f247000 ---p 00024000 08:13 1942103                    /usr/lib/TriangleJniAmd64.so
7fc31f247000-7fc31f248000 r-xp 00023000 08:13 1942103                    /usr/lib/TriangleJniAmd64.so
7fc31f248000-7fc31f249000 rwxp 00024000 08:13 1942103                    /usr/lib/TriangleJniAmd64.so
7fc31f249000-7fc31f24c000 ---p 7fc31f249000 00:00 0 
7fc31f24c000-7fc31f34a000 rwxp 7fc31f24c000 00:00 0 
7fc31f34a000-7fc31f34d000 ---p 7fc31f34a000 00:00 0 
7fc31f34d000-7fc31f44b000 rwxp 7fc31f34d000 00:00 0 
7fc31f44b000-7fc31f44e000 ---p 7fc31f44b000 00:00 0 
7fc31f44e000-7fc31f54c000 rwxp 7fc31f44e000 00:00 0 
7fc31f54c000-7fc31f555000 r-xs 00000000 08:13 3197464                    /var/cache/fontconfig/945677eb7aeaf62f1d50efc3fb3ec7d8-x86-64.cache-2
7fc31f555000-7fc31f557000 r-xs 00000000 08:13 3197468                    /var/cache/fontconfig/99e8ed0e538f840c565b6ed5dad60d56-x86-64.cache-2
7fc31f557000-7fc31f55a000 r-xs 00000000 08:13 3197466                    /var/cache/fontconfig/e383d7ea5fbe662a33d9b44caf393297-x86-64.cache-2
7fc31f55a000-7fc31f55e000 r-xs 00000000 08:13 3197459                    /var/cache/fontconfig/6eb3985aa4124903f6ff08ba781cd364-x86-64.cache-2
7fc31f55e000-7fc31f55f000 r-xs 00000000 08:13 3197445                    /var/cache/fontconfig/4c73fe0c47614734b17d736dbde7580a-x86-64.cache-2
7fc31f55f000-7fc31f563000 r-xs 00000000 08:13 3196573                    /var/cache/fontconfig/a755afe4a08bf5b97852ceb7400b47bc-x86-64.cache-2
7fc31f563000-7fc31f56c000 r-xs 00000000 08:13 3197440                    /var/cache/fontconfig/6d41288fd70b0be22e8c3a91e032eec0-x86-64.cache-2
7fc31f56c000-7fc31f56f000 r-xs 00000000 08:13 3197439                    /var/cache/fontconfig/de156ccd2eddbdc19d37a45b8b2aac9c-x86-64.cache-2
7fc31f56f000-7fc31f57a000 r-xs 00000000 08:13 3197435                    /var/cache/fontconfig/e3de0de479f42330eadf588a55fb5bf4-x86-64.cache-2
7fc31f57a000-7fc31f589000 r-xs 00000000 08:13 3197434                    /var/cache/fontconfig/0f34bcd4b6ee430af32735b75db7f02b-x86-64.cache-2
7fc31f589000-7fc31f58c000 r-xs 00000000 08:13 3197433                    /var/cache/fontconfig/ddd4086aec35a5275babba44bb759c3c-x86-64.cache-2
7fc31f58c000-7fc31f58d000 r-xs 00000000 08:13 3197424                    /var/cache/fontconfig/4794a0821666d79190d59a36cb4f44b5-x86-64.cache-2
7fc31f58d000-7fc31f596000 r-xs 00000000 08:13 3197417                    /var/cache/fontconfig/d52a8644073d54c13679302ca1180695-x86-64.cache-2
7fc31f65a000-7fc31f65d000 ---p 7fc31f65a000 00:00 0 
7fc31f65d000-7fc31f75b000 rwxp 7fc31f65d000 00:00 0 
7fc31f75b000-7fc31f75e000 ---p 7fc31f75b000 00:00 0 
7fc31f75e000-7fc31f85c000 rwxp 7fc31f75e000 00:00 0 
7fc31f85c000-7fc31f861000 r-xp 00000000 08:13 2805390                    /usr/lib/libXfixes.so.3.1.0
7fc31f861000-7fc31fa60000 ---p 00005000 08:13 2805390                    /usr/lib/libXfixes.so.3.1.0
7fc31fa60000-7fc31fa61000 rwxp 00004000 08:13 2805390                    /usr/lib/libXfixes.so.3.1.0
7fc31fa61000-7fc31fa6a000 r-xp 00000000 08:13 2805803                    /usr/lib/libXrender.so.1.3.0
7fc31fa6a000-7fc31fc69000 ---p 00009000 08:13 2805803                    /usr/lib/libXrender.so.1.3.0
7fc31fc69000-7fc31fc6a000 r-xp 00008000 08:13 2805803                    /usr/lib/libXrender.so.1.3.0
7fc31fc6a000-7fc31fc6b000 rwxp 00009000 08:13 2805803                    /usr/lib/libXrender.so.1.3.0
7fc31fc6b000-7fc31fc74000 r-xp 00000000 08:13 2805843                    /usr/lib/libXcursor.so.1.0.2
7fc31fc74000-7fc31fe74000 ---p 00009000 08:13 2805843                    /usr/lib/libXcursor.so.1.0.2
7fc31fe74000-7fc31fe75000 rwxp 00009000 08:13 2805843                    /usr/lib/libXcursor.so.1.0.2
7fc31fe90000-7fc31fe93000 ---p 7fc31fe90000 00:00 0 
7fc31fe93000-7fc31ff91000 rwxp 7fc31fe93000 00:00 0 
7fc31ff91000-7fc32000f000 r-xp 00000000 08:13 3163204                    /usr/lib/jvm/java-6-sun-1.6.0.13/jre/lib/amd64/libfontmanager.so
7fc32000f000-7fc32010e000 ---p 0007e000 08:13 3163204                    /usr/lib/jvm/java-6-sun-1.6.0.13/jre/lib/amd64/libfontmanager.so
7fc32010e000-7fc320124000 rwxp 0007d000 08:13 3163204                    /usr/lib/jvm/java-6-sun-1.6.0.13/jre/lib/amd64/libfontmanager.so
7fc320124000-7fc320135000 rwxp 7fc320124000 00:00 0 
7fc320135000-7fc32013a000 r-xp 00000000 08:13 2805384                    /usr/lib/libXdmcp.so.6.0.0
7fc32013a000-7fc320339000 ---p 00005000 08:13 2805384                    /usr/lib/libXdmcp.so.6.0.0
7fc320339000-7fc32033a000 rwxp 00004000 08:13 2805384                    /usr/lib/libXdmcp.so.6.0.0
7fc32033a000-7fc320355000 r-xp 00000000 08:13 2805386                    /usr/lib/libxcb.so.1.1.0
7fc320355000-7fc320554000 ---p 0001b000 08:13 2805386                    /usr/lib/libxcb.so.1.1.0
7fc320554000-7fc320555000 r-xp 0001a000 08:13 2805386                    /usr/lib/libxcb.so.1.1.0
7fc320555000-7fc320556000 rwxp 0001b000 08:13 2805386                    /usr/lib/libxcb.so.1.1.0
7fc320556000-7fc320558000 r-xp 00000000 08:13 2805382                    /usr/lib/libXau.so.6.0.0
7fc320558000-7fc320757000 ---p 00002000 08:13 2805382                    /usr/lib/libXau.so.6.0.0
7fc320757000-7fc320758000 r-xp 00001000 08:13 2805382                    /usr/lib/libXau.so.6.0.0
7fc320758000-7fc320759000 rwxp 00002000 08:13 2805382                    /usr/lib/libXau.so.6.0.0
7fc320759000-7fc320762000 r-xp 00000000 08:13 2805586                    /usr/lib/libXi.so.6.0.0
7fc320762000-7fc320962000 ---p 00009000 08:13 2805586                    /usr/lib/libXi.so.6.0.0
7fc320962000-7fc320963000 r-xp 00009000 08:13 2805586                    /usr/lib/libXi.so.6.0.0
7fc320963000-7fc320964000 rwxp 0000a000 08:13 2805586                    /usr/lib/libXi.so.6.0.0
7fc320964000-7fc320969000 r-xp 00000000 08:13 2806834                    /usr/lib/libXtst.so.6.1.0
7fc320969000-7fc320b69000 ---p 00005000 08:13 2806834                    /usr/lib/libXtst.so.6.1.0
7fc320b69000-7fc320b6a000 r-xp 00005000 08:13 2806834                    /usr/lib/libXtst.so.6.1.0
7fc320b6a000-7fc320b6b000 rwxp 00006000 08:13 2806834                    /usr/lib/libXtst.so.6.1.0
7fc320b6b000-7fc320c6d000 r-xp 00000000 08:13 2805388                    /usr/lib/libX11.so.6.2.0
7fc320c6d000-7fc320e6d000 ---p 00102000 08:13 2805388                    /usr/lib/libX11.so.6.2.0
7fc320e6d000-7fc320e6e000 r-xp 00102000 08:13 2805388                    /usr/lib/libX11.so.6.2.0
7fc320e6e000-7fc320e72000 rwxp 00103000 08:13 2805388                    /usr/lib/libX11.so.6.2.0
7fc320e72000-7fc320e83000 r-xp 00000000 08:13 2805394                    /usr/lib/libXext.so.6.4.0
7fc320e83000-7fc321082000 ---p 00011000 08:13 2805394                    /usr/lib/libXext.so.6.4.0
7fc321082000-7fc321083000 r-xp 00010000 08:13 2805394                    /usr/lib/libXext.so.6.4.0
7fc321083000-7fc321084000 rwxp 00011000 08:13 2805394                    /usr/lib/libXext.so.6.4.0
7fc321085000-7fc321091000 r-xs 00000000 08:13 3197416                    /var/cache/fontconfig/089dead882dea3570ffc31a9898cfb69-x86-64.cache-2
7fc321091000-7fc321095000 r-xs 00000000 08:13 3197398                    /var/cache/fontconfig/cabbd14511b9e8a55e92af97fb3a0461-x86-64.cache-2
7fc321095000-7fc32109f000 r-xs 00000000 08:13 3195524                    /var/cache/fontconfig/e13b20fdb08344e0e664864cc2ede53d-x86-64.cache-2
7fc32109f000-7fc3210e0000 r-xp 00000000 08:13 3163194                    /usr/lib/jvm/java-6-sun-1.6.0.13/jre/lib/amd64/xawt/libmawt.so
7fc3210e0000-7fc3211df000 ---p 00041000 08:13 3163194                    /usr/lib/jvm/java-6-sun-1.6.0.13/jre/lib/amd64/xawt/libmawt.so
7fc3211df000-7fc3211eb000 rwxp 00040000 08:13 3163194                    /usr/lib/jvm/java-6-sun-1.6.0.13/jre/lib/amd64/xawt/libmawt.so
7fc3211eb000-7fc3211ec000 rwxp 7fc3211eb000 00:00 0 
7fc3211ec000-7fc32127e000 r-xp 00000000 08:13 3163239                    /usr/lib/jvm/java-6-sun-1.6.0.13/jre/lib/amd64/libawt.so
7fc32127e000-7fc32137d000 ---p 00092000 08:13 3163239                    /usr/lib/jvm/java-6-sun-1.6.0.13/jre/lib/amd64/libawt.so
7fc32137d000-7fc321396000 rwxp 00091000 08:13 3163239                    /usr/lib/jvm/java-6-sun-1.6.0.13/jre/lib/amd64/libawt.so
7fc321396000-7fc3213bb000 rwxp 7fc321396000 00:00 0 
7fc3213bb000-7fc3213c2000 r-xs 00059000 08:11 1172178                    /home/epsilon/文档/4_java/javaTools/apache-log4j-1.2.15/log4j-1.2.15.jar
7fc3213c2000-7fc3213ca000 r-xs 0004b000 08:11 162661                     /home/epsilon/文档/4_java/javaTools/commons-math-1.2/commons-math-1.2.jar
7fc3213ca000-7fc3213cb000 ---p 7fc3213ca000 00:00 0 
7fc3213cb000-7fc3214cb000 rwxp 7fc3213cb000 00:00 0 
7fc3214cb000-7fc3214ce000 ---p 7fc3214cb000 00:00 0 
7fc3214ce000-7fc3215cc000 rwxp 7fc3214ce000 00:00 0 
7fc3215cc000-7fc3215cf000 ---p 7fc3215cc000 00:00 0 
7fc3215cf000-7fc3216cd000 rwxp 7fc3215cf000 00:00 0 
7fc3216cd000-7fc3216d0000 ---p 7fc3216cd000 00:00 0 
7fc3216d0000-7fc3217ce000 rwxp 7fc3216d0000 00:00 0 
7fc3217ce000-7fc3217d1000 ---p 7fc3217ce000 00:00 0 
7fc3217d1000-7fc3218cf000 rwxp 7fc3217d1000 00:00 0 
7fc3218cf000-7fc32190e000 r-xp 00000000 08:13 2827839                    /usr/lib/locale/zh_CN.utf8/LC_CTYPE
7fc32190e000-7fc321911000 ---p 7fc32190e000 00:00 0 
7fc321911000-7fc321a0f000 rwxp 7fc321911000 00:00 0 
7fc321a0f000-7fc321a12000 ---p 7fc321a0f000 00:00 0 
7fc321a12000-7fc321b10000 rwxp 7fc321a12000 00:00 0 
7fc321b10000-7fc321b11000 ---p 7fc321b10000 00:00 0 
7fc321b11000-7fc321c86000 rwxp 7fc321b11000 00:00 0 
7fc321c86000-7fc321e18000 r-xs 02f34000 08:13 2942580                    /usr/lib/jvm/java-6-sun-1.6.0.13/jre/lib/rt.jar
7fc321e18000-7fc321e40000 rwxp 7fc321e18000 00:00 0 
7fc321e40000-7fc321e41000 ---p 7fc321e40000 00:00 0 
7fc321e41000-7fc321f41000 rwxp 7fc321e41000 00:00 0 
7fc321f41000-7fc321f42000 ---p 7fc321f41000 00:00 0 
7fc321f42000-7fc32204d000 rwxp 7fc321f42000 00:00 0 
7fc32204d000-7fc32206c000 rwxp 7fc32204d000 00:00 0 
7fc32206c000-7fc32208a000 rwxp 7fc32206c000 00:00 0 
7fc32208a000-7fc322243000 rwxp 7fc32208a000 00:00 0 
7fc322243000-7fc32224e000 rwxp 7fc322243000 00:00 0 
7fc32224e000-7fc32226d000 rwxp 7fc32224e000 00:00 0 
7fc32226d000-7fc32228b000 rwxp 7fc32226d000 00:00 0 
7fc32228b000-7fc322443000 rwxp 7fc32228b000 00:00 0 
7fc322443000-7fc322453000 rwxp 7fc322443000 00:00 0 
7fc322453000-7fc32252f000 rwxp 7fc322453000 00:00 0 
7fc32252f000-7fc3239f0000 rwxp 7fc32252f000 00:00 0 
7fc3239f0000-7fc327930000 rwxp 7fc3239f0000 00:00 0 
7fc327930000-7fc32b410000 rwxp 7fc327930000 00:00 0 
7fc32b410000-7fc362690000 rwxp 7fc32b410000 00:00 0 
7fc362690000-7fc3643f0000 rwxp 7fc362690000 00:00 0 
7fc3643f0000-7fc37fd30000 rwxp 7fc3643f0000 00:00 0 
7fc37fd35000-7fc37ffa5000 rwxp 7fc37fd35000 00:00 0 
7fc37ffa5000-7fc382d35000 rwxp 7fc37ffa5000 00:00 0 
7fc382d35000-7fc382d43000 r-xp 00000000 08:13 3163206                    /usr/lib/jvm/java-6-sun-1.6.0.13/jre/lib/amd64/libzip.so
7fc382d43000-7fc382e45000 ---p 0000e000 08:13 3163206                    /usr/lib/jvm/java-6-sun-1.6.0.13/jre/lib/amd64/libzip.so
7fc382e45000-7fc382e48000 rwxp 00010000 08:13 3163206                    /usr/lib/jvm/java-6-sun-1.6.0.13/jre/lib/amd64/libzip.so
7fc382e48000-7fc382e49000 rwxp 7fc382e48000 00:00 0 
7fc382e49000-7fc382e72000 r-xp 00000000 08:13 3163219                    /usr/lib/jvm/java-6-sun-1.6.0.13/jre/lib/amd64/libjava.so
7fc382e72000-7fc382f71000 ---p 00029000 08:13 3163219                    /usr/lib/jvm/java-6-sun-1.6.0.13/jre/lib/amd64/libjava.so
7fc382f71000-7fc382f78000 rwxp 00028000 08:13 3163219                    /usr/lib/jvm/java-6-sun-1.6.0.13/jre/lib/amd64/libjava.so
7fc382f78000-7fc382f85000 r-xp 00000000 08:13 3163201                    /usr/lib/jvm/java-6-sun-1.6.0.13/jre/lib/amd64/libverify.so
7fc382f85000-7fc383084000 ---p 0000d000 08:13 3163201                    /usr/lib/jvm/java-6-sun-1.6.0.13/jre/lib/amd64/libverify.so
7fc383084000-7fc383087000 rwxp 0000c000 08:13 3163201                    /usr/lib/jvm/java-6-sun-1.6.0.13/jre/lib/amd64/libverify.so
7fc383087000-7fc383093000 r-xp 00000000 08:13 213021                     /lib/libnss_files-2.9.so
7fc383093000-7fc383292000 ---p 0000c000 08:13 213021                     /lib/libnss_files-2.9.so
7fc383292000-7fc383293000 r-xp 0000b000 08:13 213021                     /lib/libnss_files-2.9.so
7fc383293000-7fc383294000 rwxp 0000c000 08:13 213021                     /lib/libnss_files-2.9.so
7fc383294000-7fc38329e000 r-xp 00000000 08:13 213023                     /lib/libnss_nis-2.9.so
7fc38329e000-7fc38349d000 ---p 0000a000 08:13 213023                     /lib/libnss_nis-2.9.so
7fc38349d000-7fc38349e000 r-xp 00009000 08:13 213023                     /lib/libnss_nis-2.9.so
7fc38349e000-7fc38349f000 rwxp 0000a000 08:13 213023                     /lib/libnss_nis-2.9.so
7fc38349f000-7fc3834a7000 r-xp 00000000 08:13 213019                     /lib/libnss_compat-2.9.so
7fc3834a7000-7fc3836a6000 ---p 00008000 08:13 213019                     /lib/libnss_compat-2.9.so
7fc3836a6000-7fc3836a7000 r-xp 00007000 08:13 213019                     /lib/libnss_compat-2.9.so
7fc3836a7000-7fc3836a8000 rwxp 00008000 08:13 213019                     /lib/libnss_compat-2.9.so
7fc3836a8000-7fc3836be000 r-xp 00000000 08:13 213018                     /lib/libnsl-2.9.so
7fc3836be000-7fc3838be000 ---p 00016000 08:13 213018                     /lib/libnsl-2.9.so
7fc3838be000-7fc3838bf000 r-xp 00016000 08:13 213018                     /lib/libnsl-2.9.so
7fc3838bf000-7fc3838c0000 rwxp 00017000 08:13 213018                     /lib/libnsl-2.9.so
7fc3838c0000-7fc3838c2000 rwxp 7fc3838c0000 00:00 0 
7fc3838c2000-7fc3838c9000 r-xp 00000000 08:13 3163208                    /usr/lib/jvm/java-6-sun-1.6.0.13/jre/lib/amd64/native_threads/libhpi.so
7fc3838c9000-7fc3839ca000 ---p 00007000 08:13 3163208                    /usr/lib/jvm/java-6-sun-1.6.0.13/jre/lib/amd64/native_threads/libhpi.so
7fc3839ca000-7fc3839cc000 rwxp 00008000 08:13 3163208                    /usr/lib/jvm/java-6-sun-1.6.0.13/jre/lib/amd64/native_threads/libhpi.so
7fc3839cc000-7fc3839cd000 rwxp 7fc3839cc000 00:00 0 
7fc3839cd000-7fc3839d4000 r-xp 00000000 08:13 213028                     /lib/librt-2.9.so
7fc3839d4000-7fc383bd3000 ---p 00007000 08:13 213028                     /lib/librt-2.9.so
7fc383bd3000-7fc383bd4000 r-xp 00006000 08:13 213028                     /lib/librt-2.9.so
7fc383bd4000-7fc383bd5000 rwxp 00007000 08:13 213028                     /lib/librt-2.9.so
7fc383bd5000-7fc383bd8000 ---p 7fc383bd5000 00:00 0 
7fc383bd8000-7fc383cd6000 rwxp 7fc383bd8000 00:00 0 
7fc383cd6000-7fc383d5a000 r-xp 00000000 08:13 213016                     /lib/libm-2.9.so
7fc383d5a000-7fc383f59000 ---p 00084000 08:13 213016                     /lib/libm-2.9.so
7fc383f59000-7fc383f5a000 r-xp 00083000 08:13 213016                     /lib/libm-2.9.so
7fc383f5a000-7fc383f5b000 rwxp 00084000 08:13 213016                     /lib/libm-2.9.so
7fc383f5b000-7fc3845e8000 r-xp 00000000 08:13 3163226                    /usr/lib/jvm/java-6-sun-1.6.0.13/jre/lib/amd64/server/libjvm.so
7fc3845e8000-7fc3846e7000 ---p 0068d000 08:13 3163226                    /usr/lib/jvm/java-6-sun-1.6.0.13/jre/lib/amd64/server/libjvm.so
7fc3846e7000-7fc384838000 rwxp 0068c000 08:13 3163226                    /usr/lib/jvm/java-6-sun-1.6.0.13/jre/lib/amd64/server/libjvm.so
7fc384838000-7fc384875000 rwxp 7fc384838000 00:00 0 
7fc384875000-7fc3849dd000 r-xp 00000000 08:13 213012                     /lib/libc-2.9.so
7fc3849dd000-7fc384bdd000 ---p 00168000 08:13 213012                     /lib/libc-2.9.so
7fc384bdd000-7fc384be1000 r-xp 00168000 08:13 213012                     /lib/libc-2.9.so
7fc384be1000-7fc384be2000 rwxp 0016c000 08:13 213012                     /lib/libc-2.9.so
7fc384be2000-7fc384be7000 rwxp 7fc384be2000 00:00 0 
7fc384be7000-7fc384be9000 r-xp 00000000 08:13 213015                     /lib/libdl-2.9.so
7fc384be9000-7fc384de9000 ---p 00002000 08:13 213015                     /lib/libdl-2.9.so
7fc384de9000-7fc384dea000 r-xp 00002000 08:13 213015                     /lib/libdl-2.9.so
7fc384dea000-7fc384deb000 rwxp 00003000 08:13 213015                     /lib/libdl-2.9.so
7fc384deb000-7fc384e02000 r-xp 00000000 08:13 213026                     /lib/libpthread-2.9.so
7fc384e02000-7fc385001000 ---p 00017000 08:13 213026                     /lib/libpthread-2.9.so
7fc385001000-7fc385002000 r-xp 00016000 08:13 213026                     /lib/libpthread-2.9.so
7fc385002000-7fc385003000 rwxp 00017000 08:13 213026                     /lib/libpthread-2.9.so
7fc385003000-7fc385007000 rwxp 7fc385003000 00:00 0 
7fc385007000-7fc385027000 r-xp 00000000 08:13 213006                     /lib/ld-2.9.so
7fc38502d000-7fc38503b000 r-xs 000ba000 08:11 422677                     /home/epsilon/文档/4_java/javaTools/mtj.jar
7fc38503b000-7fc385045000 rwxp 7fc38503b000 00:00 0 
7fc385045000-7fc3850fb000 rwxp 7fc385045000 00:00 0 
7fc3850fb000-7fc3850fd000 rwxp 7fc3850fb000 00:00 0 
7fc3850fd000-7fc385104000 r-xp 00000000 08:13 3163192                    /usr/lib/jvm/java-6-sun-1.6.0.13/jre/lib/amd64/jli/libjli.so
7fc385104000-7fc385205000 ---p 00007000 08:13 3163192                    /usr/lib/jvm/java-6-sun-1.6.0.13/jre/lib/amd64/jli/libjli.so
7fc385205000-7fc385207000 rwxp 00008000 08:13 3163192                    /usr/lib/jvm/java-6-sun-1.6.0.13/jre/lib/amd64/jli/libjli.so
7fc385207000-7fc385208000 rwxp 7fc385207000 00:00 0 
7fc385208000-7fc38520b000 r-xs 000cb000 08:13 3162696                    /usr/lib/jvm/java-6-sun-1.6.0.13/jre/lib/ext/localedata.jar
7fc38520b000-7fc38520e000 r-xs 00000000 08:13 3196574                    /var/cache/fontconfig/7ef2298fde41cc6eeb7af42e48b7d293-x86-64.cache-2
7fc38520e000-7fc385212000 r-xs 00042000 08:11 181747                     /home/epsilon/NetBeansProjects/EpsilonUtils/trunk/dist/EpsilonYUtil.jar
7fc385212000-7fc385219000 r-xs 00000000 08:13 2803699                    /usr/lib/gconv/gconv-modules.cache
7fc385219000-7fc385221000 rwxs 00000000 08:13 377141                     /tmp/hsperfdata_epsilon/7290
7fc385221000-7fc385222000 rwxp 7fc385221000 00:00 0 
7fc385222000-7fc385223000 r-xp 7fc385222000 00:00 0 
7fc385223000-7fc385226000 rwxp 7fc385223000 00:00 0 
7fc385226000-7fc385227000 r-xp 0001f000 08:13 213006                     /lib/ld-2.9.so
7fc385227000-7fc385228000 rwxp 00020000 08:13 213006                     /lib/ld-2.9.so
7fff8d213000-7fff8d228000 rwxp 7ffffffea000 00:00 0                      [stack]
7fff8d3ff000-7fff8d400000 r-xp 7fff8d3ff000 00:00 0                      [vdso]
ffffffffff600000-ffffffffff601000 r-xp 00000000 00:00 0                  [vsyscall]

VM Arguments:
jvm_args: -Dawt.useSystemAAFontSettings=on 
java_command: net.epsilony.simpmeshfree.model.ModelTestFrame
Launcher Type: SUN_STANDARD

Environment Variables:
_JAVA_OPTIONS=-Dawt.useSystemAAFontSettings=on
PATH=/usr/local/sbin:/usr/local/bin:/usr/sbin:/usr/bin:/sbin:/bin:/usr/games
USERNAME=epsilon
LD_LIBRARY_PATH=/usr/lib/jvm/java-6-sun-1.6.0.13/jre/lib/amd64/server:/usr/lib/jvm/java-6-sun-1.6.0.13/jre/lib/amd64:/usr/lib/jvm/java-6-sun-1.6.0.13/jre/../lib/amd64
SHELL=/bin/bash
DISPLAY=:0.0

Signal Handlers:
SIGSEGV: [libjvm.so+0x5fcd20], sa_mask[0]=0x7ffbfeff, sa_flags=0x10000004
SIGBUS: [libjvm.so+0x5fcd20], sa_mask[0]=0x7ffbfeff, sa_flags=0x10000004
SIGFPE: [libjvm.so+0x4e0eb0], sa_mask[0]=0x7ffbfeff, sa_flags=0x10000004
SIGPIPE: [libjvm.so+0x4e0eb0], sa_mask[0]=0x7ffbfeff, sa_flags=0x10000004
SIGXFSZ: [libjvm.so+0x4e0eb0], sa_mask[0]=0x7ffbfeff, sa_flags=0x10000004
SIGILL: [libjvm.so+0x4e0eb0], sa_mask[0]=0x7ffbfeff, sa_flags=0x10000004
SIGUSR1: SIG_DFL, sa_mask[0]=0x00000000, sa_flags=0x00000000
SIGUSR2: [libjvm.so+0x4e35d0], sa_mask[0]=0x00000004, sa_flags=0x10000004
SIGHUP: [libjvm.so+0x4e3320], sa_mask[0]=0x7ffbfeff, sa_flags=0x10000004
SIGINT: SIG_IGN, sa_mask[0]=0x00000000, sa_flags=0x00000000
SIGTERM: [libjvm.so+0x4e3320], sa_mask[0]=0x7ffbfeff, sa_flags=0x10000004
SIGQUIT: [libjvm.so+0x4e3320], sa_mask[0]=0x7ffbfeff, sa_flags=0x10000004


---------------  S Y S T E M  ---------------

OS:5.0

uname:Linux 2.6.28-12-generic #43-Ubuntu SMP Fri May 1 19:31:32 UTC 2009 x86_64
libc:glibc 2.9 NPTL 2.9 
rlimit: STACK 8192k, CORE 0k, NPROC infinity, NOFILE 1024, AS infinity
load average:0.66 0.53 0.47

CPU:total 2 (2 cores per cpu, 1 threads per core) family 16 model 2 stepping 3, cmov, cx8, fxsr, mmx, sse, sse2, sse3, mmxext, 3dnow, 3dnowext, sse4a

Memory: 4k page, physical 5780180k(2922036k free), swap 3903752k(3865604k free)

vm_info: Java HotSpot(TM) 64-Bit Server VM (11.3-b02) for linux-amd64 JRE (1.6.0_13-b03), built on Mar  9 2009 11:08:22 by "java_re" with gcc 3.2.2 (SuSE Linux)

time: Mon May 18 10:51:55 2009
elapsed time: 0 seconds

