#
# An unexpected error has been detected by Java Runtime Environment:
#
#  SIGSEGV (0xb) at pc=0x00007f572123411b, pid=8686, tid=140010428815696
#
# Java VM: Java HotSpot(TM) 64-Bit Server VM (11.3-b02 mixed mode linux-amd64)
# Problematic frame:
# C  [libc.so.6+0x8411b]  memcpy+0x15b
#
# If you would like to submit a bug report, please visit:
#   http://java.sun.com/webapps/bugreport/crash.jsp
#

---------------  T H R E A D  ---------------

Current thread (0x00007f56b80c3c00):  JavaThread "AWT-EventQueue-0" [_thread_in_vm, id=8701, stack(0x00007f56b7cfd000,0x00007f56b7dfe000)]

siginfo:si_signo=SIGSEGV: si_errno=0, si_code=2 (SEGV_ACCERR), si_addr=0x00007f56b8144000

Registers:
RAX=0x00007f56ff869728, RBX=0x00007f56bee712a0, RCX=0x00000000000000a6, RDX=0x00000000000037a0
RSP=0x00007f56b7dfc3b8, RBP=0x00007f56b7dfc440, RSI=0x00007f56b8144000, RDI=0x00007f56ff86c998
R8 =0x0000000000000ffc, R9 =0x00007f57210805b8, R10=0x00007f5721084028, R11=0x00000000000037a0
R12=0x00000000000037a0, R13=0x0000000000000000, R14=0x0000000040dd7258, R15=0x00007f56b7dfc3d0
RIP=0x00007f572123411b, EFL=0x0000000000010212, CSGSFS=0x0000000000000033, ERR=0x0000000000000004
  TRAPNO=0x000000000000000e

Top of Stack: (sp=0x00007f56b7dfc3b8)
0x00007f56b7dfc3b8:   00007f5720bdc600 00007f56b80c3dc0
0x00007f56b7dfc3c8:   00007f56b8140d90 00007f56b80c3c00
0x00007f56b7dfc3d8:   0000000000000000 00007f56b80c3c00
0x00007f56b7dfc3e8:   0000000000000000 00007f56b80c3c00
0x00007f56b7dfc3f8:   00007f56b7dfc538 00007f56b80c3c00
0x00007f56b7dfc408:   00007f572122a276 00007f56b80c3c00
0x00007f56b7dfc418:   0000000040dd7258 00007f56b806cb40
0x00007f56b7dfc428:   00007f56b806ca90 00007f56b7dfc538
0x00007f56b7dfc438:   0000000040dd7200 00007f56b80c3dc0
0x00007f56b7dfc448:   00007f56b78da486 00007f56b806c9e0
0x00007f56b7dfc458:   0000000040dd7208 0000000040dd7210
0x00007f56b7dfc468:   0000000040dd7218 0000000040dd7220
0x00007f56b7dfc478:   00007f56b80c4218 0000000040dd7228
0x00007f56b7dfc488:   00007f56b80c4260 01010101000c3c00
0x00007f56b7dfc498:   00007f56bf868730 00007f56b7dfc518
0x00007f56b7dfc4a8:   0000000000000101 00007f56bf868730
0x00007f56b7dfc4b8:   00007f56b7dfc538 00007f56b80c3c00
0x00007f56b7dfc4c8:   00007f571c67e852 00007f56b80c3c00
0x00007f56b7dfc4d8:   00007f56b7dfc4d8 00007f56bf868730
0x00007f56b7dfc4e8:   00007f56b7dfc538 00007f56bf869168
0x00007f56b7dfc4f8:   0000000000000000 00007f56bf868730
0x00007f56b7dfc508:   0000000000000000 00007f56b7dfc538
0x00007f56b7dfc518:   00007f56b7dfc580 00007f571c673322
0x00007f56b7dfc528:   0000000000000000 00007f571c67b358
0x00007f56b7dfc538:   00007f56ff84bfd0 00007f56b7dfc540
0x00007f56b7dfc548:   00007f56bf86720d 00007f56b7dfc5c8
0x00007f56b7dfc558:   00007f56bf869168 0000000000000000
0x00007f56b7dfc568:   00007f56bf867298 00007f56b7dfc538
0x00007f56b7dfc578:   00007f56b7dfc5b8 00007f56b7dfc610
0x00007f56b7dfc588:   00007f571c673322 0000000000000000
0x00007f56b7dfc598:   00007f56ff863f08 0000000000000000
0x00007f56b7dfc5a8:   00007f56ff863ef0 00007f56ff863b58 

Instructions: (pc=0x00007f572123411b)
0x00007f572123410b:   0f 47 da 4c 89 d9 49 83 e3 f8 48 c1 e9 03 74 05
0x00007f572123411b:   f3 48 a5 66 90 4c 29 da 48 f7 c2 f8 ff ff ff 75 

Stack: [0x00007f56b7cfd000,0x00007f56b7dfe000],  sp=0x00007f56b7dfc3b8,  free space=1020k
Native frames: (J=compiled Java code, j=interpreted, Vv=VM code, C=native code)
C  [libc.so.6+0x8411b]  memcpy+0x15b

Java frames: (J=compiled Java code, j=interpreted, Vv=VM code)
j  net.epsilony.simpmeshfree.model.geometry.TriangleJni.triangleFun()V+0
j  net.epsilony.simpmeshfree.model.geometry.TriangleJni.complie(Lnet/epsilony/simpmeshfree/model/geometry/GeometryModel;Ljava/lang/String;)V+141
j  net.epsilony.simpmeshfree.model.mechanics.MechanicsModel.generateNodesByTriangle(DDLjava/lang/String;ZZ)V+110
j  net.epsilony.simpmeshfree.model.ModelTestFrame.<init>()V+559
j  net.epsilony.simpmeshfree.model.ModelTestFrame$2.run()V+4
j  java.awt.event.InvocationEvent.dispatch()V+47
j  java.awt.EventQueue.dispatchEvent(Ljava/awt/AWTEvent;)V+26
j  java.awt.EventDispatchThread.pumpOneEventForFilters(I)Z+204
j  java.awt.EventDispatchThread.pumpEventsForFilter(ILjava/awt/Conditional;Ljava/awt/EventFilter;)V+30
j  java.awt.EventDispatchThread.pumpEventsForHierarchy(ILjava/awt/Conditional;Ljava/awt/Component;)V+11
j  java.awt.EventDispatchThread.pumpEvents(ILjava/awt/Conditional;)V+4
j  java.awt.EventDispatchThread.pumpEvents(Ljava/awt/Conditional;)V+3
j  java.awt.EventDispatchThread.run()V+9
v  ~StubRoutines::call_stub

---------------  P R O C E S S  ---------------

Java Threads: ( => current thread )
  0x00007f56b801ec00 JavaThread "Thread-3" [_thread_blocked, id=8703, stack(0x00007f56b7afb000,0x00007f56b7bfc000)]
  0x00007f56b80d1c00 JavaThread "Thread-2" [_thread_blocked, id=8702, stack(0x00007f56b7bfc000,0x00007f56b7cfd000)]
  0x00007f56b80c5000 JavaThread "DestroyJavaVM" [_thread_blocked, id=8687, stack(0x00007f5720510000,0x00007f5720611000)]
=>0x00007f56b80c3c00 JavaThread "AWT-EventQueue-0" [_thread_in_vm, id=8701, stack(0x00007f56b7cfd000,0x00007f56b7dfe000)]
  0x00007f56b80c3000 JavaThread "AWT-Shutdown" [_thread_blocked, id=8700, stack(0x00007f56b7dfe000,0x00007f56b7eff000)]
  0x00007f56b80c2000 JavaThread "AWT-XAWT" daemon [_thread_in_native, id=8699, stack(0x00007f56b7eff000,0x00007f56b8000000)]
  0x00007f56b805cc00 JavaThread "Java2D Disposer" daemon [_thread_blocked, id=8698, stack(0x00007f56bc7d0000,0x00007f56bc8d1000)]
  0x0000000040aa0800 JavaThread "Low Memory Detector" daemon [_thread_blocked, id=8696, stack(0x00007f56bde0b000,0x00007f56bdf0c000)]
  0x0000000040a9e000 JavaThread "CompilerThread1" daemon [_thread_blocked, id=8695, stack(0x00007f56bdf0c000,0x00007f56be00d000)]
  0x0000000040a9a000 JavaThread "CompilerThread0" daemon [_thread_in_native, id=8694, stack(0x00007f56be00d000,0x00007f56be10e000)]
  0x0000000040a98000 JavaThread "Signal Dispatcher" daemon [_thread_blocked, id=8693, stack(0x00007f56be10e000,0x00007f56be20f000)]
  0x0000000040a76800 JavaThread "Finalizer" daemon [_thread_blocked, id=8692, stack(0x00007f56be24e000,0x00007f56be34f000)]
  0x0000000040a6f800 JavaThread "Reference Handler" daemon [_thread_blocked, id=8691, stack(0x00007f56be34f000,0x00007f56be450000)]

Other Threads:
  0x0000000040a6a000 VMThread [stack: 0x00007f56be450000,0x00007f56be551000] [id=8690]
  0x0000000040aa2c00 WatcherThread [stack: 0x00007f56bdd0a000,0x00007f56bde0b000] [id=8697]

VM state:not at safepoint (normal execution)

VM Mutex/Monitor currently owned by a thread: None

Heap
 PSYoungGen      total 26368K, used 19329K [0x00007f56fefd0000, 0x00007f5700d30000, 0x00007f571c670000)
  eden space 22656K, 85% used [0x00007f56fefd0000,0x00007f57002b0618,0x00007f57005f0000)
  from space 3712K, 0% used [0x00007f5700990000,0x00007f5700990000,0x00007f5700d30000)
  to   space 3712K, 0% used [0x00007f57005f0000,0x00007f57005f0000,0x00007f5700990000)
 PSOldGen        total 60288K, used 0K [0x00007f56c4270000, 0x00007f56c7d50000, 0x00007f56fefd0000)
  object space 60288K, 0% used [0x00007f56c4270000,0x00007f56c4270000,0x00007f56c7d50000)
 PSPermGen       total 21248K, used 10220K [0x00007f56bee70000, 0x00007f56c0330000, 0x00007f56c4270000)
  object space 21248K, 48% used [0x00007f56bee70000,0x00007f56bf86b078,0x00007f56c0330000)

Dynamic libraries:
40000000-40009000 r-xp 00000000 08:13 3163089                            /usr/lib/jvm/java-6-sun-1.6.0.13/jre/bin/java
40108000-4010a000 rwxp 00008000 08:13 3163089                            /usr/lib/jvm/java-6-sun-1.6.0.13/jre/bin/java
409e1000-41102000 rwxp 409e1000 00:00 0                                  [heap]
7f56b73b1000-7f56b73c7000 r-xp 00000000 08:13 213005                     /lib/libgcc_s.so.1
7f56b73c7000-7f56b75c7000 ---p 00016000 08:13 213005                     /lib/libgcc_s.so.1
7f56b75c7000-7f56b75c8000 r-xp 00016000 08:13 213005                     /lib/libgcc_s.so.1
7f56b75c8000-7f56b75c9000 rwxp 00017000 08:13 213005                     /lib/libgcc_s.so.1
7f56b75c9000-7f56b76ba000 r-xp 00000000 08:13 2802601                    /usr/lib/libstdc++.so.6.0.10
7f56b76ba000-7f56b78ba000 ---p 000f1000 08:13 2802601                    /usr/lib/libstdc++.so.6.0.10
7f56b78ba000-7f56b78c1000 r-xp 000f1000 08:13 2802601                    /usr/lib/libstdc++.so.6.0.10
7f56b78c1000-7f56b78c3000 rwxp 000f8000 08:13 2802601                    /usr/lib/libstdc++.so.6.0.10
7f56b78c3000-7f56b78d6000 rwxp 7f56b78c3000 00:00 0 
7f56b78d6000-7f56b78fa000 r-xp 00000000 08:13 1942103                    /usr/lib/TriangleJniAmd64.so
7f56b78fa000-7f56b7af9000 ---p 00024000 08:13 1942103                    /usr/lib/TriangleJniAmd64.so
7f56b7af9000-7f56b7afa000 r-xp 00023000 08:13 1942103                    /usr/lib/TriangleJniAmd64.so
7f56b7afa000-7f56b7afb000 rwxp 00024000 08:13 1942103                    /usr/lib/TriangleJniAmd64.so
7f56b7afb000-7f56b7afe000 ---p 7f56b7afb000 00:00 0 
7f56b7afe000-7f56b7bfc000 rwxp 7f56b7afe000 00:00 0 
7f56b7bfc000-7f56b7bff000 ---p 7f56b7bfc000 00:00 0 
7f56b7bff000-7f56b7cfd000 rwxp 7f56b7bff000 00:00 0 
7f56b7cfd000-7f56b7d00000 ---p 7f56b7cfd000 00:00 0 
7f56b7d00000-7f56b7dfe000 rwxp 7f56b7d00000 00:00 0 
7f56b7dfe000-7f56b7e01000 ---p 7f56b7dfe000 00:00 0 
7f56b7e01000-7f56b7eff000 rwxp 7f56b7e01000 00:00 0 
7f56b7eff000-7f56b7f02000 ---p 7f56b7eff000 00:00 0 
7f56b7f02000-7f56b8000000 rwxp 7f56b7f02000 00:00 0 
7f56b8000000-7f56b8144000 rwxp 7f56b8000000 00:00 0 
7f56b8144000-7f56bc000000 ---p 7f56b8144000 00:00 0 
7f56bc0b6000-7f56bc0bf000 r-xs 00000000 08:13 3197464                    /var/cache/fontconfig/945677eb7aeaf62f1d50efc3fb3ec7d8-x86-64.cache-2
7f56bc0bf000-7f56bc0c1000 r-xs 00000000 08:13 3197468                    /var/cache/fontconfig/99e8ed0e538f840c565b6ed5dad60d56-x86-64.cache-2
7f56bc0c1000-7f56bc0c4000 r-xs 00000000 08:13 3197466                    /var/cache/fontconfig/e383d7ea5fbe662a33d9b44caf393297-x86-64.cache-2
7f56bc0c4000-7f56bc0c8000 r-xs 00000000 08:13 3197459                    /var/cache/fontconfig/6eb3985aa4124903f6ff08ba781cd364-x86-64.cache-2
7f56bc0c8000-7f56bc0c9000 r-xs 00000000 08:13 3197445                    /var/cache/fontconfig/4c73fe0c47614734b17d736dbde7580a-x86-64.cache-2
7f56bc0c9000-7f56bc0cd000 r-xs 00000000 08:13 3196573                    /var/cache/fontconfig/a755afe4a08bf5b97852ceb7400b47bc-x86-64.cache-2
7f56bc0cd000-7f56bc0d6000 r-xs 00000000 08:13 3197440                    /var/cache/fontconfig/6d41288fd70b0be22e8c3a91e032eec0-x86-64.cache-2
7f56bc0d6000-7f56bc0d9000 r-xs 00000000 08:13 3197439                    /var/cache/fontconfig/de156ccd2eddbdc19d37a45b8b2aac9c-x86-64.cache-2
7f56bc0d9000-7f56bc0e4000 r-xs 00000000 08:13 3197435                    /var/cache/fontconfig/e3de0de479f42330eadf588a55fb5bf4-x86-64.cache-2
7f56bc0e4000-7f56bc0f3000 r-xs 00000000 08:13 3197434                    /var/cache/fontconfig/0f34bcd4b6ee430af32735b75db7f02b-x86-64.cache-2
7f56bc0f3000-7f56bc0f6000 r-xs 00000000 08:13 3197433                    /var/cache/fontconfig/ddd4086aec35a5275babba44bb759c3c-x86-64.cache-2
7f56bc0f6000-7f56bc0f7000 r-xs 00000000 08:13 3197424                    /var/cache/fontconfig/4794a0821666d79190d59a36cb4f44b5-x86-64.cache-2
7f56bc0f7000-7f56bc100000 r-xs 00000000 08:13 3197417                    /var/cache/fontconfig/d52a8644073d54c13679302ca1180695-x86-64.cache-2
7f56bc19c000-7f56bc1a1000 r-xp 00000000 08:13 2805390                    /usr/lib/libXfixes.so.3.1.0
7f56bc1a1000-7f56bc3a0000 ---p 00005000 08:13 2805390                    /usr/lib/libXfixes.so.3.1.0
7f56bc3a0000-7f56bc3a1000 rwxp 00004000 08:13 2805390                    /usr/lib/libXfixes.so.3.1.0
7f56bc3a1000-7f56bc3aa000 r-xp 00000000 08:13 2805803                    /usr/lib/libXrender.so.1.3.0
7f56bc3aa000-7f56bc5a9000 ---p 00009000 08:13 2805803                    /usr/lib/libXrender.so.1.3.0
7f56bc5a9000-7f56bc5aa000 r-xp 00008000 08:13 2805803                    /usr/lib/libXrender.so.1.3.0
7f56bc5aa000-7f56bc5ab000 rwxp 00009000 08:13 2805803                    /usr/lib/libXrender.so.1.3.0
7f56bc5ab000-7f56bc5b4000 r-xp 00000000 08:13 2805843                    /usr/lib/libXcursor.so.1.0.2
7f56bc5b4000-7f56bc7b4000 ---p 00009000 08:13 2805843                    /usr/lib/libXcursor.so.1.0.2
7f56bc7b4000-7f56bc7b5000 rwxp 00009000 08:13 2805843                    /usr/lib/libXcursor.so.1.0.2
7f56bc7d0000-7f56bc7d3000 ---p 7f56bc7d0000 00:00 0 
7f56bc7d3000-7f56bc8d1000 rwxp 7f56bc7d3000 00:00 0 
7f56bc8d1000-7f56bc94f000 r-xp 00000000 08:13 3163204                    /usr/lib/jvm/java-6-sun-1.6.0.13/jre/lib/amd64/libfontmanager.so
7f56bc94f000-7f56bca4e000 ---p 0007e000 08:13 3163204                    /usr/lib/jvm/java-6-sun-1.6.0.13/jre/lib/amd64/libfontmanager.so
7f56bca4e000-7f56bca64000 rwxp 0007d000 08:13 3163204                    /usr/lib/jvm/java-6-sun-1.6.0.13/jre/lib/amd64/libfontmanager.so
7f56bca64000-7f56bca75000 rwxp 7f56bca64000 00:00 0 
7f56bca75000-7f56bca7a000 r-xp 00000000 08:13 2805384                    /usr/lib/libXdmcp.so.6.0.0
7f56bca7a000-7f56bcc79000 ---p 00005000 08:13 2805384                    /usr/lib/libXdmcp.so.6.0.0
7f56bcc79000-7f56bcc7a000 rwxp 00004000 08:13 2805384                    /usr/lib/libXdmcp.so.6.0.0
7f56bcc7a000-7f56bcc95000 r-xp 00000000 08:13 2805386                    /usr/lib/libxcb.so.1.1.0
7f56bcc95000-7f56bce94000 ---p 0001b000 08:13 2805386                    /usr/lib/libxcb.so.1.1.0
7f56bce94000-7f56bce95000 r-xp 0001a000 08:13 2805386                    /usr/lib/libxcb.so.1.1.0
7f56bce95000-7f56bce96000 rwxp 0001b000 08:13 2805386                    /usr/lib/libxcb.so.1.1.0
7f56bce96000-7f56bce98000 r-xp 00000000 08:13 2805382                    /usr/lib/libXau.so.6.0.0
7f56bce98000-7f56bd097000 ---p 00002000 08:13 2805382                    /usr/lib/libXau.so.6.0.0
7f56bd097000-7f56bd098000 r-xp 00001000 08:13 2805382                    /usr/lib/libXau.so.6.0.0
7f56bd098000-7f56bd099000 rwxp 00002000 08:13 2805382                    /usr/lib/libXau.so.6.0.0
7f56bd099000-7f56bd0a2000 r-xp 00000000 08:13 2805586                    /usr/lib/libXi.so.6.0.0
7f56bd0a2000-7f56bd2a2000 ---p 00009000 08:13 2805586                    /usr/lib/libXi.so.6.0.0
7f56bd2a2000-7f56bd2a3000 r-xp 00009000 08:13 2805586                    /usr/lib/libXi.so.6.0.0
7f56bd2a3000-7f56bd2a4000 rwxp 0000a000 08:13 2805586                    /usr/lib/libXi.so.6.0.0
7f56bd2a4000-7f56bd2a9000 r-xp 00000000 08:13 2806834                    /usr/lib/libXtst.so.6.1.0
7f56bd2a9000-7f56bd4a9000 ---p 00005000 08:13 2806834                    /usr/lib/libXtst.so.6.1.0
7f56bd4a9000-7f56bd4aa000 r-xp 00005000 08:13 2806834                    /usr/lib/libXtst.so.6.1.0
7f56bd4aa000-7f56bd4ab000 rwxp 00006000 08:13 2806834                    /usr/lib/libXtst.so.6.1.0
7f56bd4ab000-7f56bd5ad000 r-xp 00000000 08:13 2805388                    /usr/lib/libX11.so.6.2.0
7f56bd5ad000-7f56bd7ad000 ---p 00102000 08:13 2805388                    /usr/lib/libX11.so.6.2.0
7f56bd7ad000-7f56bd7ae000 r-xp 00102000 08:13 2805388                    /usr/lib/libX11.so.6.2.0
7f56bd7ae000-7f56bd7b2000 rwxp 00103000 08:13 2805388                    /usr/lib/libX11.so.6.2.0
7f56bd7b2000-7f56bd7c3000 r-xp 00000000 08:13 2805394                    /usr/lib/libXext.so.6.4.0
7f56bd7c3000-7f56bd9c2000 ---p 00011000 08:13 2805394                    /usr/lib/libXext.so.6.4.0
7f56bd9c2000-7f56bd9c3000 r-xp 00010000 08:13 2805394                    /usr/lib/libXext.so.6.4.0
7f56bd9c3000-7f56bd9c4000 rwxp 00011000 08:13 2805394                    /usr/lib/libXext.so.6.4.0
7f56bd9c5000-7f56bd9d1000 r-xs 00000000 08:13 3197416                    /var/cache/fontconfig/089dead882dea3570ffc31a9898cfb69-x86-64.cache-2
7f56bd9d1000-7f56bd9d5000 r-xs 00000000 08:13 3197398                    /var/cache/fontconfig/cabbd14511b9e8a55e92af97fb3a0461-x86-64.cache-2
7f56bd9d5000-7f56bd9df000 r-xs 00000000 08:13 3195524                    /var/cache/fontconfig/e13b20fdb08344e0e664864cc2ede53d-x86-64.cache-2
7f56bd9df000-7f56bda20000 r-xp 00000000 08:13 3163194                    /usr/lib/jvm/java-6-sun-1.6.0.13/jre/lib/amd64/xawt/libmawt.so
7f56bda20000-7f56bdb1f000 ---p 00041000 08:13 3163194                    /usr/lib/jvm/java-6-sun-1.6.0.13/jre/lib/amd64/xawt/libmawt.so
7f56bdb1f000-7f56bdb2b000 rwxp 00040000 08:13 3163194                    /usr/lib/jvm/java-6-sun-1.6.0.13/jre/lib/amd64/xawt/libmawt.so
7f56bdb2b000-7f56bdb2c000 rwxp 7f56bdb2b000 00:00 0 
7f56bdb2c000-7f56bdbbe000 r-xp 00000000 08:13 3163239                    /usr/lib/jvm/java-6-sun-1.6.0.13/jre/lib/amd64/libawt.so
7f56bdbbe000-7f56bdcbd000 ---p 00092000 08:13 3163239                    /usr/lib/jvm/java-6-sun-1.6.0.13/jre/lib/amd64/libawt.so
7f56bdcbd000-7f56bdcd6000 rwxp 00091000 08:13 3163239                    /usr/lib/jvm/java-6-sun-1.6.0.13/jre/lib/amd64/libawt.so
7f56bdcd6000-7f56bdcfb000 rwxp 7f56bdcd6000 00:00 0 
7f56bdcfb000-7f56bdd02000 r-xs 00059000 08:11 1172178                    /home/epsilon/文档/4_java/javaTools/apache-log4j-1.2.15/log4j-1.2.15.jar
7f56bdd02000-7f56bdd0a000 r-xs 0004b000 08:11 162661                     /home/epsilon/文档/4_java/javaTools/commons-math-1.2/commons-math-1.2.jar
7f56bdd0a000-7f56bdd0b000 ---p 7f56bdd0a000 00:00 0 
7f56bdd0b000-7f56bde0b000 rwxp 7f56bdd0b000 00:00 0 
7f56bde0b000-7f56bde0e000 ---p 7f56bde0b000 00:00 0 
7f56bde0e000-7f56bdf0c000 rwxp 7f56bde0e000 00:00 0 
7f56bdf0c000-7f56bdf0f000 ---p 7f56bdf0c000 00:00 0 
7f56bdf0f000-7f56be00d000 rwxp 7f56bdf0f000 00:00 0 
7f56be00d000-7f56be010000 ---p 7f56be00d000 00:00 0 
7f56be010000-7f56be10e000 rwxp 7f56be010000 00:00 0 
7f56be10e000-7f56be111000 ---p 7f56be10e000 00:00 0 
7f56be111000-7f56be20f000 rwxp 7f56be111000 00:00 0 
7f56be20f000-7f56be24e000 r-xp 00000000 08:13 2827839                    /usr/lib/locale/zh_CN.utf8/LC_CTYPE
7f56be24e000-7f56be251000 ---p 7f56be24e000 00:00 0 
7f56be251000-7f56be34f000 rwxp 7f56be251000 00:00 0 
7f56be34f000-7f56be352000 ---p 7f56be34f000 00:00 0 
7f56be352000-7f56be450000 rwxp 7f56be352000 00:00 0 
7f56be450000-7f56be451000 ---p 7f56be450000 00:00 0 
7f56be451000-7f56be5c6000 rwxp 7f56be451000 00:00 0 
7f56be5c6000-7f56be758000 r-xs 02f34000 08:13 2942580                    /usr/lib/jvm/java-6-sun-1.6.0.13/jre/lib/rt.jar
7f56be758000-7f56be780000 rwxp 7f56be758000 00:00 0 
7f56be780000-7f56be781000 ---p 7f56be780000 00:00 0 
7f56be781000-7f56be881000 rwxp 7f56be781000 00:00 0 
7f56be881000-7f56be882000 ---p 7f56be881000 00:00 0 
7f56be882000-7f56be98d000 rwxp 7f56be882000 00:00 0 
7f56be98d000-7f56be9ac000 rwxp 7f56be98d000 00:00 0 
7f56be9ac000-7f56be9ca000 rwxp 7f56be9ac000 00:00 0 
7f56be9ca000-7f56beb83000 rwxp 7f56be9ca000 00:00 0 
7f56beb83000-7f56beb8e000 rwxp 7f56beb83000 00:00 0 
7f56beb8e000-7f56bebad000 rwxp 7f56beb8e000 00:00 0 
7f56bebad000-7f56bebcb000 rwxp 7f56bebad000 00:00 0 
7f56bebcb000-7f56bed83000 rwxp 7f56bebcb000 00:00 0 
7f56bed83000-7f56bed93000 rwxp 7f56bed83000 00:00 0 
7f56bed93000-7f56bee6f000 rwxp 7f56bed93000 00:00 0 
7f56bee6f000-7f56c0330000 rwxp 7f56bee6f000 00:00 0 
7f56c0330000-7f56c4270000 rwxp 7f56c0330000 00:00 0 
7f56c4270000-7f56c7d50000 rwxp 7f56c4270000 00:00 0 
7f56c7d50000-7f56fefd0000 rwxp 7f56c7d50000 00:00 0 
7f56fefd0000-7f5700d30000 rwxp 7f56fefd0000 00:00 0 
7f5700d30000-7f571c670000 rwxp 7f5700d30000 00:00 0 
7f571c670000-7f571c8e0000 rwxp 7f571c670000 00:00 0 
7f571c8e0000-7f571f670000 rwxp 7f571c8e0000 00:00 0 
7f571f670000-7f571f67e000 r-xp 00000000 08:13 3163206                    /usr/lib/jvm/java-6-sun-1.6.0.13/jre/lib/amd64/libzip.so
7f571f67e000-7f571f780000 ---p 0000e000 08:13 3163206                    /usr/lib/jvm/java-6-sun-1.6.0.13/jre/lib/amd64/libzip.so
7f571f780000-7f571f783000 rwxp 00010000 08:13 3163206                    /usr/lib/jvm/java-6-sun-1.6.0.13/jre/lib/amd64/libzip.so
7f571f783000-7f571f784000 rwxp 7f571f783000 00:00 0 
7f571f784000-7f571f7ad000 r-xp 00000000 08:13 3163219                    /usr/lib/jvm/java-6-sun-1.6.0.13/jre/lib/amd64/libjava.so
7f571f7ad000-7f571f8ac000 ---p 00029000 08:13 3163219                    /usr/lib/jvm/java-6-sun-1.6.0.13/jre/lib/amd64/libjava.so
7f571f8ac000-7f571f8b3000 rwxp 00028000 08:13 3163219                    /usr/lib/jvm/java-6-sun-1.6.0.13/jre/lib/amd64/libjava.so
7f571f8b3000-7f571f8c0000 r-xp 00000000 08:13 3163201                    /usr/lib/jvm/java-6-sun-1.6.0.13/jre/lib/amd64/libverify.so
7f571f8c0000-7f571f9bf000 ---p 0000d000 08:13 3163201                    /usr/lib/jvm/java-6-sun-1.6.0.13/jre/lib/amd64/libverify.so
7f571f9bf000-7f571f9c2000 rwxp 0000c000 08:13 3163201                    /usr/lib/jvm/java-6-sun-1.6.0.13/jre/lib/amd64/libverify.so
7f571f9c2000-7f571f9ce000 r-xp 00000000 08:13 213021                     /lib/libnss_files-2.9.so
7f571f9ce000-7f571fbcd000 ---p 0000c000 08:13 213021                     /lib/libnss_files-2.9.so
7f571fbcd000-7f571fbce000 r-xp 0000b000 08:13 213021                     /lib/libnss_files-2.9.so
7f571fbce000-7f571fbcf000 rwxp 0000c000 08:13 213021                     /lib/libnss_files-2.9.so
7f571fbcf000-7f571fbd9000 r-xp 00000000 08:13 213023                     /lib/libnss_nis-2.9.so
7f571fbd9000-7f571fdd8000 ---p 0000a000 08:13 213023                     /lib/libnss_nis-2.9.so
7f571fdd8000-7f571fdd9000 r-xp 00009000 08:13 213023                     /lib/libnss_nis-2.9.so
7f571fdd9000-7f571fdda000 rwxp 0000a000 08:13 213023                     /lib/libnss_nis-2.9.so
7f571fdda000-7f571fde2000 r-xp 00000000 08:13 213019                     /lib/libnss_compat-2.9.so
7f571fde2000-7f571ffe1000 ---p 00008000 08:13 213019                     /lib/libnss_compat-2.9.so
7f571ffe1000-7f571ffe2000 r-xp 00007000 08:13 213019                     /lib/libnss_compat-2.9.so
7f571ffe2000-7f571ffe3000 rwxp 00008000 08:13 213019                     /lib/libnss_compat-2.9.so
7f571ffe3000-7f571fff9000 r-xp 00000000 08:13 213018                     /lib/libnsl-2.9.so
7f571fff9000-7f57201f9000 ---p 00016000 08:13 213018                     /lib/libnsl-2.9.so
7f57201f9000-7f57201fa000 r-xp 00016000 08:13 213018                     /lib/libnsl-2.9.so
7f57201fa000-7f57201fb000 rwxp 00017000 08:13 213018                     /lib/libnsl-2.9.so
7f57201fb000-7f57201fd000 rwxp 7f57201fb000 00:00 0 
7f57201fd000-7f5720204000 r-xp 00000000 08:13 3163208                    /usr/lib/jvm/java-6-sun-1.6.0.13/jre/lib/amd64/native_threads/libhpi.so
7f5720204000-7f5720305000 ---p 00007000 08:13 3163208                    /usr/lib/jvm/java-6-sun-1.6.0.13/jre/lib/amd64/native_threads/libhpi.so
7f5720305000-7f5720307000 rwxp 00008000 08:13 3163208                    /usr/lib/jvm/java-6-sun-1.6.0.13/jre/lib/amd64/native_threads/libhpi.so
7f5720307000-7f5720308000 rwxp 7f5720307000 00:00 0 
7f5720308000-7f572030f000 r-xp 00000000 08:13 213028                     /lib/librt-2.9.so
7f572030f000-7f572050e000 ---p 00007000 08:13 213028                     /lib/librt-2.9.so
7f572050e000-7f572050f000 r-xp 00006000 08:13 213028                     /lib/librt-2.9.so
7f572050f000-7f5720510000 rwxp 00007000 08:13 213028                     /lib/librt-2.9.so
7f5720510000-7f5720513000 ---p 7f5720510000 00:00 0 
7f5720513000-7f5720611000 rwxp 7f5720513000 00:00 0 
7f5720611000-7f5720695000 r-xp 00000000 08:13 213016                     /lib/libm-2.9.so
7f5720695000-7f5720894000 ---p 00084000 08:13 213016                     /lib/libm-2.9.so
7f5720894000-7f5720895000 r-xp 00083000 08:13 213016                     /lib/libm-2.9.so
7f5720895000-7f5720896000 rwxp 00084000 08:13 213016                     /lib/libm-2.9.so
7f5720896000-7f5720f23000 r-xp 00000000 08:13 3163226                    /usr/lib/jvm/java-6-sun-1.6.0.13/jre/lib/amd64/server/libjvm.so
7f5720f23000-7f5721022000 ---p 0068d000 08:13 3163226                    /usr/lib/jvm/java-6-sun-1.6.0.13/jre/lib/amd64/server/libjvm.so
7f5721022000-7f5721173000 rwxp 0068c000 08:13 3163226                    /usr/lib/jvm/java-6-sun-1.6.0.13/jre/lib/amd64/server/libjvm.so
7f5721173000-7f57211b0000 rwxp 7f5721173000 00:00 0 
7f57211b0000-7f5721318000 r-xp 00000000 08:13 213012                     /lib/libc-2.9.so
7f5721318000-7f5721518000 ---p 00168000 08:13 213012                     /lib/libc-2.9.so
7f5721518000-7f572151c000 r-xp 00168000 08:13 213012                     /lib/libc-2.9.so
7f572151c000-7f572151d000 rwxp 0016c000 08:13 213012                     /lib/libc-2.9.so
7f572151d000-7f5721522000 rwxp 7f572151d000 00:00 0 
7f5721522000-7f5721524000 r-xp 00000000 08:13 213015                     /lib/libdl-2.9.so
7f5721524000-7f5721724000 ---p 00002000 08:13 213015                     /lib/libdl-2.9.so
7f5721724000-7f5721725000 r-xp 00002000 08:13 213015                     /lib/libdl-2.9.so
7f5721725000-7f5721726000 rwxp 00003000 08:13 213015                     /lib/libdl-2.9.so
7f5721726000-7f572173d000 r-xp 00000000 08:13 213026                     /lib/libpthread-2.9.so
7f572173d000-7f572193c000 ---p 00017000 08:13 213026                     /lib/libpthread-2.9.so
7f572193c000-7f572193d000 r-xp 00016000 08:13 213026                     /lib/libpthread-2.9.so
7f572193d000-7f572193e000 rwxp 00017000 08:13 213026                     /lib/libpthread-2.9.so
7f572193e000-7f5721942000 rwxp 7f572193e000 00:00 0 
7f5721942000-7f5721962000 r-xp 00000000 08:13 213006                     /lib/ld-2.9.so
7f5721968000-7f5721976000 r-xs 000ba000 08:11 422677                     /home/epsilon/文档/4_java/javaTools/mtj.jar
7f5721976000-7f5721980000 rwxp 7f5721976000 00:00 0 
7f5721980000-7f5721a36000 rwxp 7f5721980000 00:00 0 
7f5721a36000-7f5721a38000 rwxp 7f5721a36000 00:00 0 
7f5721a38000-7f5721a3f000 r-xp 00000000 08:13 3163192                    /usr/lib/jvm/java-6-sun-1.6.0.13/jre/lib/amd64/jli/libjli.so
7f5721a3f000-7f5721b40000 ---p 00007000 08:13 3163192                    /usr/lib/jvm/java-6-sun-1.6.0.13/jre/lib/amd64/jli/libjli.so
7f5721b40000-7f5721b42000 rwxp 00008000 08:13 3163192                    /usr/lib/jvm/java-6-sun-1.6.0.13/jre/lib/amd64/jli/libjli.so
7f5721b42000-7f5721b43000 rwxp 7f5721b42000 00:00 0 
7f5721b43000-7f5721b46000 r-xs 000cb000 08:13 3162696                    /usr/lib/jvm/java-6-sun-1.6.0.13/jre/lib/ext/localedata.jar
7f5721b46000-7f5721b49000 r-xs 00000000 08:13 3196574                    /var/cache/fontconfig/7ef2298fde41cc6eeb7af42e48b7d293-x86-64.cache-2
7f5721b49000-7f5721b4d000 r-xs 00042000 08:11 181746                     /home/epsilon/NetBeansProjects/EpsilonUtils/trunk/dist/EpsilonYUtil.jar
7f5721b4d000-7f5721b54000 r-xs 00000000 08:13 2803699                    /usr/lib/gconv/gconv-modules.cache
7f5721b54000-7f5721b5c000 rwxs 00000000 08:13 377146                     /tmp/hsperfdata_epsilon/8686
7f5721b5c000-7f5721b5d000 rwxp 7f5721b5c000 00:00 0 
7f5721b5d000-7f5721b5e000 r-xp 7f5721b5d000 00:00 0 
7f5721b5e000-7f5721b61000 rwxp 7f5721b5e000 00:00 0 
7f5721b61000-7f5721b62000 r-xp 0001f000 08:13 213006                     /lib/ld-2.9.so
7f5721b62000-7f5721b63000 rwxp 00020000 08:13 213006                     /lib/ld-2.9.so
7fff29b4e000-7fff29b63000 rwxp 7ffffffea000 00:00 0                      [stack]
7fff29bff000-7fff29c00000 r-xp 7fff29bff000 00:00 0                      [vdso]
ffffffffff600000-ffffffffff601000 r-xp 00000000 00:00 0                  [vsyscall]

VM Arguments:
jvm_args: -Dawt.useSystemAAFontSettings=on 
java_command: net.epsilony.simpmeshfree.model.ModelTestFrame
Launcher Type: SUN_STANDARD

Environment Variables:
_JAVA_OPTIONS=-Dawt.useSystemAAFontSettings=on
PATH=/usr/local/sbin:/usr/local/bin:/usr/sbin:/usr/bin:/sbin:/bin:/usr/games
USERNAME=epsilon
LD_LIBRARY_PATH=/usr/lib/jvm/java-6-sun-1.6.0.13/jre/lib/amd64/server:/usr/lib/jvm/java-6-sun-1.6.0.13/jre/lib/amd64:/usr/lib/jvm/java-6-sun-1.6.0.13/jre/../lib/amd64
SHELL=/bin/bash
DISPLAY=:0.0

Signal Handlers:
SIGSEGV: [libjvm.so+0x5fcd20], sa_mask[0]=0x7ffbfeff, sa_flags=0x10000004
SIGBUS: [libjvm.so+0x5fcd20], sa_mask[0]=0x7ffbfeff, sa_flags=0x10000004
SIGFPE: [libjvm.so+0x4e0eb0], sa_mask[0]=0x7ffbfeff, sa_flags=0x10000004
SIGPIPE: [libjvm.so+0x4e0eb0], sa_mask[0]=0x7ffbfeff, sa_flags=0x10000004
SIGXFSZ: [libjvm.so+0x4e0eb0], sa_mask[0]=0x7ffbfeff, sa_flags=0x10000004
SIGILL: [libjvm.so+0x4e0eb0], sa_mask[0]=0x7ffbfeff, sa_flags=0x10000004
SIGUSR1: SIG_DFL, sa_mask[0]=0x00000000, sa_flags=0x00000000
SIGUSR2: [libjvm.so+0x4e35d0], sa_mask[0]=0x00000004, sa_flags=0x10000004
SIGHUP: [libjvm.so+0x4e3320], sa_mask[0]=0x7ffbfeff, sa_flags=0x10000004
SIGINT: SIG_IGN, sa_mask[0]=0x00000000, sa_flags=0x00000000
SIGTERM: [libjvm.so+0x4e3320], sa_mask[0]=0x7ffbfeff, sa_flags=0x10000004
SIGQUIT: [libjvm.so+0x4e3320], sa_mask[0]=0x7ffbfeff, sa_flags=0x10000004


---------------  S Y S T E M  ---------------

OS:5.0

uname:Linux 2.6.28-12-generic #43-Ubuntu SMP Fri May 1 19:31:32 UTC 2009 x86_64
libc:glibc 2.9 NPTL 2.9 
rlimit: STACK 8192k, CORE 0k, NPROC infinity, NOFILE 1024, AS infinity
load average:0.26 0.07 0.02

CPU:total 2 (2 cores per cpu, 1 threads per core) family 16 model 2 stepping 3, cmov, cx8, fxsr, mmx, sse, sse2, sse3, mmxext, 3dnow, 3dnowext, sse4a

Memory: 4k page, physical 5780180k(2914236k free), swap 3903752k(3851972k free)

vm_info: Java HotSpot(TM) 64-Bit Server VM (11.3-b02) for linux-amd64 JRE (1.6.0_13-b03), built on Mar  9 2009 11:08:22 by "java_re" with gcc 3.2.2 (SuSE Linux)

time: Mon May 18 19:32:45 2009
elapsed time: 0 seconds

