#
# An unexpected error has been detected by Java Runtime Environment:
#
#  SIGSEGV (0xb) at pc=0x00007f180825d11b, pid=5807, tid=139739494332752
#
# Java VM: Java HotSpot(TM) 64-Bit Server VM (11.3-b02 mixed mode linux-amd64)
# Problematic frame:
# C  [libc.so.6+0x8411b]  memcpy+0x15b
#
# If you would like to submit a bug report, please visit:
#   http://java.sun.com/webapps/bugreport/crash.jsp
#

---------------  T H R E A D  ---------------

Current thread (0x0000000040d04c00):  JavaThread "AWT-EventQueue-0" [_thread_in_vm, id=5822, stack(0x00007f17a2dbb000,0x00007f17a2ebc000)]

siginfo:si_signo=SIGSEGV: si_errno=0, si_code=2 (SEGV_ACCERR), si_addr=0x00007f179c2d1000

Registers:
RAX=0x00007f17e72d4d18, RBX=0x00007f17a5e912a0, RCX=0x00000000000000c4, RDX=0x0000000000001ad0
RSP=0x00007f17a2eba458, RBP=0x00007f17a2eba4e0, RSI=0x00007f179c2d1000, RDI=0x00007f17e72d61c8
R8 =0x0000000000000ffc, R9 =0x00007f18080a95b8, R10=0x00007f18080ad028, R11=0x0000000000001ad0
R12=0x0000000000001ad0, R13=0x0000000000000000, R14=0x0000000040ca6628, R15=0x00007f17a2eba470
RIP=0x00007f180825d11b, EFL=0x0000000000010216, CSGSFS=0x0000000000000033, ERR=0x0000000000000004
  TRAPNO=0x000000000000000e

Top of Stack: (sp=0x00007f17a2eba458)
0x00007f17a2eba458:   00007f1807c05600 0000000040d04dc0
0x00007f17a2eba468:   00007f179c2cfb50 0000000040d04c00
0x00007f17a2eba478:   0000000000000000 0000000040d04c00
0x00007f17a2eba488:   0000000000000000 0000000040d04c00
0x00007f17a2eba498:   00007f17a2eba5e0 0000000040d04c00
0x00007f17a2eba4a8:   00007f1808253276 0000000040d04c00
0x00007f17a2eba4b8:   0000000040ca6628 00007f179c1f5610
0x00007f17a2eba4c8:   00007f179c13c4f0 00007f17a2eba5e0
0x00007f17a2eba4d8:   0000000040ca65d0 0000000040d04dc0
0x00007f17a2eba4e8:   00007f17a2998486 00007f179c014fa0
0x00007f17a2eba4f8:   0000000040ca65d8 0000000040ca65e0
0x00007f17a2eba508:   0000000040ca65e8 0000000040ca65f0
0x00007f17a2eba518:   00007f17a62be4be 0000000040ca65f8
0x00007f17a2eba528:   00007f17a62c5210 0101010100000000
0x00007f17a2eba538:   00007f17a6887fd0 00007f17a2eba5c0
0x00007f17a2eba548:   0000000000000101 00007f17a6887fd0
0x00007f17a2eba558:   00007f17a2eba5e0 0000000040d04c00
0x00007f17a2eba568:   00007f18036a7852 00007f17e60ffa40
0x00007f17a2eba578:   00007f17a62c5c70 00007f17a2eba580
0x00007f17a2eba588:   0000000000000000 00007f17a2eba5e0
0x00007f17a2eba598:   00007f17a6888a08 0000000000000000
0x00007f17a2eba5a8:   00007f17a6887fd0 0000000000000000
0x00007f17a2eba5b8:   00007f17a2eba5e0 00007f17a2eba628
0x00007f17a2eba5c8:   00007f180369c322 0000000000000000
0x00007f17a2eba5d8:   00007f18036a4358 00007f17e72c4c78
0x00007f17a2eba5e8:   00007f17a2eba5e8 00007f17a6886aad
0x00007f17a2eba5f8:   00007f17a2eba670 00007f17a6888a08
0x00007f17a2eba608:   0000000000000000 00007f17a6886b38
0x00007f17a2eba618:   00007f17a2eba5e0 00007f17a2eba660
0x00007f17a2eba628:   00007f17a2eba6b8 00007f180369c322
0x00007f17a2eba638:   0000000000000000 00007f17e72d1f70
0x00007f17a2eba648:   0000000000000000 00007f17e72d1f58 

Instructions: (pc=0x00007f180825d11b)
0x00007f180825d10b:   0f 47 da 4c 89 d9 49 83 e3 f8 48 c1 e9 03 74 05
0x00007f180825d11b:   f3 48 a5 66 90 4c 29 da 48 f7 c2 f8 ff ff ff 75 

Stack: [0x00007f17a2dbb000,0x00007f17a2ebc000],  sp=0x00007f17a2eba458,  free space=1021k
Native frames: (J=compiled Java code, j=interpreted, Vv=VM code, C=native code)
C  [libc.so.6+0x8411b]  memcpy+0x15b

Java frames: (J=compiled Java code, j=interpreted, Vv=VM code)
j  net.epsilony.simpmeshfree.model.geometry.TriangleJni.triangleFun()V+0
j  net.epsilony.simpmeshfree.model.geometry.TriangleJni.complie(Lnet/epsilony/simpmeshfree/model/geometry/GeometryModel;Ljava/lang/String;)V+141
j  net.epsilony.simpmeshfree.model.mechanics.MechanicsModel.generateQuadratureDomainsByTriangle(DDLjava/lang/String;)V+60
j  net.epsilony.simpmeshfree.model.ModelTestFrame.<init>()V+614
j  net.epsilony.simpmeshfree.model.ModelTestFrame$1.run()V+4
j  java.awt.event.InvocationEvent.dispatch()V+47
j  java.awt.EventQueue.dispatchEvent(Ljava/awt/AWTEvent;)V+26
j  java.awt.EventDispatchThread.pumpOneEventForFilters(I)Z+204
j  java.awt.EventDispatchThread.pumpEventsForFilter(ILjava/awt/Conditional;Ljava/awt/EventFilter;)V+30
j  java.awt.EventDispatchThread.pumpEventsForHierarchy(ILjava/awt/Conditional;Ljava/awt/Component;)V+11
j  java.awt.EventDispatchThread.pumpEvents(ILjava/awt/Conditional;)V+4
j  java.awt.EventDispatchThread.pumpEvents(Ljava/awt/Conditional;)V+3
j  java.awt.EventDispatchThread.run()V+9
v  ~StubRoutines::call_stub

---------------  P R O C E S S  ---------------

Java Threads: ( => current thread )
  0x00007f179c013000 JavaThread "Thread-3" [_thread_blocked, id=5827, stack(0x00007f17a2bb9000,0x00007f17a2cba000)]
  0x00007f179c002c00 JavaThread "Thread-2" [_thread_blocked, id=5826, stack(0x00007f17a2cba000,0x00007f17a2dbb000)]
  0x0000000040902000 JavaThread "DestroyJavaVM" [_thread_blocked, id=5808, stack(0x00007f1807539000,0x00007f180763a000)]
=>0x0000000040d04c00 JavaThread "AWT-EventQueue-0" [_thread_in_vm, id=5822, stack(0x00007f17a2dbb000,0x00007f17a2ebc000)]
  0x0000000040d03800 JavaThread "AWT-Shutdown" [_thread_blocked, id=5821, stack(0x00007f17a2fc2000,0x00007f17a30c3000)]
  0x0000000040d02c00 JavaThread "AWT-XAWT" daemon [_thread_in_native, id=5820, stack(0x00007f17a30c3000,0x00007f17a31c4000)]
  0x0000000040b5e800 JavaThread "Java2D Disposer" daemon [_thread_blocked, id=5819, stack(0x00007f17a37f8000,0x00007f17a38f9000)]
  0x00000000409b9800 JavaThread "Low Memory Detector" daemon [_thread_blocked, id=5817, stack(0x00007f17a4e2b000,0x00007f17a4f2c000)]
  0x00000000409b7000 JavaThread "CompilerThread1" daemon [_thread_in_native, id=5816, stack(0x00007f17a4f2c000,0x00007f17a502d000)]
  0x00000000409b3000 JavaThread "CompilerThread0" daemon [_thread_in_native, id=5815, stack(0x00007f17a502d000,0x00007f17a512e000)]
  0x00000000409b1000 JavaThread "Signal Dispatcher" daemon [_thread_blocked, id=5814, stack(0x00007f17a512e000,0x00007f17a522f000)]
  0x000000004098f800 JavaThread "Finalizer" daemon [_thread_blocked, id=5813, stack(0x00007f17a526e000,0x00007f17a536f000)]
  0x0000000040988800 JavaThread "Reference Handler" daemon [_thread_blocked, id=5812, stack(0x00007f17a536f000,0x00007f17a5470000)]

Other Threads:
  0x0000000040983000 VMThread [stack: 0x00007f17a5470000,0x00007f17a5571000] [id=5811]
  0x00000000409bbc00 WatcherThread [stack: 0x00007f17a4d2a000,0x00007f17a4e2b000] [id=5818]

VM state:not at safepoint (normal execution)

VM Mutex/Monitor currently owned by a thread: None

Heap
 PSYoungGen      total 26368K, used 19807K [0x00007f17e5ff0000, 0x00007f17e7d50000, 0x00007f1803690000)
  eden space 22656K, 87% used [0x00007f17e5ff0000,0x00007f17e7347c60,0x00007f17e7610000)
  from space 3712K, 0% used [0x00007f17e79b0000,0x00007f17e79b0000,0x00007f17e7d50000)
  to   space 3712K, 0% used [0x00007f17e7610000,0x00007f17e7610000,0x00007f17e79b0000)
 PSOldGen        total 60288K, used 0K [0x00007f17ab290000, 0x00007f17aed70000, 0x00007f17e5ff0000)
  object space 60288K, 0% used [0x00007f17ab290000,0x00007f17ab290000,0x00007f17aed70000)
 PSPermGen       total 21248K, used 10242K [0x00007f17a5e90000, 0x00007f17a7350000, 0x00007f17ab290000)
  object space 21248K, 48% used [0x00007f17a5e90000,0x00007f17a6890a58,0x00007f17a7350000)

Dynamic libraries:
40000000-40009000 r-xp 00000000 08:13 3163089                            /usr/lib/jvm/java-6-sun-1.6.0.13/jre/bin/java
40108000-4010a000 rwxp 00008000 08:13 3163089                            /usr/lib/jvm/java-6-sun-1.6.0.13/jre/bin/java
408fa000-4108e000 rwxp 408fa000 00:00 0                                  [heap]
7f179c000000-7f179c2d1000 rwxp 7f179c000000 00:00 0 
7f179c2d1000-7f17a0000000 ---p 7f179c2d1000 00:00 0 
7f17a2377000-7f17a246f000 rwxp 7f17a2377000 00:00 0 
7f17a246f000-7f17a2485000 r-xp 00000000 08:13 213005                     /lib/libgcc_s.so.1
7f17a2485000-7f17a2685000 ---p 00016000 08:13 213005                     /lib/libgcc_s.so.1
7f17a2685000-7f17a2686000 r-xp 00016000 08:13 213005                     /lib/libgcc_s.so.1
7f17a2686000-7f17a2687000 rwxp 00017000 08:13 213005                     /lib/libgcc_s.so.1
7f17a2687000-7f17a2778000 r-xp 00000000 08:13 2802601                    /usr/lib/libstdc++.so.6.0.10
7f17a2778000-7f17a2978000 ---p 000f1000 08:13 2802601                    /usr/lib/libstdc++.so.6.0.10
7f17a2978000-7f17a297f000 r-xp 000f1000 08:13 2802601                    /usr/lib/libstdc++.so.6.0.10
7f17a297f000-7f17a2981000 rwxp 000f8000 08:13 2802601                    /usr/lib/libstdc++.so.6.0.10
7f17a2981000-7f17a2994000 rwxp 7f17a2981000 00:00 0 
7f17a2994000-7f17a29b8000 r-xp 00000000 08:13 1942103                    /usr/lib/TriangleJniAmd64.so
7f17a29b8000-7f17a2bb7000 ---p 00024000 08:13 1942103                    /usr/lib/TriangleJniAmd64.so
7f17a2bb7000-7f17a2bb8000 r-xp 00023000 08:13 1942103                    /usr/lib/TriangleJniAmd64.so
7f17a2bb8000-7f17a2bb9000 rwxp 00024000 08:13 1942103                    /usr/lib/TriangleJniAmd64.so
7f17a2bb9000-7f17a2bbc000 ---p 7f17a2bb9000 00:00 0 
7f17a2bbc000-7f17a2cba000 rwxp 7f17a2bbc000 00:00 0 
7f17a2cba000-7f17a2cbd000 ---p 7f17a2cba000 00:00 0 
7f17a2cbd000-7f17a2dbb000 rwxp 7f17a2cbd000 00:00 0 
7f17a2dbb000-7f17a2dbe000 ---p 7f17a2dbb000 00:00 0 
7f17a2dbe000-7f17a2ebc000 rwxp 7f17a2dbe000 00:00 0 
7f17a2ebc000-7f17a2ec5000 r-xs 00000000 08:13 3197464                    /var/cache/fontconfig/945677eb7aeaf62f1d50efc3fb3ec7d8-x86-64.cache-2
7f17a2ec5000-7f17a2ec7000 r-xs 00000000 08:13 3197468                    /var/cache/fontconfig/99e8ed0e538f840c565b6ed5dad60d56-x86-64.cache-2
7f17a2ec7000-7f17a2eca000 r-xs 00000000 08:13 3197466                    /var/cache/fontconfig/e383d7ea5fbe662a33d9b44caf393297-x86-64.cache-2
7f17a2eca000-7f17a2ece000 r-xs 00000000 08:13 3197459                    /var/cache/fontconfig/6eb3985aa4124903f6ff08ba781cd364-x86-64.cache-2
7f17a2ece000-7f17a2ed2000 r-xs 00000000 08:13 3196573                    /var/cache/fontconfig/a755afe4a08bf5b97852ceb7400b47bc-x86-64.cache-2
7f17a2ed2000-7f17a2edb000 r-xs 00000000 08:13 3197440                    /var/cache/fontconfig/6d41288fd70b0be22e8c3a91e032eec0-x86-64.cache-2
7f17a2edb000-7f17a2ee6000 r-xs 00000000 08:13 3197435                    /var/cache/fontconfig/e3de0de479f42330eadf588a55fb5bf4-x86-64.cache-2
7f17a2ee6000-7f17a2ef5000 r-xs 00000000 08:13 3197434                    /var/cache/fontconfig/0f34bcd4b6ee430af32735b75db7f02b-x86-64.cache-2
7f17a2ef5000-7f17a2efe000 r-xs 00000000 08:13 3197417                    /var/cache/fontconfig/d52a8644073d54c13679302ca1180695-x86-64.cache-2
7f17a2fc2000-7f17a2fc5000 ---p 7f17a2fc2000 00:00 0 
7f17a2fc5000-7f17a30c3000 rwxp 7f17a2fc5000 00:00 0 
7f17a30c3000-7f17a30c6000 ---p 7f17a30c3000 00:00 0 
7f17a30c6000-7f17a31c4000 rwxp 7f17a30c6000 00:00 0 
7f17a31c4000-7f17a31c9000 r-xp 00000000 08:13 2805390                    /usr/lib/libXfixes.so.3.1.0
7f17a31c9000-7f17a33c8000 ---p 00005000 08:13 2805390                    /usr/lib/libXfixes.so.3.1.0
7f17a33c8000-7f17a33c9000 rwxp 00004000 08:13 2805390                    /usr/lib/libXfixes.so.3.1.0
7f17a33c9000-7f17a33d2000 r-xp 00000000 08:13 2805803                    /usr/lib/libXrender.so.1.3.0
7f17a33d2000-7f17a35d1000 ---p 00009000 08:13 2805803                    /usr/lib/libXrender.so.1.3.0
7f17a35d1000-7f17a35d2000 r-xp 00008000 08:13 2805803                    /usr/lib/libXrender.so.1.3.0
7f17a35d2000-7f17a35d3000 rwxp 00009000 08:13 2805803                    /usr/lib/libXrender.so.1.3.0
7f17a35d3000-7f17a35dc000 r-xp 00000000 08:13 2805843                    /usr/lib/libXcursor.so.1.0.2
7f17a35dc000-7f17a37dc000 ---p 00009000 08:13 2805843                    /usr/lib/libXcursor.so.1.0.2
7f17a37dc000-7f17a37dd000 rwxp 00009000 08:13 2805843                    /usr/lib/libXcursor.so.1.0.2
7f17a37f5000-7f17a37f8000 r-xs 000cb000 08:13 3162696                    /usr/lib/jvm/java-6-sun-1.6.0.13/jre/lib/ext/localedata.jar
7f17a37f8000-7f17a37fb000 ---p 7f17a37f8000 00:00 0 
7f17a37fb000-7f17a38f9000 rwxp 7f17a37fb000 00:00 0 
7f17a38f9000-7f17a3977000 r-xp 00000000 08:13 3163204                    /usr/lib/jvm/java-6-sun-1.6.0.13/jre/lib/amd64/libfontmanager.so
7f17a3977000-7f17a3a76000 ---p 0007e000 08:13 3163204                    /usr/lib/jvm/java-6-sun-1.6.0.13/jre/lib/amd64/libfontmanager.so
7f17a3a76000-7f17a3a8c000 rwxp 0007d000 08:13 3163204                    /usr/lib/jvm/java-6-sun-1.6.0.13/jre/lib/amd64/libfontmanager.so
7f17a3a8c000-7f17a3a9d000 rwxp 7f17a3a8c000 00:00 0 
7f17a3a9d000-7f17a3aa2000 r-xp 00000000 08:13 2805384                    /usr/lib/libXdmcp.so.6.0.0
7f17a3aa2000-7f17a3ca1000 ---p 00005000 08:13 2805384                    /usr/lib/libXdmcp.so.6.0.0
7f17a3ca1000-7f17a3ca2000 rwxp 00004000 08:13 2805384                    /usr/lib/libXdmcp.so.6.0.0
7f17a3ca2000-7f17a3cbd000 r-xp 00000000 08:13 2805386                    /usr/lib/libxcb.so.1.1.0
7f17a3cbd000-7f17a3ebc000 ---p 0001b000 08:13 2805386                    /usr/lib/libxcb.so.1.1.0
7f17a3ebc000-7f17a3ebd000 r-xp 0001a000 08:13 2805386                    /usr/lib/libxcb.so.1.1.0
7f17a3ebd000-7f17a3ebe000 rwxp 0001b000 08:13 2805386                    /usr/lib/libxcb.so.1.1.0
7f17a3ebe000-7f17a3ec0000 r-xp 00000000 08:13 2805382                    /usr/lib/libXau.so.6.0.0
7f17a3ec0000-7f17a40bf000 ---p 00002000 08:13 2805382                    /usr/lib/libXau.so.6.0.0
7f17a40bf000-7f17a40c0000 r-xp 00001000 08:13 2805382                    /usr/lib/libXau.so.6.0.0
7f17a40c0000-7f17a40c1000 rwxp 00002000 08:13 2805382                    /usr/lib/libXau.so.6.0.0
7f17a40c1000-7f17a40ca000 r-xp 00000000 08:13 2805586                    /usr/lib/libXi.so.6.0.0
7f17a40ca000-7f17a42ca000 ---p 00009000 08:13 2805586                    /usr/lib/libXi.so.6.0.0
7f17a42ca000-7f17a42cb000 r-xp 00009000 08:13 2805586                    /usr/lib/libXi.so.6.0.0
7f17a42cb000-7f17a42cc000 rwxp 0000a000 08:13 2805586                    /usr/lib/libXi.so.6.0.0
7f17a42cc000-7f17a42d1000 r-xp 00000000 08:13 2806834                    /usr/lib/libXtst.so.6.1.0
7f17a42d1000-7f17a44d1000 ---p 00005000 08:13 2806834                    /usr/lib/libXtst.so.6.1.0
7f17a44d1000-7f17a44d2000 r-xp 00005000 08:13 2806834                    /usr/lib/libXtst.so.6.1.0
7f17a44d2000-7f17a44d3000 rwxp 00006000 08:13 2806834                    /usr/lib/libXtst.so.6.1.0
7f17a44d3000-7f17a45d5000 r-xp 00000000 08:13 2805388                    /usr/lib/libX11.so.6.2.0
7f17a45d5000-7f17a47d5000 ---p 00102000 08:13 2805388                    /usr/lib/libX11.so.6.2.0
7f17a47d5000-7f17a47d6000 r-xp 00102000 08:13 2805388                    /usr/lib/libX11.so.6.2.0
7f17a47d6000-7f17a47da000 rwxp 00103000 08:13 2805388                    /usr/lib/libX11.so.6.2.0
7f17a47da000-7f17a47eb000 r-xp 00000000 08:13 2805394                    /usr/lib/libXext.so.6.4.0
7f17a47eb000-7f17a49ea000 ---p 00011000 08:13 2805394                    /usr/lib/libXext.so.6.4.0
7f17a49ea000-7f17a49eb000 r-xp 00010000 08:13 2805394                    /usr/lib/libXext.so.6.4.0
7f17a49eb000-7f17a49ec000 rwxp 00011000 08:13 2805394                    /usr/lib/libXext.so.6.4.0
7f17a49ed000-7f17a49f9000 r-xs 00000000 08:13 3197416                    /var/cache/fontconfig/089dead882dea3570ffc31a9898cfb69-x86-64.cache-2
7f17a49f9000-7f17a49fd000 r-xs 00000000 08:13 3197398                    /var/cache/fontconfig/cabbd14511b9e8a55e92af97fb3a0461-x86-64.cache-2
7f17a49fd000-7f17a4a07000 r-xs 00000000 08:13 3195524                    /var/cache/fontconfig/e13b20fdb08344e0e664864cc2ede53d-x86-64.cache-2
7f17a4a07000-7f17a4a48000 r-xp 00000000 08:13 3163194                    /usr/lib/jvm/java-6-sun-1.6.0.13/jre/lib/amd64/xawt/libmawt.so
7f17a4a48000-7f17a4b47000 ---p 00041000 08:13 3163194                    /usr/lib/jvm/java-6-sun-1.6.0.13/jre/lib/amd64/xawt/libmawt.so
7f17a4b47000-7f17a4b53000 rwxp 00040000 08:13 3163194                    /usr/lib/jvm/java-6-sun-1.6.0.13/jre/lib/amd64/xawt/libmawt.so
7f17a4b53000-7f17a4b54000 rwxp 7f17a4b53000 00:00 0 
7f17a4b54000-7f17a4be6000 r-xp 00000000 08:13 3163239                    /usr/lib/jvm/java-6-sun-1.6.0.13/jre/lib/amd64/libawt.so
7f17a4be6000-7f17a4ce5000 ---p 00092000 08:13 3163239                    /usr/lib/jvm/java-6-sun-1.6.0.13/jre/lib/amd64/libawt.so
7f17a4ce5000-7f17a4cfe000 rwxp 00091000 08:13 3163239                    /usr/lib/jvm/java-6-sun-1.6.0.13/jre/lib/amd64/libawt.so
7f17a4cfe000-7f17a4d23000 rwxp 7f17a4cfe000 00:00 0 
7f17a4d23000-7f17a4d2a000 r-xs 00059000 08:11 1172178                    /home/epsilon/文档/4_java/javaTools/apache-log4j-1.2.15/log4j-1.2.15.jar
7f17a4d2a000-7f17a4d2b000 ---p 7f17a4d2a000 00:00 0 
7f17a4d2b000-7f17a4e2b000 rwxp 7f17a4d2b000 00:00 0 
7f17a4e2b000-7f17a4e2e000 ---p 7f17a4e2b000 00:00 0 
7f17a4e2e000-7f17a4f2c000 rwxp 7f17a4e2e000 00:00 0 
7f17a4f2c000-7f17a4f2f000 ---p 7f17a4f2c000 00:00 0 
7f17a4f2f000-7f17a502d000 rwxp 7f17a4f2f000 00:00 0 
7f17a502d000-7f17a5030000 ---p 7f17a502d000 00:00 0 
7f17a5030000-7f17a512e000 rwxp 7f17a5030000 00:00 0 
7f17a512e000-7f17a5131000 ---p 7f17a512e000 00:00 0 
7f17a5131000-7f17a522f000 rwxp 7f17a5131000 00:00 0 
7f17a522f000-7f17a526e000 r-xp 00000000 08:13 2827839                    /usr/lib/locale/zh_CN.utf8/LC_CTYPE
7f17a526e000-7f17a5271000 ---p 7f17a526e000 00:00 0 
7f17a5271000-7f17a536f000 rwxp 7f17a5271000 00:00 0 
7f17a536f000-7f17a5372000 ---p 7f17a536f000 00:00 0 
7f17a5372000-7f17a5470000 rwxp 7f17a5372000 00:00 0 
7f17a5470000-7f17a5471000 ---p 7f17a5470000 00:00 0 
7f17a5471000-7f17a55e6000 rwxp 7f17a5471000 00:00 0 
7f17a55e6000-7f17a5778000 r-xs 02f34000 08:13 2942580                    /usr/lib/jvm/java-6-sun-1.6.0.13/jre/lib/rt.jar
7f17a5778000-7f17a57a0000 rwxp 7f17a5778000 00:00 0 
7f17a57a0000-7f17a57a1000 ---p 7f17a57a0000 00:00 0 
7f17a57a1000-7f17a58a1000 rwxp 7f17a57a1000 00:00 0 
7f17a58a1000-7f17a58a2000 ---p 7f17a58a1000 00:00 0 
7f17a58a2000-7f17a59ad000 rwxp 7f17a58a2000 00:00 0 
7f17a59ad000-7f17a59cc000 rwxp 7f17a59ad000 00:00 0 
7f17a59cc000-7f17a59ea000 rwxp 7f17a59cc000 00:00 0 
7f17a59ea000-7f17a5ba3000 rwxp 7f17a59ea000 00:00 0 
7f17a5ba3000-7f17a5bae000 rwxp 7f17a5ba3000 00:00 0 
7f17a5bae000-7f17a5bcd000 rwxp 7f17a5bae000 00:00 0 
7f17a5bcd000-7f17a5beb000 rwxp 7f17a5bcd000 00:00 0 
7f17a5beb000-7f17a5da3000 rwxp 7f17a5beb000 00:00 0 
7f17a5da3000-7f17a5db3000 rwxp 7f17a5da3000 00:00 0 
7f17a5db3000-7f17a5e8f000 rwxp 7f17a5db3000 00:00 0 
7f17a5e8f000-7f17a7350000 rwxp 7f17a5e8f000 00:00 0 
7f17a7350000-7f17ab290000 rwxp 7f17a7350000 00:00 0 
7f17ab290000-7f17aed70000 rwxp 7f17ab290000 00:00 0 
7f17aed70000-7f17e5ff0000 rwxp 7f17aed70000 00:00 0 
7f17e5ff0000-7f17e7d50000 rwxp 7f17e5ff0000 00:00 0 
7f17e7d50000-7f1803690000 rwxp 7f17e7d50000 00:00 0 
7f1803691000-7f1803699000 r-xs 0004b000 08:11 162661                     /home/epsilon/文档/4_java/javaTools/commons-math-1.2/commons-math-1.2.jar
7f1803699000-7f1803909000 rwxp 7f1803699000 00:00 0 
7f1803909000-7f1806699000 rwxp 7f1803909000 00:00 0 
7f1806699000-7f18066a7000 r-xp 00000000 08:13 3163206                    /usr/lib/jvm/java-6-sun-1.6.0.13/jre/lib/amd64/libzip.so
7f18066a7000-7f18067a9000 ---p 0000e000 08:13 3163206                    /usr/lib/jvm/java-6-sun-1.6.0.13/jre/lib/amd64/libzip.so
7f18067a9000-7f18067ac000 rwxp 00010000 08:13 3163206                    /usr/lib/jvm/java-6-sun-1.6.0.13/jre/lib/amd64/libzip.so
7f18067ac000-7f18067ad000 rwxp 7f18067ac000 00:00 0 
7f18067ad000-7f18067d6000 r-xp 00000000 08:13 3163219                    /usr/lib/jvm/java-6-sun-1.6.0.13/jre/lib/amd64/libjava.so
7f18067d6000-7f18068d5000 ---p 00029000 08:13 3163219                    /usr/lib/jvm/java-6-sun-1.6.0.13/jre/lib/amd64/libjava.so
7f18068d5000-7f18068dc000 rwxp 00028000 08:13 3163219                    /usr/lib/jvm/java-6-sun-1.6.0.13/jre/lib/amd64/libjava.so
7f18068dc000-7f18068e9000 r-xp 00000000 08:13 3163201                    /usr/lib/jvm/java-6-sun-1.6.0.13/jre/lib/amd64/libverify.so
7f18068e9000-7f18069e8000 ---p 0000d000 08:13 3163201                    /usr/lib/jvm/java-6-sun-1.6.0.13/jre/lib/amd64/libverify.so
7f18069e8000-7f18069eb000 rwxp 0000c000 08:13 3163201                    /usr/lib/jvm/java-6-sun-1.6.0.13/jre/lib/amd64/libverify.so
7f18069eb000-7f18069f7000 r-xp 00000000 08:13 213021                     /lib/libnss_files-2.9.so
7f18069f7000-7f1806bf6000 ---p 0000c000 08:13 213021                     /lib/libnss_files-2.9.so
7f1806bf6000-7f1806bf7000 r-xp 0000b000 08:13 213021                     /lib/libnss_files-2.9.so
7f1806bf7000-7f1806bf8000 rwxp 0000c000 08:13 213021                     /lib/libnss_files-2.9.so
7f1806bf8000-7f1806c02000 r-xp 00000000 08:13 213023                     /lib/libnss_nis-2.9.so
7f1806c02000-7f1806e01000 ---p 0000a000 08:13 213023                     /lib/libnss_nis-2.9.so
7f1806e01000-7f1806e02000 r-xp 00009000 08:13 213023                     /lib/libnss_nis-2.9.so
7f1806e02000-7f1806e03000 rwxp 0000a000 08:13 213023                     /lib/libnss_nis-2.9.so
7f1806e03000-7f1806e0b000 r-xp 00000000 08:13 213019                     /lib/libnss_compat-2.9.so
7f1806e0b000-7f180700a000 ---p 00008000 08:13 213019                     /lib/libnss_compat-2.9.so
7f180700a000-7f180700b000 r-xp 00007000 08:13 213019                     /lib/libnss_compat-2.9.so
7f180700b000-7f180700c000 rwxp 00008000 08:13 213019                     /lib/libnss_compat-2.9.so
7f180700c000-7f1807022000 r-xp 00000000 08:13 213018                     /lib/libnsl-2.9.so
7f1807022000-7f1807222000 ---p 00016000 08:13 213018                     /lib/libnsl-2.9.so
7f1807222000-7f1807223000 r-xp 00016000 08:13 213018                     /lib/libnsl-2.9.so
7f1807223000-7f1807224000 rwxp 00017000 08:13 213018                     /lib/libnsl-2.9.so
7f1807224000-7f1807226000 rwxp 7f1807224000 00:00 0 
7f1807226000-7f180722d000 r-xp 00000000 08:13 3163208                    /usr/lib/jvm/java-6-sun-1.6.0.13/jre/lib/amd64/native_threads/libhpi.so
7f180722d000-7f180732e000 ---p 00007000 08:13 3163208                    /usr/lib/jvm/java-6-sun-1.6.0.13/jre/lib/amd64/native_threads/libhpi.so
7f180732e000-7f1807330000 rwxp 00008000 08:13 3163208                    /usr/lib/jvm/java-6-sun-1.6.0.13/jre/lib/amd64/native_threads/libhpi.so
7f1807330000-7f1807331000 rwxp 7f1807330000 00:00 0 
7f1807331000-7f1807338000 r-xp 00000000 08:13 213028                     /lib/librt-2.9.so
7f1807338000-7f1807537000 ---p 00007000 08:13 213028                     /lib/librt-2.9.so
7f1807537000-7f1807538000 r-xp 00006000 08:13 213028                     /lib/librt-2.9.so
7f1807538000-7f1807539000 rwxp 00007000 08:13 213028                     /lib/librt-2.9.so
7f1807539000-7f180753c000 ---p 7f1807539000 00:00 0 
7f180753c000-7f180763a000 rwxp 7f180753c000 00:00 0 
7f180763a000-7f18076be000 r-xp 00000000 08:13 213016                     /lib/libm-2.9.so
7f18076be000-7f18078bd000 ---p 00084000 08:13 213016                     /lib/libm-2.9.so
7f18078bd000-7f18078be000 r-xp 00083000 08:13 213016                     /lib/libm-2.9.so
7f18078be000-7f18078bf000 rwxp 00084000 08:13 213016                     /lib/libm-2.9.so
7f18078bf000-7f1807f4c000 r-xp 00000000 08:13 3163226                    /usr/lib/jvm/java-6-sun-1.6.0.13/jre/lib/amd64/server/libjvm.so
7f1807f4c000-7f180804b000 ---p 0068d000 08:13 3163226                    /usr/lib/jvm/java-6-sun-1.6.0.13/jre/lib/amd64/server/libjvm.so
7f180804b000-7f180819c000 rwxp 0068c000 08:13 3163226                    /usr/lib/jvm/java-6-sun-1.6.0.13/jre/lib/amd64/server/libjvm.so
7f180819c000-7f18081d9000 rwxp 7f180819c000 00:00 0 
7f18081d9000-7f1808341000 r-xp 00000000 08:13 213012                     /lib/libc-2.9.so
7f1808341000-7f1808541000 ---p 00168000 08:13 213012                     /lib/libc-2.9.so
7f1808541000-7f1808545000 r-xp 00168000 08:13 213012                     /lib/libc-2.9.so
7f1808545000-7f1808546000 rwxp 0016c000 08:13 213012                     /lib/libc-2.9.so
7f1808546000-7f180854b000 rwxp 7f1808546000 00:00 0 
7f180854b000-7f180854d000 r-xp 00000000 08:13 213015                     /lib/libdl-2.9.so
7f180854d000-7f180874d000 ---p 00002000 08:13 213015                     /lib/libdl-2.9.so
7f180874d000-7f180874e000 r-xp 00002000 08:13 213015                     /lib/libdl-2.9.so
7f180874e000-7f180874f000 rwxp 00003000 08:13 213015                     /lib/libdl-2.9.so
7f180874f000-7f1808766000 r-xp 00000000 08:13 213026                     /lib/libpthread-2.9.so
7f1808766000-7f1808965000 ---p 00017000 08:13 213026                     /lib/libpthread-2.9.so
7f1808965000-7f1808966000 r-xp 00016000 08:13 213026                     /lib/libpthread-2.9.so
7f1808966000-7f1808967000 rwxp 00017000 08:13 213026                     /lib/libpthread-2.9.so
7f1808967000-7f180896b000 rwxp 7f1808967000 00:00 0 
7f180896b000-7f180898b000 r-xp 00000000 08:13 213006                     /lib/ld-2.9.so
7f180898b000-7f180898e000 r-xs 00000000 08:13 3197439                    /var/cache/fontconfig/de156ccd2eddbdc19d37a45b8b2aac9c-x86-64.cache-2
7f180898e000-7f1808991000 r-xs 00000000 08:13 3197433                    /var/cache/fontconfig/ddd4086aec35a5275babba44bb759c3c-x86-64.cache-2
7f1808991000-7f180899f000 r-xs 000ba000 08:11 422677                     /home/epsilon/文档/4_java/javaTools/mtj.jar
7f180899f000-7f18089a9000 rwxp 7f180899f000 00:00 0 
7f18089a9000-7f1808a5f000 rwxp 7f18089a9000 00:00 0 
7f1808a5f000-7f1808a61000 rwxp 7f1808a5f000 00:00 0 
7f1808a61000-7f1808a68000 r-xp 00000000 08:13 3163192                    /usr/lib/jvm/java-6-sun-1.6.0.13/jre/lib/amd64/jli/libjli.so
7f1808a68000-7f1808b69000 ---p 00007000 08:13 3163192                    /usr/lib/jvm/java-6-sun-1.6.0.13/jre/lib/amd64/jli/libjli.so
7f1808b69000-7f1808b6b000 rwxp 00008000 08:13 3163192                    /usr/lib/jvm/java-6-sun-1.6.0.13/jre/lib/amd64/jli/libjli.so
7f1808b6b000-7f1808b6c000 rwxp 7f1808b6b000 00:00 0 
7f1808b6d000-7f1808b6e000 r-xs 00000000 08:13 3197445                    /var/cache/fontconfig/4c73fe0c47614734b17d736dbde7580a-x86-64.cache-2
7f1808b6e000-7f1808b6f000 r-xs 00000000 08:13 3197424                    /var/cache/fontconfig/4794a0821666d79190d59a36cb4f44b5-x86-64.cache-2
7f1808b6f000-7f1808b72000 r-xs 00000000 08:13 3196574                    /var/cache/fontconfig/7ef2298fde41cc6eeb7af42e48b7d293-x86-64.cache-2
7f1808b72000-7f1808b76000 r-xs 00042000 08:11 181747                     /home/epsilon/NetBeansProjects/EpsilonUtils/trunk/dist/EpsilonYUtil.jar
7f1808b76000-7f1808b7d000 r-xs 00000000 08:13 2803699                    /usr/lib/gconv/gconv-modules.cache
7f1808b7d000-7f1808b85000 rwxs 00000000 08:13 376961                     /tmp/hsperfdata_epsilon/5807
7f1808b85000-7f1808b86000 rwxp 7f1808b85000 00:00 0 
7f1808b86000-7f1808b87000 r-xp 7f1808b86000 00:00 0 
7f1808b87000-7f1808b8a000 rwxp 7f1808b87000 00:00 0 
7f1808b8a000-7f1808b8b000 r-xp 0001f000 08:13 213006                     /lib/ld-2.9.so
7f1808b8b000-7f1808b8c000 rwxp 00020000 08:13 213006                     /lib/ld-2.9.so
7fff10b76000-7fff10b8b000 rwxp 7ffffffea000 00:00 0                      [stack]
7fff10bfe000-7fff10bff000 r-xp 7fff10bfe000 00:00 0                      [vdso]
ffffffffff600000-ffffffffff601000 r-xp 00000000 00:00 0                  [vsyscall]

VM Arguments:
jvm_args: -Dawt.useSystemAAFontSettings=on 
java_command: net.epsilony.simpmeshfree.model.ModelTestFrame
Launcher Type: SUN_STANDARD

Environment Variables:
_JAVA_OPTIONS=-Dawt.useSystemAAFontSettings=on
PATH=/usr/local/sbin:/usr/local/bin:/usr/sbin:/usr/bin:/sbin:/bin:/usr/games
USERNAME=epsilon
LD_LIBRARY_PATH=/usr/lib/jvm/java-6-sun-1.6.0.13/jre/lib/amd64/server:/usr/lib/jvm/java-6-sun-1.6.0.13/jre/lib/amd64:/usr/lib/jvm/java-6-sun-1.6.0.13/jre/../lib/amd64
SHELL=/bin/bash
DISPLAY=:0.0

Signal Handlers:
SIGSEGV: [libjvm.so+0x5fcd20], sa_mask[0]=0x7ffbfeff, sa_flags=0x10000004
SIGBUS: [libjvm.so+0x5fcd20], sa_mask[0]=0x7ffbfeff, sa_flags=0x10000004
SIGFPE: [libjvm.so+0x4e0eb0], sa_mask[0]=0x7ffbfeff, sa_flags=0x10000004
SIGPIPE: [libjvm.so+0x4e0eb0], sa_mask[0]=0x7ffbfeff, sa_flags=0x10000004
SIGXFSZ: [libjvm.so+0x4e0eb0], sa_mask[0]=0x7ffbfeff, sa_flags=0x10000004
SIGILL: [libjvm.so+0x4e0eb0], sa_mask[0]=0x7ffbfeff, sa_flags=0x10000004
SIGUSR1: SIG_DFL, sa_mask[0]=0x00000000, sa_flags=0x00000000
SIGUSR2: [libjvm.so+0x4e35d0], sa_mask[0]=0x00000004, sa_flags=0x10000004
SIGHUP: [libjvm.so+0x4e3320], sa_mask[0]=0x7ffbfeff, sa_flags=0x10000004
SIGINT: SIG_IGN, sa_mask[0]=0x00000000, sa_flags=0x00000000
SIGTERM: [libjvm.so+0x4e3320], sa_mask[0]=0x7ffbfeff, sa_flags=0x10000004
SIGQUIT: [libjvm.so+0x4e3320], sa_mask[0]=0x7ffbfeff, sa_flags=0x10000004


---------------  S Y S T E M  ---------------

OS:5.0

uname:Linux 2.6.28-12-generic #43-Ubuntu SMP Fri May 1 19:31:32 UTC 2009 x86_64
libc:glibc 2.9 NPTL 2.9 
rlimit: STACK 8192k, CORE 0k, NPROC infinity, NOFILE 1024, AS infinity
load average:0.72 0.69 0.54

CPU:total 2 (2 cores per cpu, 1 threads per core) family 16 model 2 stepping 3, cmov, cx8, fxsr, mmx, sse, sse2, sse3, mmxext, 3dnow, 3dnowext, sse4a

Memory: 4k page, physical 5780180k(3352344k free), swap 3903752k(3865604k free)

vm_info: Java HotSpot(TM) 64-Bit Server VM (11.3-b02) for linux-amd64 JRE (1.6.0_13-b03), built on Mar  9 2009 11:08:22 by "java_re" with gcc 3.2.2 (SuSE Linux)

time: Mon May 18 10:34:08 2009
elapsed time: 0 seconds

