#
# An unexpected error has been detected by Java Runtime Environment:
#
#  SIGSEGV (0xb) at pc=0x00007f0460fdd11b, pid=14859, tid=139655085537616
#
# Java VM: Java HotSpot(TM) 64-Bit Server VM (11.3-b02 mixed mode linux-amd64)
# Problematic frame:
# C  [libc.so.6+0x8411b]  memcpy+0x15b
#
# If you would like to submit a bug report, please visit:
#   http://java.sun.com/webapps/bugreport/crash.jsp
#

---------------  T H R E A D  ---------------

Current thread (0x0000000041fed800):  JavaThread "AWT-EventQueue-0" [_thread_in_vm, id=14874, stack(0x00007f03fbb3b000,0x00007f03fbc3c000)]

siginfo:si_signo=SIGSEGV: si_errno=0, si_code=2 (SEGV_ACCERR), si_addr=0x00007f03f40d4000

Registers:
RAX=0x00007f04400ac548, RBX=0x00007f03fec112a0, RCX=0x00000000000002a4, RDX=0x0000000000006820
RSP=0x00007f03fbc3a238, RBP=0x00007f03fbc3a2c0, RSI=0x00007f03f40d4000, RDI=0x00007f04400b1848
R8 =0x0000000000000ffc, R9 =0x00007f0460e295b8, R10=0x00007f0460e2d028, R11=0x0000000000006820
R12=0x0000000000006820, R13=0x0000000000000000, R14=0x0000000041feed60, R15=0x00007f03fbc3a250
RIP=0x00007f0460fdd11b, EFL=0x0000000000010212, CSGSFS=0x0000000000000033, ERR=0x0000000000000004
  TRAPNO=0x000000000000000e

Top of Stack: (sp=0x00007f03fbc3a238)
0x00007f03fbc3a238:   00007f0460985600 0000000041fed9c0
0x00007f03fbc3a248:   00007f03f40ced00 0000000041fed800
0x00007f03fbc3a258:   0000000000000000 0000000041fed800
0x00007f03fbc3a268:   0000000000000000 0000000041fed800
0x00007f03fbc3a278:   00007f03fbc3a3b8 0000000041fed800
0x00007f03fbc3a288:   00007f0460fd3276 0000000041fed800
0x00007f03fbc3a298:   0000000041feed60 00007f03f40070e0
0x00007f03fbc3a2a8:   00007f03f401fbc0 00007f03fbc3a3b8
0x00007f03fbc3a2b8:   0000000041feed00 0000000041fed9c0
0x00007f03fbc3a2c8:   00007f03fb718486 00007f03f401fb10
0x00007f03fbc3a2d8:   0000000041feed08 0000000041feed10
0x00007f03fbc3a2e8:   0000000041feed18 0000000041feed20
0x00007f03fbc3a2f8:   0000000041feed28 0000000041feed30
0x00007f03fbc3a308:   0000000041fedc20 0101010101fed800
0x00007f03fbc3a318:   00007f03ff60f6c8 00007f03fbc3a398
0x00007f03fbc3a328:   0000000000000101 00007f03ff60f6c8
0x00007f03fbc3a338:   00007f03fbc3a3b8 0000000041fed800
0x00007f03fbc3a348:   00007f045c427852 0000000041fed800
0x00007f03fbc3a358:   00007f03fbc3a358 00007f03ff60f6c8
0x00007f03fbc3a368:   00007f03fbc3a3b8 00007f03ff610100
0x00007f03fbc3a378:   0000000000000000 00007f03ff60f6c8
0x00007f03fbc3a388:   0000000000000000 00007f03fbc3a3b8
0x00007f03fbc3a398:   00007f03fbc3a400 00007f045c41c322
0x00007f03fbc3a3a8:   0000000000000000 00007f045c424358
0x00007f03fbc3a3b8:   00007f043f5fc6e8 00007f03fbc3a3c0
0x00007f03fbc3a3c8:   00007f03ff60e1a5 00007f03fbc3a448
0x00007f03fbc3a3d8:   00007f03ff610100 0000000000000000
0x00007f03fbc3a3e8:   00007f03ff60e230 00007f03fbc3a3b8
0x00007f03fbc3a3f8:   00007f03fbc3a438 00007f03fbc3a490
0x00007f03fbc3a408:   00007f045c41c322 00007f04400a1b90
0x00007f03fbc3a418:   00007f04400a1f80 0000000000000002
0x00007f03fbc3a428:   00007f04400a1f48 00007f04400a0a90 

Instructions: (pc=0x00007f0460fdd11b)
0x00007f0460fdd10b:   0f 47 da 4c 89 d9 49 83 e3 f8 48 c1 e9 03 74 05
0x00007f0460fdd11b:   f3 48 a5 66 90 4c 29 da 48 f7 c2 f8 ff ff ff 75 

Stack: [0x00007f03fbb3b000,0x00007f03fbc3c000],  sp=0x00007f03fbc3a238,  free space=1020k
Native frames: (J=compiled Java code, j=interpreted, Vv=VM code, C=native code)
C  [libc.so.6+0x8411b]  memcpy+0x15b

Java frames: (J=compiled Java code, j=interpreted, Vv=VM code)
j  net.epsilony.simpmeshfree.model.geometry.TriangleJni.triangleFun()V+0
j  net.epsilony.simpmeshfree.model.geometry.TriangleJni.complie(Lnet/epsilony/simpmeshfree/model/geometry/GeometryModel;Ljava/lang/String;)V+141
j  net.epsilony.simpmeshfree.model.mechanics.MechanicsModel.generateNodesByTriangle(DDLjava/lang/String;ZZ)V+110
j  net.epsilony.simpmeshfree.model.ModelTestFrame.<init>()V+617
j  net.epsilony.simpmeshfree.model.ModelTestFrame$2.run()V+4
j  java.awt.event.InvocationEvent.dispatch()V+47
j  java.awt.EventQueue.dispatchEvent(Ljava/awt/AWTEvent;)V+26
j  java.awt.EventDispatchThread.pumpOneEventForFilters(I)Z+204
j  java.awt.EventDispatchThread.pumpEventsForFilter(ILjava/awt/Conditional;Ljava/awt/EventFilter;)V+30
j  java.awt.EventDispatchThread.pumpEventsForHierarchy(ILjava/awt/Conditional;Ljava/awt/Component;)V+11
j  java.awt.EventDispatchThread.pumpEvents(ILjava/awt/Conditional;)V+4
j  java.awt.EventDispatchThread.pumpEvents(Ljava/awt/Conditional;)V+3
j  java.awt.EventDispatchThread.run()V+9
v  ~StubRoutines::call_stub

---------------  P R O C E S S  ---------------

Java Threads: ( => current thread )
  0x00007f03f4000c00 JavaThread "Thread-3" [_thread_blocked, id=14877, stack(0x00007f03fb939000,0x00007f03fba3a000)]
  0x00007f03f4005000 JavaThread "Thread-2" [_thread_blocked, id=14876, stack(0x00007f03fba3a000,0x00007f03fbb3b000)]
  0x0000000041ca9000 JavaThread "DestroyJavaVM" [_thread_blocked, id=14860, stack(0x00007f04602b9000,0x00007f04603ba000)]
=>0x0000000041fed800 JavaThread "AWT-EventQueue-0" [_thread_in_vm, id=14874, stack(0x00007f03fbb3b000,0x00007f03fbc3c000)]
  0x0000000042215400 JavaThread "AWT-Shutdown" [_thread_blocked, id=14873, stack(0x00007f03fbd42000,0x00007f03fbe43000)]
  0x0000000042214c00 JavaThread "AWT-XAWT" daemon [_thread_in_native, id=14872, stack(0x00007f03fbe43000,0x00007f03fbf44000)]
  0x0000000041f05c00 JavaThread "Java2D Disposer" daemon [_thread_blocked, id=14871, stack(0x00007f03fc578000,0x00007f03fc679000)]
  0x0000000041d60800 JavaThread "Low Memory Detector" daemon [_thread_blocked, id=14869, stack(0x00007f03fdbab000,0x00007f03fdcac000)]
  0x0000000041d5e000 JavaThread "CompilerThread1" daemon [_thread_in_native, id=14868, stack(0x00007f03fdcac000,0x00007f03fddad000)]
  0x0000000041d5a000 JavaThread "CompilerThread0" daemon [_thread_blocked, id=14867, stack(0x00007f03fddad000,0x00007f03fdeae000)]
  0x0000000041d58000 JavaThread "Signal Dispatcher" daemon [_thread_blocked, id=14866, stack(0x00007f03fdeae000,0x00007f03fdfaf000)]
  0x0000000041d36800 JavaThread "Finalizer" daemon [_thread_blocked, id=14865, stack(0x00007f03fdfee000,0x00007f03fe0ef000)]
  0x0000000041d2f800 JavaThread "Reference Handler" daemon [_thread_blocked, id=14864, stack(0x00007f03fe0ef000,0x00007f03fe1f0000)]

Other Threads:
  0x0000000041d2a000 VMThread [stack: 0x00007f03fe1f0000,0x00007f03fe2f1000] [id=14863]
  0x0000000041d62c00 WatcherThread [stack: 0x00007f03fdaaa000,0x00007f03fdbab000] [id=14870]

VM state:not at safepoint (normal execution)

VM Mutex/Monitor currently owned by a thread: None

Heap
 PSYoungGen      total 26368K, used 19940K [0x00007f043ed70000, 0x00007f0440ad0000, 0x00007f045c410000)
  eden space 22656K, 88% used [0x00007f043ed70000,0x00007f04400e9398,0x00007f0440390000)
  from space 3712K, 0% used [0x00007f0440730000,0x00007f0440730000,0x00007f0440ad0000)
  to   space 3712K, 0% used [0x00007f0440390000,0x00007f0440390000,0x00007f0440730000)
 PSOldGen        total 60288K, used 0K [0x00007f0404010000, 0x00007f0407af0000, 0x00007f043ed70000)
  object space 60288K, 0% used [0x00007f0404010000,0x00007f0404010000,0x00007f0407af0000)
 PSPermGen       total 21248K, used 10264K [0x00007f03fec10000, 0x00007f04000d0000, 0x00007f0404010000)
  object space 21248K, 48% used [0x00007f03fec10000,0x00007f03ff6163e0,0x00007f04000d0000)

Dynamic libraries:
40000000-40009000 r-xp 00000000 08:13 3163089                            /usr/lib/jvm/java-6-sun-1.6.0.13/jre/bin/java
40108000-4010a000 rwxp 00008000 08:13 3163089                            /usr/lib/jvm/java-6-sun-1.6.0.13/jre/bin/java
41ca1000-42e3c000 rwxp 41ca1000 00:00 0                                  [heap]
7f03f4000000-7f03f40d4000 rwxp 7f03f4000000 00:00 0 
7f03f40d4000-7f03f8000000 ---p 7f03f40d4000 00:00 0 
7f03fb1ef000-7f03fb205000 r-xp 00000000 08:13 213005                     /lib/libgcc_s.so.1
7f03fb205000-7f03fb405000 ---p 00016000 08:13 213005                     /lib/libgcc_s.so.1
7f03fb405000-7f03fb406000 r-xp 00016000 08:13 213005                     /lib/libgcc_s.so.1
7f03fb406000-7f03fb407000 rwxp 00017000 08:13 213005                     /lib/libgcc_s.so.1
7f03fb407000-7f03fb4f8000 r-xp 00000000 08:13 2802601                    /usr/lib/libstdc++.so.6.0.10
7f03fb4f8000-7f03fb6f8000 ---p 000f1000 08:13 2802601                    /usr/lib/libstdc++.so.6.0.10
7f03fb6f8000-7f03fb6ff000 r-xp 000f1000 08:13 2802601                    /usr/lib/libstdc++.so.6.0.10
7f03fb6ff000-7f03fb701000 rwxp 000f8000 08:13 2802601                    /usr/lib/libstdc++.so.6.0.10
7f03fb701000-7f03fb714000 rwxp 7f03fb701000 00:00 0 
7f03fb714000-7f03fb738000 r-xp 00000000 08:13 1942103                    /usr/lib/TriangleJniAmd64.so
7f03fb738000-7f03fb937000 ---p 00024000 08:13 1942103                    /usr/lib/TriangleJniAmd64.so
7f03fb937000-7f03fb938000 r-xp 00023000 08:13 1942103                    /usr/lib/TriangleJniAmd64.so
7f03fb938000-7f03fb939000 rwxp 00024000 08:13 1942103                    /usr/lib/TriangleJniAmd64.so
7f03fb939000-7f03fb93c000 ---p 7f03fb939000 00:00 0 
7f03fb93c000-7f03fba3a000 rwxp 7f03fb93c000 00:00 0 
7f03fba3a000-7f03fba3d000 ---p 7f03fba3a000 00:00 0 
7f03fba3d000-7f03fbb3b000 rwxp 7f03fba3d000 00:00 0 
7f03fbb3b000-7f03fbb3e000 ---p 7f03fbb3b000 00:00 0 
7f03fbb3e000-7f03fbc3c000 rwxp 7f03fbb3e000 00:00 0 
7f03fbc3c000-7f03fbc45000 r-xs 00000000 08:13 3197464                    /var/cache/fontconfig/945677eb7aeaf62f1d50efc3fb3ec7d8-x86-64.cache-2
7f03fbc45000-7f03fbc47000 r-xs 00000000 08:13 3197468                    /var/cache/fontconfig/99e8ed0e538f840c565b6ed5dad60d56-x86-64.cache-2
7f03fbc47000-7f03fbc4a000 r-xs 00000000 08:13 3197466                    /var/cache/fontconfig/e383d7ea5fbe662a33d9b44caf393297-x86-64.cache-2
7f03fbc4a000-7f03fbc4e000 r-xs 00000000 08:13 3197459                    /var/cache/fontconfig/6eb3985aa4124903f6ff08ba781cd364-x86-64.cache-2
7f03fbc4e000-7f03fbc52000 r-xs 00000000 08:13 3196573                    /var/cache/fontconfig/a755afe4a08bf5b97852ceb7400b47bc-x86-64.cache-2
7f03fbc52000-7f03fbc5b000 r-xs 00000000 08:13 3197440                    /var/cache/fontconfig/6d41288fd70b0be22e8c3a91e032eec0-x86-64.cache-2
7f03fbc5b000-7f03fbc66000 r-xs 00000000 08:13 3197435                    /var/cache/fontconfig/e3de0de479f42330eadf588a55fb5bf4-x86-64.cache-2
7f03fbc66000-7f03fbc75000 r-xs 00000000 08:13 3197434                    /var/cache/fontconfig/0f34bcd4b6ee430af32735b75db7f02b-x86-64.cache-2
7f03fbc75000-7f03fbc7e000 r-xs 00000000 08:13 3197417                    /var/cache/fontconfig/d52a8644073d54c13679302ca1180695-x86-64.cache-2
7f03fbd42000-7f03fbd45000 ---p 7f03fbd42000 00:00 0 
7f03fbd45000-7f03fbe43000 rwxp 7f03fbd45000 00:00 0 
7f03fbe43000-7f03fbe46000 ---p 7f03fbe43000 00:00 0 
7f03fbe46000-7f03fbf44000 rwxp 7f03fbe46000 00:00 0 
7f03fbf44000-7f03fbf49000 r-xp 00000000 08:13 2805390                    /usr/lib/libXfixes.so.3.1.0
7f03fbf49000-7f03fc148000 ---p 00005000 08:13 2805390                    /usr/lib/libXfixes.so.3.1.0
7f03fc148000-7f03fc149000 rwxp 00004000 08:13 2805390                    /usr/lib/libXfixes.so.3.1.0
7f03fc149000-7f03fc152000 r-xp 00000000 08:13 2805803                    /usr/lib/libXrender.so.1.3.0
7f03fc152000-7f03fc351000 ---p 00009000 08:13 2805803                    /usr/lib/libXrender.so.1.3.0
7f03fc351000-7f03fc352000 r-xp 00008000 08:13 2805803                    /usr/lib/libXrender.so.1.3.0
7f03fc352000-7f03fc353000 rwxp 00009000 08:13 2805803                    /usr/lib/libXrender.so.1.3.0
7f03fc353000-7f03fc35c000 r-xp 00000000 08:13 2805843                    /usr/lib/libXcursor.so.1.0.2
7f03fc35c000-7f03fc55c000 ---p 00009000 08:13 2805843                    /usr/lib/libXcursor.so.1.0.2
7f03fc55c000-7f03fc55d000 rwxp 00009000 08:13 2805843                    /usr/lib/libXcursor.so.1.0.2
7f03fc575000-7f03fc578000 r-xs 000cb000 08:13 3162696                    /usr/lib/jvm/java-6-sun-1.6.0.13/jre/lib/ext/localedata.jar
7f03fc578000-7f03fc57b000 ---p 7f03fc578000 00:00 0 
7f03fc57b000-7f03fc679000 rwxp 7f03fc57b000 00:00 0 
7f03fc679000-7f03fc6f7000 r-xp 00000000 08:13 3163204                    /usr/lib/jvm/java-6-sun-1.6.0.13/jre/lib/amd64/libfontmanager.so
7f03fc6f7000-7f03fc7f6000 ---p 0007e000 08:13 3163204                    /usr/lib/jvm/java-6-sun-1.6.0.13/jre/lib/amd64/libfontmanager.so
7f03fc7f6000-7f03fc80c000 rwxp 0007d000 08:13 3163204                    /usr/lib/jvm/java-6-sun-1.6.0.13/jre/lib/amd64/libfontmanager.so
7f03fc80c000-7f03fc81d000 rwxp 7f03fc80c000 00:00 0 
7f03fc81d000-7f03fc822000 r-xp 00000000 08:13 2805384                    /usr/lib/libXdmcp.so.6.0.0
7f03fc822000-7f03fca21000 ---p 00005000 08:13 2805384                    /usr/lib/libXdmcp.so.6.0.0
7f03fca21000-7f03fca22000 rwxp 00004000 08:13 2805384                    /usr/lib/libXdmcp.so.6.0.0
7f03fca22000-7f03fca3d000 r-xp 00000000 08:13 2805386                    /usr/lib/libxcb.so.1.1.0
7f03fca3d000-7f03fcc3c000 ---p 0001b000 08:13 2805386                    /usr/lib/libxcb.so.1.1.0
7f03fcc3c000-7f03fcc3d000 r-xp 0001a000 08:13 2805386                    /usr/lib/libxcb.so.1.1.0
7f03fcc3d000-7f03fcc3e000 rwxp 0001b000 08:13 2805386                    /usr/lib/libxcb.so.1.1.0
7f03fcc3e000-7f03fcc40000 r-xp 00000000 08:13 2805382                    /usr/lib/libXau.so.6.0.0
7f03fcc40000-7f03fce3f000 ---p 00002000 08:13 2805382                    /usr/lib/libXau.so.6.0.0
7f03fce3f000-7f03fce40000 r-xp 00001000 08:13 2805382                    /usr/lib/libXau.so.6.0.0
7f03fce40000-7f03fce41000 rwxp 00002000 08:13 2805382                    /usr/lib/libXau.so.6.0.0
7f03fce41000-7f03fce4a000 r-xp 00000000 08:13 2805586                    /usr/lib/libXi.so.6.0.0
7f03fce4a000-7f03fd04a000 ---p 00009000 08:13 2805586                    /usr/lib/libXi.so.6.0.0
7f03fd04a000-7f03fd04b000 r-xp 00009000 08:13 2805586                    /usr/lib/libXi.so.6.0.0
7f03fd04b000-7f03fd04c000 rwxp 0000a000 08:13 2805586                    /usr/lib/libXi.so.6.0.0
7f03fd04c000-7f03fd051000 r-xp 00000000 08:13 2806834                    /usr/lib/libXtst.so.6.1.0
7f03fd051000-7f03fd251000 ---p 00005000 08:13 2806834                    /usr/lib/libXtst.so.6.1.0
7f03fd251000-7f03fd252000 r-xp 00005000 08:13 2806834                    /usr/lib/libXtst.so.6.1.0
7f03fd252000-7f03fd253000 rwxp 00006000 08:13 2806834                    /usr/lib/libXtst.so.6.1.0
7f03fd253000-7f03fd355000 r-xp 00000000 08:13 2805388                    /usr/lib/libX11.so.6.2.0
7f03fd355000-7f03fd555000 ---p 00102000 08:13 2805388                    /usr/lib/libX11.so.6.2.0
7f03fd555000-7f03fd556000 r-xp 00102000 08:13 2805388                    /usr/lib/libX11.so.6.2.0
7f03fd556000-7f03fd55a000 rwxp 00103000 08:13 2805388                    /usr/lib/libX11.so.6.2.0
7f03fd55a000-7f03fd56b000 r-xp 00000000 08:13 2805394                    /usr/lib/libXext.so.6.4.0
7f03fd56b000-7f03fd76a000 ---p 00011000 08:13 2805394                    /usr/lib/libXext.so.6.4.0
7f03fd76a000-7f03fd76b000 r-xp 00010000 08:13 2805394                    /usr/lib/libXext.so.6.4.0
7f03fd76b000-7f03fd76c000 rwxp 00011000 08:13 2805394                    /usr/lib/libXext.so.6.4.0
7f03fd76d000-7f03fd779000 r-xs 00000000 08:13 3197416                    /var/cache/fontconfig/089dead882dea3570ffc31a9898cfb69-x86-64.cache-2
7f03fd779000-7f03fd77d000 r-xs 00000000 08:13 3197398                    /var/cache/fontconfig/cabbd14511b9e8a55e92af97fb3a0461-x86-64.cache-2
7f03fd77d000-7f03fd787000 r-xs 00000000 08:13 3195524                    /var/cache/fontconfig/e13b20fdb08344e0e664864cc2ede53d-x86-64.cache-2
7f03fd787000-7f03fd7c8000 r-xp 00000000 08:13 3163194                    /usr/lib/jvm/java-6-sun-1.6.0.13/jre/lib/amd64/xawt/libmawt.so
7f03fd7c8000-7f03fd8c7000 ---p 00041000 08:13 3163194                    /usr/lib/jvm/java-6-sun-1.6.0.13/jre/lib/amd64/xawt/libmawt.so
7f03fd8c7000-7f03fd8d3000 rwxp 00040000 08:13 3163194                    /usr/lib/jvm/java-6-sun-1.6.0.13/jre/lib/amd64/xawt/libmawt.so
7f03fd8d3000-7f03fd8d4000 rwxp 7f03fd8d3000 00:00 0 
7f03fd8d4000-7f03fd966000 r-xp 00000000 08:13 3163239                    /usr/lib/jvm/java-6-sun-1.6.0.13/jre/lib/amd64/libawt.so
7f03fd966000-7f03fda65000 ---p 00092000 08:13 3163239                    /usr/lib/jvm/java-6-sun-1.6.0.13/jre/lib/amd64/libawt.so
7f03fda65000-7f03fda7e000 rwxp 00091000 08:13 3163239                    /usr/lib/jvm/java-6-sun-1.6.0.13/jre/lib/amd64/libawt.so
7f03fda7e000-7f03fdaa3000 rwxp 7f03fda7e000 00:00 0 
7f03fdaa3000-7f03fdaaa000 r-xs 00059000 08:11 1172178                    /home/epsilon/文档/4_java/javaTools/apache-log4j-1.2.15/log4j-1.2.15.jar
7f03fdaaa000-7f03fdaab000 ---p 7f03fdaaa000 00:00 0 
7f03fdaab000-7f03fdbab000 rwxp 7f03fdaab000 00:00 0 
7f03fdbab000-7f03fdbae000 ---p 7f03fdbab000 00:00 0 
7f03fdbae000-7f03fdcac000 rwxp 7f03fdbae000 00:00 0 
7f03fdcac000-7f03fdcaf000 ---p 7f03fdcac000 00:00 0 
7f03fdcaf000-7f03fddad000 rwxp 7f03fdcaf000 00:00 0 
7f03fddad000-7f03fddb0000 ---p 7f03fddad000 00:00 0 
7f03fddb0000-7f03fdeae000 rwxp 7f03fddb0000 00:00 0 
7f03fdeae000-7f03fdeb1000 ---p 7f03fdeae000 00:00 0 
7f03fdeb1000-7f03fdfaf000 rwxp 7f03fdeb1000 00:00 0 
7f03fdfaf000-7f03fdfee000 r-xp 00000000 08:13 2827839                    /usr/lib/locale/zh_CN.utf8/LC_CTYPE
7f03fdfee000-7f03fdff1000 ---p 7f03fdfee000 00:00 0 
7f03fdff1000-7f03fe0ef000 rwxp 7f03fdff1000 00:00 0 
7f03fe0ef000-7f03fe0f2000 ---p 7f03fe0ef000 00:00 0 
7f03fe0f2000-7f03fe1f0000 rwxp 7f03fe0f2000 00:00 0 
7f03fe1f0000-7f03fe1f1000 ---p 7f03fe1f0000 00:00 0 
7f03fe1f1000-7f03fe366000 rwxp 7f03fe1f1000 00:00 0 
7f03fe366000-7f03fe4f8000 r-xs 02f34000 08:13 2942580                    /usr/lib/jvm/java-6-sun-1.6.0.13/jre/lib/rt.jar
7f03fe4f8000-7f03fe520000 rwxp 7f03fe4f8000 00:00 0 
7f03fe520000-7f03fe521000 ---p 7f03fe520000 00:00 0 
7f03fe521000-7f03fe621000 rwxp 7f03fe521000 00:00 0 
7f03fe621000-7f03fe622000 ---p 7f03fe621000 00:00 0 
7f03fe622000-7f03fe72d000 rwxp 7f03fe622000 00:00 0 
7f03fe72d000-7f03fe74c000 rwxp 7f03fe72d000 00:00 0 
7f03fe74c000-7f03fe76a000 rwxp 7f03fe74c000 00:00 0 
7f03fe76a000-7f03fe923000 rwxp 7f03fe76a000 00:00 0 
7f03fe923000-7f03fe92e000 rwxp 7f03fe923000 00:00 0 
7f03fe92e000-7f03fe94d000 rwxp 7f03fe92e000 00:00 0 
7f03fe94d000-7f03fe96b000 rwxp 7f03fe94d000 00:00 0 
7f03fe96b000-7f03feb23000 rwxp 7f03fe96b000 00:00 0 
7f03feb23000-7f03feb33000 rwxp 7f03feb23000 00:00 0 
7f03feb33000-7f03fec0f000 rwxp 7f03feb33000 00:00 0 
7f03fec0f000-7f04000d0000 rwxp 7f03fec0f000 00:00 0 
7f04000d0000-7f0404010000 rwxp 7f04000d0000 00:00 0 
7f0404010000-7f0407af0000 rwxp 7f0404010000 00:00 0 
7f0407af0000-7f043ed70000 rwxp 7f0407af0000 00:00 0 
7f043ed70000-7f0440ad0000 rwxp 7f043ed70000 00:00 0 
7f0440ad0000-7f045c410000 rwxp 7f0440ad0000 00:00 0 
7f045c411000-7f045c419000 r-xs 0004b000 08:11 162661                     /home/epsilon/文档/4_java/javaTools/commons-math-1.2/commons-math-1.2.jar
7f045c419000-7f045c689000 rwxp 7f045c419000 00:00 0 
7f045c689000-7f045f419000 rwxp 7f045c689000 00:00 0 
7f045f419000-7f045f427000 r-xp 00000000 08:13 3163206                    /usr/lib/jvm/java-6-sun-1.6.0.13/jre/lib/amd64/libzip.so
7f045f427000-7f045f529000 ---p 0000e000 08:13 3163206                    /usr/lib/jvm/java-6-sun-1.6.0.13/jre/lib/amd64/libzip.so
7f045f529000-7f045f52c000 rwxp 00010000 08:13 3163206                    /usr/lib/jvm/java-6-sun-1.6.0.13/jre/lib/amd64/libzip.so
7f045f52c000-7f045f52d000 rwxp 7f045f52c000 00:00 0 
7f045f52d000-7f045f556000 r-xp 00000000 08:13 3163219                    /usr/lib/jvm/java-6-sun-1.6.0.13/jre/lib/amd64/libjava.so
7f045f556000-7f045f655000 ---p 00029000 08:13 3163219                    /usr/lib/jvm/java-6-sun-1.6.0.13/jre/lib/amd64/libjava.so
7f045f655000-7f045f65c000 rwxp 00028000 08:13 3163219                    /usr/lib/jvm/java-6-sun-1.6.0.13/jre/lib/amd64/libjava.so
7f045f65c000-7f045f669000 r-xp 00000000 08:13 3163201                    /usr/lib/jvm/java-6-sun-1.6.0.13/jre/lib/amd64/libverify.so
7f045f669000-7f045f768000 ---p 0000d000 08:13 3163201                    /usr/lib/jvm/java-6-sun-1.6.0.13/jre/lib/amd64/libverify.so
7f045f768000-7f045f76b000 rwxp 0000c000 08:13 3163201                    /usr/lib/jvm/java-6-sun-1.6.0.13/jre/lib/amd64/libverify.so
7f045f76b000-7f045f777000 r-xp 00000000 08:13 213021                     /lib/libnss_files-2.9.so
7f045f777000-7f045f976000 ---p 0000c000 08:13 213021                     /lib/libnss_files-2.9.so
7f045f976000-7f045f977000 r-xp 0000b000 08:13 213021                     /lib/libnss_files-2.9.so
7f045f977000-7f045f978000 rwxp 0000c000 08:13 213021                     /lib/libnss_files-2.9.so
7f045f978000-7f045f982000 r-xp 00000000 08:13 213023                     /lib/libnss_nis-2.9.so
7f045f982000-7f045fb81000 ---p 0000a000 08:13 213023                     /lib/libnss_nis-2.9.so
7f045fb81000-7f045fb82000 r-xp 00009000 08:13 213023                     /lib/libnss_nis-2.9.so
7f045fb82000-7f045fb83000 rwxp 0000a000 08:13 213023                     /lib/libnss_nis-2.9.so
7f045fb83000-7f045fb8b000 r-xp 00000000 08:13 213019                     /lib/libnss_compat-2.9.so
7f045fb8b000-7f045fd8a000 ---p 00008000 08:13 213019                     /lib/libnss_compat-2.9.so
7f045fd8a000-7f045fd8b000 r-xp 00007000 08:13 213019                     /lib/libnss_compat-2.9.so
7f045fd8b000-7f045fd8c000 rwxp 00008000 08:13 213019                     /lib/libnss_compat-2.9.so
7f045fd8c000-7f045fda2000 r-xp 00000000 08:13 213018                     /lib/libnsl-2.9.so
7f045fda2000-7f045ffa2000 ---p 00016000 08:13 213018                     /lib/libnsl-2.9.so
7f045ffa2000-7f045ffa3000 r-xp 00016000 08:13 213018                     /lib/libnsl-2.9.so
7f045ffa3000-7f045ffa4000 rwxp 00017000 08:13 213018                     /lib/libnsl-2.9.so
7f045ffa4000-7f045ffa6000 rwxp 7f045ffa4000 00:00 0 
7f045ffa6000-7f045ffad000 r-xp 00000000 08:13 3163208                    /usr/lib/jvm/java-6-sun-1.6.0.13/jre/lib/amd64/native_threads/libhpi.so
7f045ffad000-7f04600ae000 ---p 00007000 08:13 3163208                    /usr/lib/jvm/java-6-sun-1.6.0.13/jre/lib/amd64/native_threads/libhpi.so
7f04600ae000-7f04600b0000 rwxp 00008000 08:13 3163208                    /usr/lib/jvm/java-6-sun-1.6.0.13/jre/lib/amd64/native_threads/libhpi.so
7f04600b0000-7f04600b1000 rwxp 7f04600b0000 00:00 0 
7f04600b1000-7f04600b8000 r-xp 00000000 08:13 213028                     /lib/librt-2.9.so
7f04600b8000-7f04602b7000 ---p 00007000 08:13 213028                     /lib/librt-2.9.so
7f04602b7000-7f04602b8000 r-xp 00006000 08:13 213028                     /lib/librt-2.9.so
7f04602b8000-7f04602b9000 rwxp 00007000 08:13 213028                     /lib/librt-2.9.so
7f04602b9000-7f04602bc000 ---p 7f04602b9000 00:00 0 
7f04602bc000-7f04603ba000 rwxp 7f04602bc000 00:00 0 
7f04603ba000-7f046043e000 r-xp 00000000 08:13 213016                     /lib/libm-2.9.so
7f046043e000-7f046063d000 ---p 00084000 08:13 213016                     /lib/libm-2.9.so
7f046063d000-7f046063e000 r-xp 00083000 08:13 213016                     /lib/libm-2.9.so
7f046063e000-7f046063f000 rwxp 00084000 08:13 213016                     /lib/libm-2.9.so
7f046063f000-7f0460ccc000 r-xp 00000000 08:13 3163226                    /usr/lib/jvm/java-6-sun-1.6.0.13/jre/lib/amd64/server/libjvm.so
7f0460ccc000-7f0460dcb000 ---p 0068d000 08:13 3163226                    /usr/lib/jvm/java-6-sun-1.6.0.13/jre/lib/amd64/server/libjvm.so
7f0460dcb000-7f0460f1c000 rwxp 0068c000 08:13 3163226                    /usr/lib/jvm/java-6-sun-1.6.0.13/jre/lib/amd64/server/libjvm.so
7f0460f1c000-7f0460f59000 rwxp 7f0460f1c000 00:00 0 
7f0460f59000-7f04610c1000 r-xp 00000000 08:13 213012                     /lib/libc-2.9.so
7f04610c1000-7f04612c1000 ---p 00168000 08:13 213012                     /lib/libc-2.9.so
7f04612c1000-7f04612c5000 r-xp 00168000 08:13 213012                     /lib/libc-2.9.so
7f04612c5000-7f04612c6000 rwxp 0016c000 08:13 213012                     /lib/libc-2.9.so
7f04612c6000-7f04612cb000 rwxp 7f04612c6000 00:00 0 
7f04612cb000-7f04612cd000 r-xp 00000000 08:13 213015                     /lib/libdl-2.9.so
7f04612cd000-7f04614cd000 ---p 00002000 08:13 213015                     /lib/libdl-2.9.so
7f04614cd000-7f04614ce000 r-xp 00002000 08:13 213015                     /lib/libdl-2.9.so
7f04614ce000-7f04614cf000 rwxp 00003000 08:13 213015                     /lib/libdl-2.9.so
7f04614cf000-7f04614e6000 r-xp 00000000 08:13 213026                     /lib/libpthread-2.9.so
7f04614e6000-7f04616e5000 ---p 00017000 08:13 213026                     /lib/libpthread-2.9.so
7f04616e5000-7f04616e6000 r-xp 00016000 08:13 213026                     /lib/libpthread-2.9.so
7f04616e6000-7f04616e7000 rwxp 00017000 08:13 213026                     /lib/libpthread-2.9.so
7f04616e7000-7f04616eb000 rwxp 7f04616e7000 00:00 0 
7f04616eb000-7f046170b000 r-xp 00000000 08:13 213006                     /lib/ld-2.9.so
7f046170b000-7f046170e000 r-xs 00000000 08:13 3197439                    /var/cache/fontconfig/de156ccd2eddbdc19d37a45b8b2aac9c-x86-64.cache-2
7f046170e000-7f0461711000 r-xs 00000000 08:13 3197433                    /var/cache/fontconfig/ddd4086aec35a5275babba44bb759c3c-x86-64.cache-2
7f0461711000-7f046171f000 r-xs 000ba000 08:11 422677                     /home/epsilon/文档/4_java/javaTools/mtj.jar
7f046171f000-7f0461729000 rwxp 7f046171f000 00:00 0 
7f0461729000-7f04617df000 rwxp 7f0461729000 00:00 0 
7f04617df000-7f04617e1000 rwxp 7f04617df000 00:00 0 
7f04617e1000-7f04617e8000 r-xp 00000000 08:13 3163192                    /usr/lib/jvm/java-6-sun-1.6.0.13/jre/lib/amd64/jli/libjli.so
7f04617e8000-7f04618e9000 ---p 00007000 08:13 3163192                    /usr/lib/jvm/java-6-sun-1.6.0.13/jre/lib/amd64/jli/libjli.so
7f04618e9000-7f04618eb000 rwxp 00008000 08:13 3163192                    /usr/lib/jvm/java-6-sun-1.6.0.13/jre/lib/amd64/jli/libjli.so
7f04618eb000-7f04618ec000 rwxp 7f04618eb000 00:00 0 
7f04618ed000-7f04618ee000 r-xs 00000000 08:13 3197445                    /var/cache/fontconfig/4c73fe0c47614734b17d736dbde7580a-x86-64.cache-2
7f04618ee000-7f04618ef000 r-xs 00000000 08:13 3197424                    /var/cache/fontconfig/4794a0821666d79190d59a36cb4f44b5-x86-64.cache-2
7f04618ef000-7f04618f2000 r-xs 00000000 08:13 3196574                    /var/cache/fontconfig/7ef2298fde41cc6eeb7af42e48b7d293-x86-64.cache-2
7f04618f2000-7f04618f6000 r-xs 00042000 08:11 181746                     /home/epsilon/NetBeansProjects/EpsilonUtils/trunk/dist/EpsilonYUtil.jar
7f04618f6000-7f04618fd000 r-xs 00000000 08:13 2803699                    /usr/lib/gconv/gconv-modules.cache
7f04618fd000-7f0461905000 rwxs 00000000 08:13 377144                     /tmp/hsperfdata_epsilon/14859
7f0461905000-7f0461906000 rwxp 7f0461905000 00:00 0 
7f0461906000-7f0461907000 r-xp 7f0461906000 00:00 0 
7f0461907000-7f046190a000 rwxp 7f0461907000 00:00 0 
7f046190a000-7f046190b000 r-xp 0001f000 08:13 213006                     /lib/ld-2.9.so
7f046190b000-7f046190c000 rwxp 00020000 08:13 213006                     /lib/ld-2.9.so
7fff698f7000-7fff6990c000 rwxp 7ffffffea000 00:00 0                      [stack]
7fff699ff000-7fff69a00000 r-xp 7fff699ff000 00:00 0                      [vdso]
ffffffffff600000-ffffffffff601000 r-xp 00000000 00:00 0                  [vsyscall]

VM Arguments:
jvm_args: -Dawt.useSystemAAFontSettings=on 
java_command: net.epsilony.simpmeshfree.model.ModelTestFrame
Launcher Type: SUN_STANDARD

Environment Variables:
_JAVA_OPTIONS=-Dawt.useSystemAAFontSettings=on
PATH=/usr/local/sbin:/usr/local/bin:/usr/sbin:/usr/bin:/sbin:/bin:/usr/games
USERNAME=epsilon
LD_LIBRARY_PATH=/usr/lib/jvm/java-6-sun-1.6.0.13/jre/lib/amd64/server:/usr/lib/jvm/java-6-sun-1.6.0.13/jre/lib/amd64:/usr/lib/jvm/java-6-sun-1.6.0.13/jre/../lib/amd64
SHELL=/bin/bash
DISPLAY=:0.0

Signal Handlers:
SIGSEGV: [libjvm.so+0x5fcd20], sa_mask[0]=0x7ffbfeff, sa_flags=0x10000004
SIGBUS: [libjvm.so+0x5fcd20], sa_mask[0]=0x7ffbfeff, sa_flags=0x10000004
SIGFPE: [libjvm.so+0x4e0eb0], sa_mask[0]=0x7ffbfeff, sa_flags=0x10000004
SIGPIPE: [libjvm.so+0x4e0eb0], sa_mask[0]=0x7ffbfeff, sa_flags=0x10000004
SIGXFSZ: [libjvm.so+0x4e0eb0], sa_mask[0]=0x7ffbfeff, sa_flags=0x10000004
SIGILL: [libjvm.so+0x4e0eb0], sa_mask[0]=0x7ffbfeff, sa_flags=0x10000004
SIGUSR1: SIG_DFL, sa_mask[0]=0x00000000, sa_flags=0x00000000
SIGUSR2: [libjvm.so+0x4e35d0], sa_mask[0]=0x00000004, sa_flags=0x10000004
SIGHUP: [libjvm.so+0x4e3320], sa_mask[0]=0x7ffbfeff, sa_flags=0x10000004
SIGINT: SIG_IGN, sa_mask[0]=0x00000000, sa_flags=0x00000000
SIGTERM: [libjvm.so+0x4e3320], sa_mask[0]=0x7ffbfeff, sa_flags=0x10000004
SIGQUIT: [libjvm.so+0x4e3320], sa_mask[0]=0x7ffbfeff, sa_flags=0x10000004


---------------  S Y S T E M  ---------------

OS:5.0

uname:Linux 2.6.28-12-generic #43-Ubuntu SMP Fri May 1 19:31:32 UTC 2009 x86_64
libc:glibc 2.9 NPTL 2.9 
rlimit: STACK 8192k, CORE 0k, NPROC infinity, NOFILE 1024, AS infinity
load average:0.70 0.79 0.56

CPU:total 2 (2 cores per cpu, 1 threads per core) family 16 model 2 stepping 3, cmov, cx8, fxsr, mmx, sse, sse2, sse3, mmxext, 3dnow, 3dnowext, sse4a

Memory: 4k page, physical 5780180k(2668336k free), swap 3903752k(3851980k free)

vm_info: Java HotSpot(TM) 64-Bit Server VM (11.3-b02) for linux-amd64 JRE (1.6.0_13-b03), built on Mar  9 2009 11:08:22 by "java_re" with gcc 3.2.2 (SuSE Linux)

time: Mon May 18 21:00:09 2009
elapsed time: 0 seconds

