#
# An unexpected error has been detected by Java Runtime Environment:
#
#  SIGSEGV (0xb) at pc=0x00007f87a9e5e11b, pid=29762, tid=140218949417296
#
# Java VM: Java HotSpot(TM) 64-Bit Server VM (11.3-b02 mixed mode linux-amd64)
# Problematic frame:
# C  [libc.so.6+0x8411b]  memcpy+0x15b
#
# If you would like to submit a bug report, please visit:
#   http://java.sun.com/webapps/bugreport/crash.jsp
#

---------------  T H R E A D  ---------------

Current thread (0x0000000041cb9c00):  JavaThread "AWT-EventQueue-0" [_thread_in_vm, id=29781, stack(0x00007f87449bb000,0x00007f8744abc000)]

siginfo:si_signo=SIGSEGV: si_errno=0, si_code=2 (SEGV_ACCERR), si_addr=0x00007f8740066000

Registers:
RAX=0x00007f878848cf10, RBX=0x00007f8747a912a0, RCX=0x0000000000000012, RDX=0x0000000000001d00
RSP=0x00007f8744aba1b8, RBP=0x00007f8744aba240, RSI=0x00007f8740066000, RDI=0x00007f878848eb80
R8 =0x0000000000000ffc, R9 =0x00007f87a9caa5b8, R10=0x00007f87a9cae028, R11=0x0000000000001d00
R12=0x0000000000001d00, R13=0x0000000000000000, R14=0x0000000041cbb168, R15=0x00007f8744aba1d0
RIP=0x00007f87a9e5e11b, EFL=0x0000000000010216, CSGSFS=0x0000000000000033, ERR=0x0000000000000004
  TRAPNO=0x000000000000000e

Top of Stack: (sp=0x00007f8744aba1b8)
0x00007f8744aba1b8:   00007f87a9806600 0000000041cb9dc0
0x00007f8744aba1c8:   00007f8740064390 0000000041cb9c00
0x00007f8744aba1d8:   0000000000000000 0000000041cb9c00
0x00007f8744aba1e8:   0000000000000000 0000000041cb9c00
0x00007f8744aba1f8:   00007f8744aba338 0000000041cb9c00
0x00007f8744aba208:   00007f87a9e54276 0000000041cb9c00
0x00007f8744aba218:   0000000041cbb168 00007f8740003470
0x00007f8744aba228:   00007f8740005320 00007f8744aba338
0x00007f8744aba238:   0000000041cbb110 0000000041cb9dc0
0x00007f8744aba248:   00007f8744598486 00007f8740005270
0x00007f8744aba258:   0000000041cbb118 0000000041cbb120
0x00007f8744aba268:   0000000041cbb128 0000000041cbb130
0x00007f8744aba278:   0000000041cb9fe8 0000000041cbb138
0x00007f8744aba288:   0000000041cba030 0101010100cb9c00
0x00007f8744aba298:   00007f8748487c00 00007f8744aba318
0x00007f8744aba2a8:   0000000000000101 00007f8748487c00
0x00007f8744aba2b8:   00007f8744aba338 0000000041cb9c00
0x00007f8744aba2c8:   00007f87a52a8852 0000000041cb9c00
0x00007f8744aba2d8:   00007f8744aba2d8 00007f8748487c00
0x00007f8744aba2e8:   00007f8744aba338 00007f8748488638
0x00007f8744aba2f8:   0000000000000000 00007f8748487c00
0x00007f8744aba308:   0000000000000000 00007f8744aba338
0x00007f8744aba318:   00007f8744aba380 00007f87a529d322
0x00007f8744aba328:   0000000000000000 00007f87a52a5358
0x00007f8744aba338:   00007f8788471c50 00007f8744aba340
0x00007f8744aba348:   00007f87484866dd 00007f8744aba3c8
0x00007f8744aba358:   00007f8748488638 0000000000000000
0x00007f8744aba368:   00007f8748486768 00007f8744aba338
0x00007f8744aba378:   00007f8744aba3b8 00007f8744aba410
0x00007f8744aba388:   00007f87a529d322 0000000000000000
0x00007f8744aba398:   00007f8788489b88 0000000000000000
0x00007f8744aba3a8:   00007f8788489b70 00007f87884897d8 

Instructions: (pc=0x00007f87a9e5e11b)
0x00007f87a9e5e10b:   0f 47 da 4c 89 d9 49 83 e3 f8 48 c1 e9 03 74 05
0x00007f87a9e5e11b:   f3 48 a5 66 90 4c 29 da 48 f7 c2 f8 ff ff ff 75 

Stack: [0x00007f87449bb000,0x00007f8744abc000],  sp=0x00007f8744aba1b8,  free space=1020k
Native frames: (J=compiled Java code, j=interpreted, Vv=VM code, C=native code)
C  [libc.so.6+0x8411b]  memcpy+0x15b

Java frames: (J=compiled Java code, j=interpreted, Vv=VM code)
j  net.epsilony.simpmeshfree.model.geometry.TriangleJni.triangleFun()V+0
j  net.epsilony.simpmeshfree.model.geometry.TriangleJni.complie(Lnet/epsilony/simpmeshfree/model/geometry/GeometryModel;Ljava/lang/String;)V+141
j  net.epsilony.simpmeshfree.model.mechanics.MechanicsModel.generateNodesByTriangle(DDLjava/lang/String;ZZ)V+110
j  net.epsilony.simpmeshfree.model.ModelTestFrame.<init>()V+559
j  net.epsilony.simpmeshfree.model.ModelTestFrame$1.run()V+4
j  java.awt.event.InvocationEvent.dispatch()V+47
j  java.awt.EventQueue.dispatchEvent(Ljava/awt/AWTEvent;)V+26
j  java.awt.EventDispatchThread.pumpOneEventForFilters(I)Z+204
j  java.awt.EventDispatchThread.pumpEventsForFilter(ILjava/awt/Conditional;Ljava/awt/EventFilter;)V+30
j  java.awt.EventDispatchThread.pumpEventsForHierarchy(ILjava/awt/Conditional;Ljava/awt/Component;)V+11
j  java.awt.EventDispatchThread.pumpEvents(ILjava/awt/Conditional;)V+4
j  java.awt.EventDispatchThread.pumpEvents(Ljava/awt/Conditional;)V+3
j  java.awt.EventDispatchThread.run()V+9
v  ~StubRoutines::call_stub

---------------  P R O C E S S  ---------------

Java Threads: ( => current thread )
  0x00007f8740002400 JavaThread "Thread-3" [_thread_blocked, id=29787, stack(0x00007f87447b9000,0x00007f87448ba000)]
  0x00007f8740000c00 JavaThread "Thread-2" [_thread_blocked, id=29786, stack(0x00007f87448ba000,0x00007f87449bb000)]
  0x0000000041960000 JavaThread "DestroyJavaVM" [_thread_blocked, id=29764, stack(0x00007f87a913a000,0x00007f87a923b000)]
=>0x0000000041cb9c00 JavaThread "AWT-EventQueue-0" [_thread_in_vm, id=29781, stack(0x00007f87449bb000,0x00007f8744abc000)]
  0x0000000041cb2800 JavaThread "AWT-Shutdown" [_thread_blocked, id=29780, stack(0x00007f8744bc2000,0x00007f8744cc3000)]
  0x0000000041d63800 JavaThread "AWT-XAWT" daemon [_thread_in_native, id=29778, stack(0x00007f8744cc3000,0x00007f8744dc4000)]
  0x0000000041bc2000 JavaThread "Java2D Disposer" daemon [_thread_blocked, id=29776, stack(0x00007f87453f8000,0x00007f87454f9000)]
  0x0000000041a17800 JavaThread "Low Memory Detector" daemon [_thread_blocked, id=29774, stack(0x00007f8746a2b000,0x00007f8746b2c000)]
  0x0000000041a15000 JavaThread "CompilerThread1" daemon [_thread_blocked, id=29773, stack(0x00007f8746b2c000,0x00007f8746c2d000)]
  0x0000000041a11000 JavaThread "CompilerThread0" daemon [_thread_in_native, id=29772, stack(0x00007f8746c2d000,0x00007f8746d2e000)]
  0x0000000041a0f000 JavaThread "Signal Dispatcher" daemon [_thread_blocked, id=29771, stack(0x00007f8746d2e000,0x00007f8746e2f000)]
  0x00000000419edc00 JavaThread "Finalizer" daemon [_thread_blocked, id=29769, stack(0x00007f8746e6e000,0x00007f8746f6f000)]
  0x00000000419e6800 JavaThread "Reference Handler" daemon [_thread_blocked, id=29768, stack(0x00007f8746f6f000,0x00007f8747070000)]

Other Threads:
  0x00000000419e1000 VMThread [stack: 0x00007f8747070000,0x00007f8747171000] [id=29767]
  0x0000000041a19c00 WatcherThread [stack: 0x00007f874692a000,0x00007f8746a2b000] [id=29775]

VM state:not at safepoint (normal execution)

VM Mutex/Monitor currently owned by a thread: None

Heap
 PSYoungGen      total 26368K, used 19351K [0x00007f8787bf0000, 0x00007f8789950000, 0x00007f87a5290000)
  eden space 22656K, 85% used [0x00007f8787bf0000,0x00007f8788ed5ee0,0x00007f8789210000)
  from space 3712K, 0% used [0x00007f87895b0000,0x00007f87895b0000,0x00007f8789950000)
  to   space 3712K, 0% used [0x00007f8789210000,0x00007f8789210000,0x00007f87895b0000)
 PSOldGen        total 60288K, used 0K [0x00007f874ce90000, 0x00007f8750970000, 0x00007f8787bf0000)
  object space 60288K, 0% used [0x00007f874ce90000,0x00007f874ce90000,0x00007f8750970000)
 PSPermGen       total 21248K, used 10217K [0x00007f8747a90000, 0x00007f8748f50000, 0x00007f874ce90000)
  object space 21248K, 48% used [0x00007f8747a90000,0x00007f874848a548,0x00007f8748f50000)

Dynamic libraries:
40000000-40009000 r-xp 00000000 08:13 3163089                            /usr/lib/jvm/java-6-sun-1.6.0.13/jre/bin/java
40108000-4010a000 rwxp 00008000 08:13 3163089                            /usr/lib/jvm/java-6-sun-1.6.0.13/jre/bin/java
41958000-41f51000 rwxp 41958000 00:00 0                                  [heap]
7f8740000000-7f8740066000 rwxp 7f8740000000 00:00 0 
7f8740066000-7f8744000000 ---p 7f8740066000 00:00 0 
7f874406f000-7f8744085000 r-xp 00000000 08:13 213005                     /lib/libgcc_s.so.1
7f8744085000-7f8744285000 ---p 00016000 08:13 213005                     /lib/libgcc_s.so.1
7f8744285000-7f8744286000 r-xp 00016000 08:13 213005                     /lib/libgcc_s.so.1
7f8744286000-7f8744287000 rwxp 00017000 08:13 213005                     /lib/libgcc_s.so.1
7f8744287000-7f8744378000 r-xp 00000000 08:13 2802601                    /usr/lib/libstdc++.so.6.0.10
7f8744378000-7f8744578000 ---p 000f1000 08:13 2802601                    /usr/lib/libstdc++.so.6.0.10
7f8744578000-7f874457f000 r-xp 000f1000 08:13 2802601                    /usr/lib/libstdc++.so.6.0.10
7f874457f000-7f8744581000 rwxp 000f8000 08:13 2802601                    /usr/lib/libstdc++.so.6.0.10
7f8744581000-7f8744594000 rwxp 7f8744581000 00:00 0 
7f8744594000-7f87445b8000 r-xp 00000000 08:13 1942103                    /usr/lib/TriangleJniAmd64.so
7f87445b8000-7f87447b7000 ---p 00024000 08:13 1942103                    /usr/lib/TriangleJniAmd64.so
7f87447b7000-7f87447b8000 r-xp 00023000 08:13 1942103                    /usr/lib/TriangleJniAmd64.so
7f87447b8000-7f87447b9000 rwxp 00024000 08:13 1942103                    /usr/lib/TriangleJniAmd64.so
7f87447b9000-7f87447bc000 ---p 7f87447b9000 00:00 0 
7f87447bc000-7f87448ba000 rwxp 7f87447bc000 00:00 0 
7f87448ba000-7f87448bd000 ---p 7f87448ba000 00:00 0 
7f87448bd000-7f87449bb000 rwxp 7f87448bd000 00:00 0 
7f87449bb000-7f87449be000 ---p 7f87449bb000 00:00 0 
7f87449be000-7f8744abc000 rwxp 7f87449be000 00:00 0 
7f8744abc000-7f8744ac5000 r-xs 00000000 08:13 3197464                    /var/cache/fontconfig/945677eb7aeaf62f1d50efc3fb3ec7d8-x86-64.cache-2
7f8744ac5000-7f8744ac7000 r-xs 00000000 08:13 3197468                    /var/cache/fontconfig/99e8ed0e538f840c565b6ed5dad60d56-x86-64.cache-2
7f8744ac7000-7f8744aca000 r-xs 00000000 08:13 3197466                    /var/cache/fontconfig/e383d7ea5fbe662a33d9b44caf393297-x86-64.cache-2
7f8744aca000-7f8744ace000 r-xs 00000000 08:13 3197459                    /var/cache/fontconfig/6eb3985aa4124903f6ff08ba781cd364-x86-64.cache-2
7f8744ace000-7f8744ad2000 r-xs 00000000 08:13 3196573                    /var/cache/fontconfig/a755afe4a08bf5b97852ceb7400b47bc-x86-64.cache-2
7f8744ad2000-7f8744adb000 r-xs 00000000 08:13 3197440                    /var/cache/fontconfig/6d41288fd70b0be22e8c3a91e032eec0-x86-64.cache-2
7f8744adb000-7f8744ae6000 r-xs 00000000 08:13 3197435                    /var/cache/fontconfig/e3de0de479f42330eadf588a55fb5bf4-x86-64.cache-2
7f8744ae6000-7f8744af5000 r-xs 00000000 08:13 3197434                    /var/cache/fontconfig/0f34bcd4b6ee430af32735b75db7f02b-x86-64.cache-2
7f8744af5000-7f8744afe000 r-xs 00000000 08:13 3197417                    /var/cache/fontconfig/d52a8644073d54c13679302ca1180695-x86-64.cache-2
7f8744bc2000-7f8744bc5000 ---p 7f8744bc2000 00:00 0 
7f8744bc5000-7f8744cc3000 rwxp 7f8744bc5000 00:00 0 
7f8744cc3000-7f8744cc6000 ---p 7f8744cc3000 00:00 0 
7f8744cc6000-7f8744dc4000 rwxp 7f8744cc6000 00:00 0 
7f8744dc4000-7f8744dc9000 r-xp 00000000 08:13 2805390                    /usr/lib/libXfixes.so.3.1.0
7f8744dc9000-7f8744fc8000 ---p 00005000 08:13 2805390                    /usr/lib/libXfixes.so.3.1.0
7f8744fc8000-7f8744fc9000 rwxp 00004000 08:13 2805390                    /usr/lib/libXfixes.so.3.1.0
7f8744fc9000-7f8744fd2000 r-xp 00000000 08:13 2805803                    /usr/lib/libXrender.so.1.3.0
7f8744fd2000-7f87451d1000 ---p 00009000 08:13 2805803                    /usr/lib/libXrender.so.1.3.0
7f87451d1000-7f87451d2000 r-xp 00008000 08:13 2805803                    /usr/lib/libXrender.so.1.3.0
7f87451d2000-7f87451d3000 rwxp 00009000 08:13 2805803                    /usr/lib/libXrender.so.1.3.0
7f87451d3000-7f87451dc000 r-xp 00000000 08:13 2805843                    /usr/lib/libXcursor.so.1.0.2
7f87451dc000-7f87453dc000 ---p 00009000 08:13 2805843                    /usr/lib/libXcursor.so.1.0.2
7f87453dc000-7f87453dd000 rwxp 00009000 08:13 2805843                    /usr/lib/libXcursor.so.1.0.2
7f87453f5000-7f87453f8000 r-xs 000cb000 08:13 3162696                    /usr/lib/jvm/java-6-sun-1.6.0.13/jre/lib/ext/localedata.jar
7f87453f8000-7f87453fb000 ---p 7f87453f8000 00:00 0 
7f87453fb000-7f87454f9000 rwxp 7f87453fb000 00:00 0 
7f87454f9000-7f8745577000 r-xp 00000000 08:13 3163204                    /usr/lib/jvm/java-6-sun-1.6.0.13/jre/lib/amd64/libfontmanager.so
7f8745577000-7f8745676000 ---p 0007e000 08:13 3163204                    /usr/lib/jvm/java-6-sun-1.6.0.13/jre/lib/amd64/libfontmanager.so
7f8745676000-7f874568c000 rwxp 0007d000 08:13 3163204                    /usr/lib/jvm/java-6-sun-1.6.0.13/jre/lib/amd64/libfontmanager.so
7f874568c000-7f874569d000 rwxp 7f874568c000 00:00 0 
7f874569d000-7f87456a2000 r-xp 00000000 08:13 2805384                    /usr/lib/libXdmcp.so.6.0.0
7f87456a2000-7f87458a1000 ---p 00005000 08:13 2805384                    /usr/lib/libXdmcp.so.6.0.0
7f87458a1000-7f87458a2000 rwxp 00004000 08:13 2805384                    /usr/lib/libXdmcp.so.6.0.0
7f87458a2000-7f87458bd000 r-xp 00000000 08:13 2805386                    /usr/lib/libxcb.so.1.1.0
7f87458bd000-7f8745abc000 ---p 0001b000 08:13 2805386                    /usr/lib/libxcb.so.1.1.0
7f8745abc000-7f8745abd000 r-xp 0001a000 08:13 2805386                    /usr/lib/libxcb.so.1.1.0
7f8745abd000-7f8745abe000 rwxp 0001b000 08:13 2805386                    /usr/lib/libxcb.so.1.1.0
7f8745abe000-7f8745ac0000 r-xp 00000000 08:13 2805382                    /usr/lib/libXau.so.6.0.0
7f8745ac0000-7f8745cbf000 ---p 00002000 08:13 2805382                    /usr/lib/libXau.so.6.0.0
7f8745cbf000-7f8745cc0000 r-xp 00001000 08:13 2805382                    /usr/lib/libXau.so.6.0.0
7f8745cc0000-7f8745cc1000 rwxp 00002000 08:13 2805382                    /usr/lib/libXau.so.6.0.0
7f8745cc1000-7f8745cca000 r-xp 00000000 08:13 2805586                    /usr/lib/libXi.so.6.0.0
7f8745cca000-7f8745eca000 ---p 00009000 08:13 2805586                    /usr/lib/libXi.so.6.0.0
7f8745eca000-7f8745ecb000 r-xp 00009000 08:13 2805586                    /usr/lib/libXi.so.6.0.0
7f8745ecb000-7f8745ecc000 rwxp 0000a000 08:13 2805586                    /usr/lib/libXi.so.6.0.0
7f8745ecc000-7f8745ed1000 r-xp 00000000 08:13 2806834                    /usr/lib/libXtst.so.6.1.0
7f8745ed1000-7f87460d1000 ---p 00005000 08:13 2806834                    /usr/lib/libXtst.so.6.1.0
7f87460d1000-7f87460d2000 r-xp 00005000 08:13 2806834                    /usr/lib/libXtst.so.6.1.0
7f87460d2000-7f87460d3000 rwxp 00006000 08:13 2806834                    /usr/lib/libXtst.so.6.1.0
7f87460d3000-7f87461d5000 r-xp 00000000 08:13 2805388                    /usr/lib/libX11.so.6.2.0
7f87461d5000-7f87463d5000 ---p 00102000 08:13 2805388                    /usr/lib/libX11.so.6.2.0
7f87463d5000-7f87463d6000 r-xp 00102000 08:13 2805388                    /usr/lib/libX11.so.6.2.0
7f87463d6000-7f87463da000 rwxp 00103000 08:13 2805388                    /usr/lib/libX11.so.6.2.0
7f87463da000-7f87463eb000 r-xp 00000000 08:13 2805394                    /usr/lib/libXext.so.6.4.0
7f87463eb000-7f87465ea000 ---p 00011000 08:13 2805394                    /usr/lib/libXext.so.6.4.0
7f87465ea000-7f87465eb000 r-xp 00010000 08:13 2805394                    /usr/lib/libXext.so.6.4.0
7f87465eb000-7f87465ec000 rwxp 00011000 08:13 2805394                    /usr/lib/libXext.so.6.4.0
7f87465ed000-7f87465f9000 r-xs 00000000 08:13 3197416                    /var/cache/fontconfig/089dead882dea3570ffc31a9898cfb69-x86-64.cache-2
7f87465f9000-7f87465fd000 r-xs 00000000 08:13 3197398                    /var/cache/fontconfig/cabbd14511b9e8a55e92af97fb3a0461-x86-64.cache-2
7f87465fd000-7f8746607000 r-xs 00000000 08:13 3195524                    /var/cache/fontconfig/e13b20fdb08344e0e664864cc2ede53d-x86-64.cache-2
7f8746607000-7f8746648000 r-xp 00000000 08:13 3163194                    /usr/lib/jvm/java-6-sun-1.6.0.13/jre/lib/amd64/xawt/libmawt.so
7f8746648000-7f8746747000 ---p 00041000 08:13 3163194                    /usr/lib/jvm/java-6-sun-1.6.0.13/jre/lib/amd64/xawt/libmawt.so
7f8746747000-7f8746753000 rwxp 00040000 08:13 3163194                    /usr/lib/jvm/java-6-sun-1.6.0.13/jre/lib/amd64/xawt/libmawt.so
7f8746753000-7f8746754000 rwxp 7f8746753000 00:00 0 
7f8746754000-7f87467e6000 r-xp 00000000 08:13 3163239                    /usr/lib/jvm/java-6-sun-1.6.0.13/jre/lib/amd64/libawt.so
7f87467e6000-7f87468e5000 ---p 00092000 08:13 3163239                    /usr/lib/jvm/java-6-sun-1.6.0.13/jre/lib/amd64/libawt.so
7f87468e5000-7f87468fe000 rwxp 00091000 08:13 3163239                    /usr/lib/jvm/java-6-sun-1.6.0.13/jre/lib/amd64/libawt.so
7f87468fe000-7f8746923000 rwxp 7f87468fe000 00:00 0 
7f8746923000-7f874692a000 r-xs 00059000 08:11 1172178                    /home/epsilon/文档/4_java/javaTools/apache-log4j-1.2.15/log4j-1.2.15.jar
7f874692a000-7f874692b000 ---p 7f874692a000 00:00 0 
7f874692b000-7f8746a2b000 rwxp 7f874692b000 00:00 0 
7f8746a2b000-7f8746a2e000 ---p 7f8746a2b000 00:00 0 
7f8746a2e000-7f8746b2c000 rwxp 7f8746a2e000 00:00 0 
7f8746b2c000-7f8746b2f000 ---p 7f8746b2c000 00:00 0 
7f8746b2f000-7f8746c2d000 rwxp 7f8746b2f000 00:00 0 
7f8746c2d000-7f8746c30000 ---p 7f8746c2d000 00:00 0 
7f8746c30000-7f8746d2e000 rwxp 7f8746c30000 00:00 0 
7f8746d2e000-7f8746d31000 ---p 7f8746d2e000 00:00 0 
7f8746d31000-7f8746e2f000 rwxp 7f8746d31000 00:00 0 
7f8746e2f000-7f8746e6e000 r-xp 00000000 08:13 2827839                    /usr/lib/locale/zh_CN.utf8/LC_CTYPE
7f8746e6e000-7f8746e71000 ---p 7f8746e6e000 00:00 0 
7f8746e71000-7f8746f6f000 rwxp 7f8746e71000 00:00 0 
7f8746f6f000-7f8746f72000 ---p 7f8746f6f000 00:00 0 
7f8746f72000-7f8747070000 rwxp 7f8746f72000 00:00 0 
7f8747070000-7f8747071000 ---p 7f8747070000 00:00 0 
7f8747071000-7f87471e6000 rwxp 7f8747071000 00:00 0 
7f87471e6000-7f8747378000 r-xs 02f34000 08:13 2942580                    /usr/lib/jvm/java-6-sun-1.6.0.13/jre/lib/rt.jar
7f8747378000-7f87473a0000 rwxp 7f8747378000 00:00 0 
7f87473a0000-7f87473a1000 ---p 7f87473a0000 00:00 0 
7f87473a1000-7f87474a1000 rwxp 7f87473a1000 00:00 0 
7f87474a1000-7f87474a2000 ---p 7f87474a1000 00:00 0 
7f87474a2000-7f87475ad000 rwxp 7f87474a2000 00:00 0 
7f87475ad000-7f87475cc000 rwxp 7f87475ad000 00:00 0 
7f87475cc000-7f87475ea000 rwxp 7f87475cc000 00:00 0 
7f87475ea000-7f87477a3000 rwxp 7f87475ea000 00:00 0 
7f87477a3000-7f87477ae000 rwxp 7f87477a3000 00:00 0 
7f87477ae000-7f87477cd000 rwxp 7f87477ae000 00:00 0 
7f87477cd000-7f87477eb000 rwxp 7f87477cd000 00:00 0 
7f87477eb000-7f87479a3000 rwxp 7f87477eb000 00:00 0 
7f87479a3000-7f87479b3000 rwxp 7f87479a3000 00:00 0 
7f87479b3000-7f8747a8f000 rwxp 7f87479b3000 00:00 0 
7f8747a8f000-7f8748f50000 rwxp 7f8747a8f000 00:00 0 
7f8748f50000-7f874ce90000 rwxp 7f8748f50000 00:00 0 
7f874ce90000-7f8750970000 rwxp 7f874ce90000 00:00 0 
7f8750970000-7f8787bf0000 rwxp 7f8750970000 00:00 0 
7f8787bf0000-7f8789950000 rwxp 7f8787bf0000 00:00 0 
7f8789950000-7f87a5290000 rwxp 7f8789950000 00:00 0 
7f87a5292000-7f87a529a000 r-xs 0004b000 08:11 162661                     /home/epsilon/文档/4_java/javaTools/commons-math-1.2/commons-math-1.2.jar
7f87a529a000-7f87a550a000 rwxp 7f87a529a000 00:00 0 
7f87a550a000-7f87a829a000 rwxp 7f87a550a000 00:00 0 
7f87a829a000-7f87a82a8000 r-xp 00000000 08:13 3163206                    /usr/lib/jvm/java-6-sun-1.6.0.13/jre/lib/amd64/libzip.so
7f87a82a8000-7f87a83aa000 ---p 0000e000 08:13 3163206                    /usr/lib/jvm/java-6-sun-1.6.0.13/jre/lib/amd64/libzip.so
7f87a83aa000-7f87a83ad000 rwxp 00010000 08:13 3163206                    /usr/lib/jvm/java-6-sun-1.6.0.13/jre/lib/amd64/libzip.so
7f87a83ad000-7f87a83ae000 rwxp 7f87a83ad000 00:00 0 
7f87a83ae000-7f87a83d7000 r-xp 00000000 08:13 3163219                    /usr/lib/jvm/java-6-sun-1.6.0.13/jre/lib/amd64/libjava.so
7f87a83d7000-7f87a84d6000 ---p 00029000 08:13 3163219                    /usr/lib/jvm/java-6-sun-1.6.0.13/jre/lib/amd64/libjava.so
7f87a84d6000-7f87a84dd000 rwxp 00028000 08:13 3163219                    /usr/lib/jvm/java-6-sun-1.6.0.13/jre/lib/amd64/libjava.so
7f87a84dd000-7f87a84ea000 r-xp 00000000 08:13 3163201                    /usr/lib/jvm/java-6-sun-1.6.0.13/jre/lib/amd64/libverify.so
7f87a84ea000-7f87a85e9000 ---p 0000d000 08:13 3163201                    /usr/lib/jvm/java-6-sun-1.6.0.13/jre/lib/amd64/libverify.so
7f87a85e9000-7f87a85ec000 rwxp 0000c000 08:13 3163201                    /usr/lib/jvm/java-6-sun-1.6.0.13/jre/lib/amd64/libverify.so
7f87a85ec000-7f87a85f8000 r-xp 00000000 08:13 213021                     /lib/libnss_files-2.9.so
7f87a85f8000-7f87a87f7000 ---p 0000c000 08:13 213021                     /lib/libnss_files-2.9.so
7f87a87f7000-7f87a87f8000 r-xp 0000b000 08:13 213021                     /lib/libnss_files-2.9.so
7f87a87f8000-7f87a87f9000 rwxp 0000c000 08:13 213021                     /lib/libnss_files-2.9.so
7f87a87f9000-7f87a8803000 r-xp 00000000 08:13 213023                     /lib/libnss_nis-2.9.so
7f87a8803000-7f87a8a02000 ---p 0000a000 08:13 213023                     /lib/libnss_nis-2.9.so
7f87a8a02000-7f87a8a03000 r-xp 00009000 08:13 213023                     /lib/libnss_nis-2.9.so
7f87a8a03000-7f87a8a04000 rwxp 0000a000 08:13 213023                     /lib/libnss_nis-2.9.so
7f87a8a04000-7f87a8a0c000 r-xp 00000000 08:13 213019                     /lib/libnss_compat-2.9.so
7f87a8a0c000-7f87a8c0b000 ---p 00008000 08:13 213019                     /lib/libnss_compat-2.9.so
7f87a8c0b000-7f87a8c0c000 r-xp 00007000 08:13 213019                     /lib/libnss_compat-2.9.so
7f87a8c0c000-7f87a8c0d000 rwxp 00008000 08:13 213019                     /lib/libnss_compat-2.9.so
7f87a8c0d000-7f87a8c23000 r-xp 00000000 08:13 213018                     /lib/libnsl-2.9.so
7f87a8c23000-7f87a8e23000 ---p 00016000 08:13 213018                     /lib/libnsl-2.9.so
7f87a8e23000-7f87a8e24000 r-xp 00016000 08:13 213018                     /lib/libnsl-2.9.so
7f87a8e24000-7f87a8e25000 rwxp 00017000 08:13 213018                     /lib/libnsl-2.9.so
7f87a8e25000-7f87a8e27000 rwxp 7f87a8e25000 00:00 0 
7f87a8e27000-7f87a8e2e000 r-xp 00000000 08:13 3163208                    /usr/lib/jvm/java-6-sun-1.6.0.13/jre/lib/amd64/native_threads/libhpi.so
7f87a8e2e000-7f87a8f2f000 ---p 00007000 08:13 3163208                    /usr/lib/jvm/java-6-sun-1.6.0.13/jre/lib/amd64/native_threads/libhpi.so
7f87a8f2f000-7f87a8f31000 rwxp 00008000 08:13 3163208                    /usr/lib/jvm/java-6-sun-1.6.0.13/jre/lib/amd64/native_threads/libhpi.so
7f87a8f31000-7f87a8f32000 rwxp 7f87a8f31000 00:00 0 
7f87a8f32000-7f87a8f39000 r-xp 00000000 08:13 213028                     /lib/librt-2.9.so
7f87a8f39000-7f87a9138000 ---p 00007000 08:13 213028                     /lib/librt-2.9.so
7f87a9138000-7f87a9139000 r-xp 00006000 08:13 213028                     /lib/librt-2.9.so
7f87a9139000-7f87a913a000 rwxp 00007000 08:13 213028                     /lib/librt-2.9.so
7f87a913a000-7f87a913d000 ---p 7f87a913a000 00:00 0 
7f87a913d000-7f87a923b000 rwxp 7f87a913d000 00:00 0 
7f87a923b000-7f87a92bf000 r-xp 00000000 08:13 213016                     /lib/libm-2.9.so
7f87a92bf000-7f87a94be000 ---p 00084000 08:13 213016                     /lib/libm-2.9.so
7f87a94be000-7f87a94bf000 r-xp 00083000 08:13 213016                     /lib/libm-2.9.so
7f87a94bf000-7f87a94c0000 rwxp 00084000 08:13 213016                     /lib/libm-2.9.so
7f87a94c0000-7f87a9b4d000 r-xp 00000000 08:13 3163226                    /usr/lib/jvm/java-6-sun-1.6.0.13/jre/lib/amd64/server/libjvm.so
7f87a9b4d000-7f87a9c4c000 ---p 0068d000 08:13 3163226                    /usr/lib/jvm/java-6-sun-1.6.0.13/jre/lib/amd64/server/libjvm.so
7f87a9c4c000-7f87a9d9d000 rwxp 0068c000 08:13 3163226                    /usr/lib/jvm/java-6-sun-1.6.0.13/jre/lib/amd64/server/libjvm.so
7f87a9d9d000-7f87a9dda000 rwxp 7f87a9d9d000 00:00 0 
7f87a9dda000-7f87a9f42000 r-xp 00000000 08:13 213012                     /lib/libc-2.9.so
7f87a9f42000-7f87aa142000 ---p 00168000 08:13 213012                     /lib/libc-2.9.so
7f87aa142000-7f87aa146000 r-xp 00168000 08:13 213012                     /lib/libc-2.9.so
7f87aa146000-7f87aa147000 rwxp 0016c000 08:13 213012                     /lib/libc-2.9.so
7f87aa147000-7f87aa14c000 rwxp 7f87aa147000 00:00 0 
7f87aa14c000-7f87aa14e000 r-xp 00000000 08:13 213015                     /lib/libdl-2.9.so
7f87aa14e000-7f87aa34e000 ---p 00002000 08:13 213015                     /lib/libdl-2.9.so
7f87aa34e000-7f87aa34f000 r-xp 00002000 08:13 213015                     /lib/libdl-2.9.so
7f87aa34f000-7f87aa350000 rwxp 00003000 08:13 213015                     /lib/libdl-2.9.so
7f87aa350000-7f87aa367000 r-xp 00000000 08:13 213026                     /lib/libpthread-2.9.so
7f87aa367000-7f87aa566000 ---p 00017000 08:13 213026                     /lib/libpthread-2.9.so
7f87aa566000-7f87aa567000 r-xp 00016000 08:13 213026                     /lib/libpthread-2.9.so
7f87aa567000-7f87aa568000 rwxp 00017000 08:13 213026                     /lib/libpthread-2.9.so
7f87aa568000-7f87aa56c000 rwxp 7f87aa568000 00:00 0 
7f87aa56c000-7f87aa58c000 r-xp 00000000 08:13 213006                     /lib/ld-2.9.so
7f87aa58c000-7f87aa58f000 r-xs 00000000 08:13 3197439                    /var/cache/fontconfig/de156ccd2eddbdc19d37a45b8b2aac9c-x86-64.cache-2
7f87aa58f000-7f87aa592000 r-xs 00000000 08:13 3197433                    /var/cache/fontconfig/ddd4086aec35a5275babba44bb759c3c-x86-64.cache-2
7f87aa592000-7f87aa5a0000 r-xs 000ba000 08:11 422677                     /home/epsilon/文档/4_java/javaTools/mtj.jar
7f87aa5a0000-7f87aa5aa000 rwxp 7f87aa5a0000 00:00 0 
7f87aa5aa000-7f87aa660000 rwxp 7f87aa5aa000 00:00 0 
7f87aa660000-7f87aa662000 rwxp 7f87aa660000 00:00 0 
7f87aa662000-7f87aa669000 r-xp 00000000 08:13 3163192                    /usr/lib/jvm/java-6-sun-1.6.0.13/jre/lib/amd64/jli/libjli.so
7f87aa669000-7f87aa76a000 ---p 00007000 08:13 3163192                    /usr/lib/jvm/java-6-sun-1.6.0.13/jre/lib/amd64/jli/libjli.so
7f87aa76a000-7f87aa76c000 rwxp 00008000 08:13 3163192                    /usr/lib/jvm/java-6-sun-1.6.0.13/jre/lib/amd64/jli/libjli.so
7f87aa76c000-7f87aa76d000 rwxp 7f87aa76c000 00:00 0 
7f87aa76e000-7f87aa76f000 r-xs 00000000 08:13 3197445                    /var/cache/fontconfig/4c73fe0c47614734b17d736dbde7580a-x86-64.cache-2
7f87aa76f000-7f87aa770000 r-xs 00000000 08:13 3197424                    /var/cache/fontconfig/4794a0821666d79190d59a36cb4f44b5-x86-64.cache-2
7f87aa770000-7f87aa773000 r-xs 00000000 08:13 3196574                    /var/cache/fontconfig/7ef2298fde41cc6eeb7af42e48b7d293-x86-64.cache-2
7f87aa773000-7f87aa777000 r-xs 00042000 08:11 181746                     /home/epsilon/NetBeansProjects/EpsilonUtils/trunk/dist/EpsilonYUtil.jar
7f87aa777000-7f87aa77e000 r-xs 00000000 08:13 2803699                    /usr/lib/gconv/gconv-modules.cache
7f87aa77e000-7f87aa786000 rwxs 00000000 08:13 377150                     /tmp/hsperfdata_epsilon/29762
7f87aa786000-7f87aa787000 rwxp 7f87aa786000 00:00 0 
7f87aa787000-7f87aa788000 r-xp 7f87aa787000 00:00 0 
7f87aa788000-7f87aa78b000 rwxp 7f87aa788000 00:00 0 
7f87aa78b000-7f87aa78c000 r-xp 0001f000 08:13 213006                     /lib/ld-2.9.so
7f87aa78c000-7f87aa78d000 rwxp 00020000 08:13 213006                     /lib/ld-2.9.so
7fffb2777000-7fffb278c000 rwxp 7ffffffea000 00:00 0                      [stack]
7fffb27fe000-7fffb27ff000 r-xp 7fffb27fe000 00:00 0                      [vdso]
ffffffffff600000-ffffffffff601000 r-xp 00000000 00:00 0                  [vsyscall]

VM Arguments:
jvm_args: -Dawt.useSystemAAFontSettings=on 
java_command: net.epsilony.simpmeshfree.model.ModelTestFrame
Launcher Type: SUN_STANDARD

Environment Variables:
_JAVA_OPTIONS=-Dawt.useSystemAAFontSettings=on
PATH=/usr/local/sbin:/usr/local/bin:/usr/sbin:/usr/bin:/sbin:/bin:/usr/games
USERNAME=epsilon
LD_LIBRARY_PATH=/usr/lib/jvm/java-6-sun-1.6.0.13/jre/lib/amd64/server:/usr/lib/jvm/java-6-sun-1.6.0.13/jre/lib/amd64:/usr/lib/jvm/java-6-sun-1.6.0.13/jre/../lib/amd64
SHELL=/bin/bash
DISPLAY=:0.0

Signal Handlers:
SIGSEGV: [libjvm.so+0x5fcd20], sa_mask[0]=0x7ffbfeff, sa_flags=0x10000004
SIGBUS: [libjvm.so+0x5fcd20], sa_mask[0]=0x7ffbfeff, sa_flags=0x10000004
SIGFPE: [libjvm.so+0x4e0eb0], sa_mask[0]=0x7ffbfeff, sa_flags=0x10000004
SIGPIPE: [libjvm.so+0x4e0eb0], sa_mask[0]=0x7ffbfeff, sa_flags=0x10000004
SIGXFSZ: [libjvm.so+0x4e0eb0], sa_mask[0]=0x7ffbfeff, sa_flags=0x10000004
SIGILL: [libjvm.so+0x4e0eb0], sa_mask[0]=0x7ffbfeff, sa_flags=0x10000004
SIGUSR1: SIG_DFL, sa_mask[0]=0x00000000, sa_flags=0x00000000
SIGUSR2: [libjvm.so+0x4e35d0], sa_mask[0]=0x00000004, sa_flags=0x10000004
SIGHUP: [libjvm.so+0x4e3320], sa_mask[0]=0x7ffbfeff, sa_flags=0x10000004
SIGINT: SIG_IGN, sa_mask[0]=0x00000000, sa_flags=0x00000000
SIGTERM: [libjvm.so+0x4e3320], sa_mask[0]=0x7ffbfeff, sa_flags=0x10000004
SIGQUIT: [libjvm.so+0x4e3320], sa_mask[0]=0x7ffbfeff, sa_flags=0x10000004


---------------  S Y S T E M  ---------------

OS:5.0

uname:Linux 2.6.28-12-generic #43-Ubuntu SMP Fri May 1 19:31:32 UTC 2009 x86_64
libc:glibc 2.9 NPTL 2.9 
rlimit: STACK 8192k, CORE 0k, NPROC infinity, NOFILE 1024, AS infinity
load average:0.54 0.49 0.79

CPU:total 2 (2 cores per cpu, 1 threads per core) family 16 model 2 stepping 3, cmov, cx8, fxsr, mmx, sse, sse2, sse3, mmxext, 3dnow, 3dnowext, sse4a

Memory: 4k page, physical 5780180k(2684948k free), swap 3903752k(3851972k free)

vm_info: Java HotSpot(TM) 64-Bit Server VM (11.3-b02) for linux-amd64 JRE (1.6.0_13-b03), built on Mar  9 2009 11:08:22 by "java_re" with gcc 3.2.2 (SuSE Linux)

time: Mon May 18 16:32:12 2009
elapsed time: 0 seconds

